2024-02-28T16:08:16+0100
Whoopsies! An unhandled exception has occurred.

== Geode Information ==
Loader Version: v2.0.0-beta.20
Loader Commit: 453fac9
Bindings Commit: 60e063e
Installed mods: 30
Problems: 16

== Exception Information ==
C++ Exception: class std::bad_alloc("bad allocation")
Faulty Mod: <Unknown>

== Stack Trace ==
 - C:\WINDOWS\System32\KERNELBASE.dll + 149392 (RaiseException + 98)
 - C:\WINDOWS\SYSTEM32\MSVCR120.dll + 19339 (CxxThrowException + 78)
 - C:\WINDOWS\SYSTEM32\MSVCR120.dll + 5da6a (fcloseall + 34608)
 - C:\Program Files (x86)\Steam\steamapps\common\Geometry Dash\libcocos2d.dll + 624c7 (CCContentManager::addDictDS + 471)
 - C:\Program Files (x86)\Steam\steamapps\common\Geometry Dash\libcocos2d.dll + 61f9d (DS_Dictionary::~DS_Dictionary + 445)
 - C:\Program Files (x86)\Steam\steamapps\common\Geometry Dash\libcocos2d.dll + 6257d (CCContentManager::addDictDS + 653)
 - C:\Program Files (x86)\Steam\steamapps\common\Geometry Dash\libcocos2d.dll + d15e9 (pugi::xml_document::save_file + 329)
 - C:\Program Files (x86)\Steam\steamapps\common\Geometry Dash\libcocos2d.dll + d163d (pugi::xml_document::save_string + 29)
 - C:\Program Files (x86)\Steam\steamapps\common\Geometry Dash\libcocos2d.dll + 771fd (DS_Dictionary::saveRootSubDictToString + 77)
 - C:\Program Files (x86)\Steam\steamapps\common\Geometry Dash\libcocos2d.dll + 76c04 (DS_Dictionary::saveRootSubDictToCompressedFile + 420)
 - C:\Program Files (x86)\Steam\steamapps\common\Geometry Dash\GeometryDash.exe + 47624
 - C:\Program Files (x86)\Steam\steamapps\common\Geometry Dash\GeometryDash.exe + 5b879
 - 00DD2956
 - 00DD2777
 - C:\Program Files (x86)\Steam\steamapps\common\Geometry Dash\Geode.dll + 49bab (geode::SettingValueSetter<bool>::operator= + 28347)
 - C:\Program Files (x86)\Steam\steamapps\common\Geometry Dash\GeometryDash.exe + 3c12d8
 - C:\Program Files (x86)\Steam\steamapps\common\Geometry Dash\Geode.dll + 16f4d4 (crashlog::setupPlatformHandlerPost + 3956)
 - C:\Program Files (x86)\Steam\steamapps\common\Geometry Dash\GeometryDash.exe + 3c267e
 - C:\WINDOWS\System32\KERNEL32.DLL + 17ba9 (BaseThreadInitThunk + 25)
 - C:\WINDOWS\SYSTEM32\ntdll.dll + 6bd2b (RtlInitializeExceptionChain + 107)
 - C:\WINDOWS\SYSTEM32\ntdll.dll + 6bcaf (RtlClearBits + 191)

== Register States ==
EAX: 010fe988
EBX: 00000000
ECX: 00000003
EDX: 00000000
EBP: 010fe9e0
ESP: 010fe988
EDI: 010fea30
ESI: 73d8c7fc
EIP: 752d9392

== Installed Mods ==
  | [v1.0.4] abb2k.backup
x | [v8.0.0-alpha.10] absolllute.megahack
x | [v1.0.5] bitz.customprofiles
x | [v1.1.4] capeling.icon_profile_2.2
x | [v1.0.1] cj_link.fakemoderator
x | [v1.0.1] coderqc.gdswearfilter
x | [v1.0.1] colon.gold_user_coins
x | [v4.0.0-alpha.13] cvolton.betterinfo
! | [v1.2.2] dankmeme.globed2
x | [v1.0.0] elnexreal.auto_priority
! | [v1.2.2] elnexreal.copy_song_id
x | [v1.4.3] elohmrow.death_tracker
x | [v2.4.0] fleym.nongd
x | [v1.2.14] gdutilsdevs.gdutils
  | [v1.4.0] geode.custom-keybinds
x | [v2.0.0-beta.20] geode.loader
x | [v1.3.0] geode.node-ids
x | [v1.5.0] geode.texture-loader
x | [v1.0.4] hjfod.gdshare
x | [v1.0.1] hjfod.gmd-api
x | [v1.0.1] hjfod.quick-volume-controls
x | [v0.1.4] lexi.visiblecheckpoints
x | [v1.0.2] mat.run-info
  | [v1.0.4-beta.12] muhammadgames.bettermenu
x | [v1.0.1] thesillydoggo.animatedprofiles
x | [v1.1.0] thesillydoggo.better_startpos_menu
x | [v1.0.0] thesillydoggo.entersearch
x | [v2.1.0] TheSillyDoggo.GradientPages
  | [v1.5.5] tpdea.betterpause-Better
x | [v1.4.8] zilko.xdbot
