2024-02-28T16:20:30+0100
Whoopsies! An unhandled exception has occurred.

== Geode Information ==
Loader Version: v2.0.0-beta.20
Loader Commit: 453fac9
Bindings Commit: 60e063e
Installed mods: 30
Problems: 16

== Exception Information ==
C++ Exception: class std::out_of_range("invalid unordered_map<K, T> key")
Faulty Mod: <Unknown>

== Stack Trace ==
 - C:\WINDOWS\System32\KERNELBASE.dll + 149392
 - C:\Program Files (x86)\Steam\steamapps\common\Geometry Dash\geode\unzipped\absolllute.megahack\absolllute.megahack.dll + 22bf71
 - C:\Program Files (x86)\Steam\steamapps\common\Geometry Dash\geode\unzipped\absolllute.megahack\absolllute.megahack.dll + 214a1a
 - C:\Program Files (x86)\Steam\steamapps\common\Geometry Dash\geode\unzipped\absolllute.megahack\absolllute.megahack.dll + 8ea4a
 - C:\Program Files (x86)\Steam\steamapps\common\Geometry Dash\geode\unzipped\absolllute.megahack\absolllute.megahack.dll + 92329
 - C:\Program Files (x86)\Steam\steamapps\common\Geometry Dash\geode\unzipped\absolllute.megahack\absolllute.megahack.dll + 8e797
 - C:\Program Files (x86)\Steam\steamapps\common\Geometry Dash\geode\unzipped\absolllute.megahack\absolllute.megahack.dll + a99fc
 - 15C31D2B
 - C:\Program Files (x86)\Steam\steamapps\common\Geometry Dash\geode\unzipped\zilko.xdbot\zilko.xdbot.dll + 155b4
 - C:\Program Files (x86)\Steam\steamapps\common\Geometry Dash\geode\unzipped\zilko.xdbot\zilko.xdbot.dll + 7f0b
 - 15C31D2B
 - C:\Program Files (x86)\Steam\steamapps\common\Geometry Dash\GeometryDash.exe + 2b89a8
 - C:\Program Files (x86)\Steam\steamapps\common\Geometry Dash\GeometryDash.exe + 2eaf9d
 - 15D51D76
 - 15D51B97
 - C:\Program Files (x86)\Steam\steamapps\common\Geometry Dash\geode\unzipped\absolllute.megahack\absolllute.megahack.dll + 10eb4c
 - C:\WINDOWS\System32\USER32.dll + 32e53
 - C:\WINDOWS\System32\USER32.dll + 23c26
 - C:\WINDOWS\System32\USER32.dll + 23597
 - C:\WINDOWS\SYSTEM32\OPENGL32.dll + 3be09
 - C:\WINDOWS\System32\USER32.dll + 32e53
 - C:\WINDOWS\System32\USER32.dll + 23c26
 - C:\WINDOWS\System32\USER32.dll + 236aa
 - C:\WINDOWS\System32\USER32.dll + 2d5bf
 - C:\WINDOWS\SYSTEM32\ntdll.dll + 78ced
 - C:\Program Files (x86)\Steam\steamapps\common\Geometry Dash\libcocos2d.dll + 118306
 - C:\Program Files (x86)\Steam\steamapps\common\Geometry Dash\geode\unzipped\absolllute.megahack\absolllute.megahack.dll + 10eb4c
 - C:\WINDOWS\System32\USER32.dll + 32e53
 - C:\WINDOWS\System32\USER32.dll + 23c26
 - C:\WINDOWS\System32\USER32.dll + 23597
 - C:\WINDOWS\SYSTEM32\OPENGL32.dll + 3be09
 - C:\WINDOWS\System32\USER32.dll + 32e53
 - C:\WINDOWS\System32\USER32.dll + 23c26
 - C:\WINDOWS\System32\USER32.dll + 236aa
 - C:\WINDOWS\System32\USER32.dll + 2d5bf
 - C:\WINDOWS\SYSTEM32\ntdll.dll + 78ced
 - C:\WINDOWS\System32\USER32.dll + 32e53
 - C:\WINDOWS\System32\USER32.dll + 20698
 - C:\WINDOWS\System32\USER32.dll + 1f5fc
 - C:\WINDOWS\System32\USER32.dll + 1f45d
 - C:\WINDOWS\System32\USER32.dll + 32e53
 - C:\WINDOWS\System32\USER32.dll + 23c26
 - C:\WINDOWS\System32\USER32.dll + 236aa
 - C:\WINDOWS\System32\USER32.dll + 2d5bf
 - C:\WINDOWS\SYSTEM32\ntdll.dll + 78ced
 - C:\WINDOWS\System32\USER32.dll + 28611
 - C:\WINDOWS\System32\USER32.dll + 59d8e
 - C:\WINDOWS\System32\USER32.dll + 7ac60
 - C:\WINDOWS\System32\USER32.dll + 799f6
 - C:\WINDOWS\System32\USER32.dll + 7a4f7
 - C:\WINDOWS\System32\USER32.dll + 7a32e
 - C:\WINDOWS\System32\USER32.dll + 7a045
 - C:\Program Files (x86)\Steam\steamapps\common\Geometry Dash\Geode.dll + 16df9d
 - C:\WINDOWS\System32\KERNELBASE.dll + 212240
 - C:\WINDOWS\SYSTEM32\ntdll.dll + 6bdbd
 - C:\WINDOWS\SYSTEM32\ntdll.dll + 6bcaf

== Register States ==
EAX: 00efd2a8
EBX: 19930520
ECX: 00000003
EDX: 00000000
EBP: 00efd300
ESP: 00efd2a8
EDI: 67f8f68c
ESI: 00efd3ac
EIP: 752d9392

== Installed Mods ==
  | [v1.0.4] abb2k.backup
x | [v8.0.0-alpha.10] absolllute.megahack
x | [v1.0.5] bitz.customprofiles
x | [v1.1.4] capeling.icon_profile_2.2
x | [v1.0.1] cj_link.fakemoderator
x | [v1.0.1] coderqc.gdswearfilter
x | [v1.0.1] colon.gold_user_coins
x | [v4.0.0-alpha.13] cvolton.betterinfo
! | [v1.2.2] dankmeme.globed2
x | [v1.0.0] elnexreal.auto_priority
! | [v1.2.3] elnexreal.copy_song_id
x | [v1.4.3] elohmrow.death_tracker
x | [v2.4.0] fleym.nongd
x | [v1.2.14] gdutilsdevs.gdutils
  | [v1.4.0] geode.custom-keybinds
x | [v2.0.0-beta.20] geode.loader
x | [v1.3.0] geode.node-ids
x | [v1.5.0] geode.texture-loader
x | [v1.0.4] hjfod.gdshare
x | [v1.0.1] hjfod.gmd-api
x | [v1.0.1] hjfod.quick-volume-controls
x | [v0.1.4] lexi.visiblecheckpoints
x | [v1.0.2] mat.run-info
  | [v1.0.4-beta.12] muhammadgames.bettermenu
x | [v1.0.1] thesillydoggo.animatedprofiles
x | [v1.1.0] thesillydoggo.better_startpos_menu
x | [v1.0.0] thesillydoggo.entersearch
x | [v2.1.0] TheSillyDoggo.GradientPages
  | [v1.5.5] tpdea.betterpause-Better
x | [v1.4.8] zilko.xdbot
