2024-02-10T20:17:13+0100
Whoopsies! An unhandled exception has occurred.

== Geode Information ==
Loader Version: v2.0.0-beta.17
Loader Commit: 032f133
Bindings Commit: a48ac28
Installed mods: 19
Problems: 16

== Exception Information ==
C++ Exception: class std::out_of_range("invalid unordered_map<K, T> key")
Faulty Mod: <Unknown>

== Stack Trace ==
 - C:\WINDOWS\System32\KERNELBASE.dll + 149392 (RaiseException + 98)
 - C:\Program Files (x86)\Steam\steamapps\common\Geometry Dash\geode\unzipped\absolllute.megahack\absolllute.megahack.dll + 22bf71
 - C:\Program Files (x86)\Steam\steamapps\common\Geometry Dash\geode\unzipped\absolllute.megahack\absolllute.megahack.dll + 214a1a
 - C:\Program Files (x86)\Steam\steamapps\common\Geometry Dash\geode\unzipped\absolllute.megahack\absolllute.megahack.dll + 8ea4a
 - C:\Program Files (x86)\Steam\steamapps\common\Geometry Dash\geode\unzipped\absolllute.megahack\absolllute.megahack.dll + 92329
 - C:\Program Files (x86)\Steam\steamapps\common\Geometry Dash\geode\unzipped\absolllute.megahack\absolllute.megahack.dll + 92276
 - C:\Program Files (x86)\Steam\steamapps\common\Geometry Dash\geode\unzipped\absolllute.megahack\absolllute.megahack.dll + 8f1ba
 - 13C812B7
 - C:\Program Files (x86)\Steam\steamapps\common\Geometry Dash\libcocos2d.dll + 106e36 (cocos2d::CCScheduler::update + 134)
 - 00751CF6
 - 00751B17
 - C:\Program Files (x86)\Steam\steamapps\common\Geometry Dash\geode\unzipped\gdutilsdevs.gdutils\gdutilsdevs.gdutils.dll + 1e4e6
 - 00751B17
 - C:\Program Files (x86)\Steam\steamapps\common\Geometry Dash\geode\unzipped\gdutilsdevs.gdutils\gdutilsdevs.gdutils.dll + 1e506
 - 00751B17
 - 00751B17
 - 13470409
 - 1347022B
 - C:\Program Files (x86)\Steam\steamapps\common\Geometry Dash\GeometryDash.exe + 3c12d8
 - C:\Program Files (x86)\Steam\steamapps\common\Geometry Dash\Geode.dll + c7806 (geode::utils::web::AsyncWebRequest::userAgent + 12406)
 - C:\Program Files (x86)\Steam\steamapps\common\Geometry Dash\GeometryDash.exe + 3c267e
 - C:\WINDOWS\System32\KERNEL32.DLL + 17ba9 (BaseThreadInitThunk + 25)
 - C:\WINDOWS\SYSTEM32\ntdll.dll + 6bd2b (RtlInitializeExceptionChain + 107)
 - C:\WINDOWS\SYSTEM32\ntdll.dll + 6bcaf (RtlClearBits + 191)

== Register States ==
EAX: 0073f420
EBX: 19930520
ECX: 00000003
EDX: 00000000
EBP: 0073f478
ESP: 0073f420
EDI: 672cf68c
ESI: 0073f524
EIP: 76cb9392

== Installed Mods ==
x | [v1.0.4] abb2k.backup
x | [v8.0.0-alpha.10] absolllute.megahack
x | [v1.1.1] adyagd.godlikefaces
x | [v1.0.5] bitz.customprofiles
x | [v1.1.4] capeling.icon_profile_2.2
x | [v1.0.1] colon.gold_user_coins
x | [v4.0.0-alpha.13] cvolton.betterinfo
x | [v1.0.5] dankmeme.globed2
x | [v1.2.2] elnexreal.copy_song_id
x | [v1.4.3] elohmrow.death_tracker
x | [v1.2.14] gdutilsdevs.gdutils
x | [v1.4.0] geode.custom-keybinds
x | [v2.0.0-beta.17] geode.loader
x | [v1.3.0] geode.node-ids
x | [v1.0.4] hjfod.gdshare
x | [v1.0.1] hjfod.gmd-api
x | [v1.0.1] thesillydoggo.animatedprofiles
x | [v1.1.0] thesillydoggo.better_startpos_menu
x | [v2.1.0] TheSillyDoggo.GradientPages
