20:18:12 INFO  [Main] [Geode]: Running Geode v2.0.0-beta.17 in Geometry Dash v2.204
20:18:12 INFO  [Main] [Geode]: Setting up internal mod
20:18:12 INFO  [Main] [Geode]: Setting up loader
20:18:12 DEBUG [Main] [Geode]:   Loading launch arguments
20:18:12 DEBUG [Main] [Geode]:   Setting up crash handler
20:18:12 DEBUG [Main] [Geode]:   Loading hooks
20:18:12 DEBUG [Main] [Geode]:     Enabled cocos2d::CCFileUtils::fullPathForFilename hook at 0x741c0f40 for geode.loader
20:18:12 DEBUG [Main] [Geode]:     Enabled cocos2d::CCFileUtils::sharedFileUtils hook at 0x741c9770 for geode.loader
20:18:12 DEBUG [Main] [Geode]:     Enabled cocos2d::CCNode::getUserObject hook at 0x742131f0 for geode.loader
20:18:12 DEBUG [Main] [Geode]:     Enabled cocos2d::CCNode::setUserObject hook at 0x741615a0 for geode.loader
20:18:12 DEBUG [Main] [Geode]:     Enabled AchievementNotifier::willSwitchToScene hook at 0xc1c200 for geode.loader
20:18:12 DEBUG [Main] [Geode]:     Enabled AppDelegate::trySaveGame hook at 0xc5b790 for geode.loader
20:18:12 DEBUG [Main] [Geode]:     Enabled cocos2d::CCScheduler::update hook at 0x74206db0 for geode.loader
20:18:12 DEBUG [Main] [Geode]:     Enabled CCTextInputNode::ccTouchBegan hook at 0xc304f0 for geode.loader
20:18:12 DEBUG [Main] [Geode]:     Enabled LoadingLayer::loadAssets hook at 0xe76bd0 for geode.loader
20:18:12 DEBUG [Main] [Geode]:     Enabled LoadingLayer::init hook at 0xe76370 for geode.loader
20:18:12 DEBUG [Main] [Geode]:     Enabled LoadingLayer::loadAssets hook at 0xe76bd0 for geode.loader
20:18:12 DEBUG [Main] [Geode]:     Enabled MenuLayer::init hook at 0xe7b450 for geode.loader
20:18:12 DEBUG [Main] [Geode]:   Setting up directories
20:18:12 INFO  [Main] [Geode]:   Refreshing mod graph
20:18:12 DEBUG [Main] [Geode]:     Queueing mods
20:18:12 DEBUG [Main] [Geode]:       Searching C:\Program Files (x86)\Steam\steamapps\common\Geometry Dash\geode\mods
20:18:12 DEBUG [Main] [Geode]:         Found abb2k.backup.geode
20:18:12 DEBUG [Main] [Geode]:           id: abb2k.backup
20:18:12 DEBUG [Main] [Geode]:           version: v1.0.4
20:18:12 DEBUG [Main] [Geode]:           early: no
20:18:12 DEBUG [Main] [Geode]:         Found absolllute.megahack.geode
20:18:12 DEBUG [Main] [Geode]:           id: absolllute.megahack
20:18:12 DEBUG [Main] [Geode]:           version: v8.0.0-alpha.10
20:18:12 DEBUG [Main] [Geode]:           early: yes
20:18:12 DEBUG [Main] [Geode]:         Found adyagd.godlikefaces.geode
20:18:12 DEBUG [Main] [Geode]:           id: adyagd.godlikefaces
20:18:12 DEBUG [Main] [Geode]:           version: v1.1.1
20:18:12 DEBUG [Main] [Geode]:           early: no
20:18:12 DEBUG [Main] [Geode]:         Found alk.editorcollab.geode
20:18:12 ERROR [Main] [Geode]:           Failed to queue: "C:\Program Files (x86)\Steam\steamapps\common\Geometry Dash\geode\mods\alk.editorcollab.geode" - [mod.json] is missing target GD version
20:18:12 DEBUG [Main] [Geode]:         Found alk.fps-shower.geode
20:18:12 ERROR [Main] [Geode]:           Failed to queue: "C:\Program Files (x86)\Steam\steamapps\common\Geometry Dash\geode\mods\alk.fps-shower.geode" - [mod.json] is missing target GD version
20:18:12 DEBUG [Main] [Geode]:         Found bitz.customprofiles.geode
20:18:12 DEBUG [Main] [Geode]:           id: bitz.customprofiles
20:18:12 DEBUG [Main] [Geode]:           version: v1.0.5
20:18:12 DEBUG [Main] [Geode]:           early: no
20:18:12 DEBUG [Main] [Geode]:         Found camila314.acbypass.geode
20:18:12 ERROR [Main] [Geode]:           Failed to queue: "C:\Program Files (x86)\Steam\steamapps\common\Geometry Dash\geode\mods\camila314.acbypass.geode" - [mod.json] is missing target GD version
20:18:12 DEBUG [Main] [Geode]:         Found camila314.demonlist-button.geode
20:18:12 ERROR [Main] [Geode]:           Failed to queue: "C:\Program Files (x86)\Steam\steamapps\common\Geometry Dash\geode\mods\camila314.demonlist-button.geode" - [mod.json] is missing target GD version
20:18:12 DEBUG [Main] [Geode]:         Found camila314.noclip.geode
20:18:12 ERROR [Main] [Geode]:           Failed to queue: "C:\Program Files (x86)\Steam\steamapps\common\Geometry Dash\geode\mods\camila314.noclip.geode" - [mod.json] is missing target GD version
20:18:12 DEBUG [Main] [Geode]:         Found capeling.icon_profile_2.2.geode
20:18:12 DEBUG [Main] [Geode]:           id: capeling.icon_profile_2.2
20:18:12 DEBUG [Main] [Geode]:           version: v1.1.4
20:18:12 DEBUG [Main] [Geode]:           early: no
20:18:12 DEBUG [Main] [Geode]:         Found chs.confirmquit.geode
20:18:12 ERROR [Main] [Geode]:           Failed to queue: "C:\Program Files (x86)\Steam\steamapps\common\Geometry Dash\geode\mods\chs.confirmquit.geode" - [mod.json] is missing target GD version
20:18:12 DEBUG [Main] [Geode]:         Found colon.gold_user_coins.geode
20:18:12 DEBUG [Main] [Geode]:           id: colon.gold_user_coins
20:18:12 DEBUG [Main] [Geode]:           version: v1.0.1
20:18:12 DEBUG [Main] [Geode]:           early: no
20:18:12 DEBUG [Main] [Geode]:         Found cvolton.betterinfo.geode
20:18:12 DEBUG [Main] [Geode]:           id: cvolton.betterinfo
20:18:12 DEBUG [Main] [Geode]:           version: v4.0.0-alpha.13
20:18:12 DEBUG [Main] [Geode]:           early: no
20:18:12 DEBUG [Main] [Geode]:         Found cvolton.capacity_fix.geode
20:18:12 ERROR [Main] [Geode]:           Failed to queue: "C:\Program Files (x86)\Steam\steamapps\common\Geometry Dash\geode\mods\cvolton.capacity_fix.geode" - [mod.json] is missing target GD version
20:18:12 DEBUG [Main] [Geode]:         Found dankmeme.globed2.geode
20:18:12 DEBUG [Main] [Geode]:           id: dankmeme.globed2
20:18:12 DEBUG [Main] [Geode]:           version: v1.0.5
20:18:12 DEBUG [Main] [Geode]:           early: no
20:18:12 DEBUG [Main] [Geode]:         Found elnexreal.copy_song_id.geode
20:18:12 DEBUG [Main] [Geode]:           id: elnexreal.copy_song_id
20:18:12 DEBUG [Main] [Geode]:           version: v1.2.2
20:18:12 DEBUG [Main] [Geode]:           early: no
20:18:12 DEBUG [Main] [Geode]:         Found elohmrow.death_tracker.geode
20:18:12 DEBUG [Main] [Geode]:           id: elohmrow.death_tracker
20:18:12 DEBUG [Main] [Geode]:           version: v1.4.3
20:18:12 DEBUG [Main] [Geode]:           early: no
20:18:12 DEBUG [Main] [Geode]:         Found fleym.nongd.geode
20:18:12 ERROR [Main] [Geode]:           Failed to queue: "C:\Program Files (x86)\Steam\steamapps\common\Geometry Dash\geode\mods\fleym.nongd.geode" - [mod.json] is missing target GD version
20:18:12 DEBUG [Main] [Geode]:         Found gdutilsdevs.gdutils.geode
20:18:12 DEBUG [Main] [Geode]:           id: gdutilsdevs.gdutils
20:18:12 DEBUG [Main] [Geode]:           version: v1.2.14
20:18:12 DEBUG [Main] [Geode]:           early: no
20:18:12 DEBUG [Main] [Geode]:         Found geode.custom-keybinds.geode
20:18:12 DEBUG [Main] [Geode]:           id: geode.custom-keybinds
20:18:12 DEBUG [Main] [Geode]:           version: v1.4.0
20:18:12 DEBUG [Main] [Geode]:           early: no
20:18:12 DEBUG [Main] [Geode]:         Found geode.node-ids.geode
20:18:12 DEBUG [Main] [Geode]:           id: geode.node-ids
20:18:12 DEBUG [Main] [Geode]:           version: v1.3.0
20:18:12 DEBUG [Main] [Geode]:           early: no
20:18:12 DEBUG [Main] [Geode]:         Found hjfod.custom-keybinds.geode
20:18:12 ERROR [Main] [Geode]:           Failed to queue: "C:\Program Files (x86)\Steam\steamapps\common\Geometry Dash\geode\mods\hjfod.custom-keybinds.geode" - [mod.json] is missing target GD version
20:18:12 DEBUG [Main] [Geode]:         Found hjfod.gdshare.geode
20:18:12 DEBUG [Main] [Geode]:           id: hjfod.gdshare
20:18:12 DEBUG [Main] [Geode]:           version: v1.0.4
20:18:12 DEBUG [Main] [Geode]:           early: no
20:18:12 DEBUG [Main] [Geode]:         Found hjfod.gmd-api.geode
20:18:12 DEBUG [Main] [Geode]:           id: hjfod.gmd-api
20:18:12 DEBUG [Main] [Geode]:           version: v1.0.1
20:18:12 DEBUG [Main] [Geode]:           early: no
20:18:12 DEBUG [Main] [Geode]:         Found mat.fps-bypass.geode
20:18:12 ERROR [Main] [Geode]:           Failed to queue: "C:\Program Files (x86)\Steam\steamapps\common\Geometry Dash\geode\mods\mat.fps-bypass.geode" - [mod.json] is missing target GD version
20:18:12 DEBUG [Main] [Geode]:         Found mat.practice-music.geode
20:18:12 ERROR [Main] [Geode]:           Failed to queue: "C:\Program Files (x86)\Steam\steamapps\common\Geometry Dash\geode\mods\mat.practice-music.geode" - [mod.json] is missing target GD version
20:18:12 DEBUG [Main] [Geode]:         Found mat.run-info.geode
20:18:12 ERROR [Main] [Geode]:           Failed to queue: "C:\Program Files (x86)\Steam\steamapps\common\Geometry Dash\geode\mods\mat.run-info.geode" - [mod.json] is missing target GD version
20:18:12 DEBUG [Main] [Geode]:         Found mat.scroll-zoom.geode
20:18:12 ERROR [Main] [Geode]:           Failed to queue: "C:\Program Files (x86)\Steam\steamapps\common\Geometry Dash\geode\mods\mat.scroll-zoom.geode" - [mod.json] is missing target GD version
20:18:12 DEBUG [Main] [Geode]:         Found rlt.gd-platformer.geode
20:18:12 ERROR [Main] [Geode]:           Failed to queue: "C:\Program Files (x86)\Steam\steamapps\common\Geometry Dash\geode\mods\rlt.gd-platformer.geode" - [mod.json] is missing target GD version
20:18:12 DEBUG [Main] [Geode]:         Found ruslan.apm.geode
20:18:12 ERROR [Main] [Geode]:           Failed to queue: "C:\Program Files (x86)\Steam\steamapps\common\Geometry Dash\geode\mods\ruslan.apm.geode" - [mod.json] is missing target GD version
20:18:12 DEBUG [Main] [Geode]:         Found ruslan.nm.geode
20:18:12 ERROR [Main] [Geode]:           Failed to queue: "C:\Program Files (x86)\Steam\steamapps\common\Geometry Dash\geode\mods\ruslan.nm.geode" - [mod.json] is missing target GD version
20:18:12 DEBUG [Main] [Geode]:         Found thesillydoggo.animatedprofiles.geode
20:18:12 DEBUG [Main] [Geode]:           id: thesillydoggo.animatedprofiles
20:18:12 DEBUG [Main] [Geode]:           version: v1.0.1
20:18:12 DEBUG [Main] [Geode]:           early: no
20:18:12 DEBUG [Main] [Geode]:         Found thesillydoggo.better_startpos_menu.geode
20:18:12 DEBUG [Main] [Geode]:           id: thesillydoggo.better_startpos_menu
20:18:12 DEBUG [Main] [Geode]:           version: v1.1.0
20:18:12 DEBUG [Main] [Geode]:           early: no
20:18:12 DEBUG [Main] [Geode]:         Found TheSillyDoggo.GradientPages.geode
20:18:12 DEBUG [Main] [Geode]:           id: TheSillyDoggo.GradientPages
20:18:12 DEBUG [Main] [Geode]:           version: v2.1.0
20:18:12 DEBUG [Main] [Geode]:           early: no
20:18:12 DEBUG [Main] [Geode]:     Populating mod list
20:18:12 DEBUG [Main] [Geode]:       abb2k.backup v1.0.4
20:18:12 DEBUG [Main] [Geode]:       absolllute.megahack v8.0.0-alpha.10
20:18:12 DEBUG [Main] [Geode]:       adyagd.godlikefaces v1.1.1
20:18:12 DEBUG [Main] [Geode]:       bitz.customprofiles v1.0.5
20:18:12 DEBUG [Main] [Geode]:       capeling.icon_profile_2.2 v1.1.4
20:18:12 DEBUG [Main] [Geode]:       colon.gold_user_coins v1.0.1
20:18:12 DEBUG [Main] [Geode]:       cvolton.betterinfo v4.0.0-alpha.13
20:18:12 DEBUG [Main] [Geode]:       dankmeme.globed2 v1.0.5
20:18:13 DEBUG [Main] [Geode]:       elnexreal.copy_song_id v1.2.2
20:18:13 DEBUG [Main] [Geode]:       elohmrow.death_tracker v1.4.3
20:18:13 DEBUG [Main] [Geode]:       gdutilsdevs.gdutils v1.2.14
20:18:13 DEBUG [Main] [Geode]:       geode.custom-keybinds v1.4.0
20:18:13 DEBUG [Main] [Geode]:       geode.node-ids v1.3.0
20:18:13 DEBUG [Main] [Geode]:       hjfod.gdshare v1.0.4
20:18:13 DEBUG [Main] [Geode]:       hjfod.gmd-api v1.0.1
20:18:13 DEBUG [Main] [Geode]:       thesillydoggo.animatedprofiles v1.0.1
20:18:13 DEBUG [Main] [Geode]:       thesillydoggo.better_startpos_menu v1.1.0
20:18:13 DEBUG [Main] [Geode]:       TheSillyDoggo.GradientPages v2.1.0
20:18:13 DEBUG [Main] [Geode]:     Building mod graph
20:18:13 DEBUG [Main] [Geode]:       capeling.icon_profile_2.2
20:18:13 DEBUG [Main] [Geode]:         geode.loader
20:18:13 DEBUG [Main] [Geode]:       geode.loader
20:18:13 DEBUG [Main] [Geode]:       elohmrow.death_tracker
20:18:13 DEBUG [Main] [Geode]:         geode.loader
20:18:13 DEBUG [Main] [Geode]:       absolllute.megahack
20:18:13 DEBUG [Main] [Geode]:         geode.loader
20:18:13 DEBUG [Main] [Geode]:       abb2k.backup
20:18:13 DEBUG [Main] [Geode]:         geode.loader
20:18:13 DEBUG [Main] [Geode]:       adyagd.godlikefaces
20:18:13 DEBUG [Main] [Geode]:         geode.loader
20:18:13 DEBUG [Main] [Geode]:       bitz.customprofiles
20:18:13 DEBUG [Main] [Geode]:         geode.loader
20:18:13 DEBUG [Main] [Geode]:         geode.node-ids
20:18:13 DEBUG [Main] [Geode]:       colon.gold_user_coins
20:18:13 DEBUG [Main] [Geode]:         geode.loader
20:18:13 DEBUG [Main] [Geode]:       cvolton.betterinfo
20:18:13 DEBUG [Main] [Geode]:         geode.loader
20:18:13 DEBUG [Main] [Geode]:         geode.node-ids
20:18:13 DEBUG [Main] [Geode]:       dankmeme.globed2
20:18:13 DEBUG [Main] [Geode]:         geode.loader
20:18:13 DEBUG [Main] [Geode]:         geode.custom-keybinds
20:18:13 DEBUG [Main] [Geode]:       elnexreal.copy_song_id
20:18:13 DEBUG [Main] [Geode]:         geode.loader
20:18:13 DEBUG [Main] [Geode]:       gdutilsdevs.gdutils
20:18:13 DEBUG [Main] [Geode]:         geode.loader
20:18:13 DEBUG [Main] [Geode]:       thesillydoggo.better_startpos_menu
20:18:13 DEBUG [Main] [Geode]:         geode.loader
20:18:13 DEBUG [Main] [Geode]:       geode.custom-keybinds
20:18:13 DEBUG [Main] [Geode]:         geode.loader
20:18:13 DEBUG [Main] [Geode]:       geode.node-ids
20:18:13 DEBUG [Main] [Geode]:         geode.loader
20:18:13 DEBUG [Main] [Geode]:       hjfod.gdshare
20:18:13 DEBUG [Main] [Geode]:         geode.loader
20:18:13 DEBUG [Main] [Geode]:         hjfod.gmd-api
20:18:13 DEBUG [Main] [Geode]:         geode.node-ids
20:18:13 DEBUG [Main] [Geode]:       hjfod.gmd-api
20:18:13 DEBUG [Main] [Geode]:         geode.loader
20:18:13 DEBUG [Main] [Geode]:       thesillydoggo.animatedprofiles
20:18:13 DEBUG [Main] [Geode]:         geode.loader
20:18:13 DEBUG [Main] [Geode]:         geode.node-ids
20:18:13 DEBUG [Main] [Geode]:       TheSillyDoggo.GradientPages
20:18:13 DEBUG [Main] [Geode]:         geode.loader
20:18:13 DEBUG [Main] [Geode]:     Loading early mods
20:18:13 DEBUG [Main] [Geode]:       absolllute.megahack v8.0.0-alpha.10
20:18:13 DEBUG [Main] [Geode]:         Unzip
20:18:13 DEBUG [Main] [Geode]:         Same hash detected, skipping unzip
20:18:13 DEBUG [Main] [Geode]:         Load
20:18:13 DEBUG [Main] [Geode]:         Loading binary for mod absolllute.megahack
20:18:20 INFO  [Main] [Geode]:     Took 7.571s. Continuing next frame...
20:18:20 DEBUG [Main] [Geode]: Setting up IPC
20:18:20 DEBUG [Main] [Geode]:   IPC set up
20:18:20 INFO  [Main] [Geode]: Starting loader update check
20:18:20 INFO  [Main] [Geode]: Entry took 7.621s
20:18:24 INFO  [Main] [Geode]: Continuing mod graph refresh...
20:18:24 DEBUG [Main] [Geode]:   Loading mods
20:18:24 DEBUG [Main] [Geode]:     capeling.icon_profile_2.2 v1.1.4
20:18:24 ERROR [Main] [Geode]: Failed to fetch updates Empty response
20:18:24 DEBUG [Mod Unzip] [Geode]:  Unzip
20:18:24 DEBUG [Mod Unzip] [Geode]:  Same hash detected, skipping unzip
20:18:25 DEBUG [Main] [Geode]: Enabled GameManager::isIconUnlocked hook at 0xd21f90 for absolllute.megahack
20:18:25 DEBUG [Main] [Geode]: Enabled GameManager::isColorUnlocked hook at 0xd22490 for absolllute.megahack
20:18:25 DEBUG [Main] [Geode]: Enabled GameManager::setGameVariable hook at 0xd284e0 for absolllute.megahack
20:18:25 DEBUG [Main] [Geode]: Enabled GameManager::getGameVariable hook at 0xd28730 for absolllute.megahack
20:18:25 DEBUG [Main] [Geode]: Enabled MenuLayer::init hook at 0xe7b450 for absolllute.megahack
20:18:25 DEBUG [Main] [Geode]:       Load
20:18:25 DEBUG [Main] [Geode]:       Loading binary for mod capeling.icon_profile_2.2
20:18:25 DEBUG [Main] [Geode]:       Enabled MenuLayer::init hook at 0xe7b450 for capeling.icon_profile_2.2
20:18:25 INFO  [Main] [Geode]: Took 1.033s
20:18:25 INFO  [Main] [Geode]: Continuing mod graph refresh...
20:18:25 DEBUG [Main] [Geode]:   Loading mods
20:18:25 DEBUG [Main] [Geode]:     elohmrow.death_tracker v1.4.3
20:18:25 DEBUG [Mod Unzip] [Geode]:  Unzip
20:18:25 DEBUG [Mod Unzip] [Geode]:  Same hash detected, skipping unzip
20:18:26 DEBUG [Main] [Geode]:       Load
20:18:26 DEBUG [Main] [Geode]:       Loading binary for mod elohmrow.death_tracker
20:18:26 DEBUG [Main] [Geode]:       Enabled GJBaseGameLayer::setStartPosObject hook at 0xd99e90 for elohmrow.death_tracker
20:18:26 DEBUG [Main] [Geode]:       Enabled PlayLayer::checkpointActivated hook at 0xee76c0 for elohmrow.death_tracker
20:18:26 DEBUG [Main] [Geode]:       Enabled PlayLayer::onQuit hook at 0xeeb480 for elohmrow.death_tracker
20:18:26 DEBUG [Main] [Geode]:       Enabled PlayLayer::resetLevelFromStart hook at 0xeea090 for elohmrow.death_tracker
20:18:26 DEBUG [Main] [Geode]:       Enabled PlayerObject::playerDestroyed hook at 0xed1b30 for elohmrow.death_tracker
20:18:26 DEBUG [Main] [Geode]:       Enabled LevelInfoLayer::onLevelInfo hook at 0xe56a70 for elohmrow.death_tracker
20:18:26 DEBUG [Main] [Geode]:       Enabled EditLevelLayer::onLevelInfo hook at 0xc9db40 for elohmrow.death_tracker
20:18:26 DEBUG [Main] [Geode]:       Enabled LevelPage::onInfo hook at 0xe6c400 for elohmrow.death_tracker
20:18:26 DEBUG [Main] [Geode]:       Enabled cocos2d::CCLayerColor::initWithColor hook at 0x741a4c70 for elohmrow.death_tracker
20:18:26 DEBUG [Main] [Geode]:       Enabled FLAlertLayer::init hook at 0xc30f60 for elohmrow.death_tracker
20:18:26 DEBUG [Main] [Geode]:       Enabled FLAlertLayer::keyBackClicked hook at 0xc31a10 for elohmrow.death_tracker
20:18:26 DEBUG [Main] [Geode]:       Enabled FLAlertLayer::onBtn1 hook at 0xc31ab0 for elohmrow.death_tracker
20:18:26 DEBUG [Main] [Geode]:       Enabled FLAlertLayer::show hook at 0xc31cd0 for elohmrow.death_tracker
20:18:26 INFO  [Main] [Geode]: Took 0.032s
20:18:26 INFO  [Main] [Geode]: Continuing mod graph refresh...
20:18:26 DEBUG [Main] [Geode]:   Loading mods
20:18:26 DEBUG [Main] [Geode]:     abb2k.backup v1.0.4
20:18:26 DEBUG [Mod Unzip] [Geode]:  Unzip
20:18:26 DEBUG [Mod Unzip] [Geode]:  Same hash detected, skipping unzip
20:18:26 DEBUG [Main] [Geode]:       Load
20:18:26 DEBUG [Main] [Geode]:       Loading binary for mod abb2k.backup
20:18:26 DEBUG [Main] [Geode]:       Enabled MenuLayer::init hook at 0xe7b450 for abb2k.backup
20:18:26 DEBUG [Main] [Geode]:       Enabled OptionsLayer::customSetup hook at 0xeb02d0 for abb2k.backup
20:18:26 DEBUG [Main] [Geode]:       Enabled GameManager::doQuickSave hook at 0xd2de10 for abb2k.backup
20:18:26 INFO  [Main] [Geode]: Took 0.033s
20:18:26 INFO  [Main] [Geode]: Continuing mod graph refresh...
20:18:26 DEBUG [Main] [Geode]:   Loading mods
20:18:26 DEBUG [Main] [Geode]:     adyagd.godlikefaces v1.1.1
20:18:26 DEBUG [Mod Unzip] [Geode]:  Unzip
20:18:26 DEBUG [Mod Unzip] [Geode]:  Same hash detected, skipping unzip
20:18:26 DEBUG [Main] [Geode]:       Load
20:18:26 DEBUG [Main] [Geode]:       Loading binary for mod adyagd.godlikefaces
20:18:26 DEBUG [Main] [Geode]:       Enabled GJDifficultySprite::create hook at 0xe16be0 for adyagd.godlikefaces
20:18:26 DEBUG [Main] [Geode]:       Enabled GJDifficultySprite::updateDifficultyFrame hook at 0xe16e30 for adyagd.godlikefaces
20:18:26 DEBUG [Main] [Geode]:       Enabled GJDifficultySprite::updateFeatureState hook at 0xe16ff0 for adyagd.godlikefaces
20:18:26 DEBUG [Main] [Geode]:       Enabled RateStarsLayer::init hook at 0xef4920 for adyagd.godlikefaces
20:18:26 DEBUG [Main] [Geode]:       Enabled RateStarsLayer::onFeature hook at 0xef4f90 for adyagd.godlikefaces
20:18:26 DEBUG [Main] [Geode]:       Enabled RateStarsLayer::selectRating hook at 0xef5070 for adyagd.godlikefaces
20:18:26 INFO  [Main] [Geode]: Took 0.049s
20:18:26 INFO  [Main] [Geode]: Continuing mod graph refresh...
20:18:26 DEBUG [Main] [Geode]:   Loading mods
20:18:26 DEBUG [Main] [Geode]:     bitz.customprofiles v1.0.5 has unresolved dependencies
20:18:26 INFO  [Main] [Geode]: Took 0.016s
20:18:26 INFO  [Main] [Geode]: Continuing mod graph refresh...
20:18:26 DEBUG [Main] [Geode]:   Loading mods
20:18:26 DEBUG [Main] [Geode]:     colon.gold_user_coins v1.0.1
20:18:26 DEBUG [Mod Unzip] [Geode]:  Unzip
20:18:26 DEBUG [Mod Unzip] [Geode]:  Same hash detected, skipping unzip
20:18:26 DEBUG [Main] [Geode]:       Load
20:18:26 DEBUG [Main] [Geode]:       Loading binary for mod colon.gold_user_coins
20:18:26 DEBUG [Main] [Geode]:       Enabled MenuLayer::init hook at 0xe7b450 for colon.gold_user_coins
20:18:26 DEBUG [Main] [Geode]:       Enabled cocos2d::CCSprite::setColor hook at 0x741d78a0 for colon.gold_user_coins
20:18:26 INFO  [Main] [Geode]: Took 0.049s
20:18:26 INFO  [Main] [Geode]: Continuing mod graph refresh...
20:18:26 DEBUG [Main] [Geode]:   Loading mods
20:18:26 DEBUG [Main] [Geode]:     cvolton.betterinfo v4.0.0-alpha.13 has unresolved dependencies
20:18:26 INFO  [Main] [Geode]: Took 0.016s
20:18:26 INFO  [Main] [Geode]: Continuing mod graph refresh...
20:18:26 DEBUG [Main] [Geode]:   Loading mods
20:18:26 DEBUG [Main] [Geode]:     dankmeme.globed2 v1.0.5 has unresolved dependencies
20:18:26 INFO  [Main] [Geode]: Took 0.016s
20:18:26 INFO  [Main] [Geode]: Continuing mod graph refresh...
20:18:26 DEBUG [Main] [Geode]:   Loading mods
20:18:26 DEBUG [Main] [Geode]:     elnexreal.copy_song_id v1.2.2
20:18:26 DEBUG [Mod Unzip] [Geode]:  Unzip
20:18:26 DEBUG [Mod Unzip] [Geode]:  Same hash detected, skipping unzip
20:18:26 DEBUG [Main] [Geode]:       Load
20:18:26 DEBUG [Main] [Geode]:       Loading binary for mod elnexreal.copy_song_id
20:18:26 DEBUG [Main] [Geode]:       Enabled LevelInfoLayer::init hook at 0xe516a0 for elnexreal.copy_song_id
20:18:26 DEBUG [Main] [Geode]:       Enabled LevelInfoLayer::levelDownloadFinished hook at 0xe54f00 for elnexreal.copy_song_id
20:18:26 INFO  [Main] [Geode]: Took 0.033s
20:18:26 INFO  [Main] [Geode]: Continuing mod graph refresh...
20:18:26 DEBUG [Main] [Geode]:   Loading mods
20:18:26 DEBUG [Main] [Geode]:     gdutilsdevs.gdutils v1.2.14
20:18:26 DEBUG [Mod Unzip] [Geode]:  Unzip
20:18:26 DEBUG [Mod Unzip] [Geode]:  Same hash detected, skipping unzip
20:18:26 DEBUG [Main] [Geode]:       Load
20:18:26 DEBUG [Main] [Geode]:       Loading binary for mod gdutilsdevs.gdutils
20:18:26 DEBUG [Main] [Geode]:       Enabled cocos2d::CCScheduler::update hook at 0x74206db0 for gdutilsdevs.gdutils
20:18:26 DEBUG [Main] [Geode]:       Enabled cocos2d::CCScheduler::update hook at 0x74206db0 for gdutilsdevs.gdutils
20:18:26 DEBUG [Main] [Geode]:       Enabled PlayLayer::init hook at 0xedc4a0 for gdutilsdevs.gdutils
20:18:26 DEBUG [Main] [Geode]:       Enabled PlayLayer::onQuit hook at 0xeeb480 for gdutilsdevs.gdutils
20:18:26 DEBUG [Main] [Geode]:       Enabled EditorUI::onPause hook at 0xca6130 for gdutilsdevs.gdutils
20:18:26 DEBUG [Main] [Geode]:       Enabled EditorUI::onPlayback hook at 0xcc9d20 for gdutilsdevs.gdutils
20:18:26 DEBUG [Main] [Geode]:       Enabled EditorUI::onPlaytest hook at 0xcca090 for gdutilsdevs.gdutils
20:18:26 DEBUG [Main] [Geode]:       Enabled EditorUI::onStopPlaytest hook at 0xcca200 for gdutilsdevs.gdutils
20:18:26 DEBUG [Main] [Geode]:       Enabled FriendsProfilePage::init hook at 0xcf0a10 for gdutilsdevs.gdutils
20:18:26 DEBUG [Main] [Geode]:       Enabled LeaderboardsLayer::init hook at 0xe2dc60 for gdutilsdevs.gdutils
20:18:26 DEBUG [Main] [Geode]:       Enabled SecretLayer2::init hook at 0xf056d0 for gdutilsdevs.gdutils
20:18:26 DEBUG [Main] [Geode]:       Enabled SecretLayer2::onSubmit hook at 0xf071c0 for gdutilsdevs.gdutils
20:18:26 DEBUG [Main] [Geode]:       Enabled SecretLayer2::updateSearchLabel hook at 0xf084b0 for gdutilsdevs.gdutils
20:18:26 DEBUG [Main] [Geode]:       Enabled LevelInfoLayer::init hook at 0xe516a0 for gdutilsdevs.gdutils
20:18:26 DEBUG [Main] [Geode]:       Enabled InfoLayer::init hook at 0xe28810 for gdutilsdevs.gdutils
20:18:26 DEBUG [Main] [Geode]:       Enabled ProfilePage::loadPageFromUserInfo hook at 0xeedda0 for gdutilsdevs.gdutils
20:18:26 INFO  [Main] [GDUtils]:     GDUtils Mod Loaded
20:18:26 INFO  [Main] [GDUtils]:     Le protocole a été enregistré avec succès pour cet utilisateur.
20:18:26 INFO  [Main] [Geode]: Took 0.033s
20:18:26 INFO  [Main] [Geode]: Continuing mod graph refresh...
20:18:26 DEBUG [Main] [Geode]:   Loading mods
20:18:26 DEBUG [Main] [Geode]:     thesillydoggo.better_startpos_menu v1.1.0
20:18:26 INFO  [Thread #9184] [GDUtils]: Starting socket...
20:18:26 DEBUG [Mod Unzip] [Geode]:  Unzip
20:18:26 DEBUG [Mod Unzip] [Geode]:  Same hash detected, skipping unzip
20:18:26 DEBUG [Main] [Geode]:       Load
20:18:26 DEBUG [Main] [Geode]:       Loading binary for mod thesillydoggo.better_startpos_menu
20:18:26 DEBUG [Main] [Geode]:       Enabled LevelSettingsLayer::init hook at 0xe6ce20 for thesillydoggo.better_startpos_menu
20:18:26 INFO  [Main] [Geode]: Took 0.033s
20:18:26 INFO  [Main] [Geode]: Continuing mod graph refresh...
20:18:26 DEBUG [Main] [Geode]:   Loading mods
20:18:26 DEBUG [Main] [Geode]:     geode.custom-keybinds v1.4.0
20:18:26 DEBUG [Mod Unzip] [Geode]:  Unzip
20:18:26 DEBUG [Mod Unzip] [Geode]:  Same hash detected, skipping unzip
20:18:26 DEBUG [Main] [Geode]:       Load
20:18:26 DEBUG [Main] [Geode]:       Loading binary for mod geode.custom-keybinds
20:18:26 DEBUG [Main] [Geode]:       Enabled EditorPauseLayer::customSetup hook at 0xca0730 for geode.custom-keybinds
20:18:26 DEBUG [Main] [Geode]:       Enabled EditorPauseLayer::keyDown hook at 0xca3080 for geode.custom-keybinds
20:18:26 DEBUG [Main] [Geode]:       Enabled EditorUI::init hook at 0xca4260 for geode.custom-keybinds
20:18:26 DEBUG [Main] [Geode]:       Enabled EditorUI::keyDown hook at 0xcda300 for geode.custom-keybinds
20:18:26 DEBUG [Main] [Geode]:       Enabled EditorUI::keyUp hook at 0xcdb210 for geode.custom-keybinds
20:18:26 DEBUG [Main] [Geode]:       Enabled EditorUI::moveObjectCall hook at 0xcd4d40 for geode.custom-keybinds
20:18:26 DEBUG [Main] [Geode]:       Enabled EditorUI::transformObjectCall hook at 0xcd5380 for geode.custom-keybinds
20:18:26 DEBUG [Main] [Geode]:       Enabled PauseLayer::customSetup hook at 0xeb89f0 for geode.custom-keybinds
20:18:26 DEBUG [Main] [Geode]:       Enabled PauseLayer::keyDown hook at 0xeba310 for geode.custom-keybinds
20:18:26 DEBUG [Main] [Geode]:       Enabled UILayer::init hook at 0xfbec10 for geode.custom-keybinds
20:18:26 DEBUG [Main] [Geode]:       Enabled UILayer::keyDown hook at 0xfbf930 for geode.custom-keybinds
20:18:26 DEBUG [Main] [Geode]:       Enabled UILayer::keyUp hook at 0xfbf950 for geode.custom-keybinds
20:18:26 DEBUG [Main] [Geode]:       Enabled cocos2d::CCKeyboardDispatcher::dispatchKeyboardMSG hook at 0x7419be70 for geode.custom-keybinds
20:18:26 DEBUG [Main] [Geode]:       Enabled cocos2d::CCKeyboardDispatcher::updateModifierKeys hook at 0x7419ca70 for geode.custom-keybinds
20:18:26 DEBUG [Main] [Geode]:       Enabled MoreOptionsLayer::onKeybindings hook at 0xca21a0 for geode.custom-keybinds
20:18:26 INFO  [Main] [Geode]: Took 0.038s
20:18:26 INFO  [Main] [Geode]: Continuing mod graph refresh...
20:18:26 DEBUG [Main] [Geode]:   Loading mods
20:18:26 DEBUG [Main] [Geode]:     dankmeme.globed2 v1.0.5
20:18:26 DEBUG [Mod Unzip] [Geode]:  Unzip
20:18:26 DEBUG [Mod Unzip] [Geode]:  Same hash detected, skipping unzip
20:18:26 DEBUG [Main] [Geode]:       Load
20:18:26 DEBUG [Main] [Geode]:       Loading binary for mod dankmeme.globed2
20:18:26 DEBUG [Main] [Geode]:       Enabled PlayerObject::incrementJumps hook at 0xec77f0 for dankmeme.globed2
20:18:26 DEBUG [Main] [Geode]:       Enabled PlayerObject::playDeathEffect hook at 0xeba470 for dankmeme.globed2
20:18:26 DEBUG [Main] [Geode]:       Enabled PlayerObject::playSpiderDashEffect hook at 0xecf5b0 for dankmeme.globed2
20:18:26 DEBUG [Main] [Geode]:       Enabled PlayLayer::init hook at 0xedc4a0 for dankmeme.globed2
20:18:26 DEBUG [Main] [Geode]:       Enabled PlayLayer::onQuit hook at 0xeeb480 for dankmeme.globed2
20:18:26 DEBUG [Main] [Geode]:       Enabled AppDelegate::applicationDidEnterBackground hook at 0xc5b4f0 for dankmeme.globed2
20:18:26 DEBUG [Main] [Geode]:       Enabled AppDelegate::applicationWillEnterForeground hook at 0xc5b530 for dankmeme.globed2
20:18:26 DEBUG [Main] [Geode]:       Enabled GameManager::loadIcon hook at 0xd27440 for dankmeme.globed2
20:18:26 DEBUG [Main] [Geode]:       Enabled GameManager::returnToLastScene hook at 0xd2e110 for dankmeme.globed2
20:18:26 DEBUG [Main] [Geode]:       Enabled LoadingLayer::loadingFinished hook at 0xe76ae0 for dankmeme.globed2
20:18:26 DEBUG [Main] [Geode]:       Enabled MenuLayer::init hook at 0xe7b450 for dankmeme.globed2
20:18:26 DEBUG [Main] [Geode]:       Enabled PauseLayer::customSetup hook at 0xeb89f0 for dankmeme.globed2
20:18:26 INFO  [Main] [Geode]: Took 0.044s
20:18:26 INFO  [Main] [Geode]: Continuing mod graph refresh...
20:18:26 DEBUG [Main] [Geode]:   Loading mods
20:18:26 DEBUG [Main] [Geode]:     geode.node-ids v1.3.0
20:18:26 DEBUG [Mod Unzip] [Geode]:  Unzip
20:18:26 DEBUG [Mod Unzip] [Geode]:  Same hash detected, skipping unzip
20:18:26 DEBUG [Main] [Geode]:       Load
20:18:26 DEBUG [Main] [Geode]:       Loading binary for mod geode.node-ids
20:18:26 DEBUG [Main] [Geode]:       Enabled CommentCell::loadFromComment hook at 0xc84490 for geode.node-ids
20:18:26 DEBUG [Main] [Geode]:       Enabled CreatorLayer::init hook at 0xc6f550 for geode.node-ids
20:18:26 DEBUG [Main] [Geode]:       Enabled CustomizeObjectLayer::init hook at 0xc764a0 for geode.node-ids
20:18:26 DEBUG [Main] [Geode]:       Enabled CustomizeObjectLayer::toggleVisible hook at 0xc79780 for geode.node-ids
20:18:26 DEBUG [Main] [Geode]:       Enabled DailyLevelNode::init hook at 0xc996c0 for geode.node-ids
20:18:26 DEBUG [Main] [Geode]:       Enabled DailyLevelPage::init hook at 0xc976d0 for geode.node-ids
20:18:26 DEBUG [Main] [Geode]:       Enabled EditLevelLayer::init hook at 0xc9c8e0 for geode.node-ids
20:18:26 DEBUG [Main] [Geode]:       Enabled EditorPauseLayer::init hook at 0xca0020 for geode.node-ids
20:18:26 DEBUG [Main] [Geode]:       Enabled EditorUI::init hook at 0xca4260 for geode.node-ids
20:18:26 DEBUG [Main] [Geode]:       Enabled GJGarageLayer::init hook at 0xdef250 for geode.node-ids
20:18:26 DEBUG [Main] [Geode]:       Enabled GJGarageLayer::setupPage hook at 0xdf1d70 for geode.node-ids
20:18:26 DEBUG [Main] [Geode]:       Enabled GJScoreCell::loadFromScore hook at 0xc865b0 for geode.node-ids
20:18:26 DEBUG [Main] [Geode]:       Enabled GameToolbox::addBackButton hook at 0xc41910 for geode.node-ids
20:18:26 DEBUG [Main] [Geode]:       Enabled GameToolbox::addRThumbScrollButton hook at 0xc419c0 for geode.node-ids
20:18:26 DEBUG [Main] [Geode]:       Enabled InfoLayer::init hook at 0xe28810 for geode.node-ids
20:18:26 DEBUG [Main] [Geode]:       Enabled LeaderboardsLayer::init hook at 0xe2dc60 for geode.node-ids
20:18:26 DEBUG [Main] [Geode]:       Enabled LevelBrowserLayer::init hook at 0xe32e60 for geode.node-ids
20:18:26 DEBUG [Main] [Geode]:       Enabled LevelCell::loadCustomLevelCell hook at 0xc7da60 for geode.node-ids
20:18:26 DEBUG [Main] [Geode]:       Enabled LevelCell::loadFromLevel hook at 0xc7d8b0 for geode.node-ids
20:18:26 DEBUG [Main] [Geode]:       Enabled LevelCell::loadLocalLevelCell hook at 0xc804d0 for geode.node-ids
20:18:26 DEBUG [Main] [Geode]:       Enabled LevelInfoLayer::init hook at 0xe516a0 for geode.node-ids
20:18:26 DEBUG [Main] [Geode]:       Enabled LevelInfoLayer::setupPlatformerStats hook at 0xe53a90 for geode.node-ids
20:18:26 DEBUG [Main] [Geode]:       Enabled LevelInfoLayer::setupProgressBars hook at 0xe53e20 for geode.node-ids
20:18:26 DEBUG [Main] [Geode]:       Enabled LevelInfoLayer::updateLabelValues hook at 0xe56d20 for geode.node-ids
20:18:26 DEBUG [Main] [Geode]:       Enabled LevelLeaderboard::init hook at 0xe58060 for geode.node-ids
20:18:26 DEBUG [Main] [Geode]:       Enabled LevelSearchLayer::init hook at 0xe60f10 for geode.node-ids
20:18:26 DEBUG [Main] [Geode]:       Enabled PauseLayer::customSetup hook at 0xeb89f0 for geode.node-ids
20:18:26 DEBUG [Main] [Geode]:       Enabled PlayerObject::init hook at 0xec24c0 for geode.node-ids
20:18:26 DEBUG [Main] [Geode]:       Enabled ProfilePage::init hook at 0xeed080 for geode.node-ids
20:18:26 DEBUG [Main] [Geode]:       Enabled ProfilePage::loadPageFromUserInfo hook at 0xeedda0 for geode.node-ids
20:18:26 DEBUG [Main] [Geode]:       Enabled RewardsPage::init hook at 0xef67f0 for geode.node-ids
20:18:26 DEBUG [Main] [Geode]:       Enabled UILayer::init hook at 0xfbec10 for geode.node-ids
20:18:26 INFO  [Main] [Geode]: Took 0.038s
20:18:26 INFO  [Main] [Geode]: Continuing mod graph refresh...
20:18:26 DEBUG [Main] [Geode]:   Loading mods
20:18:26 DEBUG [Main] [Geode]:     thesillydoggo.animatedprofiles v1.0.1
20:18:26 DEBUG [Mod Unzip] [Geode]:  Unzip
20:18:26 DEBUG [Mod Unzip] [Geode]:  Same hash detected, skipping unzip
20:18:26 DEBUG [Main] [Geode]:       Load
20:18:26 DEBUG [Main] [Geode]:       Loading binary for mod thesillydoggo.animatedprofiles
20:18:26 DEBUG [Main] [Geode]:       Enabled ProfilePage::init hook at 0xeed080 for thesillydoggo.animatedprofiles
20:18:26 DEBUG [Main] [Geode]:       Enabled ProfilePage::loadPageFromUserInfo hook at 0xeedda0 for thesillydoggo.animatedprofiles
20:18:26 DEBUG [Main] [Geode]:       Enabled CommentCell::loadFromComment hook at 0xc84490 for thesillydoggo.animatedprofiles
20:18:26 DEBUG [Main] [Geode]:       Enabled CCAnimatedSprite::runAnimation hook at 0xc21640 for thesillydoggo.animatedprofiles
20:18:26 INFO  [Main] [Geode]: Took 0.033s
20:18:26 INFO  [Main] [Geode]: Continuing mod graph refresh...
20:18:26 DEBUG [Main] [Geode]:   Loading mods
20:18:26 DEBUG [Main] [Geode]:     hjfod.gdshare v1.0.4 has unresolved dependencies
20:18:26 INFO  [Main] [Geode]: Took 0.016s
20:18:26 INFO  [Main] [Geode]: Continuing mod graph refresh...
20:18:26 DEBUG [Main] [Geode]:   Loading mods
20:18:26 DEBUG [Main] [Geode]:     cvolton.betterinfo v4.0.0-alpha.13
20:18:26 DEBUG [Mod Unzip] [Geode]:  Unzip
20:18:26 DEBUG [Mod Unzip] [Geode]:  Same hash detected, skipping unzip
20:18:26 DEBUG [Main] [Geode]:       Load
20:18:26 DEBUG [Main] [Geode]:       Loading binary for mod cvolton.betterinfo
20:18:26 DEBUG [Main] [Geode]:       Enabled CommentCell::FLAlert_Clicked hook at 0xc863d0 for cvolton.betterinfo
20:18:26 DEBUG [Main] [Geode]:       Enabled CommentCell::loadFromComment hook at 0xc84490 for cvolton.betterinfo
20:18:26 DEBUG [Main] [Geode]:       Enabled CommentCell::onConfirmDelete hook at 0xc862c0 for cvolton.betterinfo
20:18:26 DEBUG [Main] [Geode]:       Enabled CommentCell::onLike hook at 0xc86110 for cvolton.betterinfo
20:18:26 DEBUG [Main] [Geode]:       Enabled CreatorLayer::init hook at 0xc6f550 for cvolton.betterinfo
20:18:26 DEBUG [Main] [Geode]:       Enabled CreatorLayer::onChallenge hook at 0xc70dd0 for cvolton.betterinfo
20:18:26 DEBUG [Main] [Geode]:       Enabled DailyLevelNode::init hook at 0xc996c0 for cvolton.betterinfo
20:18:26 DEBUG [Main] [Geode]:       Enabled DailyLevelPage::init hook at 0xc976d0 for cvolton.betterinfo
20:18:26 DEBUG [Main] [Geode]:       Enabled DailyLevelPage::updateTimers hook at 0xc99120 for cvolton.betterinfo
20:18:26 DEBUG [Main] [Geode]:       Enabled EditLevelLayer::init hook at 0xc9c8e0 for cvolton.betterinfo
20:18:26 DEBUG [Main] [Geode]:       Enabled EditLevelLayer::onLevelInfo hook at 0xc9db40 for cvolton.betterinfo
20:18:26 DEBUG [Main] [Geode]:       Enabled GJLevelList::showListInfo hook at 0xd1cef0 for cvolton.betterinfo
20:18:26 DEBUG [Main] [Geode]:       Enabled GJScoreCell::loadFromScore hook at 0xc865b0 for cvolton.betterinfo
20:18:26 DEBUG [Main] [Geode]:       Enabled GameLevelManager::getCompletedLevels hook at 0xcf7790 for cvolton.betterinfo
20:18:26 DEBUG [Main] [Geode]:       Enabled GameLevelManager::getSavedLevels hook at 0xcf7340 for cvolton.betterinfo
20:18:26 DEBUG [Main] [Geode]:       Enabled GameLevelManager::limitSavedLevels hook at 0xcf9210 for cvolton.betterinfo
20:18:26 DEBUG [Main] [Geode]:       Enabled GameLevelManager::userNameForUserID hook at 0xcf6290 for cvolton.betterinfo
20:18:26 DEBUG [Main] [Geode]:       Enabled InfoLayer::init hook at 0xe28810 for cvolton.betterinfo
20:18:26 DEBUG [Main] [Geode]:       Enabled InfoLayer::loadPage hook at 0xe2b340 for cvolton.betterinfo
20:18:26 DEBUG [Main] [Geode]:       Enabled InfoLayer::onLevelInfo hook at 0xe2ada0 for cvolton.betterinfo
20:18:26 DEBUG [Main] [Geode]:       Enabled InfoLayer::onMore hook at 0xe2aaa0 for cvolton.betterinfo
20:18:26 DEBUG [Main] [Geode]:       Enabled InfoLayer::setupCommentsBrowser hook at 0xe2b670 for cvolton.betterinfo
20:18:26 DEBUG [Main] [Geode]:       Enabled LeaderboardsLayer::init hook at 0xe2dc60 for cvolton.betterinfo
20:18:26 DEBUG [Main] [Geode]:       Enabled LevelAreaInnerLayer::init hook at 0xe311e0 for cvolton.betterinfo
20:18:26 DEBUG [Main] [Geode]:       Enabled LevelBrowserLayer::init hook at 0xe32e60 for cvolton.betterinfo
20:18:26 DEBUG [Main] [Geode]:       Enabled LevelBrowserLayer::onGoToPage hook at 0xe35c40 for cvolton.betterinfo
20:18:26 DEBUG [Main] [Geode]:       Enabled LevelBrowserLayer::setupPageInfo hook at 0xe359e0 for cvolton.betterinfo
20:18:26 DEBUG [Main] [Geode]:       Enabled LevelCell::loadCustomLevelCell hook at 0xc7da60 for cvolton.betterinfo
20:18:26 DEBUG [Main] [Geode]:       Enabled LevelCell::onViewProfile hook at 0xc80f70 for cvolton.betterinfo
20:18:26 DEBUG [Main] [Geode]:       Enabled LevelInfoLayer::init hook at 0xe516a0 for cvolton.betterinfo
20:18:26 DEBUG [Main] [Geode]:       Enabled LevelInfoLayer::onLevelInfo hook at 0xe56a70 for cvolton.betterinfo
20:18:26 DEBUG [Main] [Geode]:       Enabled LevelInfoLayer::onViewProfile hook at 0xe56a10 for cvolton.betterinfo
20:18:26 DEBUG [Main] [Geode]:       Enabled LevelInfoLayer::updateLabelValues hook at 0xe56d20 for cvolton.betterinfo
20:18:26 DEBUG [Main] [Geode]:       Enabled LevelLeaderboard::init hook at 0xe58060 for cvolton.betterinfo
20:18:26 DEBUG [Main] [Geode]:       Enabled LevelListCell::loadFromList hook at 0xc8b570 for cvolton.betterinfo
20:18:26 DEBUG [Main] [Geode]:       Enabled LevelPage::onInfo hook at 0xe6c400 for cvolton.betterinfo
20:18:26 DEBUG [Main] [Geode]:       Enabled LevelSearchLayer::getSearchObject hook at 0xe63ba0 for cvolton.betterinfo
20:18:26 DEBUG [Main] [Geode]:       Enabled MoreSearchLayer::init hook at 0xe656b0 for cvolton.betterinfo
20:18:26 DEBUG [Main] [Geode]:       Enabled MoreSearchLayer::onSongFilter hook at 0xe669e0 for cvolton.betterinfo
20:18:26 DEBUG [Main] [Geode]:       Enabled MoreSearchLayer::onSongMode hook at 0xe66c90 for cvolton.betterinfo
20:18:26 DEBUG [Main] [Geode]:       Enabled PlayLayer::destroyPlayer hook at 0xee6730 for cvolton.betterinfo
20:18:26 DEBUG [Main] [Geode]:       Enabled PlayLayer::init hook at 0xedc4a0 for cvolton.betterinfo
20:18:26 DEBUG [Main] [Geode]:       Enabled PlayLayer::levelComplete hook at 0xeddb60 for cvolton.betterinfo
20:18:26 DEBUG [Main] [Geode]:       Enabled PlayLayer::onQuit hook at 0xeeb480 for cvolton.betterinfo
20:18:26 DEBUG [Main] [Geode]:       Enabled PlayLayer::resetLevel hook at 0xeea130 for cvolton.betterinfo
20:18:26 DEBUG [Main] [Geode]:       Enabled ProfilePage::getUserInfoFailed hook at 0xef1e40 for cvolton.betterinfo
20:18:26 DEBUG [Main] [Geode]:       Enabled ProfilePage::init hook at 0xeed080 for cvolton.betterinfo
20:18:26 DEBUG [Main] [Geode]:       Enabled ProfilePage::loadPageFromUserInfo hook at 0xeedda0 for cvolton.betterinfo
20:18:26 DEBUG [Main] [Geode]:       Enabled ProfilePage::onClose hook at 0xef15e0 for cvolton.betterinfo
20:18:26 DEBUG [Main] [Geode]:       Enabled RewardsPage::init hook at 0xef67f0 for cvolton.betterinfo
20:18:26 DEBUG [Main] [Geode]:       Enabled MenuLayer::init hook at 0xe7b450 for cvolton.betterinfo
20:18:26 INFO  [Main] [Geode]: Took 0.046s
20:18:26 INFO  [Main] [Geode]: Continuing mod graph refresh...
20:18:26 DEBUG [Main] [Geode]:   Loading mods
20:18:26 DEBUG [Main] [Geode]:     bitz.customprofiles v1.0.5
20:18:26 DEBUG [Mod Unzip] [Geode]:  Unzip
20:18:26 DEBUG [Mod Unzip] [Geode]:  Same hash detected, skipping unzip
20:18:26 DEBUG [Main] [Geode]:       Load
20:18:26 DEBUG [Main] [Geode]:       Loading binary for mod bitz.customprofiles
20:18:26 DEBUG [Main] [Geode]:       Enabled GJAccountSettingsLayer::init hook at 0xe084f0 for bitz.customprofiles
20:18:26 DEBUG [Main] [Geode]:       Enabled GJAccountSettingsLayer::onClose hook at 0xe09db0 for bitz.customprofiles
20:18:26 DEBUG [Main] [Geode]:       Enabled InfoLayer::init hook at 0xe28810 for bitz.customprofiles
20:18:26 DEBUG [Main] [Geode]:       Enabled InfoLayer::setupCommentsBrowser hook at 0xe2b670 for bitz.customprofiles
20:18:26 DEBUG [Main] [Geode]:       Enabled ProfilePage::init hook at 0xeed080 for bitz.customprofiles
20:18:26 DEBUG [Main] [Geode]:       Enabled ProfilePage::loadPageFromUserInfo hook at 0xeedda0 for bitz.customprofiles
20:18:26 DEBUG [Main] [Geode]:       Enabled ProfilePage::onUpdate hook at 0xeedb10 for bitz.customprofiles
20:18:26 DEBUG [Main] [Geode]:       Enabled ProfilePage::setupCommentsBrowser hook at 0xef2160 for bitz.customprofiles
20:18:26 DEBUG [Main] [Geode]:       Enabled CommentCell::draw hook at 0xc7d5b0 for bitz.customprofiles
20:18:26 DEBUG [Main] [Geode]:       Enabled CommentCell::loadFromComment hook at 0xc84490 for bitz.customprofiles
20:18:26 DEBUG [Main] [Geode]:       Enabled CommentCell::updateBGColor hook at 0xc86090 for bitz.customprofiles
20:18:26 INFO  [Main] [Geode]: Took 0.038s
20:18:26 INFO  [Main] [Geode]: Continuing mod graph refresh...
20:18:26 DEBUG [Main] [Geode]:   Loading mods
20:18:26 DEBUG [Main] [Geode]:     hjfod.gdshare v1.0.4 has unresolved dependencies
20:18:26 INFO  [Main] [Geode]: Took 0.016s
20:18:26 INFO  [Main] [Geode]: Continuing mod graph refresh...
20:18:26 DEBUG [Main] [Geode]:   Loading mods
20:18:26 DEBUG [Main] [Geode]:     hjfod.gmd-api v1.0.1
20:18:26 DEBUG [Mod Unzip] [Geode]:  Unzip
20:18:26 DEBUG [Mod Unzip] [Geode]:  Same hash detected, skipping unzip
20:18:26 DEBUG [Main] [Geode]:       Load
20:18:26 DEBUG [Main] [Geode]:       Loading binary for mod hjfod.gmd-api
20:18:26 INFO  [Main] [Geode]: Took 0.04s
20:18:26 INFO  [Main] [Geode]: Continuing mod graph refresh...
20:18:26 DEBUG [Main] [Geode]:   Loading mods
20:18:26 DEBUG [Main] [Geode]:     hjfod.gdshare v1.0.4
20:18:26 DEBUG [Mod Unzip] [Geode]:  Unzip
20:18:26 DEBUG [Mod Unzip] [Geode]:  Same hash detected, skipping unzip
20:18:26 DEBUG [Main] [Geode]:       Load
20:18:26 DEBUG [Main] [Geode]:       Loading binary for mod hjfod.gdshare
20:18:26 DEBUG [Main] [Geode]:       Enabled EditLevelLayer::init hook at 0xc9c8e0 for hjfod.gdshare
20:18:26 DEBUG [Main] [Geode]:       Enabled LevelInfoLayer::init hook at 0xe516a0 for hjfod.gdshare
20:18:26 DEBUG [Main] [Geode]:       Enabled LevelBrowserLayer::init hook at 0xe32e60 for hjfod.gdshare
20:18:26 INFO  [Main] [Geode]: Took 0.05s
20:18:26 INFO  [Main] [Geode]: Continuing mod graph refresh...
20:18:26 DEBUG [Main] [Geode]:   Loading mods
20:18:26 DEBUG [Main] [Geode]:     thesillydoggo.animatedprofiles v1.0.1
20:18:26 INFO  [Main] [Geode]: Took 0.016s
20:18:26 INFO  [Main] [Geode]: Continuing mod graph refresh...
20:18:26 DEBUG [Main] [Geode]:   Loading mods
20:18:26 DEBUG [Main] [Geode]:     TheSillyDoggo.GradientPages v2.1.0
20:18:26 DEBUG [Mod Unzip] [Geode]:  Unzip
20:18:26 DEBUG [Mod Unzip] [Geode]:  Same hash detected, skipping unzip
20:18:26 DEBUG [Main] [Geode]:       Load
20:18:26 DEBUG [Main] [Geode]:       Loading binary for mod TheSillyDoggo.GradientPages
20:18:26 DEBUG [Main] [Geode]:       Enabled ProfilePage::init hook at 0xeed080 for TheSillyDoggo.GradientPages
20:18:26 DEBUG [Main] [Geode]:       Enabled ProfilePage::loadPageFromUserInfo hook at 0xeedda0 for TheSillyDoggo.GradientPages
20:18:26 DEBUG [Main] [Geode]:       Enabled GJAccountSettingsLayer::init hook at 0xe084f0 for TheSillyDoggo.GradientPages
20:18:26 DEBUG [Main] [Geode]:       Enabled FRequestProfilePage::init hook at 0xceef90 for TheSillyDoggo.GradientPages
20:18:26 DEBUG [Main] [Geode]:       Enabled MessagesProfilePage::init hook at 0xe7d1c0 for TheSillyDoggo.GradientPages
20:18:26 DEBUG [Main] [Geode]:       Enabled FriendsProfilePage::init hook at 0xcf0a10 for TheSillyDoggo.GradientPages
20:18:26 DEBUG [Main] [Geode]:       Enabled InfoLayer::init hook at 0xe28810 for TheSillyDoggo.GradientPages
20:18:26 DEBUG [Main] [Geode]:       Enabled GJCommentListLayer::create hook at 0xe07dc0 for TheSillyDoggo.GradientPages
20:18:26 DEBUG [Main] [Geode]:       Enabled ItemInfoPopup::init hook at 0xdf5b80 for TheSillyDoggo.GradientPages
20:18:26 DEBUG [Main] [Geode]:       Enabled ShardsPage::init hook at 0xf84320 for TheSillyDoggo.GradientPages
20:18:26 DEBUG [Main] [Geode]:       Enabled CommunityCreditsPage::init hook at 0xc68b10 for TheSillyDoggo.GradientPages
20:18:26 DEBUG [Main] [Geode]:       Enabled DemonFilterSelectLayer::init hook at 0xe673e0 for TheSillyDoggo.GradientPages
20:18:26 DEBUG [Main] [Geode]:       Enabled MoreSearchLayer::init hook at 0xe656b0 for TheSillyDoggo.GradientPages
20:18:26 DEBUG [Main] [Geode]:       Enabled ChallengesPage::init hook at 0xc5c560 for TheSillyDoggo.GradientPages
20:18:26 DEBUG [Main] [Geode]:       Enabled SetIDPopup::init hook at 0xe0f980 for TheSillyDoggo.GradientPages
20:18:26 INFO  [Main] [Geode]: Took 0.053s
20:18:26 INFO  [Main] [Geode]: Continuing mod graph refresh...
20:18:26 DEBUG [Main] [Geode]:   Finding problems
20:18:26 DEBUG [Main] [Geode]:     capeling.icon_profile_2.2
20:18:26 DEBUG [Main] [Geode]:     geode.loader
20:18:26 DEBUG [Main] [Geode]:     elohmrow.death_tracker
20:18:26 DEBUG [Main] [Geode]:     absolllute.megahack
20:18:26 DEBUG [Main] [Geode]:     abb2k.backup
20:18:26 DEBUG [Main] [Geode]:     adyagd.godlikefaces
20:18:26 DEBUG [Main] [Geode]:     bitz.customprofiles
20:18:26 DEBUG [Main] [Geode]:     colon.gold_user_coins
20:18:26 DEBUG [Main] [Geode]:     cvolton.betterinfo
20:18:26 DEBUG [Main] [Geode]:     dankmeme.globed2
20:18:26 DEBUG [Main] [Geode]:     elnexreal.copy_song_id
20:18:26 DEBUG [Main] [Geode]:     gdutilsdevs.gdutils
20:18:26 DEBUG [Main] [Geode]:     thesillydoggo.better_startpos_menu
20:18:26 DEBUG [Main] [Geode]:     geode.custom-keybinds
20:18:26 DEBUG [Main] [Geode]:     geode.node-ids
20:18:26 DEBUG [Main] [Geode]:     hjfod.gdshare
20:18:26 DEBUG [Main] [Geode]:     hjfod.gmd-api
20:18:26 DEBUG [Main] [Geode]:     thesillydoggo.animatedprofiles
20:18:26 DEBUG [Main] [Geode]:     TheSillyDoggo.GradientPages
20:18:26 INFO  [Main] [Geode]:   Took 0.004s
20:18:26 DEBUG [Main] [Geode]: Verifying Loader Resources
20:18:26 DEBUG [Main] [Geode]: Loading Loader Resources
20:18:26 DEBUG [Main] [Geode]: Loading mod resources
20:18:26 DEBUG [Main] [Geode]: Adding resources
20:18:26 DEBUG [Main] [Geode]:   geode.loader
20:18:26 DEBUG [Main] [Geode]:     Adding sheet geode.loader/LogoSheet
20:18:26 DEBUG [Main] [Geode]:     Adding sheet geode.loader/APISheet
20:18:26 DEBUG [Main] [Geode]:     Adding sheet geode.loader/BlankSheet
20:18:27 INFO  [stdout]: [2024-02-10 20:18:27] [connect] Successful connection
20:18:27 INFO  [stdout]: [2024-02-10 20:18:27] [connect] WebSocket Connection 62.210.53.67:80 v-2 "WebSocket++/0.8.2" /socket.io/?EIO=4&transport=websocket&t=1707592706 101
20:18:27 INFO  [Thread #4380] [GDUtils]: Socket Connection successful!
20:18:27 INFO  [Thread #9184] [GDUtils]: listening for events
20:18:27 DEBUG [Main] [Geode]:   adyagd.godlikefaces
20:18:27 DEBUG [Main] [Geode]:     Adding sheet adyagd.godlikefaces/GodlikeDiffSheet
20:18:27 DEBUG [Main] [Geode]:   dankmeme.globed2
20:18:27 DEBUG [Main] [Geode]:     Adding sheet dankmeme.globed2/globedsheet1
20:18:27 DEBUG [Main] [Geode]:   geode.custom-keybinds
20:18:27 DEBUG [Main] [Geode]:     Adding sheet geode.custom-keybinds/KB_ControllerSheet
20:18:27 DEBUG [Main] [Geode]:   hjfod.gdshare
20:18:27 DEBUG [Main] [Geode]:     Adding sheet hjfod.gdshare/GDShare
20:18:27 DEBUG [Main] [Geode]:   TheSillyDoggo.GradientPages
20:18:27 DEBUG [Main] [Geode]:     Adding sheet TheSillyDoggo.GradientPages/UISheet
20:18:38 INFO  [Main] [Animated Profile Icons]: Playing animation: walk
20:18:38 INFO  [Main] [Animated Profile Icons]: Playing animation: walk
20:18:38 INFO  [Main] [Animated Profile Icons]: Playing animation: run
20:18:38 DEBUG [Main] [Geode]: Checking updates for index
20:18:40 DEBUG [Main] [Geode]: Enabled FMODChannelControl::setVolume hook at 0x6947b180 for absolllute.megahack
20:18:40 DEBUG [Main] [Geode]: Enabled FMODChannelControl::setPitch hook at 0x6947af00 for absolllute.megahack
20:18:40 DEBUG [Main] [Geode]: Enabled cocos2dCCParticleSystem::loadScaledDefaults hook at 0x741bbba0 for absolllute.megahack
20:18:40 DEBUG [Main] [Geode]: Enabled cocos2dCCTransitionFade::create hook at 0x741a7710 for absolllute.megahack
20:18:40 DEBUG [Main] [Geode]: Enabled cocos2dCCTransitionMoveInT::create hook at 0x741a81f0 for absolllute.megahack
20:18:40 DEBUG [Main] [Geode]: Enabled cocos2dCCDirector::drawScene hook at 0x74202ae0 for absolllute.megahack
20:18:40 DEBUG [Main] [Geode]: Enabled cocos2dCCScheduler::update hook at 0x74206db0 for absolllute.megahack
20:18:40 DEBUG [Main] [Geode]: Enabled cocos2dCCIMEDelegate::attachWithIME hook at 0x741f9ea0 for absolllute.megahack
20:18:40 DEBUG [Main] [Geode]: Enabled cocos2dCCIMEDelegate::detachWithIME hook at 0x741f9f20 for absolllute.megahack
20:18:40 DEBUG [Main] [Geode]: Enabled AppDelegate::trySaveGame hook at 0xc5b790 for absolllute.megahack
20:18:40 DEBUG [Main] [Geode]: Enabled GameStatsManager::isItemUnlocked hook at 0xd76570 for absolllute.megahack
20:18:40 DEBUG [Main] [Geode]: Enabled ColorAction::setupFromString hook at 0x11d9950 for absolllute.megahack
20:18:40 DEBUG [Main] [Geode]: Enabled GameObject::createWithKey hook at 0xd30330 for absolllute.megahack
20:18:40 DEBUG [Main] [Geode]: Enabled UILayer::init hook at 0xfbec10 for absolllute.megahack
20:18:40 DEBUG [Main] [Geode]: Enabled UILayer::keyDown hook at 0xfbf930 for absolllute.megahack
20:18:40 DEBUG [Main] [Geode]: Enabled UILayer::keyUp hook at 0xfbf950 for absolllute.megahack
20:18:40 DEBUG [Main] [Geode]: Enabled PauseLayer::customSetup hook at 0xeb89f0 for absolllute.megahack
20:18:40 DEBUG [Main] [Geode]: Enabled PauseLayer::onResume hook at 0xeb9f30 for absolllute.megahack
20:18:40 DEBUG [Main] [Geode]: Enabled EndLevelLayer::customSetup hook at 0xce74f0 for absolllute.megahack
20:18:40 DEBUG [Main] [Geode]: Enabled EndLevelLayer::keyDown hook at 0xcea310 for absolllute.megahack
20:18:40 DEBUG [Main] [Geode]: Enabled ShaderLayer::visit hook at 0xf83810 for absolllute.megahack
20:18:40 DEBUG [Main] [Geode]: Enabled LevelInfoLayer::onPlay hook at 0xe555b0 for absolllute.megahack
20:18:40 DEBUG [Main] [Geode]: Enabled PlayerObject::togglePlayerScale hook at 0xed9170 for absolllute.megahack
20:18:40 DEBUG [Main] [Geode]: Enabled GJBaseGameLayer::handleButton hook at 0xdb69f0 for absolllute.megahack
20:18:40 DEBUG [Main] [Geode]: Enabled GJBaseGameLayer::processCommands hook at 0xdbd240 for absolllute.megahack
20:18:40 DEBUG [Main] [Geode]: Enabled GJBaseGameLayer::resetLevelVariables hook at 0xdbdb10 for absolllute.megahack
20:18:40 DEBUG [Main] [Geode]: Enabled GJBaseGameLayer::init hook at 0xd90290 for absolllute.megahack
20:18:40 DEBUG [Main] [Geode]: Enabled GJBaseGameLayer::visit hook at 0xdc8ea0 for absolllute.megahack
20:18:40 DEBUG [Main] [Geode]: Enabled PlayLayer::_destructor hook at 0xedc080 for absolllute.megahack
20:18:40 DEBUG [Main] [Geode]: Enabled PlayLayer::init hook at 0xedc4a0 for absolllute.megahack
20:18:40 DEBUG [Main] [Geode]: Enabled PlayLayer::startGame hook at 0xeddab0 for absolllute.megahack
20:18:40 DEBUG [Main] [Geode]: Enabled PlayLayer::onQuit hook at 0xeeb480 for absolllute.megahack
20:18:40 DEBUG [Main] [Geode]: Enabled PlayLayer::postUpdate hook at 0xee7220 for absolllute.megahack
20:18:40 DEBUG [Main] [Geode]: Enabled PlayLayer::addObject hook at 0xee19b0 for absolllute.megahack
20:18:40 DEBUG [Main] [Geode]: Enabled PlayLayer::destroyPlayer hook at 0xee6730 for absolllute.megahack
20:18:40 DEBUG [Main] [Geode]: Enabled PlayLayer::resetLevel hook at 0xeea130 for absolllute.megahack
20:18:40 DEBUG [Main] [Geode]: Enabled PlayLayer::updateAttempts hook at 0xeeab40 for absolllute.megahack
20:18:40 DEBUG [Main] [Geode]: Enabled PlayLayer::pauseGame hook at 0xeeae80 for absolllute.megahack
20:18:40 DEBUG [Main] [Geode]: Enabled PlayLayer::createCheckpoint hook at 0xee76e0 for absolllute.megahack
20:18:40 DEBUG [Main] [Geode]: Enabled PlayLayer::markCheckpoint hook at 0xee8550 for absolllute.megahack
20:18:40 DEBUG [Main] [Geode]: Enabled PlayLayer::storeCheckpoint hook at 0xee84a0 for absolllute.megahack
20:18:40 DEBUG [Main] [Geode]: Enabled PlayLayer::playEndAnimationToPos hook at 0xedfe00 for absolllute.megahack
20:18:40 DEBUG [Main] [Geode]: Enabled PlayLayer::playPlatformerEndAnimationToPos hook at 0xee05e0 for absolllute.megahack
20:18:40 DEBUG [Main] [Geode]: Enabled PlayLayer::applyEnterEffect hook at 0xee47d0 for absolllute.megahack
20:18:40 DEBUG [Main] [Geode]: Enabled PlayLayer::applyCustomEnterEffect hook at 0xee3f50 for absolllute.megahack
20:18:40 DEBUG [Main] [Geode]: Enabled PlayLayer::updateProgressbar hook at 0xee5440 for absolllute.megahack
20:18:40 DEBUG [Main] [Globed]: Preloading death effects..
20:18:50 DEBUG [Main] [Globed]: Took 9.877s.
20:18:50 DEBUG [Main] [Globed]: Preloading icons..
20:19:03 DEBUG [Main] [Globed]: Took 13.45s.
20:19:03 DEBUG [Main] [Globed]: Preloading finished in 22.922s.
20:19:03 INFO  [Main] [BetterInfo]: Music Library response: 1
20:19:03 INFO  [Main] [Animated Profile Icons]: Playing animation: run
20:19:03 DEBUG [Index Update] [Geode]: Updating local index cache
20:19:06 DEBUG [Index Update] [Geode]:   Done
20:19:06 INFO  [Main] [Animated Profile Icons]: Playing animation: run
20:19:06 INFO  [Main] [Animated Profile Icons]: Playing animation: not_used
20:19:06 INFO  [Main] [Animated Profile Icons]: Playing animation: run
20:19:06 INFO  [Main] [Animated Profile Icons]: Playing animation: run
20:19:07 INFO  [Main] [Animated Profile Icons]: Playing animation: run
20:19:49 DEBUG [Main] [Geode]: Installing beat.click-sound
20:19:50 DEBUG [Main] [Geode]: Installed beat.click-sound
20:20:12 DEBUG [Main] [Geode]: Installing thesillydoggo.entersearch
20:20:12 DEBUG [Main] [Geode]: Installed thesillydoggo.entersearch
20:20:43 DEBUG [Main] [Geode]: Installing adyagd.ingamelistmod
20:20:45 DEBUG [Main] [Geode]: Installed adyagd.ingamelistmod
20:20:56 DEBUG [Main] [Geode]: Installing thesillydoggo.moretags
20:20:58 DEBUG [Main] [Geode]: Installed thesillydoggo.moretags
20:22:31 DEBUG [Main] [Geode]: Installing alphalaneous.projectedstars
20:22:32 DEBUG [Main] [Geode]: Installed alphalaneous.projectedstars
20:22:48 DEBUG [Main] [Geode]: Installing mat.run-info
20:22:48 DEBUG [Main] [Geode]: Installed mat.run-info
20:23:09 DEBUG [Main] [Geode]: Installing coderqc.gdswearfilter
20:23:11 DEBUG [Main] [Geode]: Installed coderqc.gdswearfilter
20:23:20 DEBUG [Main] [Geode]: Installing redlime.statchanges
20:23:21 DEBUG [Main] [Geode]: Installed redlime.statchanges
20:23:44 DEBUG [Main] [Geode]: Installing xanii.youtubers
20:23:45 DEBUG [Main] [Geode]: Installed xanii.youtubers
20:23:56 INFO  [Main] [Geode]: Saving mod data...
20:23:56 DEBUG [Main] [Geode]:   capeling.icon_profile_2.2
20:23:56 DEBUG [Main] [Geode]:     Check covered
20:23:56 DEBUG [Main] [Geode]:   geode.loader
20:23:56 DEBUG [Main] [Geode]:     Check covered
20:23:56 DEBUG [Main] [Geode]:     Check if auto-check-updates is saved
20:23:56 DEBUG [Main] [Geode]:     Check if show-platform-console is saved
20:23:56 DEBUG [Main] [Geode]:     Check if disable-last-crashed-popup is saved
20:23:56 DEBUG [Main] [Geode]:     Check if auto-update-mods is saved
20:23:56 DEBUG [Main] [Geode]:   elohmrow.death_tracker
20:23:56 DEBUG [Main] [Geode]:     Check covered
20:23:56 DEBUG [Main] [Geode]:   absolllute.megahack
20:23:56 DEBUG [Main] [Geode]:     Check covered
20:23:56 DEBUG [Main] [Geode]:   abb2k.backup
20:23:56 DEBUG [Main] [Geode]:     Check covered
20:23:56 DEBUG [Main] [Geode]:   adyagd.godlikefaces
20:23:56 DEBUG [Main] [Geode]:     Check covered
20:23:56 DEBUG [Main] [Geode]:   bitz.customprofiles
20:23:56 DEBUG [Main] [Geode]:     Check covered
20:23:56 DEBUG [Main] [Geode]:   colon.gold_user_coins
20:23:56 DEBUG [Main] [Geode]:     Check covered
20:23:56 DEBUG [Main] [Geode]:   cvolton.betterinfo
20:23:56 DEBUG [Main] [Geode]:     Check covered
20:23:56 DEBUG [Main] [Geode]:     Check if fix-green-users is saved
20:23:56 DEBUG [Main] [Geode]:     Check if show-comment-ids is saved
20:23:56 DEBUG [Main] [Geode]:     Check if white-id is saved
20:23:56 DEBUG [Main] [Geode]:     Check if level-info is saved
20:23:56 DEBUG [Main] [Geode]:     Check if alt-button is saved
20:23:56 DEBUG [Main] [Geode]:     Check if auto-submit is saved
20:23:56 DEBUG [Main] [Geode]:   dankmeme.globed2
20:23:56 DEBUG [Main] [Geode]:     Check covered
20:23:56 DEBUG [Main] [Geode]:   elnexreal.copy_song_id
20:23:56 DEBUG [Main] [Geode]:     Check covered
20:23:56 DEBUG [Main] [Geode]:   gdutilsdevs.gdutils
20:23:56 DEBUG [Main] [Geode]:     Check covered
20:23:56 DEBUG [Main] [Geode]:   thesillydoggo.better_startpos_menu
20:23:56 DEBUG [Main] [Geode]:     Check covered
20:23:56 DEBUG [Main] [Geode]:   geode.custom-keybinds
20:23:56 DEBUG [Main] [Geode]:     Check covered
20:23:56 DEBUG [Main] [Geode]:   geode.node-ids
20:23:56 DEBUG [Main] [Geode]:     Check covered
20:23:56 DEBUG [Main] [Geode]:   hjfod.gdshare
20:23:56 DEBUG [Main] [Geode]:     Check covered
20:23:56 DEBUG [Main] [Geode]:   hjfod.gmd-api
20:23:56 DEBUG [Main] [Geode]:     Check covered
20:23:56 DEBUG [Main] [Geode]:   thesillydoggo.animatedprofiles
20:23:56 DEBUG [Main] [Geode]:     Check covered
20:23:56 DEBUG [Main] [Geode]:   TheSillyDoggo.GradientPages
20:23:56 DEBUG [Main] [Geode]:     Check covered
20:23:56 INFO  [Main] [Geode]:   Took 0.083s
20:24:10 DEBUG [Main] [Globed]: cleaning up..
20:24:10 DEBUG [Main] [Globed]: Goodbye!
20:24:10 DEBUG [Main] [Globed]: audio thread halted.
