17:23:14 INFO  [Main] [Geode]: Running Geode v2.0.0-beta.17 in Geometry Dash v2.204
17:23:14 INFO  [Main] [Geode]: Setting up internal mod
17:23:14 INFO  [Main] [Geode]: Setting up loader
17:23:14 DEBUG [Main] [Geode]:   Loading launch arguments
17:23:14 DEBUG [Main] [Geode]:   Setting up crash handler
17:23:14 DEBUG [Main] [Geode]:   Loading hooks
17:23:14 DEBUG [Main] [Geode]:     Enabled cocos2d::CCFileUtils::fullPathForFilename hook at 0x741c0f40 for geode.loader
17:23:14 DEBUG [Main] [Geode]:     Enabled cocos2d::CCFileUtils::sharedFileUtils hook at 0x741c9770 for geode.loader
17:23:14 DEBUG [Main] [Geode]:     Enabled cocos2d::CCNode::getUserObject hook at 0x742131f0 for geode.loader
17:23:14 DEBUG [Main] [Geode]:     Enabled cocos2d::CCNode::setUserObject hook at 0x741615a0 for geode.loader
17:23:14 DEBUG [Main] [Geode]:     Enabled AchievementNotifier::willSwitchToScene hook at 0x27c200 for geode.loader
17:23:14 DEBUG [Main] [Geode]:     Enabled AppDelegate::trySaveGame hook at 0x2bb790 for geode.loader
17:23:14 DEBUG [Main] [Geode]:     Enabled cocos2d::CCScheduler::update hook at 0x74206db0 for geode.loader
17:23:14 DEBUG [Main] [Geode]:     Enabled CCTextInputNode::ccTouchBegan hook at 0x2904f0 for geode.loader
17:23:14 DEBUG [Main] [Geode]:     Enabled LoadingLayer::loadAssets hook at 0x4d6bd0 for geode.loader
17:23:14 DEBUG [Main] [Geode]:     Enabled LoadingLayer::init hook at 0x4d6370 for geode.loader
17:23:14 DEBUG [Main] [Geode]:     Enabled LoadingLayer::loadAssets hook at 0x4d6bd0 for geode.loader
17:23:14 DEBUG [Main] [Geode]:     Enabled MenuLayer::init hook at 0x4db450 for geode.loader
17:23:14 DEBUG [Main] [Geode]:   Setting up directories
17:23:14 INFO  [Main] [Geode]:   Refreshing mod graph
17:23:14 DEBUG [Main] [Geode]:     Queueing mods
17:23:14 DEBUG [Main] [Geode]:       Searching C:\Program Files (x86)\Steam\steamapps\common\Geometry Dash\geode\mods
17:23:14 DEBUG [Main] [Geode]:         Found abb2k.backup.geode
17:23:14 DEBUG [Main] [Geode]:           id: abb2k.backup
17:23:14 DEBUG [Main] [Geode]:           version: v1.0.4
17:23:14 DEBUG [Main] [Geode]:           early: no
17:23:14 DEBUG [Main] [Geode]:         Found absolllute.megahack.geode
17:23:14 DEBUG [Main] [Geode]:           id: absolllute.megahack
17:23:14 DEBUG [Main] [Geode]:           version: v8.0.0-alpha.10
17:23:14 DEBUG [Main] [Geode]:           early: yes
17:23:14 DEBUG [Main] [Geode]:         Found adyagd.godlikefaces.geode
17:23:14 DEBUG [Main] [Geode]:           id: adyagd.godlikefaces
17:23:14 DEBUG [Main] [Geode]:           version: v1.1.1
17:23:14 DEBUG [Main] [Geode]:           early: no
17:23:14 DEBUG [Main] [Geode]:         Found alk.editorcollab.geode
17:23:14 ERROR [Main] [Geode]:           Failed to queue: "C:\Program Files (x86)\Steam\steamapps\common\Geometry Dash\geode\mods\alk.editorcollab.geode" - [mod.json] is missing target GD version
17:23:14 DEBUG [Main] [Geode]:         Found alk.fps-shower.geode
17:23:14 ERROR [Main] [Geode]:           Failed to queue: "C:\Program Files (x86)\Steam\steamapps\common\Geometry Dash\geode\mods\alk.fps-shower.geode" - [mod.json] is missing target GD version
17:23:14 DEBUG [Main] [Geode]:         Found alphalaneous.integratedloquibot.geode
17:23:14 DEBUG [Main] [Geode]:           id: alphalaneous.integratedloquibot
17:23:14 DEBUG [Main] [Geode]:           version: v1.3.4
17:23:14 DEBUG [Main] [Geode]:           early: no
17:23:14 DEBUG [Main] [Geode]:         Found alphalaneous.projectedstars.geode
17:23:14 DEBUG [Main] [Geode]:           id: alphalaneous.projectedstars
17:23:14 DEBUG [Main] [Geode]:           version: v1.1.2
17:23:14 DEBUG [Main] [Geode]:           early: no
17:23:14 DEBUG [Main] [Geode]:         Found beat.click-sound.geode
17:23:14 DEBUG [Main] [Geode]:           id: beat.click-sound
17:23:14 DEBUG [Main] [Geode]:           version: v1.4.1
17:23:14 DEBUG [Main] [Geode]:           early: no
17:23:14 DEBUG [Main] [Geode]:         Found bitz.customprofiles.geode
17:23:14 DEBUG [Main] [Geode]:           id: bitz.customprofiles
17:23:14 DEBUG [Main] [Geode]:           version: v1.0.5
17:23:14 DEBUG [Main] [Geode]:           early: no
17:23:14 DEBUG [Main] [Geode]:         Found camila314.acbypass.geode
17:23:14 ERROR [Main] [Geode]:           Failed to queue: "C:\Program Files (x86)\Steam\steamapps\common\Geometry Dash\geode\mods\camila314.acbypass.geode" - [mod.json] is missing target GD version
17:23:14 DEBUG [Main] [Geode]:         Found camila314.demonlist-button.geode
17:23:14 ERROR [Main] [Geode]:           Failed to queue: "C:\Program Files (x86)\Steam\steamapps\common\Geometry Dash\geode\mods\camila314.demonlist-button.geode" - [mod.json] is missing target GD version
17:23:14 DEBUG [Main] [Geode]:         Found camila314.noclip.geode
17:23:14 ERROR [Main] [Geode]:           Failed to queue: "C:\Program Files (x86)\Steam\steamapps\common\Geometry Dash\geode\mods\camila314.noclip.geode" - [mod.json] is missing target GD version
17:23:14 DEBUG [Main] [Geode]:         Found capeling.icon_profile_2.2.geode
17:23:14 DEBUG [Main] [Geode]:           id: capeling.icon_profile_2.2
17:23:14 DEBUG [Main] [Geode]:           version: v1.1.4
17:23:14 DEBUG [Main] [Geode]:           early: no
17:23:14 DEBUG [Main] [Geode]:         Found chs.confirmquit.geode
17:23:14 ERROR [Main] [Geode]:           Failed to queue: "C:\Program Files (x86)\Steam\steamapps\common\Geometry Dash\geode\mods\chs.confirmquit.geode" - [mod.json] is missing target GD version
17:23:14 DEBUG [Main] [Geode]:         Found coderqc.gdswearfilter.geode
17:23:14 DEBUG [Main] [Geode]:           id: coderqc.gdswearfilter
17:23:14 DEBUG [Main] [Geode]:           version: v1.0.1
17:23:14 DEBUG [Main] [Geode]:           early: no
17:23:14 DEBUG [Main] [Geode]:         Found colon.gold_user_coins.geode
17:23:14 DEBUG [Main] [Geode]:           id: colon.gold_user_coins
17:23:14 DEBUG [Main] [Geode]:           version: v1.0.1
17:23:14 DEBUG [Main] [Geode]:           early: no
17:23:14 DEBUG [Main] [Geode]:         Found cvolton.betterinfo.geode
17:23:14 DEBUG [Main] [Geode]:           id: cvolton.betterinfo
17:23:14 DEBUG [Main] [Geode]:           version: v4.0.0-alpha.13
17:23:14 DEBUG [Main] [Geode]:           early: no
17:23:14 DEBUG [Main] [Geode]:         Found cvolton.capacity_fix.geode
17:23:14 ERROR [Main] [Geode]:           Failed to queue: "C:\Program Files (x86)\Steam\steamapps\common\Geometry Dash\geode\mods\cvolton.capacity_fix.geode" - [mod.json] is missing target GD version
17:23:14 DEBUG [Main] [Geode]:         Found dankmeme.globed2.geode
17:23:14 DEBUG [Main] [Geode]:           id: dankmeme.globed2
17:23:14 DEBUG [Main] [Geode]:           version: v1.0.5
17:23:14 DEBUG [Main] [Geode]:           early: no
17:23:14 DEBUG [Main] [Geode]:         Found elnexreal.copy_song_id.geode
17:23:14 DEBUG [Main] [Geode]:           id: elnexreal.copy_song_id
17:23:14 DEBUG [Main] [Geode]:           version: v1.2.2
17:23:14 DEBUG [Main] [Geode]:           early: no
17:23:14 DEBUG [Main] [Geode]:         Found elohmrow.death_tracker.geode
17:23:14 DEBUG [Main] [Geode]:           id: elohmrow.death_tracker
17:23:14 DEBUG [Main] [Geode]:           version: v1.4.3
17:23:14 DEBUG [Main] [Geode]:           early: no
17:23:14 DEBUG [Main] [Geode]:         Found fleym.nongd.geode
17:23:14 ERROR [Main] [Geode]:           Failed to queue: "C:\Program Files (x86)\Steam\steamapps\common\Geometry Dash\geode\mods\fleym.nongd.geode" - [mod.json] is missing target GD version
17:23:14 DEBUG [Main] [Geode]:         Found gdutilsdevs.gdutils.geode
17:23:14 DEBUG [Main] [Geode]:           id: gdutilsdevs.gdutils
17:23:14 DEBUG [Main] [Geode]:           version: v1.2.14
17:23:14 DEBUG [Main] [Geode]:           early: no
17:23:14 DEBUG [Main] [Geode]:         Found geode.custom-keybinds.geode
17:23:14 DEBUG [Main] [Geode]:           id: geode.custom-keybinds
17:23:14 DEBUG [Main] [Geode]:           version: v1.4.0
17:23:14 DEBUG [Main] [Geode]:           early: no
17:23:14 DEBUG [Main] [Geode]:         Found geode.node-ids.geode
17:23:14 DEBUG [Main] [Geode]:           id: geode.node-ids
17:23:14 DEBUG [Main] [Geode]:           version: v1.3.0
17:23:14 DEBUG [Main] [Geode]:           early: no
17:23:14 DEBUG [Main] [Geode]:         Found hjfod.custom-keybinds.geode
17:23:14 ERROR [Main] [Geode]:           Failed to queue: "C:\Program Files (x86)\Steam\steamapps\common\Geometry Dash\geode\mods\hjfod.custom-keybinds.geode" - [mod.json] is missing target GD version
17:23:14 DEBUG [Main] [Geode]:         Found hjfod.gdshare.geode
17:23:14 DEBUG [Main] [Geode]:           id: hjfod.gdshare
17:23:14 DEBUG [Main] [Geode]:           version: v1.0.4
17:23:14 DEBUG [Main] [Geode]:           early: no
17:23:14 DEBUG [Main] [Geode]:         Found hjfod.gmd-api.geode
17:23:14 DEBUG [Main] [Geode]:           id: hjfod.gmd-api
17:23:14 DEBUG [Main] [Geode]:           version: v1.0.1
17:23:14 DEBUG [Main] [Geode]:           early: no
17:23:14 DEBUG [Main] [Geode]:         Found mat.fps-bypass.geode
17:23:14 ERROR [Main] [Geode]:           Failed to queue: "C:\Program Files (x86)\Steam\steamapps\common\Geometry Dash\geode\mods\mat.fps-bypass.geode" - [mod.json] is missing target GD version
17:23:14 DEBUG [Main] [Geode]:         Found mat.practice-music.geode
17:23:14 ERROR [Main] [Geode]:           Failed to queue: "C:\Program Files (x86)\Steam\steamapps\common\Geometry Dash\geode\mods\mat.practice-music.geode" - [mod.json] is missing target GD version
17:23:14 DEBUG [Main] [Geode]:         Found mat.run-info.geode
17:23:14 DEBUG [Main] [Geode]:           id: mat.run-info
17:23:14 DEBUG [Main] [Geode]:           version: v1.0.2
17:23:14 DEBUG [Main] [Geode]:           early: no
17:23:14 DEBUG [Main] [Geode]:         Found mat.scroll-zoom.geode
17:23:14 ERROR [Main] [Geode]:           Failed to queue: "C:\Program Files (x86)\Steam\steamapps\common\Geometry Dash\geode\mods\mat.scroll-zoom.geode" - [mod.json] is missing target GD version
17:23:14 DEBUG [Main] [Geode]:         Found redlime.statchanges.geode
17:23:14 DEBUG [Main] [Geode]:           id: redlime.statchanges
17:23:14 DEBUG [Main] [Geode]:           version: v1.1.0
17:23:14 DEBUG [Main] [Geode]:           early: no
17:23:14 DEBUG [Main] [Geode]:         Found rlt.gd-platformer.geode
17:23:14 ERROR [Main] [Geode]:           Failed to queue: "C:\Program Files (x86)\Steam\steamapps\common\Geometry Dash\geode\mods\rlt.gd-platformer.geode" - [mod.json] is missing target GD version
17:23:14 DEBUG [Main] [Geode]:         Found ruslan.apm.geode
17:23:14 ERROR [Main] [Geode]:           Failed to queue: "C:\Program Files (x86)\Steam\steamapps\common\Geometry Dash\geode\mods\ruslan.apm.geode" - [mod.json] is missing target GD version
17:23:14 DEBUG [Main] [Geode]:         Found ruslan.nm.geode
17:23:14 ERROR [Main] [Geode]:           Failed to queue: "C:\Program Files (x86)\Steam\steamapps\common\Geometry Dash\geode\mods\ruslan.nm.geode" - [mod.json] is missing target GD version
17:23:14 DEBUG [Main] [Geode]:         Found thesillydoggo.animatedprofiles.geode
17:23:14 DEBUG [Main] [Geode]:           id: thesillydoggo.animatedprofiles
17:23:14 DEBUG [Main] [Geode]:           version: v1.0.1
17:23:14 DEBUG [Main] [Geode]:           early: no
17:23:14 DEBUG [Main] [Geode]:         Found thesillydoggo.better_startpos_menu.geode
17:23:14 DEBUG [Main] [Geode]:           id: thesillydoggo.better_startpos_menu
17:23:14 DEBUG [Main] [Geode]:           version: v1.1.0
17:23:14 DEBUG [Main] [Geode]:           early: no
17:23:14 DEBUG [Main] [Geode]:         Found thesillydoggo.entersearch.geode
17:23:14 DEBUG [Main] [Geode]:           id: thesillydoggo.entersearch
17:23:14 DEBUG [Main] [Geode]:           version: v1.0.0
17:23:14 DEBUG [Main] [Geode]:           early: no
17:23:14 DEBUG [Main] [Geode]:         Found TheSillyDoggo.GradientPages.geode
17:23:14 DEBUG [Main] [Geode]:           id: TheSillyDoggo.GradientPages
17:23:14 DEBUG [Main] [Geode]:           version: v2.1.0
17:23:14 DEBUG [Main] [Geode]:           early: no
17:23:14 DEBUG [Main] [Geode]:         Found xanii.youtubers.geode
17:23:14 DEBUG [Main] [Geode]:           id: xanii.youtubers
17:23:14 DEBUG [Main] [Geode]:           version: v1.0.0
17:23:14 DEBUG [Main] [Geode]:           early: no
17:23:14 DEBUG [Main] [Geode]:     Populating mod list
17:23:14 DEBUG [Main] [Geode]:       abb2k.backup v1.0.4
17:23:15 DEBUG [Main] [Geode]:       absolllute.megahack v8.0.0-alpha.10
17:23:15 DEBUG [Main] [Geode]:       adyagd.godlikefaces v1.1.1
17:23:15 DEBUG [Main] [Geode]:       alphalaneous.integratedloquibot v1.3.4
17:23:15 DEBUG [Main] [Geode]:       alphalaneous.projectedstars v1.1.2
17:23:15 DEBUG [Main] [Geode]:       beat.click-sound v1.4.1
17:23:15 DEBUG [Main] [Geode]:       bitz.customprofiles v1.0.5
17:23:15 DEBUG [Main] [Geode]:       capeling.icon_profile_2.2 v1.1.4
17:23:15 DEBUG [Main] [Geode]:       coderqc.gdswearfilter v1.0.1
17:23:15 DEBUG [Main] [Geode]:       colon.gold_user_coins v1.0.1
17:23:15 DEBUG [Main] [Geode]:       cvolton.betterinfo v4.0.0-alpha.13
17:23:15 DEBUG [Main] [Geode]:       dankmeme.globed2 v1.0.5
17:23:15 DEBUG [Main] [Geode]:       elnexreal.copy_song_id v1.2.2
17:23:15 DEBUG [Main] [Geode]:       elohmrow.death_tracker v1.4.3
17:23:15 DEBUG [Main] [Geode]:       gdutilsdevs.gdutils v1.2.14
17:23:15 WARN  [Main] [GDUtils]:       Encountered unknown setting "spotify-section" while loading settings
17:23:15 WARN  [Main] [GDUtils]:       Encountered unknown setting "misc-section" while loading settings
17:23:15 WARN  [Main] [GDUtils]:       Encountered unknown setting "spotifyApp" while loading settings
17:23:15 WARN  [Main] [GDUtils]:       Encountered unknown setting "test-notification" while loading settings
17:23:15 WARN  [Main] [GDUtils]:       Encountered unknown setting "notificationPlacement" while loading settings
17:23:15 WARN  [Main] [GDUtils]:       Encountered unknown setting "notification-section" while loading settings
17:23:15 WARN  [Main] [GDUtils]:       Encountered unknown setting "notification-placement-section" while loading settings
17:23:15 WARN  [Main] [GDUtils]:       Encountered unknown setting "notification-appearance-section" while loading settings
17:23:15 WARN  [Main] [GDUtils]:       Encountered unknown setting "credits-section" while loading settings
17:23:15 WARN  [Main] [GDUtils]:       Encountered unknown setting "credit-buttons" while loading settings
17:23:15 DEBUG [Main] [Geode]:       geode.custom-keybinds v1.4.0
17:23:15 DEBUG [Main] [Geode]:       geode.node-ids v1.3.0
17:23:15 DEBUG [Main] [Geode]:       hjfod.gdshare v1.0.4
17:23:15 DEBUG [Main] [Geode]:       hjfod.gmd-api v1.0.1
17:23:15 DEBUG [Main] [Geode]:       mat.run-info v1.0.2
17:23:15 DEBUG [Main] [Geode]:       redlime.statchanges v1.1.0
17:23:15 DEBUG [Main] [Geode]:       thesillydoggo.animatedprofiles v1.0.1
17:23:15 DEBUG [Main] [Geode]:       thesillydoggo.better_startpos_menu v1.1.0
17:23:15 DEBUG [Main] [Geode]:       thesillydoggo.entersearch v1.0.0
17:23:15 DEBUG [Main] [Geode]:       TheSillyDoggo.GradientPages v2.1.0
17:23:15 DEBUG [Main] [Geode]:       xanii.youtubers v1.0.0
17:23:15 DEBUG [Main] [Geode]:     Building mod graph
17:23:15 DEBUG [Main] [Geode]:       geode.loader
17:23:15 DEBUG [Main] [Geode]:       beat.click-sound
17:23:15 DEBUG [Main] [Geode]:         geode.loader
17:23:15 DEBUG [Main] [Geode]:         geode.node-ids
17:23:15 DEBUG [Main] [Geode]:       mat.run-info
17:23:15 DEBUG [Main] [Geode]:         geode.loader
17:23:15 DEBUG [Main] [Geode]:       alphalaneous.projectedstars
17:23:15 DEBUG [Main] [Geode]:         geode.loader
17:23:15 DEBUG [Main] [Geode]:         geode.node-ids
17:23:15 DEBUG [Main] [Geode]:       elohmrow.death_tracker
17:23:15 DEBUG [Main] [Geode]:         geode.loader
17:23:15 DEBUG [Main] [Geode]:       absolllute.megahack
17:23:15 DEBUG [Main] [Geode]:         geode.loader
17:23:15 DEBUG [Main] [Geode]:       abb2k.backup
17:23:15 DEBUG [Main] [Geode]:         geode.loader
17:23:15 DEBUG [Main] [Geode]:       adyagd.godlikefaces
17:23:15 DEBUG [Main] [Geode]:         geode.loader
17:23:15 DEBUG [Main] [Geode]:       alphalaneous.integratedloquibot
17:23:15 DEBUG [Main] [Geode]:         geode.loader
17:23:15 DEBUG [Main] [Geode]:         geode.node-ids
17:23:15 DEBUG [Main] [Geode]:       bitz.customprofiles
17:23:15 DEBUG [Main] [Geode]:         geode.loader
17:23:15 DEBUG [Main] [Geode]:         geode.node-ids
17:23:15 DEBUG [Main] [Geode]:       capeling.icon_profile_2.2
17:23:15 DEBUG [Main] [Geode]:         geode.loader
17:23:15 DEBUG [Main] [Geode]:       coderqc.gdswearfilter
17:23:15 DEBUG [Main] [Geode]:         geode.loader
17:23:15 DEBUG [Main] [Geode]:       colon.gold_user_coins
17:23:15 DEBUG [Main] [Geode]:         geode.loader
17:23:15 DEBUG [Main] [Geode]:       cvolton.betterinfo
17:23:15 DEBUG [Main] [Geode]:         geode.loader
17:23:15 DEBUG [Main] [Geode]:         geode.node-ids
17:23:15 DEBUG [Main] [Geode]:       dankmeme.globed2
17:23:15 DEBUG [Main] [Geode]:         geode.loader
17:23:15 DEBUG [Main] [Geode]:         geode.custom-keybinds
17:23:15 DEBUG [Main] [Geode]:       elnexreal.copy_song_id
17:23:15 DEBUG [Main] [Geode]:         geode.loader
17:23:15 DEBUG [Main] [Geode]:       gdutilsdevs.gdutils
17:23:15 DEBUG [Main] [Geode]:         geode.loader
17:23:15 DEBUG [Main] [Geode]:       thesillydoggo.better_startpos_menu
17:23:15 DEBUG [Main] [Geode]:         geode.loader
17:23:15 DEBUG [Main] [Geode]:       geode.custom-keybinds
17:23:15 DEBUG [Main] [Geode]:         geode.loader
17:23:15 DEBUG [Main] [Geode]:       geode.node-ids
17:23:15 DEBUG [Main] [Geode]:         geode.loader
17:23:15 DEBUG [Main] [Geode]:       hjfod.gdshare
17:23:15 DEBUG [Main] [Geode]:         geode.loader
17:23:15 DEBUG [Main] [Geode]:         hjfod.gmd-api
17:23:15 DEBUG [Main] [Geode]:         geode.node-ids
17:23:15 DEBUG [Main] [Geode]:       hjfod.gmd-api
17:23:15 DEBUG [Main] [Geode]:         geode.loader
17:23:15 DEBUG [Main] [Geode]:       redlime.statchanges
17:23:15 DEBUG [Main] [Geode]:         geode.loader
17:23:15 DEBUG [Main] [Geode]:         geode.node-ids
17:23:15 DEBUG [Main] [Geode]:       thesillydoggo.animatedprofiles
17:23:15 DEBUG [Main] [Geode]:         geode.loader
17:23:15 DEBUG [Main] [Geode]:         geode.node-ids
17:23:15 DEBUG [Main] [Geode]:       thesillydoggo.entersearch
17:23:15 DEBUG [Main] [Geode]:         geode.loader
17:23:15 DEBUG [Main] [Geode]:       TheSillyDoggo.GradientPages
17:23:15 DEBUG [Main] [Geode]:         geode.loader
17:23:15 DEBUG [Main] [Geode]:       xanii.youtubers
17:23:15 DEBUG [Main] [Geode]:         geode.loader
17:23:15 DEBUG [Main] [Geode]:     Loading early mods
17:23:15 DEBUG [Main] [Geode]:       absolllute.megahack v8.0.0-alpha.10
17:23:15 DEBUG [Main] [Geode]:         Unzip
17:23:15 DEBUG [Main] [Geode]:         Same hash detected, skipping unzip
17:23:15 DEBUG [Main] [Geode]:         Load
17:23:15 DEBUG [Main] [Geode]:         Loading binary for mod absolllute.megahack
17:23:20 INFO  [Main] [Geode]:     Took 5.995s. Continuing next frame...
17:23:20 DEBUG [Main] [Geode]: Setting up IPC
17:23:20 DEBUG [Main] [Geode]:   IPC set up
17:23:20 INFO  [Main] [Geode]: Starting loader update check
17:23:20 INFO  [Main] [Geode]: Entry took 6.021s
17:23:26 INFO  [Main] [Geode]: Continuing mod graph refresh...
17:23:26 DEBUG [Main] [Geode]:   Loading mods
17:23:26 DEBUG [Main] [Geode]:     beat.click-sound v1.4.1 has unresolved dependencies
17:23:26 ERROR [Main] [Geode]: Failed to fetch updates Empty response
17:23:28 DEBUG [Main] [Geode]: Enabled GameManager::isIconUnlocked hook at 0x381f90 for absolllute.megahack
17:23:28 DEBUG [Main] [Geode]: Enabled GameManager::isColorUnlocked hook at 0x382490 for absolllute.megahack
17:23:28 DEBUG [Main] [Geode]: Enabled GameManager::setGameVariable hook at 0x3884e0 for absolllute.megahack
17:23:28 DEBUG [Main] [Geode]: Enabled GameManager::getGameVariable hook at 0x388730 for absolllute.megahack
17:23:28 DEBUG [Main] [Geode]: Enabled MenuLayer::init hook at 0x4db450 for absolllute.megahack
17:23:28 INFO  [Main] [Geode]: Continuing mod graph refresh...
17:23:28 DEBUG [Main] [Geode]:   Loading mods
17:23:28 DEBUG [Main] [Geode]:     mat.run-info v1.0.2
17:23:28 DEBUG [Mod Unzip] [Geode]:  Unzip
17:23:28 DEBUG [Mod Unzip] [Geode]:  Same hash detected, skipping unzip
17:23:28 DEBUG [Main] [Geode]:       Load
17:23:28 DEBUG [Main] [Geode]:       Loading binary for mod mat.run-info
17:23:28 DEBUG [Main] [Geode]:       Enabled PlayLayer::init hook at 0x53c4a0 for mat.run-info
17:23:28 DEBUG [Main] [Geode]:       Enabled PlayLayer::resetLevel hook at 0x54a130 for mat.run-info
17:23:28 DEBUG [Main] [Geode]:       Enabled PlayLayer::togglePracticeMode hook at 0x54ad30 for mat.run-info
17:23:28 INFO  [Main] [Geode]: Took 0.038s
17:23:28 INFO  [Main] [Geode]: Continuing mod graph refresh...
17:23:28 DEBUG [Main] [Geode]:   Loading mods
17:23:28 DEBUG [Main] [Geode]:     alphalaneous.projectedstars v1.1.2 has unresolved dependencies
17:23:28 INFO  [Main] [Geode]: Took 0.016s
17:23:28 INFO  [Main] [Geode]: Continuing mod graph refresh...
17:23:28 DEBUG [Main] [Geode]:   Loading mods
17:23:28 DEBUG [Main] [Geode]:     elohmrow.death_tracker v1.4.3
17:23:28 DEBUG [Mod Unzip] [Geode]:  Unzip
17:23:28 DEBUG [Mod Unzip] [Geode]:  Same hash detected, skipping unzip
17:23:28 DEBUG [Main] [Geode]:       Load
17:23:28 DEBUG [Main] [Geode]:       Loading binary for mod elohmrow.death_tracker
17:23:28 DEBUG [Main] [Geode]:       Enabled GJBaseGameLayer::setStartPosObject hook at 0x3f9e90 for elohmrow.death_tracker
17:23:28 DEBUG [Main] [Geode]:       Enabled PlayLayer::checkpointActivated hook at 0x5476c0 for elohmrow.death_tracker
17:23:28 DEBUG [Main] [Geode]:       Enabled PlayLayer::onQuit hook at 0x54b480 for elohmrow.death_tracker
17:23:28 DEBUG [Main] [Geode]:       Enabled PlayLayer::resetLevelFromStart hook at 0x54a090 for elohmrow.death_tracker
17:23:28 DEBUG [Main] [Geode]:       Enabled PlayerObject::playerDestroyed hook at 0x531b30 for elohmrow.death_tracker
17:23:28 DEBUG [Main] [Geode]:       Enabled LevelInfoLayer::onLevelInfo hook at 0x4b6a70 for elohmrow.death_tracker
17:23:28 DEBUG [Main] [Geode]:       Enabled EditLevelLayer::onLevelInfo hook at 0x2fdb40 for elohmrow.death_tracker
17:23:28 DEBUG [Main] [Geode]:       Enabled LevelPage::onInfo hook at 0x4cc400 for elohmrow.death_tracker
17:23:28 DEBUG [Main] [Geode]:       Enabled cocos2d::CCLayerColor::initWithColor hook at 0x741a4c70 for elohmrow.death_tracker
17:23:28 DEBUG [Main] [Geode]:       Enabled FLAlertLayer::init hook at 0x290f60 for elohmrow.death_tracker
17:23:28 DEBUG [Main] [Geode]:       Enabled FLAlertLayer::keyBackClicked hook at 0x291a10 for elohmrow.death_tracker
17:23:28 DEBUG [Main] [Geode]:       Enabled FLAlertLayer::onBtn1 hook at 0x291ab0 for elohmrow.death_tracker
17:23:28 DEBUG [Main] [Geode]:       Enabled FLAlertLayer::show hook at 0x291cd0 for elohmrow.death_tracker
17:23:28 INFO  [Main] [Geode]: Took 0.04s
17:23:28 INFO  [Main] [Geode]: Continuing mod graph refresh...
17:23:28 DEBUG [Main] [Geode]:   Loading mods
17:23:28 DEBUG [Main] [Geode]:     abb2k.backup v1.0.4
17:23:28 DEBUG [Mod Unzip] [Geode]:  Unzip
17:23:28 DEBUG [Mod Unzip] [Geode]:  Same hash detected, skipping unzip
17:23:28 DEBUG [Main] [Geode]:       Load
17:23:28 DEBUG [Main] [Geode]:       Loading binary for mod abb2k.backup
17:23:28 DEBUG [Main] [Geode]:       Enabled MenuLayer::init hook at 0x4db450 for abb2k.backup
17:23:28 DEBUG [Main] [Geode]:       Enabled OptionsLayer::customSetup hook at 0x5102d0 for abb2k.backup
17:23:28 DEBUG [Main] [Geode]:       Enabled GameManager::doQuickSave hook at 0x38de10 for abb2k.backup
17:23:28 INFO  [Main] [Geode]: Took 0.033s
17:23:28 INFO  [Main] [Geode]: Continuing mod graph refresh...
17:23:28 DEBUG [Main] [Geode]:   Loading mods
17:23:28 DEBUG [Main] [Geode]:     adyagd.godlikefaces v1.1.1
17:23:28 DEBUG [Mod Unzip] [Geode]:  Unzip
17:23:28 DEBUG [Mod Unzip] [Geode]:  Same hash detected, skipping unzip
17:23:28 DEBUG [Main] [Geode]:       Load
17:23:28 DEBUG [Main] [Geode]:       Loading binary for mod adyagd.godlikefaces
17:23:28 DEBUG [Main] [Geode]:       Enabled GJDifficultySprite::create hook at 0x476be0 for adyagd.godlikefaces
17:23:28 DEBUG [Main] [Geode]:       Enabled GJDifficultySprite::updateDifficultyFrame hook at 0x476e30 for adyagd.godlikefaces
17:23:28 DEBUG [Main] [Geode]:       Enabled GJDifficultySprite::updateFeatureState hook at 0x476ff0 for adyagd.godlikefaces
17:23:28 DEBUG [Main] [Geode]:       Enabled RateStarsLayer::init hook at 0x554920 for adyagd.godlikefaces
17:23:28 DEBUG [Main] [Geode]:       Enabled RateStarsLayer::onFeature hook at 0x554f90 for adyagd.godlikefaces
17:23:28 DEBUG [Main] [Geode]:       Enabled RateStarsLayer::selectRating hook at 0x555070 for adyagd.godlikefaces
17:23:28 INFO  [Main] [Geode]: Took 0.033s
17:23:28 INFO  [Main] [Geode]: Continuing mod graph refresh...
17:23:28 DEBUG [Main] [Geode]:   Loading mods
17:23:28 DEBUG [Main] [Geode]:     alphalaneous.integratedloquibot v1.3.4 has unresolved dependencies
17:23:28 INFO  [Main] [Geode]: Took 0.016s
17:23:28 INFO  [Main] [Geode]: Continuing mod graph refresh...
17:23:28 DEBUG [Main] [Geode]:   Loading mods
17:23:28 DEBUG [Main] [Geode]:     bitz.customprofiles v1.0.5 has unresolved dependencies
17:23:28 INFO  [Main] [Geode]: Took 0.016s
17:23:28 INFO  [Main] [Geode]: Continuing mod graph refresh...
17:23:28 DEBUG [Main] [Geode]:   Loading mods
17:23:28 DEBUG [Main] [Geode]:     capeling.icon_profile_2.2 v1.1.4
17:23:28 DEBUG [Mod Unzip] [Geode]:  Unzip
17:23:28 DEBUG [Mod Unzip] [Geode]:  Same hash detected, skipping unzip
17:23:28 DEBUG [Main] [Geode]:       Load
17:23:28 DEBUG [Main] [Geode]:       Loading binary for mod capeling.icon_profile_2.2
17:23:28 DEBUG [Main] [Geode]:       Enabled MenuLayer::init hook at 0x4db450 for capeling.icon_profile_2.2
17:23:28 INFO  [Main] [Geode]: Took 0.033s
17:23:28 INFO  [Main] [Geode]: Continuing mod graph refresh...
17:23:28 DEBUG [Main] [Geode]:   Loading mods
17:23:28 DEBUG [Main] [Geode]:     coderqc.gdswearfilter v1.0.1
17:23:28 DEBUG [Mod Unzip] [Geode]:  Unzip
17:23:28 DEBUG [Mod Unzip] [Geode]:  Same hash detected, skipping unzip
17:23:28 DEBUG [Main] [Geode]:       Load
17:23:28 DEBUG [Main] [Geode]:       Loading binary for mod coderqc.gdswearfilter
17:23:28 DEBUG [Main] [Geode]:       Enabled CommentCell::loadFromComment hook at 0x2e4490 for coderqc.gdswearfilter
17:23:28 DEBUG [Main] [Geode]:       Enabled InfoLayer::init hook at 0x488810 for coderqc.gdswearfilter
17:23:28 DEBUG [Main] [Geode]:       Enabled LevelCell::loadFromLevel hook at 0x2dd8b0 for coderqc.gdswearfilter
17:23:28 INFO  [Main] [Geode]: Took 0.033s
17:23:28 INFO  [Main] [Geode]: Continuing mod graph refresh...
17:23:28 DEBUG [Main] [Geode]:   Loading mods
17:23:28 DEBUG [Main] [Geode]:     colon.gold_user_coins v1.0.1
17:23:28 DEBUG [Mod Unzip] [Geode]:  Unzip
17:23:28 DEBUG [Mod Unzip] [Geode]:  Same hash detected, skipping unzip
17:23:28 DEBUG [Main] [Geode]:       Load
17:23:28 DEBUG [Main] [Geode]:       Loading binary for mod colon.gold_user_coins
17:23:28 DEBUG [Main] [Geode]:       Enabled MenuLayer::init hook at 0x4db450 for colon.gold_user_coins
17:23:28 DEBUG [Main] [Geode]:       Enabled cocos2d::CCSprite::setColor hook at 0x741d78a0 for colon.gold_user_coins
17:23:28 INFO  [Main] [Geode]: Took 0.033s
17:23:28 INFO  [Main] [Geode]: Continuing mod graph refresh...
17:23:28 DEBUG [Main] [Geode]:   Loading mods
17:23:28 DEBUG [Main] [Geode]:     cvolton.betterinfo v4.0.0-alpha.13 has unresolved dependencies
17:23:28 INFO  [Main] [Geode]: Took 0.016s
17:23:28 INFO  [Main] [Geode]: Continuing mod graph refresh...
17:23:28 DEBUG [Main] [Geode]:   Loading mods
17:23:28 DEBUG [Main] [Geode]:     dankmeme.globed2 v1.0.5 has unresolved dependencies
17:23:28 INFO  [Main] [Geode]: Took 0.016s
17:23:28 INFO  [Main] [Geode]: Continuing mod graph refresh...
17:23:28 DEBUG [Main] [Geode]:   Loading mods
17:23:28 DEBUG [Main] [Geode]:     elnexreal.copy_song_id v1.2.2
17:23:28 DEBUG [Mod Unzip] [Geode]:  Unzip
17:23:28 DEBUG [Mod Unzip] [Geode]:  Same hash detected, skipping unzip
17:23:28 DEBUG [Main] [Geode]:       Load
17:23:28 DEBUG [Main] [Geode]:       Loading binary for mod elnexreal.copy_song_id
17:23:28 DEBUG [Main] [Geode]:       Enabled LevelInfoLayer::init hook at 0x4b16a0 for elnexreal.copy_song_id
17:23:28 DEBUG [Main] [Geode]:       Enabled LevelInfoLayer::levelDownloadFinished hook at 0x4b4f00 for elnexreal.copy_song_id
17:23:28 INFO  [Main] [Geode]: Took 0.033s
17:23:28 INFO  [Main] [Geode]: Continuing mod graph refresh...
17:23:28 DEBUG [Main] [Geode]:   Loading mods
17:23:28 DEBUG [Main] [Geode]:     gdutilsdevs.gdutils v1.2.14
17:23:28 DEBUG [Mod Unzip] [Geode]:  Unzip
17:23:28 DEBUG [Mod Unzip] [Geode]:  Same hash detected, skipping unzip
17:23:28 DEBUG [Main] [Geode]:       Load
17:23:28 DEBUG [Main] [Geode]:       Loading binary for mod gdutilsdevs.gdutils
17:23:28 DEBUG [Main] [Geode]:       Enabled cocos2d::CCScheduler::update hook at 0x74206db0 for gdutilsdevs.gdutils
17:23:28 DEBUG [Main] [Geode]:       Enabled cocos2d::CCScheduler::update hook at 0x74206db0 for gdutilsdevs.gdutils
17:23:28 DEBUG [Main] [Geode]:       Enabled PlayLayer::init hook at 0x53c4a0 for gdutilsdevs.gdutils
17:23:28 DEBUG [Main] [Geode]:       Enabled PlayLayer::onQuit hook at 0x54b480 for gdutilsdevs.gdutils
17:23:28 DEBUG [Main] [Geode]:       Enabled EditorUI::onPause hook at 0x306130 for gdutilsdevs.gdutils
17:23:28 DEBUG [Main] [Geode]:       Enabled EditorUI::onPlayback hook at 0x329d20 for gdutilsdevs.gdutils
17:23:28 DEBUG [Main] [Geode]:       Enabled EditorUI::onPlaytest hook at 0x32a090 for gdutilsdevs.gdutils
17:23:28 DEBUG [Main] [Geode]:       Enabled EditorUI::onStopPlaytest hook at 0x32a200 for gdutilsdevs.gdutils
17:23:28 DEBUG [Main] [Geode]:       Enabled FriendsProfilePage::init hook at 0x350a10 for gdutilsdevs.gdutils
17:23:28 DEBUG [Main] [Geode]:       Enabled LeaderboardsLayer::init hook at 0x48dc60 for gdutilsdevs.gdutils
17:23:28 DEBUG [Main] [Geode]:       Enabled SecretLayer2::init hook at 0x5656d0 for gdutilsdevs.gdutils
17:23:28 DEBUG [Main] [Geode]:       Enabled SecretLayer2::onSubmit hook at 0x5671c0 for gdutilsdevs.gdutils
17:23:28 DEBUG [Main] [Geode]:       Enabled SecretLayer2::updateSearchLabel hook at 0x5684b0 for gdutilsdevs.gdutils
17:23:28 DEBUG [Main] [Geode]:       Enabled LevelInfoLayer::init hook at 0x4b16a0 for gdutilsdevs.gdutils
17:23:28 DEBUG [Main] [Geode]:       Enabled InfoLayer::init hook at 0x488810 for gdutilsdevs.gdutils
17:23:28 DEBUG [Main] [Geode]:       Enabled ProfilePage::loadPageFromUserInfo hook at 0x54dda0 for gdutilsdevs.gdutils
17:23:28 INFO  [Main] [GDUtils]:     GDUtils Mod Loaded
17:23:28 INFO  [Main] [GDUtils]:     Le protocole a été enregistré avec succès pour cet utilisateur.
17:23:28 INFO  [Main] [Geode]: Took 0.039s
17:23:28 INFO  [Main] [Geode]: Continuing mod graph refresh...
17:23:28 DEBUG [Main] [Geode]:   Loading mods
17:23:28 DEBUG [Main] [Geode]:     thesillydoggo.better_startpos_menu v1.1.0
17:23:28 INFO  [Thread #6392] [GDUtils]: Starting socket...
17:23:28 DEBUG [Mod Unzip] [Geode]:  Unzip
17:23:28 DEBUG [Mod Unzip] [Geode]:  Same hash detected, skipping unzip
17:23:28 DEBUG [Main] [Geode]:       Load
17:23:28 DEBUG [Main] [Geode]:       Loading binary for mod thesillydoggo.better_startpos_menu
17:23:28 DEBUG [Main] [Geode]:       Enabled LevelSettingsLayer::init hook at 0x4cce20 for thesillydoggo.better_startpos_menu
17:23:28 INFO  [Main] [Geode]: Took 0.05s
17:23:28 INFO  [Main] [Geode]: Continuing mod graph refresh...
17:23:28 DEBUG [Main] [Geode]:   Loading mods
17:23:28 DEBUG [Main] [Geode]:     geode.custom-keybinds v1.4.0
17:23:28 DEBUG [Mod Unzip] [Geode]:  Unzip
17:23:28 DEBUG [Mod Unzip] [Geode]:  Same hash detected, skipping unzip
17:23:28 DEBUG [Main] [Geode]:       Load
17:23:28 DEBUG [Main] [Geode]:       Loading binary for mod geode.custom-keybinds
17:23:28 DEBUG [Main] [Geode]:       Enabled EditorPauseLayer::customSetup hook at 0x300730 for geode.custom-keybinds
17:23:28 DEBUG [Main] [Geode]:       Enabled EditorPauseLayer::keyDown hook at 0x303080 for geode.custom-keybinds
17:23:28 DEBUG [Main] [Geode]:       Enabled EditorUI::init hook at 0x304260 for geode.custom-keybinds
17:23:28 DEBUG [Main] [Geode]:       Enabled EditorUI::keyDown hook at 0x33a300 for geode.custom-keybinds
17:23:28 DEBUG [Main] [Geode]:       Enabled EditorUI::keyUp hook at 0x33b210 for geode.custom-keybinds
17:23:28 DEBUG [Main] [Geode]:       Enabled EditorUI::moveObjectCall hook at 0x334d40 for geode.custom-keybinds
17:23:28 DEBUG [Main] [Geode]:       Enabled EditorUI::transformObjectCall hook at 0x335380 for geode.custom-keybinds
17:23:28 DEBUG [Main] [Geode]:       Enabled PauseLayer::customSetup hook at 0x5189f0 for geode.custom-keybinds
17:23:28 DEBUG [Main] [Geode]:       Enabled PauseLayer::keyDown hook at 0x51a310 for geode.custom-keybinds
17:23:28 DEBUG [Main] [Geode]:       Enabled UILayer::init hook at 0x61ec10 for geode.custom-keybinds
17:23:28 DEBUG [Main] [Geode]:       Enabled UILayer::keyDown hook at 0x61f930 for geode.custom-keybinds
17:23:28 DEBUG [Main] [Geode]:       Enabled UILayer::keyUp hook at 0x61f950 for geode.custom-keybinds
17:23:28 DEBUG [Main] [Geode]:       Enabled cocos2d::CCKeyboardDispatcher::dispatchKeyboardMSG hook at 0x7419be70 for geode.custom-keybinds
17:23:28 DEBUG [Main] [Geode]:       Enabled cocos2d::CCKeyboardDispatcher::updateModifierKeys hook at 0x7419ca70 for geode.custom-keybinds
17:23:28 DEBUG [Main] [Geode]:       Enabled MoreOptionsLayer::onKeybindings hook at 0x3021a0 for geode.custom-keybinds
17:23:28 INFO  [Main] [Geode]: Took 0.04s
17:23:28 INFO  [Main] [Geode]: Continuing mod graph refresh...
17:23:28 DEBUG [Main] [Geode]:   Loading mods
17:23:28 DEBUG [Main] [Geode]:     dankmeme.globed2 v1.0.5
17:23:28 DEBUG [Mod Unzip] [Geode]:  Unzip
17:23:28 DEBUG [Mod Unzip] [Geode]:  Same hash detected, skipping unzip
17:23:28 DEBUG [Main] [Geode]:       Load
17:23:28 DEBUG [Main] [Geode]:       Loading binary for mod dankmeme.globed2
17:23:28 DEBUG [Main] [Geode]:       Enabled PlayerObject::incrementJumps hook at 0x5277f0 for dankmeme.globed2
17:23:28 DEBUG [Main] [Geode]:       Enabled PlayerObject::playDeathEffect hook at 0x51a470 for dankmeme.globed2
17:23:28 DEBUG [Main] [Geode]:       Enabled PlayerObject::playSpiderDashEffect hook at 0x52f5b0 for dankmeme.globed2
17:23:28 DEBUG [Main] [Geode]:       Enabled PlayLayer::init hook at 0x53c4a0 for dankmeme.globed2
17:23:28 DEBUG [Main] [Geode]:       Enabled PlayLayer::onQuit hook at 0x54b480 for dankmeme.globed2
17:23:28 DEBUG [Main] [Geode]:       Enabled AppDelegate::applicationDidEnterBackground hook at 0x2bb4f0 for dankmeme.globed2
17:23:28 DEBUG [Main] [Geode]:       Enabled AppDelegate::applicationWillEnterForeground hook at 0x2bb530 for dankmeme.globed2
17:23:28 DEBUG [Main] [Geode]:       Enabled GameManager::loadIcon hook at 0x387440 for dankmeme.globed2
17:23:28 DEBUG [Main] [Geode]:       Enabled GameManager::returnToLastScene hook at 0x38e110 for dankmeme.globed2
17:23:28 DEBUG [Main] [Geode]:       Enabled LoadingLayer::loadingFinished hook at 0x4d6ae0 for dankmeme.globed2
17:23:28 DEBUG [Main] [Geode]:       Enabled MenuLayer::init hook at 0x4db450 for dankmeme.globed2
17:23:28 DEBUG [Main] [Geode]:       Enabled PauseLayer::customSetup hook at 0x5189f0 for dankmeme.globed2
17:23:28 INFO  [Main] [Geode]: Took 0.044s
17:23:28 INFO  [Main] [Geode]: Continuing mod graph refresh...
17:23:28 DEBUG [Main] [Geode]:   Loading mods
17:23:28 DEBUG [Main] [Geode]:     geode.node-ids v1.3.0
17:23:28 DEBUG [Mod Unzip] [Geode]:  Unzip
17:23:28 DEBUG [Mod Unzip] [Geode]:  Same hash detected, skipping unzip
17:23:28 DEBUG [Main] [Geode]:       Load
17:23:28 DEBUG [Main] [Geode]:       Loading binary for mod geode.node-ids
17:23:28 DEBUG [Main] [Geode]:       Enabled CommentCell::loadFromComment hook at 0x2e4490 for geode.node-ids
17:23:28 DEBUG [Main] [Geode]:       Enabled CreatorLayer::init hook at 0x2cf550 for geode.node-ids
17:23:28 DEBUG [Main] [Geode]:       Enabled CustomizeObjectLayer::init hook at 0x2d64a0 for geode.node-ids
17:23:28 DEBUG [Main] [Geode]:       Enabled CustomizeObjectLayer::toggleVisible hook at 0x2d9780 for geode.node-ids
17:23:28 DEBUG [Main] [Geode]:       Enabled DailyLevelNode::init hook at 0x2f96c0 for geode.node-ids
17:23:28 DEBUG [Main] [Geode]:       Enabled DailyLevelPage::init hook at 0x2f76d0 for geode.node-ids
17:23:28 DEBUG [Main] [Geode]:       Enabled EditLevelLayer::init hook at 0x2fc8e0 for geode.node-ids
17:23:28 DEBUG [Main] [Geode]:       Enabled EditorPauseLayer::init hook at 0x300020 for geode.node-ids
17:23:28 DEBUG [Main] [Geode]:       Enabled EditorUI::init hook at 0x304260 for geode.node-ids
17:23:28 DEBUG [Main] [Geode]:       Enabled GJGarageLayer::init hook at 0x44f250 for geode.node-ids
17:23:28 DEBUG [Main] [Geode]:       Enabled GJGarageLayer::setupPage hook at 0x451d70 for geode.node-ids
17:23:28 DEBUG [Main] [Geode]:       Enabled GJScoreCell::loadFromScore hook at 0x2e65b0 for geode.node-ids
17:23:28 DEBUG [Main] [Geode]:       Enabled GameToolbox::addBackButton hook at 0x2a1910 for geode.node-ids
17:23:28 DEBUG [Main] [Geode]:       Enabled GameToolbox::addRThumbScrollButton hook at 0x2a19c0 for geode.node-ids
17:23:28 DEBUG [Main] [Geode]:       Enabled InfoLayer::init hook at 0x488810 for geode.node-ids
17:23:28 DEBUG [Main] [Geode]:       Enabled LeaderboardsLayer::init hook at 0x48dc60 for geode.node-ids
17:23:28 DEBUG [Main] [Geode]:       Enabled LevelBrowserLayer::init hook at 0x492e60 for geode.node-ids
17:23:28 DEBUG [Main] [Geode]:       Enabled LevelCell::loadCustomLevelCell hook at 0x2dda60 for geode.node-ids
17:23:28 DEBUG [Main] [Geode]:       Enabled LevelCell::loadFromLevel hook at 0x2dd8b0 for geode.node-ids
17:23:28 DEBUG [Main] [Geode]:       Enabled LevelCell::loadLocalLevelCell hook at 0x2e04d0 for geode.node-ids
17:23:28 DEBUG [Main] [Geode]:       Enabled LevelInfoLayer::init hook at 0x4b16a0 for geode.node-ids
17:23:28 DEBUG [Main] [Geode]:       Enabled LevelInfoLayer::setupPlatformerStats hook at 0x4b3a90 for geode.node-ids
17:23:28 DEBUG [Main] [Geode]:       Enabled LevelInfoLayer::setupProgressBars hook at 0x4b3e20 for geode.node-ids
17:23:28 DEBUG [Main] [Geode]:       Enabled LevelInfoLayer::updateLabelValues hook at 0x4b6d20 for geode.node-ids
17:23:28 DEBUG [Main] [Geode]:       Enabled LevelLeaderboard::init hook at 0x4b8060 for geode.node-ids
17:23:28 DEBUG [Main] [Geode]:       Enabled LevelSearchLayer::init hook at 0x4c0f10 for geode.node-ids
17:23:28 DEBUG [Main] [Geode]:       Enabled PauseLayer::customSetup hook at 0x5189f0 for geode.node-ids
17:23:28 DEBUG [Main] [Geode]:       Enabled PlayerObject::init hook at 0x5224c0 for geode.node-ids
17:23:28 DEBUG [Main] [Geode]:       Enabled ProfilePage::init hook at 0x54d080 for geode.node-ids
17:23:28 DEBUG [Main] [Geode]:       Enabled ProfilePage::loadPageFromUserInfo hook at 0x54dda0 for geode.node-ids
17:23:28 DEBUG [Main] [Geode]:       Enabled RewardsPage::init hook at 0x5567f0 for geode.node-ids
17:23:28 DEBUG [Main] [Geode]:       Enabled UILayer::init hook at 0x61ec10 for geode.node-ids
17:23:28 INFO  [Main] [Geode]: Took 0.038s
17:23:28 INFO  [Main] [Geode]: Continuing mod graph refresh...
17:23:28 DEBUG [Main] [Geode]:   Loading mods
17:23:28 DEBUG [Main] [Geode]:     thesillydoggo.animatedprofiles v1.0.1
17:23:28 DEBUG [Mod Unzip] [Geode]:  Unzip
17:23:28 DEBUG [Mod Unzip] [Geode]:  Same hash detected, skipping unzip
17:23:28 DEBUG [Main] [Geode]:       Load
17:23:28 DEBUG [Main] [Geode]:       Loading binary for mod thesillydoggo.animatedprofiles
17:23:28 DEBUG [Main] [Geode]:       Enabled ProfilePage::init hook at 0x54d080 for thesillydoggo.animatedprofiles
17:23:28 DEBUG [Main] [Geode]:       Enabled ProfilePage::loadPageFromUserInfo hook at 0x54dda0 for thesillydoggo.animatedprofiles
17:23:28 DEBUG [Main] [Geode]:       Enabled CommentCell::loadFromComment hook at 0x2e4490 for thesillydoggo.animatedprofiles
17:23:28 DEBUG [Main] [Geode]:       Enabled CCAnimatedSprite::runAnimation hook at 0x281640 for thesillydoggo.animatedprofiles
17:23:28 INFO  [Main] [Geode]: Took 0.033s
17:23:28 INFO  [Main] [Geode]: Continuing mod graph refresh...
17:23:28 DEBUG [Main] [Geode]:   Loading mods
17:23:28 DEBUG [Main] [Geode]:     redlime.statchanges v1.1.0
17:23:28 DEBUG [Mod Unzip] [Geode]:  Unzip
17:23:28 DEBUG [Mod Unzip] [Geode]:  Same hash detected, skipping unzip
17:23:28 DEBUG [Main] [Geode]:       Load
17:23:28 DEBUG [Main] [Geode]:       Loading binary for mod redlime.statchanges
17:23:28 DEBUG [Main] [Geode]:       Enabled ProfilePage::init hook at 0x54d080 for redlime.statchanges
17:23:28 DEBUG [Main] [Geode]:       Enabled ProfilePage::loadPageFromUserInfo hook at 0x54dda0 for redlime.statchanges
17:23:28 DEBUG [Main] [Geode]:       Enabled ProfilePage::onClose hook at 0x5515e0 for redlime.statchanges
17:23:28 INFO  [stdout]: [2024-02-11 17:23:28] [connect] Successful connection
17:23:28 INFO  [Main] [Geode]: Took 0.033s
17:23:28 INFO  [Main] [Geode]: Continuing mod graph refresh...
17:23:28 DEBUG [Main] [Geode]:   Loading mods
17:23:28 DEBUG [Main] [Geode]:     hjfod.gdshare v1.0.4 has unresolved dependencies
17:23:28 INFO  [Main] [Geode]: Took 0.016s
17:23:28 INFO  [Main] [Geode]: Continuing mod graph refresh...
17:23:28 DEBUG [Main] [Geode]:   Loading mods
17:23:28 DEBUG [Main] [Geode]:     cvolton.betterinfo v4.0.0-alpha.13
17:23:28 DEBUG [Mod Unzip] [Geode]:  Unzip
17:23:28 DEBUG [Mod Unzip] [Geode]:  Same hash detected, skipping unzip
17:23:28 DEBUG [Main] [Geode]:       Load
17:23:28 DEBUG [Main] [Geode]:       Loading binary for mod cvolton.betterinfo
17:23:28 DEBUG [Main] [Geode]:       Enabled CommentCell::FLAlert_Clicked hook at 0x2e63d0 for cvolton.betterinfo
17:23:28 DEBUG [Main] [Geode]:       Enabled CommentCell::loadFromComment hook at 0x2e4490 for cvolton.betterinfo
17:23:28 DEBUG [Main] [Geode]:       Enabled CommentCell::onConfirmDelete hook at 0x2e62c0 for cvolton.betterinfo
17:23:28 DEBUG [Main] [Geode]:       Enabled CommentCell::onLike hook at 0x2e6110 for cvolton.betterinfo
17:23:28 DEBUG [Main] [Geode]:       Enabled CreatorLayer::init hook at 0x2cf550 for cvolton.betterinfo
17:23:28 DEBUG [Main] [Geode]:       Enabled CreatorLayer::onChallenge hook at 0x2d0dd0 for cvolton.betterinfo
17:23:28 DEBUG [Main] [Geode]:       Enabled DailyLevelNode::init hook at 0x2f96c0 for cvolton.betterinfo
17:23:28 DEBUG [Main] [Geode]:       Enabled DailyLevelPage::init hook at 0x2f76d0 for cvolton.betterinfo
17:23:28 DEBUG [Main] [Geode]:       Enabled DailyLevelPage::updateTimers hook at 0x2f9120 for cvolton.betterinfo
17:23:28 DEBUG [Main] [Geode]:       Enabled EditLevelLayer::init hook at 0x2fc8e0 for cvolton.betterinfo
17:23:28 DEBUG [Main] [Geode]:       Enabled EditLevelLayer::onLevelInfo hook at 0x2fdb40 for cvolton.betterinfo
17:23:28 DEBUG [Main] [Geode]:       Enabled GJLevelList::showListInfo hook at 0x37cef0 for cvolton.betterinfo
17:23:28 DEBUG [Main] [Geode]:       Enabled GJScoreCell::loadFromScore hook at 0x2e65b0 for cvolton.betterinfo
17:23:28 DEBUG [Main] [Geode]:       Enabled GameLevelManager::getCompletedLevels hook at 0x357790 for cvolton.betterinfo
17:23:28 DEBUG [Main] [Geode]:       Enabled GameLevelManager::getSavedLevels hook at 0x357340 for cvolton.betterinfo
17:23:28 DEBUG [Main] [Geode]:       Enabled GameLevelManager::limitSavedLevels hook at 0x359210 for cvolton.betterinfo
17:23:28 DEBUG [Main] [Geode]:       Enabled GameLevelManager::userNameForUserID hook at 0x356290 for cvolton.betterinfo
17:23:28 DEBUG [Main] [Geode]:       Enabled InfoLayer::init hook at 0x488810 for cvolton.betterinfo
17:23:28 DEBUG [Main] [Geode]:       Enabled InfoLayer::loadPage hook at 0x48b340 for cvolton.betterinfo
17:23:28 DEBUG [Main] [Geode]:       Enabled InfoLayer::onLevelInfo hook at 0x48ada0 for cvolton.betterinfo
17:23:28 DEBUG [Main] [Geode]:       Enabled InfoLayer::onMore hook at 0x48aaa0 for cvolton.betterinfo
17:23:28 DEBUG [Main] [Geode]:       Enabled InfoLayer::setupCommentsBrowser hook at 0x48b670 for cvolton.betterinfo
17:23:28 DEBUG [Main] [Geode]:       Enabled LeaderboardsLayer::init hook at 0x48dc60 for cvolton.betterinfo
17:23:28 DEBUG [Main] [Geode]:       Enabled LevelAreaInnerLayer::init hook at 0x4911e0 for cvolton.betterinfo
17:23:28 DEBUG [Main] [Geode]:       Enabled LevelBrowserLayer::init hook at 0x492e60 for cvolton.betterinfo
17:23:28 DEBUG [Main] [Geode]:       Enabled LevelBrowserLayer::onGoToPage hook at 0x495c40 for cvolton.betterinfo
17:23:28 DEBUG [Main] [Geode]:       Enabled LevelBrowserLayer::setupPageInfo hook at 0x4959e0 for cvolton.betterinfo
17:23:28 DEBUG [Main] [Geode]:       Enabled LevelCell::loadCustomLevelCell hook at 0x2dda60 for cvolton.betterinfo
17:23:28 DEBUG [Main] [Geode]:       Enabled LevelCell::onViewProfile hook at 0x2e0f70 for cvolton.betterinfo
17:23:28 DEBUG [Main] [Geode]:       Enabled LevelInfoLayer::init hook at 0x4b16a0 for cvolton.betterinfo
17:23:28 DEBUG [Main] [Geode]:       Enabled LevelInfoLayer::onLevelInfo hook at 0x4b6a70 for cvolton.betterinfo
17:23:28 DEBUG [Main] [Geode]:       Enabled LevelInfoLayer::onViewProfile hook at 0x4b6a10 for cvolton.betterinfo
17:23:28 DEBUG [Main] [Geode]:       Enabled LevelInfoLayer::updateLabelValues hook at 0x4b6d20 for cvolton.betterinfo
17:23:28 DEBUG [Main] [Geode]:       Enabled LevelLeaderboard::init hook at 0x4b8060 for cvolton.betterinfo
17:23:28 DEBUG [Main] [Geode]:       Enabled LevelListCell::loadFromList hook at 0x2eb570 for cvolton.betterinfo
17:23:28 DEBUG [Main] [Geode]:       Enabled LevelPage::onInfo hook at 0x4cc400 for cvolton.betterinfo
17:23:28 DEBUG [Main] [Geode]:       Enabled LevelSearchLayer::getSearchObject hook at 0x4c3ba0 for cvolton.betterinfo
17:23:28 DEBUG [Main] [Geode]:       Enabled MoreSearchLayer::init hook at 0x4c56b0 for cvolton.betterinfo
17:23:28 DEBUG [Main] [Geode]:       Enabled MoreSearchLayer::onSongFilter hook at 0x4c69e0 for cvolton.betterinfo
17:23:28 DEBUG [Main] [Geode]:       Enabled MoreSearchLayer::onSongMode hook at 0x4c6c90 for cvolton.betterinfo
17:23:28 DEBUG [Main] [Geode]:       Enabled PlayLayer::destroyPlayer hook at 0x546730 for cvolton.betterinfo
17:23:28 DEBUG [Main] [Geode]:       Enabled PlayLayer::init hook at 0x53c4a0 for cvolton.betterinfo
17:23:28 DEBUG [Main] [Geode]:       Enabled PlayLayer::levelComplete hook at 0x53db60 for cvolton.betterinfo
17:23:28 DEBUG [Main] [Geode]:       Enabled PlayLayer::onQuit hook at 0x54b480 for cvolton.betterinfo
17:23:28 DEBUG [Main] [Geode]:       Enabled PlayLayer::resetLevel hook at 0x54a130 for cvolton.betterinfo
17:23:28 DEBUG [Main] [Geode]:       Enabled ProfilePage::getUserInfoFailed hook at 0x551e40 for cvolton.betterinfo
17:23:28 DEBUG [Main] [Geode]:       Enabled ProfilePage::init hook at 0x54d080 for cvolton.betterinfo
17:23:28 DEBUG [Main] [Geode]:       Enabled ProfilePage::loadPageFromUserInfo hook at 0x54dda0 for cvolton.betterinfo
17:23:28 DEBUG [Main] [Geode]:       Enabled ProfilePage::onClose hook at 0x5515e0 for cvolton.betterinfo
17:23:28 DEBUG [Main] [Geode]:       Enabled RewardsPage::init hook at 0x5567f0 for cvolton.betterinfo
17:23:28 DEBUG [Main] [Geode]:       Enabled MenuLayer::init hook at 0x4db450 for cvolton.betterinfo
17:23:28 INFO  [Main] [Geode]: Took 0.038s
17:23:28 INFO  [Main] [Geode]: Continuing mod graph refresh...
17:23:28 DEBUG [Main] [Geode]:   Loading mods
17:23:28 DEBUG [Main] [Geode]:     bitz.customprofiles v1.0.5
17:23:28 DEBUG [Mod Unzip] [Geode]:  Unzip
17:23:28 DEBUG [Mod Unzip] [Geode]:  Same hash detected, skipping unzip
17:23:28 DEBUG [Main] [Geode]:       Load
17:23:28 DEBUG [Main] [Geode]:       Loading binary for mod bitz.customprofiles
17:23:28 INFO  [stdout]: [2024-02-11 17:23:28] [connect] WebSocket Connection 62.210.53.67:80 v-2 "WebSocket++/0.8.2" /socket.io/?EIO=4&transport=websocket&t=1707668608 101
17:23:28 INFO  [Thread #7984] [GDUtils]: Socket Connection successful!
17:23:28 INFO  [Thread #6392] [GDUtils]: listening for events
17:23:28 DEBUG [Main] [Geode]:       Enabled GJAccountSettingsLayer::init hook at 0x4684f0 for bitz.customprofiles
17:23:28 DEBUG [Main] [Geode]:       Enabled GJAccountSettingsLayer::onClose hook at 0x469db0 for bitz.customprofiles
17:23:28 DEBUG [Main] [Geode]:       Enabled InfoLayer::init hook at 0x488810 for bitz.customprofiles
17:23:28 DEBUG [Main] [Geode]:       Enabled InfoLayer::setupCommentsBrowser hook at 0x48b670 for bitz.customprofiles
17:23:28 DEBUG [Main] [Geode]:       Enabled ProfilePage::init hook at 0x54d080 for bitz.customprofiles
17:23:28 DEBUG [Main] [Geode]:       Enabled ProfilePage::loadPageFromUserInfo hook at 0x54dda0 for bitz.customprofiles
17:23:28 DEBUG [Main] [Geode]:       Enabled ProfilePage::onUpdate hook at 0x54db10 for bitz.customprofiles
17:23:28 DEBUG [Main] [Geode]:       Enabled ProfilePage::setupCommentsBrowser hook at 0x552160 for bitz.customprofiles
17:23:28 DEBUG [Main] [Geode]:       Enabled CommentCell::draw hook at 0x2dd5b0 for bitz.customprofiles
17:23:28 DEBUG [Main] [Geode]:       Enabled CommentCell::loadFromComment hook at 0x2e4490 for bitz.customprofiles
17:23:28 DEBUG [Main] [Geode]:       Enabled CommentCell::updateBGColor hook at 0x2e6090 for bitz.customprofiles
17:23:28 INFO  [Main] [Geode]: Took 0.033s
17:23:28 INFO  [Main] [Geode]: Continuing mod graph refresh...
17:23:28 DEBUG [Main] [Geode]:   Loading mods
17:23:28 DEBUG [Main] [Geode]:     alphalaneous.integratedloquibot v1.3.4
17:23:28 DEBUG [Mod Unzip] [Geode]:  Unzip
17:23:28 DEBUG [Mod Unzip] [Geode]:  Same hash detected, skipping unzip
17:23:28 INFO  [Main] [Geode]: Took 0.066s
17:23:28 INFO  [Main] [Geode]: Continuing mod graph refresh...
17:23:28 DEBUG [Main] [Geode]:   Loading mods
17:23:28 DEBUG [Main] [Geode]:     alphalaneous.projectedstars v1.1.2
17:23:28 DEBUG [Mod Unzip] [Geode]:  Unzip
17:23:28 DEBUG [Mod Unzip] [Geode]:  Same hash detected, skipping unzip
17:23:28 DEBUG [Main] [Geode]:       Load
17:23:28 DEBUG [Main] [Geode]:       Loading binary for mod alphalaneous.projectedstars
17:23:28 DEBUG [Main] [Geode]:       Enabled LevelInfoLayer::init hook at 0x4b16a0 for alphalaneous.projectedstars
17:23:28 INFO  [Main] [Geode]: Took 0.033s
17:23:28 INFO  [Main] [Geode]: Continuing mod graph refresh...
17:23:28 DEBUG [Main] [Geode]:   Loading mods
17:23:28 DEBUG [Main] [Geode]:     beat.click-sound v1.4.1
17:23:29 DEBUG [Mod Unzip] [Geode]:  Unzip
17:23:29 DEBUG [Mod Unzip] [Geode]:  Same hash detected, skipping unzip
17:23:29 DEBUG [Main] [Geode]:       Load
17:23:29 DEBUG [Main] [Geode]:       Loading binary for mod beat.click-sound
17:23:29 DEBUG [Main] [Geode]:       Enabled PlayerObject::pushButton hook at 0x531d30 for beat.click-sound
17:23:29 DEBUG [Main] [Geode]:       Enabled PlayerObject::releaseButton hook at 0x531f70 for beat.click-sound
17:23:29 DEBUG [Main] [Geode]:       Enabled PauseLayer::customSetup hook at 0x5189f0 for beat.click-sound
17:23:29 DEBUG [Main] [Geode]:       Enabled ProfilePage::init hook at 0x54d080 for beat.click-sound
17:23:29 DEBUG [Main] [Geode]:       Enabled EndLevelLayer::customSetup hook at 0x3474f0 for beat.click-sound
17:23:29 INFO  [Main] [Geode]: Took 0.09s
17:23:29 INFO  [Main] [Geode]: Continuing mod graph refresh...
17:23:29 DEBUG [Main] [Geode]:   Loading mods
17:23:29 DEBUG [Main] [Geode]:     hjfod.gdshare v1.0.4 has unresolved dependencies
17:23:29 INFO  [Main] [Geode]: Took 0.016s
17:23:29 INFO  [Main] [Geode]: Continuing mod graph refresh...
17:23:29 DEBUG [Main] [Geode]:   Loading mods
17:23:29 DEBUG [Main] [Geode]:     hjfod.gmd-api v1.0.1
17:23:29 DEBUG [Mod Unzip] [Geode]:  Unzip
17:23:29 DEBUG [Mod Unzip] [Geode]:  Same hash detected, skipping unzip
17:23:29 DEBUG [Main] [Geode]:       Load
17:23:29 DEBUG [Main] [Geode]:       Loading binary for mod hjfod.gmd-api
17:23:29 INFO  [Main] [Geode]: Took 0.033s
17:23:29 INFO  [Main] [Geode]: Continuing mod graph refresh...
17:23:29 DEBUG [Main] [Geode]:   Loading mods
17:23:29 DEBUG [Main] [Geode]:     hjfod.gdshare v1.0.4
17:23:29 DEBUG [Mod Unzip] [Geode]:  Unzip
17:23:29 DEBUG [Mod Unzip] [Geode]:  Same hash detected, skipping unzip
17:23:29 DEBUG [Main] [Geode]:       Load
17:23:29 DEBUG [Main] [Geode]:       Loading binary for mod hjfod.gdshare
17:23:29 DEBUG [Main] [Geode]:       Enabled EditLevelLayer::init hook at 0x2fc8e0 for hjfod.gdshare
17:23:29 DEBUG [Main] [Geode]:       Enabled LevelInfoLayer::init hook at 0x4b16a0 for hjfod.gdshare
17:23:29 DEBUG [Main] [Geode]:       Enabled LevelBrowserLayer::init hook at 0x492e60 for hjfod.gdshare
17:23:29 INFO  [Main] [Geode]: Took 0.033s
17:23:29 INFO  [Main] [Geode]: Continuing mod graph refresh...
17:23:29 DEBUG [Main] [Geode]:   Loading mods
17:23:29 DEBUG [Main] [Geode]:     redlime.statchanges v1.1.0
17:23:29 INFO  [Main] [Geode]: Took 0.016s
17:23:29 INFO  [Main] [Geode]: Continuing mod graph refresh...
17:23:29 DEBUG [Main] [Geode]:   Loading mods
17:23:29 DEBUG [Main] [Geode]:     thesillydoggo.animatedprofiles v1.0.1
17:23:29 INFO  [Main] [Geode]: Took 0.016s
17:23:29 INFO  [Main] [Geode]: Continuing mod graph refresh...
17:23:29 DEBUG [Main] [Geode]:   Loading mods
17:23:29 DEBUG [Main] [Geode]:     thesillydoggo.entersearch v1.0.0
17:23:29 DEBUG [Mod Unzip] [Geode]:  Unzip
17:23:29 DEBUG [Mod Unzip] [Geode]:  Same hash detected, skipping unzip
17:23:29 DEBUG [Main] [Geode]:       Load
17:23:29 DEBUG [Main] [Geode]:       Loading binary for mod thesillydoggo.entersearch
17:23:29 DEBUG [Main] [Geode]:       Enabled FLAlertLayer::init hook at 0x290f60 for thesillydoggo.entersearch
17:23:29 DEBUG [Main] [Geode]:       Enabled LevelSearchLayer::init hook at 0x4c0f10 for thesillydoggo.entersearch
17:23:29 DEBUG [Main] [Geode]:       Enabled ShareCommentLayer::init hook at 0x5e6490 for thesillydoggo.entersearch
17:23:29 DEBUG [Main] [Geode]:       Enabled cocos2d::CCKeyboardDispatcher::dispatchKeyboardMSG hook at 0x7419be70 for thesillydoggo.entersearch
17:23:29 INFO  [Main] [Geode]: Took 0.053s
17:23:29 INFO  [Main] [Geode]: Continuing mod graph refresh...
17:23:29 DEBUG [Main] [Geode]:   Loading mods
17:23:29 DEBUG [Main] [Geode]:     TheSillyDoggo.GradientPages v2.1.0
17:23:29 DEBUG [Mod Unzip] [Geode]:  Unzip
17:23:29 DEBUG [Mod Unzip] [Geode]:  Same hash detected, skipping unzip
17:23:29 DEBUG [Main] [Geode]:       Load
17:23:29 DEBUG [Main] [Geode]:       Loading binary for mod TheSillyDoggo.GradientPages
17:23:29 DEBUG [Main] [Geode]:       Enabled ProfilePage::init hook at 0x54d080 for TheSillyDoggo.GradientPages
17:23:29 DEBUG [Main] [Geode]:       Enabled ProfilePage::loadPageFromUserInfo hook at 0x54dda0 for TheSillyDoggo.GradientPages
17:23:29 DEBUG [Main] [Geode]:       Enabled GJAccountSettingsLayer::init hook at 0x4684f0 for TheSillyDoggo.GradientPages
17:23:29 DEBUG [Main] [Geode]:       Enabled FRequestProfilePage::init hook at 0x34ef90 for TheSillyDoggo.GradientPages
17:23:29 DEBUG [Main] [Geode]:       Enabled MessagesProfilePage::init hook at 0x4dd1c0 for TheSillyDoggo.GradientPages
17:23:29 DEBUG [Main] [Geode]:       Enabled FriendsProfilePage::init hook at 0x350a10 for TheSillyDoggo.GradientPages
17:23:29 DEBUG [Main] [Geode]:       Enabled InfoLayer::init hook at 0x488810 for TheSillyDoggo.GradientPages
17:23:29 DEBUG [Main] [Geode]:       Enabled GJCommentListLayer::create hook at 0x467dc0 for TheSillyDoggo.GradientPages
17:23:29 DEBUG [Main] [Geode]:       Enabled ItemInfoPopup::init hook at 0x455b80 for TheSillyDoggo.GradientPages
17:23:29 DEBUG [Main] [Geode]:       Enabled ShardsPage::init hook at 0x5e4320 for TheSillyDoggo.GradientPages
17:23:29 DEBUG [Main] [Geode]:       Enabled CommunityCreditsPage::init hook at 0x2c8b10 for TheSillyDoggo.GradientPages
17:23:29 DEBUG [Main] [Geode]:       Enabled DemonFilterSelectLayer::init hook at 0x4c73e0 for TheSillyDoggo.GradientPages
17:23:29 DEBUG [Main] [Geode]:       Enabled MoreSearchLayer::init hook at 0x4c56b0 for TheSillyDoggo.GradientPages
17:23:29 DEBUG [Main] [Geode]:       Enabled ChallengesPage::init hook at 0x2bc560 for TheSillyDoggo.GradientPages
17:23:29 DEBUG [Main] [Geode]:       Enabled SetIDPopup::init hook at 0x46f980 for TheSillyDoggo.GradientPages
17:23:29 INFO  [Main] [Geode]: Took 0.035s
17:23:29 INFO  [Main] [Geode]: Continuing mod graph refresh...
17:23:29 DEBUG [Main] [Geode]:   Loading mods
17:23:29 DEBUG [Main] [Geode]:     xanii.youtubers v1.0.0
17:23:29 DEBUG [Mod Unzip] [Geode]:  Unzip
17:23:29 DEBUG [Mod Unzip] [Geode]:  Same hash detected, skipping unzip
17:23:29 DEBUG [Main] [Geode]:       Load
17:23:29 DEBUG [Main] [Geode]:       Loading binary for mod xanii.youtubers
17:23:29 DEBUG [Main] [Geode]:       Enabled ProfilePage::setupPageInfo hook at 0x552350 for xanii.youtubers
17:23:29 INFO  [Main] [Geode]: Took 0.082s
17:23:29 INFO  [Main] [Geode]: Continuing mod graph refresh...
17:23:29 DEBUG [Main] [Geode]:   Finding problems
17:23:29 DEBUG [Main] [Geode]:     geode.loader
17:23:29 DEBUG [Main] [Geode]:     beat.click-sound
17:23:29 DEBUG [Main] [Geode]:     mat.run-info
17:23:29 DEBUG [Main] [Geode]:     alphalaneous.projectedstars
17:23:29 DEBUG [Main] [Geode]:     elohmrow.death_tracker
17:23:29 DEBUG [Main] [Geode]:     absolllute.megahack
17:23:29 DEBUG [Main] [Geode]:     abb2k.backup
17:23:29 DEBUG [Main] [Geode]:     adyagd.godlikefaces
17:23:29 DEBUG [Main] [Geode]:     alphalaneous.integratedloquibot is not enabled
17:23:29 DEBUG [Main] [Geode]:     bitz.customprofiles
17:23:29 DEBUG [Main] [Geode]:     capeling.icon_profile_2.2
17:23:29 DEBUG [Main] [Geode]:     coderqc.gdswearfilter
17:23:29 DEBUG [Main] [Geode]:     colon.gold_user_coins
17:23:29 DEBUG [Main] [Geode]:     cvolton.betterinfo
17:23:29 DEBUG [Main] [Geode]:     dankmeme.globed2
17:23:29 DEBUG [Main] [Geode]:     elnexreal.copy_song_id
17:23:29 DEBUG [Main] [Geode]:     gdutilsdevs.gdutils
17:23:29 DEBUG [Main] [Geode]:     thesillydoggo.better_startpos_menu
17:23:29 DEBUG [Main] [Geode]:     geode.custom-keybinds
17:23:29 DEBUG [Main] [Geode]:     geode.node-ids
17:23:29 DEBUG [Main] [Geode]:     hjfod.gdshare
17:23:29 DEBUG [Main] [Geode]:     hjfod.gmd-api
17:23:29 DEBUG [Main] [Geode]:     redlime.statchanges
17:23:29 DEBUG [Main] [Geode]:     thesillydoggo.animatedprofiles
17:23:29 DEBUG [Main] [Geode]:     thesillydoggo.entersearch
17:23:29 DEBUG [Main] [Geode]:     TheSillyDoggo.GradientPages
17:23:29 DEBUG [Main] [Geode]:     xanii.youtubers
17:23:29 INFO  [Main] [Geode]:   Took 0.003s
17:23:29 DEBUG [Main] [Geode]: Verifying Loader Resources
17:23:29 DEBUG [Main] [Geode]: Loading Loader Resources
17:23:29 DEBUG [Main] [Geode]: Loading mod resources
17:23:29 DEBUG [Main] [Geode]: Adding resources
17:23:29 DEBUG [Main] [Geode]:   geode.loader
17:23:29 DEBUG [Main] [Geode]:     Adding sheet geode.loader/LogoSheet
17:23:29 DEBUG [Main] [Geode]:     Adding sheet geode.loader/APISheet
17:23:29 DEBUG [Main] [Geode]:     Adding sheet geode.loader/BlankSheet
17:23:29 DEBUG [Main] [Geode]:   adyagd.godlikefaces
17:23:29 DEBUG [Main] [Geode]:     Adding sheet adyagd.godlikefaces/GodlikeDiffSheet
17:23:30 DEBUG [Main] [Geode]:   dankmeme.globed2
17:23:30 DEBUG [Main] [Geode]:     Adding sheet dankmeme.globed2/globedsheet1
17:23:30 DEBUG [Main] [Geode]:   geode.custom-keybinds
17:23:30 DEBUG [Main] [Geode]:     Adding sheet geode.custom-keybinds/KB_ControllerSheet
17:23:30 DEBUG [Main] [Geode]:   hjfod.gdshare
17:23:30 DEBUG [Main] [Geode]:     Adding sheet hjfod.gdshare/GDShare
17:23:30 DEBUG [Main] [Geode]:   TheSillyDoggo.GradientPages
17:23:30 DEBUG [Main] [Geode]:     Adding sheet TheSillyDoggo.GradientPages/UISheet
17:23:39 DEBUG [Main] [Geode]: Checking updates for index
17:23:40 DEBUG [Main] [Geode]: Enabled FMODChannelControl::setVolume hook at 0x6947b180 for absolllute.megahack
17:23:40 DEBUG [Main] [Geode]: Enabled FMODChannelControl::setPitch hook at 0x6947af00 for absolllute.megahack
17:23:40 DEBUG [Main] [Geode]: Enabled cocos2dCCParticleSystem::loadScaledDefaults hook at 0x741bbba0 for absolllute.megahack
17:23:40 DEBUG [Main] [Geode]: Enabled cocos2dCCTransitionFade::create hook at 0x741a7710 for absolllute.megahack
17:23:40 DEBUG [Main] [Geode]: Enabled cocos2dCCTransitionMoveInT::create hook at 0x741a81f0 for absolllute.megahack
17:23:40 DEBUG [Main] [Geode]: Enabled cocos2dCCDirector::drawScene hook at 0x74202ae0 for absolllute.megahack
17:23:40 DEBUG [Main] [Geode]: Enabled cocos2dCCScheduler::update hook at 0x74206db0 for absolllute.megahack
17:23:40 DEBUG [Main] [Geode]: Enabled cocos2dCCIMEDelegate::attachWithIME hook at 0x741f9ea0 for absolllute.megahack
17:23:40 DEBUG [Main] [Geode]: Enabled cocos2dCCIMEDelegate::detachWithIME hook at 0x741f9f20 for absolllute.megahack
17:23:40 DEBUG [Main] [Geode]: Enabled AppDelegate::trySaveGame hook at 0x2bb790 for absolllute.megahack
17:23:40 DEBUG [Main] [Geode]: Enabled GameStatsManager::isItemUnlocked hook at 0x3d6570 for absolllute.megahack
17:23:40 DEBUG [Main] [Geode]: Enabled ColorAction::setupFromString hook at 0x839950 for absolllute.megahack
17:23:40 DEBUG [Main] [Geode]: Enabled GameObject::createWithKey hook at 0x390330 for absolllute.megahack
17:23:40 DEBUG [Main] [Geode]: Enabled UILayer::init hook at 0x61ec10 for absolllute.megahack
17:23:40 DEBUG [Main] [Geode]: Enabled UILayer::keyDown hook at 0x61f930 for absolllute.megahack
17:23:40 DEBUG [Main] [Geode]: Enabled UILayer::keyUp hook at 0x61f950 for absolllute.megahack
17:23:40 DEBUG [Main] [Geode]: Enabled PauseLayer::customSetup hook at 0x5189f0 for absolllute.megahack
17:23:40 DEBUG [Main] [Geode]: Enabled PauseLayer::onResume hook at 0x519f30 for absolllute.megahack
17:23:40 DEBUG [Main] [Geode]: Enabled EndLevelLayer::customSetup hook at 0x3474f0 for absolllute.megahack
17:23:40 DEBUG [Main] [Geode]: Enabled EndLevelLayer::keyDown hook at 0x34a310 for absolllute.megahack
17:23:40 DEBUG [Main] [Geode]: Enabled ShaderLayer::visit hook at 0x5e3810 for absolllute.megahack
17:23:40 DEBUG [Main] [Geode]: Enabled LevelInfoLayer::onPlay hook at 0x4b55b0 for absolllute.megahack
17:23:40 DEBUG [Main] [Geode]: Enabled PlayerObject::togglePlayerScale hook at 0x539170 for absolllute.megahack
17:23:40 DEBUG [Main] [Geode]: Enabled GJBaseGameLayer::handleButton hook at 0x4169f0 for absolllute.megahack
17:23:40 DEBUG [Main] [Geode]: Enabled GJBaseGameLayer::processCommands hook at 0x41d240 for absolllute.megahack
17:23:40 DEBUG [Main] [Geode]: Enabled GJBaseGameLayer::resetLevelVariables hook at 0x41db10 for absolllute.megahack
17:23:40 DEBUG [Main] [Geode]: Enabled GJBaseGameLayer::init hook at 0x3f0290 for absolllute.megahack
17:23:40 DEBUG [Main] [Geode]: Enabled GJBaseGameLayer::visit hook at 0x428ea0 for absolllute.megahack
17:23:40 DEBUG [Main] [Geode]: Enabled PlayLayer::_destructor hook at 0x53c080 for absolllute.megahack
17:23:40 DEBUG [Main] [Geode]: Enabled PlayLayer::init hook at 0x53c4a0 for absolllute.megahack
17:23:40 DEBUG [Main] [Geode]: Enabled PlayLayer::startGame hook at 0x53dab0 for absolllute.megahack
17:23:40 DEBUG [Main] [Geode]: Enabled PlayLayer::onQuit hook at 0x54b480 for absolllute.megahack
17:23:40 DEBUG [Main] [Geode]: Enabled PlayLayer::postUpdate hook at 0x547220 for absolllute.megahack
17:23:40 DEBUG [Main] [Geode]: Enabled PlayLayer::addObject hook at 0x5419b0 for absolllute.megahack
17:23:40 DEBUG [Main] [Geode]: Enabled PlayLayer::destroyPlayer hook at 0x546730 for absolllute.megahack
17:23:40 DEBUG [Main] [Geode]: Enabled PlayLayer::resetLevel hook at 0x54a130 for absolllute.megahack
17:23:40 DEBUG [Main] [Geode]: Enabled PlayLayer::updateAttempts hook at 0x54ab40 for absolllute.megahack
17:23:40 DEBUG [Main] [Geode]: Enabled PlayLayer::pauseGame hook at 0x54ae80 for absolllute.megahack
17:23:40 DEBUG [Main] [Geode]: Enabled PlayLayer::createCheckpoint hook at 0x5476e0 for absolllute.megahack
17:23:40 DEBUG [Main] [Geode]: Enabled PlayLayer::markCheckpoint hook at 0x548550 for absolllute.megahack
17:23:40 DEBUG [Main] [Geode]: Enabled PlayLayer::storeCheckpoint hook at 0x5484a0 for absolllute.megahack
17:23:40 DEBUG [Main] [Geode]: Enabled PlayLayer::playEndAnimationToPos hook at 0x53fe00 for absolllute.megahack
17:23:40 DEBUG [Main] [Geode]: Enabled PlayLayer::playPlatformerEndAnimationToPos hook at 0x5405e0 for absolllute.megahack
17:23:40 DEBUG [Main] [Geode]: Enabled PlayLayer::applyEnterEffect hook at 0x5447d0 for absolllute.megahack
17:23:40 DEBUG [Main] [Geode]: Enabled PlayLayer::applyCustomEnterEffect hook at 0x543f50 for absolllute.megahack
17:23:40 DEBUG [Main] [Geode]: Enabled PlayLayer::updateProgressbar hook at 0x545440 for absolllute.megahack
17:23:40 DEBUG [Main] [Globed]: Preloading death effects..
17:23:48 DEBUG [Main] [Globed]: Took 7.359s.
17:23:48 DEBUG [Main] [Globed]: Preloading icons..
17:23:58 DEBUG [Main] [Globed]: Took 10.219s.
17:23:58 DEBUG [Main] [Globed]: Preloading finished in 17.579s.
17:23:58 INFO  [Main] [BetterInfo]: Music Library response: 1
17:23:58 DEBUG [Index Update] [Geode]: Updating local index cache
17:23:58 INFO  [Network (in) Thread] [Globed]: Successfully logged into the server!
17:24:00 WARN  [Index Update] [Geode]:   settings.mouse-move-on-zoom contains unknown key "platforms"
17:24:00 DEBUG [Index Update] [Geode]:   Done
17:24:05 INFO  [Main] [Animated Profile Icons]: Playing animation: run
17:24:05 INFO  [Main] [Animated Profile Icons]: Playing animation: idle
17:24:05 INFO  [Main] [Animated Profile Icons]: Playing animation: run
17:24:06 INFO  [Main] [Animated Profile Icons]: Playing animation: run
17:24:07 INFO  [Main] [Animated Profile Icons]: Playing animation: run
17:24:09 INFO  [Main] [Animated Profile Icons]: Playing animation: run
17:24:17 INFO  [Main] [Animated Profile Icons]: Playing animation: walk
17:24:17 INFO  [Main] [Animated Profile Icons]: Playing animation: walk
17:24:17 INFO  [Main] [Animated Profile Icons]: Playing animation: walk
17:24:17 INFO  [Main] [Animated Profile Icons]: Playing animation: walk
17:24:17 INFO  [Main] [Animated Profile Icons]: Playing animation: walk
17:24:24 INFO  [Network (in) Thread] [Globed]: Successfully logged into the server!
17:25:06 INFO  [Main] [Animated Profile Icons]: Playing animation: walk
17:25:28 INFO  [Main] [Animated Profile Icons]: Playing animation: run
17:25:28 INFO  [Main] [Animated Profile Icons]: Playing animation: idle
17:25:28 INFO  [Main] [Animated Profile Icons]: Playing animation: run
17:25:28 INFO  [Main] [Animated Profile Icons]: Playing animation: run
17:25:30 INFO  [Main] [Animated Profile Icons]: Playing animation: run
17:25:35 INFO  [Main] [Animated Profile Icons]: Playing animation: run
17:25:35 INFO  [Main] [Animated Profile Icons]: Playing animation: idle
17:25:35 INFO  [Main] [Animated Profile Icons]: Playing animation: run
17:25:36 INFO  [Main] [Animated Profile Icons]: Playing animation: run
17:25:37 INFO  [Main] [Animated Profile Icons]: Playing animation: run
17:25:38 INFO  [Main] [Animated Profile Icons]: Playing animation: run
17:25:39 INFO  [Main] [Animated Profile Icons]: Playing animation: run
17:25:39 INFO  [Main] [Animated Profile Icons]: Playing animation: walk
17:25:39 INFO  [Main] [Animated Profile Icons]: Playing animation: walk
17:25:39 INFO  [Main] [Animated Profile Icons]: Playing animation: walk
17:25:48 INFO  [Main] [Animated Profile Icons]: Playing animation: run
17:25:48 INFO  [Main] [Animated Profile Icons]: Playing animation: not_used
17:25:48 INFO  [Main] [Animated Profile Icons]: Playing animation: run
17:25:48 INFO  [Main] [Animated Profile Icons]: Playing animation: run
17:25:49 INFO  [Main] [Animated Profile Icons]: Playing animation: run
17:25:50 INFO  [Main] [Animated Profile Icons]: Playing animation: run
17:26:08 INFO  [Main] [Animated Profile Icons]: Playing animation: walk
17:26:08 INFO  [Main] [Animated Profile Icons]: Playing animation: walk
17:26:08 INFO  [Main] [Animated Profile Icons]: Playing animation: run
17:26:09 INFO  [Main] [Animated Profile Icons]: Playing animation: run
17:26:16 INFO  [Main] [Animated Profile Icons]: Playing animation: run
17:26:16 INFO  [Main] [Animated Profile Icons]: Playing animation: run
17:26:16 INFO  [Main] [Animated Profile Icons]: Playing animation: walk
17:39:31 INFO  [Main] [GDUtils]: Muting Spotify...
17:39:31 INFO  [Main] [GDUtils]: Mute Application Spotify.exe
17:39:33 INFO  [Main] [Animated Profile Icons]: Playing animation: idle
17:39:33 INFO  [Main] [Animated Profile Icons]: Playing animation: idle
17:39:33 INFO  [Main] [Animated Profile Icons]: Playing animation: idle
17:39:33 INFO  [Main] [Animated Profile Icons]: Playing animation: idle
17:39:33 INFO  [Main] [Animated Profile Icons]: Playing animation: idle
17:39:33 INFO  [Main] [Animated Profile Icons]: Playing animation: idle
17:39:33 INFO  [Main] [Animated Profile Icons]: Playing animation: idle
17:39:33 INFO  [Main] [Animated Profile Icons]: Playing animation: idle
17:39:33 INFO  [Main] [Animated Profile Icons]: Playing animation: idle
17:39:33 INFO  [Main] [Animated Profile Icons]: Playing animation: idle
17:39:33 INFO  [Main] [Animated Profile Icons]: Playing animation: idle
17:39:33 INFO  [Main] [Animated Profile Icons]: Playing animation: idle
17:39:33 INFO  [Main] [Animated Profile Icons]: Playing animation: idle
17:39:33 INFO  [Main] [Animated Profile Icons]: Playing animation: idle
17:39:33 INFO  [Main] [Animated Profile Icons]: Playing animation: idle
17:39:33 INFO  [Main] [Animated Profile Icons]: Playing animation: idle
17:39:33 INFO  [Main] [Animated Profile Icons]: Playing animation: idle
17:39:33 INFO  [Main] [Animated Profile Icons]: Playing animation: idle
17:39:33 INFO  [Main] [Animated Profile Icons]: Playing animation: idle
17:39:33 INFO  [Main] [Animated Profile Icons]: Playing animation: idle
17:39:44 INFO  [Main] [Animated Profile Icons]: Playing animation: idle
17:39:44 INFO  [Main] [Animated Profile Icons]: Playing animation: idle
17:39:44 INFO  [Main] [Animated Profile Icons]: Playing animation: idle
17:39:44 INFO  [Main] [Animated Profile Icons]: Playing animation: idle
17:40:22 INFO  [Main] [GDUtils]: Unmuting Spotify...
17:40:22 INFO  [Main] [GDUtils]: Mute Application Spotify.exe
17:40:45 INFO  [Main] [GDUtils]: Muting Spotify...
17:40:45 INFO  [Main] [GDUtils]: Mute Application Spotify.exe
17:40:47 INFO  [Main] [Animated Profile Icons]: Playing animation: idle
17:40:47 INFO  [Main] [Animated Profile Icons]: Playing animation: idle
17:40:47 INFO  [Main] [Animated Profile Icons]: Playing animation: idle
17:40:47 INFO  [Main] [Animated Profile Icons]: Playing animation: idle
17:40:47 INFO  [Main] [Animated Profile Icons]: Playing animation: idle
17:40:47 INFO  [Main] [Animated Profile Icons]: Playing animation: idle
17:40:47 INFO  [Main] [Animated Profile Icons]: Playing animation: idle
17:40:47 INFO  [Main] [Animated Profile Icons]: Playing animation: idle
17:40:47 INFO  [Main] [Animated Profile Icons]: Playing animation: idle
17:40:47 INFO  [Main] [Animated Profile Icons]: Playing animation: idle
17:40:47 INFO  [Main] [Animated Profile Icons]: Playing animation: idle
17:40:47 INFO  [Main] [Animated Profile Icons]: Playing animation: idle
17:42:42 INFO  [Main] [Animated Profile Icons]: Playing animation: idle
17:42:42 INFO  [Main] [Animated Profile Icons]: Playing animation: idle
17:42:42 INFO  [Main] [Animated Profile Icons]: Playing animation: idle
17:42:42 INFO  [Main] [Animated Profile Icons]: Playing animation: idle
17:43:12 INFO  [Main] [Animated Profile Icons]: Playing animation: idle
17:43:12 INFO  [Main] [Animated Profile Icons]: Playing animation: idle
17:43:12 INFO  [Main] [Animated Profile Icons]: Playing animation: idle
17:43:12 INFO  [Main] [Animated Profile Icons]: Playing animation: idle
17:43:39 INFO  [Main] [Animated Profile Icons]: Playing animation: idle
17:43:39 INFO  [Main] [Animated Profile Icons]: Playing animation: idle
17:43:39 INFO  [Main] [Animated Profile Icons]: Playing animation: idle
17:43:39 INFO  [Main] [Animated Profile Icons]: Playing animation: idle
17:43:51 INFO  [Main] [Animated Profile Icons]: Playing animation: idle
17:43:51 INFO  [Main] [Animated Profile Icons]: Playing animation: idle
17:43:51 INFO  [Main] [Animated Profile Icons]: Playing animation: idle
17:43:51 INFO  [Main] [Animated Profile Icons]: Playing animation: idle
17:43:52 INFO  [Main] [Animated Profile Icons]: Playing animation: run
17:43:52 INFO  [Main] [Animated Profile Icons]: Playing animation: idle
17:43:54 INFO  [Main] [Animated Profile Icons]: Playing animation: idle
17:43:54 INFO  [Main] [Animated Profile Icons]: Playing animation: idle
17:43:54 INFO  [Main] [Animated Profile Icons]: Playing animation: idle
17:43:54 INFO  [Main] [Animated Profile Icons]: Playing animation: idle
17:45:08 INFO  [Main] [Animated Profile Icons]: Playing animation: idle
17:45:08 INFO  [Main] [Animated Profile Icons]: Playing animation: idle
17:45:08 INFO  [Main] [Animated Profile Icons]: Playing animation: idle
17:45:08 INFO  [Main] [Animated Profile Icons]: Playing animation: idle
17:45:29 INFO  [Main] [Animated Profile Icons]: Playing animation: idle
17:45:29 INFO  [Main] [Animated Profile Icons]: Playing animation: idle
17:45:29 INFO  [Main] [Animated Profile Icons]: Playing animation: idle
17:45:29 INFO  [Main] [Animated Profile Icons]: Playing animation: idle
17:45:30 INFO  [Main] [Animated Profile Icons]: Playing animation: idle
17:45:30 INFO  [Main] [Animated Profile Icons]: Playing animation: idle
17:45:30 INFO  [Main] [Animated Profile Icons]: Playing animation: idle
17:45:30 INFO  [Main] [Animated Profile Icons]: Playing animation: idle
17:45:39 INFO  [Main] [Animated Profile Icons]: Playing animation: idle
17:45:39 INFO  [Main] [Animated Profile Icons]: Playing animation: idle
17:45:39 INFO  [Main] [Animated Profile Icons]: Playing animation: idle
17:45:39 INFO  [Main] [Animated Profile Icons]: Playing animation: idle
17:45:43 INFO  [Main] [Animated Profile Icons]: Playing animation: idle
17:45:43 INFO  [Main] [Animated Profile Icons]: Playing animation: idle
17:45:43 INFO  [Main] [Animated Profile Icons]: Playing animation: idle
17:45:43 INFO  [Main] [Animated Profile Icons]: Playing animation: idle
17:46:05 INFO  [Main] [Animated Profile Icons]: Playing animation: idle
17:46:05 INFO  [Main] [Animated Profile Icons]: Playing animation: idle
17:46:05 INFO  [Main] [Animated Profile Icons]: Playing animation: idle
17:46:05 INFO  [Main] [Animated Profile Icons]: Playing animation: idle
17:46:18 INFO  [Main] [Animated Profile Icons]: Playing animation: idle
17:46:18 INFO  [Main] [Animated Profile Icons]: Playing animation: idle
17:46:18 INFO  [Main] [Animated Profile Icons]: Playing animation: idle
17:46:18 INFO  [Main] [Animated Profile Icons]: Playing animation: idle
17:46:19 INFO  [Main] [Animated Profile Icons]: Playing animation: walk
17:46:19 INFO  [Main] [Animated Profile Icons]: Playing animation: walk
17:46:33 INFO  [Main] [Animated Profile Icons]: Playing animation: idle
17:46:33 INFO  [Main] [Animated Profile Icons]: Playing animation: idle
17:46:33 INFO  [Main] [Animated Profile Icons]: Playing animation: idle
17:46:33 INFO  [Main] [Animated Profile Icons]: Playing animation: idle
17:46:33 INFO  [Main] [Animated Profile Icons]: Playing animation: idle
17:46:33 INFO  [Main] [Animated Profile Icons]: Playing animation: idle
17:46:33 INFO  [Main] [Animated Profile Icons]: Playing animation: idle
17:46:33 INFO  [Main] [Animated Profile Icons]: Playing animation: idle
17:46:40 INFO  [Main] [Animated Profile Icons]: Playing animation: idle
17:46:40 INFO  [Main] [Animated Profile Icons]: Playing animation: idle
17:46:40 INFO  [Main] [Animated Profile Icons]: Playing animation: idle
17:46:40 INFO  [Main] [Animated Profile Icons]: Playing animation: idle
17:47:23 INFO  [Main] [Animated Profile Icons]: Playing animation: idle
17:47:23 INFO  [Main] [Animated Profile Icons]: Playing animation: idle
17:47:23 INFO  [Main] [Animated Profile Icons]: Playing animation: idle
17:47:23 INFO  [Main] [Animated Profile Icons]: Playing animation: idle
17:47:47 INFO  [Main] [Animated Profile Icons]: Playing animation: idle
17:47:47 INFO  [Main] [Animated Profile Icons]: Playing animation: idle
17:47:47 INFO  [Main] [Animated Profile Icons]: Playing animation: idle
17:47:47 INFO  [Main] [Animated Profile Icons]: Playing animation: idle
17:48:12 INFO  [Main] [Animated Profile Icons]: Playing animation: idle
17:48:12 INFO  [Main] [Animated Profile Icons]: Playing animation: idle
17:48:12 INFO  [Main] [Animated Profile Icons]: Playing animation: idle
17:48:12 INFO  [Main] [Animated Profile Icons]: Playing animation: idle
17:48:49 INFO  [Main] [Animated Profile Icons]: Playing animation: idle
17:48:49 INFO  [Main] [Animated Profile Icons]: Playing animation: idle
17:48:49 INFO  [Main] [Animated Profile Icons]: Playing animation: idle
17:48:49 INFO  [Main] [Animated Profile Icons]: Playing animation: idle
17:49:25 INFO  [Main] [Animated Profile Icons]: Playing animation: idle
17:49:25 INFO  [Main] [Animated Profile Icons]: Playing animation: idle
17:49:25 INFO  [Main] [Animated Profile Icons]: Playing animation: idle
17:49:25 INFO  [Main] [Animated Profile Icons]: Playing animation: idle
17:49:25 INFO  [Main] [Animated Profile Icons]: Playing animation: idle
17:49:25 INFO  [Main] [Animated Profile Icons]: Playing animation: idle
17:49:25 INFO  [Main] [Animated Profile Icons]: Playing animation: idle
17:49:25 INFO  [Main] [Animated Profile Icons]: Playing animation: idle
17:49:56 INFO  [Main] [Animated Profile Icons]: Playing animation: idle
17:49:56 INFO  [Main] [Animated Profile Icons]: Playing animation: idle
17:49:56 INFO  [Main] [Animated Profile Icons]: Playing animation: idle
17:49:56 INFO  [Main] [Animated Profile Icons]: Playing animation: idle
17:50:13 INFO  [Main] [Animated Profile Icons]: Playing animation: idle
17:50:13 INFO  [Main] [Animated Profile Icons]: Playing animation: idle
17:50:13 INFO  [Main] [Animated Profile Icons]: Playing animation: idle
17:50:13 INFO  [Main] [Animated Profile Icons]: Playing animation: idle
17:51:11 INFO  [Main] [Animated Profile Icons]: Playing animation: idle
17:51:11 INFO  [Main] [Animated Profile Icons]: Playing animation: idle
17:51:11 INFO  [Main] [Animated Profile Icons]: Playing animation: idle
17:51:11 INFO  [Main] [Animated Profile Icons]: Playing animation: idle
17:51:58 INFO  [Main] [Animated Profile Icons]: Playing animation: idle
17:51:58 INFO  [Main] [Animated Profile Icons]: Playing animation: idle
17:51:58 INFO  [Main] [Animated Profile Icons]: Playing animation: idle
17:51:58 INFO  [Main] [Animated Profile Icons]: Playing animation: idle
17:51:59 INFO  [Main] [Animated Profile Icons]: Playing animation: run
17:51:59 INFO  [Main] [Animated Profile Icons]: Playing animation: idle
17:52:03 INFO  [Main] [Animated Profile Icons]: Playing animation: idle
17:52:03 INFO  [Main] [Animated Profile Icons]: Playing animation: idle
17:52:03 INFO  [Main] [Animated Profile Icons]: Playing animation: idle
17:52:03 INFO  [Main] [Animated Profile Icons]: Playing animation: idle
17:52:40 INFO  [Main] [Animated Profile Icons]: Playing animation: idle
17:52:40 INFO  [Main] [Animated Profile Icons]: Playing animation: idle
17:52:40 INFO  [Main] [Animated Profile Icons]: Playing animation: idle
17:52:40 INFO  [Main] [Animated Profile Icons]: Playing animation: idle
17:52:42 INFO  [Main] [Animated Profile Icons]: Playing animation: run
17:52:42 INFO  [Main] [Animated Profile Icons]: Playing animation: idle
17:53:12 INFO  [Main] [Animated Profile Icons]: Playing animation: idle
17:53:12 INFO  [Main] [Animated Profile Icons]: Playing animation: idle
17:53:12 INFO  [Main] [Animated Profile Icons]: Playing animation: idle
17:53:12 INFO  [Main] [Animated Profile Icons]: Playing animation: idle
17:53:18 INFO  [Main] [Animated Profile Icons]: Playing animation: idle
17:53:18 INFO  [Main] [Animated Profile Icons]: Playing animation: idle
17:53:18 INFO  [Main] [Animated Profile Icons]: Playing animation: idle
17:53:18 INFO  [Main] [Animated Profile Icons]: Playing animation: idle
17:53:40 INFO  [Main] [Animated Profile Icons]: Playing animation: idle
17:53:40 INFO  [Main] [Animated Profile Icons]: Playing animation: idle
17:53:40 INFO  [Main] [Animated Profile Icons]: Playing animation: idle
17:53:40 INFO  [Main] [Animated Profile Icons]: Playing animation: idle
17:53:57 INFO  [Main] [Animated Profile Icons]: Playing animation: idle
17:53:57 INFO  [Main] [Animated Profile Icons]: Playing animation: idle
17:53:57 INFO  [Main] [Animated Profile Icons]: Playing animation: idle
17:53:57 INFO  [Main] [Animated Profile Icons]: Playing animation: idle
17:53:59 INFO  [Main] [Animated Profile Icons]: Playing animation: run
17:53:59 INFO  [Main] [Animated Profile Icons]: Playing animation: idle
17:54:29 INFO  [Main] [Animated Profile Icons]: Playing animation: idle
17:54:30 INFO  [Main] [Animated Profile Icons]: Playing animation: idle
17:54:30 INFO  [Main] [Animated Profile Icons]: Playing animation: idle
17:54:30 INFO  [Main] [Animated Profile Icons]: Playing animation: idle
17:54:44 INFO  [Main] [Animated Profile Icons]: Playing animation: idle
17:54:44 INFO  [Main] [Animated Profile Icons]: Playing animation: idle
17:54:44 INFO  [Main] [Animated Profile Icons]: Playing animation: idle
17:54:44 INFO  [Main] [Animated Profile Icons]: Playing animation: idle
17:54:45 INFO  [Main] [Animated Profile Icons]: Playing animation: idle
17:54:45 INFO  [Main] [Animated Profile Icons]: Playing animation: idle
17:54:45 INFO  [Main] [Animated Profile Icons]: Playing animation: idle
17:54:45 INFO  [Main] [Animated Profile Icons]: Playing animation: idle
17:55:00 INFO  [Main] [Animated Profile Icons]: Playing animation: idle
17:55:00 INFO  [Main] [Animated Profile Icons]: Playing animation: idle
17:55:00 INFO  [Main] [Animated Profile Icons]: Playing animation: idle
17:55:00 INFO  [Main] [Animated Profile Icons]: Playing animation: idle
17:55:16 INFO  [Main] [GDUtils]: Unmuting Spotify...
17:55:16 INFO  [Main] [GDUtils]: Mute Application Spotify.exe
17:55:39 INFO  [Main] [GDUtils]: Muting Spotify...
17:55:39 INFO  [Main] [GDUtils]: Mute Application Spotify.exe
17:56:02 INFO  [Main] [GDUtils]: Unmuting Spotify...
17:56:02 INFO  [Main] [GDUtils]: Mute Application Spotify.exe
17:56:06 INFO  [Main] [GDUtils]: Muting Spotify...
17:56:06 INFO  [Main] [GDUtils]: Mute Application Spotify.exe
17:56:16 INFO  [Main] [GDUtils]: Unmuting Spotify...
17:56:16 INFO  [Main] [GDUtils]: Mute Application Spotify.exe
17:56:21 INFO  [Main] [GDUtils]: Muting Spotify...
17:56:21 INFO  [Main] [GDUtils]: Mute Application Spotify.exe
17:56:30 INFO  [Main] [GDUtils]: Unmuting Spotify...
17:56:30 INFO  [Main] [GDUtils]: Mute Application Spotify.exe
17:57:19 INFO  [Main] [GDUtils]: Sending a request to pointercrate...
17:57:19 INFO  [Main] [GDUtils]: Level found in Pointercrate! Sonic Wave at #188
17:57:58 INFO  [Main] [Animated Profile Icons]: Playing animation: idle01
17:58:02 INFO  [Main] [Animated Profile Icons]: Playing animation: idle01
17:58:07 DEBUG [Main] [Stat Changes]: tried
17:58:07 INFO  [Main] [Animated Profile Icons]: Playing animation: idle01
17:58:07 INFO  [Main] [Animated Profile Icons]: Playing animation: idle01
17:58:07 INFO  [Main] [YouTubers]: Downloaded YouTuber List
17:58:22 INFO  [Main] [Animated Profile Icons]: Playing animation: idle01
17:58:22 INFO  [Main] [Animated Profile Icons]: Playing animation: idle01
17:59:48 INFO  [Main] [GDUtils]: Muting Spotify...
17:59:48 INFO  [Main] [GDUtils]: Mute Application Spotify.exe
17:59:50 INFO  [Main] [GDUtils]: Unmuting Spotify...
17:59:50 INFO  [Main] [GDUtils]: Mute Application Spotify.exe
18:00:08 INFO  [Main] [GDUtils]: Muting Spotify...
18:00:08 INFO  [Main] [GDUtils]: Mute Application Spotify.exe
18:00:09 INFO  [Main] [GDUtils]: Unmuting Spotify...
18:00:09 INFO  [Main] [GDUtils]: Mute Application Spotify.exe
18:00:51 INFO  [Main] [GDUtils]: Muting Spotify...
18:00:51 INFO  [Main] [GDUtils]: Mute Application Spotify.exe
18:00:53 INFO  [Main] [GDUtils]: Unmuting Spotify...
18:00:53 INFO  [Main] [GDUtils]: Mute Application Spotify.exe
18:01:22 INFO  [Main] [GDUtils]: Muting Spotify...
18:01:22 INFO  [Main] [GDUtils]: Mute Application Spotify.exe
18:01:24 INFO  [Main] [GDUtils]: Unmuting Spotify...
18:01:24 INFO  [Main] [GDUtils]: Mute Application Spotify.exe
18:01:36 INFO  [Main] [Animated Profile Icons]: Playing animation: run
18:01:36 INFO  [Main] [Animated Profile Icons]: Playing animation: idle
18:01:36 INFO  [Main] [Animated Profile Icons]: Playing animation: run
18:01:36 INFO  [Main] [Animated Profile Icons]: Playing animation: run
18:01:49 DEBUG [Main] [Geode]: Installing hjfod.betteredit
18:01:52 DEBUG [Main] [Geode]: Installed hjfod.betteredit
18:02:03 DEBUG [Main] [Geode]: Installing coopeeo.customname
18:02:04 DEBUG [Main] [Geode]: Installed coopeeo.customname
18:03:50 WARN  [Main] [Geode]: Unhandled block enter type 1
18:03:50 WARN  [Main] [Geode]: Unhandled block leave type 1
18:03:50 WARN  [Main] [Geode]: Unhandled block enter type 1
18:03:50 WARN  [Main] [Geode]: Unhandled block leave type 1
18:09:17 INFO  [Main] [Animated Profile Icons]: Playing animation: run
18:09:17 INFO  [Main] [Animated Profile Icons]: Playing animation: idle
18:09:17 INFO  [Main] [Animated Profile Icons]: Playing animation: run
18:09:17 INFO  [Main] [Animated Profile Icons]: Playing animation: run
18:09:20 INFO  [Main] [GDUtils]: Muting Spotify...
18:09:20 INFO  [Main] [GDUtils]: Mute Application Spotify.exe
18:09:40 INFO  [Main] [Custom Keybinds]: 23
18:09:40 INFO  [Main] [Custom Keybinds]: 23
18:09:41 INFO  [Main] [Custom Keybinds]: 23
18:09:41 INFO  [Main] [Custom Keybinds]: 23
18:09:43 INFO  [Main] [GDUtils]: Unmuting Spotify...
18:09:43 INFO  [Main] [GDUtils]: Mute Application Spotify.exe
18:09:48 INFO  [Main] [Animated Profile Icons]: Playing animation: run
18:09:48 INFO  [Main] [Animated Profile Icons]: Playing animation: idle
18:09:48 INFO  [Main] [Animated Profile Icons]: Playing animation: run
18:09:48 INFO  [Main] [Animated Profile Icons]: Playing animation: run
18:09:49 INFO  [Main] [Animated Profile Icons]: Playing animation: run
18:09:53 INFO  [Main] [Geode]: Saving mod data...
18:09:53 DEBUG [Main] [Geode]:   geode.loader
18:09:53 DEBUG [Main] [Geode]:     Check covered
18:09:53 DEBUG [Main] [Geode]:     Check if auto-check-updates is saved
18:09:53 DEBUG [Main] [Geode]:     Check if show-platform-console is saved
18:09:53 DEBUG [Main] [Geode]:     Check if disable-last-crashed-popup is saved
18:09:53 DEBUG [Main] [Geode]:     Check if auto-update-mods is saved
18:09:53 DEBUG [Main] [Geode]:   beat.click-sound
18:09:53 DEBUG [Main] [Geode]:     Check covered
18:09:53 DEBUG [Main] [Geode]:     Check if custom-clicksound is saved
18:09:53 DEBUG [Main] [Geode]:     Check if enable-clicksound is saved
18:09:53 DEBUG [Main] [Geode]:     Check if OnlyOnJump is saved
18:09:53 DEBUG [Main] [Geode]:     Check if clicksound-currentsound is saved
18:09:53 DEBUG [Main] [Geode]:     Check if custom-releasesound is saved
18:09:53 DEBUG [Main] [Geode]:     Check if enable-releasesound is saved
18:09:53 DEBUG [Main] [Geode]:     Check if releasesound-currentsound is saved
18:09:53 DEBUG [Main] [Geode]:     Check if settings-button is saved
18:09:53 DEBUG [Main] [Geode]:   mat.run-info
18:09:53 DEBUG [Main] [Geode]:     Check covered
18:09:53 DEBUG [Main] [Geode]:     Check if show-mode is saved
18:09:53 DEBUG [Main] [Geode]:     Check if position-top is saved
18:09:53 DEBUG [Main] [Geode]:     Check if position-left is saved
18:09:53 DEBUG [Main] [Geode]:     Check if show-icon is saved
18:09:53 DEBUG [Main] [Geode]:     Check if show-from is saved
18:09:53 DEBUG [Main] [Geode]:     Check if use-start-pos is saved
18:09:53 DEBUG [Main] [Geode]:   alphalaneous.projectedstars
18:09:53 DEBUG [Main] [Geode]:     Check covered
18:09:53 DEBUG [Main] [Geode]:   elohmrow.death_tracker
18:09:53 DEBUG [Main] [Geode]:     Check covered
18:09:53 DEBUG [Main] [Geode]:     Check if disable-tracking-completed-levels is saved
18:09:53 DEBUG [Main] [Geode]:   absolllute.megahack
18:09:53 DEBUG [Main] [Geode]:     Check covered
18:09:53 DEBUG [Main] [Geode]:   abb2k.backup
18:09:53 DEBUG [Main] [Geode]:     Check covered
18:09:53 DEBUG [Main] [Geode]:     Check if Max_Auto_Backups is saved
18:09:53 DEBUG [Main] [Geode]:     Check if Auto_Backup is saved
18:09:53 DEBUG [Main] [Geode]:     Check if Button_In_Options_Menu is saved
18:09:53 DEBUG [Main] [Geode]:   adyagd.godlikefaces
18:09:53 DEBUG [Main] [Geode]:     Check covered
18:09:53 DEBUG [Main] [Geode]:   alphalaneous.integratedloquibot
18:09:53 DEBUG [Main] [Geode]:     Check covered
18:09:53 DEBUG [Main] [Geode]:   bitz.customprofiles
18:09:53 DEBUG [Main] [Geode]:     Check covered
18:09:53 DEBUG [Main] [Geode]:     Check if Normal-colors is saved
18:09:53 DEBUG [Main] [Geode]:     Check if No-corners is saved
18:09:53 DEBUG [Main] [Geode]:     Check if Disable-info-button is saved
18:09:53 DEBUG [Main] [Geode]:     Check if Invert-Colors is saved
18:09:53 DEBUG [Main] [Geode]:     Check if Round-corners is saved
18:09:53 DEBUG [Main] [Geode]:     Check if Square-corners is saved
18:09:53 DEBUG [Main] [Geode]:     Check if Animate-colors is saved
18:09:53 DEBUG [Main] [Geode]:   capeling.icon_profile_2.2
18:09:53 DEBUG [Main] [Geode]:     Check covered
18:09:53 DEBUG [Main] [Geode]:   coderqc.gdswearfilter
18:09:53 DEBUG [Main] [Geode]:     Check covered
18:09:53 DEBUG [Main] [Geode]:     Check if censor-comments is saved
18:09:53 DEBUG [Main] [Geode]:     Check if strict-mode is saved
18:09:53 DEBUG [Main] [Geode]:     Check if filter-profanity is saved
18:09:53 DEBUG [Main] [Geode]:     Check if censor-level-descriptions is saved
18:09:53 DEBUG [Main] [Geode]:     Check if filter-antilgbtq is saved
18:09:53 DEBUG [Main] [Geode]:     Check if filter-sexual is saved
18:09:53 DEBUG [Main] [Geode]:     Check if filter-racism is saved
18:09:53 DEBUG [Main] [Geode]:     Check if censor-level-names is saved
18:09:53 DEBUG [Main] [Geode]:     Check if relax-censor is saved
18:09:53 DEBUG [Main] [Geode]:   colon.gold_user_coins
18:09:53 DEBUG [Main] [Geode]:     Check covered
18:09:53 DEBUG [Main] [Geode]:   cvolton.betterinfo
18:09:53 DEBUG [Main] [Geode]:     Check covered
18:09:53 DEBUG [Main] [Geode]:     Check if fix-green-users is saved
18:09:53 DEBUG [Main] [Geode]:     Check if show-comment-ids is saved
18:09:53 DEBUG [Main] [Geode]:     Check if white-id is saved
18:09:53 DEBUG [Main] [Geode]:     Check if level-info is saved
18:09:53 DEBUG [Main] [Geode]:     Check if alt-button is saved
18:09:53 DEBUG [Main] [Geode]:     Check if auto-submit is saved
18:09:53 DEBUG [Main] [Geode]:   dankmeme.globed2
18:09:53 DEBUG [Main] [Geode]:     Check covered
18:09:53 DEBUG [Main] [Geode]:   elnexreal.copy_song_id
18:09:53 DEBUG [Main] [Geode]:     Check covered
18:09:53 DEBUG [Main] [Geode]:   gdutilsdevs.gdutils
18:09:53 DEBUG [Main] [Geode]:     Check covered
18:09:53 DEBUG [Main] [Geode]:     Check if everywhereElse is saved
18:09:53 DEBUG [Main] [Geode]:     Check if weekly is saved
18:09:53 DEBUG [Main] [Geode]:     Check if daily is saved
18:09:53 DEBUG [Main] [Geode]:     Check if spotify-section is saved
18:09:53 DEBUG [Main] [Geode]:     Check if inEditor is saved
18:09:53 DEBUG [Main] [Geode]:     Check if inLevels is saved
18:09:53 DEBUG [Main] [Geode]:     Check if misc-section is saved
18:09:53 DEBUG [Main] [Geode]:     Check if customDifficultyFaces is saved
18:09:53 DEBUG [Main] [Geode]:     Check if newRate is saved
18:09:53 DEBUG [Main] [Geode]:     Check if sfx is saved
18:09:53 DEBUG [Main] [Geode]:     Check if spotifyApp is saved
18:09:53 DEBUG [Main] [Geode]:     Check if size is saved
18:09:53 DEBUG [Main] [Geode]:     Check if time is saved
18:09:53 DEBUG [Main] [Geode]:     Check if test-notification is saved
18:09:53 DEBUG [Main] [Geode]:     Check if demonListPlacement is saved
18:09:53 DEBUG [Main] [Geode]:     Check if inEditorSpotify is saved
18:09:53 DEBUG [Main] [Geode]:     Check if inLevelsSpotify is saved
18:09:53 DEBUG [Main] [Geode]:     Check if friendSearch is saved
18:09:53 DEBUG [Main] [Geode]:     Check if notificationPlacement is saved
18:09:53 DEBUG [Main] [Geode]:     Check if notification-section is saved
18:09:53 DEBUG [Main] [Geode]:     Check if notification-placement-section is saved
18:09:53 DEBUG [Main] [Geode]:     Check if notification-appearance-section is saved
18:09:53 DEBUG [Main] [Geode]:     Check if credits-section is saved
18:09:53 DEBUG [Main] [Geode]:     Check if credit-buttons is saved
18:09:53 DEBUG [Main] [Geode]:   thesillydoggo.better_startpos_menu
18:09:53 DEBUG [Main] [Geode]:     Check covered
18:09:53 DEBUG [Main] [Geode]:   geode.custom-keybinds
18:09:53 DEBUG [Main] [Geode]:     Check covered
18:09:53 DEBUG [Main] [Geode]:   geode.node-ids
18:09:53 DEBUG [Main] [Geode]:     Check covered
18:09:53 DEBUG [Main] [Geode]:   hjfod.gdshare
18:09:53 DEBUG [Main] [Geode]:     Check covered
18:09:53 DEBUG [Main] [Geode]:   hjfod.gmd-api
18:09:53 DEBUG [Main] [Geode]:     Check covered
18:09:53 DEBUG [Main] [Geode]:   redlime.statchanges
18:09:53 DEBUG [Main] [Geode]:     Check covered
18:09:53 DEBUG [Main] [Geode]:     Check if weeks is saved
18:09:53 DEBUG [Main] [Geode]:     Check if upArrowColor is saved
18:09:53 DEBUG [Main] [Geode]:     Check if textScale is saved
18:09:53 DEBUG [Main] [Geode]:     Check if downArrowColor is saved
18:09:53 DEBUG [Main] [Geode]:   thesillydoggo.animatedprofiles
18:09:53 DEBUG [Main] [Geode]:     Check covered
18:09:53 DEBUG [Main] [Geode]:   thesillydoggo.entersearch
18:09:53 DEBUG [Main] [Geode]:     Check covered
18:09:53 DEBUG [Main] [Geode]:   TheSillyDoggo.GradientPages
18:09:53 DEBUG [Main] [Geode]:     Check covered
18:09:53 DEBUG [Main] [Geode]:     Check if apply-filter is saved
18:09:53 DEBUG [Main] [Geode]:     Check if apply-credits is saved
18:09:53 DEBUG [Main] [Geode]:     Check if apply-profiles is saved
18:09:53 DEBUG [Main] [Geode]:     Check if apply-unlock is saved
18:09:53 DEBUG [Main] [Geode]:     Check if apply-info-layer is saved
18:09:53 DEBUG [Main] [Geode]:     Check if apply-pagesel is saved
18:09:53 DEBUG [Main] [Geode]:     Check if apply-shards is saved
18:09:53 DEBUG [Main] [Geode]:     Check if apply-demon is saved
18:09:53 DEBUG [Main] [Geode]:     Check if apply-quests is saved
18:09:53 DEBUG [Main] [Geode]:     Check if reverse-order is saved
18:09:53 DEBUG [Main] [Geode]:     Check if use-custom-colours is saved
18:09:53 DEBUG [Main] [Geode]:     Check if primary-colour is saved
18:09:53 DEBUG [Main] [Geode]:     Check if secondary-colour is saved
18:09:53 DEBUG [Main] [Geode]:   xanii.youtubers
18:09:53 DEBUG [Main] [Geode]:     Check covered
18:09:53 INFO  [Main] [Geode]:   Took 0.076s
18:10:04 DEBUG [Main] [Globed]: cleaning up..
18:10:04 DEBUG [Main] [Globed]: disconnecting from the server..
18:10:04 DEBUG [Main] [Globed]: Goodbye!
18:10:04 DEBUG [Main] [Globed]: audio thread halted.
