18:57:33 INFO  [Main] [Geode]: Running Geode v2.0.0-beta.20 in Geometry Dash v2.204
18:57:33 INFO  [Main] [Geode]: Setting up internal mod
18:57:34 INFO  [Main] [Geode]: Setting up loader
18:57:34 DEBUG [Main] [Geode]:   Loading launch arguments
18:57:34 DEBUG [Main] [Geode]:   Setting up crash handler
18:57:34 DEBUG [Main] [Geode]:   Loading hooks
18:57:34 DEBUG [Main] [Geode]:     Enabled cocos2d::CCFileUtils::fullPathForFilename hook at 0x68130f40 for geode.loader
18:57:34 DEBUG [Main] [Geode]:     Enabled cocos2d::CCFileUtils::sharedFileUtils hook at 0x68139770 for geode.loader
18:57:34 DEBUG [Main] [Geode]:     Enabled cocos2d::CCNode::getUserObject hook at 0x681831f0 for geode.loader
18:57:34 DEBUG [Main] [Geode]:     Enabled cocos2d::CCNode::setUserObject hook at 0x680d15a0 for geode.loader
18:57:34 DEBUG [Main] [Geode]:     Enabled LoadingLayer::init hook at 0x676370 for geode.loader
18:57:34 DEBUG [Main] [Geode]:     Enabled LoadingLayer::loadAssets hook at 0x676bd0 for geode.loader
18:57:34 DEBUG [Main] [Geode]:     Enabled MenuLayer::init hook at 0x67b450 for geode.loader
18:57:34 DEBUG [Main] [Geode]:     Enabled ProfilePage::getUserInfoFinished hook at 0x6f1db0 for geode.loader
18:57:34 DEBUG [Main] [Geode]:     Enabled AchievementNotifier::willSwitchToScene hook at 0x41c200 for geode.loader
18:57:34 DEBUG [Main] [Geode]:     Enabled AppDelegate::trySaveGame hook at 0x45b790 for geode.loader
18:57:34 DEBUG [Main] [Geode]:     Enabled cocos2d::CCScheduler::update hook at 0x68176db0 for geode.loader
18:57:34 DEBUG [Main] [Geode]:     Enabled CCTextInputNode::ccTouchBegan hook at 0x4304f0 for geode.loader
18:57:34 DEBUG [Main] [Geode]:     Enabled LoadingLayer::loadAssets hook at 0x676bd0 for geode.loader
18:57:34 DEBUG [Main] [Geode]:   Setting up directories
18:57:34 INFO  [Main] [Geode]:   Refreshing mod graph
18:57:34 DEBUG [Main] [Geode]:     Queueing mods
18:57:34 DEBUG [Main] [Geode]:       Searching C:\Program Files (x86)\Steam\steamapps\common\Geometry Dash\geode\mods
18:57:34 DEBUG [Main] [Geode]:         Found abb2k.backup.geode
18:57:34 DEBUG [Main] [Geode]:           id: abb2k.backup
18:57:34 DEBUG [Main] [Geode]:           version: v1.0.4
18:57:34 DEBUG [Main] [Geode]:           early: no
18:57:34 DEBUG [Main] [Geode]:         Found absolllute.megahack.geode
18:57:34 DEBUG [Main] [Geode]:           id: absolllute.megahack
18:57:34 DEBUG [Main] [Geode]:           version: v8.0.0-alpha.10
18:57:34 DEBUG [Main] [Geode]:           early: yes
18:57:34 DEBUG [Main] [Geode]:         Found adyagd.godlikefaces.geode
18:57:34 DEBUG [Main] [Geode]:           id: adyagd.godlikefaces
18:57:34 DEBUG [Main] [Geode]:           version: v1.1.1
18:57:34 DEBUG [Main] [Geode]:           early: no
18:57:34 DEBUG [Main] [Geode]:         Found alk.editorcollab.geode
18:57:34 ERROR [Main] [Geode]:           Failed to queue: "C:\Program Files (x86)\Steam\steamapps\common\Geometry Dash\geode\mods\alk.editorcollab.geode" - [mod.json] is missing target GD version
18:57:34 DEBUG [Main] [Geode]:         Found alk.fps-shower.geode
18:57:34 ERROR [Main] [Geode]:           Failed to queue: "C:\Program Files (x86)\Steam\steamapps\common\Geometry Dash\geode\mods\alk.fps-shower.geode" - [mod.json] is missing target GD version
18:57:34 DEBUG [Main] [Geode]:         Found alphalaneous.integratedloquibot.geode
18:57:34 DEBUG [Main] [Geode]:           id: alphalaneous.integratedloquibot
18:57:34 DEBUG [Main] [Geode]:           version: v1.3.4
18:57:34 DEBUG [Main] [Geode]:           early: no
18:57:34 DEBUG [Main] [Geode]:         Found alphalaneous.projectedstars.geode
18:57:34 DEBUG [Main] [Geode]:           id: alphalaneous.projectedstars
18:57:34 DEBUG [Main] [Geode]:           version: v1.1.2
18:57:34 DEBUG [Main] [Geode]:           early: no
18:57:34 DEBUG [Main] [Geode]:         Found beat.click-sound.geode
18:57:34 DEBUG [Main] [Geode]:           id: beat.click-sound
18:57:34 DEBUG [Main] [Geode]:           version: v1.4.1
18:57:34 DEBUG [Main] [Geode]:           early: no
18:57:34 DEBUG [Main] [Geode]:         Found bitz.customprofiles.geode
18:57:34 DEBUG [Main] [Geode]:           id: bitz.customprofiles
18:57:34 DEBUG [Main] [Geode]:           version: v1.0.5
18:57:34 DEBUG [Main] [Geode]:           early: no
18:57:34 DEBUG [Main] [Geode]:         Found camila314.acbypass.geode
18:57:34 ERROR [Main] [Geode]:           Failed to queue: "C:\Program Files (x86)\Steam\steamapps\common\Geometry Dash\geode\mods\camila314.acbypass.geode" - [mod.json] is missing target GD version
18:57:34 DEBUG [Main] [Geode]:         Found camila314.demonlist-button.geode
18:57:34 ERROR [Main] [Geode]:           Failed to queue: "C:\Program Files (x86)\Steam\steamapps\common\Geometry Dash\geode\mods\camila314.demonlist-button.geode" - [mod.json] is missing target GD version
18:57:34 DEBUG [Main] [Geode]:         Found camila314.noclip.geode
18:57:34 ERROR [Main] [Geode]:           Failed to queue: "C:\Program Files (x86)\Steam\steamapps\common\Geometry Dash\geode\mods\camila314.noclip.geode" - [mod.json] is missing target GD version
18:57:34 DEBUG [Main] [Geode]:         Found capeling.icon_profile_2.2.geode
18:57:34 DEBUG [Main] [Geode]:           id: capeling.icon_profile_2.2
18:57:34 DEBUG [Main] [Geode]:           version: v1.1.4
18:57:34 DEBUG [Main] [Geode]:           early: no
18:57:34 DEBUG [Main] [Geode]:         Found chs.confirmquit.geode
18:57:34 ERROR [Main] [Geode]:           Failed to queue: "C:\Program Files (x86)\Steam\steamapps\common\Geometry Dash\geode\mods\chs.confirmquit.geode" - [mod.json] is missing target GD version
18:57:34 DEBUG [Main] [Geode]:         Found cj_link.fakemoderator.geode
18:57:34 DEBUG [Main] [Geode]:           id: cj_link.fakemoderator
18:57:34 DEBUG [Main] [Geode]:           version: v1.0.1
18:57:34 DEBUG [Main] [Geode]:           early: no
18:57:34 DEBUG [Main] [Geode]:         Found coderqc.gdswearfilter.geode
18:57:34 DEBUG [Main] [Geode]:           id: coderqc.gdswearfilter
18:57:34 DEBUG [Main] [Geode]:           version: v1.0.1
18:57:34 DEBUG [Main] [Geode]:           early: no
18:57:34 DEBUG [Main] [Geode]:         Found colon.gold_user_coins.geode
18:57:34 DEBUG [Main] [Geode]:           id: colon.gold_user_coins
18:57:34 DEBUG [Main] [Geode]:           version: v1.0.1
18:57:34 DEBUG [Main] [Geode]:           early: no
18:57:34 DEBUG [Main] [Geode]:         Found coopeeo.customname.geode
18:57:34 DEBUG [Main] [Geode]:           id: coopeeo.customname
18:57:34 DEBUG [Main] [Geode]:           version: v1.2.2
18:57:34 DEBUG [Main] [Geode]:           early: no
18:57:34 DEBUG [Main] [Geode]:         Found cvolton.betterinfo.geode
18:57:34 DEBUG [Main] [Geode]:           id: cvolton.betterinfo
18:57:34 DEBUG [Main] [Geode]:           version: v4.0.0-alpha.13
18:57:34 DEBUG [Main] [Geode]:           early: no
18:57:34 DEBUG [Main] [Geode]:         Found cvolton.capacity_fix.geode
18:57:34 ERROR [Main] [Geode]:           Failed to queue: "C:\Program Files (x86)\Steam\steamapps\common\Geometry Dash\geode\mods\cvolton.capacity_fix.geode" - [mod.json] is missing target GD version
18:57:34 DEBUG [Main] [Geode]:         Found dankmeme.globed2.geode
18:57:34 DEBUG [Main] [Geode]:           id: dankmeme.globed2
18:57:34 DEBUG [Main] [Geode]:           version: v1.1.2
18:57:34 DEBUG [Main] [Geode]:           early: no
18:57:34 DEBUG [Main] [Geode]:         Found elnexreal.auto_priority.geode
18:57:34 DEBUG [Main] [Geode]:           id: elnexreal.auto_priority
18:57:34 DEBUG [Main] [Geode]:           version: v1.0.0
18:57:34 DEBUG [Main] [Geode]:           early: no
18:57:34 DEBUG [Main] [Geode]:         Found elnexreal.copy_song_id.geode
18:57:34 DEBUG [Main] [Geode]:           id: elnexreal.copy_song_id
18:57:34 DEBUG [Main] [Geode]:           version: v1.2.2
18:57:34 DEBUG [Main] [Geode]:           early: no
18:57:34 DEBUG [Main] [Geode]:         Found elohmrow.death_tracker.geode
18:57:34 DEBUG [Main] [Geode]:           id: elohmrow.death_tracker
18:57:34 DEBUG [Main] [Geode]:           version: v1.4.3
18:57:34 DEBUG [Main] [Geode]:           early: no
18:57:34 DEBUG [Main] [Geode]:         Found fleym.nongd.geode
18:57:34 ERROR [Main] [Geode]:           Failed to queue: "C:\Program Files (x86)\Steam\steamapps\common\Geometry Dash\geode\mods\fleym.nongd.geode" - [mod.json] is missing target GD version
18:57:34 DEBUG [Main] [Geode]:         Found gdutilsdevs.gdutils.geode
18:57:34 DEBUG [Main] [Geode]:           id: gdutilsdevs.gdutils
18:57:34 DEBUG [Main] [Geode]:           version: v1.2.14
18:57:34 DEBUG [Main] [Geode]:           early: no
18:57:34 DEBUG [Main] [Geode]:         Found geode.custom-keybinds.geode
18:57:34 DEBUG [Main] [Geode]:           id: geode.custom-keybinds
18:57:34 DEBUG [Main] [Geode]:           version: v1.4.0
18:57:34 DEBUG [Main] [Geode]:           early: no
18:57:34 DEBUG [Main] [Geode]:         Found geode.node-ids.geode
18:57:34 DEBUG [Main] [Geode]:           id: geode.node-ids
18:57:34 DEBUG [Main] [Geode]:           version: v1.3.0
18:57:34 DEBUG [Main] [Geode]:           early: no
18:57:34 DEBUG [Main] [Geode]:         Found hjfod.betteredit.geode
18:57:34 WARN  [Main] [Geode]:           settings.mouse-move-on-zoom contains unknown key "platforms"
18:57:34 DEBUG [Main] [Geode]:           id: hjfod.betteredit
18:57:34 DEBUG [Main] [Geode]:           version: v6.0.0
18:57:34 DEBUG [Main] [Geode]:           early: no
18:57:34 DEBUG [Main] [Geode]:         Found hjfod.custom-keybinds.geode
18:57:34 ERROR [Main] [Geode]:           Failed to queue: "C:\Program Files (x86)\Steam\steamapps\common\Geometry Dash\geode\mods\hjfod.custom-keybinds.geode" - [mod.json] is missing target GD version
18:57:34 DEBUG [Main] [Geode]:         Found hjfod.gdshare.geode
18:57:34 DEBUG [Main] [Geode]:           id: hjfod.gdshare
18:57:34 DEBUG [Main] [Geode]:           version: v1.0.4
18:57:34 DEBUG [Main] [Geode]:           early: no
18:57:34 DEBUG [Main] [Geode]:         Found hjfod.gmd-api.geode
18:57:34 DEBUG [Main] [Geode]:           id: hjfod.gmd-api
18:57:34 DEBUG [Main] [Geode]:           version: v1.0.1
18:57:34 DEBUG [Main] [Geode]:           early: no
18:57:34 DEBUG [Main] [Geode]:         Found lexi.visiblecheckpoints.geode
18:57:34 DEBUG [Main] [Geode]:           id: lexi.visiblecheckpoints
18:57:34 DEBUG [Main] [Geode]:           version: v0.1.4
18:57:34 DEBUG [Main] [Geode]:           early: no
18:57:34 DEBUG [Main] [Geode]:         Found mat.fps-bypass.geode
18:57:34 ERROR [Main] [Geode]:           Failed to queue: "C:\Program Files (x86)\Steam\steamapps\common\Geometry Dash\geode\mods\mat.fps-bypass.geode" - [mod.json] is missing target GD version
18:57:34 DEBUG [Main] [Geode]:         Found mat.practice-music.geode
18:57:34 ERROR [Main] [Geode]:           Failed to queue: "C:\Program Files (x86)\Steam\steamapps\common\Geometry Dash\geode\mods\mat.practice-music.geode" - [mod.json] is missing target GD version
18:57:34 DEBUG [Main] [Geode]:         Found mat.run-info.geode
18:57:34 DEBUG [Main] [Geode]:           id: mat.run-info
18:57:34 DEBUG [Main] [Geode]:           version: v1.0.2
18:57:34 DEBUG [Main] [Geode]:           early: no
18:57:34 DEBUG [Main] [Geode]:         Found mat.scroll-zoom.geode
18:57:34 ERROR [Main] [Geode]:           Failed to queue: "C:\Program Files (x86)\Steam\steamapps\common\Geometry Dash\geode\mods\mat.scroll-zoom.geode" - [mod.json] is missing target GD version
18:57:34 DEBUG [Main] [Geode]:         Found muhammadgames.bettermenu.geode
18:57:34 DEBUG [Main] [Geode]:           id: muhammadgames.bettermenu
18:57:34 DEBUG [Main] [Geode]:           version: v1.0.4-beta.12
18:57:34 DEBUG [Main] [Geode]:           early: no
18:57:34 DEBUG [Main] [Geode]:         Found redlime.statchanges.geode
18:57:34 DEBUG [Main] [Geode]:           id: redlime.statchanges
18:57:34 DEBUG [Main] [Geode]:           version: v1.1.0
18:57:34 DEBUG [Main] [Geode]:           early: no
18:57:34 DEBUG [Main] [Geode]:         Found rlt.gd-platformer.geode
18:57:34 ERROR [Main] [Geode]:           Failed to queue: "C:\Program Files (x86)\Steam\steamapps\common\Geometry Dash\geode\mods\rlt.gd-platformer.geode" - [mod.json] is missing target GD version
18:57:34 DEBUG [Main] [Geode]:         Found ruslan.apm.geode
18:57:34 ERROR [Main] [Geode]:           Failed to queue: "C:\Program Files (x86)\Steam\steamapps\common\Geometry Dash\geode\mods\ruslan.apm.geode" - [mod.json] is missing target GD version
18:57:34 DEBUG [Main] [Geode]:         Found ruslan.nm.geode
18:57:34 ERROR [Main] [Geode]:           Failed to queue: "C:\Program Files (x86)\Steam\steamapps\common\Geometry Dash\geode\mods\ruslan.nm.geode" - [mod.json] is missing target GD version
18:57:34 DEBUG [Main] [Geode]:         Found thesillydoggo.animatedprofiles.geode
18:57:34 DEBUG [Main] [Geode]:           id: thesillydoggo.animatedprofiles
18:57:34 DEBUG [Main] [Geode]:           version: v1.0.1
18:57:34 DEBUG [Main] [Geode]:           early: no
18:57:34 DEBUG [Main] [Geode]:         Found thesillydoggo.better_startpos_menu.geode
18:57:34 DEBUG [Main] [Geode]:           id: thesillydoggo.better_startpos_menu
18:57:34 DEBUG [Main] [Geode]:           version: v1.1.0
18:57:34 DEBUG [Main] [Geode]:           early: no
18:57:34 DEBUG [Main] [Geode]:         Found thesillydoggo.entersearch.geode
18:57:34 DEBUG [Main] [Geode]:           id: thesillydoggo.entersearch
18:57:34 DEBUG [Main] [Geode]:           version: v1.0.0
18:57:34 DEBUG [Main] [Geode]:           early: no
18:57:34 DEBUG [Main] [Geode]:         Found TheSillyDoggo.GradientPages.geode
18:57:34 DEBUG [Main] [Geode]:           id: TheSillyDoggo.GradientPages
18:57:34 DEBUG [Main] [Geode]:           version: v2.1.0
18:57:34 DEBUG [Main] [Geode]:           early: no
18:57:34 DEBUG [Main] [Geode]:         Found tpdea.betterpause-Better.geode
18:57:34 DEBUG [Main] [Geode]:           id: tpdea.betterpause-Better
18:57:34 DEBUG [Main] [Geode]:           version: v1.5.5
18:57:34 DEBUG [Main] [Geode]:           early: no
18:57:34 DEBUG [Main] [Geode]:         Found xanii.youtubers.geode
18:57:34 DEBUG [Main] [Geode]:           id: xanii.youtubers
18:57:34 DEBUG [Main] [Geode]:           version: v1.0.0
18:57:34 DEBUG [Main] [Geode]:           early: no
18:57:34 DEBUG [Main] [Geode]:         Found zilko.xdbot.geode
18:57:34 DEBUG [Main] [Geode]:           id: zilko.xdbot
18:57:34 DEBUG [Main] [Geode]:           version: v1.4.8
18:57:34 DEBUG [Main] [Geode]:           early: no
18:57:34 DEBUG [Main] [Geode]:     Populating mod list
18:57:34 DEBUG [Main] [Geode]:       abb2k.backup v1.0.4
18:57:34 DEBUG [Main] [Geode]:       absolllute.megahack v8.0.0-alpha.10
18:57:34 DEBUG [Main] [Geode]:       adyagd.godlikefaces v1.1.1
18:57:34 DEBUG [Main] [Geode]:       alphalaneous.integratedloquibot v1.3.4
18:57:34 DEBUG [Main] [Geode]:       alphalaneous.projectedstars v1.1.2
18:57:34 DEBUG [Main] [Geode]:       beat.click-sound v1.4.1
18:57:34 DEBUG [Main] [Geode]:       bitz.customprofiles v1.0.5
18:57:34 DEBUG [Main] [Geode]:       capeling.icon_profile_2.2 v1.1.4
18:57:34 DEBUG [Main] [Geode]:       cj_link.fakemoderator v1.0.1
18:57:34 DEBUG [Main] [Geode]:       coderqc.gdswearfilter v1.0.1
18:57:34 DEBUG [Main] [Geode]:       colon.gold_user_coins v1.0.1
18:57:34 DEBUG [Main] [Geode]:       coopeeo.customname v1.2.2
18:57:34 DEBUG [Main] [Geode]:       cvolton.betterinfo v4.0.0-alpha.13
18:57:34 DEBUG [Main] [Geode]:       dankmeme.globed2 v1.1.2
18:57:34 DEBUG [Main] [Geode]:       elnexreal.auto_priority v1.0.0
18:57:34 DEBUG [Main] [Geode]:       elnexreal.copy_song_id v1.2.2
18:57:34 DEBUG [Main] [Geode]:       elohmrow.death_tracker v1.4.3
18:57:34 DEBUG [Main] [Geode]:       gdutilsdevs.gdutils v1.2.14
18:57:34 WARN  [Main] [GDUtils]:       Encountered unknown setting "spotify-section" while loading settings
18:57:34 WARN  [Main] [GDUtils]:       Encountered unknown setting "misc-section" while loading settings
18:57:34 WARN  [Main] [GDUtils]:       Encountered unknown setting "spotifyApp" while loading settings
18:57:34 WARN  [Main] [GDUtils]:       Encountered unknown setting "test-notification" while loading settings
18:57:34 WARN  [Main] [GDUtils]:       Encountered unknown setting "notificationPlacement" while loading settings
18:57:34 WARN  [Main] [GDUtils]:       Encountered unknown setting "notification-section" while loading settings
18:57:34 WARN  [Main] [GDUtils]:       Encountered unknown setting "notification-placement-section" while loading settings
18:57:34 WARN  [Main] [GDUtils]:       Encountered unknown setting "notification-appearance-section" while loading settings
18:57:34 WARN  [Main] [GDUtils]:       Encountered unknown setting "credits-section" while loading settings
18:57:34 WARN  [Main] [GDUtils]:       Encountered unknown setting "credit-buttons" while loading settings
18:57:34 DEBUG [Main] [Geode]:       geode.custom-keybinds v1.4.0
18:57:34 DEBUG [Main] [Geode]:       geode.node-ids v1.3.0
18:57:34 DEBUG [Main] [Geode]:       hjfod.betteredit v6.0.0
18:57:34 DEBUG [Main] [Geode]:       hjfod.gdshare v1.0.4
18:57:34 DEBUG [Main] [Geode]:       hjfod.gmd-api v1.0.1
18:57:34 DEBUG [Main] [Geode]:       lexi.visiblecheckpoints v0.1.4
18:57:34 DEBUG [Main] [Geode]:       mat.run-info v1.0.2
18:57:34 DEBUG [Main] [Geode]:       muhammadgames.bettermenu v1.0.4-beta.12
18:57:34 DEBUG [Main] [Geode]:       redlime.statchanges v1.1.0
18:57:34 DEBUG [Main] [Geode]:       thesillydoggo.animatedprofiles v1.0.1
18:57:34 DEBUG [Main] [Geode]:       thesillydoggo.better_startpos_menu v1.1.0
18:57:34 DEBUG [Main] [Geode]:       thesillydoggo.entersearch v1.0.0
18:57:34 DEBUG [Main] [Geode]:       TheSillyDoggo.GradientPages v2.1.0
18:57:34 DEBUG [Main] [Geode]:       tpdea.betterpause-Better v1.5.5
18:57:34 DEBUG [Main] [Geode]:       xanii.youtubers v1.0.0
18:57:34 DEBUG [Main] [Geode]:       zilko.xdbot v1.4.8
18:57:34 DEBUG [Main] [Geode]:     Building mod graph
18:57:34 DEBUG [Main] [Geode]:       geode.loader
18:57:34 DEBUG [Main] [Geode]:       beat.click-sound
18:57:34 DEBUG [Main] [Geode]:         geode.loader
18:57:34 DEBUG [Main] [Geode]:         geode.node-ids
18:57:34 DEBUG [Main] [Geode]:       mat.run-info
18:57:34 DEBUG [Main] [Geode]:         geode.loader
18:57:34 DEBUG [Main] [Geode]:       alphalaneous.projectedstars
18:57:34 DEBUG [Main] [Geode]:         geode.loader
18:57:34 DEBUG [Main] [Geode]:         geode.node-ids
18:57:34 DEBUG [Main] [Geode]:       elohmrow.death_tracker
18:57:34 DEBUG [Main] [Geode]:         geode.loader
18:57:34 DEBUG [Main] [Geode]:       absolllute.megahack
18:57:34 DEBUG [Main] [Geode]:         geode.loader
18:57:34 DEBUG [Main] [Geode]:       elnexreal.auto_priority
18:57:34 DEBUG [Main] [Geode]:         geode.loader
18:57:34 DEBUG [Main] [Geode]:       abb2k.backup
18:57:34 DEBUG [Main] [Geode]:         geode.loader
18:57:34 DEBUG [Main] [Geode]:       adyagd.godlikefaces
18:57:34 DEBUG [Main] [Geode]:         geode.loader
18:57:34 DEBUG [Main] [Geode]:       alphalaneous.integratedloquibot
18:57:34 DEBUG [Main] [Geode]:         geode.loader
18:57:34 DEBUG [Main] [Geode]:         geode.node-ids
18:57:34 DEBUG [Main] [Geode]:       zilko.xdbot
18:57:34 DEBUG [Main] [Geode]:         geode.loader
18:57:34 DEBUG [Main] [Geode]:         geode.node-ids
18:57:34 DEBUG [Main] [Geode]:       bitz.customprofiles
18:57:34 DEBUG [Main] [Geode]:         geode.loader
18:57:34 DEBUG [Main] [Geode]:         geode.node-ids
18:57:34 DEBUG [Main] [Geode]:       capeling.icon_profile_2.2
18:57:34 DEBUG [Main] [Geode]:         geode.loader
18:57:34 DEBUG [Main] [Geode]:       coopeeo.customname
18:57:34 DEBUG [Main] [Geode]:         geode.loader
18:57:34 DEBUG [Main] [Geode]:         geode.node-ids
18:57:34 DEBUG [Main] [Geode]:       cj_link.fakemoderator
18:57:34 DEBUG [Main] [Geode]:         geode.loader
18:57:34 DEBUG [Main] [Geode]:       coderqc.gdswearfilter
18:57:34 DEBUG [Main] [Geode]:         geode.loader
18:57:34 DEBUG [Main] [Geode]:       colon.gold_user_coins
18:57:34 DEBUG [Main] [Geode]:         geode.loader
18:57:34 DEBUG [Main] [Geode]:       lexi.visiblecheckpoints
18:57:34 DEBUG [Main] [Geode]:         geode.loader
18:57:34 DEBUG [Main] [Geode]:       cvolton.betterinfo
18:57:34 DEBUG [Main] [Geode]:         geode.loader
18:57:34 DEBUG [Main] [Geode]:         geode.node-ids
18:57:34 DEBUG [Main] [Geode]:       tpdea.betterpause-Better
18:57:34 DEBUG [Main] [Geode]:         geode.loader
18:57:34 DEBUG [Main] [Geode]:         geode.node-ids
18:57:34 DEBUG [Main] [Geode]:       dankmeme.globed2
18:57:34 DEBUG [Main] [Geode]:         geode.loader
18:57:34 DEBUG [Main] [Geode]:         geode.custom-keybinds
18:57:34 DEBUG [Main] [Geode]:       elnexreal.copy_song_id
18:57:34 DEBUG [Main] [Geode]:         geode.loader
18:57:34 DEBUG [Main] [Geode]:       gdutilsdevs.gdutils
18:57:34 DEBUG [Main] [Geode]:         geode.loader
18:57:34 DEBUG [Main] [Geode]:       thesillydoggo.better_startpos_menu
18:57:34 DEBUG [Main] [Geode]:         geode.loader
18:57:34 DEBUG [Main] [Geode]:       geode.custom-keybinds
18:57:34 DEBUG [Main] [Geode]:         geode.loader
18:57:34 DEBUG [Main] [Geode]:       geode.node-ids
18:57:34 DEBUG [Main] [Geode]:         geode.loader
18:57:34 DEBUG [Main] [Geode]:       hjfod.betteredit
18:57:34 DEBUG [Main] [Geode]:         geode.loader
18:57:34 DEBUG [Main] [Geode]:         geode.node-ids
18:57:34 DEBUG [Main] [Geode]:         geode.custom-keybinds
18:57:34 DEBUG [Main] [Geode]:       hjfod.gdshare
18:57:34 DEBUG [Main] [Geode]:         geode.loader
18:57:34 DEBUG [Main] [Geode]:         hjfod.gmd-api
18:57:34 DEBUG [Main] [Geode]:         geode.node-ids
18:57:34 DEBUG [Main] [Geode]:       hjfod.gmd-api
18:57:34 DEBUG [Main] [Geode]:         geode.loader
18:57:34 DEBUG [Main] [Geode]:       muhammadgames.bettermenu
18:57:34 DEBUG [Main] [Geode]:         geode.loader
18:57:34 DEBUG [Main] [Geode]:       redlime.statchanges
18:57:34 DEBUG [Main] [Geode]:         geode.loader
18:57:34 DEBUG [Main] [Geode]:         geode.node-ids
18:57:34 DEBUG [Main] [Geode]:       thesillydoggo.animatedprofiles
18:57:34 DEBUG [Main] [Geode]:         geode.loader
18:57:34 DEBUG [Main] [Geode]:         geode.node-ids
18:57:34 DEBUG [Main] [Geode]:       thesillydoggo.entersearch
18:57:34 DEBUG [Main] [Geode]:         geode.loader
18:57:34 DEBUG [Main] [Geode]:       TheSillyDoggo.GradientPages
18:57:34 DEBUG [Main] [Geode]:         geode.loader
18:57:34 DEBUG [Main] [Geode]:       xanii.youtubers
18:57:34 DEBUG [Main] [Geode]:         geode.loader
18:57:34 DEBUG [Main] [Geode]:     Loading early mods
18:57:34 DEBUG [Main] [Geode]:       absolllute.megahack v8.0.0-alpha.10
18:57:34 DEBUG [Main] [Geode]:         Unzip
18:57:34 DEBUG [Main] [Geode]:         Same hash detected, skipping unzip
18:57:34 DEBUG [Main] [Geode]:         Load
18:57:34 DEBUG [Main] [Geode]:         Loading binary for mod absolllute.megahack
18:57:40 INFO  [Main] [Geode]:     Took 6.428s. Continuing next frame...
18:57:40 DEBUG [Main] [Geode]: Setting up IPC
18:57:40 DEBUG [Main] [Geode]:   IPC set up
18:57:40 INFO  [Main] [Geode]: Starting loader update check
18:57:40 INFO  [Main] [Geode]: Entry took 6.491s
18:57:45 INFO  [Main] [Geode]: Continuing mod graph refresh...
18:57:45 DEBUG [Main] [Geode]:   Loading mods
18:57:45 DEBUG [Main] [Geode]:     beat.click-sound v1.4.1 has unresolved dependencies
18:57:45 ERROR [Main] [Geode]: Failed to fetch updates Empty response
18:57:45 DEBUG [Main] [Geode]: Enabled GameManager::isIconUnlocked hook at 0x521f90 for absolllute.megahack
18:57:45 DEBUG [Main] [Geode]: Enabled GameManager::isColorUnlocked hook at 0x522490 for absolllute.megahack
18:57:45 DEBUG [Main] [Geode]: Enabled GameManager::setGameVariable hook at 0x5284e0 for absolllute.megahack
18:57:45 DEBUG [Main] [Geode]: Enabled GameManager::getGameVariable hook at 0x528730 for absolllute.megahack
18:57:45 DEBUG [Main] [Geode]: Enabled MenuLayer::init hook at 0x67b450 for absolllute.megahack
18:57:45 INFO  [Main] [Geode]: Continuing mod graph refresh...
18:57:45 DEBUG [Main] [Geode]:   Loading mods
18:57:45 DEBUG [Main] [Geode]:     mat.run-info v1.0.2
18:57:45 DEBUG [Mod Unzip] [Geode]:  Unzip
18:57:45 DEBUG [Mod Unzip] [Geode]:  Same hash detected, skipping unzip
18:57:45 DEBUG [Main] [Geode]:       Load
18:57:45 DEBUG [Main] [Geode]:       Loading binary for mod mat.run-info
18:57:45 DEBUG [Main] [Geode]:       Enabled PlayLayer::init hook at 0x6dc4a0 for mat.run-info
18:57:45 DEBUG [Main] [Geode]:       Enabled PlayLayer::resetLevel hook at 0x6ea130 for mat.run-info
18:57:45 DEBUG [Main] [Geode]:       Enabled PlayLayer::togglePracticeMode hook at 0x6ead30 for mat.run-info
18:57:45 INFO  [Main] [Geode]: Took 0.045s
18:57:45 INFO  [Main] [Geode]: Continuing mod graph refresh...
18:57:45 DEBUG [Main] [Geode]:   Loading mods
18:57:45 DEBUG [Main] [Geode]:     alphalaneous.projectedstars v1.1.2 has unresolved dependencies
18:57:45 INFO  [Main] [Geode]: Took 0.016s
18:57:45 INFO  [Main] [Geode]: Continuing mod graph refresh...
18:57:45 DEBUG [Main] [Geode]:   Loading mods
18:57:45 DEBUG [Main] [Geode]:     elohmrow.death_tracker v1.4.3
18:57:45 DEBUG [Mod Unzip] [Geode]:  Unzip
18:57:45 DEBUG [Mod Unzip] [Geode]:  Same hash detected, skipping unzip
18:57:45 DEBUG [Main] [Geode]:       Load
18:57:45 DEBUG [Main] [Geode]:       Loading binary for mod elohmrow.death_tracker
18:57:45 DEBUG [Main] [Geode]:       Enabled GJBaseGameLayer::setStartPosObject hook at 0x599e90 for elohmrow.death_tracker
18:57:45 DEBUG [Main] [Geode]:       Enabled PlayLayer::checkpointActivated hook at 0x6e76c0 for elohmrow.death_tracker
18:57:45 DEBUG [Main] [Geode]:       Enabled PlayLayer::onQuit hook at 0x6eb480 for elohmrow.death_tracker
18:57:45 DEBUG [Main] [Geode]:       Enabled PlayLayer::resetLevelFromStart hook at 0x6ea090 for elohmrow.death_tracker
18:57:45 DEBUG [Main] [Geode]:       Enabled PlayerObject::playerDestroyed hook at 0x6d1b30 for elohmrow.death_tracker
18:57:45 DEBUG [Main] [Geode]:       Enabled LevelInfoLayer::onLevelInfo hook at 0x656a70 for elohmrow.death_tracker
18:57:45 DEBUG [Main] [Geode]:       Enabled EditLevelLayer::onLevelInfo hook at 0x49db40 for elohmrow.death_tracker
18:57:45 DEBUG [Main] [Geode]:       Enabled LevelPage::onInfo hook at 0x66c400 for elohmrow.death_tracker
18:57:45 DEBUG [Main] [Geode]:       Enabled cocos2d::CCLayerColor::initWithColor hook at 0x68114c70 for elohmrow.death_tracker
18:57:45 DEBUG [Main] [Geode]:       Enabled FLAlertLayer::init hook at 0x430f60 for elohmrow.death_tracker
18:57:45 DEBUG [Main] [Geode]:       Enabled FLAlertLayer::keyBackClicked hook at 0x431a10 for elohmrow.death_tracker
18:57:45 DEBUG [Main] [Geode]:       Enabled FLAlertLayer::onBtn1 hook at 0x431ab0 for elohmrow.death_tracker
18:57:45 DEBUG [Main] [Geode]:       Enabled FLAlertLayer::show hook at 0x431cd0 for elohmrow.death_tracker
18:57:46 INFO  [Main] [Geode]: Took 0.033s
18:57:46 INFO  [Main] [Geode]: Continuing mod graph refresh...
18:57:46 DEBUG [Main] [Geode]:   Loading mods
18:57:46 DEBUG [Main] [Geode]:     elnexreal.auto_priority v1.0.0
18:57:46 DEBUG [Mod Unzip] [Geode]:  Unzip
18:57:46 DEBUG [Mod Unzip] [Geode]:  Hash mismatch detected, unzipping
18:57:46 DEBUG [Main] [Geode]:       Load
18:57:46 DEBUG [Main] [Geode]:       Loading binary for mod elnexreal.auto_priority
18:57:46 DEBUG [Main] [Geode]:       Enabled LoadingLayer::loadingFinished hook at 0x676ae0 for elnexreal.auto_priority
18:57:46 INFO  [Main] [Geode]: Took 0.123s
18:57:46 INFO  [Main] [Geode]: Continuing mod graph refresh...
18:57:46 DEBUG [Main] [Geode]:   Loading mods
18:57:46 DEBUG [Main] [Geode]:     abb2k.backup v1.0.4
18:57:46 DEBUG [Mod Unzip] [Geode]:  Unzip
18:57:46 DEBUG [Mod Unzip] [Geode]:  Same hash detected, skipping unzip
18:57:46 DEBUG [Main] [Geode]:       Load
18:57:46 DEBUG [Main] [Geode]:       Loading binary for mod abb2k.backup
18:57:46 DEBUG [Main] [Geode]:       Enabled MenuLayer::init hook at 0x67b450 for abb2k.backup
18:57:46 DEBUG [Main] [Geode]:       Enabled OptionsLayer::customSetup hook at 0x6b02d0 for abb2k.backup
18:57:46 DEBUG [Main] [Geode]:       Enabled GameManager::doQuickSave hook at 0x52de10 for abb2k.backup
18:57:46 INFO  [Main] [Geode]: Took 0.295s
18:57:46 INFO  [Main] [Geode]: Continuing mod graph refresh...
18:57:46 DEBUG [Main] [Geode]:   Loading mods
18:57:46 DEBUG [Main] [Geode]:     adyagd.godlikefaces v1.1.1
18:57:46 DEBUG [Mod Unzip] [Geode]:  Unzip
18:57:46 DEBUG [Mod Unzip] [Geode]:  Same hash detected, skipping unzip
18:57:46 INFO  [Main] [Geode]: Took 0.033s
18:57:46 INFO  [Main] [Geode]: Continuing mod graph refresh...
18:57:46 DEBUG [Main] [Geode]:   Loading mods
18:57:46 DEBUG [Main] [Geode]:     alphalaneous.integratedloquibot v1.3.4 has unresolved dependencies
18:57:46 INFO  [Main] [Geode]: Took 0.016s
18:57:46 INFO  [Main] [Geode]: Continuing mod graph refresh...
18:57:46 DEBUG [Main] [Geode]:   Loading mods
18:57:46 DEBUG [Main] [Geode]:     zilko.xdbot v1.4.8 has unresolved dependencies
18:57:46 INFO  [Main] [Geode]: Took 0.016s
18:57:46 INFO  [Main] [Geode]: Continuing mod graph refresh...
18:57:46 DEBUG [Main] [Geode]:   Loading mods
18:57:46 DEBUG [Main] [Geode]:     bitz.customprofiles v1.0.5 has unresolved dependencies
18:57:46 INFO  [Main] [Geode]: Took 0.016s
18:57:46 INFO  [Main] [Geode]: Continuing mod graph refresh...
18:57:46 DEBUG [Main] [Geode]:   Loading mods
18:57:46 DEBUG [Main] [Geode]:     capeling.icon_profile_2.2 v1.1.4
18:57:46 DEBUG [Mod Unzip] [Geode]:  Unzip
18:57:46 DEBUG [Mod Unzip] [Geode]:  Same hash detected, skipping unzip
18:57:46 DEBUG [Main] [Geode]:       Load
18:57:46 DEBUG [Main] [Geode]:       Loading binary for mod capeling.icon_profile_2.2
18:57:46 DEBUG [Main] [Geode]:       Enabled MenuLayer::init hook at 0x67b450 for capeling.icon_profile_2.2
18:57:46 INFO  [Main] [Geode]: Took 0.033s
18:57:46 INFO  [Main] [Geode]: Continuing mod graph refresh...
18:57:46 DEBUG [Main] [Geode]:   Loading mods
18:57:46 DEBUG [Main] [Geode]:     coopeeo.customname v1.2.2 has unresolved dependencies
18:57:46 INFO  [Main] [Geode]: Took 0.016s
18:57:46 INFO  [Main] [Geode]: Continuing mod graph refresh...
18:57:46 DEBUG [Main] [Geode]:   Loading mods
18:57:46 DEBUG [Main] [Geode]:     cj_link.fakemoderator v1.0.1
18:57:46 DEBUG [Mod Unzip] [Geode]:  Unzip
18:57:46 DEBUG [Mod Unzip] [Geode]:  Hash mismatch detected, unzipping
18:57:46 DEBUG [Main] [Geode]:       Load
18:57:46 DEBUG [Main] [Geode]:       Loading binary for mod cj_link.fakemoderator
18:57:46 DEBUG [Main] [Geode]:       Enabled LevelInfoLayer::init hook at 0x6516a0 for cj_link.fakemoderator
18:57:46 DEBUG [Main] [Geode]:       Enabled RateStarsLayer::onRate hook at 0x6f51c0 for cj_link.fakemoderator
18:57:46 DEBUG [Main] [Geode]:       Enabled SupportLayer::onRequestAccess hook at 0x7bca70 for cj_link.fakemoderator
18:57:46 DEBUG [Main] [Geode]:       Enabled ProfilePage::setupPageInfo hook at 0x6f2350 for cj_link.fakemoderator
18:57:46 INFO  [Main] [Geode]: Took 0.224s
18:57:46 INFO  [Main] [Geode]: Continuing mod graph refresh...
18:57:46 DEBUG [Main] [Geode]:   Loading mods
18:57:46 DEBUG [Main] [Geode]:     coderqc.gdswearfilter v1.0.1
18:57:46 DEBUG [Mod Unzip] [Geode]:  Unzip
18:57:46 DEBUG [Mod Unzip] [Geode]:  Same hash detected, skipping unzip
18:57:46 DEBUG [Main] [Geode]:       Load
18:57:46 DEBUG [Main] [Geode]:       Loading binary for mod coderqc.gdswearfilter
18:57:46 DEBUG [Main] [Geode]:       Enabled CommentCell::loadFromComment hook at 0x484490 for coderqc.gdswearfilter
18:57:46 DEBUG [Main] [Geode]:       Enabled InfoLayer::init hook at 0x628810 for coderqc.gdswearfilter
18:57:46 DEBUG [Main] [Geode]:       Enabled LevelCell::loadFromLevel hook at 0x47d8b0 for coderqc.gdswearfilter
18:57:46 INFO  [Main] [Geode]: Took 0.033s
18:57:46 INFO  [Main] [Geode]: Continuing mod graph refresh...
18:57:46 DEBUG [Main] [Geode]:   Loading mods
18:57:46 DEBUG [Main] [Geode]:     colon.gold_user_coins v1.0.1
18:57:46 DEBUG [Mod Unzip] [Geode]:  Unzip
18:57:46 DEBUG [Mod Unzip] [Geode]:  Same hash detected, skipping unzip
18:57:46 DEBUG [Main] [Geode]:       Load
18:57:46 DEBUG [Main] [Geode]:       Loading binary for mod colon.gold_user_coins
18:57:46 DEBUG [Main] [Geode]:       Enabled MenuLayer::init hook at 0x67b450 for colon.gold_user_coins
18:57:46 DEBUG [Main] [Geode]:       Enabled cocos2d::CCSprite::setColor hook at 0x681478a0 for colon.gold_user_coins
18:57:46 INFO  [Main] [Geode]: Took 0.033s
18:57:46 INFO  [Main] [Geode]: Continuing mod graph refresh...
18:57:46 DEBUG [Main] [Geode]:   Loading mods
18:57:46 DEBUG [Main] [Geode]:     lexi.visiblecheckpoints v0.1.4
18:57:46 DEBUG [Mod Unzip] [Geode]:  Unzip
18:57:46 DEBUG [Mod Unzip] [Geode]:  Hash mismatch detected, unzipping
18:57:47 DEBUG [Main] [Geode]:       Load
18:57:47 DEBUG [Main] [Geode]:       Loading binary for mod lexi.visiblecheckpoints
18:57:47 DEBUG [Main] [Geode]:       Enabled PlayLayer::createCheckpoint hook at 0x6e76e0 for lexi.visiblecheckpoints
18:57:47 DEBUG [Main] [Geode]:       Enabled PlayLayer::init hook at 0x6dc4a0 for lexi.visiblecheckpoints
18:57:47 DEBUG [Main] [Geode]:       Enabled PlayLayer::removeCheckpoint hook at 0x6e8d70 for lexi.visiblecheckpoints
18:57:47 DEBUG [Main] [Geode]:       Enabled PlayLayer::resetLevelFromStart hook at 0x6ea090 for lexi.visiblecheckpoints
18:57:47 DEBUG [Main] [Geode]:       Enabled PlayLayer::setupHasCompleted hook at 0x6dce40 for lexi.visiblecheckpoints
18:57:47 INFO  [Main] [Geode]: Took 0.366s
18:57:47 INFO  [Main] [Geode]: Continuing mod graph refresh...
18:57:47 DEBUG [Main] [Geode]:   Loading mods
18:57:47 DEBUG [Main] [Geode]:     cvolton.betterinfo v4.0.0-alpha.13 has unresolved dependencies
18:57:47 INFO  [Main] [Geode]: Took 0.016s
18:57:47 INFO  [Main] [Geode]: Continuing mod graph refresh...
18:57:47 DEBUG [Main] [Geode]:   Loading mods
18:57:47 DEBUG [Main] [Geode]:     tpdea.betterpause-Better v1.5.5 has unresolved dependencies
18:57:47 INFO  [Main] [Geode]: Took 0.019s
18:57:47 INFO  [Main] [Geode]: Continuing mod graph refresh...
18:57:47 DEBUG [Main] [Geode]:   Loading mods
18:57:47 DEBUG [Main] [Geode]:     dankmeme.globed2 v1.1.2 has unresolved dependencies
18:57:47 INFO  [Main] [Geode]: Took 0.016s
18:57:47 INFO  [Main] [Geode]: Continuing mod graph refresh...
18:57:47 DEBUG [Main] [Geode]:   Loading mods
18:57:47 DEBUG [Main] [Geode]:     elnexreal.copy_song_id v1.2.2
18:57:47 DEBUG [Mod Unzip] [Geode]:  Unzip
18:57:47 DEBUG [Mod Unzip] [Geode]:  Same hash detected, skipping unzip
18:57:47 DEBUG [Main] [Geode]:       Load
18:57:47 DEBUG [Main] [Geode]:       Loading binary for mod elnexreal.copy_song_id
18:57:47 DEBUG [Main] [Geode]:       Enabled LevelInfoLayer::init hook at 0x6516a0 for elnexreal.copy_song_id
18:57:47 DEBUG [Main] [Geode]:       Enabled LevelInfoLayer::levelDownloadFinished hook at 0x654f00 for elnexreal.copy_song_id
18:57:47 INFO  [Main] [Geode]: Took 0.033s
18:57:47 INFO  [Main] [Geode]: Continuing mod graph refresh...
18:57:47 DEBUG [Main] [Geode]:   Loading mods
18:57:47 DEBUG [Main] [Geode]:     gdutilsdevs.gdutils v1.2.14
18:57:47 DEBUG [Mod Unzip] [Geode]:  Unzip
18:57:47 DEBUG [Mod Unzip] [Geode]:  Same hash detected, skipping unzip
18:57:47 DEBUG [Main] [Geode]:       Load
18:57:47 DEBUG [Main] [Geode]:       Loading binary for mod gdutilsdevs.gdutils
18:57:47 DEBUG [Main] [Geode]:       Enabled cocos2d::CCScheduler::update hook at 0x68176db0 for gdutilsdevs.gdutils
18:57:47 DEBUG [Main] [Geode]:       Enabled cocos2d::CCScheduler::update hook at 0x68176db0 for gdutilsdevs.gdutils
18:57:47 DEBUG [Main] [Geode]:       Enabled PlayLayer::init hook at 0x6dc4a0 for gdutilsdevs.gdutils
18:57:47 DEBUG [Main] [Geode]:       Enabled PlayLayer::onQuit hook at 0x6eb480 for gdutilsdevs.gdutils
18:57:47 DEBUG [Main] [Geode]:       Enabled EditorUI::onPause hook at 0x4a6130 for gdutilsdevs.gdutils
18:57:47 DEBUG [Main] [Geode]:       Enabled EditorUI::onPlayback hook at 0x4c9d20 for gdutilsdevs.gdutils
18:57:47 DEBUG [Main] [Geode]:       Enabled EditorUI::onPlaytest hook at 0x4ca090 for gdutilsdevs.gdutils
18:57:47 DEBUG [Main] [Geode]:       Enabled EditorUI::onStopPlaytest hook at 0x4ca200 for gdutilsdevs.gdutils
18:57:47 DEBUG [Main] [Geode]:       Enabled FriendsProfilePage::init hook at 0x4f0a10 for gdutilsdevs.gdutils
18:57:47 DEBUG [Main] [Geode]:       Enabled LeaderboardsLayer::init hook at 0x62dc60 for gdutilsdevs.gdutils
18:57:47 DEBUG [Main] [Geode]:       Enabled SecretLayer2::init hook at 0x7056d0 for gdutilsdevs.gdutils
18:57:47 DEBUG [Main] [Geode]:       Enabled SecretLayer2::onSubmit hook at 0x7071c0 for gdutilsdevs.gdutils
18:57:47 DEBUG [Main] [Geode]:       Enabled SecretLayer2::updateSearchLabel hook at 0x7084b0 for gdutilsdevs.gdutils
18:57:47 DEBUG [Main] [Geode]:       Enabled LevelInfoLayer::init hook at 0x6516a0 for gdutilsdevs.gdutils
18:57:47 DEBUG [Main] [Geode]:       Enabled InfoLayer::init hook at 0x628810 for gdutilsdevs.gdutils
18:57:47 DEBUG [Main] [Geode]:       Enabled ProfilePage::loadPageFromUserInfo hook at 0x6edda0 for gdutilsdevs.gdutils
18:57:47 INFO  [Main] [GDUtils]:     GDUtils Mod Loaded
18:57:47 INFO  [Main] [GDUtils]:     Le protocole a été enregistré avec succès pour cet utilisateur.
18:57:47 INFO  [Main] [Geode]: Took 0.033s
18:57:47 INFO  [Main] [Geode]: Continuing mod graph refresh...
18:57:47 DEBUG [Main] [Geode]:   Loading mods
18:57:47 DEBUG [Main] [Geode]:     thesillydoggo.better_startpos_menu v1.1.0
18:57:47 INFO  [Thread #16440] [GDUtils]: Starting socket...
18:57:47 DEBUG [Mod Unzip] [Geode]:  Unzip
18:57:47 DEBUG [Mod Unzip] [Geode]:  Same hash detected, skipping unzip
18:57:47 DEBUG [Main] [Geode]:       Load
18:57:47 DEBUG [Main] [Geode]:       Loading binary for mod thesillydoggo.better_startpos_menu
18:57:47 DEBUG [Main] [Geode]:       Enabled LevelSettingsLayer::init hook at 0x66ce20 for thesillydoggo.better_startpos_menu
18:57:47 INFO  [Main] [Geode]: Took 0.033s
18:57:47 INFO  [Main] [Geode]: Continuing mod graph refresh...
18:57:47 DEBUG [Main] [Geode]:   Loading mods
18:57:47 DEBUG [Main] [Geode]:     geode.custom-keybinds v1.4.0
18:57:47 DEBUG [Mod Unzip] [Geode]:  Unzip
18:57:47 DEBUG [Mod Unzip] [Geode]:  Same hash detected, skipping unzip
18:57:47 DEBUG [Main] [Geode]:       Load
18:57:47 DEBUG [Main] [Geode]:       Loading binary for mod geode.custom-keybinds
18:57:47 DEBUG [Main] [Geode]:       Enabled EditorPauseLayer::customSetup hook at 0x4a0730 for geode.custom-keybinds
18:57:47 DEBUG [Main] [Geode]:       Enabled EditorPauseLayer::keyDown hook at 0x4a3080 for geode.custom-keybinds
18:57:47 DEBUG [Main] [Geode]:       Enabled EditorUI::init hook at 0x4a4260 for geode.custom-keybinds
18:57:47 DEBUG [Main] [Geode]:       Enabled EditorUI::keyDown hook at 0x4da300 for geode.custom-keybinds
18:57:47 DEBUG [Main] [Geode]:       Enabled EditorUI::keyUp hook at 0x4db210 for geode.custom-keybinds
18:57:47 DEBUG [Main] [Geode]:       Enabled EditorUI::moveObjectCall hook at 0x4d4d40 for geode.custom-keybinds
18:57:47 DEBUG [Main] [Geode]:       Enabled EditorUI::transformObjectCall hook at 0x4d5380 for geode.custom-keybinds
18:57:47 DEBUG [Main] [Geode]:       Enabled PauseLayer::customSetup hook at 0x6b89f0 for geode.custom-keybinds
18:57:47 DEBUG [Main] [Geode]:       Enabled PauseLayer::keyDown hook at 0x6ba310 for geode.custom-keybinds
18:57:47 DEBUG [Main] [Geode]:       Enabled UILayer::init hook at 0x7bec10 for geode.custom-keybinds
18:57:47 DEBUG [Main] [Geode]:       Enabled UILayer::keyDown hook at 0x7bf930 for geode.custom-keybinds
18:57:47 DEBUG [Main] [Geode]:       Enabled UILayer::keyUp hook at 0x7bf950 for geode.custom-keybinds
18:57:47 DEBUG [Main] [Geode]:       Enabled cocos2d::CCKeyboardDispatcher::dispatchKeyboardMSG hook at 0x6810be70 for geode.custom-keybinds
18:57:47 DEBUG [Main] [Geode]:       Enabled cocos2d::CCKeyboardDispatcher::updateModifierKeys hook at 0x6810ca70 for geode.custom-keybinds
18:57:47 DEBUG [Main] [Geode]:       Enabled MoreOptionsLayer::onKeybindings hook at 0x4a21a0 for geode.custom-keybinds
18:57:47 INFO  [Main] [Geode]: Took 0.056s
18:57:47 INFO  [Main] [Geode]: Continuing mod graph refresh...
18:57:47 DEBUG [Main] [Geode]:   Loading mods
18:57:47 DEBUG [Main] [Geode]:     hjfod.betteredit v6.0.0 has unresolved dependencies
18:57:47 INFO  [Main] [Geode]: Took 0.016s
18:57:47 INFO  [Main] [Geode]: Continuing mod graph refresh...
18:57:47 DEBUG [Main] [Geode]:   Loading mods
18:57:47 DEBUG [Main] [Geode]:     dankmeme.globed2 v1.1.2
18:57:47 DEBUG [Mod Unzip] [Geode]:  Unzip
18:57:47 DEBUG [Mod Unzip] [Geode]:  Same hash detected, skipping unzip
18:57:47 INFO  [stdout]: [2024-02-23 18:57:47] [connect] Successful connection
18:57:47 DEBUG [Main] [Geode]:       Load
18:57:47 DEBUG [Main] [Geode]:       Loading binary for mod dankmeme.globed2
18:57:47 DEBUG [Main] [Geode]:       Enabled PlayerObject::incrementJumps hook at 0x6c77f0 for dankmeme.globed2
18:57:47 DEBUG [Main] [Geode]:       Enabled PlayerObject::playDeathEffect hook at 0x6ba470 for dankmeme.globed2
18:57:47 DEBUG [Main] [Geode]:       Enabled PlayerObject::playSpiderDashEffect hook at 0x6cf5b0 for dankmeme.globed2
18:57:47 DEBUG [Main] [Geode]:       Enabled PlayLayer::init hook at 0x6dc4a0 for dankmeme.globed2
18:57:47 DEBUG [Main] [Geode]:       Enabled PlayLayer::onQuit hook at 0x6eb480 for dankmeme.globed2
18:57:47 DEBUG [Main] [Geode]:       Enabled AppDelegate::applicationDidEnterBackground hook at 0x45b4f0 for dankmeme.globed2
18:57:47 DEBUG [Main] [Geode]:       Enabled AppDelegate::applicationWillEnterForeground hook at 0x45b530 for dankmeme.globed2
18:57:47 DEBUG [Main] [Geode]:       Enabled GameManager::loadIcon hook at 0x527440 for dankmeme.globed2
18:57:47 DEBUG [Main] [Geode]:       Enabled GameManager::reloadAllStep2 hook at 0x52e540 for dankmeme.globed2
18:57:47 DEBUG [Main] [Geode]:       Enabled GameManager::returnToLastScene hook at 0x52e110 for dankmeme.globed2
18:57:47 DEBUG [Main] [Geode]:       Enabled LoadingLayer::loadingFinished hook at 0x676ae0 for dankmeme.globed2
18:57:47 DEBUG [Main] [Geode]:       Enabled MenuLayer::init hook at 0x67b450 for dankmeme.globed2
18:57:47 DEBUG [Main] [Geode]:       Enabled PauseLayer::customSetup hook at 0x6b89f0 for dankmeme.globed2
18:57:47 DEBUG [Main] [Geode]:       Enabled PauseLayer::onEdit hook at 0x6ba020 for dankmeme.globed2
18:57:47 DEBUG [Main] [Geode]:       Enabled PauseLayer::onNormalMode hook at 0x6b9ed0 for dankmeme.globed2
18:57:47 DEBUG [Main] [Geode]:       Enabled PauseLayer::onPracticeMode hook at 0x6b9e60 for dankmeme.globed2
18:57:47 DEBUG [Main] [Geode]:       Enabled PauseLayer::onQuit hook at 0x6ba240 for dankmeme.globed2
18:57:47 DEBUG [Main] [Geode]:       Enabled PauseLayer::onRestart hook at 0x6b9f80 for dankmeme.globed2
18:57:47 DEBUG [Main] [Geode]:       Enabled PauseLayer::onRestartFull hook at 0x6b9fd0 for dankmeme.globed2
18:57:47 DEBUG [Main] [Geode]:       Enabled PauseLayer::onResume hook at 0x6b9f30 for dankmeme.globed2
18:57:47 DEBUG [Main] [Geode]:       Enabled FMOD::System::init hook at 0x67f42530 for dankmeme.globed2
18:57:47 INFO  [stdout]: [2024-02-23 18:57:47] [connect] WebSocket Connection 62.210.53.67:80 v-2 "WebSocket++/0.8.2" /socket.io/?EIO=4&transport=websocket&t=1708711067 101
18:57:47 INFO  [Thread #19248] [GDUtils]: Socket Connection successful!
18:57:47 INFO  [Thread #16440] [GDUtils]: listening for events
18:57:47 INFO  [Main] [Geode]: Took 0.043s
18:57:47 INFO  [Main] [Geode]: Continuing mod graph refresh...
18:57:47 DEBUG [Main] [Geode]:   Loading mods
18:57:47 DEBUG [Main] [Geode]:     geode.node-ids v1.3.0
18:57:47 DEBUG [Mod Unzip] [Geode]:  Unzip
18:57:47 DEBUG [Mod Unzip] [Geode]:  Same hash detected, skipping unzip
18:57:47 DEBUG [Main] [Geode]:       Load
18:57:47 DEBUG [Main] [Geode]:       Loading binary for mod geode.node-ids
18:57:47 DEBUG [Main] [Geode]:       Enabled CommentCell::loadFromComment hook at 0x484490 for geode.node-ids
18:57:47 DEBUG [Main] [Geode]:       Enabled CreatorLayer::init hook at 0x46f550 for geode.node-ids
18:57:47 DEBUG [Main] [Geode]:       Enabled CustomizeObjectLayer::init hook at 0x4764a0 for geode.node-ids
18:57:47 DEBUG [Main] [Geode]:       Enabled CustomizeObjectLayer::toggleVisible hook at 0x479780 for geode.node-ids
18:57:47 DEBUG [Main] [Geode]:       Enabled DailyLevelNode::init hook at 0x4996c0 for geode.node-ids
18:57:47 DEBUG [Main] [Geode]:       Enabled DailyLevelPage::init hook at 0x4976d0 for geode.node-ids
18:57:47 DEBUG [Main] [Geode]:       Enabled EditLevelLayer::init hook at 0x49c8e0 for geode.node-ids
18:57:47 DEBUG [Main] [Geode]:       Enabled EditorPauseLayer::init hook at 0x4a0020 for geode.node-ids
18:57:47 DEBUG [Main] [Geode]:       Enabled EditorUI::init hook at 0x4a4260 for geode.node-ids
18:57:47 DEBUG [Main] [Geode]:       Enabled GJGarageLayer::init hook at 0x5ef250 for geode.node-ids
18:57:47 DEBUG [Main] [Geode]:       Enabled GJGarageLayer::setupPage hook at 0x5f1d70 for geode.node-ids
18:57:47 DEBUG [Main] [Geode]:       Enabled GJScoreCell::loadFromScore hook at 0x4865b0 for geode.node-ids
18:57:47 DEBUG [Main] [Geode]:       Enabled GameToolbox::addBackButton hook at 0x441910 for geode.node-ids
18:57:47 DEBUG [Main] [Geode]:       Enabled GameToolbox::addRThumbScrollButton hook at 0x4419c0 for geode.node-ids
18:57:47 DEBUG [Main] [Geode]:       Enabled InfoLayer::init hook at 0x628810 for geode.node-ids
18:57:47 DEBUG [Main] [Geode]:       Enabled LeaderboardsLayer::init hook at 0x62dc60 for geode.node-ids
18:57:47 DEBUG [Main] [Geode]:       Enabled LevelBrowserLayer::init hook at 0x632e60 for geode.node-ids
18:57:47 DEBUG [Main] [Geode]:       Enabled LevelCell::loadCustomLevelCell hook at 0x47da60 for geode.node-ids
18:57:47 DEBUG [Main] [Geode]:       Enabled LevelCell::loadFromLevel hook at 0x47d8b0 for geode.node-ids
18:57:47 DEBUG [Main] [Geode]:       Enabled LevelCell::loadLocalLevelCell hook at 0x4804d0 for geode.node-ids
18:57:47 DEBUG [Main] [Geode]:       Enabled LevelInfoLayer::init hook at 0x6516a0 for geode.node-ids
18:57:47 DEBUG [Main] [Geode]:       Enabled LevelInfoLayer::setupPlatformerStats hook at 0x653a90 for geode.node-ids
18:57:47 DEBUG [Main] [Geode]:       Enabled LevelInfoLayer::setupProgressBars hook at 0x653e20 for geode.node-ids
18:57:47 DEBUG [Main] [Geode]:       Enabled LevelInfoLayer::updateLabelValues hook at 0x656d20 for geode.node-ids
18:57:47 DEBUG [Main] [Geode]:       Enabled LevelLeaderboard::init hook at 0x658060 for geode.node-ids
18:57:47 DEBUG [Main] [Geode]:       Enabled LevelSearchLayer::init hook at 0x660f10 for geode.node-ids
18:57:47 DEBUG [Main] [Geode]:       Enabled PauseLayer::customSetup hook at 0x6b89f0 for geode.node-ids
18:57:47 DEBUG [Main] [Geode]:       Enabled PlayerObject::init hook at 0x6c24c0 for geode.node-ids
18:57:47 DEBUG [Main] [Geode]:       Enabled ProfilePage::init hook at 0x6ed080 for geode.node-ids
18:57:47 DEBUG [Main] [Geode]:       Enabled ProfilePage::loadPageFromUserInfo hook at 0x6edda0 for geode.node-ids
18:57:47 DEBUG [Main] [Geode]:       Enabled RewardsPage::init hook at 0x6f67f0 for geode.node-ids
18:57:47 DEBUG [Main] [Geode]:       Enabled UILayer::init hook at 0x7bec10 for geode.node-ids
18:57:47 INFO  [Main] [Geode]: Took 0.033s
18:57:47 INFO  [Main] [Geode]: Continuing mod graph refresh...
18:57:47 DEBUG [Main] [Geode]:   Loading mods
18:57:47 DEBUG [Main] [Geode]:     thesillydoggo.animatedprofiles v1.0.1
18:57:47 DEBUG [Mod Unzip] [Geode]:  Unzip
18:57:47 DEBUG [Mod Unzip] [Geode]:  Same hash detected, skipping unzip
18:57:47 DEBUG [Main] [Geode]:       Load
18:57:47 DEBUG [Main] [Geode]:       Loading binary for mod thesillydoggo.animatedprofiles
18:57:47 DEBUG [Main] [Geode]:       Enabled ProfilePage::init hook at 0x6ed080 for thesillydoggo.animatedprofiles
18:57:47 DEBUG [Main] [Geode]:       Enabled ProfilePage::loadPageFromUserInfo hook at 0x6edda0 for thesillydoggo.animatedprofiles
18:57:47 DEBUG [Main] [Geode]:       Enabled CommentCell::loadFromComment hook at 0x484490 for thesillydoggo.animatedprofiles
18:57:47 DEBUG [Main] [Geode]:       Enabled CCAnimatedSprite::runAnimation hook at 0x421640 for thesillydoggo.animatedprofiles
18:57:47 INFO  [Main] [Geode]: Took 0.034s
18:57:47 INFO  [Main] [Geode]: Continuing mod graph refresh...
18:57:47 DEBUG [Main] [Geode]:   Loading mods
18:57:47 DEBUG [Main] [Geode]:     redlime.statchanges v1.1.0
18:57:47 DEBUG [Mod Unzip] [Geode]:  Unzip
18:57:47 DEBUG [Mod Unzip] [Geode]:  Same hash detected, skipping unzip
18:57:47 DEBUG [Main] [Geode]:       Load
18:57:47 DEBUG [Main] [Geode]:       Loading binary for mod redlime.statchanges
18:57:47 DEBUG [Main] [Geode]:       Enabled ProfilePage::init hook at 0x6ed080 for redlime.statchanges
18:57:47 DEBUG [Main] [Geode]:       Enabled ProfilePage::loadPageFromUserInfo hook at 0x6edda0 for redlime.statchanges
18:57:47 DEBUG [Main] [Geode]:       Enabled ProfilePage::onClose hook at 0x6f15e0 for redlime.statchanges
18:57:47 INFO  [Main] [Geode]: Took 0.032s
18:57:47 INFO  [Main] [Geode]: Continuing mod graph refresh...
18:57:47 DEBUG [Main] [Geode]:   Loading mods
18:57:47 DEBUG [Main] [Geode]:     hjfod.gdshare v1.0.4 has unresolved dependencies
18:57:47 INFO  [Main] [Geode]: Took 0.016s
18:57:47 INFO  [Main] [Geode]: Continuing mod graph refresh...
18:57:47 DEBUG [Main] [Geode]:   Loading mods
18:57:47 DEBUG [Main] [Geode]:     hjfod.betteredit v6.0.0
18:57:47 DEBUG [Mod Unzip] [Geode]:  Unzip
18:57:47 DEBUG [Mod Unzip] [Geode]:  Same hash detected, skipping unzip
18:57:47 DEBUG [Main] [Geode]:       Load
18:57:47 DEBUG [Main] [Geode]:       Loading binary for mod hjfod.betteredit
18:57:47 DEBUG [Main] [Geode]:       Enabled EditorPauseLayer::init hook at 0x4a0020 for hjfod.betteredit
18:57:47 DEBUG [Main] [Geode]:       Enabled CustomizeObjectLayer::colorSelectClosed hook at 0x478e60 for hjfod.betteredit
18:57:47 DEBUG [Main] [Geode]:       Enabled CustomizeObjectLayer::highlightSelected hook at 0x47a1b0 for hjfod.betteredit
18:57:47 DEBUG [Main] [Geode]:       Enabled CustomizeObjectLayer::init hook at 0x4764a0 for hjfod.betteredit
18:57:47 DEBUG [Main] [Geode]:       Enabled CustomizeObjectLayer::onClose hook at 0x47a2a0 for hjfod.betteredit
18:57:47 DEBUG [Main] [Geode]:       Enabled CustomizeObjectLayer::onSelectColor hook at 0x479fa0 for hjfod.betteredit
18:57:47 DEBUG [Main] [Geode]:       Enabled CustomizeObjectLayer::onUpdateCustomColor hook at 0x479af0 for hjfod.betteredit
18:57:47 DEBUG [Main] [Geode]:       Enabled CustomizeObjectLayer::textChanged hook at 0x479cf0 for hjfod.betteredit
18:57:47 DEBUG [Main] [Geode]:       Enabled CustomizeObjectLayer::updateCustomColorLabels hook at 0x479ec0 for hjfod.betteredit
18:57:47 DEBUG [Main] [Geode]:       Enabled SelectFontLayer::init hook at 0x604dd0 for hjfod.betteredit
18:57:47 DEBUG [Main] [Geode]:       Enabled EditorUI::scrollWheel hook at 0x4db260 for hjfod.betteredit
18:57:47 DEBUG [Main] [Geode]:       Enabled EditorUI::init hook at 0x4a4260 for hjfod.betteredit
18:57:47 DEBUG [Main] [Geode]:       Enabled EditorUI::init hook at 0x4a4260 for hjfod.betteredit
18:57:47 DEBUG [Main] [Geode]:       Enabled EditorUI::init hook at 0x4a4260 for hjfod.betteredit
18:57:47 DEBUG [Main] [Geode]:       Enabled EditorUI::updateZoom hook at 0x4ca3d0 for hjfod.betteredit
18:57:47 DEBUG [Main] [Geode]:       Enabled EditorPauseLayer::init hook at 0x4a0020 for hjfod.betteredit
18:57:47 DEBUG [Main] [Geode]:       Enabled EditorPauseLayer::init hook at 0x4a0020 for hjfod.betteredit
18:57:47 DEBUG [Main] [Geode]:       Enabled EditorUI::init hook at 0x4a4260 for hjfod.betteredit
18:57:47 INFO  [Main] [Geode]: Took 0.093s
18:57:47 INFO  [Main] [Geode]: Continuing mod graph refresh...
18:57:47 DEBUG [Main] [Geode]:   Loading mods
18:57:47 DEBUG [Main] [Geode]:     tpdea.betterpause-Better v1.5.5
18:57:47 DEBUG [Mod Unzip] [Geode]:  Unzip
18:57:47 DEBUG [Mod Unzip] [Geode]:  Same hash detected, skipping unzip
18:57:47 DEBUG [Main] [Geode]:       Load
18:57:47 DEBUG [Main] [Geode]:       Loading binary for mod tpdea.betterpause-Better
18:57:47 DEBUG [Main] [Geode]:       Enabled PauseLayer::create hook at 0x6b8940 for tpdea.betterpause-Better
18:57:47 DEBUG [Main] [Geode]:       Enabled PauseLayer::onResume hook at 0x6b9f30 for tpdea.betterpause-Better
18:57:47 DEBUG [Main] [Geode]:       Enabled PlayLayer::addObject hook at 0x6e19b0 for tpdea.betterpause-Better
18:57:47 DEBUG [Main] [Geode]:       Enabled PlayLayer::init hook at 0x6dc4a0 for tpdea.betterpause-Better
18:57:47 DEBUG [Main] [Geode]:       Enabled PlayLayer::updateProgressbar hook at 0x6e5440 for tpdea.betterpause-Better
18:57:47 DEBUG [Main] [Geode]:       Enabled GJBaseGameLayer::update hook at 0x5bb780 for tpdea.betterpause-Better
18:57:47 DEBUG [Main] [Geode]:       Enabled MoreOptionsLayer::addToggle hook at 0x6b25f0 for tpdea.betterpause-Better
18:57:47 DEBUG [Main] [Geode]:       Enabled GameOptionsLayer::create hook at 0x613050 for tpdea.betterpause-Better
18:57:47 DEBUG [Main] [Geode]:       Enabled GJOptionsLayer::addToggle hook at 0x606350 for tpdea.betterpause-Better
18:57:47 DEBUG [Main] [Geode]:       Enabled GameToolbox::pointsToString hook at 0x445960 for tpdea.betterpause-Better
18:57:47 DEBUG [Main] [Geode]:       Enabled DailyLevelPage::init hook at 0x4976d0 for tpdea.betterpause-Better
18:57:47 DEBUG [Main] [Geode]:       Enabled CustomSongWidget::updateSongObject hook at 0x494280 for tpdea.betterpause-Better
18:57:47 DEBUG [Main] [Geode]:       Enabled CustomSongWidget::updateWithMultiAssets hook at 0x4956f0 for tpdea.betterpause-Better
18:57:47 INFO  [Main] [Geode]: Took 0.062s
18:57:47 INFO  [Main] [Geode]: Continuing mod graph refresh...
18:57:47 DEBUG [Main] [Geode]:   Loading mods
18:57:47 DEBUG [Main] [Geode]:     cvolton.betterinfo v4.0.0-alpha.13
18:57:47 DEBUG [Mod Unzip] [Geode]:  Unzip
18:57:47 DEBUG [Mod Unzip] [Geode]:  Same hash detected, skipping unzip
18:57:47 DEBUG [Main] [Geode]:       Load
18:57:47 DEBUG [Main] [Geode]:       Loading binary for mod cvolton.betterinfo
18:57:47 DEBUG [Main] [Geode]:       Enabled CommentCell::FLAlert_Clicked hook at 0x4863d0 for cvolton.betterinfo
18:57:47 DEBUG [Main] [Geode]:       Enabled CommentCell::loadFromComment hook at 0x484490 for cvolton.betterinfo
18:57:47 DEBUG [Main] [Geode]:       Enabled CommentCell::onConfirmDelete hook at 0x4862c0 for cvolton.betterinfo
18:57:47 DEBUG [Main] [Geode]:       Enabled CommentCell::onLike hook at 0x486110 for cvolton.betterinfo
18:57:47 DEBUG [Main] [Geode]:       Enabled CreatorLayer::init hook at 0x46f550 for cvolton.betterinfo
18:57:47 DEBUG [Main] [Geode]:       Enabled CreatorLayer::onChallenge hook at 0x470dd0 for cvolton.betterinfo
18:57:47 DEBUG [Main] [Geode]:       Enabled DailyLevelNode::init hook at 0x4996c0 for cvolton.betterinfo
18:57:47 DEBUG [Main] [Geode]:       Enabled DailyLevelPage::init hook at 0x4976d0 for cvolton.betterinfo
18:57:47 DEBUG [Main] [Geode]:       Enabled DailyLevelPage::updateTimers hook at 0x499120 for cvolton.betterinfo
18:57:47 DEBUG [Main] [Geode]:       Enabled EditLevelLayer::init hook at 0x49c8e0 for cvolton.betterinfo
18:57:47 DEBUG [Main] [Geode]:       Enabled EditLevelLayer::onLevelInfo hook at 0x49db40 for cvolton.betterinfo
18:57:47 DEBUG [Main] [Geode]:       Enabled GJLevelList::showListInfo hook at 0x51cef0 for cvolton.betterinfo
18:57:47 DEBUG [Main] [Geode]:       Enabled GJScoreCell::loadFromScore hook at 0x4865b0 for cvolton.betterinfo
18:57:47 DEBUG [Main] [Geode]:       Enabled GameLevelManager::getCompletedLevels hook at 0x4f7790 for cvolton.betterinfo
18:57:47 DEBUG [Main] [Geode]:       Enabled GameLevelManager::getSavedLevels hook at 0x4f7340 for cvolton.betterinfo
18:57:47 DEBUG [Main] [Geode]:       Enabled GameLevelManager::limitSavedLevels hook at 0x4f9210 for cvolton.betterinfo
18:57:47 DEBUG [Main] [Geode]:       Enabled GameLevelManager::userNameForUserID hook at 0x4f6290 for cvolton.betterinfo
18:57:47 DEBUG [Main] [Geode]:       Enabled InfoLayer::init hook at 0x628810 for cvolton.betterinfo
18:57:47 DEBUG [Main] [Geode]:       Enabled InfoLayer::loadPage hook at 0x62b340 for cvolton.betterinfo
18:57:47 DEBUG [Main] [Geode]:       Enabled InfoLayer::onLevelInfo hook at 0x62ada0 for cvolton.betterinfo
18:57:47 DEBUG [Main] [Geode]:       Enabled InfoLayer::onMore hook at 0x62aaa0 for cvolton.betterinfo
18:57:47 DEBUG [Main] [Geode]:       Enabled InfoLayer::setupCommentsBrowser hook at 0x62b670 for cvolton.betterinfo
18:57:47 DEBUG [Main] [Geode]:       Enabled LeaderboardsLayer::init hook at 0x62dc60 for cvolton.betterinfo
18:57:47 DEBUG [Main] [Geode]:       Enabled LevelAreaInnerLayer::init hook at 0x6311e0 for cvolton.betterinfo
18:57:47 DEBUG [Main] [Geode]:       Enabled LevelBrowserLayer::init hook at 0x632e60 for cvolton.betterinfo
18:57:47 DEBUG [Main] [Geode]:       Enabled LevelBrowserLayer::onGoToPage hook at 0x635c40 for cvolton.betterinfo
18:57:47 DEBUG [Main] [Geode]:       Enabled LevelBrowserLayer::setupPageInfo hook at 0x6359e0 for cvolton.betterinfo
18:57:47 DEBUG [Main] [Geode]:       Enabled LevelCell::loadCustomLevelCell hook at 0x47da60 for cvolton.betterinfo
18:57:47 DEBUG [Main] [Geode]:       Enabled LevelCell::onViewProfile hook at 0x480f70 for cvolton.betterinfo
18:57:47 DEBUG [Main] [Geode]:       Enabled LevelInfoLayer::init hook at 0x6516a0 for cvolton.betterinfo
18:57:47 DEBUG [Main] [Geode]:       Enabled LevelInfoLayer::onLevelInfo hook at 0x656a70 for cvolton.betterinfo
18:57:47 DEBUG [Main] [Geode]:       Enabled LevelInfoLayer::onViewProfile hook at 0x656a10 for cvolton.betterinfo
18:57:47 DEBUG [Main] [Geode]:       Enabled LevelInfoLayer::updateLabelValues hook at 0x656d20 for cvolton.betterinfo
18:57:47 DEBUG [Main] [Geode]:       Enabled LevelLeaderboard::init hook at 0x658060 for cvolton.betterinfo
18:57:47 DEBUG [Main] [Geode]:       Enabled LevelListCell::loadFromList hook at 0x48b570 for cvolton.betterinfo
18:57:47 DEBUG [Main] [Geode]:       Enabled LevelPage::onInfo hook at 0x66c400 for cvolton.betterinfo
18:57:47 DEBUG [Main] [Geode]:       Enabled LevelSearchLayer::getSearchObject hook at 0x663ba0 for cvolton.betterinfo
18:57:47 DEBUG [Main] [Geode]:       Enabled MoreSearchLayer::init hook at 0x6656b0 for cvolton.betterinfo
18:57:47 DEBUG [Main] [Geode]:       Enabled MoreSearchLayer::onSongFilter hook at 0x6669e0 for cvolton.betterinfo
18:57:47 DEBUG [Main] [Geode]:       Enabled MoreSearchLayer::onSongMode hook at 0x666c90 for cvolton.betterinfo
18:57:47 DEBUG [Main] [Geode]:       Enabled PlayLayer::destroyPlayer hook at 0x6e6730 for cvolton.betterinfo
18:57:47 DEBUG [Main] [Geode]:       Enabled PlayLayer::init hook at 0x6dc4a0 for cvolton.betterinfo
18:57:47 DEBUG [Main] [Geode]:       Enabled PlayLayer::levelComplete hook at 0x6ddb60 for cvolton.betterinfo
18:57:47 DEBUG [Main] [Geode]:       Enabled PlayLayer::onQuit hook at 0x6eb480 for cvolton.betterinfo
18:57:47 DEBUG [Main] [Geode]:       Enabled PlayLayer::resetLevel hook at 0x6ea130 for cvolton.betterinfo
18:57:47 DEBUG [Main] [Geode]:       Enabled ProfilePage::getUserInfoFailed hook at 0x6f1e40 for cvolton.betterinfo
18:57:47 DEBUG [Main] [Geode]:       Enabled ProfilePage::init hook at 0x6ed080 for cvolton.betterinfo
18:57:47 DEBUG [Main] [Geode]:       Enabled ProfilePage::loadPageFromUserInfo hook at 0x6edda0 for cvolton.betterinfo
18:57:47 DEBUG [Main] [Geode]:       Enabled ProfilePage::onClose hook at 0x6f15e0 for cvolton.betterinfo
18:57:47 DEBUG [Main] [Geode]:       Enabled RewardsPage::init hook at 0x6f67f0 for cvolton.betterinfo
18:57:47 DEBUG [Main] [Geode]:       Enabled MenuLayer::init hook at 0x67b450 for cvolton.betterinfo
18:57:47 INFO  [Main] [Geode]: Took 0.042s
18:57:47 INFO  [Main] [Geode]: Continuing mod graph refresh...
18:57:47 DEBUG [Main] [Geode]:   Loading mods
18:57:47 DEBUG [Main] [Geode]:     coopeeo.customname v1.2.2
18:57:47 DEBUG [Mod Unzip] [Geode]:  Unzip
18:57:47 DEBUG [Mod Unzip] [Geode]:  Same hash detected, skipping unzip
18:57:47 DEBUG [Main] [Geode]:       Load
18:57:47 DEBUG [Main] [Geode]:       Loading binary for mod coopeeo.customname
18:57:47 DEBUG [Main] [Geode]:       Enabled MenuLayer::init hook at 0x67b450 for coopeeo.customname
18:57:47 DEBUG [Main] [Geode]:       Enabled ProfilePage::init hook at 0x6ed080 for coopeeo.customname
18:57:47 DEBUG [Main] [Geode]:       Enabled ProfilePage::loadPageFromUserInfo hook at 0x6edda0 for coopeeo.customname
18:57:47 INFO  [Main] [Geode]: Took 0.033s
18:57:47 INFO  [Main] [Geode]: Continuing mod graph refresh...
18:57:47 DEBUG [Main] [Geode]:   Loading mods
18:57:47 DEBUG [Main] [Geode]:     bitz.customprofiles v1.0.5
18:57:47 DEBUG [Mod Unzip] [Geode]:  Unzip
18:57:47 DEBUG [Mod Unzip] [Geode]:  Same hash detected, skipping unzip
18:57:47 DEBUG [Main] [Geode]:       Load
18:57:47 DEBUG [Main] [Geode]:       Loading binary for mod bitz.customprofiles
18:57:47 DEBUG [Main] [Geode]:       Enabled GJAccountSettingsLayer::init hook at 0x6084f0 for bitz.customprofiles
18:57:47 DEBUG [Main] [Geode]:       Enabled GJAccountSettingsLayer::onClose hook at 0x609db0 for bitz.customprofiles
18:57:47 DEBUG [Main] [Geode]:       Enabled InfoLayer::init hook at 0x628810 for bitz.customprofiles
18:57:47 DEBUG [Main] [Geode]:       Enabled InfoLayer::setupCommentsBrowser hook at 0x62b670 for bitz.customprofiles
18:57:47 DEBUG [Main] [Geode]:       Enabled ProfilePage::init hook at 0x6ed080 for bitz.customprofiles
18:57:47 DEBUG [Main] [Geode]:       Enabled ProfilePage::loadPageFromUserInfo hook at 0x6edda0 for bitz.customprofiles
18:57:47 DEBUG [Main] [Geode]:       Enabled ProfilePage::onUpdate hook at 0x6edb10 for bitz.customprofiles
18:57:47 DEBUG [Main] [Geode]:       Enabled ProfilePage::setupCommentsBrowser hook at 0x6f2160 for bitz.customprofiles
18:57:47 DEBUG [Main] [Geode]:       Enabled CommentCell::draw hook at 0x47d5b0 for bitz.customprofiles
18:57:47 DEBUG [Main] [Geode]:       Enabled CommentCell::loadFromComment hook at 0x484490 for bitz.customprofiles
18:57:47 DEBUG [Main] [Geode]:       Enabled CommentCell::updateBGColor hook at 0x486090 for bitz.customprofiles
18:57:47 INFO  [Main] [Geode]: Took 0.033s
18:57:47 INFO  [Main] [Geode]: Continuing mod graph refresh...
18:57:47 DEBUG [Main] [Geode]:   Loading mods
18:57:47 DEBUG [Main] [Geode]:     zilko.xdbot v1.4.8
18:57:47 DEBUG [Mod Unzip] [Geode]:  Unzip
18:57:47 DEBUG [Mod Unzip] [Geode]:  Hash mismatch detected, unzipping
18:57:47 DEBUG [Main] [Geode]:       Load
18:57:47 DEBUG [Main] [Geode]:       Loading binary for mod zilko.xdbot
18:57:48 DEBUG [Main] [Geode]:       Enabled PauseLayer::customSetup hook at 0x6b89f0 for zilko.xdbot
18:57:48 DEBUG [Main] [Geode]:       Enabled PauseLayer::goEdit hook at 0x6ba0f0 for zilko.xdbot
18:57:48 DEBUG [Main] [Geode]:       Enabled PauseLayer::onPracticeMode hook at 0x6b9e60 for zilko.xdbot
18:57:48 DEBUG [Main] [Geode]:       Enabled PauseLayer::onQuit hook at 0x6ba240 for zilko.xdbot
18:57:48 DEBUG [Main] [Geode]:       Enabled PauseLayer::onResume hook at 0x6b9f30 for zilko.xdbot
18:57:48 DEBUG [Main] [Geode]:       Enabled GJBaseGameLayer::handleButton hook at 0x5b69f0 for zilko.xdbot
18:57:48 DEBUG [Main] [Geode]:       Enabled GJBaseGameLayer::update hook at 0x5bb780 for zilko.xdbot
18:57:48 DEBUG [Main] [Geode]:       Enabled PlayLayer::levelComplete hook at 0x6ddb60 for zilko.xdbot
18:57:48 DEBUG [Main] [Geode]:       Enabled PlayLayer::resetLevel hook at 0x6ea130 for zilko.xdbot
18:57:48 DEBUG [Main] [Geode]:       Enabled EndLevelLayer::customSetup hook at 0x4e74f0 for zilko.xdbot
18:57:48 DEBUG [Main] [Geode]:       Enabled EndLevelLayer::goEdit hook at 0x4e9060 for zilko.xdbot
18:57:48 DEBUG [Main] [Geode]:       Enabled EndLevelLayer::onMenu hook at 0x4e8ec0 for zilko.xdbot
18:57:48 DEBUG [Main] [Geode]:       Enabled EndLevelLayer::onReplay hook at 0x4e8dc0 for zilko.xdbot
18:57:48 DEBUG [Main] [Geode]:       Enabled cocos2d::CCScheduler::update hook at 0x68176db0 for zilko.xdbot
18:57:48 DEBUG [Main] [Geode]:       Enabled cocos2d::CCKeyboardDispatcher::dispatchKeyboardMSG hook at 0x6810be70 for zilko.xdbot
18:57:48 DEBUG [Main] [Geode]:       Enabled GJBaseGameLayer::processCommands hook at 0x5bd240 for zilko.xdbot
18:57:48 INFO  [Main] [Geode]: Took 0.203s
18:57:48 INFO  [Main] [Geode]: Continuing mod graph refresh...
18:57:48 DEBUG [Main] [Geode]:   Loading mods
18:57:48 DEBUG [Main] [Geode]:     alphalaneous.integratedloquibot v1.3.4
18:57:48 DEBUG [Mod Unzip] [Geode]:  Unzip
18:57:48 DEBUG [Mod Unzip] [Geode]:  Same hash detected, skipping unzip
18:57:48 INFO  [Main] [Geode]: Took 0.033s
18:57:48 INFO  [Main] [Geode]: Continuing mod graph refresh...
18:57:48 DEBUG [Main] [Geode]:   Loading mods
18:57:48 DEBUG [Main] [Geode]:     alphalaneous.projectedstars v1.1.2
18:57:48 DEBUG [Mod Unzip] [Geode]:  Unzip
18:57:48 DEBUG [Mod Unzip] [Geode]:  Same hash detected, skipping unzip
18:57:48 DEBUG [Main] [Geode]:       Load
18:57:48 DEBUG [Main] [Geode]:       Loading binary for mod alphalaneous.projectedstars
18:57:48 DEBUG [Main] [Geode]:       Enabled LevelInfoLayer::init hook at 0x6516a0 for alphalaneous.projectedstars
18:57:48 INFO  [Main] [Geode]: Took 0.033s
18:57:48 INFO  [Main] [Geode]: Continuing mod graph refresh...
18:57:48 DEBUG [Main] [Geode]:   Loading mods
18:57:48 DEBUG [Main] [Geode]:     beat.click-sound v1.4.1
18:57:48 DEBUG [Mod Unzip] [Geode]:  Unzip
18:57:48 DEBUG [Mod Unzip] [Geode]:  Same hash detected, skipping unzip
18:57:48 DEBUG [Main] [Geode]:       Load
18:57:48 DEBUG [Main] [Geode]:       Loading binary for mod beat.click-sound
18:57:48 DEBUG [Main] [Geode]:       Enabled PlayerObject::pushButton hook at 0x6d1d30 for beat.click-sound
18:57:48 DEBUG [Main] [Geode]:       Enabled PlayerObject::releaseButton hook at 0x6d1f70 for beat.click-sound
18:57:48 DEBUG [Main] [Geode]:       Enabled PauseLayer::customSetup hook at 0x6b89f0 for beat.click-sound
18:57:48 DEBUG [Main] [Geode]:       Enabled ProfilePage::init hook at 0x6ed080 for beat.click-sound
18:57:48 DEBUG [Main] [Geode]:       Enabled EndLevelLayer::customSetup hook at 0x4e74f0 for beat.click-sound
18:57:48 INFO  [Main] [Geode]: Took 0.033s
18:57:48 INFO  [Main] [Geode]: Continuing mod graph refresh...
18:57:48 DEBUG [Main] [Geode]:   Loading mods
18:57:48 DEBUG [Main] [Geode]:     hjfod.betteredit v6.0.0
18:57:48 INFO  [Main] [Geode]: Took 0.016s
18:57:48 INFO  [Main] [Geode]: Continuing mod graph refresh...
18:57:48 DEBUG [Main] [Geode]:   Loading mods
18:57:48 DEBUG [Main] [Geode]:     hjfod.gdshare v1.0.4 has unresolved dependencies
18:57:48 INFO  [Main] [Geode]: Took 0.016s
18:57:48 INFO  [Main] [Geode]: Continuing mod graph refresh...
18:57:48 DEBUG [Main] [Geode]:   Loading mods
18:57:48 DEBUG [Main] [Geode]:     hjfod.gmd-api v1.0.1
18:57:48 DEBUG [Mod Unzip] [Geode]:  Unzip
18:57:48 DEBUG [Mod Unzip] [Geode]:  Same hash detected, skipping unzip
18:57:48 DEBUG [Main] [Geode]:       Load
18:57:48 DEBUG [Main] [Geode]:       Loading binary for mod hjfod.gmd-api
18:57:48 INFO  [Main] [Geode]: Took 0.033s
18:57:48 INFO  [Main] [Geode]: Continuing mod graph refresh...
18:57:48 DEBUG [Main] [Geode]:   Loading mods
18:57:48 DEBUG [Main] [Geode]:     hjfod.gdshare v1.0.4
18:57:48 DEBUG [Mod Unzip] [Geode]:  Unzip
18:57:48 DEBUG [Mod Unzip] [Geode]:  Same hash detected, skipping unzip
18:57:48 DEBUG [Main] [Geode]:       Load
18:57:48 DEBUG [Main] [Geode]:       Loading binary for mod hjfod.gdshare
18:57:48 DEBUG [Main] [Geode]:       Enabled EditLevelLayer::init hook at 0x49c8e0 for hjfod.gdshare
18:57:48 DEBUG [Main] [Geode]:       Enabled LevelInfoLayer::init hook at 0x6516a0 for hjfod.gdshare
18:57:48 DEBUG [Main] [Geode]:       Enabled LevelBrowserLayer::init hook at 0x632e60 for hjfod.gdshare
18:57:48 INFO  [Main] [Geode]: Took 0.033s
18:57:48 INFO  [Main] [Geode]: Continuing mod graph refresh...
18:57:48 DEBUG [Main] [Geode]:   Loading mods
18:57:48 DEBUG [Main] [Geode]:     muhammadgames.bettermenu v1.0.4-beta.12
18:57:48 DEBUG [Mod Unzip] [Geode]:  Unzip
18:57:48 DEBUG [Mod Unzip] [Geode]:  Same hash detected, skipping unzip
18:57:48 DEBUG [Main] [Geode]:       Load
18:57:48 DEBUG [Main] [Geode]:       Loading binary for mod muhammadgames.bettermenu
18:57:48 DEBUG [Main] [Geode]:       Enabled MenuLayer::init hook at 0x67b450 for muhammadgames.bettermenu
18:57:48 INFO  [Main] [Geode]: Took 0.033s
18:57:48 INFO  [Main] [Geode]: Continuing mod graph refresh...
18:57:48 DEBUG [Main] [Geode]:   Loading mods
18:57:48 DEBUG [Main] [Geode]:     redlime.statchanges v1.1.0
18:57:48 INFO  [Main] [Geode]: Took 0.016s
18:57:48 INFO  [Main] [Geode]: Continuing mod graph refresh...
18:57:48 DEBUG [Main] [Geode]:   Loading mods
18:57:48 DEBUG [Main] [Geode]:     thesillydoggo.animatedprofiles v1.0.1
18:57:48 INFO  [Main] [Geode]: Took 0.016s
18:57:48 INFO  [Main] [Geode]: Continuing mod graph refresh...
18:57:48 DEBUG [Main] [Geode]:   Loading mods
18:57:48 DEBUG [Main] [Geode]:     thesillydoggo.entersearch v1.0.0
18:57:48 DEBUG [Mod Unzip] [Geode]:  Unzip
18:57:48 DEBUG [Mod Unzip] [Geode]:  Same hash detected, skipping unzip
18:57:48 DEBUG [Main] [Geode]:       Load
18:57:48 DEBUG [Main] [Geode]:       Loading binary for mod thesillydoggo.entersearch
18:57:48 DEBUG [Main] [Geode]:       Enabled FLAlertLayer::init hook at 0x430f60 for thesillydoggo.entersearch
18:57:48 DEBUG [Main] [Geode]:       Enabled LevelSearchLayer::init hook at 0x660f10 for thesillydoggo.entersearch
18:57:48 DEBUG [Main] [Geode]:       Enabled ShareCommentLayer::init hook at 0x786490 for thesillydoggo.entersearch
18:57:48 DEBUG [Main] [Geode]:       Enabled cocos2d::CCKeyboardDispatcher::dispatchKeyboardMSG hook at 0x6810be70 for thesillydoggo.entersearch
18:57:48 INFO  [Main] [Geode]: Took 0.033s
18:57:48 INFO  [Main] [Geode]: Continuing mod graph refresh...
18:57:48 DEBUG [Main] [Geode]:   Loading mods
18:57:48 DEBUG [Main] [Geode]:     TheSillyDoggo.GradientPages v2.1.0
18:57:48 DEBUG [Mod Unzip] [Geode]:  Unzip
18:57:48 DEBUG [Mod Unzip] [Geode]:  Same hash detected, skipping unzip
18:57:48 DEBUG [Main] [Geode]:       Load
18:57:48 DEBUG [Main] [Geode]:       Loading binary for mod TheSillyDoggo.GradientPages
18:57:48 DEBUG [Main] [Geode]:       Enabled ProfilePage::init hook at 0x6ed080 for TheSillyDoggo.GradientPages
18:57:48 DEBUG [Main] [Geode]:       Enabled ProfilePage::loadPageFromUserInfo hook at 0x6edda0 for TheSillyDoggo.GradientPages
18:57:48 DEBUG [Main] [Geode]:       Enabled GJAccountSettingsLayer::init hook at 0x6084f0 for TheSillyDoggo.GradientPages
18:57:48 DEBUG [Main] [Geode]:       Enabled FRequestProfilePage::init hook at 0x4eef90 for TheSillyDoggo.GradientPages
18:57:48 DEBUG [Main] [Geode]:       Enabled MessagesProfilePage::init hook at 0x67d1c0 for TheSillyDoggo.GradientPages
18:57:48 DEBUG [Main] [Geode]:       Enabled FriendsProfilePage::init hook at 0x4f0a10 for TheSillyDoggo.GradientPages
18:57:48 DEBUG [Main] [Geode]:       Enabled InfoLayer::init hook at 0x628810 for TheSillyDoggo.GradientPages
18:57:48 DEBUG [Main] [Geode]:       Enabled GJCommentListLayer::create hook at 0x607dc0 for TheSillyDoggo.GradientPages
18:57:48 DEBUG [Main] [Geode]:       Enabled ItemInfoPopup::init hook at 0x5f5b80 for TheSillyDoggo.GradientPages
18:57:48 DEBUG [Main] [Geode]:       Enabled ShardsPage::init hook at 0x784320 for TheSillyDoggo.GradientPages
18:57:48 DEBUG [Main] [Geode]:       Enabled CommunityCreditsPage::init hook at 0x468b10 for TheSillyDoggo.GradientPages
18:57:48 DEBUG [Main] [Geode]:       Enabled DemonFilterSelectLayer::init hook at 0x6673e0 for TheSillyDoggo.GradientPages
18:57:48 DEBUG [Main] [Geode]:       Enabled MoreSearchLayer::init hook at 0x6656b0 for TheSillyDoggo.GradientPages
18:57:48 DEBUG [Main] [Geode]:       Enabled ChallengesPage::init hook at 0x45c560 for TheSillyDoggo.GradientPages
18:57:48 DEBUG [Main] [Geode]:       Enabled SetIDPopup::init hook at 0x60f980 for TheSillyDoggo.GradientPages
18:57:48 INFO  [Main] [Geode]: Took 0.033s
18:57:48 INFO  [Main] [Geode]: Continuing mod graph refresh...
18:57:48 DEBUG [Main] [Geode]:   Loading mods
18:57:48 DEBUG [Main] [Geode]:     xanii.youtubers v1.0.0
18:57:48 DEBUG [Mod Unzip] [Geode]:  Unzip
18:57:48 DEBUG [Mod Unzip] [Geode]:  Same hash detected, skipping unzip
18:57:48 DEBUG [Main] [Geode]:       Load
18:57:48 DEBUG [Main] [Geode]:       Loading binary for mod xanii.youtubers
18:57:48 DEBUG [Main] [Geode]:       Enabled ProfilePage::setupPageInfo hook at 0x6f2350 for xanii.youtubers
18:57:48 INFO  [Main] [Geode]: Took 0.033s
18:57:48 INFO  [Main] [Geode]: Continuing mod graph refresh...
18:57:48 DEBUG [Main] [Geode]:   Finding problems
18:57:48 DEBUG [Main] [Geode]:     geode.loader
18:57:48 DEBUG [Main] [Geode]:     beat.click-sound
18:57:48 DEBUG [Main] [Geode]:     mat.run-info
18:57:48 DEBUG [Main] [Geode]:     alphalaneous.projectedstars
18:57:48 DEBUG [Main] [Geode]:     elohmrow.death_tracker
18:57:48 DEBUG [Main] [Geode]:     absolllute.megahack
18:57:48 DEBUG [Main] [Geode]:     elnexreal.auto_priority
18:57:48 DEBUG [Main] [Geode]:     abb2k.backup
18:57:48 DEBUG [Main] [Geode]:     adyagd.godlikefaces is not enabled
18:57:48 DEBUG [Main] [Geode]:     alphalaneous.integratedloquibot is not enabled
18:57:48 DEBUG [Main] [Geode]:     zilko.xdbot
18:57:48 DEBUG [Main] [Geode]:     bitz.customprofiles
18:57:48 DEBUG [Main] [Geode]:     capeling.icon_profile_2.2
18:57:48 DEBUG [Main] [Geode]:     coopeeo.customname
18:57:48 DEBUG [Main] [Geode]:     cj_link.fakemoderator
18:57:48 DEBUG [Main] [Geode]:     coderqc.gdswearfilter
18:57:48 DEBUG [Main] [Geode]:     colon.gold_user_coins
18:57:48 DEBUG [Main] [Geode]:     lexi.visiblecheckpoints
18:57:48 DEBUG [Main] [Geode]:     cvolton.betterinfo
18:57:48 DEBUG [Main] [Geode]:     tpdea.betterpause-Better
18:57:48 DEBUG [Main] [Geode]:     dankmeme.globed2
18:57:48 DEBUG [Main] [Geode]:     elnexreal.copy_song_id
18:57:48 DEBUG [Main] [Geode]:     gdutilsdevs.gdutils
18:57:48 DEBUG [Main] [Geode]:     thesillydoggo.better_startpos_menu
18:57:48 DEBUG [Main] [Geode]:     geode.custom-keybinds
18:57:48 DEBUG [Main] [Geode]:     geode.node-ids
18:57:48 DEBUG [Main] [Geode]:     hjfod.betteredit
18:57:48 DEBUG [Main] [Geode]:     hjfod.gdshare
18:57:48 DEBUG [Main] [Geode]:     hjfod.gmd-api
18:57:48 DEBUG [Main] [Geode]:     muhammadgames.bettermenu
18:57:48 DEBUG [Main] [Geode]:     redlime.statchanges
18:57:48 DEBUG [Main] [Geode]:     thesillydoggo.animatedprofiles
18:57:48 DEBUG [Main] [Geode]:     thesillydoggo.entersearch
18:57:48 DEBUG [Main] [Geode]:     TheSillyDoggo.GradientPages
18:57:48 DEBUG [Main] [Geode]:     xanii.youtubers
18:57:48 INFO  [Main] [Geode]:   Took 0.002s
18:57:48 DEBUG [Main] [Geode]: Verifying Loader Resources
18:57:48 DEBUG [Main] [Geode]: Loading Loader Resources
18:57:48 DEBUG [Main] [Geode]: Loading mod resources
18:57:48 DEBUG [Main] [Geode]: Adding resources
18:57:48 DEBUG [Main] [Geode]:   geode.loader
18:57:48 DEBUG [Main] [Geode]:     Adding sheet geode.loader/LogoSheet
18:57:48 DEBUG [Main] [Geode]:     Adding sheet geode.loader/APISheet
18:57:48 DEBUG [Main] [Geode]:     Adding sheet geode.loader/BlankSheet
18:57:48 DEBUG [Main] [Geode]:   adyagd.godlikefaces
18:57:48 DEBUG [Main] [Geode]:     Adding sheet adyagd.godlikefaces/GodlikeDiffSheet
18:57:48 DEBUG [Main] [Geode]:   dankmeme.globed2
18:57:48 DEBUG [Main] [Geode]:     Adding sheet dankmeme.globed2/globedsheet1
18:57:48 DEBUG [Main] [Geode]:   geode.custom-keybinds
18:57:48 DEBUG [Main] [Geode]:     Adding sheet geode.custom-keybinds/KB_ControllerSheet
18:57:48 DEBUG [Main] [Geode]:   hjfod.betteredit
18:57:48 DEBUG [Main] [Geode]:     Adding sheet hjfod.betteredit/UISheet
18:57:48 DEBUG [Main] [Geode]:   hjfod.gdshare
18:57:48 DEBUG [Main] [Geode]:     Adding sheet hjfod.gdshare/GDShare
18:57:48 DEBUG [Main] [Geode]:   TheSillyDoggo.GradientPages
18:57:48 DEBUG [Main] [Geode]:     Adding sheet TheSillyDoggo.GradientPages/UISheet
18:57:59 DEBUG [Main] [Globed]: preloading assets
18:57:59 DEBUG [Main] [Auto priority to high]: Trying to set the process priority to HIGH...
18:57:59 DEBUG [Main] [Auto priority to high]: Process priority is now set to HIGH.
18:58:14 DEBUG [Main] [Globed]: Asset preloading finished in 14.947s.
18:58:14 DEBUG [Main] [Geode]: Checking updates for index
18:58:14 ERROR [Main] [Geode]: Mod ID 'tpdea.betterpause-Better' will be rejected in the future - IDs must match the regex `[a-z0-9\-_]+\.[a-z0-9\-_]+`
18:58:14 ERROR [Main] [Geode]: Mod ID 'TheSillyDoggo.GradientPages' will be rejected in the future - IDs must match the regex `[a-z0-9\-_]+\.[a-z0-9\-_]+`
18:58:15 DEBUG [Main] [Geode]: Enabled FMODChannelControl::setVolume hook at 0x67ebb180 for absolllute.megahack
18:58:15 DEBUG [Main] [Geode]: Enabled FMODChannelControl::setPitch hook at 0x67ebaf00 for absolllute.megahack
18:58:15 DEBUG [Main] [Geode]: Enabled cocos2dCCParticleSystem::loadScaledDefaults hook at 0x6812bba0 for absolllute.megahack
18:58:15 DEBUG [Main] [Geode]: Enabled cocos2dCCTransitionFade::create hook at 0x68117710 for absolllute.megahack
18:58:15 DEBUG [Main] [Geode]: Enabled cocos2dCCTransitionMoveInT::create hook at 0x681181f0 for absolllute.megahack
18:58:15 DEBUG [Main] [Geode]: Enabled cocos2dCCDirector::drawScene hook at 0x68172ae0 for absolllute.megahack
18:58:15 DEBUG [Main] [Geode]: Enabled cocos2dCCScheduler::update hook at 0x68176db0 for absolllute.megahack
18:58:15 DEBUG [Main] [Geode]: Enabled cocos2dCCIMEDelegate::attachWithIME hook at 0x68169ea0 for absolllute.megahack
18:58:15 DEBUG [Main] [Geode]: Enabled cocos2dCCIMEDelegate::detachWithIME hook at 0x68169f20 for absolllute.megahack
18:58:15 DEBUG [Main] [Geode]: Enabled AppDelegate::trySaveGame hook at 0x45b790 for absolllute.megahack
18:58:15 DEBUG [Main] [Geode]: Enabled GameStatsManager::isItemUnlocked hook at 0x576570 for absolllute.megahack
18:58:15 DEBUG [Main] [Geode]: Enabled ColorAction::setupFromString hook at 0x9d9950 for absolllute.megahack
18:58:15 DEBUG [Main] [Geode]: Enabled GameObject::createWithKey hook at 0x530330 for absolllute.megahack
18:58:15 DEBUG [Main] [Geode]: Enabled UILayer::init hook at 0x7bec10 for absolllute.megahack
18:58:15 DEBUG [Main] [Geode]: Enabled UILayer::keyDown hook at 0x7bf930 for absolllute.megahack
18:58:15 DEBUG [Main] [Geode]: Enabled UILayer::keyUp hook at 0x7bf950 for absolllute.megahack
18:58:15 DEBUG [Main] [Geode]: Enabled PauseLayer::customSetup hook at 0x6b89f0 for absolllute.megahack
18:58:15 DEBUG [Main] [Geode]: Enabled PauseLayer::onResume hook at 0x6b9f30 for absolllute.megahack
18:58:15 DEBUG [Main] [Geode]: Enabled EndLevelLayer::customSetup hook at 0x4e74f0 for absolllute.megahack
18:58:15 DEBUG [Main] [Geode]: Enabled EndLevelLayer::keyDown hook at 0x4ea310 for absolllute.megahack
18:58:15 DEBUG [Main] [Geode]: Enabled ShaderLayer::visit hook at 0x783810 for absolllute.megahack
18:58:15 DEBUG [Main] [Geode]: Enabled LevelInfoLayer::onPlay hook at 0x6555b0 for absolllute.megahack
18:58:15 DEBUG [Main] [Geode]: Enabled PlayerObject::togglePlayerScale hook at 0x6d9170 for absolllute.megahack
18:58:15 DEBUG [Main] [Geode]: Enabled GJBaseGameLayer::handleButton hook at 0x5b69f0 for absolllute.megahack
18:58:15 DEBUG [Main] [Geode]: Enabled GJBaseGameLayer::processCommands hook at 0x5bd240 for absolllute.megahack
18:58:15 DEBUG [Main] [Geode]: Enabled GJBaseGameLayer::resetLevelVariables hook at 0x5bdb10 for absolllute.megahack
18:58:15 DEBUG [Main] [Geode]: Enabled GJBaseGameLayer::init hook at 0x590290 for absolllute.megahack
18:58:15 DEBUG [Main] [Geode]: Enabled GJBaseGameLayer::visit hook at 0x5c8ea0 for absolllute.megahack
18:58:16 DEBUG [Main] [Geode]: Enabled PlayLayer::_destructor hook at 0x6dc080 for absolllute.megahack
18:58:16 DEBUG [Main] [Geode]: Enabled PlayLayer::init hook at 0x6dc4a0 for absolllute.megahack
18:58:16 DEBUG [Main] [Geode]: Enabled PlayLayer::startGame hook at 0x6ddab0 for absolllute.megahack
18:58:16 DEBUG [Main] [Geode]: Enabled PlayLayer::onQuit hook at 0x6eb480 for absolllute.megahack
18:58:16 DEBUG [Main] [Geode]: Enabled PlayLayer::postUpdate hook at 0x6e7220 for absolllute.megahack
18:58:16 DEBUG [Main] [Geode]: Enabled PlayLayer::addObject hook at 0x6e19b0 for absolllute.megahack
18:58:16 DEBUG [Main] [Geode]: Enabled PlayLayer::destroyPlayer hook at 0x6e6730 for absolllute.megahack
18:58:16 DEBUG [Main] [Geode]: Enabled PlayLayer::resetLevel hook at 0x6ea130 for absolllute.megahack
18:58:16 DEBUG [Main] [Geode]: Enabled PlayLayer::updateAttempts hook at 0x6eab40 for absolllute.megahack
18:58:16 DEBUG [Main] [Geode]: Enabled PlayLayer::pauseGame hook at 0x6eae80 for absolllute.megahack
18:58:16 DEBUG [Main] [Geode]: Enabled PlayLayer::createCheckpoint hook at 0x6e76e0 for absolllute.megahack
18:58:16 DEBUG [Main] [Geode]: Enabled PlayLayer::markCheckpoint hook at 0x6e8550 for absolllute.megahack
18:58:16 DEBUG [Main] [Geode]: Enabled PlayLayer::storeCheckpoint hook at 0x6e84a0 for absolllute.megahack
18:58:16 DEBUG [Main] [Geode]: Enabled PlayLayer::playEndAnimationToPos hook at 0x6dfe00 for absolllute.megahack
18:58:16 DEBUG [Main] [Geode]: Enabled PlayLayer::playPlatformerEndAnimationToPos hook at 0x6e05e0 for absolllute.megahack
18:58:16 DEBUG [Main] [Geode]: Enabled PlayLayer::applyEnterEffect hook at 0x6e47d0 for absolllute.megahack
18:58:16 DEBUG [Main] [Geode]: Enabled PlayLayer::applyCustomEnterEffect hook at 0x6e3f50 for absolllute.megahack
18:58:16 DEBUG [Main] [Geode]: Enabled PlayLayer::updateProgressbar hook at 0x6e5440 for absolllute.megahack
18:58:16 DEBUG [Main] [Auto priority to high]: Trying to set the process priority to HIGH...
18:58:16 DEBUG [Main] [Auto priority to high]: Process priority is now set to HIGH.
18:58:16 DEBUG [Index Update] [Geode]: Updating local index cache
18:58:16 INFO  [Main] [BetterInfo]: Music Library response: 1
18:58:16 WARN  [Index Update] [Geode]:   settings.randomise-main-menu-bg contains unknown key "platforms"
18:58:16 WARN  [Index Update] [Geode]:   settings.force-bg contains unknown key "platforms"
18:58:17 WARN  [Index Update] [Geode]:   settings.mouse-move-on-zoom contains unknown key "platforms"
18:58:17 WARN  [Index Update] [Geode]:   settings.grid-size-controls contains unknown key "platforms"
18:58:17 WARN  [Index Update] [Geode]:   settings.show-grid-on-size-change contains unknown key "platforms"
18:58:17 WARN  [Index Update] [Geode]:   settings.soft-save-enabled contains unknown key "platforms"
18:58:17 DEBUG [Index Update] [Geode]:   Done
18:58:23 ERROR [Main] [Geode]: Mod ID 'tpdea.betterpause-Better' will be rejected in the future - IDs must match the regex `[a-z0-9\-_]+\.[a-z0-9\-_]+`
18:58:23 ERROR [Main] [Geode]: Mod ID 'TheSillyDoggo.GradientPages' will be rejected in the future - IDs must match the regex `[a-z0-9\-_]+\.[a-z0-9\-_]+`
18:58:25 DEBUG [Main] [Stat Changes]: tried
18:58:25 INFO  [Main] [Animated Profile Icons]: Playing animation: idle01
18:58:25 INFO  [Main] [Animated Profile Icons]: Playing animation: idle01
18:58:26 INFO  [Main] [YouTubers]: Downloaded YouTuber List
18:58:29 INFO  [Main] [Animated Profile Icons]: Playing animation: walk
18:58:29 INFO  [Main] [Animated Profile Icons]: Playing animation: walk
18:58:29 INFO  [Main] [Animated Profile Icons]: Playing animation: walk
18:58:29 INFO  [Main] [Animated Profile Icons]: Playing animation: walk
18:58:40 INFO  [Main] [Animated Profile Icons]: Playing animation: idle01
18:58:57 INFO  [Main] [GDUtils]: Muting Spotify...
18:58:57 INFO  [Main] [GDUtils]: Mute Application Spotify.exe
18:59:07 INFO  [Main] [GDUtils]: Unmuting Spotify...
18:59:07 INFO  [Main] [GDUtils]: Mute Application Spotify.exe
18:59:25 INFO  [Main] [GDUtils]: Muting Spotify...
18:59:25 INFO  [Main] [GDUtils]: Mute Application Spotify.exe
18:59:33 INFO  [Main] [GDUtils]: Unmuting Spotify...
18:59:33 INFO  [Main] [GDUtils]: Mute Application Spotify.exe
18:59:35 INFO  [Main] [Animated Profile Icons]: Playing animation: idle01
18:59:35 INFO  [Main] [Animated Profile Icons]: Playing animation: idle01
18:59:40 INFO  [Main] [Animated Profile Icons]: Playing animation: idle01
18:59:40 INFO  [Main] [Animated Profile Icons]: Playing animation: idle01
18:59:53 ERROR [Main] [Geode]: Mod ID 'tpdea.betterpause-Better' will be rejected in the future - IDs must match the regex `[a-z0-9\-_]+\.[a-z0-9\-_]+`
18:59:53 ERROR [Main] [Geode]: Mod ID 'TheSillyDoggo.GradientPages' will be rejected in the future - IDs must match the regex `[a-z0-9\-_]+\.[a-z0-9\-_]+`
18:59:56 DEBUG [Main] [Stat Changes]: tried
18:59:56 INFO  [Main] [Animated Profile Icons]: Playing animation: idle01
18:59:56 INFO  [Main] [Animated Profile Icons]: Playing animation: idle01
18:59:56 INFO  [Main] [Animated Profile Icons]: Playing animation: idle01
18:59:56 INFO  [Main] [Animated Profile Icons]: Playing animation: idle01
19:00:03 ERROR [Main] [Globed]: Creating challenge failed: <cy>you are running an old version of the mod, please update the mod in the geode mod list</c>
19:00:35 ERROR [Main] [Geode]: Mod ID 'tpdea.betterpause-Better' will be rejected in the future - IDs must match the regex `[a-z0-9\-_]+\.[a-z0-9\-_]+`
19:00:35 ERROR [Main] [Geode]: Mod ID 'TheSillyDoggo.GradientPages' will be rejected in the future - IDs must match the regex `[a-z0-9\-_]+\.[a-z0-9\-_]+`
19:01:39 ERROR [Main] [Geode]: Mod ID 'tpdea.betterpause-Better' will be rejected in the future - IDs must match the regex `[a-z0-9\-_]+\.[a-z0-9\-_]+`
19:01:39 ERROR [Main] [Geode]: Mod ID 'TheSillyDoggo.GradientPages' will be rejected in the future - IDs must match the regex `[a-z0-9\-_]+\.[a-z0-9\-_]+`
19:01:43 INFO  [Main] [GDUtils]: Muting Spotify...
19:01:43 INFO  [Main] [GDUtils]: Mute Application Spotify.exe
19:02:08 INFO  [Main] [GDUtils]: Unmuting Spotify...
19:02:08 INFO  [Main] [GDUtils]: Mute Application Spotify.exe
19:02:15 INFO  [Main] [GDUtils]: Muting Spotify...
19:02:15 INFO  [Main] [GDUtils]: Mute Application Spotify.exe
19:03:17 INFO  [Main] [GDUtils]: Unmuting Spotify...
19:03:17 INFO  [Main] [GDUtils]: Mute Application Spotify.exe
19:03:19 ERROR [Main] [Geode]: Mod ID 'tpdea.betterpause-Better' will be rejected in the future - IDs must match the regex `[a-z0-9\-_]+\.[a-z0-9\-_]+`
19:03:19 ERROR [Main] [Geode]: Mod ID 'TheSillyDoggo.GradientPages' will be rejected in the future - IDs must match the regex `[a-z0-9\-_]+\.[a-z0-9\-_]+`
19:03:21 INFO  [Main] [Geode]: Saving mod data...
19:03:21 DEBUG [Main] [Geode]:   geode.loader
19:03:21 DEBUG [Main] [Geode]:     Check covered
19:03:21 DEBUG [Main] [Geode]:     Check if auto-check-updates is saved
19:03:21 DEBUG [Main] [Geode]:     Check if show-platform-console is saved
19:03:21 DEBUG [Main] [Geode]:     Check if disable-last-crashed-popup is saved
19:03:21 DEBUG [Main] [Geode]:     Check if auto-update-mods is saved
19:03:21 DEBUG [Main] [Geode]:   beat.click-sound
19:03:21 DEBUG [Main] [Geode]:     Check covered
19:03:21 DEBUG [Main] [Geode]:     Check if custom-clicksound is saved
19:03:21 DEBUG [Main] [Geode]:     Check if enable-clicksound is saved
19:03:21 DEBUG [Main] [Geode]:     Check if OnlyOnJump is saved
19:03:21 DEBUG [Main] [Geode]:     Check if clicksound-currentsound is saved
19:03:21 DEBUG [Main] [Geode]:     Check if custom-releasesound is saved
19:03:21 DEBUG [Main] [Geode]:     Check if enable-releasesound is saved
19:03:21 DEBUG [Main] [Geode]:     Check if releasesound-currentsound is saved
19:03:21 DEBUG [Main] [Geode]:     Check if settings-button is saved
19:03:21 DEBUG [Main] [Geode]:   mat.run-info
19:03:21 DEBUG [Main] [Geode]:     Check covered
19:03:21 DEBUG [Main] [Geode]:     Check if show-mode is saved
19:03:21 DEBUG [Main] [Geode]:     Check if position-top is saved
19:03:21 DEBUG [Main] [Geode]:     Check if position-left is saved
19:03:21 DEBUG [Main] [Geode]:     Check if show-icon is saved
19:03:21 DEBUG [Main] [Geode]:     Check if show-from is saved
19:03:21 DEBUG [Main] [Geode]:     Check if use-start-pos is saved
19:03:21 DEBUG [Main] [Geode]:   alphalaneous.projectedstars
19:03:21 DEBUG [Main] [Geode]:     Check covered
19:03:21 DEBUG [Main] [Geode]:   elohmrow.death_tracker
19:03:21 DEBUG [Main] [Geode]:     Check covered
19:03:21 DEBUG [Main] [Geode]:     Check if disable-tracking-completed-levels is saved
19:03:21 DEBUG [Main] [Geode]:   absolllute.megahack
19:03:21 DEBUG [Main] [Geode]:     Check covered
19:03:21 DEBUG [Main] [Geode]:   elnexreal.auto_priority
19:03:21 DEBUG [Main] [Geode]:     Check covered
19:03:21 DEBUG [Main] [Geode]:   abb2k.backup
19:03:21 DEBUG [Main] [Geode]:     Check covered
19:03:21 DEBUG [Main] [Geode]:     Check if Max_Auto_Backups is saved
19:03:21 DEBUG [Main] [Geode]:     Check if Auto_Backup is saved
19:03:21 DEBUG [Main] [Geode]:     Check if Button_In_Options_Menu is saved
19:03:21 DEBUG [Main] [Geode]:   adyagd.godlikefaces
19:03:21 DEBUG [Main] [Geode]:     Check covered
19:03:21 DEBUG [Main] [Geode]:   alphalaneous.integratedloquibot
19:03:21 DEBUG [Main] [Geode]:     Check covered
19:03:21 DEBUG [Main] [Geode]:   zilko.xdbot
19:03:21 DEBUG [Main] [Geode]:     Check covered
19:03:21 DEBUG [Main] [Geode]:   bitz.customprofiles
19:03:21 DEBUG [Main] [Geode]:     Check covered
19:03:21 DEBUG [Main] [Geode]:     Check if Normal-colors is saved
19:03:21 DEBUG [Main] [Geode]:     Check if No-corners is saved
19:03:21 DEBUG [Main] [Geode]:     Check if Disable-info-button is saved
19:03:21 DEBUG [Main] [Geode]:     Check if Invert-Colors is saved
19:03:21 DEBUG [Main] [Geode]:     Check if Round-corners is saved
19:03:21 DEBUG [Main] [Geode]:     Check if Square-corners is saved
19:03:21 DEBUG [Main] [Geode]:     Check if Animate-colors is saved
19:03:21 DEBUG [Main] [Geode]:   capeling.icon_profile_2.2
19:03:21 DEBUG [Main] [Geode]:     Check covered
19:03:21 DEBUG [Main] [Geode]:   coopeeo.customname
19:03:21 DEBUG [Main] [Geode]:     Check covered
19:03:21 DEBUG [Main] [Geode]:     Check if thename is saved
19:03:21 DEBUG [Main] [Geode]:   cj_link.fakemoderator
19:03:21 DEBUG [Main] [Geode]:     Check covered
19:03:21 DEBUG [Main] [Geode]:   coderqc.gdswearfilter
19:03:21 DEBUG [Main] [Geode]:     Check covered
19:03:21 DEBUG [Main] [Geode]:     Check if censor-comments is saved
19:03:21 DEBUG [Main] [Geode]:     Check if strict-mode is saved
19:03:21 DEBUG [Main] [Geode]:     Check if filter-profanity is saved
19:03:21 DEBUG [Main] [Geode]:     Check if censor-level-descriptions is saved
19:03:21 DEBUG [Main] [Geode]:     Check if filter-antilgbtq is saved
19:03:21 DEBUG [Main] [Geode]:     Check if filter-sexual is saved
19:03:21 DEBUG [Main] [Geode]:     Check if filter-racism is saved
19:03:21 DEBUG [Main] [Geode]:     Check if censor-level-names is saved
19:03:21 DEBUG [Main] [Geode]:     Check if relax-censor is saved
19:03:21 DEBUG [Main] [Geode]:   colon.gold_user_coins
19:03:21 DEBUG [Main] [Geode]:     Check covered
19:03:21 DEBUG [Main] [Geode]:   lexi.visiblecheckpoints
19:03:21 DEBUG [Main] [Geode]:     Check covered
19:03:21 DEBUG [Main] [Geode]:   cvolton.betterinfo
19:03:21 DEBUG [Main] [Geode]:     Check covered
19:03:21 DEBUG [Main] [Geode]:     Check if fix-green-users is saved
19:03:21 DEBUG [Main] [Geode]:     Check if show-comment-ids is saved
19:03:21 DEBUG [Main] [Geode]:     Check if white-id is saved
19:03:21 DEBUG [Main] [Geode]:     Check if level-info is saved
19:03:21 DEBUG [Main] [Geode]:     Check if alt-button is saved
19:03:21 DEBUG [Main] [Geode]:     Check if auto-submit is saved
19:03:21 DEBUG [Main] [Geode]:   tpdea.betterpause-Better
19:03:21 DEBUG [Main] [Geode]:     Check covered
19:03:21 DEBUG [Main] [Geode]:     Check if level-editor-hack is saved
19:03:21 DEBUG [Main] [Geode]:     Check if show-comment-button is saved
19:03:21 DEBUG [Main] [Geode]:     Check if disable-arrow-blink is saved
19:03:21 DEBUG [Main] [Geode]:   dankmeme.globed2
19:03:21 DEBUG [Main] [Geode]:     Check covered
19:03:21 DEBUG [Main] [Geode]:   elnexreal.copy_song_id
19:03:21 DEBUG [Main] [Geode]:     Check covered
19:03:21 DEBUG [Main] [Geode]:   gdutilsdevs.gdutils
19:03:21 DEBUG [Main] [Geode]:     Check covered
19:03:21 DEBUG [Main] [Geode]:     Check if everywhereElse is saved
19:03:21 DEBUG [Main] [Geode]:     Check if weekly is saved
19:03:21 DEBUG [Main] [Geode]:     Check if daily is saved
19:03:21 DEBUG [Main] [Geode]:     Check if spotify-section is saved
19:03:21 DEBUG [Main] [Geode]:     Check if inEditor is saved
19:03:21 DEBUG [Main] [Geode]:     Check if inLevels is saved
19:03:21 DEBUG [Main] [Geode]:     Check if misc-section is saved
19:03:21 DEBUG [Main] [Geode]:     Check if customDifficultyFaces is saved
19:03:21 DEBUG [Main] [Geode]:     Check if newRate is saved
19:03:21 DEBUG [Main] [Geode]:     Check if sfx is saved
19:03:21 DEBUG [Main] [Geode]:     Check if spotifyApp is saved
19:03:21 DEBUG [Main] [Geode]:     Check if size is saved
19:03:21 DEBUG [Main] [Geode]:     Check if time is saved
19:03:21 DEBUG [Main] [Geode]:     Check if test-notification is saved
19:03:21 DEBUG [Main] [Geode]:     Check if demonListPlacement is saved
19:03:21 DEBUG [Main] [Geode]:     Check if inEditorSpotify is saved
19:03:21 DEBUG [Main] [Geode]:     Check if inLevelsSpotify is saved
19:03:21 DEBUG [Main] [Geode]:     Check if friendSearch is saved
19:03:21 DEBUG [Main] [Geode]:     Check if notificationPlacement is saved
19:03:21 DEBUG [Main] [Geode]:     Check if notification-section is saved
19:03:21 DEBUG [Main] [Geode]:     Check if notification-placement-section is saved
19:03:21 DEBUG [Main] [Geode]:     Check if notification-appearance-section is saved
19:03:21 DEBUG [Main] [Geode]:     Check if credits-section is saved
19:03:21 DEBUG [Main] [Geode]:     Check if credit-buttons is saved
19:03:21 DEBUG [Main] [Geode]:   thesillydoggo.better_startpos_menu
19:03:21 DEBUG [Main] [Geode]:     Check covered
19:03:21 DEBUG [Main] [Geode]:   geode.custom-keybinds
19:03:21 DEBUG [Main] [Geode]:     Check covered
19:03:21 DEBUG [Main] [Geode]:   geode.node-ids
19:03:21 DEBUG [Main] [Geode]:     Check covered
19:03:21 DEBUG [Main] [Geode]:   hjfod.betteredit
19:03:21 DEBUG [Main] [Geode]:     Check covered
19:03:21 DEBUG [Main] [Geode]:     Check if larger-color-menu is saved
19:03:21 DEBUG [Main] [Geode]:     Check if mouse-move-on-zoom is saved
19:03:21 DEBUG [Main] [Geode]:     Check if scale-factor is saved
19:03:21 DEBUG [Main] [Geode]:     Check if better-font-select is saved
19:03:21 DEBUG [Main] [Geode]:     Check if scale-pause is saved
19:03:21 DEBUG [Main] [Geode]:     Check if scale-build-tabs is saved
19:03:21 DEBUG [Main] [Geode]:     Check if new-color-menu is saved
19:03:21 DEBUG [Main] [Geode]:     Check if show-zoom-text is saved
19:03:21 DEBUG [Main] [Geode]:   hjfod.gdshare
19:03:21 DEBUG [Main] [Geode]:     Check covered
19:03:21 DEBUG [Main] [Geode]:   hjfod.gmd-api
19:03:21 DEBUG [Main] [Geode]:     Check covered
19:03:21 DEBUG [Main] [Geode]:   muhammadgames.bettermenu
19:03:21 DEBUG [Main] [Geode]:     Check covered
19:03:21 DEBUG [Main] [Geode]:     Check if ShortcutWeekly is saved
19:03:21 DEBUG [Main] [Geode]:     Check if RunMainMenu is saved
19:03:21 DEBUG [Main] [Geode]:     Check if ShortcutMyLevel is saved
19:03:21 DEBUG [Main] [Geode]:     Check if ShortcutSavedLevels is saved
19:03:21 DEBUG [Main] [Geode]:     Check if ShortcutSearch is saved
19:03:21 DEBUG [Main] [Geode]:     Check if replacename is saved
19:03:21 DEBUG [Main] [Geode]:     Check if ShortcutDaily is saved
19:03:21 DEBUG [Main] [Geode]:     Check if HideName is saved
19:03:21 DEBUG [Main] [Geode]:     Check if MoveMenuPos is saved
19:03:21 DEBUG [Main] [Geode]:     Check if MoveMenuPosFlip is saved
19:03:21 DEBUG [Main] [Geode]:     Check if RightSide is saved
19:03:21 DEBUG [Main] [Geode]:   redlime.statchanges
19:03:21 DEBUG [Main] [Geode]:     Check covered
19:03:21 DEBUG [Main] [Geode]:     Check if weeks is saved
19:03:21 DEBUG [Main] [Geode]:     Check if upArrowColor is saved
19:03:21 DEBUG [Main] [Geode]:     Check if textScale is saved
19:03:21 DEBUG [Main] [Geode]:     Check if downArrowColor is saved
19:03:21 DEBUG [Main] [Geode]:   thesillydoggo.animatedprofiles
19:03:21 DEBUG [Main] [Geode]:     Check covered
19:03:21 DEBUG [Main] [Geode]:   thesillydoggo.entersearch
19:03:21 DEBUG [Main] [Geode]:     Check covered
19:03:21 DEBUG [Main] [Geode]:   TheSillyDoggo.GradientPages
19:03:21 DEBUG [Main] [Geode]:     Check covered
19:03:21 DEBUG [Main] [Geode]:     Check if apply-filter is saved
19:03:21 DEBUG [Main] [Geode]:     Check if apply-credits is saved
19:03:21 DEBUG [Main] [Geode]:     Check if apply-profiles is saved
19:03:21 DEBUG [Main] [Geode]:     Check if apply-unlock is saved
19:03:21 DEBUG [Main] [Geode]:     Check if apply-info-layer is saved
19:03:21 DEBUG [Main] [Geode]:     Check if apply-pagesel is saved
19:03:21 DEBUG [Main] [Geode]:     Check if apply-shards is saved
19:03:21 DEBUG [Main] [Geode]:     Check if apply-demon is saved
19:03:21 DEBUG [Main] [Geode]:     Check if apply-quests is saved
19:03:21 DEBUG [Main] [Geode]:     Check if reverse-order is saved
19:03:21 DEBUG [Main] [Geode]:     Check if use-custom-colours is saved
19:03:21 DEBUG [Main] [Geode]:     Check if primary-colour is saved
19:03:21 DEBUG [Main] [Geode]:     Check if secondary-colour is saved
19:03:21 DEBUG [Main] [Geode]:   xanii.youtubers
19:03:21 DEBUG [Main] [Geode]:     Check covered
19:03:21 INFO  [Main] [Geode]:   Took 0.119s
20:09:48 DEBUG [stderr]: [2024-02-24 20:09:48] [error] handle_read_frame error: asio.system:1236 (La connexion rseau a t arrte par le systme local.)
20:09:48 INFO  [stdout]: [2024-02-24 20:09:48] [disconnect] Disconnect close local:[1006,La connexion rseau a t arrte par le systme local.] remote:[1006]
20:09:53 DEBUG [stderr]: [2024-02-24 20:09:53] [info] asio async_resolve error: asio.system:11001 (Hte inconnu.)
20:09:53 DEBUG [stderr]: [2024-02-24 20:09:53] [info] Error getting remote endpoint: asio.system:10009 (Le descripteur de fichier fourni nest pas valide.)
20:09:53 DEBUG [stderr]: [2024-02-24 20:09:53] [info] asio async_shutdown error: asio.system:10009 (Le descripteur de fichier fourni nest pas valide.)
20:09:53 DEBUG [stderr]: [2024-02-24 20:09:53] [error] handle_connect error: Hte inconnu.
20:09:56 INFO  [stdout]: [2024-02-24 20:09:56] [connect] Successful connection
20:09:56 INFO  [stdout]: [2024-02-24 20:09:56] [connect] WebSocket Connection 62.210.53.67:80 v-2 "WebSocket++/0.8.2" /socket.io/?EIO=4&transport=websocket&t=1708801795 101
20:09:56 INFO  [Thread #19248] [GDUtils]: Socket Connection successful!
20:10:00 DEBUG [Main] [Globed]: cleaning up..
20:10:00 DEBUG [Main] [Globed]: Goodbye!
20:10:00 DEBUG [Main] [Globed]: audio thread halted.
