18:46:29 INFO  [Main] [Geode]: Running Geode v2.0.0-beta.20 in Geometry Dash v2.204
18:46:29 INFO  [Main] [Geode]: Setting up internal mod
18:46:30 INFO  [Main] [Geode]: Setting up loader
18:46:30 DEBUG [Main] [Geode]:   Loading launch arguments
18:46:30 DEBUG [Main] [Geode]:   Setting up crash handler
18:46:30 DEBUG [Main] [Geode]:   Loading hooks
18:46:30 DEBUG [Main] [Geode]:     Enabled cocos2d::CCFileUtils::fullPathForFilename hook at 0x69fe0f40 for geode.loader
18:46:30 DEBUG [Main] [Geode]:     Enabled cocos2d::CCFileUtils::sharedFileUtils hook at 0x69fe9770 for geode.loader
18:46:30 DEBUG [Main] [Geode]:     Enabled cocos2d::CCNode::getUserObject hook at 0x6a0331f0 for geode.loader
18:46:30 DEBUG [Main] [Geode]:     Enabled cocos2d::CCNode::setUserObject hook at 0x69f815a0 for geode.loader
18:46:30 DEBUG [Main] [Geode]:     Enabled LoadingLayer::init hook at 0xa96370 for geode.loader
18:46:30 DEBUG [Main] [Geode]:     Enabled LoadingLayer::loadAssets hook at 0xa96bd0 for geode.loader
18:46:30 DEBUG [Main] [Geode]:     Enabled MenuLayer::init hook at 0xa9b450 for geode.loader
18:46:30 DEBUG [Main] [Geode]:     Enabled ProfilePage::getUserInfoFinished hook at 0xb11db0 for geode.loader
18:46:30 DEBUG [Main] [Geode]:     Enabled AchievementNotifier::willSwitchToScene hook at 0x83c200 for geode.loader
18:46:30 DEBUG [Main] [Geode]:     Enabled AppDelegate::trySaveGame hook at 0x87b790 for geode.loader
18:46:30 DEBUG [Main] [Geode]:     Enabled cocos2d::CCScheduler::update hook at 0x6a026db0 for geode.loader
18:46:30 DEBUG [Main] [Geode]:     Enabled CCTextInputNode::ccTouchBegan hook at 0x8504f0 for geode.loader
18:46:30 DEBUG [Main] [Geode]:     Enabled LoadingLayer::loadAssets hook at 0xa96bd0 for geode.loader
18:46:30 DEBUG [Main] [Geode]:   Setting up directories
18:46:30 INFO  [Main] [Geode]:   Refreshing mod graph
18:46:30 DEBUG [Main] [Geode]:     Queueing mods
18:46:30 DEBUG [Main] [Geode]:       Searching C:\Program Files (x86)\Steam\steamapps\common\Geometry Dash\geode\mods
18:46:30 DEBUG [Main] [Geode]:         Found abb2k.backup.geode
18:46:30 DEBUG [Main] [Geode]:           id: abb2k.backup
18:46:30 DEBUG [Main] [Geode]:           version: v1.0.4
18:46:30 DEBUG [Main] [Geode]:           early: no
18:46:30 DEBUG [Main] [Geode]:         Found absolllute.megahack.geode
18:46:30 DEBUG [Main] [Geode]:           id: absolllute.megahack
18:46:30 DEBUG [Main] [Geode]:           version: v8.0.0-alpha.10
18:46:30 DEBUG [Main] [Geode]:           early: yes
18:46:30 DEBUG [Main] [Geode]:         Found alk.editorcollab.geode
18:46:30 ERROR [Main] [Geode]:           Failed to queue: "C:\Program Files (x86)\Steam\steamapps\common\Geometry Dash\geode\mods\alk.editorcollab.geode" - [mod.json] is missing target GD version
18:46:30 DEBUG [Main] [Geode]:         Found alk.fps-shower.geode
18:46:30 ERROR [Main] [Geode]:           Failed to queue: "C:\Program Files (x86)\Steam\steamapps\common\Geometry Dash\geode\mods\alk.fps-shower.geode" - [mod.json] is missing target GD version
18:46:30 DEBUG [Main] [Geode]:         Found bitz.customprofiles.geode
18:46:30 DEBUG [Main] [Geode]:           id: bitz.customprofiles
18:46:30 DEBUG [Main] [Geode]:           version: v1.0.5
18:46:30 DEBUG [Main] [Geode]:           early: no
18:46:30 DEBUG [Main] [Geode]:         Found camila314.acbypass.geode
18:46:30 ERROR [Main] [Geode]:           Failed to queue: "C:\Program Files (x86)\Steam\steamapps\common\Geometry Dash\geode\mods\camila314.acbypass.geode" - [mod.json] is missing target GD version
18:46:30 DEBUG [Main] [Geode]:         Found camila314.demonlist-button.geode
18:46:30 ERROR [Main] [Geode]:           Failed to queue: "C:\Program Files (x86)\Steam\steamapps\common\Geometry Dash\geode\mods\camila314.demonlist-button.geode" - [mod.json] is missing target GD version
18:46:30 DEBUG [Main] [Geode]:         Found camila314.noclip.geode
18:46:30 ERROR [Main] [Geode]:           Failed to queue: "C:\Program Files (x86)\Steam\steamapps\common\Geometry Dash\geode\mods\camila314.noclip.geode" - [mod.json] is missing target GD version
18:46:30 DEBUG [Main] [Geode]:         Found capeling.icon_profile_2.2.geode
18:46:30 DEBUG [Main] [Geode]:           id: capeling.icon_profile_2.2
18:46:30 DEBUG [Main] [Geode]:           version: v1.1.4
18:46:30 DEBUG [Main] [Geode]:           early: no
18:46:30 DEBUG [Main] [Geode]:         Found chs.confirmquit.geode
18:46:30 ERROR [Main] [Geode]:           Failed to queue: "C:\Program Files (x86)\Steam\steamapps\common\Geometry Dash\geode\mods\chs.confirmquit.geode" - [mod.json] is missing target GD version
18:46:30 DEBUG [Main] [Geode]:         Found cj_link.fakemoderator.geode
18:46:30 DEBUG [Main] [Geode]:           id: cj_link.fakemoderator
18:46:30 DEBUG [Main] [Geode]:           version: v1.0.1
18:46:30 DEBUG [Main] [Geode]:           early: no
18:46:30 DEBUG [Main] [Geode]:         Found coderqc.gdswearfilter.geode
18:46:30 DEBUG [Main] [Geode]:           id: coderqc.gdswearfilter
18:46:30 DEBUG [Main] [Geode]:           version: v1.0.1
18:46:30 DEBUG [Main] [Geode]:           early: no
18:46:30 DEBUG [Main] [Geode]:         Found colon.gold_user_coins.geode
18:46:30 DEBUG [Main] [Geode]:           id: colon.gold_user_coins
18:46:30 DEBUG [Main] [Geode]:           version: v1.0.1
18:46:30 DEBUG [Main] [Geode]:           early: no
18:46:30 DEBUG [Main] [Geode]:         Found cvolton.betterinfo.geode
18:46:30 DEBUG [Main] [Geode]:           id: cvolton.betterinfo
18:46:30 DEBUG [Main] [Geode]:           version: v4.0.0-alpha.13
18:46:30 DEBUG [Main] [Geode]:           early: no
18:46:30 DEBUG [Main] [Geode]:         Found cvolton.capacity_fix.geode
18:46:30 ERROR [Main] [Geode]:           Failed to queue: "C:\Program Files (x86)\Steam\steamapps\common\Geometry Dash\geode\mods\cvolton.capacity_fix.geode" - [mod.json] is missing target GD version
18:46:30 DEBUG [Main] [Geode]:         Found dankmeme.globed2.geode
18:46:30 DEBUG [Main] [Geode]:           id: dankmeme.globed2
18:46:30 DEBUG [Main] [Geode]:           version: v1.2.2
18:46:30 DEBUG [Main] [Geode]:           early: no
18:46:30 DEBUG [Main] [Geode]:         Found elnexreal.auto_priority.geode
18:46:30 DEBUG [Main] [Geode]:           id: elnexreal.auto_priority
18:46:30 DEBUG [Main] [Geode]:           version: v1.0.0
18:46:30 DEBUG [Main] [Geode]:           early: no
18:46:30 DEBUG [Main] [Geode]:         Found elnexreal.copy_song_id.geode
18:46:30 DEBUG [Main] [Geode]:           id: elnexreal.copy_song_id
18:46:30 DEBUG [Main] [Geode]:           version: v1.2.2
18:46:30 DEBUG [Main] [Geode]:           early: no
18:46:30 DEBUG [Main] [Geode]:         Found elohmrow.death_tracker.geode
18:46:30 DEBUG [Main] [Geode]:           id: elohmrow.death_tracker
18:46:30 DEBUG [Main] [Geode]:           version: v1.4.3
18:46:30 DEBUG [Main] [Geode]:           early: no
18:46:30 DEBUG [Main] [Geode]:         Found fleym.nongd.geode
18:46:30 ERROR [Main] [Geode]:           Failed to queue: "C:\Program Files (x86)\Steam\steamapps\common\Geometry Dash\geode\mods\fleym.nongd.geode" - [mod.json] is missing target GD version
18:46:30 DEBUG [Main] [Geode]:         Found gdutilsdevs.gdutils.geode
18:46:30 DEBUG [Main] [Geode]:           id: gdutilsdevs.gdutils
18:46:30 DEBUG [Main] [Geode]:           version: v1.2.14
18:46:30 DEBUG [Main] [Geode]:           early: no
18:46:30 DEBUG [Main] [Geode]:         Found geode.custom-keybinds.geode
18:46:30 DEBUG [Main] [Geode]:           id: geode.custom-keybinds
18:46:30 DEBUG [Main] [Geode]:           version: v1.4.0
18:46:30 DEBUG [Main] [Geode]:           early: no
18:46:30 DEBUG [Main] [Geode]:         Found geode.node-ids.geode
18:46:30 DEBUG [Main] [Geode]:           id: geode.node-ids
18:46:30 DEBUG [Main] [Geode]:           version: v1.3.0
18:46:30 DEBUG [Main] [Geode]:           early: no
18:46:30 DEBUG [Main] [Geode]:         Found hjfod.betteredit.geode
18:46:30 WARN  [Main] [Geode]:           settings.mouse-move-on-zoom contains unknown key "platforms"
18:46:30 WARN  [Main] [Geode]:           settings.grid-size-controls contains unknown key "platforms"
18:46:30 WARN  [Main] [Geode]:           settings.show-grid-on-size-change contains unknown key "platforms"
18:46:30 WARN  [Main] [Geode]:           settings.soft-save-enabled contains unknown key "platforms"
18:46:30 DEBUG [Main] [Geode]:           id: hjfod.betteredit
18:46:30 DEBUG [Main] [Geode]:           version: v6.3.3
18:46:30 DEBUG [Main] [Geode]:           early: no
18:46:30 DEBUG [Main] [Geode]:         Found hjfod.custom-keybinds.geode
18:46:30 ERROR [Main] [Geode]:           Failed to queue: "C:\Program Files (x86)\Steam\steamapps\common\Geometry Dash\geode\mods\hjfod.custom-keybinds.geode" - [mod.json] is missing target GD version
18:46:30 DEBUG [Main] [Geode]:         Found hjfod.gdshare.geode
18:46:30 DEBUG [Main] [Geode]:           id: hjfod.gdshare
18:46:30 DEBUG [Main] [Geode]:           version: v1.0.4
18:46:30 DEBUG [Main] [Geode]:           early: no
18:46:30 DEBUG [Main] [Geode]:         Found hjfod.gmd-api.geode
18:46:30 DEBUG [Main] [Geode]:           id: hjfod.gmd-api
18:46:30 DEBUG [Main] [Geode]:           version: v1.0.1
18:46:30 DEBUG [Main] [Geode]:           early: no
18:46:30 DEBUG [Main] [Geode]:         Found lexi.visiblecheckpoints.geode
18:46:30 DEBUG [Main] [Geode]:           id: lexi.visiblecheckpoints
18:46:30 DEBUG [Main] [Geode]:           version: v0.1.4
18:46:30 DEBUG [Main] [Geode]:           early: no
18:46:30 DEBUG [Main] [Geode]:         Found mat.fps-bypass.geode
18:46:30 ERROR [Main] [Geode]:           Failed to queue: "C:\Program Files (x86)\Steam\steamapps\common\Geometry Dash\geode\mods\mat.fps-bypass.geode" - [mod.json] is missing target GD version
18:46:30 DEBUG [Main] [Geode]:         Found mat.practice-music.geode
18:46:30 ERROR [Main] [Geode]:           Failed to queue: "C:\Program Files (x86)\Steam\steamapps\common\Geometry Dash\geode\mods\mat.practice-music.geode" - [mod.json] is missing target GD version
18:46:30 DEBUG [Main] [Geode]:         Found mat.run-info.geode
18:46:30 DEBUG [Main] [Geode]:           id: mat.run-info
18:46:30 DEBUG [Main] [Geode]:           version: v1.0.2
18:46:30 DEBUG [Main] [Geode]:           early: no
18:46:30 DEBUG [Main] [Geode]:         Found mat.scroll-zoom.geode
18:46:30 ERROR [Main] [Geode]:           Failed to queue: "C:\Program Files (x86)\Steam\steamapps\common\Geometry Dash\geode\mods\mat.scroll-zoom.geode" - [mod.json] is missing target GD version
18:46:30 DEBUG [Main] [Geode]:         Found muhammadgames.bettermenu.geode
18:46:30 DEBUG [Main] [Geode]:           id: muhammadgames.bettermenu
18:46:30 DEBUG [Main] [Geode]:           version: v1.0.4-beta.12
18:46:30 DEBUG [Main] [Geode]:           early: no
18:46:30 DEBUG [Main] [Geode]:         Found rlt.gd-platformer.geode
18:46:30 ERROR [Main] [Geode]:           Failed to queue: "C:\Program Files (x86)\Steam\steamapps\common\Geometry Dash\geode\mods\rlt.gd-platformer.geode" - [mod.json] is missing target GD version
18:46:30 DEBUG [Main] [Geode]:         Found ruslan.apm.geode
18:46:30 ERROR [Main] [Geode]:           Failed to queue: "C:\Program Files (x86)\Steam\steamapps\common\Geometry Dash\geode\mods\ruslan.apm.geode" - [mod.json] is missing target GD version
18:46:30 DEBUG [Main] [Geode]:         Found ruslan.nm.geode
18:46:30 ERROR [Main] [Geode]:           Failed to queue: "C:\Program Files (x86)\Steam\steamapps\common\Geometry Dash\geode\mods\ruslan.nm.geode" - [mod.json] is missing target GD version
18:46:30 DEBUG [Main] [Geode]:         Found thesillydoggo.animatedprofiles.geode
18:46:30 DEBUG [Main] [Geode]:           id: thesillydoggo.animatedprofiles
18:46:30 DEBUG [Main] [Geode]:           version: v1.0.1
18:46:30 DEBUG [Main] [Geode]:           early: no
18:46:30 DEBUG [Main] [Geode]:         Found thesillydoggo.better_startpos_menu.geode
18:46:30 DEBUG [Main] [Geode]:           id: thesillydoggo.better_startpos_menu
18:46:30 DEBUG [Main] [Geode]:           version: v1.1.0
18:46:30 DEBUG [Main] [Geode]:           early: no
18:46:30 DEBUG [Main] [Geode]:         Found thesillydoggo.entersearch.geode
18:46:30 DEBUG [Main] [Geode]:           id: thesillydoggo.entersearch
18:46:30 DEBUG [Main] [Geode]:           version: v1.0.0
18:46:30 DEBUG [Main] [Geode]:           early: no
18:46:30 DEBUG [Main] [Geode]:         Found TheSillyDoggo.GradientPages.geode
18:46:30 DEBUG [Main] [Geode]:           id: TheSillyDoggo.GradientPages
18:46:30 DEBUG [Main] [Geode]:           version: v2.1.0
18:46:30 DEBUG [Main] [Geode]:           early: no
18:46:30 DEBUG [Main] [Geode]:         Found tpdea.betterpause-Better.geode
18:46:30 DEBUG [Main] [Geode]:           id: tpdea.betterpause-Better
18:46:30 DEBUG [Main] [Geode]:           version: v1.5.5
18:46:30 DEBUG [Main] [Geode]:           early: no
18:46:30 DEBUG [Main] [Geode]:         Found zilko.xdbot.geode
18:46:30 DEBUG [Main] [Geode]:           id: zilko.xdbot
18:46:30 DEBUG [Main] [Geode]:           version: v1.4.8
18:46:30 DEBUG [Main] [Geode]:           early: no
18:46:30 DEBUG [Main] [Geode]:     Populating mod list
18:46:30 DEBUG [Main] [Geode]:       abb2k.backup v1.0.4
18:46:30 DEBUG [Main] [Geode]:       absolllute.megahack v8.0.0-alpha.10
18:46:30 DEBUG [Main] [Geode]:       bitz.customprofiles v1.0.5
18:46:30 DEBUG [Main] [Geode]:       capeling.icon_profile_2.2 v1.1.4
18:46:30 DEBUG [Main] [Geode]:       cj_link.fakemoderator v1.0.1
18:46:30 DEBUG [Main] [Geode]:       coderqc.gdswearfilter v1.0.1
18:46:30 DEBUG [Main] [Geode]:       colon.gold_user_coins v1.0.1
18:46:30 DEBUG [Main] [Geode]:       cvolton.betterinfo v4.0.0-alpha.13
18:46:30 DEBUG [Main] [Geode]:       dankmeme.globed2 v1.2.2
18:46:30 DEBUG [Main] [Geode]:       elnexreal.auto_priority v1.0.0
18:46:30 DEBUG [Main] [Geode]:       elnexreal.copy_song_id v1.2.2
18:46:30 DEBUG [Main] [Geode]:       elohmrow.death_tracker v1.4.3
18:46:30 DEBUG [Main] [Geode]:       gdutilsdevs.gdutils v1.2.14
18:46:30 WARN  [Main] [GDUtils]:       Encountered unknown setting "spotify-section" while loading settings
18:46:30 WARN  [Main] [GDUtils]:       Encountered unknown setting "misc-section" while loading settings
18:46:30 WARN  [Main] [GDUtils]:       Encountered unknown setting "spotifyApp" while loading settings
18:46:30 WARN  [Main] [GDUtils]:       Encountered unknown setting "test-notification" while loading settings
18:46:30 WARN  [Main] [GDUtils]:       Encountered unknown setting "notificationPlacement" while loading settings
18:46:30 WARN  [Main] [GDUtils]:       Encountered unknown setting "notification-section" while loading settings
18:46:30 WARN  [Main] [GDUtils]:       Encountered unknown setting "notification-placement-section" while loading settings
18:46:30 WARN  [Main] [GDUtils]:       Encountered unknown setting "notification-appearance-section" while loading settings
18:46:30 WARN  [Main] [GDUtils]:       Encountered unknown setting "credits-section" while loading settings
18:46:30 WARN  [Main] [GDUtils]:       Encountered unknown setting "credit-buttons" while loading settings
18:46:30 DEBUG [Main] [Geode]:       geode.custom-keybinds v1.4.0
18:46:30 DEBUG [Main] [Geode]:       geode.node-ids v1.3.0
18:46:30 DEBUG [Main] [Geode]:       hjfod.betteredit v6.3.3
18:46:30 DEBUG [Main] [Geode]:       hjfod.gdshare v1.0.4
18:46:30 DEBUG [Main] [Geode]:       hjfod.gmd-api v1.0.1
18:46:30 DEBUG [Main] [Geode]:       lexi.visiblecheckpoints v0.1.4
18:46:30 DEBUG [Main] [Geode]:       mat.run-info v1.0.2
18:46:30 DEBUG [Main] [Geode]:       muhammadgames.bettermenu v1.0.4-beta.12
18:46:30 DEBUG [Main] [Geode]:       thesillydoggo.animatedprofiles v1.0.1
18:46:30 DEBUG [Main] [Geode]:       thesillydoggo.better_startpos_menu v1.1.0
18:46:30 DEBUG [Main] [Geode]:       thesillydoggo.entersearch v1.0.0
18:46:30 DEBUG [Main] [Geode]:       TheSillyDoggo.GradientPages v2.1.0
18:46:30 DEBUG [Main] [Geode]:       tpdea.betterpause-Better v1.5.5
18:46:30 DEBUG [Main] [Geode]:       zilko.xdbot v1.4.8
18:46:30 DEBUG [Main] [Geode]:     Building mod graph
18:46:30 DEBUG [Main] [Geode]:       capeling.icon_profile_2.2
18:46:30 DEBUG [Main] [Geode]:         geode.loader
18:46:30 DEBUG [Main] [Geode]:       geode.loader
18:46:30 DEBUG [Main] [Geode]:       elohmrow.death_tracker
18:46:30 DEBUG [Main] [Geode]:         geode.loader
18:46:30 DEBUG [Main] [Geode]:       absolllute.megahack
18:46:30 DEBUG [Main] [Geode]:         geode.loader
18:46:30 DEBUG [Main] [Geode]:       elnexreal.auto_priority
18:46:30 DEBUG [Main] [Geode]:         geode.loader
18:46:30 DEBUG [Main] [Geode]:       abb2k.backup
18:46:30 DEBUG [Main] [Geode]:         geode.loader
18:46:30 DEBUG [Main] [Geode]:       coderqc.gdswearfilter
18:46:30 DEBUG [Main] [Geode]:         geode.loader
18:46:30 DEBUG [Main] [Geode]:       zilko.xdbot
18:46:30 DEBUG [Main] [Geode]:         geode.loader
18:46:30 DEBUG [Main] [Geode]:         geode.node-ids
18:46:30 DEBUG [Main] [Geode]:       bitz.customprofiles
18:46:30 DEBUG [Main] [Geode]:         geode.loader
18:46:30 DEBUG [Main] [Geode]:         geode.node-ids
18:46:30 DEBUG [Main] [Geode]:       colon.gold_user_coins
18:46:30 DEBUG [Main] [Geode]:         geode.loader
18:46:30 DEBUG [Main] [Geode]:       cj_link.fakemoderator
18:46:30 DEBUG [Main] [Geode]:         geode.loader
18:46:30 DEBUG [Main] [Geode]:       lexi.visiblecheckpoints
18:46:30 DEBUG [Main] [Geode]:         geode.loader
18:46:30 DEBUG [Main] [Geode]:       cvolton.betterinfo
18:46:30 DEBUG [Main] [Geode]:         geode.loader
18:46:30 DEBUG [Main] [Geode]:         geode.node-ids
18:46:30 DEBUG [Main] [Geode]:       tpdea.betterpause-Better
18:46:30 DEBUG [Main] [Geode]:         geode.loader
18:46:30 DEBUG [Main] [Geode]:         geode.node-ids
18:46:30 DEBUG [Main] [Geode]:       dankmeme.globed2
18:46:30 DEBUG [Main] [Geode]:         geode.loader
18:46:30 DEBUG [Main] [Geode]:         geode.custom-keybinds
18:46:30 DEBUG [Main] [Geode]:       elnexreal.copy_song_id
18:46:30 DEBUG [Main] [Geode]:         geode.loader
18:46:30 DEBUG [Main] [Geode]:       gdutilsdevs.gdutils
18:46:30 DEBUG [Main] [Geode]:         geode.loader
18:46:30 DEBUG [Main] [Geode]:       thesillydoggo.better_startpos_menu
18:46:30 DEBUG [Main] [Geode]:         geode.loader
18:46:30 DEBUG [Main] [Geode]:       geode.custom-keybinds
18:46:30 DEBUG [Main] [Geode]:         geode.loader
18:46:30 DEBUG [Main] [Geode]:       geode.node-ids
18:46:30 DEBUG [Main] [Geode]:         geode.loader
18:46:30 DEBUG [Main] [Geode]:       hjfod.betteredit
18:46:30 DEBUG [Main] [Geode]:         geode.loader
18:46:30 DEBUG [Main] [Geode]:         geode.node-ids
18:46:30 DEBUG [Main] [Geode]:         geode.custom-keybinds
18:46:30 DEBUG [Main] [Geode]:       hjfod.gdshare
18:46:30 DEBUG [Main] [Geode]:         geode.loader
18:46:30 DEBUG [Main] [Geode]:         hjfod.gmd-api
18:46:30 DEBUG [Main] [Geode]:         geode.node-ids
18:46:30 DEBUG [Main] [Geode]:       hjfod.gmd-api
18:46:30 DEBUG [Main] [Geode]:         geode.loader
18:46:30 DEBUG [Main] [Geode]:       mat.run-info
18:46:30 DEBUG [Main] [Geode]:         geode.loader
18:46:30 DEBUG [Main] [Geode]:       muhammadgames.bettermenu
18:46:30 DEBUG [Main] [Geode]:         geode.loader
18:46:30 DEBUG [Main] [Geode]:       thesillydoggo.animatedprofiles
18:46:30 DEBUG [Main] [Geode]:         geode.loader
18:46:30 DEBUG [Main] [Geode]:         geode.node-ids
18:46:30 DEBUG [Main] [Geode]:       thesillydoggo.entersearch
18:46:30 DEBUG [Main] [Geode]:         geode.loader
18:46:30 DEBUG [Main] [Geode]:       TheSillyDoggo.GradientPages
18:46:30 DEBUG [Main] [Geode]:         geode.loader
18:46:30 DEBUG [Main] [Geode]:     Loading early mods
18:46:30 DEBUG [Main] [Geode]:       absolllute.megahack v8.0.0-alpha.10
18:46:30 DEBUG [Main] [Geode]:         Unzip
18:46:30 DEBUG [Main] [Geode]:         Same hash detected, skipping unzip
18:46:30 DEBUG [Main] [Geode]:         Load
18:46:30 DEBUG [Main] [Geode]:         Loading binary for mod absolllute.megahack
18:46:36 INFO  [Main] [Geode]:     Took 6.425s. Continuing next frame...
18:46:36 DEBUG [Main] [Geode]: Setting up IPC
18:46:36 DEBUG [Main] [Geode]:   IPC set up
18:46:36 INFO  [Main] [Geode]: Starting loader update check
18:46:36 INFO  [Main] [Geode]: Entry took 6.45s
18:46:40 INFO  [Main] [Geode]: Continuing mod graph refresh...
18:46:40 DEBUG [Main] [Geode]:   Loading mods
18:46:40 DEBUG [Main] [Geode]:     capeling.icon_profile_2.2 v1.1.4
18:46:40 ERROR [Main] [Geode]: Failed to fetch updates Empty response
18:46:40 DEBUG [Mod Unzip] [Geode]:  Unzip
18:46:40 DEBUG [Mod Unzip] [Geode]:  Same hash detected, skipping unzip
18:46:41 DEBUG [Main] [Geode]: Enabled GameManager::isIconUnlocked hook at 0x941f90 for absolllute.megahack
18:46:41 DEBUG [Main] [Geode]: Enabled GameManager::isColorUnlocked hook at 0x942490 for absolllute.megahack
18:46:41 DEBUG [Main] [Geode]: Enabled GameManager::setGameVariable hook at 0x9484e0 for absolllute.megahack
18:46:41 DEBUG [Main] [Geode]: Enabled GameManager::getGameVariable hook at 0x948730 for absolllute.megahack
18:46:41 DEBUG [Main] [Geode]: Enabled MenuLayer::init hook at 0xa9b450 for absolllute.megahack
18:46:41 DEBUG [Main] [Geode]:       Load
18:46:41 DEBUG [Main] [Geode]:       Loading binary for mod capeling.icon_profile_2.2
18:46:41 DEBUG [Main] [Geode]:       Enabled MenuLayer::init hook at 0xa9b450 for capeling.icon_profile_2.2
18:46:41 INFO  [Main] [Geode]: Took 1.211s
18:46:41 INFO  [Main] [Geode]: Continuing mod graph refresh...
18:46:41 DEBUG [Main] [Geode]:   Loading mods
18:46:41 DEBUG [Main] [Geode]:     elohmrow.death_tracker v1.4.3
18:46:41 DEBUG [Mod Unzip] [Geode]:  Unzip
18:46:41 DEBUG [Mod Unzip] [Geode]:  Same hash detected, skipping unzip
18:46:41 DEBUG [Main] [Geode]:       Load
18:46:41 DEBUG [Main] [Geode]:       Loading binary for mod elohmrow.death_tracker
18:46:41 DEBUG [Main] [Geode]:       Enabled GJBaseGameLayer::setStartPosObject hook at 0x9b9e90 for elohmrow.death_tracker
18:46:41 DEBUG [Main] [Geode]:       Enabled PlayLayer::checkpointActivated hook at 0xb076c0 for elohmrow.death_tracker
18:46:41 DEBUG [Main] [Geode]:       Enabled PlayLayer::onQuit hook at 0xb0b480 for elohmrow.death_tracker
18:46:41 DEBUG [Main] [Geode]:       Enabled PlayLayer::resetLevelFromStart hook at 0xb0a090 for elohmrow.death_tracker
18:46:41 DEBUG [Main] [Geode]:       Enabled PlayerObject::playerDestroyed hook at 0xaf1b30 for elohmrow.death_tracker
18:46:41 DEBUG [Main] [Geode]:       Enabled LevelInfoLayer::onLevelInfo hook at 0xa76a70 for elohmrow.death_tracker
18:46:41 DEBUG [Main] [Geode]:       Enabled EditLevelLayer::onLevelInfo hook at 0x8bdb40 for elohmrow.death_tracker
18:46:41 DEBUG [Main] [Geode]:       Enabled LevelPage::onInfo hook at 0xa8c400 for elohmrow.death_tracker
18:46:41 DEBUG [Main] [Geode]:       Enabled cocos2d::CCLayerColor::initWithColor hook at 0x69fc4c70 for elohmrow.death_tracker
18:46:41 DEBUG [Main] [Geode]:       Enabled FLAlertLayer::init hook at 0x850f60 for elohmrow.death_tracker
18:46:41 DEBUG [Main] [Geode]:       Enabled FLAlertLayer::keyBackClicked hook at 0x851a10 for elohmrow.death_tracker
18:46:41 DEBUG [Main] [Geode]:       Enabled FLAlertLayer::onBtn1 hook at 0x851ab0 for elohmrow.death_tracker
18:46:41 DEBUG [Main] [Geode]:       Enabled FLAlertLayer::show hook at 0x851cd0 for elohmrow.death_tracker
18:46:41 INFO  [Main] [Geode]: Took 0.039s
18:46:41 INFO  [Main] [Geode]: Continuing mod graph refresh...
18:46:41 DEBUG [Main] [Geode]:   Loading mods
18:46:41 DEBUG [Main] [Geode]:     elnexreal.auto_priority v1.0.0
18:46:41 DEBUG [Mod Unzip] [Geode]:  Unzip
18:46:41 DEBUG [Mod Unzip] [Geode]:  Same hash detected, skipping unzip
18:46:41 DEBUG [Main] [Geode]:       Load
18:46:41 DEBUG [Main] [Geode]:       Loading binary for mod elnexreal.auto_priority
18:46:41 DEBUG [Main] [Geode]:       Enabled LoadingLayer::loadingFinished hook at 0xa96ae0 for elnexreal.auto_priority
18:46:41 INFO  [Main] [Geode]: Took 0.049s
18:46:41 INFO  [Main] [Geode]: Continuing mod graph refresh...
18:46:41 DEBUG [Main] [Geode]:   Loading mods
18:46:41 DEBUG [Main] [Geode]:     abb2k.backup v1.0.4
18:46:41 DEBUG [Mod Unzip] [Geode]:  Unzip
18:46:41 DEBUG [Mod Unzip] [Geode]:  Same hash detected, skipping unzip
18:46:41 INFO  [Main] [Geode]: Took 0.033s
18:46:41 INFO  [Main] [Geode]: Continuing mod graph refresh...
18:46:41 DEBUG [Main] [Geode]:   Loading mods
18:46:41 DEBUG [Main] [Geode]:     coderqc.gdswearfilter v1.0.1
18:46:41 DEBUG [Mod Unzip] [Geode]:  Unzip
18:46:41 DEBUG [Mod Unzip] [Geode]:  Same hash detected, skipping unzip
18:46:41 DEBUG [Main] [Geode]:       Load
18:46:41 DEBUG [Main] [Geode]:       Loading binary for mod coderqc.gdswearfilter
18:46:41 DEBUG [Main] [Geode]:       Enabled CommentCell::loadFromComment hook at 0x8a4490 for coderqc.gdswearfilter
18:46:41 DEBUG [Main] [Geode]:       Enabled InfoLayer::init hook at 0xa48810 for coderqc.gdswearfilter
18:46:41 DEBUG [Main] [Geode]:       Enabled LevelCell::loadFromLevel hook at 0x89d8b0 for coderqc.gdswearfilter
18:46:41 INFO  [Main] [Geode]: Took 0.033s
18:46:41 INFO  [Main] [Geode]: Continuing mod graph refresh...
18:46:41 DEBUG [Main] [Geode]:   Loading mods
18:46:41 DEBUG [Main] [Geode]:     zilko.xdbot v1.4.8 has unresolved dependencies
18:46:41 INFO  [Main] [Geode]: Took 0.016s
18:46:41 INFO  [Main] [Geode]: Continuing mod graph refresh...
18:46:41 DEBUG [Main] [Geode]:   Loading mods
18:46:41 DEBUG [Main] [Geode]:     bitz.customprofiles v1.0.5 has unresolved dependencies
18:46:41 INFO  [Main] [Geode]: Took 0.016s
18:46:41 INFO  [Main] [Geode]: Continuing mod graph refresh...
18:46:41 DEBUG [Main] [Geode]:   Loading mods
18:46:41 DEBUG [Main] [Geode]:     colon.gold_user_coins v1.0.1
18:46:41 DEBUG [Mod Unzip] [Geode]:  Unzip
18:46:41 DEBUG [Mod Unzip] [Geode]:  Same hash detected, skipping unzip
18:46:41 DEBUG [Main] [Geode]:       Load
18:46:41 DEBUG [Main] [Geode]:       Loading binary for mod colon.gold_user_coins
18:46:41 DEBUG [Main] [Geode]:       Enabled MenuLayer::init hook at 0xa9b450 for colon.gold_user_coins
18:46:41 DEBUG [Main] [Geode]:       Enabled cocos2d::CCSprite::setColor hook at 0x69ff78a0 for colon.gold_user_coins
18:46:41 INFO  [Main] [Geode]: Took 0.033s
18:46:41 INFO  [Main] [Geode]: Continuing mod graph refresh...
18:46:41 DEBUG [Main] [Geode]:   Loading mods
18:46:41 DEBUG [Main] [Geode]:     cj_link.fakemoderator v1.0.1
18:46:42 DEBUG [Mod Unzip] [Geode]:  Unzip
18:46:42 DEBUG [Mod Unzip] [Geode]:  Same hash detected, skipping unzip
18:46:42 DEBUG [Main] [Geode]:       Load
18:46:42 DEBUG [Main] [Geode]:       Loading binary for mod cj_link.fakemoderator
18:46:42 DEBUG [Main] [Geode]:       Enabled LevelInfoLayer::init hook at 0xa716a0 for cj_link.fakemoderator
18:46:42 DEBUG [Main] [Geode]:       Enabled RateStarsLayer::onRate hook at 0xb151c0 for cj_link.fakemoderator
18:46:42 DEBUG [Main] [Geode]:       Enabled SupportLayer::onRequestAccess hook at 0xbdca70 for cj_link.fakemoderator
18:46:42 DEBUG [Main] [Geode]:       Enabled ProfilePage::setupPageInfo hook at 0xb12350 for cj_link.fakemoderator
18:46:42 INFO  [Main] [Geode]: Took 0.033s
18:46:42 INFO  [Main] [Geode]: Continuing mod graph refresh...
18:46:42 DEBUG [Main] [Geode]:   Loading mods
18:46:42 DEBUG [Main] [Geode]:     lexi.visiblecheckpoints v0.1.4
18:46:42 DEBUG [Mod Unzip] [Geode]:  Unzip
18:46:42 DEBUG [Mod Unzip] [Geode]:  Same hash detected, skipping unzip
18:46:42 DEBUG [Main] [Geode]:       Load
18:46:42 DEBUG [Main] [Geode]:       Loading binary for mod lexi.visiblecheckpoints
18:46:42 DEBUG [Main] [Geode]:       Enabled PlayLayer::createCheckpoint hook at 0xb076e0 for lexi.visiblecheckpoints
18:46:42 DEBUG [Main] [Geode]:       Enabled PlayLayer::init hook at 0xafc4a0 for lexi.visiblecheckpoints
18:46:42 DEBUG [Main] [Geode]:       Enabled PlayLayer::removeCheckpoint hook at 0xb08d70 for lexi.visiblecheckpoints
18:46:42 DEBUG [Main] [Geode]:       Enabled PlayLayer::resetLevelFromStart hook at 0xb0a090 for lexi.visiblecheckpoints
18:46:42 DEBUG [Main] [Geode]:       Enabled PlayLayer::setupHasCompleted hook at 0xafce40 for lexi.visiblecheckpoints
18:46:42 INFO  [Main] [Geode]: Took 0.052s
18:46:42 INFO  [Main] [Geode]: Continuing mod graph refresh...
18:46:42 DEBUG [Main] [Geode]:   Loading mods
18:46:42 DEBUG [Main] [Geode]:     cvolton.betterinfo v4.0.0-alpha.13 has unresolved dependencies
18:46:42 INFO  [Main] [Geode]: Took 0.016s
18:46:42 INFO  [Main] [Geode]: Continuing mod graph refresh...
18:46:42 DEBUG [Main] [Geode]:   Loading mods
18:46:42 DEBUG [Main] [Geode]:     tpdea.betterpause-Better v1.5.5 has unresolved dependencies
18:46:42 INFO  [Main] [Geode]: Took 0.016s
18:46:42 INFO  [Main] [Geode]: Continuing mod graph refresh...
18:46:42 DEBUG [Main] [Geode]:   Loading mods
18:46:42 DEBUG [Main] [Geode]:     dankmeme.globed2 v1.2.2 has unresolved dependencies
18:46:42 INFO  [Main] [Geode]: Took 0.016s
18:46:42 INFO  [Main] [Geode]: Continuing mod graph refresh...
18:46:42 DEBUG [Main] [Geode]:   Loading mods
18:46:42 DEBUG [Main] [Geode]:     elnexreal.copy_song_id v1.2.2
18:46:42 DEBUG [Mod Unzip] [Geode]:  Unzip
18:46:42 DEBUG [Mod Unzip] [Geode]:  Same hash detected, skipping unzip
18:46:42 DEBUG [Main] [Geode]:       Load
18:46:42 DEBUG [Main] [Geode]:       Loading binary for mod elnexreal.copy_song_id
18:46:42 DEBUG [Main] [Geode]:       Enabled LevelInfoLayer::init hook at 0xa716a0 for elnexreal.copy_song_id
18:46:42 DEBUG [Main] [Geode]:       Enabled LevelInfoLayer::levelDownloadFinished hook at 0xa74f00 for elnexreal.copy_song_id
18:46:42 INFO  [Main] [Geode]: Took 0.033s
18:46:42 INFO  [Main] [Geode]: Continuing mod graph refresh...
18:46:42 DEBUG [Main] [Geode]:   Loading mods
18:46:42 DEBUG [Main] [Geode]:     gdutilsdevs.gdutils v1.2.14
18:46:42 DEBUG [Mod Unzip] [Geode]:  Unzip
18:46:42 DEBUG [Mod Unzip] [Geode]:  Same hash detected, skipping unzip
18:46:42 DEBUG [Main] [Geode]:       Load
18:46:42 DEBUG [Main] [Geode]:       Loading binary for mod gdutilsdevs.gdutils
18:46:42 DEBUG [Main] [Geode]:       Enabled cocos2d::CCScheduler::update hook at 0x6a026db0 for gdutilsdevs.gdutils
18:46:42 DEBUG [Main] [Geode]:       Enabled cocos2d::CCScheduler::update hook at 0x6a026db0 for gdutilsdevs.gdutils
18:46:42 DEBUG [Main] [Geode]:       Enabled PlayLayer::init hook at 0xafc4a0 for gdutilsdevs.gdutils
18:46:42 DEBUG [Main] [Geode]:       Enabled PlayLayer::onQuit hook at 0xb0b480 for gdutilsdevs.gdutils
18:46:42 DEBUG [Main] [Geode]:       Enabled EditorUI::onPause hook at 0x8c6130 for gdutilsdevs.gdutils
18:46:42 DEBUG [Main] [Geode]:       Enabled EditorUI::onPlayback hook at 0x8e9d20 for gdutilsdevs.gdutils
18:46:42 DEBUG [Main] [Geode]:       Enabled EditorUI::onPlaytest hook at 0x8ea090 for gdutilsdevs.gdutils
18:46:42 DEBUG [Main] [Geode]:       Enabled EditorUI::onStopPlaytest hook at 0x8ea200 for gdutilsdevs.gdutils
18:46:42 DEBUG [Main] [Geode]:       Enabled FriendsProfilePage::init hook at 0x910a10 for gdutilsdevs.gdutils
18:46:42 DEBUG [Main] [Geode]:       Enabled LeaderboardsLayer::init hook at 0xa4dc60 for gdutilsdevs.gdutils
18:46:42 DEBUG [Main] [Geode]:       Enabled SecretLayer2::init hook at 0xb256d0 for gdutilsdevs.gdutils
18:46:42 DEBUG [Main] [Geode]:       Enabled SecretLayer2::onSubmit hook at 0xb271c0 for gdutilsdevs.gdutils
18:46:42 DEBUG [Main] [Geode]:       Enabled SecretLayer2::updateSearchLabel hook at 0xb284b0 for gdutilsdevs.gdutils
18:46:42 DEBUG [Main] [Geode]:       Enabled LevelInfoLayer::init hook at 0xa716a0 for gdutilsdevs.gdutils
18:46:42 DEBUG [Main] [Geode]:       Enabled InfoLayer::init hook at 0xa48810 for gdutilsdevs.gdutils
18:46:42 DEBUG [Main] [Geode]:       Enabled ProfilePage::loadPageFromUserInfo hook at 0xb0dda0 for gdutilsdevs.gdutils
18:46:42 INFO  [Main] [GDUtils]:     GDUtils Mod Loaded
18:46:42 INFO  [Main] [GDUtils]:     Le protocole a été enregistré avec succès pour cet utilisateur.
18:46:42 INFO  [Main] [Geode]: Took 0.033s
18:46:42 INFO  [Main] [Geode]: Continuing mod graph refresh...
18:46:42 DEBUG [Main] [Geode]:   Loading mods
18:46:42 DEBUG [Main] [Geode]:     thesillydoggo.better_startpos_menu v1.1.0
18:46:42 INFO  [Thread #12240] [GDUtils]: Starting socket...
18:46:42 DEBUG [Mod Unzip] [Geode]:  Unzip
18:46:42 DEBUG [Mod Unzip] [Geode]:  Same hash detected, skipping unzip
18:46:42 DEBUG [Main] [Geode]:       Load
18:46:42 DEBUG [Main] [Geode]:       Loading binary for mod thesillydoggo.better_startpos_menu
18:46:42 DEBUG [Main] [Geode]:       Enabled LevelSettingsLayer::init hook at 0xa8ce20 for thesillydoggo.better_startpos_menu
18:46:42 INFO  [Main] [Geode]: Took 0.071s
18:46:42 INFO  [Main] [Geode]: Continuing mod graph refresh...
18:46:42 DEBUG [Main] [Geode]:   Loading mods
18:46:42 DEBUG [Main] [Geode]:     geode.custom-keybinds v1.4.0
18:46:42 DEBUG [Mod Unzip] [Geode]:  Unzip
18:46:42 DEBUG [Mod Unzip] [Geode]:  Same hash detected, skipping unzip
18:46:42 INFO  [Main] [Geode]: Took 0.061s
18:46:42 INFO  [Main] [Geode]: Continuing mod graph refresh...
18:46:42 DEBUG [Main] [Geode]:   Loading mods
18:46:42 DEBUG [Main] [Geode]:     geode.node-ids v1.3.0
18:46:42 INFO  [stdout]: [2024-02-25 18:46:42] [connect] Successful connection
18:46:42 DEBUG [Mod Unzip] [Geode]:  Unzip
18:46:42 INFO  [stdout]: [2024-02-25 18:46:42] [connect] WebSocket Connection 62.210.53.67:80 v-2 "WebSocket++/0.8.2" /socket.io/?EIO=4&transport=websocket&t=1708883202 101
18:46:42 INFO  [Thread #13600] [GDUtils]: Socket Connection successful!
18:46:42 INFO  [Thread #12240] [GDUtils]: listening for events
18:46:42 DEBUG [Mod Unzip] [Geode]:  Same hash detected, skipping unzip
18:46:42 DEBUG [Main] [Geode]:       Load
18:46:42 DEBUG [Main] [Geode]:       Loading binary for mod geode.node-ids
18:46:42 DEBUG [Main] [Geode]:       Enabled CommentCell::loadFromComment hook at 0x8a4490 for geode.node-ids
18:46:42 DEBUG [Main] [Geode]:       Enabled CreatorLayer::init hook at 0x88f550 for geode.node-ids
18:46:42 DEBUG [Main] [Geode]:       Enabled CustomizeObjectLayer::init hook at 0x8964a0 for geode.node-ids
18:46:42 DEBUG [Main] [Geode]:       Enabled CustomizeObjectLayer::toggleVisible hook at 0x899780 for geode.node-ids
18:46:42 DEBUG [Main] [Geode]:       Enabled DailyLevelNode::init hook at 0x8b96c0 for geode.node-ids
18:46:42 DEBUG [Main] [Geode]:       Enabled DailyLevelPage::init hook at 0x8b76d0 for geode.node-ids
18:46:42 DEBUG [Main] [Geode]:       Enabled EditLevelLayer::init hook at 0x8bc8e0 for geode.node-ids
18:46:42 DEBUG [Main] [Geode]:       Enabled EditorPauseLayer::init hook at 0x8c0020 for geode.node-ids
18:46:42 DEBUG [Main] [Geode]:       Enabled EditorUI::init hook at 0x8c4260 for geode.node-ids
18:46:42 DEBUG [Main] [Geode]:       Enabled GJGarageLayer::init hook at 0xa0f250 for geode.node-ids
18:46:42 DEBUG [Main] [Geode]:       Enabled GJGarageLayer::setupPage hook at 0xa11d70 for geode.node-ids
18:46:42 DEBUG [Main] [Geode]:       Enabled GJScoreCell::loadFromScore hook at 0x8a65b0 for geode.node-ids
18:46:42 DEBUG [Main] [Geode]:       Enabled GameToolbox::addBackButton hook at 0x861910 for geode.node-ids
18:46:42 DEBUG [Main] [Geode]:       Enabled GameToolbox::addRThumbScrollButton hook at 0x8619c0 for geode.node-ids
18:46:42 DEBUG [Main] [Geode]:       Enabled InfoLayer::init hook at 0xa48810 for geode.node-ids
18:46:42 DEBUG [Main] [Geode]:       Enabled LeaderboardsLayer::init hook at 0xa4dc60 for geode.node-ids
18:46:42 DEBUG [Main] [Geode]:       Enabled LevelBrowserLayer::init hook at 0xa52e60 for geode.node-ids
18:46:42 DEBUG [Main] [Geode]:       Enabled LevelCell::loadCustomLevelCell hook at 0x89da60 for geode.node-ids
18:46:42 DEBUG [Main] [Geode]:       Enabled LevelCell::loadFromLevel hook at 0x89d8b0 for geode.node-ids
18:46:42 DEBUG [Main] [Geode]:       Enabled LevelCell::loadLocalLevelCell hook at 0x8a04d0 for geode.node-ids
18:46:42 DEBUG [Main] [Geode]:       Enabled LevelInfoLayer::init hook at 0xa716a0 for geode.node-ids
18:46:42 DEBUG [Main] [Geode]:       Enabled LevelInfoLayer::setupPlatformerStats hook at 0xa73a90 for geode.node-ids
18:46:42 DEBUG [Main] [Geode]:       Enabled LevelInfoLayer::setupProgressBars hook at 0xa73e20 for geode.node-ids
18:46:42 DEBUG [Main] [Geode]:       Enabled LevelInfoLayer::updateLabelValues hook at 0xa76d20 for geode.node-ids
18:46:42 DEBUG [Main] [Geode]:       Enabled LevelLeaderboard::init hook at 0xa78060 for geode.node-ids
18:46:42 DEBUG [Main] [Geode]:       Enabled LevelSearchLayer::init hook at 0xa80f10 for geode.node-ids
18:46:42 DEBUG [Main] [Geode]:       Enabled PauseLayer::customSetup hook at 0xad89f0 for geode.node-ids
18:46:42 DEBUG [Main] [Geode]:       Enabled PlayerObject::init hook at 0xae24c0 for geode.node-ids
18:46:42 DEBUG [Main] [Geode]:       Enabled ProfilePage::init hook at 0xb0d080 for geode.node-ids
18:46:42 DEBUG [Main] [Geode]:       Enabled ProfilePage::loadPageFromUserInfo hook at 0xb0dda0 for geode.node-ids
18:46:42 DEBUG [Main] [Geode]:       Enabled RewardsPage::init hook at 0xb167f0 for geode.node-ids
18:46:42 DEBUG [Main] [Geode]:       Enabled UILayer::init hook at 0xbdec10 for geode.node-ids
18:46:42 INFO  [Main] [Geode]: Took 0.054s
18:46:42 INFO  [Main] [Geode]: Continuing mod graph refresh...
18:46:42 DEBUG [Main] [Geode]:   Loading mods
18:46:42 DEBUG [Main] [Geode]:     thesillydoggo.animatedprofiles v1.0.1
18:46:42 DEBUG [Mod Unzip] [Geode]:  Unzip
18:46:42 DEBUG [Mod Unzip] [Geode]:  Same hash detected, skipping unzip
18:46:42 DEBUG [Main] [Geode]:       Load
18:46:42 DEBUG [Main] [Geode]:       Loading binary for mod thesillydoggo.animatedprofiles
18:46:42 DEBUG [Main] [Geode]:       Enabled ProfilePage::init hook at 0xb0d080 for thesillydoggo.animatedprofiles
18:46:42 DEBUG [Main] [Geode]:       Enabled ProfilePage::loadPageFromUserInfo hook at 0xb0dda0 for thesillydoggo.animatedprofiles
18:46:42 DEBUG [Main] [Geode]:       Enabled CommentCell::loadFromComment hook at 0x8a4490 for thesillydoggo.animatedprofiles
18:46:42 DEBUG [Main] [Geode]:       Enabled CCAnimatedSprite::runAnimation hook at 0x841640 for thesillydoggo.animatedprofiles
18:46:42 INFO  [Main] [Geode]: Took 0.033s
18:46:42 INFO  [Main] [Geode]: Continuing mod graph refresh...
18:46:42 DEBUG [Main] [Geode]:   Loading mods
18:46:42 DEBUG [Main] [Geode]:     hjfod.gdshare v1.0.4 has unresolved dependencies
18:46:42 INFO  [Main] [Geode]: Took 0.016s
18:46:42 INFO  [Main] [Geode]: Continuing mod graph refresh...
18:46:42 DEBUG [Main] [Geode]:   Loading mods
18:46:42 DEBUG [Main] [Geode]:     tpdea.betterpause-Better v1.5.5
18:46:42 DEBUG [Mod Unzip] [Geode]:  Unzip
18:46:42 DEBUG [Mod Unzip] [Geode]:  Same hash detected, skipping unzip
18:46:42 INFO  [Main] [Geode]: Took 0.034s
18:46:42 INFO  [Main] [Geode]: Continuing mod graph refresh...
18:46:42 DEBUG [Main] [Geode]:   Loading mods
18:46:42 DEBUG [Main] [Geode]:     cvolton.betterinfo v4.0.0-alpha.13
18:46:42 DEBUG [Mod Unzip] [Geode]:  Unzip
18:46:42 DEBUG [Mod Unzip] [Geode]:  Same hash detected, skipping unzip
18:46:42 DEBUG [Main] [Geode]:       Load
18:46:42 DEBUG [Main] [Geode]:       Loading binary for mod cvolton.betterinfo
18:46:42 DEBUG [Main] [Geode]:       Enabled CommentCell::FLAlert_Clicked hook at 0x8a63d0 for cvolton.betterinfo
18:46:42 DEBUG [Main] [Geode]:       Enabled CommentCell::loadFromComment hook at 0x8a4490 for cvolton.betterinfo
18:46:42 DEBUG [Main] [Geode]:       Enabled CommentCell::onConfirmDelete hook at 0x8a62c0 for cvolton.betterinfo
18:46:42 DEBUG [Main] [Geode]:       Enabled CommentCell::onLike hook at 0x8a6110 for cvolton.betterinfo
18:46:42 DEBUG [Main] [Geode]:       Enabled CreatorLayer::init hook at 0x88f550 for cvolton.betterinfo
18:46:42 DEBUG [Main] [Geode]:       Enabled CreatorLayer::onChallenge hook at 0x890dd0 for cvolton.betterinfo
18:46:42 DEBUG [Main] [Geode]:       Enabled DailyLevelNode::init hook at 0x8b96c0 for cvolton.betterinfo
18:46:42 DEBUG [Main] [Geode]:       Enabled DailyLevelPage::init hook at 0x8b76d0 for cvolton.betterinfo
18:46:42 DEBUG [Main] [Geode]:       Enabled DailyLevelPage::updateTimers hook at 0x8b9120 for cvolton.betterinfo
18:46:42 DEBUG [Main] [Geode]:       Enabled EditLevelLayer::init hook at 0x8bc8e0 for cvolton.betterinfo
18:46:42 DEBUG [Main] [Geode]:       Enabled EditLevelLayer::onLevelInfo hook at 0x8bdb40 for cvolton.betterinfo
18:46:42 DEBUG [Main] [Geode]:       Enabled GJLevelList::showListInfo hook at 0x93cef0 for cvolton.betterinfo
18:46:42 DEBUG [Main] [Geode]:       Enabled GJScoreCell::loadFromScore hook at 0x8a65b0 for cvolton.betterinfo
18:46:42 DEBUG [Main] [Geode]:       Enabled GameLevelManager::getCompletedLevels hook at 0x917790 for cvolton.betterinfo
18:46:42 DEBUG [Main] [Geode]:       Enabled GameLevelManager::getSavedLevels hook at 0x917340 for cvolton.betterinfo
18:46:42 DEBUG [Main] [Geode]:       Enabled GameLevelManager::limitSavedLevels hook at 0x919210 for cvolton.betterinfo
18:46:42 DEBUG [Main] [Geode]:       Enabled GameLevelManager::userNameForUserID hook at 0x916290 for cvolton.betterinfo
18:46:42 DEBUG [Main] [Geode]:       Enabled InfoLayer::init hook at 0xa48810 for cvolton.betterinfo
18:46:42 DEBUG [Main] [Geode]:       Enabled InfoLayer::loadPage hook at 0xa4b340 for cvolton.betterinfo
18:46:42 DEBUG [Main] [Geode]:       Enabled InfoLayer::onLevelInfo hook at 0xa4ada0 for cvolton.betterinfo
18:46:42 DEBUG [Main] [Geode]:       Enabled InfoLayer::onMore hook at 0xa4aaa0 for cvolton.betterinfo
18:46:42 DEBUG [Main] [Geode]:       Enabled InfoLayer::setupCommentsBrowser hook at 0xa4b670 for cvolton.betterinfo
18:46:42 DEBUG [Main] [Geode]:       Enabled LeaderboardsLayer::init hook at 0xa4dc60 for cvolton.betterinfo
18:46:42 DEBUG [Main] [Geode]:       Enabled LevelAreaInnerLayer::init hook at 0xa511e0 for cvolton.betterinfo
18:46:42 DEBUG [Main] [Geode]:       Enabled LevelBrowserLayer::init hook at 0xa52e60 for cvolton.betterinfo
18:46:42 DEBUG [Main] [Geode]:       Enabled LevelBrowserLayer::onGoToPage hook at 0xa55c40 for cvolton.betterinfo
18:46:42 DEBUG [Main] [Geode]:       Enabled LevelBrowserLayer::setupPageInfo hook at 0xa559e0 for cvolton.betterinfo
18:46:42 DEBUG [Main] [Geode]:       Enabled LevelCell::loadCustomLevelCell hook at 0x89da60 for cvolton.betterinfo
18:46:42 DEBUG [Main] [Geode]:       Enabled LevelCell::onViewProfile hook at 0x8a0f70 for cvolton.betterinfo
18:46:42 DEBUG [Main] [Geode]:       Enabled LevelInfoLayer::init hook at 0xa716a0 for cvolton.betterinfo
18:46:42 DEBUG [Main] [Geode]:       Enabled LevelInfoLayer::onLevelInfo hook at 0xa76a70 for cvolton.betterinfo
18:46:42 DEBUG [Main] [Geode]:       Enabled LevelInfoLayer::onViewProfile hook at 0xa76a10 for cvolton.betterinfo
18:46:42 DEBUG [Main] [Geode]:       Enabled LevelInfoLayer::updateLabelValues hook at 0xa76d20 for cvolton.betterinfo
18:46:42 DEBUG [Main] [Geode]:       Enabled LevelLeaderboard::init hook at 0xa78060 for cvolton.betterinfo
18:46:42 DEBUG [Main] [Geode]:       Enabled LevelListCell::loadFromList hook at 0x8ab570 for cvolton.betterinfo
18:46:42 DEBUG [Main] [Geode]:       Enabled LevelPage::onInfo hook at 0xa8c400 for cvolton.betterinfo
18:46:42 DEBUG [Main] [Geode]:       Enabled LevelSearchLayer::getSearchObject hook at 0xa83ba0 for cvolton.betterinfo
18:46:42 DEBUG [Main] [Geode]:       Enabled MoreSearchLayer::init hook at 0xa856b0 for cvolton.betterinfo
18:46:42 DEBUG [Main] [Geode]:       Enabled MoreSearchLayer::onSongFilter hook at 0xa869e0 for cvolton.betterinfo
18:46:42 DEBUG [Main] [Geode]:       Enabled MoreSearchLayer::onSongMode hook at 0xa86c90 for cvolton.betterinfo
18:46:42 DEBUG [Main] [Geode]:       Enabled PlayLayer::destroyPlayer hook at 0xb06730 for cvolton.betterinfo
18:46:42 DEBUG [Main] [Geode]:       Enabled PlayLayer::init hook at 0xafc4a0 for cvolton.betterinfo
18:46:42 DEBUG [Main] [Geode]:       Enabled PlayLayer::levelComplete hook at 0xafdb60 for cvolton.betterinfo
18:46:42 DEBUG [Main] [Geode]:       Enabled PlayLayer::onQuit hook at 0xb0b480 for cvolton.betterinfo
18:46:42 DEBUG [Main] [Geode]:       Enabled PlayLayer::resetLevel hook at 0xb0a130 for cvolton.betterinfo
18:46:42 DEBUG [Main] [Geode]:       Enabled ProfilePage::getUserInfoFailed hook at 0xb11e40 for cvolton.betterinfo
18:46:42 DEBUG [Main] [Geode]:       Enabled ProfilePage::init hook at 0xb0d080 for cvolton.betterinfo
18:46:42 DEBUG [Main] [Geode]:       Enabled ProfilePage::loadPageFromUserInfo hook at 0xb0dda0 for cvolton.betterinfo
18:46:42 DEBUG [Main] [Geode]:       Enabled ProfilePage::onClose hook at 0xb115e0 for cvolton.betterinfo
18:46:42 DEBUG [Main] [Geode]:       Enabled RewardsPage::init hook at 0xb167f0 for cvolton.betterinfo
18:46:42 DEBUG [Main] [Geode]:       Enabled MenuLayer::init hook at 0xa9b450 for cvolton.betterinfo
18:46:42 INFO  [Main] [Geode]: Took 0.061s
18:46:42 INFO  [Main] [Geode]: Continuing mod graph refresh...
18:46:42 DEBUG [Main] [Geode]:   Loading mods
18:46:42 DEBUG [Main] [Geode]:     bitz.customprofiles v1.0.5
18:46:42 DEBUG [Mod Unzip] [Geode]:  Unzip
18:46:42 DEBUG [Mod Unzip] [Geode]:  Same hash detected, skipping unzip
18:46:42 DEBUG [Main] [Geode]:       Load
18:46:42 DEBUG [Main] [Geode]:       Loading binary for mod bitz.customprofiles
18:46:42 DEBUG [Main] [Geode]:       Enabled GJAccountSettingsLayer::init hook at 0xa284f0 for bitz.customprofiles
18:46:42 DEBUG [Main] [Geode]:       Enabled GJAccountSettingsLayer::onClose hook at 0xa29db0 for bitz.customprofiles
18:46:42 DEBUG [Main] [Geode]:       Enabled InfoLayer::init hook at 0xa48810 for bitz.customprofiles
18:46:42 DEBUG [Main] [Geode]:       Enabled InfoLayer::setupCommentsBrowser hook at 0xa4b670 for bitz.customprofiles
18:46:42 DEBUG [Main] [Geode]:       Enabled ProfilePage::init hook at 0xb0d080 for bitz.customprofiles
18:46:42 DEBUG [Main] [Geode]:       Enabled ProfilePage::loadPageFromUserInfo hook at 0xb0dda0 for bitz.customprofiles
18:46:42 DEBUG [Main] [Geode]:       Enabled ProfilePage::onUpdate hook at 0xb0db10 for bitz.customprofiles
18:46:42 DEBUG [Main] [Geode]:       Enabled ProfilePage::setupCommentsBrowser hook at 0xb12160 for bitz.customprofiles
18:46:42 DEBUG [Main] [Geode]:       Enabled CommentCell::draw hook at 0x89d5b0 for bitz.customprofiles
18:46:42 DEBUG [Main] [Geode]:       Enabled CommentCell::loadFromComment hook at 0x8a4490 for bitz.customprofiles
18:46:42 DEBUG [Main] [Geode]:       Enabled CommentCell::updateBGColor hook at 0x8a6090 for bitz.customprofiles
18:46:42 INFO  [Main] [Geode]: Took 0.067s
18:46:42 INFO  [Main] [Geode]: Continuing mod graph refresh...
18:46:42 DEBUG [Main] [Geode]:   Loading mods
18:46:42 DEBUG [Main] [Geode]:     zilko.xdbot v1.4.8
18:46:42 DEBUG [Mod Unzip] [Geode]:  Unzip
18:46:42 DEBUG [Mod Unzip] [Geode]:  Same hash detected, skipping unzip
18:46:42 DEBUG [Main] [Geode]:       Load
18:46:42 DEBUG [Main] [Geode]:       Loading binary for mod zilko.xdbot
18:46:42 DEBUG [Main] [Geode]:       Enabled PauseLayer::customSetup hook at 0xad89f0 for zilko.xdbot
18:46:42 DEBUG [Main] [Geode]:       Enabled PauseLayer::goEdit hook at 0xada0f0 for zilko.xdbot
18:46:42 DEBUG [Main] [Geode]:       Enabled PauseLayer::onPracticeMode hook at 0xad9e60 for zilko.xdbot
18:46:42 DEBUG [Main] [Geode]:       Enabled PauseLayer::onQuit hook at 0xada240 for zilko.xdbot
18:46:42 DEBUG [Main] [Geode]:       Enabled PauseLayer::onResume hook at 0xad9f30 for zilko.xdbot
18:46:42 DEBUG [Main] [Geode]:       Enabled GJBaseGameLayer::handleButton hook at 0x9d69f0 for zilko.xdbot
18:46:42 DEBUG [Main] [Geode]:       Enabled GJBaseGameLayer::update hook at 0x9db780 for zilko.xdbot
18:46:42 DEBUG [Main] [Geode]:       Enabled PlayLayer::levelComplete hook at 0xafdb60 for zilko.xdbot
18:46:42 DEBUG [Main] [Geode]:       Enabled PlayLayer::resetLevel hook at 0xb0a130 for zilko.xdbot
18:46:42 DEBUG [Main] [Geode]:       Enabled EndLevelLayer::customSetup hook at 0x9074f0 for zilko.xdbot
18:46:42 DEBUG [Main] [Geode]:       Enabled EndLevelLayer::goEdit hook at 0x909060 for zilko.xdbot
18:46:42 DEBUG [Main] [Geode]:       Enabled EndLevelLayer::onMenu hook at 0x908ec0 for zilko.xdbot
18:46:42 DEBUG [Main] [Geode]:       Enabled EndLevelLayer::onReplay hook at 0x908dc0 for zilko.xdbot
18:46:42 DEBUG [Main] [Geode]:       Enabled cocos2d::CCScheduler::update hook at 0x6a026db0 for zilko.xdbot
18:46:42 DEBUG [Main] [Geode]:       Enabled cocos2d::CCKeyboardDispatcher::dispatchKeyboardMSG hook at 0x69fbbe70 for zilko.xdbot
18:46:42 DEBUG [Main] [Geode]:       Enabled GJBaseGameLayer::processCommands hook at 0x9dd240 for zilko.xdbot
18:46:42 INFO  [Main] [Geode]: Took 0.051s
18:46:42 INFO  [Main] [Geode]: Continuing mod graph refresh...
18:46:42 DEBUG [Main] [Geode]:   Loading mods
18:46:42 DEBUG [Main] [Geode]:     hjfod.betteredit v6.3.3 has unresolved dependencies
18:46:42 INFO  [Main] [Geode]: Took 0.016s
18:46:42 INFO  [Main] [Geode]: Continuing mod graph refresh...
18:46:42 DEBUG [Main] [Geode]:   Loading mods
18:46:42 DEBUG [Main] [Geode]:     hjfod.gdshare v1.0.4 has unresolved dependencies
18:46:42 INFO  [Main] [Geode]: Took 0.016s
18:46:42 INFO  [Main] [Geode]: Continuing mod graph refresh...
18:46:42 DEBUG [Main] [Geode]:   Loading mods
18:46:42 DEBUG [Main] [Geode]:     hjfod.gmd-api v1.0.1
18:46:42 DEBUG [Mod Unzip] [Geode]:  Unzip
18:46:42 DEBUG [Mod Unzip] [Geode]:  Same hash detected, skipping unzip
18:46:42 DEBUG [Main] [Geode]:       Load
18:46:42 DEBUG [Main] [Geode]:       Loading binary for mod hjfod.gmd-api
18:46:42 INFO  [Main] [Geode]: Took 0.033s
18:46:42 INFO  [Main] [Geode]: Continuing mod graph refresh...
18:46:42 DEBUG [Main] [Geode]:   Loading mods
18:46:42 DEBUG [Main] [Geode]:     hjfod.gdshare v1.0.4
18:46:42 DEBUG [Mod Unzip] [Geode]:  Unzip
18:46:42 DEBUG [Mod Unzip] [Geode]:  Same hash detected, skipping unzip
18:46:42 DEBUG [Main] [Geode]:       Load
18:46:42 DEBUG [Main] [Geode]:       Loading binary for mod hjfod.gdshare
18:46:42 DEBUG [Main] [Geode]:       Enabled EditLevelLayer::init hook at 0x8bc8e0 for hjfod.gdshare
18:46:42 DEBUG [Main] [Geode]:       Enabled LevelInfoLayer::init hook at 0xa716a0 for hjfod.gdshare
18:46:42 DEBUG [Main] [Geode]:       Enabled LevelBrowserLayer::init hook at 0xa52e60 for hjfod.gdshare
18:46:42 INFO  [Main] [Geode]: Took 0.033s
18:46:42 INFO  [Main] [Geode]: Continuing mod graph refresh...
18:46:42 DEBUG [Main] [Geode]:   Loading mods
18:46:42 DEBUG [Main] [Geode]:     mat.run-info v1.0.2
18:46:42 DEBUG [Mod Unzip] [Geode]:  Unzip
18:46:42 DEBUG [Mod Unzip] [Geode]:  Same hash detected, skipping unzip
18:46:42 DEBUG [Main] [Geode]:       Load
18:46:42 DEBUG [Main] [Geode]:       Loading binary for mod mat.run-info
18:46:42 DEBUG [Main] [Geode]:       Enabled PlayLayer::init hook at 0xafc4a0 for mat.run-info
18:46:42 DEBUG [Main] [Geode]:       Enabled PlayLayer::resetLevel hook at 0xb0a130 for mat.run-info
18:46:42 DEBUG [Main] [Geode]:       Enabled PlayLayer::togglePracticeMode hook at 0xb0ad30 for mat.run-info
18:46:42 INFO  [Main] [Geode]: Took 0.033s
18:46:42 INFO  [Main] [Geode]: Continuing mod graph refresh...
18:46:42 DEBUG [Main] [Geode]:   Loading mods
18:46:42 DEBUG [Main] [Geode]:     muhammadgames.bettermenu v1.0.4-beta.12
18:46:42 DEBUG [Mod Unzip] [Geode]:  Unzip
18:46:42 DEBUG [Mod Unzip] [Geode]:  Same hash detected, skipping unzip
18:46:42 INFO  [Main] [Geode]: Took 0.033s
18:46:42 INFO  [Main] [Geode]: Continuing mod graph refresh...
18:46:42 DEBUG [Main] [Geode]:   Loading mods
18:46:42 DEBUG [Main] [Geode]:     thesillydoggo.animatedprofiles v1.0.1
18:46:42 INFO  [Main] [Geode]: Took 0.016s
18:46:42 INFO  [Main] [Geode]: Continuing mod graph refresh...
18:46:42 DEBUG [Main] [Geode]:   Loading mods
18:46:42 DEBUG [Main] [Geode]:     thesillydoggo.entersearch v1.0.0
18:46:42 DEBUG [Mod Unzip] [Geode]:  Unzip
18:46:42 DEBUG [Mod Unzip] [Geode]:  Same hash detected, skipping unzip
18:46:42 DEBUG [Main] [Geode]:       Load
18:46:42 DEBUG [Main] [Geode]:       Loading binary for mod thesillydoggo.entersearch
18:46:42 DEBUG [Main] [Geode]:       Enabled FLAlertLayer::init hook at 0x850f60 for thesillydoggo.entersearch
18:46:42 DEBUG [Main] [Geode]:       Enabled LevelSearchLayer::init hook at 0xa80f10 for thesillydoggo.entersearch
18:46:42 DEBUG [Main] [Geode]:       Enabled ShareCommentLayer::init hook at 0xba6490 for thesillydoggo.entersearch
18:46:42 DEBUG [Main] [Geode]:       Enabled cocos2d::CCKeyboardDispatcher::dispatchKeyboardMSG hook at 0x69fbbe70 for thesillydoggo.entersearch
18:46:42 INFO  [Main] [Geode]: Took 0.034s
18:46:42 INFO  [Main] [Geode]: Continuing mod graph refresh...
18:46:42 DEBUG [Main] [Geode]:   Loading mods
18:46:42 DEBUG [Main] [Geode]:     TheSillyDoggo.GradientPages v2.1.0
18:46:42 DEBUG [Mod Unzip] [Geode]:  Unzip
18:46:42 DEBUG [Mod Unzip] [Geode]:  Same hash detected, skipping unzip
18:46:42 DEBUG [Main] [Geode]:       Load
18:46:42 DEBUG [Main] [Geode]:       Loading binary for mod TheSillyDoggo.GradientPages
18:46:42 DEBUG [Main] [Geode]:       Enabled ProfilePage::init hook at 0xb0d080 for TheSillyDoggo.GradientPages
18:46:42 DEBUG [Main] [Geode]:       Enabled ProfilePage::loadPageFromUserInfo hook at 0xb0dda0 for TheSillyDoggo.GradientPages
18:46:42 DEBUG [Main] [Geode]:       Enabled GJAccountSettingsLayer::init hook at 0xa284f0 for TheSillyDoggo.GradientPages
18:46:42 DEBUG [Main] [Geode]:       Enabled FRequestProfilePage::init hook at 0x90ef90 for TheSillyDoggo.GradientPages
18:46:42 DEBUG [Main] [Geode]:       Enabled MessagesProfilePage::init hook at 0xa9d1c0 for TheSillyDoggo.GradientPages
18:46:42 DEBUG [Main] [Geode]:       Enabled FriendsProfilePage::init hook at 0x910a10 for TheSillyDoggo.GradientPages
18:46:42 DEBUG [Main] [Geode]:       Enabled InfoLayer::init hook at 0xa48810 for TheSillyDoggo.GradientPages
18:46:42 DEBUG [Main] [Geode]:       Enabled GJCommentListLayer::create hook at 0xa27dc0 for TheSillyDoggo.GradientPages
18:46:42 DEBUG [Main] [Geode]:       Enabled ItemInfoPopup::init hook at 0xa15b80 for TheSillyDoggo.GradientPages
18:46:42 DEBUG [Main] [Geode]:       Enabled ShardsPage::init hook at 0xba4320 for TheSillyDoggo.GradientPages
18:46:42 DEBUG [Main] [Geode]:       Enabled CommunityCreditsPage::init hook at 0x888b10 for TheSillyDoggo.GradientPages
18:46:42 DEBUG [Main] [Geode]:       Enabled DemonFilterSelectLayer::init hook at 0xa873e0 for TheSillyDoggo.GradientPages
18:46:42 DEBUG [Main] [Geode]:       Enabled MoreSearchLayer::init hook at 0xa856b0 for TheSillyDoggo.GradientPages
18:46:42 DEBUG [Main] [Geode]:       Enabled ChallengesPage::init hook at 0x87c560 for TheSillyDoggo.GradientPages
18:46:42 DEBUG [Main] [Geode]:       Enabled SetIDPopup::init hook at 0xa2f980 for TheSillyDoggo.GradientPages
18:46:42 INFO  [Main] [Geode]: Took 0.062s
18:46:42 INFO  [Main] [Geode]: Continuing mod graph refresh...
18:46:42 DEBUG [Main] [Geode]:   Finding problems
18:46:42 DEBUG [Main] [Geode]:     capeling.icon_profile_2.2
18:46:42 DEBUG [Main] [Geode]:     geode.loader
18:46:42 DEBUG [Main] [Geode]:     elohmrow.death_tracker
18:46:42 DEBUG [Main] [Geode]:     absolllute.megahack
18:46:42 DEBUG [Main] [Geode]:     elnexreal.auto_priority
18:46:42 DEBUG [Main] [Geode]:     abb2k.backup is not enabled
18:46:42 DEBUG [Main] [Geode]:     coderqc.gdswearfilter
18:46:42 DEBUG [Main] [Geode]:     zilko.xdbot
18:46:42 DEBUG [Main] [Geode]:     bitz.customprofiles
18:46:42 DEBUG [Main] [Geode]:     colon.gold_user_coins
18:46:42 DEBUG [Main] [Geode]:     cj_link.fakemoderator
18:46:42 DEBUG [Main] [Geode]:     lexi.visiblecheckpoints
18:46:42 DEBUG [Main] [Geode]:     cvolton.betterinfo
18:46:42 DEBUG [Main] [Geode]:     tpdea.betterpause-Better is not enabled
18:46:42 DEBUG [Main] [Geode]:     dankmeme.globed2
18:46:42 ERROR [Main] [Geode]:       dankmeme.globed2 requires geode.custom-keybinds >=v1.2.3
18:46:42 DEBUG [Main] [Geode]:     elnexreal.copy_song_id
18:46:42 DEBUG [Main] [Geode]:     gdutilsdevs.gdutils
18:46:42 DEBUG [Main] [Geode]:     thesillydoggo.better_startpos_menu
18:46:42 DEBUG [Main] [Geode]:     geode.custom-keybinds is not enabled
18:46:42 DEBUG [Main] [Geode]:     geode.node-ids
18:46:42 DEBUG [Main] [Geode]:     hjfod.betteredit
18:46:42 ERROR [Main] [Geode]:       hjfod.betteredit requires geode.node-ids >=v1.6.0
18:46:42 ERROR [Main] [Geode]:       hjfod.betteredit requires geode.custom-keybinds >=v1.5.0
18:46:42 DEBUG [Main] [Geode]:     hjfod.gdshare
18:46:42 DEBUG [Main] [Geode]:     hjfod.gmd-api
18:46:42 DEBUG [Main] [Geode]:     mat.run-info
18:46:42 DEBUG [Main] [Geode]:     muhammadgames.bettermenu is not enabled
18:46:42 DEBUG [Main] [Geode]:     thesillydoggo.animatedprofiles
18:46:42 DEBUG [Main] [Geode]:     thesillydoggo.entersearch
18:46:42 DEBUG [Main] [Geode]:     TheSillyDoggo.GradientPages
18:46:42 INFO  [Main] [Geode]:   Took 0.004s
18:46:42 DEBUG [Main] [Geode]: Verifying Loader Resources
18:46:42 DEBUG [Main] [Geode]: Loading Loader Resources
18:46:42 DEBUG [Main] [Geode]: Loading mod resources
18:46:42 DEBUG [Main] [Geode]: Adding resources
18:46:42 DEBUG [Main] [Geode]:   geode.loader
18:46:42 DEBUG [Main] [Geode]:     Adding sheet geode.loader/LogoSheet
18:46:43 DEBUG [Main] [Geode]:     Adding sheet geode.loader/APISheet
18:46:43 DEBUG [Main] [Geode]:     Adding sheet geode.loader/BlankSheet
18:46:43 DEBUG [Main] [Geode]:   dankmeme.globed2
18:46:43 DEBUG [Main] [Geode]:     Adding sheet dankmeme.globed2/globedsheet1
18:46:43 DEBUG [Main] [Geode]:   geode.custom-keybinds
18:46:43 DEBUG [Main] [Geode]:     Adding sheet geode.custom-keybinds/KB_ControllerSheet
18:46:43 DEBUG [Main] [Geode]:   hjfod.betteredit
18:46:43 DEBUG [Main] [Geode]:     Adding sheet hjfod.betteredit/UISheet
18:46:43 DEBUG [Main] [Geode]:   hjfod.gdshare
18:46:43 DEBUG [Main] [Geode]:     Adding sheet hjfod.gdshare/GDShare
18:46:43 DEBUG [Main] [Geode]:   TheSillyDoggo.GradientPages
18:46:43 DEBUG [Main] [Geode]:     Adding sheet TheSillyDoggo.GradientPages/UISheet
18:46:52 DEBUG [Main] [Geode]: Checking updates for index
18:46:52 ERROR [Main] [Geode]: Mod ID 'tpdea.betterpause-Better' will be rejected in the future - IDs must match the regex `[a-z0-9\-_]+\.[a-z0-9\-_]+`
18:46:52 ERROR [Main] [Geode]: Mod ID 'TheSillyDoggo.GradientPages' will be rejected in the future - IDs must match the regex `[a-z0-9\-_]+\.[a-z0-9\-_]+`
18:46:53 DEBUG [Main] [Geode]: Enabled FMODChannelControl::setVolume hook at 0x69d1b180 for absolllute.megahack
18:46:53 DEBUG [Main] [Geode]: Enabled FMODChannelControl::setPitch hook at 0x69d1af00 for absolllute.megahack
18:46:53 DEBUG [Main] [Geode]: Enabled cocos2dCCParticleSystem::loadScaledDefaults hook at 0x69fdbba0 for absolllute.megahack
18:46:53 DEBUG [Main] [Geode]: Enabled cocos2dCCTransitionFade::create hook at 0x69fc7710 for absolllute.megahack
18:46:53 DEBUG [Main] [Geode]: Enabled cocos2dCCTransitionMoveInT::create hook at 0x69fc81f0 for absolllute.megahack
18:46:53 DEBUG [Main] [Geode]: Enabled cocos2dCCDirector::drawScene hook at 0x6a022ae0 for absolllute.megahack
18:46:53 DEBUG [Main] [Geode]: Enabled cocos2dCCScheduler::update hook at 0x6a026db0 for absolllute.megahack
18:46:53 DEBUG [Main] [Geode]: Enabled cocos2dCCIMEDelegate::attachWithIME hook at 0x6a019ea0 for absolllute.megahack
18:46:53 DEBUG [Main] [Geode]: Enabled cocos2dCCIMEDelegate::detachWithIME hook at 0x6a019f20 for absolllute.megahack
18:46:53 DEBUG [Main] [Geode]: Enabled AppDelegate::trySaveGame hook at 0x87b790 for absolllute.megahack
18:46:53 DEBUG [Main] [Geode]: Enabled GameStatsManager::isItemUnlocked hook at 0x996570 for absolllute.megahack
18:46:53 DEBUG [Main] [Geode]: Enabled ColorAction::setupFromString hook at 0xdf9950 for absolllute.megahack
18:46:53 DEBUG [Main] [Geode]: Enabled GameObject::createWithKey hook at 0x950330 for absolllute.megahack
18:46:53 DEBUG [Main] [Geode]: Enabled UILayer::init hook at 0xbdec10 for absolllute.megahack
18:46:53 DEBUG [Main] [Geode]: Enabled UILayer::keyDown hook at 0xbdf930 for absolllute.megahack
18:46:53 DEBUG [Main] [Geode]: Enabled UILayer::keyUp hook at 0xbdf950 for absolllute.megahack
18:46:53 DEBUG [Main] [Geode]: Enabled PauseLayer::customSetup hook at 0xad89f0 for absolllute.megahack
18:46:53 DEBUG [Main] [Geode]: Enabled PauseLayer::onResume hook at 0xad9f30 for absolllute.megahack
18:46:53 DEBUG [Main] [Geode]: Enabled EndLevelLayer::customSetup hook at 0x9074f0 for absolllute.megahack
18:46:53 DEBUG [Main] [Geode]: Enabled EndLevelLayer::keyDown hook at 0x90a310 for absolllute.megahack
18:46:53 DEBUG [Main] [Geode]: Enabled ShaderLayer::visit hook at 0xba3810 for absolllute.megahack
18:46:53 DEBUG [Main] [Geode]: Enabled LevelInfoLayer::onPlay hook at 0xa755b0 for absolllute.megahack
18:46:53 DEBUG [Main] [Geode]: Enabled PlayerObject::togglePlayerScale hook at 0xaf9170 for absolllute.megahack
18:46:53 DEBUG [Main] [Geode]: Enabled GJBaseGameLayer::handleButton hook at 0x9d69f0 for absolllute.megahack
18:46:53 DEBUG [Main] [Geode]: Enabled GJBaseGameLayer::processCommands hook at 0x9dd240 for absolllute.megahack
18:46:53 DEBUG [Main] [Geode]: Enabled GJBaseGameLayer::resetLevelVariables hook at 0x9ddb10 for absolllute.megahack
18:46:53 DEBUG [Main] [Geode]: Enabled GJBaseGameLayer::init hook at 0x9b0290 for absolllute.megahack
18:46:53 DEBUG [Main] [Geode]: Enabled GJBaseGameLayer::visit hook at 0x9e8ea0 for absolllute.megahack
18:46:53 DEBUG [Main] [Geode]: Enabled PlayLayer::_destructor hook at 0xafc080 for absolllute.megahack
18:46:53 DEBUG [Main] [Geode]: Enabled PlayLayer::init hook at 0xafc4a0 for absolllute.megahack
18:46:53 DEBUG [Main] [Geode]: Enabled PlayLayer::startGame hook at 0xafdab0 for absolllute.megahack
18:46:53 DEBUG [Main] [Geode]: Enabled PlayLayer::onQuit hook at 0xb0b480 for absolllute.megahack
18:46:53 DEBUG [Main] [Geode]: Enabled PlayLayer::postUpdate hook at 0xb07220 for absolllute.megahack
18:46:53 DEBUG [Main] [Geode]: Enabled PlayLayer::addObject hook at 0xb019b0 for absolllute.megahack
18:46:53 DEBUG [Main] [Geode]: Enabled PlayLayer::destroyPlayer hook at 0xb06730 for absolllute.megahack
18:46:53 DEBUG [Main] [Geode]: Enabled PlayLayer::resetLevel hook at 0xb0a130 for absolllute.megahack
18:46:53 DEBUG [Main] [Geode]: Enabled PlayLayer::updateAttempts hook at 0xb0ab40 for absolllute.megahack
18:46:53 DEBUG [Main] [Geode]: Enabled PlayLayer::pauseGame hook at 0xb0ae80 for absolllute.megahack
18:46:53 DEBUG [Main] [Geode]: Enabled PlayLayer::createCheckpoint hook at 0xb076e0 for absolllute.megahack
18:46:53 DEBUG [Main] [Geode]: Enabled PlayLayer::markCheckpoint hook at 0xb08550 for absolllute.megahack
18:46:53 DEBUG [Main] [Geode]: Enabled PlayLayer::storeCheckpoint hook at 0xb084a0 for absolllute.megahack
18:46:53 DEBUG [Main] [Geode]: Enabled PlayLayer::playEndAnimationToPos hook at 0xaffe00 for absolllute.megahack
18:46:53 DEBUG [Main] [Geode]: Enabled PlayLayer::playPlatformerEndAnimationToPos hook at 0xb005e0 for absolllute.megahack
18:46:53 DEBUG [Main] [Geode]: Enabled PlayLayer::applyEnterEffect hook at 0xb047d0 for absolllute.megahack
18:46:53 DEBUG [Main] [Geode]: Enabled PlayLayer::applyCustomEnterEffect hook at 0xb03f50 for absolllute.megahack
18:46:53 DEBUG [Main] [Geode]: Enabled PlayLayer::updateProgressbar hook at 0xb05440 for absolllute.megahack
18:46:54 DEBUG [Main] [Auto priority to high]: Trying to set the process priority to HIGH...
18:46:54 DEBUG [Main] [Auto priority to high]: Process priority is now set to HIGH.
18:46:54 INFO  [Main] [BetterInfo]: Music Library response: 1
18:46:54 DEBUG [Index Update] [Geode]: Updating local index cache
18:46:54 WARN  [Index Update] [Geode]:   settings.randomise-main-menu-bg contains unknown key "platforms"
18:46:54 WARN  [Index Update] [Geode]:   settings.force-bg contains unknown key "platforms"
18:46:55 WARN  [Index Update] [Geode]:   settings.mouse-move-on-zoom contains unknown key "platforms"
18:46:55 WARN  [Index Update] [Geode]:   settings.grid-size-controls contains unknown key "platforms"
18:46:55 WARN  [Index Update] [Geode]:   settings.show-grid-on-size-change contains unknown key "platforms"
18:46:55 WARN  [Index Update] [Geode]:   settings.soft-save-enabled contains unknown key "platforms"
18:46:55 DEBUG [Index Update] [Geode]:   Done
18:47:28 ERROR [Main] [Geode]: Mod ID 'tpdea.betterpause-Better' will be rejected in the future - IDs must match the regex `[a-z0-9\-_]+\.[a-z0-9\-_]+`
18:47:28 ERROR [Main] [Geode]: Mod ID 'TheSillyDoggo.GradientPages' will be rejected in the future - IDs must match the regex `[a-z0-9\-_]+\.[a-z0-9\-_]+`
18:47:31 INFO  [Main] [Animated Profile Icons]: Playing animation: idle01
18:47:31 INFO  [Main] [Animated Profile Icons]: Playing animation: idle01
18:48:13 INFO  [Main] [Animated Profile Icons]: Playing animation: idle01
18:48:13 INFO  [Main] [Animated Profile Icons]: Playing animation: idle01
18:48:13 INFO  [Main] [Animated Profile Icons]: Playing animation: idle01
18:48:13 INFO  [Main] [Animated Profile Icons]: Playing animation: idle01
18:48:26 INFO  [Main] [Animated Profile Icons]: Playing animation: idle01
18:48:26 INFO  [Main] [Animated Profile Icons]: Playing animation: idle01
18:48:26 INFO  [Main] [Animated Profile Icons]: Playing animation: idle01
18:48:26 INFO  [Main] [Animated Profile Icons]: Playing animation: idle01
18:49:00 INFO  [Main] [Animated Profile Icons]: Playing animation: idle01
18:49:00 INFO  [Main] [Animated Profile Icons]: Playing animation: idle01
18:49:00 INFO  [Main] [Animated Profile Icons]: Playing animation: idle01
18:49:00 INFO  [Main] [Animated Profile Icons]: Playing animation: idle01
18:49:33 INFO  [Main] [Animated Profile Icons]: Playing animation: run
18:49:33 INFO  [Main] [Animated Profile Icons]: Playing animation: run
18:49:42 INFO  [Main] [Animated Profile Icons]: Playing animation: run
18:49:43 INFO  [Main] [Animated Profile Icons]: Playing animation: run
18:49:44 INFO  [Main] [Animated Profile Icons]: Playing animation: run
18:49:46 INFO  [Main] [Animated Profile Icons]: Playing animation: run
18:49:47 INFO  [Main] [Animated Profile Icons]: Playing animation: run
18:49:47 INFO  [Main] [Animated Profile Icons]: Playing animation: run
18:49:48 INFO  [Main] [Animated Profile Icons]: Playing animation: run
18:50:03 ERROR [Main] [Geode]: Mod ID 'tpdea.betterpause-Better' will be rejected in the future - IDs must match the regex `[a-z0-9\-_]+\.[a-z0-9\-_]+`
18:50:03 ERROR [Main] [Geode]: Mod ID 'TheSillyDoggo.GradientPages' will be rejected in the future - IDs must match the regex `[a-z0-9\-_]+\.[a-z0-9\-_]+`
18:50:04 INFO  [Main] [Animated Profile Icons]: Playing animation: idle01
18:50:04 INFO  [Main] [Animated Profile Icons]: Playing animation: idle01
18:50:04 INFO  [Main] [Animated Profile Icons]: Playing animation: idle01
18:50:04 INFO  [Main] [Animated Profile Icons]: Playing animation: idle01
18:52:03 INFO  [Main] [Animated Profile Icons]: Playing animation: idle01
18:52:05 INFO  [Main] [Animated Profile Icons]: Playing animation: idle01
18:52:05 INFO  [Main] [Animated Profile Icons]: Playing animation: idle01
18:52:16 INFO  [Main] [GDUtils]: Sending a request to pointercrate...
18:52:16 INFO  [Main] [GDUtils]: Level found in Pointercrate! The Golden at #38
18:52:21 INFO  [Main] [Animated Profile Icons]: Playing animation: walk
18:52:21 INFO  [Main] [Animated Profile Icons]: Playing animation: walk
18:52:22 INFO  [Main] [Animated Profile Icons]: Playing animation: fall_loop
18:52:24 INFO  [Main] [Animated Profile Icons]: Playing animation: walk
18:52:24 INFO  [Main] [Animated Profile Icons]: Playing animation: fall_loop
18:52:25 INFO  [Main] [Animated Profile Icons]: Playing animation: walk
18:52:25 INFO  [Main] [Animated Profile Icons]: Playing animation: fall_loop
18:52:27 INFO  [Main] [Animated Profile Icons]: Playing animation: walk
18:52:28 INFO  [Main] [Animated Profile Icons]: Playing animation: fall_loop
18:52:30 INFO  [Main] [Animated Profile Icons]: Playing animation: walk
18:52:30 INFO  [Main] [Animated Profile Icons]: Playing animation: fall_loop
18:52:31 INFO  [Main] [Animated Profile Icons]: Playing animation: walk
18:52:31 INFO  [Main] [Animated Profile Icons]: Playing animation: fall_loop
18:52:33 INFO  [Main] [Animated Profile Icons]: Playing animation: walk
18:52:33 INFO  [Main] [Animated Profile Icons]: Playing animation: fall_loop
18:52:34 INFO  [Main] [Animated Profile Icons]: Playing animation: walk
18:52:35 INFO  [Main] [Animated Profile Icons]: Playing animation: fall_loop
18:52:36 INFO  [Main] [Animated Profile Icons]: Playing animation: walk
18:52:36 INFO  [Main] [Animated Profile Icons]: Playing animation: fall_loop
18:52:38 INFO  [Main] [Animated Profile Icons]: Playing animation: walk
18:52:38 INFO  [Main] [Animated Profile Icons]: Playing animation: fall_loop
18:52:39 INFO  [Main] [Animated Profile Icons]: Playing animation: walk
18:52:39 INFO  [Main] [Animated Profile Icons]: Playing animation: fall_loop
18:52:41 INFO  [Main] [Animated Profile Icons]: Playing animation: walk
18:52:41 INFO  [Main] [Animated Profile Icons]: Playing animation: fall_loop
18:52:45 INFO  [Main] [Animated Profile Icons]: Playing animation: idle01
18:52:47 INFO  [Main] [Animated Profile Icons]: Playing animation: idle01
18:52:47 INFO  [Main] [Animated Profile Icons]: Playing animation: idle01
18:53:28 INFO  [Main] [Animated Profile Icons]: Playing animation: idle01
18:53:28 INFO  [Main] [Animated Profile Icons]: Playing animation: idle01
18:55:01 INFO  [Main] [Animated Profile Icons]: Playing animation: run
18:55:01 INFO  [Main] [Animated Profile Icons]: Playing animation: run
18:55:02 INFO  [Main] [Animated Profile Icons]: Playing animation: run
18:55:03 INFO  [Main] [Animated Profile Icons]: Playing animation: run
18:55:04 INFO  [Main] [Animated Profile Icons]: Playing animation: run
18:55:04 INFO  [Main] [Animated Profile Icons]: Playing animation: run
18:55:04 INFO  [Main] [Animated Profile Icons]: Playing animation: run
18:55:05 INFO  [Main] [Animated Profile Icons]: Playing animation: run
18:55:06 INFO  [Main] [Animated Profile Icons]: Playing animation: run
18:55:06 INFO  [Main] [Animated Profile Icons]: Playing animation: run
18:55:06 INFO  [Main] [Animated Profile Icons]: Playing animation: run
18:55:06 INFO  [Main] [Animated Profile Icons]: Playing animation: run
18:55:33 INFO  [Main] [Animated Profile Icons]: Playing animation: walk
18:55:33 INFO  [Main] [Animated Profile Icons]: Playing animation: walk
18:55:33 INFO  [Main] [Animated Profile Icons]: Playing animation: walk
18:55:33 INFO  [Main] [Animated Profile Icons]: Playing animation: walk
18:57:03 INFO  [Main] [GDUtils]: Sending a request to pointercrate...
18:57:04 INFO  [Main] [GDUtils]: Level found in Pointercrate! Tidal Wave at #1
18:57:05 INFO  [Main] [Animated Profile Icons]: Playing animation: idle01
18:57:05 INFO  [Main] [Animated Profile Icons]: Playing animation: idle01
18:58:01 INFO  [Main] [Compact Editor Menus]: startpos
18:58:15 INFO  [Main] [Compact Editor Menus]: startpos
18:59:08 INFO  [Main] [Compact Editor Menus]: startpos
19:01:09 INFO  [Main] [Compact Editor Menus]: startpos
19:01:22 INFO  [Main] [Compact Editor Menus]: startpos
19:02:20 INFO  [Main] [Compact Editor Menus]: startpos
19:02:35 INFO  [Main] [Compact Editor Menus]: startpos
18:12:58 DEBUG [stderr]: [2024-02-27 18:12:58] [error] handle_read_frame error: asio.system:1236 (La connexion rseau a t arrte par le systme local.)
18:12:58 INFO  [stdout]: [2024-02-27 18:12:58] [disconnect] Disconnect close local:[1006,La connexion rseau a t arrte par le systme local.] remote:[1006]
18:12:59 DEBUG [stderr]: [2024-02-27 18:12:59] [info] asio async_resolve error: asio.system:11004 (Le nom demand est valide, mais aucune donne du type requise na t trouve.)
18:12:59 DEBUG [stderr]: [2024-02-27 18:12:59] [info] Error getting remote endpoint: asio.system:10009 (Le descripteur de fichier fourni nest pas valide.)
18:12:59 DEBUG [stderr]: [2024-02-27 18:12:59] [info] asio async_shutdown error: asio.system:10009 (Le descripteur de fichier fourni nest pas valide.)
18:12:59 DEBUG [stderr]: [2024-02-27 18:12:59] [error] handle_connect error: Le nom demand est valide, mais aucune donne du type requise na t trouve.
18:13:02 INFO  [stdout]: [2024-02-27 18:13:02] [connect] Successful connection
18:13:02 INFO  [stdout]: [2024-02-27 18:13:02] [connect] WebSocket Connection 62.210.53.67:80 v-2 "WebSocket++/0.8.2" /socket.io/?EIO=4&transport=websocket&t=1709053981 101
18:13:02 INFO  [Thread #13600] [GDUtils]: Socket Connection successful!
18:13:54 WARN  [Thread #13600] [GDUtils]: Connection closed: 0
18:13:54 INFO  [stdout]: [2024-02-27 18:13:54] [disconnect] Disconnect close local:[1000] remote:[1005]
18:13:55 INFO  [Thread #12240] [GDUtils]: Starting socket...
18:13:55 INFO  [Thread #12240] [GDUtils]: listening for events
18:13:55 DEBUG [stderr]: Error: No active session
18:13:55 DEBUG [stderr]: [2024-02-27 18:13:55] [info] asio async_resolve error: asio.system:11001 (Hte inconnu.)
18:13:55 DEBUG [stderr]: [2024-02-27 18:13:55] [info] Error getting remote endpoint: asio.system:10009 (Le descripteur de fichier fourni nest pas valide.)
18:13:55 DEBUG [stderr]: [2024-02-27 18:13:55] [info] asio async_shutdown error: asio.system:10009 (Le descripteur de fichier fourni nest pas valide.)
18:13:55 DEBUG [stderr]: Error: No active session
18:13:55 DEBUG [stderr]: [2024-02-27 18:13:55] [error] handle_connect error: Hte inconnu.
18:13:55 INFO  [Thread #12240] [GDUtils]: Starting socket...
18:13:55 INFO  [Thread #12240] [GDUtils]: listening for events
18:13:55 DEBUG [stderr]: Error: No active session
18:13:55 DEBUG [stderr]: [2024-02-27 18:13:55] [info] asio async_resolve error: asio.system:11001 (Hte inconnu.)
18:13:55 DEBUG [stderr]: [2024-02-27 18:13:55] [info] Error getting remote endpoint: asio.system:10009 (Le descripteur de fichier fourni nest pas valide.)
18:13:55 DEBUG [stderr]: [2024-02-27 18:13:55] [info] asio async_shutdown error: asio.system:10009 (Le descripteur de fichier fourni nest pas valide.)
18:13:55 DEBUG [stderr]: Error: No active session
18:13:55 DEBUG [stderr]: [2024-02-27 18:13:55] [error] handle_connect error: Hte inconnu.
18:13:55 INFO  [Thread #12240] [GDUtils]: Starting socket...
18:13:55 INFO  [Thread #12240] [GDUtils]: listening for events
18:13:55 DEBUG [stderr]: Error: No active session
18:13:55 DEBUG [stderr]: [2024-02-27 18:13:55] [info] asio async_resolve error: asio.system:11001 (Hte inconnu.)
18:13:55 DEBUG [stderr]: [2024-02-27 18:13:55] [info] Error getting remote endpoint: asio.system:10009 (Le descripteur de fichier fourni nest pas valide.)
18:13:55 DEBUG [stderr]: [2024-02-27 18:13:55] [info] asio async_shutdown error: asio.system:10009 (Le descripteur de fichier fourni nest pas valide.)
18:13:55 DEBUG [stderr]: Error: No active session
18:13:55 DEBUG [stderr]: [2024-02-27 18:13:55] [error] handle_connect error: Hte inconnu.
18:13:55 INFO  [Thread #12240] [GDUtils]: Starting socket...
18:13:55 INFO  [Thread #12240] [GDUtils]: listening for events
18:13:55 DEBUG [stderr]: Error: No active session
18:13:55 DEBUG [stderr]: [2024-02-27 18:13:55] [info] asio async_resolve error: asio.system:11001 (Hte inconnu.)
18:13:55 DEBUG [stderr]: [2024-02-27 18:13:55] [info] Error getting remote endpoint: asio.system:10009 (Le descripteur de fichier fourni nest pas valide.)
18:13:55 DEBUG [stderr]: [2024-02-27 18:13:55] [info] asio async_shutdown error: asio.system:10009 (Le descripteur de fichier fourni nest pas valide.)
18:13:55 DEBUG [stderr]: Error: No active session
18:13:55 DEBUG [stderr]: [2024-02-27 18:13:55] [error] handle_connect error: Hte inconnu.
18:13:55 INFO  [Thread #12240] [GDUtils]: Starting socket...
18:13:55 INFO  [Thread #12240] [GDUtils]: listening for events
18:13:55 DEBUG [stderr]: Error: No active session
18:13:55 DEBUG [stderr]: [2024-02-27 18:13:55] [info] asio async_resolve error: asio.system:11001 (Hte inconnu.)
18:13:55 DEBUG [stderr]: [2024-02-27 18:13:55] [info] Error getting remote endpoint: asio.system:10009 (Le descripteur de fichier fourni nest pas valide.)
18:13:55 DEBUG [stderr]: [2024-02-27 18:13:55] [info] asio async_shutdown error: asio.system:10009 (Le descripteur de fichier fourni nest pas valide.)
18:13:55 DEBUG [stderr]: Error: No active session
18:13:55 DEBUG [stderr]: [2024-02-27 18:13:55] [error] handle_connect error: Hte inconnu.
18:13:55 INFO  [Thread #12240] [GDUtils]: Starting socket...
18:13:55 INFO  [Thread #12240] [GDUtils]: listening for events
18:13:55 DEBUG [stderr]: Error: No active session
18:13:55 DEBUG [stderr]: [2024-02-27 18:13:55] [info] asio async_resolve error: asio.system:11001 (Hte inconnu.)
18:13:55 DEBUG [stderr]: [2024-02-27 18:13:55] [info] Error getting remote endpoint: asio.system:10009 (Le descripteur de fichier fourni nest pas valide.)
18:13:55 DEBUG [stderr]: [2024-02-27 18:13:55] [info] asio async_shutdown error: asio.system:10009 (Le descripteur de fichier fourni nest pas valide.)
18:13:55 DEBUG [stderr]: Error: No active session
18:13:55 DEBUG [stderr]: [2024-02-27 18:13:55] [error] handle_connect error: Hte inconnu.
18:13:55 INFO  [Thread #12240] [GDUtils]: Starting socket...
18:13:55 INFO  [Thread #12240] [GDUtils]: listening for events
18:13:55 DEBUG [stderr]: Error: No active session
18:13:55 DEBUG [stderr]: [2024-02-27 18:13:55] [info] asio async_resolve error: asio.system:11001 (Hte inconnu.)
18:13:55 DEBUG [stderr]: [2024-02-27 18:13:55] [info] Error getting remote endpoint: asio.system:10009 (Le descripteur de fichier fourni nest pas valide.)
18:13:55 DEBUG [stderr]: [2024-02-27 18:13:55] [info] asio async_shutdown error: asio.system:10009 (Le descripteur de fichier fourni nest pas valide.)
18:13:55 DEBUG [stderr]: Error: No active session
18:13:55 DEBUG [stderr]: [2024-02-27 18:13:55] [error] handle_connect error: Hte inconnu.
18:13:55 INFO  [Thread #12240] [GDUtils]: Starting socket...
18:13:55 INFO  [Thread #12240] [GDUtils]: listening for events
18:13:55 DEBUG [stderr]: Error: No active session
18:13:55 DEBUG [stderr]: [2024-02-27 18:13:55] [info] asio async_resolve error: asio.system:11001 (Hte inconnu.)
18:13:55 DEBUG [stderr]: [2024-02-27 18:13:55] [info] Error getting remote endpoint: asio.system:10009 (Le descripteur de fichier fourni nest pas valide.)
18:13:55 DEBUG [stderr]: [2024-02-27 18:13:55] [info] asio async_shutdown error: asio.system:10009 (Le descripteur de fichier fourni nest pas valide.)
18:13:55 DEBUG [stderr]: Error: No active session
18:13:55 DEBUG [stderr]: [2024-02-27 18:13:55] [error] handle_connect error: Hte inconnu.
18:13:55 INFO  [Thread #12240] [GDUtils]: Starting socket...
18:13:55 INFO  [Thread #12240] [GDUtils]: listening for events
18:13:55 DEBUG [stderr]: Error: No active session
18:13:55 DEBUG [stderr]: [2024-02-27 18:13:55] [info] asio async_resolve error: asio.system:11001 (Hte inconnu.)
18:13:55 DEBUG [stderr]: [2024-02-27 18:13:55] [info] Error getting remote endpoint: asio.system:10009 (Le descripteur de fichier fourni nest pas valide.)
18:13:55 DEBUG [stderr]: [2024-02-27 18:13:55] [info] asio async_shutdown error: asio.system:10009 (Le descripteur de fichier fourni nest pas valide.)
18:13:55 DEBUG [stderr]: Error: No active session
18:13:55 DEBUG [stderr]: [2024-02-27 18:13:55] [error] handle_connect error: Hte inconnu.
18:13:55 INFO  [Thread #12240] [GDUtils]: Starting socket...
18:13:55 INFO  [Thread #12240] [GDUtils]: listening for events
18:13:55 DEBUG [stderr]: Error: No active session
18:13:55 DEBUG [stderr]: [2024-02-27 18:13:55] [info] asio async_resolve error: asio.system:11001 (Hte inconnu.)
18:13:55 DEBUG [stderr]: [2024-02-27 18:13:55] [info] Error getting remote endpoint: asio.system:10009 (Le descripteur de fichier fourni nest pas valide.)
18:13:55 DEBUG [stderr]: [2024-02-27 18:13:55] [info] asio async_shutdown error: asio.system:10009 (Le descripteur de fichier fourni nest pas valide.)
18:13:55 DEBUG [stderr]: Error: No active session
18:13:55 DEBUG [stderr]: [2024-02-27 18:13:55] [error] handle_connect error: Hte inconnu.
18:13:55 INFO  [Thread #12240] [GDUtils]: Starting socket...
18:13:55 INFO  [Thread #12240] [GDUtils]: listening for events
18:13:55 DEBUG [stderr]: Error: No active session
18:13:55 DEBUG [stderr]: [2024-02-27 18:13:55] [info] asio async_resolve error: asio.system:11001 (Hte inconnu.)
18:13:55 DEBUG [stderr]: [2024-02-27 18:13:55] [info] Error getting remote endpoint: asio.system:10009 (Le descripteur de fichier fourni nest pas valide.)
18:13:55 DEBUG [stderr]: [2024-02-27 18:13:55] [info] asio async_shutdown error: asio.system:10009 (Le descripteur de fichier fourni nest pas valide.)
18:13:55 DEBUG [stderr]: Error: No active session
18:13:55 DEBUG [stderr]: [2024-02-27 18:13:55] [error] handle_connect error: Hte inconnu.
18:13:55 INFO  [Thread #12240] [GDUtils]: Starting socket...
18:13:55 INFO  [Thread #12240] [GDUtils]: listening for events
18:13:55 DEBUG [stderr]: Error: No active session
18:13:55 DEBUG [stderr]: [2024-02-27 18:13:55] [info] asio async_resolve error: asio.system:11001 (Hte inconnu.)
18:13:55 DEBUG [stderr]: [2024-02-27 18:13:55] [info] Error getting remote endpoint: asio.system:10009 (Le descripteur de fichier fourni nest pas valide.)
18:13:55 DEBUG [stderr]: [2024-02-27 18:13:55] [info] asio async_shutdown error: asio.system:10009 (Le descripteur de fichier fourni nest pas valide.)
18:13:55 DEBUG [stderr]: Error: No active session
18:13:55 DEBUG [stderr]: [2024-02-27 18:13:55] [error] handle_connect error: Hte inconnu.
18:13:55 INFO  [Thread #12240] [GDUtils]: Starting socket...
18:13:55 INFO  [Thread #12240] [GDUtils]: listening for events
18:13:55 DEBUG [stderr]: Error: No active session
18:13:55 INFO  [stdout]: [2024-02-27 18:13:55] [connect] Successful connection
18:13:55 INFO  [stdout]: [2024-02-27 18:13:55] [connect] WebSocket Connection 62.210.53.67:80 v-2 "WebSocket++/0.8.2" /socket.io/?EIO=4&transport=websocket&t=1709054035 101
18:13:55 DEBUG [stderr]: Error: No active session
