15:31:16 INFO  [Main] [Geode]: Running Geode v2.0.0-beta.20 in Geometry Dash v2.204
15:31:16 INFO  [Main] [Geode]: Setting up internal mod
15:31:16 INFO  [Main] [Geode]: Setting up loader
15:31:16 DEBUG [Main] [Geode]:   Loading launch arguments
15:31:16 DEBUG [Main] [Geode]:   Setting up crash handler
15:31:16 DEBUG [Main] [Geode]:   Loading hooks
15:31:16 DEBUG [Main] [Geode]:     Enabled cocos2d::CCFileUtils::fullPathForFilename hook at 0x74460f40 for geode.loader
15:31:16 DEBUG [Main] [Geode]:     Enabled cocos2d::CCFileUtils::sharedFileUtils hook at 0x74469770 for geode.loader
15:31:16 DEBUG [Main] [Geode]:     Enabled cocos2d::CCNode::getUserObject hook at 0x744b31f0 for geode.loader
15:31:16 DEBUG [Main] [Geode]:     Enabled cocos2d::CCNode::setUserObject hook at 0x744015a0 for geode.loader
15:31:16 DEBUG [Main] [Geode]:     Enabled LoadingLayer::init hook at 0x616370 for geode.loader
15:31:16 DEBUG [Main] [Geode]:     Enabled LoadingLayer::loadAssets hook at 0x616bd0 for geode.loader
15:31:16 DEBUG [Main] [Geode]:     Enabled MenuLayer::init hook at 0x61b450 for geode.loader
15:31:16 DEBUG [Main] [Geode]:     Enabled ProfilePage::getUserInfoFinished hook at 0x691db0 for geode.loader
15:31:16 DEBUG [Main] [Geode]:     Enabled AchievementNotifier::willSwitchToScene hook at 0x3bc200 for geode.loader
15:31:16 DEBUG [Main] [Geode]:     Enabled AppDelegate::trySaveGame hook at 0x3fb790 for geode.loader
15:31:16 DEBUG [Main] [Geode]:     Enabled cocos2d::CCScheduler::update hook at 0x744a6db0 for geode.loader
15:31:16 DEBUG [Main] [Geode]:     Enabled CCTextInputNode::ccTouchBegan hook at 0x3d04f0 for geode.loader
15:31:16 DEBUG [Main] [Geode]:     Enabled LoadingLayer::loadAssets hook at 0x616bd0 for geode.loader
15:31:16 DEBUG [Main] [Geode]:   Setting up directories
15:31:16 INFO  [Main] [Geode]:   Refreshing mod graph
15:31:16 DEBUG [Main] [Geode]:     Queueing mods
15:31:16 DEBUG [Main] [Geode]:       Searching C:\Program Files (x86)\Steam\steamapps\common\Geometry Dash\geode\mods
15:31:16 DEBUG [Main] [Geode]:         Found abb2k.backup.geode
15:31:16 DEBUG [Main] [Geode]:           id: abb2k.backup
15:31:16 DEBUG [Main] [Geode]:           version: v1.0.4
15:31:16 DEBUG [Main] [Geode]:           early: no
15:31:16 DEBUG [Main] [Geode]:         Found absolllute.megahack.geode
15:31:16 DEBUG [Main] [Geode]:           id: absolllute.megahack
15:31:16 DEBUG [Main] [Geode]:           version: v8.0.0-alpha.10
15:31:16 DEBUG [Main] [Geode]:           early: yes
15:31:16 DEBUG [Main] [Geode]:         Found alk.editorcollab.geode
15:31:16 ERROR [Main] [Geode]:           Failed to queue: "C:\Program Files (x86)\Steam\steamapps\common\Geometry Dash\geode\mods\alk.editorcollab.geode" - [mod.json] is missing target GD version
15:31:16 DEBUG [Main] [Geode]:         Found alk.fps-shower.geode
15:31:16 ERROR [Main] [Geode]:           Failed to queue: "C:\Program Files (x86)\Steam\steamapps\common\Geometry Dash\geode\mods\alk.fps-shower.geode" - [mod.json] is missing target GD version
15:31:16 DEBUG [Main] [Geode]:         Found bitz.customprofiles.geode
15:31:16 DEBUG [Main] [Geode]:           id: bitz.customprofiles
15:31:16 DEBUG [Main] [Geode]:           version: v1.0.5
15:31:16 DEBUG [Main] [Geode]:           early: no
15:31:16 DEBUG [Main] [Geode]:         Found camila314.acbypass.geode
15:31:16 ERROR [Main] [Geode]:           Failed to queue: "C:\Program Files (x86)\Steam\steamapps\common\Geometry Dash\geode\mods\camila314.acbypass.geode" - [mod.json] is missing target GD version
15:31:16 DEBUG [Main] [Geode]:         Found camila314.demonlist-button.geode
15:31:16 ERROR [Main] [Geode]:           Failed to queue: "C:\Program Files (x86)\Steam\steamapps\common\Geometry Dash\geode\mods\camila314.demonlist-button.geode" - [mod.json] is missing target GD version
15:31:16 DEBUG [Main] [Geode]:         Found camila314.noclip.geode
15:31:16 ERROR [Main] [Geode]:           Failed to queue: "C:\Program Files (x86)\Steam\steamapps\common\Geometry Dash\geode\mods\camila314.noclip.geode" - [mod.json] is missing target GD version
15:31:16 DEBUG [Main] [Geode]:         Found capeling.icon_profile_2.2.geode
15:31:16 DEBUG [Main] [Geode]:           id: capeling.icon_profile_2.2
15:31:16 DEBUG [Main] [Geode]:           version: v1.1.4
15:31:16 DEBUG [Main] [Geode]:           early: no
15:31:16 DEBUG [Main] [Geode]:         Found chs.confirmquit.geode
15:31:16 ERROR [Main] [Geode]:           Failed to queue: "C:\Program Files (x86)\Steam\steamapps\common\Geometry Dash\geode\mods\chs.confirmquit.geode" - [mod.json] is missing target GD version
15:31:16 DEBUG [Main] [Geode]:         Found cj_link.fakemoderator.geode
15:31:16 DEBUG [Main] [Geode]:           id: cj_link.fakemoderator
15:31:16 DEBUG [Main] [Geode]:           version: v1.0.1
15:31:16 DEBUG [Main] [Geode]:           early: no
15:31:16 DEBUG [Main] [Geode]:         Found coderqc.gdswearfilter.geode
15:31:16 DEBUG [Main] [Geode]:           id: coderqc.gdswearfilter
15:31:16 DEBUG [Main] [Geode]:           version: v1.0.1
15:31:16 DEBUG [Main] [Geode]:           early: no
15:31:16 DEBUG [Main] [Geode]:         Found colon.gold_user_coins.geode
15:31:16 DEBUG [Main] [Geode]:           id: colon.gold_user_coins
15:31:16 DEBUG [Main] [Geode]:           version: v1.0.1
15:31:16 DEBUG [Main] [Geode]:           early: no
15:31:16 DEBUG [Main] [Geode]:         Found cvolton.betterinfo.geode
15:31:16 DEBUG [Main] [Geode]:           id: cvolton.betterinfo
15:31:16 DEBUG [Main] [Geode]:           version: v4.0.0-alpha.13
15:31:16 DEBUG [Main] [Geode]:           early: no
15:31:16 DEBUG [Main] [Geode]:         Found cvolton.capacity_fix.geode
15:31:16 ERROR [Main] [Geode]:           Failed to queue: "C:\Program Files (x86)\Steam\steamapps\common\Geometry Dash\geode\mods\cvolton.capacity_fix.geode" - [mod.json] is missing target GD version
15:31:16 DEBUG [Main] [Geode]:         Found dankmeme.globed2.geode
15:31:16 DEBUG [Main] [Geode]:           id: dankmeme.globed2
15:31:16 DEBUG [Main] [Geode]:           version: v1.2.2
15:31:16 DEBUG [Main] [Geode]:           early: no
15:31:16 DEBUG [Main] [Geode]:         Found elnexreal.auto_priority.geode
15:31:16 DEBUG [Main] [Geode]:           id: elnexreal.auto_priority
15:31:16 DEBUG [Main] [Geode]:           version: v1.0.0
15:31:16 DEBUG [Main] [Geode]:           early: no
15:31:16 DEBUG [Main] [Geode]:         Found elnexreal.copy_song_id.geode
15:31:16 DEBUG [Main] [Geode]:           id: elnexreal.copy_song_id
15:31:16 DEBUG [Main] [Geode]:           version: v1.2.2
15:31:16 DEBUG [Main] [Geode]:           early: no
15:31:16 DEBUG [Main] [Geode]:         Found elohmrow.death_tracker.geode
15:31:16 DEBUG [Main] [Geode]:           id: elohmrow.death_tracker
15:31:16 DEBUG [Main] [Geode]:           version: v1.4.3
15:31:16 DEBUG [Main] [Geode]:           early: no
15:31:16 DEBUG [Main] [Geode]:         Found fleym.nongd.geode
15:31:16 ERROR [Main] [Geode]:           Failed to queue: "C:\Program Files (x86)\Steam\steamapps\common\Geometry Dash\geode\mods\fleym.nongd.geode" - [mod.json] is missing target GD version
15:31:16 DEBUG [Main] [Geode]:         Found gdutilsdevs.gdutils.geode
15:31:16 DEBUG [Main] [Geode]:           id: gdutilsdevs.gdutils
15:31:16 DEBUG [Main] [Geode]:           version: v1.2.14
15:31:16 DEBUG [Main] [Geode]:           early: no
15:31:16 DEBUG [Main] [Geode]:         Found geode.custom-keybinds.geode
15:31:16 DEBUG [Main] [Geode]:           id: geode.custom-keybinds
15:31:16 DEBUG [Main] [Geode]:           version: v1.4.0
15:31:16 DEBUG [Main] [Geode]:           early: no
15:31:16 DEBUG [Main] [Geode]:         Found geode.node-ids.geode
15:31:16 DEBUG [Main] [Geode]:           id: geode.node-ids
15:31:16 DEBUG [Main] [Geode]:           version: v1.3.0
15:31:16 DEBUG [Main] [Geode]:           early: no
15:31:16 DEBUG [Main] [Geode]:         Found hjfod.betteredit.geode
15:31:16 WARN  [Main] [Geode]:           settings.mouse-move-on-zoom contains unknown key "platforms"
15:31:16 WARN  [Main] [Geode]:           settings.grid-size-controls contains unknown key "platforms"
15:31:16 WARN  [Main] [Geode]:           settings.show-grid-on-size-change contains unknown key "platforms"
15:31:16 WARN  [Main] [Geode]:           settings.soft-save-enabled contains unknown key "platforms"
15:31:16 DEBUG [Main] [Geode]:           id: hjfod.betteredit
15:31:16 DEBUG [Main] [Geode]:           version: v6.3.3
15:31:16 DEBUG [Main] [Geode]:           early: no
15:31:16 DEBUG [Main] [Geode]:         Found hjfod.custom-keybinds.geode
15:31:16 ERROR [Main] [Geode]:           Failed to queue: "C:\Program Files (x86)\Steam\steamapps\common\Geometry Dash\geode\mods\hjfod.custom-keybinds.geode" - [mod.json] is missing target GD version
15:31:16 DEBUG [Main] [Geode]:         Found hjfod.gdshare.geode
15:31:16 DEBUG [Main] [Geode]:           id: hjfod.gdshare
15:31:16 DEBUG [Main] [Geode]:           version: v1.0.4
15:31:16 DEBUG [Main] [Geode]:           early: no
15:31:16 DEBUG [Main] [Geode]:         Found hjfod.gmd-api.geode
15:31:17 DEBUG [Main] [Geode]:           id: hjfod.gmd-api
15:31:17 DEBUG [Main] [Geode]:           version: v1.0.1
15:31:17 DEBUG [Main] [Geode]:           early: no
15:31:17 DEBUG [Main] [Geode]:         Found lexi.visiblecheckpoints.geode
15:31:17 DEBUG [Main] [Geode]:           id: lexi.visiblecheckpoints
15:31:17 DEBUG [Main] [Geode]:           version: v0.1.4
15:31:17 DEBUG [Main] [Geode]:           early: no
15:31:17 DEBUG [Main] [Geode]:         Found mat.fps-bypass.geode
15:31:17 ERROR [Main] [Geode]:           Failed to queue: "C:\Program Files (x86)\Steam\steamapps\common\Geometry Dash\geode\mods\mat.fps-bypass.geode" - [mod.json] is missing target GD version
15:31:17 DEBUG [Main] [Geode]:         Found mat.practice-music.geode
15:31:17 ERROR [Main] [Geode]:           Failed to queue: "C:\Program Files (x86)\Steam\steamapps\common\Geometry Dash\geode\mods\mat.practice-music.geode" - [mod.json] is missing target GD version
15:31:17 DEBUG [Main] [Geode]:         Found mat.run-info.geode
15:31:17 DEBUG [Main] [Geode]:           id: mat.run-info
15:31:17 DEBUG [Main] [Geode]:           version: v1.0.2
15:31:17 DEBUG [Main] [Geode]:           early: no
15:31:17 DEBUG [Main] [Geode]:         Found mat.scroll-zoom.geode
15:31:17 ERROR [Main] [Geode]:           Failed to queue: "C:\Program Files (x86)\Steam\steamapps\common\Geometry Dash\geode\mods\mat.scroll-zoom.geode" - [mod.json] is missing target GD version
15:31:17 DEBUG [Main] [Geode]:         Found muhammadgames.bettermenu.geode
15:31:17 DEBUG [Main] [Geode]:           id: muhammadgames.bettermenu
15:31:17 DEBUG [Main] [Geode]:           version: v1.0.4-beta.12
15:31:17 DEBUG [Main] [Geode]:           early: no
15:31:17 DEBUG [Main] [Geode]:         Found rlt.gd-platformer.geode
15:31:17 ERROR [Main] [Geode]:           Failed to queue: "C:\Program Files (x86)\Steam\steamapps\common\Geometry Dash\geode\mods\rlt.gd-platformer.geode" - [mod.json] is missing target GD version
15:31:17 DEBUG [Main] [Geode]:         Found ruslan.apm.geode
15:31:17 ERROR [Main] [Geode]:           Failed to queue: "C:\Program Files (x86)\Steam\steamapps\common\Geometry Dash\geode\mods\ruslan.apm.geode" - [mod.json] is missing target GD version
15:31:17 DEBUG [Main] [Geode]:         Found ruslan.nm.geode
15:31:17 ERROR [Main] [Geode]:           Failed to queue: "C:\Program Files (x86)\Steam\steamapps\common\Geometry Dash\geode\mods\ruslan.nm.geode" - [mod.json] is missing target GD version
15:31:17 DEBUG [Main] [Geode]:         Found thesillydoggo.animatedprofiles.geode
15:31:17 DEBUG [Main] [Geode]:           id: thesillydoggo.animatedprofiles
15:31:17 DEBUG [Main] [Geode]:           version: v1.0.1
15:31:17 DEBUG [Main] [Geode]:           early: no
15:31:17 DEBUG [Main] [Geode]:         Found thesillydoggo.better_startpos_menu.geode
15:31:17 DEBUG [Main] [Geode]:           id: thesillydoggo.better_startpos_menu
15:31:17 DEBUG [Main] [Geode]:           version: v1.1.0
15:31:17 DEBUG [Main] [Geode]:           early: no
15:31:17 DEBUG [Main] [Geode]:         Found thesillydoggo.entersearch.geode
15:31:17 DEBUG [Main] [Geode]:           id: thesillydoggo.entersearch
15:31:17 DEBUG [Main] [Geode]:           version: v1.0.0
15:31:17 DEBUG [Main] [Geode]:           early: no
15:31:17 DEBUG [Main] [Geode]:         Found TheSillyDoggo.GradientPages.geode
15:31:17 DEBUG [Main] [Geode]:           id: TheSillyDoggo.GradientPages
15:31:17 DEBUG [Main] [Geode]:           version: v2.1.0
15:31:17 DEBUG [Main] [Geode]:           early: no
15:31:17 DEBUG [Main] [Geode]:         Found tpdea.betterpause-Better.geode
15:31:17 DEBUG [Main] [Geode]:           id: tpdea.betterpause-Better
15:31:17 DEBUG [Main] [Geode]:           version: v1.5.5
15:31:17 DEBUG [Main] [Geode]:           early: no
15:31:17 DEBUG [Main] [Geode]:         Found zilko.xdbot.geode
15:31:17 DEBUG [Main] [Geode]:           id: zilko.xdbot
15:31:17 DEBUG [Main] [Geode]:           version: v1.4.8
15:31:17 DEBUG [Main] [Geode]:           early: no
15:31:17 DEBUG [Main] [Geode]:     Populating mod list
15:31:17 DEBUG [Main] [Geode]:       abb2k.backup v1.0.4
15:31:17 DEBUG [Main] [Geode]:       absolllute.megahack v8.0.0-alpha.10
15:31:17 DEBUG [Main] [Geode]:       bitz.customprofiles v1.0.5
15:31:17 DEBUG [Main] [Geode]:       capeling.icon_profile_2.2 v1.1.4
15:31:17 DEBUG [Main] [Geode]:       cj_link.fakemoderator v1.0.1
15:31:17 DEBUG [Main] [Geode]:       coderqc.gdswearfilter v1.0.1
15:31:17 DEBUG [Main] [Geode]:       colon.gold_user_coins v1.0.1
15:31:17 DEBUG [Main] [Geode]:       cvolton.betterinfo v4.0.0-alpha.13
15:31:17 DEBUG [Main] [Geode]:       dankmeme.globed2 v1.2.2
15:31:17 DEBUG [Main] [Geode]:       elnexreal.auto_priority v1.0.0
15:31:17 DEBUG [Main] [Geode]:       elnexreal.copy_song_id v1.2.2
15:31:17 DEBUG [Main] [Geode]:       elohmrow.death_tracker v1.4.3
15:31:17 DEBUG [Main] [Geode]:       gdutilsdevs.gdutils v1.2.14
15:31:17 WARN  [Main] [GDUtils]:       Encountered unknown setting "spotify-section" while loading settings
15:31:17 WARN  [Main] [GDUtils]:       Encountered unknown setting "misc-section" while loading settings
15:31:17 WARN  [Main] [GDUtils]:       Encountered unknown setting "spotifyApp" while loading settings
15:31:17 WARN  [Main] [GDUtils]:       Encountered unknown setting "test-notification" while loading settings
15:31:17 WARN  [Main] [GDUtils]:       Encountered unknown setting "notificationPlacement" while loading settings
15:31:17 WARN  [Main] [GDUtils]:       Encountered unknown setting "notification-section" while loading settings
15:31:17 WARN  [Main] [GDUtils]:       Encountered unknown setting "notification-placement-section" while loading settings
15:31:17 WARN  [Main] [GDUtils]:       Encountered unknown setting "notification-appearance-section" while loading settings
15:31:17 WARN  [Main] [GDUtils]:       Encountered unknown setting "credits-section" while loading settings
15:31:17 WARN  [Main] [GDUtils]:       Encountered unknown setting "credit-buttons" while loading settings
15:31:17 DEBUG [Main] [Geode]:       geode.custom-keybinds v1.4.0
15:31:17 DEBUG [Main] [Geode]:       geode.node-ids v1.3.0
15:31:17 DEBUG [Main] [Geode]:       hjfod.betteredit v6.3.3
15:31:17 DEBUG [Main] [Geode]:       hjfod.gdshare v1.0.4
15:31:17 DEBUG [Main] [Geode]:       hjfod.gmd-api v1.0.1
15:31:17 DEBUG [Main] [Geode]:       lexi.visiblecheckpoints v0.1.4
15:31:17 DEBUG [Main] [Geode]:       mat.run-info v1.0.2
15:31:17 DEBUG [Main] [Geode]:       muhammadgames.bettermenu v1.0.4-beta.12
15:31:17 DEBUG [Main] [Geode]:       thesillydoggo.animatedprofiles v1.0.1
15:31:17 DEBUG [Main] [Geode]:       thesillydoggo.better_startpos_menu v1.1.0
15:31:17 DEBUG [Main] [Geode]:       thesillydoggo.entersearch v1.0.0
15:31:17 DEBUG [Main] [Geode]:       TheSillyDoggo.GradientPages v2.1.0
15:31:17 DEBUG [Main] [Geode]:       tpdea.betterpause-Better v1.5.5
15:31:17 DEBUG [Main] [Geode]:       zilko.xdbot v1.4.8
15:31:17 DEBUG [Main] [Geode]:     Building mod graph
15:31:17 DEBUG [Main] [Geode]:       capeling.icon_profile_2.2
15:31:17 DEBUG [Main] [Geode]:         geode.loader
15:31:17 DEBUG [Main] [Geode]:       geode.loader
15:31:17 DEBUG [Main] [Geode]:       elohmrow.death_tracker
15:31:17 DEBUG [Main] [Geode]:         geode.loader
15:31:17 DEBUG [Main] [Geode]:       absolllute.megahack
15:31:17 DEBUG [Main] [Geode]:         geode.loader
15:31:17 DEBUG [Main] [Geode]:       elnexreal.auto_priority
15:31:17 DEBUG [Main] [Geode]:         geode.loader
15:31:17 DEBUG [Main] [Geode]:       abb2k.backup
15:31:17 DEBUG [Main] [Geode]:         geode.loader
15:31:17 DEBUG [Main] [Geode]:       coderqc.gdswearfilter
15:31:17 DEBUG [Main] [Geode]:         geode.loader
15:31:17 DEBUG [Main] [Geode]:       zilko.xdbot
15:31:17 DEBUG [Main] [Geode]:         geode.loader
15:31:17 DEBUG [Main] [Geode]:         geode.node-ids
15:31:17 DEBUG [Main] [Geode]:       bitz.customprofiles
15:31:17 DEBUG [Main] [Geode]:         geode.loader
15:31:17 DEBUG [Main] [Geode]:         geode.node-ids
15:31:17 DEBUG [Main] [Geode]:       colon.gold_user_coins
15:31:17 DEBUG [Main] [Geode]:         geode.loader
15:31:17 DEBUG [Main] [Geode]:       cj_link.fakemoderator
15:31:17 DEBUG [Main] [Geode]:         geode.loader
15:31:17 DEBUG [Main] [Geode]:       lexi.visiblecheckpoints
15:31:17 DEBUG [Main] [Geode]:         geode.loader
15:31:17 DEBUG [Main] [Geode]:       cvolton.betterinfo
15:31:17 DEBUG [Main] [Geode]:         geode.loader
15:31:17 DEBUG [Main] [Geode]:         geode.node-ids
15:31:17 DEBUG [Main] [Geode]:       tpdea.betterpause-Better
15:31:17 DEBUG [Main] [Geode]:         geode.loader
15:31:17 DEBUG [Main] [Geode]:         geode.node-ids
15:31:17 DEBUG [Main] [Geode]:       dankmeme.globed2
15:31:17 DEBUG [Main] [Geode]:         geode.loader
15:31:17 DEBUG [Main] [Geode]:         geode.custom-keybinds
15:31:17 DEBUG [Main] [Geode]:       elnexreal.copy_song_id
15:31:17 DEBUG [Main] [Geode]:         geode.loader
15:31:17 DEBUG [Main] [Geode]:       gdutilsdevs.gdutils
15:31:17 DEBUG [Main] [Geode]:         geode.loader
15:31:17 DEBUG [Main] [Geode]:       thesillydoggo.better_startpos_menu
15:31:17 DEBUG [Main] [Geode]:         geode.loader
15:31:17 DEBUG [Main] [Geode]:       geode.custom-keybinds
15:31:17 DEBUG [Main] [Geode]:         geode.loader
15:31:17 DEBUG [Main] [Geode]:       geode.node-ids
15:31:17 DEBUG [Main] [Geode]:         geode.loader
15:31:17 DEBUG [Main] [Geode]:       hjfod.betteredit
15:31:17 DEBUG [Main] [Geode]:         geode.loader
15:31:17 DEBUG [Main] [Geode]:         geode.node-ids
15:31:17 DEBUG [Main] [Geode]:         geode.custom-keybinds
15:31:17 DEBUG [Main] [Geode]:       hjfod.gdshare
15:31:17 DEBUG [Main] [Geode]:         geode.loader
15:31:17 DEBUG [Main] [Geode]:         hjfod.gmd-api
15:31:17 DEBUG [Main] [Geode]:         geode.node-ids
15:31:17 DEBUG [Main] [Geode]:       hjfod.gmd-api
15:31:17 DEBUG [Main] [Geode]:         geode.loader
15:31:17 DEBUG [Main] [Geode]:       mat.run-info
15:31:17 DEBUG [Main] [Geode]:         geode.loader
15:31:17 DEBUG [Main] [Geode]:       muhammadgames.bettermenu
15:31:17 DEBUG [Main] [Geode]:         geode.loader
15:31:17 DEBUG [Main] [Geode]:       thesillydoggo.animatedprofiles
15:31:17 DEBUG [Main] [Geode]:         geode.loader
15:31:17 DEBUG [Main] [Geode]:         geode.node-ids
15:31:17 DEBUG [Main] [Geode]:       thesillydoggo.entersearch
15:31:17 DEBUG [Main] [Geode]:         geode.loader
15:31:17 DEBUG [Main] [Geode]:       TheSillyDoggo.GradientPages
15:31:17 DEBUG [Main] [Geode]:         geode.loader
15:31:17 DEBUG [Main] [Geode]:     Loading early mods
15:31:17 DEBUG [Main] [Geode]:       absolllute.megahack v8.0.0-alpha.10
15:31:17 DEBUG [Main] [Geode]:         Unzip
15:31:17 DEBUG [Main] [Geode]:         Same hash detected, skipping unzip
15:31:17 DEBUG [Main] [Geode]:         Load
15:31:17 DEBUG [Main] [Geode]:         Loading binary for mod absolllute.megahack
15:31:26 INFO  [Main] [Geode]:     Took 10.616s. Continuing next frame...
15:31:26 DEBUG [Main] [Geode]: Setting up IPC
15:31:26 DEBUG [Main] [Geode]:   IPC set up
15:31:26 INFO  [Main] [Geode]: Starting loader update check
15:31:26 INFO  [Main] [Geode]: Entry took 10.75s
15:31:34 INFO  [Main] [Geode]: Continuing mod graph refresh...
15:31:34 DEBUG [Main] [Geode]:   Loading mods
15:31:34 DEBUG [Main] [Geode]:     capeling.icon_profile_2.2 v1.1.4
15:31:34 ERROR [Main] [Geode]: Failed to fetch updates Empty response
15:31:34 DEBUG [Mod Unzip] [Geode]:  Unzip
15:31:34 DEBUG [Mod Unzip] [Geode]:  Same hash detected, skipping unzip
15:31:35 DEBUG [Main] [Geode]: Enabled GameManager::isIconUnlocked hook at 0x4c1f90 for absolllute.megahack
15:31:35 DEBUG [Main] [Geode]: Enabled GameManager::isColorUnlocked hook at 0x4c2490 for absolllute.megahack
15:31:35 DEBUG [Main] [Geode]: Enabled GameManager::setGameVariable hook at 0x4c84e0 for absolllute.megahack
15:31:35 DEBUG [Main] [Geode]: Enabled GameManager::getGameVariable hook at 0x4c8730 for absolllute.megahack
15:31:35 DEBUG [Main] [Geode]: Enabled MenuLayer::init hook at 0x61b450 for absolllute.megahack
15:31:35 DEBUG [Main] [Geode]:       Load
15:31:35 DEBUG [Main] [Geode]:       Loading binary for mod capeling.icon_profile_2.2
15:31:35 DEBUG [Main] [Geode]:       Enabled MenuLayer::init hook at 0x61b450 for capeling.icon_profile_2.2
15:31:35 INFO  [Main] [Geode]: Took 1.742s
15:31:35 INFO  [Main] [Geode]: Continuing mod graph refresh...
15:31:35 DEBUG [Main] [Geode]:   Loading mods
15:31:35 DEBUG [Main] [Geode]:     elohmrow.death_tracker v1.4.3
15:31:35 DEBUG [Mod Unzip] [Geode]:  Unzip
15:31:35 DEBUG [Mod Unzip] [Geode]:  Same hash detected, skipping unzip
15:31:35 DEBUG [Main] [Geode]:       Load
15:31:35 DEBUG [Main] [Geode]:       Loading binary for mod elohmrow.death_tracker
15:31:36 DEBUG [Main] [Geode]:       Enabled GJBaseGameLayer::setStartPosObject hook at 0x539e90 for elohmrow.death_tracker
15:31:36 DEBUG [Main] [Geode]:       Enabled PlayLayer::checkpointActivated hook at 0x6876c0 for elohmrow.death_tracker
15:31:36 DEBUG [Main] [Geode]:       Enabled PlayLayer::onQuit hook at 0x68b480 for elohmrow.death_tracker
15:31:36 DEBUG [Main] [Geode]:       Enabled PlayLayer::resetLevelFromStart hook at 0x68a090 for elohmrow.death_tracker
15:31:36 DEBUG [Main] [Geode]:       Enabled PlayerObject::playerDestroyed hook at 0x671b30 for elohmrow.death_tracker
15:31:36 DEBUG [Main] [Geode]:       Enabled LevelInfoLayer::onLevelInfo hook at 0x5f6a70 for elohmrow.death_tracker
15:31:36 DEBUG [Main] [Geode]:       Enabled EditLevelLayer::onLevelInfo hook at 0x43db40 for elohmrow.death_tracker
15:31:36 DEBUG [Main] [Geode]:       Enabled LevelPage::onInfo hook at 0x60c400 for elohmrow.death_tracker
15:31:36 DEBUG [Main] [Geode]:       Enabled cocos2d::CCLayerColor::initWithColor hook at 0x74444c70 for elohmrow.death_tracker
15:31:36 DEBUG [Main] [Geode]:       Enabled FLAlertLayer::init hook at 0x3d0f60 for elohmrow.death_tracker
15:31:36 DEBUG [Main] [Geode]:       Enabled FLAlertLayer::keyBackClicked hook at 0x3d1a10 for elohmrow.death_tracker
15:31:36 DEBUG [Main] [Geode]:       Enabled FLAlertLayer::onBtn1 hook at 0x3d1ab0 for elohmrow.death_tracker
15:31:36 DEBUG [Main] [Geode]:       Enabled FLAlertLayer::show hook at 0x3d1cd0 for elohmrow.death_tracker
15:31:36 INFO  [Main] [Geode]: Took 0.252s
15:31:36 INFO  [Main] [Geode]: Continuing mod graph refresh...
15:31:36 DEBUG [Main] [Geode]:   Loading mods
15:31:36 DEBUG [Main] [Geode]:     elnexreal.auto_priority v1.0.0
15:31:36 DEBUG [Mod Unzip] [Geode]:  Unzip
15:31:36 DEBUG [Mod Unzip] [Geode]:  Same hash detected, skipping unzip
15:31:36 DEBUG [Main] [Geode]:       Load
15:31:36 DEBUG [Main] [Geode]:       Loading binary for mod elnexreal.auto_priority
15:31:36 DEBUG [Main] [Geode]:       Enabled LoadingLayer::loadingFinished hook at 0x616ae0 for elnexreal.auto_priority
15:31:36 INFO  [Main] [Geode]: Took 0.233s
15:31:36 INFO  [Main] [Geode]: Continuing mod graph refresh...
15:31:36 DEBUG [Main] [Geode]:   Loading mods
15:31:36 DEBUG [Main] [Geode]:     abb2k.backup v1.0.4
15:31:36 DEBUG [Mod Unzip] [Geode]:  Unzip
15:31:36 DEBUG [Mod Unzip] [Geode]:  Same hash detected, skipping unzip
15:31:36 INFO  [Main] [Geode]: Took 0.188s
15:31:36 INFO  [Main] [Geode]: Continuing mod graph refresh...
15:31:36 DEBUG [Main] [Geode]:   Loading mods
15:31:36 DEBUG [Main] [Geode]:     coderqc.gdswearfilter v1.0.1
15:31:36 DEBUG [Mod Unzip] [Geode]:  Unzip
15:31:36 DEBUG [Mod Unzip] [Geode]:  Same hash detected, skipping unzip
15:31:36 DEBUG [Main] [Geode]:       Load
15:31:36 DEBUG [Main] [Geode]:       Loading binary for mod coderqc.gdswearfilter
15:31:36 DEBUG [Main] [Geode]:       Enabled CommentCell::loadFromComment hook at 0x424490 for coderqc.gdswearfilter
15:31:36 DEBUG [Main] [Geode]:       Enabled InfoLayer::init hook at 0x5c8810 for coderqc.gdswearfilter
15:31:36 DEBUG [Main] [Geode]:       Enabled LevelCell::loadFromLevel hook at 0x41d8b0 for coderqc.gdswearfilter
15:31:36 INFO  [Main] [Geode]: Took 0.324s
15:31:36 INFO  [Main] [Geode]: Continuing mod graph refresh...
15:31:36 DEBUG [Main] [Geode]:   Loading mods
15:31:36 DEBUG [Main] [Geode]:     zilko.xdbot v1.4.8 has unresolved dependencies
15:31:36 INFO  [Main] [Geode]: Took 0.016s
15:31:36 INFO  [Main] [Geode]: Continuing mod graph refresh...
15:31:36 DEBUG [Main] [Geode]:   Loading mods
15:31:36 DEBUG [Main] [Geode]:     bitz.customprofiles v1.0.5 has unresolved dependencies
15:31:36 INFO  [Main] [Geode]: Took 0.016s
15:31:36 INFO  [Main] [Geode]: Continuing mod graph refresh...
15:31:36 DEBUG [Main] [Geode]:   Loading mods
15:31:36 DEBUG [Main] [Geode]:     colon.gold_user_coins v1.0.1
15:31:36 DEBUG [Mod Unzip] [Geode]:  Unzip
15:31:36 DEBUG [Mod Unzip] [Geode]:  Same hash detected, skipping unzip
15:31:37 DEBUG [Main] [Geode]:       Load
15:31:37 DEBUG [Main] [Geode]:       Loading binary for mod colon.gold_user_coins
15:31:37 DEBUG [Main] [Geode]:       Enabled MenuLayer::init hook at 0x61b450 for colon.gold_user_coins
15:31:37 DEBUG [Main] [Geode]:       Enabled cocos2d::CCSprite::setColor hook at 0x744778a0 for colon.gold_user_coins
15:31:37 INFO  [Main] [Geode]: Took 0.206s
15:31:37 INFO  [Main] [Geode]: Continuing mod graph refresh...
15:31:37 DEBUG [Main] [Geode]:   Loading mods
15:31:37 DEBUG [Main] [Geode]:     cj_link.fakemoderator v1.0.1
15:31:37 DEBUG [Mod Unzip] [Geode]:  Unzip
15:31:37 DEBUG [Mod Unzip] [Geode]:  Same hash detected, skipping unzip
15:31:37 DEBUG [Main] [Geode]:       Load
15:31:37 DEBUG [Main] [Geode]:       Loading binary for mod cj_link.fakemoderator
15:31:37 DEBUG [Main] [Geode]:       Enabled LevelInfoLayer::init hook at 0x5f16a0 for cj_link.fakemoderator
15:31:37 DEBUG [Main] [Geode]:       Enabled RateStarsLayer::onRate hook at 0x6951c0 for cj_link.fakemoderator
15:31:37 DEBUG [Main] [Geode]:       Enabled SupportLayer::onRequestAccess hook at 0x75ca70 for cj_link.fakemoderator
15:31:37 DEBUG [Main] [Geode]:       Enabled ProfilePage::setupPageInfo hook at 0x692350 for cj_link.fakemoderator
15:31:37 INFO  [Main] [Geode]: Took 0.162s
15:31:37 INFO  [Main] [Geode]: Continuing mod graph refresh...
15:31:37 DEBUG [Main] [Geode]:   Loading mods
15:31:37 DEBUG [Main] [Geode]:     lexi.visiblecheckpoints v0.1.4
15:31:37 DEBUG [Mod Unzip] [Geode]:  Unzip
15:31:37 DEBUG [Mod Unzip] [Geode]:  Same hash detected, skipping unzip
15:31:37 DEBUG [Main] [Geode]:       Load
15:31:37 DEBUG [Main] [Geode]:       Loading binary for mod lexi.visiblecheckpoints
15:31:37 DEBUG [Main] [Geode]:       Enabled PlayLayer::createCheckpoint hook at 0x6876e0 for lexi.visiblecheckpoints
15:31:37 DEBUG [Main] [Geode]:       Enabled PlayLayer::init hook at 0x67c4a0 for lexi.visiblecheckpoints
15:31:37 DEBUG [Main] [Geode]:       Enabled PlayLayer::removeCheckpoint hook at 0x688d70 for lexi.visiblecheckpoints
15:31:37 DEBUG [Main] [Geode]:       Enabled PlayLayer::resetLevelFromStart hook at 0x68a090 for lexi.visiblecheckpoints
15:31:37 DEBUG [Main] [Geode]:       Enabled PlayLayer::setupHasCompleted hook at 0x67ce40 for lexi.visiblecheckpoints
15:31:37 INFO  [Main] [Geode]: Took 0.141s
15:31:37 INFO  [Main] [Geode]: Continuing mod graph refresh...
15:31:37 DEBUG [Main] [Geode]:   Loading mods
15:31:37 DEBUG [Main] [Geode]:     cvolton.betterinfo v4.0.0-alpha.13 has unresolved dependencies
15:31:37 INFO  [Main] [Geode]: Took 0.015s
15:31:37 INFO  [Main] [Geode]: Continuing mod graph refresh...
15:31:37 DEBUG [Main] [Geode]:   Loading mods
15:31:37 DEBUG [Main] [Geode]:     tpdea.betterpause-Better v1.5.5 has unresolved dependencies
15:31:37 INFO  [Main] [Geode]: Took 0.016s
15:31:37 INFO  [Main] [Geode]: Continuing mod graph refresh...
15:31:37 DEBUG [Main] [Geode]:   Loading mods
15:31:37 DEBUG [Main] [Geode]:     dankmeme.globed2 v1.2.2 has unresolved dependencies
15:31:37 INFO  [Main] [Geode]: Took 0.015s
15:31:37 INFO  [Main] [Geode]: Continuing mod graph refresh...
15:31:37 DEBUG [Main] [Geode]:   Loading mods
15:31:37 DEBUG [Main] [Geode]:     elnexreal.copy_song_id v1.2.2
15:31:37 DEBUG [Mod Unzip] [Geode]:  Unzip
15:31:37 DEBUG [Mod Unzip] [Geode]:  Same hash detected, skipping unzip
15:31:37 DEBUG [Main] [Geode]:       Load
15:31:37 DEBUG [Main] [Geode]:       Loading binary for mod elnexreal.copy_song_id
15:31:37 DEBUG [Main] [Geode]:       Enabled LevelInfoLayer::init hook at 0x5f16a0 for elnexreal.copy_song_id
15:31:37 DEBUG [Main] [Geode]:       Enabled LevelInfoLayer::levelDownloadFinished hook at 0x5f4f00 for elnexreal.copy_song_id
15:31:37 INFO  [Main] [Geode]: Took 0.131s
15:31:37 INFO  [Main] [Geode]: Continuing mod graph refresh...
15:31:37 DEBUG [Main] [Geode]:   Loading mods
15:31:37 DEBUG [Main] [Geode]:     gdutilsdevs.gdutils v1.2.14
15:31:37 DEBUG [Mod Unzip] [Geode]:  Unzip
15:31:37 DEBUG [Mod Unzip] [Geode]:  Same hash detected, skipping unzip
15:31:37 DEBUG [Main] [Geode]:       Load
15:31:37 DEBUG [Main] [Geode]:       Loading binary for mod gdutilsdevs.gdutils
15:31:37 DEBUG [Main] [Geode]:       Enabled cocos2d::CCScheduler::update hook at 0x744a6db0 for gdutilsdevs.gdutils
15:31:37 DEBUG [Main] [Geode]:       Enabled cocos2d::CCScheduler::update hook at 0x744a6db0 for gdutilsdevs.gdutils
15:31:37 DEBUG [Main] [Geode]:       Enabled PlayLayer::init hook at 0x67c4a0 for gdutilsdevs.gdutils
15:31:37 DEBUG [Main] [Geode]:       Enabled PlayLayer::onQuit hook at 0x68b480 for gdutilsdevs.gdutils
15:31:37 DEBUG [Main] [Geode]:       Enabled EditorUI::onPause hook at 0x446130 for gdutilsdevs.gdutils
15:31:37 DEBUG [Main] [Geode]:       Enabled EditorUI::onPlayback hook at 0x469d20 for gdutilsdevs.gdutils
15:31:37 DEBUG [Main] [Geode]:       Enabled EditorUI::onPlaytest hook at 0x46a090 for gdutilsdevs.gdutils
15:31:37 DEBUG [Main] [Geode]:       Enabled EditorUI::onStopPlaytest hook at 0x46a200 for gdutilsdevs.gdutils
15:31:37 DEBUG [Main] [Geode]:       Enabled FriendsProfilePage::init hook at 0x490a10 for gdutilsdevs.gdutils
15:31:37 DEBUG [Main] [Geode]:       Enabled LeaderboardsLayer::init hook at 0x5cdc60 for gdutilsdevs.gdutils
15:31:37 DEBUG [Main] [Geode]:       Enabled SecretLayer2::init hook at 0x6a56d0 for gdutilsdevs.gdutils
15:31:37 DEBUG [Main] [Geode]:       Enabled SecretLayer2::onSubmit hook at 0x6a71c0 for gdutilsdevs.gdutils
15:31:37 DEBUG [Main] [Geode]:       Enabled SecretLayer2::updateSearchLabel hook at 0x6a84b0 for gdutilsdevs.gdutils
15:31:37 DEBUG [Main] [Geode]:       Enabled LevelInfoLayer::init hook at 0x5f16a0 for gdutilsdevs.gdutils
15:31:37 DEBUG [Main] [Geode]:       Enabled InfoLayer::init hook at 0x5c8810 for gdutilsdevs.gdutils
15:31:37 DEBUG [Main] [Geode]:       Enabled ProfilePage::loadPageFromUserInfo hook at 0x68dda0 for gdutilsdevs.gdutils
15:31:37 INFO  [Main] [GDUtils]:     GDUtils Mod Loaded
15:31:37 INFO  [Main] [GDUtils]:     Le protocole a été enregistré avec succès pour cet utilisateur.
15:31:37 INFO  [Thread #10896] [GDUtils]: Starting socket...
15:31:37 INFO  [Main] [Geode]: Took 0.175s
15:31:37 INFO  [Main] [Geode]: Continuing mod graph refresh...
15:31:37 DEBUG [Main] [Geode]:   Loading mods
15:31:37 DEBUG [Main] [Geode]:     thesillydoggo.better_startpos_menu v1.1.0
15:31:37 DEBUG [Mod Unzip] [Geode]:  Unzip
15:31:37 DEBUG [Mod Unzip] [Geode]:  Same hash detected, skipping unzip
15:31:37 DEBUG [Main] [Geode]:       Load
15:31:37 DEBUG [Main] [Geode]:       Loading binary for mod thesillydoggo.better_startpos_menu
15:31:37 INFO  [stdout]: [2024-02-28 15:31:37] [connect] Successful connection
15:31:37 INFO  [stdout]: [2024-02-28 15:31:37] [connect] WebSocket Connection 62.210.53.67:80 v-2 "WebSocket++/0.8.2" /socket.io/?EIO=4&transport=websocket&t=1709130697 101
15:31:37 INFO  [Thread #9824] [GDUtils]: Socket Connection successful!
15:31:37 INFO  [Thread #10896] [GDUtils]: listening for events
15:31:37 DEBUG [Main] [Geode]:       Enabled LevelSettingsLayer::init hook at 0x60ce20 for thesillydoggo.better_startpos_menu
15:31:37 INFO  [Main] [Geode]: Took 0.117s
15:31:37 INFO  [Main] [Geode]: Continuing mod graph refresh...
15:31:37 DEBUG [Main] [Geode]:   Loading mods
15:31:37 DEBUG [Main] [Geode]:     geode.custom-keybinds v1.4.0
15:31:37 DEBUG [Mod Unzip] [Geode]:  Unzip
15:31:37 DEBUG [Mod Unzip] [Geode]:  Same hash detected, skipping unzip
15:31:37 INFO  [Main] [Geode]: Took 0.049s
15:31:37 INFO  [Main] [Geode]: Continuing mod graph refresh...
15:31:37 DEBUG [Main] [Geode]:   Loading mods
15:31:37 DEBUG [Main] [Geode]:     geode.node-ids v1.3.0
15:31:37 DEBUG [Mod Unzip] [Geode]:  Unzip
15:31:37 DEBUG [Mod Unzip] [Geode]:  Same hash detected, skipping unzip
15:31:37 DEBUG [Main] [Geode]:       Load
15:31:37 DEBUG [Main] [Geode]:       Loading binary for mod geode.node-ids
15:31:38 DEBUG [Main] [Geode]:       Enabled CommentCell::loadFromComment hook at 0x424490 for geode.node-ids
15:31:38 DEBUG [Main] [Geode]:       Enabled CreatorLayer::init hook at 0x40f550 for geode.node-ids
15:31:38 DEBUG [Main] [Geode]:       Enabled CustomizeObjectLayer::init hook at 0x4164a0 for geode.node-ids
15:31:38 DEBUG [Main] [Geode]:       Enabled CustomizeObjectLayer::toggleVisible hook at 0x419780 for geode.node-ids
15:31:38 DEBUG [Main] [Geode]:       Enabled DailyLevelNode::init hook at 0x4396c0 for geode.node-ids
15:31:38 DEBUG [Main] [Geode]:       Enabled DailyLevelPage::init hook at 0x4376d0 for geode.node-ids
15:31:38 DEBUG [Main] [Geode]:       Enabled EditLevelLayer::init hook at 0x43c8e0 for geode.node-ids
15:31:38 DEBUG [Main] [Geode]:       Enabled EditorPauseLayer::init hook at 0x440020 for geode.node-ids
15:31:38 DEBUG [Main] [Geode]:       Enabled EditorUI::init hook at 0x444260 for geode.node-ids
15:31:38 DEBUG [Main] [Geode]:       Enabled GJGarageLayer::init hook at 0x58f250 for geode.node-ids
15:31:38 DEBUG [Main] [Geode]:       Enabled GJGarageLayer::setupPage hook at 0x591d70 for geode.node-ids
15:31:38 DEBUG [Main] [Geode]:       Enabled GJScoreCell::loadFromScore hook at 0x4265b0 for geode.node-ids
15:31:38 DEBUG [Main] [Geode]:       Enabled GameToolbox::addBackButton hook at 0x3e1910 for geode.node-ids
15:31:38 DEBUG [Main] [Geode]:       Enabled GameToolbox::addRThumbScrollButton hook at 0x3e19c0 for geode.node-ids
15:31:38 DEBUG [Main] [Geode]:       Enabled InfoLayer::init hook at 0x5c8810 for geode.node-ids
15:31:38 DEBUG [Main] [Geode]:       Enabled LeaderboardsLayer::init hook at 0x5cdc60 for geode.node-ids
15:31:38 DEBUG [Main] [Geode]:       Enabled LevelBrowserLayer::init hook at 0x5d2e60 for geode.node-ids
15:31:38 DEBUG [Main] [Geode]:       Enabled LevelCell::loadCustomLevelCell hook at 0x41da60 for geode.node-ids
15:31:38 DEBUG [Main] [Geode]:       Enabled LevelCell::loadFromLevel hook at 0x41d8b0 for geode.node-ids
15:31:38 DEBUG [Main] [Geode]:       Enabled LevelCell::loadLocalLevelCell hook at 0x4204d0 for geode.node-ids
15:31:38 DEBUG [Main] [Geode]:       Enabled LevelInfoLayer::init hook at 0x5f16a0 for geode.node-ids
15:31:38 DEBUG [Main] [Geode]:       Enabled LevelInfoLayer::setupPlatformerStats hook at 0x5f3a90 for geode.node-ids
15:31:38 DEBUG [Main] [Geode]:       Enabled LevelInfoLayer::setupProgressBars hook at 0x5f3e20 for geode.node-ids
15:31:38 DEBUG [Main] [Geode]:       Enabled LevelInfoLayer::updateLabelValues hook at 0x5f6d20 for geode.node-ids
15:31:38 DEBUG [Main] [Geode]:       Enabled LevelLeaderboard::init hook at 0x5f8060 for geode.node-ids
15:31:38 DEBUG [Main] [Geode]:       Enabled LevelSearchLayer::init hook at 0x600f10 for geode.node-ids
15:31:38 DEBUG [Main] [Geode]:       Enabled PauseLayer::customSetup hook at 0x6589f0 for geode.node-ids
15:31:38 DEBUG [Main] [Geode]:       Enabled PlayerObject::init hook at 0x6624c0 for geode.node-ids
15:31:38 DEBUG [Main] [Geode]:       Enabled ProfilePage::init hook at 0x68d080 for geode.node-ids
15:31:38 DEBUG [Main] [Geode]:       Enabled ProfilePage::loadPageFromUserInfo hook at 0x68dda0 for geode.node-ids
15:31:38 DEBUG [Main] [Geode]:       Enabled RewardsPage::init hook at 0x6967f0 for geode.node-ids
15:31:38 DEBUG [Main] [Geode]:       Enabled UILayer::init hook at 0x75ec10 for geode.node-ids
15:31:38 INFO  [Main] [Geode]: Took 0.19s
15:31:38 INFO  [Main] [Geode]: Continuing mod graph refresh...
15:31:38 DEBUG [Main] [Geode]:   Loading mods
15:31:38 DEBUG [Main] [Geode]:     thesillydoggo.animatedprofiles v1.0.1
15:31:38 DEBUG [Mod Unzip] [Geode]:  Unzip
15:31:38 DEBUG [Mod Unzip] [Geode]:  Same hash detected, skipping unzip
15:31:38 DEBUG [Main] [Geode]:       Load
15:31:38 DEBUG [Main] [Geode]:       Loading binary for mod thesillydoggo.animatedprofiles
15:31:38 DEBUG [Main] [Geode]:       Enabled ProfilePage::init hook at 0x68d080 for thesillydoggo.animatedprofiles
15:31:38 DEBUG [Main] [Geode]:       Enabled ProfilePage::loadPageFromUserInfo hook at 0x68dda0 for thesillydoggo.animatedprofiles
15:31:38 DEBUG [Main] [Geode]:       Enabled CommentCell::loadFromComment hook at 0x424490 for thesillydoggo.animatedprofiles
15:31:38 DEBUG [Main] [Geode]:       Enabled CCAnimatedSprite::runAnimation hook at 0x3c1640 for thesillydoggo.animatedprofiles
15:31:38 INFO  [Main] [Geode]: Took 0.127s
15:31:38 INFO  [Main] [Geode]: Continuing mod graph refresh...
15:31:38 DEBUG [Main] [Geode]:   Loading mods
15:31:38 DEBUG [Main] [Geode]:     hjfod.gdshare v1.0.4 has unresolved dependencies
15:31:38 INFO  [Main] [Geode]: Took 0.016s
15:31:38 INFO  [Main] [Geode]: Continuing mod graph refresh...
15:31:38 DEBUG [Main] [Geode]:   Loading mods
15:31:38 DEBUG [Main] [Geode]:     tpdea.betterpause-Better v1.5.5
15:31:38 DEBUG [Mod Unzip] [Geode]:  Unzip
15:31:38 DEBUG [Mod Unzip] [Geode]:  Same hash detected, skipping unzip
15:31:38 INFO  [Main] [Geode]: Took 0.049s
15:31:38 INFO  [Main] [Geode]: Continuing mod graph refresh...
15:31:38 DEBUG [Main] [Geode]:   Loading mods
15:31:38 DEBUG [Main] [Geode]:     cvolton.betterinfo v4.0.0-alpha.13
15:31:38 DEBUG [Mod Unzip] [Geode]:  Unzip
15:31:38 DEBUG [Mod Unzip] [Geode]:  Same hash detected, skipping unzip
15:31:38 DEBUG [Main] [Geode]:       Load
15:31:38 DEBUG [Main] [Geode]:       Loading binary for mod cvolton.betterinfo
15:31:38 DEBUG [Main] [Geode]:       Enabled CommentCell::FLAlert_Clicked hook at 0x4263d0 for cvolton.betterinfo
15:31:38 DEBUG [Main] [Geode]:       Enabled CommentCell::loadFromComment hook at 0x424490 for cvolton.betterinfo
15:31:38 DEBUG [Main] [Geode]:       Enabled CommentCell::onConfirmDelete hook at 0x4262c0 for cvolton.betterinfo
15:31:38 DEBUG [Main] [Geode]:       Enabled CommentCell::onLike hook at 0x426110 for cvolton.betterinfo
15:31:38 DEBUG [Main] [Geode]:       Enabled CreatorLayer::init hook at 0x40f550 for cvolton.betterinfo
15:31:38 DEBUG [Main] [Geode]:       Enabled CreatorLayer::onChallenge hook at 0x410dd0 for cvolton.betterinfo
15:31:38 DEBUG [Main] [Geode]:       Enabled DailyLevelNode::init hook at 0x4396c0 for cvolton.betterinfo
15:31:38 DEBUG [Main] [Geode]:       Enabled DailyLevelPage::init hook at 0x4376d0 for cvolton.betterinfo
15:31:38 DEBUG [Main] [Geode]:       Enabled DailyLevelPage::updateTimers hook at 0x439120 for cvolton.betterinfo
15:31:38 DEBUG [Main] [Geode]:       Enabled EditLevelLayer::init hook at 0x43c8e0 for cvolton.betterinfo
15:31:38 DEBUG [Main] [Geode]:       Enabled EditLevelLayer::onLevelInfo hook at 0x43db40 for cvolton.betterinfo
15:31:38 DEBUG [Main] [Geode]:       Enabled GJLevelList::showListInfo hook at 0x4bcef0 for cvolton.betterinfo
15:31:38 DEBUG [Main] [Geode]:       Enabled GJScoreCell::loadFromScore hook at 0x4265b0 for cvolton.betterinfo
15:31:38 DEBUG [Main] [Geode]:       Enabled GameLevelManager::getCompletedLevels hook at 0x497790 for cvolton.betterinfo
15:31:38 DEBUG [Main] [Geode]:       Enabled GameLevelManager::getSavedLevels hook at 0x497340 for cvolton.betterinfo
15:31:38 DEBUG [Main] [Geode]:       Enabled GameLevelManager::limitSavedLevels hook at 0x499210 for cvolton.betterinfo
15:31:38 DEBUG [Main] [Geode]:       Enabled GameLevelManager::userNameForUserID hook at 0x496290 for cvolton.betterinfo
15:31:38 DEBUG [Main] [Geode]:       Enabled InfoLayer::init hook at 0x5c8810 for cvolton.betterinfo
15:31:38 DEBUG [Main] [Geode]:       Enabled InfoLayer::loadPage hook at 0x5cb340 for cvolton.betterinfo
15:31:38 DEBUG [Main] [Geode]:       Enabled InfoLayer::onLevelInfo hook at 0x5cada0 for cvolton.betterinfo
15:31:38 DEBUG [Main] [Geode]:       Enabled InfoLayer::onMore hook at 0x5caaa0 for cvolton.betterinfo
15:31:38 DEBUG [Main] [Geode]:       Enabled InfoLayer::setupCommentsBrowser hook at 0x5cb670 for cvolton.betterinfo
15:31:38 DEBUG [Main] [Geode]:       Enabled LeaderboardsLayer::init hook at 0x5cdc60 for cvolton.betterinfo
15:31:38 DEBUG [Main] [Geode]:       Enabled LevelAreaInnerLayer::init hook at 0x5d11e0 for cvolton.betterinfo
15:31:38 DEBUG [Main] [Geode]:       Enabled LevelBrowserLayer::init hook at 0x5d2e60 for cvolton.betterinfo
15:31:38 DEBUG [Main] [Geode]:       Enabled LevelBrowserLayer::onGoToPage hook at 0x5d5c40 for cvolton.betterinfo
15:31:38 DEBUG [Main] [Geode]:       Enabled LevelBrowserLayer::setupPageInfo hook at 0x5d59e0 for cvolton.betterinfo
15:31:38 DEBUG [Main] [Geode]:       Enabled LevelCell::loadCustomLevelCell hook at 0x41da60 for cvolton.betterinfo
15:31:38 DEBUG [Main] [Geode]:       Enabled LevelCell::onViewProfile hook at 0x420f70 for cvolton.betterinfo
15:31:38 DEBUG [Main] [Geode]:       Enabled LevelInfoLayer::init hook at 0x5f16a0 for cvolton.betterinfo
15:31:38 DEBUG [Main] [Geode]:       Enabled LevelInfoLayer::onLevelInfo hook at 0x5f6a70 for cvolton.betterinfo
15:31:38 DEBUG [Main] [Geode]:       Enabled LevelInfoLayer::onViewProfile hook at 0x5f6a10 for cvolton.betterinfo
15:31:38 DEBUG [Main] [Geode]:       Enabled LevelInfoLayer::updateLabelValues hook at 0x5f6d20 for cvolton.betterinfo
15:31:38 DEBUG [Main] [Geode]:       Enabled LevelLeaderboard::init hook at 0x5f8060 for cvolton.betterinfo
15:31:38 DEBUG [Main] [Geode]:       Enabled LevelListCell::loadFromList hook at 0x42b570 for cvolton.betterinfo
15:31:38 DEBUG [Main] [Geode]:       Enabled LevelPage::onInfo hook at 0x60c400 for cvolton.betterinfo
15:31:38 DEBUG [Main] [Geode]:       Enabled LevelSearchLayer::getSearchObject hook at 0x603ba0 for cvolton.betterinfo
15:31:38 DEBUG [Main] [Geode]:       Enabled MoreSearchLayer::init hook at 0x6056b0 for cvolton.betterinfo
15:31:38 DEBUG [Main] [Geode]:       Enabled MoreSearchLayer::onSongFilter hook at 0x6069e0 for cvolton.betterinfo
15:31:38 DEBUG [Main] [Geode]:       Enabled MoreSearchLayer::onSongMode hook at 0x606c90 for cvolton.betterinfo
15:31:38 DEBUG [Main] [Geode]:       Enabled PlayLayer::destroyPlayer hook at 0x686730 for cvolton.betterinfo
15:31:38 DEBUG [Main] [Geode]:       Enabled PlayLayer::init hook at 0x67c4a0 for cvolton.betterinfo
15:31:38 DEBUG [Main] [Geode]:       Enabled PlayLayer::levelComplete hook at 0x67db60 for cvolton.betterinfo
15:31:38 DEBUG [Main] [Geode]:       Enabled PlayLayer::onQuit hook at 0x68b480 for cvolton.betterinfo
15:31:38 DEBUG [Main] [Geode]:       Enabled PlayLayer::resetLevel hook at 0x68a130 for cvolton.betterinfo
15:31:38 DEBUG [Main] [Geode]:       Enabled ProfilePage::getUserInfoFailed hook at 0x691e40 for cvolton.betterinfo
15:31:38 DEBUG [Main] [Geode]:       Enabled ProfilePage::init hook at 0x68d080 for cvolton.betterinfo
15:31:38 DEBUG [Main] [Geode]:       Enabled ProfilePage::loadPageFromUserInfo hook at 0x68dda0 for cvolton.betterinfo
15:31:38 DEBUG [Main] [Geode]:       Enabled ProfilePage::onClose hook at 0x6915e0 for cvolton.betterinfo
15:31:38 DEBUG [Main] [Geode]:       Enabled RewardsPage::init hook at 0x6967f0 for cvolton.betterinfo
15:31:38 DEBUG [Main] [Geode]:       Enabled MenuLayer::init hook at 0x61b450 for cvolton.betterinfo
15:31:38 INFO  [Main] [Geode]: Took 0.151s
15:31:38 INFO  [Main] [Geode]: Continuing mod graph refresh...
15:31:38 DEBUG [Main] [Geode]:   Loading mods
15:31:38 DEBUG [Main] [Geode]:     bitz.customprofiles v1.0.5
15:31:38 DEBUG [Mod Unzip] [Geode]:  Unzip
15:31:38 DEBUG [Mod Unzip] [Geode]:  Same hash detected, skipping unzip
15:31:38 DEBUG [Main] [Geode]:       Load
15:31:38 DEBUG [Main] [Geode]:       Loading binary for mod bitz.customprofiles
15:31:38 DEBUG [Main] [Geode]:       Enabled GJAccountSettingsLayer::init hook at 0x5a84f0 for bitz.customprofiles
15:31:38 DEBUG [Main] [Geode]:       Enabled GJAccountSettingsLayer::onClose hook at 0x5a9db0 for bitz.customprofiles
15:31:38 DEBUG [Main] [Geode]:       Enabled InfoLayer::init hook at 0x5c8810 for bitz.customprofiles
15:31:38 DEBUG [Main] [Geode]:       Enabled InfoLayer::setupCommentsBrowser hook at 0x5cb670 for bitz.customprofiles
15:31:38 DEBUG [Main] [Geode]:       Enabled ProfilePage::init hook at 0x68d080 for bitz.customprofiles
15:31:38 DEBUG [Main] [Geode]:       Enabled ProfilePage::loadPageFromUserInfo hook at 0x68dda0 for bitz.customprofiles
15:31:38 DEBUG [Main] [Geode]:       Enabled ProfilePage::onUpdate hook at 0x68db10 for bitz.customprofiles
15:31:38 DEBUG [Main] [Geode]:       Enabled ProfilePage::setupCommentsBrowser hook at 0x692160 for bitz.customprofiles
15:31:38 DEBUG [Main] [Geode]:       Enabled CommentCell::draw hook at 0x41d5b0 for bitz.customprofiles
15:31:38 DEBUG [Main] [Geode]:       Enabled CommentCell::loadFromComment hook at 0x424490 for bitz.customprofiles
15:31:38 DEBUG [Main] [Geode]:       Enabled CommentCell::updateBGColor hook at 0x426090 for bitz.customprofiles
15:31:38 INFO  [Main] [Geode]: Took 0.123s
15:31:38 INFO  [Main] [Geode]: Continuing mod graph refresh...
15:31:38 DEBUG [Main] [Geode]:   Loading mods
15:31:38 DEBUG [Main] [Geode]:     zilko.xdbot v1.4.8
15:31:38 DEBUG [Mod Unzip] [Geode]:  Unzip
15:31:38 DEBUG [Mod Unzip] [Geode]:  Same hash detected, skipping unzip
15:31:38 DEBUG [Main] [Geode]:       Load
15:31:38 DEBUG [Main] [Geode]:       Loading binary for mod zilko.xdbot
15:31:38 DEBUG [Main] [Geode]:       Enabled PauseLayer::customSetup hook at 0x6589f0 for zilko.xdbot
15:31:38 DEBUG [Main] [Geode]:       Enabled PauseLayer::goEdit hook at 0x65a0f0 for zilko.xdbot
15:31:38 DEBUG [Main] [Geode]:       Enabled PauseLayer::onPracticeMode hook at 0x659e60 for zilko.xdbot
15:31:38 DEBUG [Main] [Geode]:       Enabled PauseLayer::onQuit hook at 0x65a240 for zilko.xdbot
15:31:38 DEBUG [Main] [Geode]:       Enabled PauseLayer::onResume hook at 0x659f30 for zilko.xdbot
15:31:38 DEBUG [Main] [Geode]:       Enabled GJBaseGameLayer::handleButton hook at 0x5569f0 for zilko.xdbot
15:31:38 DEBUG [Main] [Geode]:       Enabled GJBaseGameLayer::update hook at 0x55b780 for zilko.xdbot
15:31:38 DEBUG [Main] [Geode]:       Enabled PlayLayer::levelComplete hook at 0x67db60 for zilko.xdbot
15:31:38 DEBUG [Main] [Geode]:       Enabled PlayLayer::resetLevel hook at 0x68a130 for zilko.xdbot
15:31:38 DEBUG [Main] [Geode]:       Enabled EndLevelLayer::customSetup hook at 0x4874f0 for zilko.xdbot
15:31:38 DEBUG [Main] [Geode]:       Enabled EndLevelLayer::goEdit hook at 0x489060 for zilko.xdbot
15:31:38 DEBUG [Main] [Geode]:       Enabled EndLevelLayer::onMenu hook at 0x488ec0 for zilko.xdbot
15:31:38 DEBUG [Main] [Geode]:       Enabled EndLevelLayer::onReplay hook at 0x488dc0 for zilko.xdbot
15:31:38 DEBUG [Main] [Geode]:       Enabled cocos2d::CCScheduler::update hook at 0x744a6db0 for zilko.xdbot
15:31:38 DEBUG [Main] [Geode]:       Enabled cocos2d::CCKeyboardDispatcher::dispatchKeyboardMSG hook at 0x7443be70 for zilko.xdbot
15:31:38 DEBUG [Main] [Geode]:       Enabled GJBaseGameLayer::processCommands hook at 0x55d240 for zilko.xdbot
15:31:38 INFO  [Main] [Geode]: Took 0.136s
15:31:38 INFO  [Main] [Geode]: Continuing mod graph refresh...
15:31:38 DEBUG [Main] [Geode]:   Loading mods
15:31:38 DEBUG [Main] [Geode]:     hjfod.betteredit v6.3.3 has unresolved dependencies
15:31:38 INFO  [Main] [Geode]: Took 0.016s
15:31:38 INFO  [Main] [Geode]: Continuing mod graph refresh...
15:31:38 DEBUG [Main] [Geode]:   Loading mods
15:31:38 DEBUG [Main] [Geode]:     hjfod.gdshare v1.0.4 has unresolved dependencies
15:31:38 INFO  [Main] [Geode]: Took 0.016s
15:31:38 INFO  [Main] [Geode]: Continuing mod graph refresh...
15:31:38 DEBUG [Main] [Geode]:   Loading mods
15:31:38 DEBUG [Main] [Geode]:     hjfod.gmd-api v1.0.1
15:31:38 DEBUG [Mod Unzip] [Geode]:  Unzip
15:31:38 DEBUG [Mod Unzip] [Geode]:  Same hash detected, skipping unzip
15:31:38 DEBUG [Main] [Geode]:       Load
15:31:38 DEBUG [Main] [Geode]:       Loading binary for mod hjfod.gmd-api
15:31:38 INFO  [Main] [Geode]: Took 0.14s
15:31:38 INFO  [Main] [Geode]: Continuing mod graph refresh...
15:31:38 DEBUG [Main] [Geode]:   Loading mods
15:31:38 DEBUG [Main] [Geode]:     hjfod.gdshare v1.0.4
15:31:38 DEBUG [Mod Unzip] [Geode]:  Unzip
15:31:38 DEBUG [Mod Unzip] [Geode]:  Same hash detected, skipping unzip
15:31:38 DEBUG [Main] [Geode]:       Load
15:31:38 DEBUG [Main] [Geode]:       Loading binary for mod hjfod.gdshare
15:31:39 DEBUG [Main] [Geode]:       Enabled EditLevelLayer::init hook at 0x43c8e0 for hjfod.gdshare
15:31:39 DEBUG [Main] [Geode]:       Enabled LevelInfoLayer::init hook at 0x5f16a0 for hjfod.gdshare
15:31:39 DEBUG [Main] [Geode]:       Enabled LevelBrowserLayer::init hook at 0x5d2e60 for hjfod.gdshare
15:31:39 INFO  [Main] [Geode]: Took 0.14s
15:31:39 INFO  [Main] [Geode]: Continuing mod graph refresh...
15:31:39 DEBUG [Main] [Geode]:   Loading mods
15:31:39 DEBUG [Main] [Geode]:     mat.run-info v1.0.2
15:31:39 DEBUG [Mod Unzip] [Geode]:  Unzip
15:31:39 DEBUG [Mod Unzip] [Geode]:  Same hash detected, skipping unzip
15:31:39 DEBUG [Main] [Geode]:       Load
15:31:39 DEBUG [Main] [Geode]:       Loading binary for mod mat.run-info
15:31:39 DEBUG [Main] [Geode]:       Enabled PlayLayer::init hook at 0x67c4a0 for mat.run-info
15:31:39 DEBUG [Main] [Geode]:       Enabled PlayLayer::resetLevel hook at 0x68a130 for mat.run-info
15:31:39 DEBUG [Main] [Geode]:       Enabled PlayLayer::togglePracticeMode hook at 0x68ad30 for mat.run-info
15:31:39 INFO  [Main] [Geode]: Took 0.118s
15:31:39 INFO  [Main] [Geode]: Continuing mod graph refresh...
15:31:39 DEBUG [Main] [Geode]:   Loading mods
15:31:39 DEBUG [Main] [Geode]:     muhammadgames.bettermenu v1.0.4-beta.12
15:31:39 DEBUG [Mod Unzip] [Geode]:  Unzip
15:31:39 DEBUG [Mod Unzip] [Geode]:  Same hash detected, skipping unzip
15:31:39 INFO  [Main] [Geode]: Took 0.032s
15:31:39 INFO  [Main] [Geode]: Continuing mod graph refresh...
15:31:39 DEBUG [Main] [Geode]:   Loading mods
15:31:39 DEBUG [Main] [Geode]:     thesillydoggo.animatedprofiles v1.0.1
15:31:39 INFO  [Main] [Geode]: Took 0.016s
15:31:39 INFO  [Main] [Geode]: Continuing mod graph refresh...
15:31:39 DEBUG [Main] [Geode]:   Loading mods
15:31:39 DEBUG [Main] [Geode]:     thesillydoggo.entersearch v1.0.0
15:31:39 DEBUG [Mod Unzip] [Geode]:  Unzip
15:31:39 DEBUG [Mod Unzip] [Geode]:  Same hash detected, skipping unzip
15:31:39 DEBUG [Main] [Geode]:       Load
15:31:39 DEBUG [Main] [Geode]:       Loading binary for mod thesillydoggo.entersearch
15:31:39 DEBUG [Main] [Geode]:       Enabled FLAlertLayer::init hook at 0x3d0f60 for thesillydoggo.entersearch
15:31:39 DEBUG [Main] [Geode]:       Enabled LevelSearchLayer::init hook at 0x600f10 for thesillydoggo.entersearch
15:31:39 DEBUG [Main] [Geode]:       Enabled ShareCommentLayer::init hook at 0x726490 for thesillydoggo.entersearch
15:31:39 DEBUG [Main] [Geode]:       Enabled cocos2d::CCKeyboardDispatcher::dispatchKeyboardMSG hook at 0x7443be70 for thesillydoggo.entersearch
15:31:39 INFO  [Main] [Geode]: Took 0.085s
15:31:39 INFO  [Main] [Geode]: Continuing mod graph refresh...
15:31:39 DEBUG [Main] [Geode]:   Loading mods
15:31:39 DEBUG [Main] [Geode]:     TheSillyDoggo.GradientPages v2.1.0
15:31:39 DEBUG [Mod Unzip] [Geode]:  Unzip
15:31:39 DEBUG [Mod Unzip] [Geode]:  Same hash detected, skipping unzip
15:31:39 DEBUG [Main] [Geode]:       Load
15:31:39 DEBUG [Main] [Geode]:       Loading binary for mod TheSillyDoggo.GradientPages
15:31:39 DEBUG [Main] [Geode]:       Enabled ProfilePage::init hook at 0x68d080 for TheSillyDoggo.GradientPages
15:31:39 DEBUG [Main] [Geode]:       Enabled ProfilePage::loadPageFromUserInfo hook at 0x68dda0 for TheSillyDoggo.GradientPages
15:31:39 DEBUG [Main] [Geode]:       Enabled GJAccountSettingsLayer::init hook at 0x5a84f0 for TheSillyDoggo.GradientPages
15:31:39 DEBUG [Main] [Geode]:       Enabled FRequestProfilePage::init hook at 0x48ef90 for TheSillyDoggo.GradientPages
15:31:39 DEBUG [Main] [Geode]:       Enabled MessagesProfilePage::init hook at 0x61d1c0 for TheSillyDoggo.GradientPages
15:31:39 DEBUG [Main] [Geode]:       Enabled FriendsProfilePage::init hook at 0x490a10 for TheSillyDoggo.GradientPages
15:31:39 DEBUG [Main] [Geode]:       Enabled InfoLayer::init hook at 0x5c8810 for TheSillyDoggo.GradientPages
15:31:39 DEBUG [Main] [Geode]:       Enabled GJCommentListLayer::create hook at 0x5a7dc0 for TheSillyDoggo.GradientPages
15:31:39 DEBUG [Main] [Geode]:       Enabled ItemInfoPopup::init hook at 0x595b80 for TheSillyDoggo.GradientPages
15:31:39 DEBUG [Main] [Geode]:       Enabled ShardsPage::init hook at 0x724320 for TheSillyDoggo.GradientPages
15:31:39 DEBUG [Main] [Geode]:       Enabled CommunityCreditsPage::init hook at 0x408b10 for TheSillyDoggo.GradientPages
15:31:39 DEBUG [Main] [Geode]:       Enabled DemonFilterSelectLayer::init hook at 0x6073e0 for TheSillyDoggo.GradientPages
15:31:39 DEBUG [Main] [Geode]:       Enabled MoreSearchLayer::init hook at 0x6056b0 for TheSillyDoggo.GradientPages
15:31:39 DEBUG [Main] [Geode]:       Enabled ChallengesPage::init hook at 0x3fc560 for TheSillyDoggo.GradientPages
15:31:39 DEBUG [Main] [Geode]:       Enabled SetIDPopup::init hook at 0x5af980 for TheSillyDoggo.GradientPages
15:31:39 INFO  [Main] [Geode]: Took 0.094s
15:31:39 INFO  [Main] [Geode]: Continuing mod graph refresh...
15:31:39 DEBUG [Main] [Geode]:   Finding problems
15:31:39 DEBUG [Main] [Geode]:     capeling.icon_profile_2.2
15:31:39 DEBUG [Main] [Geode]:     geode.loader
15:31:39 DEBUG [Main] [Geode]:     elohmrow.death_tracker
15:31:39 DEBUG [Main] [Geode]:     absolllute.megahack
15:31:39 DEBUG [Main] [Geode]:     elnexreal.auto_priority
15:31:39 DEBUG [Main] [Geode]:     abb2k.backup is not enabled
15:31:39 DEBUG [Main] [Geode]:     coderqc.gdswearfilter
15:31:39 DEBUG [Main] [Geode]:     zilko.xdbot
15:31:39 DEBUG [Main] [Geode]:     bitz.customprofiles
15:31:39 DEBUG [Main] [Geode]:     colon.gold_user_coins
15:31:39 DEBUG [Main] [Geode]:     cj_link.fakemoderator
15:31:39 DEBUG [Main] [Geode]:     lexi.visiblecheckpoints
15:31:39 DEBUG [Main] [Geode]:     cvolton.betterinfo
15:31:39 DEBUG [Main] [Geode]:     tpdea.betterpause-Better is not enabled
15:31:39 DEBUG [Main] [Geode]:     dankmeme.globed2
15:31:39 ERROR [Main] [Geode]:       dankmeme.globed2 requires geode.custom-keybinds >=v1.2.3
15:31:39 DEBUG [Main] [Geode]:     elnexreal.copy_song_id
15:31:39 DEBUG [Main] [Geode]:     gdutilsdevs.gdutils
15:31:39 DEBUG [Main] [Geode]:     thesillydoggo.better_startpos_menu
15:31:39 DEBUG [Main] [Geode]:     geode.custom-keybinds is not enabled
15:31:39 DEBUG [Main] [Geode]:     geode.node-ids
15:31:39 DEBUG [Main] [Geode]:     hjfod.betteredit
15:31:39 ERROR [Main] [Geode]:       hjfod.betteredit requires geode.node-ids >=v1.6.0
15:31:39 ERROR [Main] [Geode]:       hjfod.betteredit requires geode.custom-keybinds >=v1.5.0
15:31:39 DEBUG [Main] [Geode]:     hjfod.gdshare
15:31:39 DEBUG [Main] [Geode]:     hjfod.gmd-api
15:31:39 DEBUG [Main] [Geode]:     mat.run-info
15:31:39 DEBUG [Main] [Geode]:     muhammadgames.bettermenu is not enabled
15:31:39 DEBUG [Main] [Geode]:     thesillydoggo.animatedprofiles
15:31:39 DEBUG [Main] [Geode]:     thesillydoggo.entersearch
15:31:39 DEBUG [Main] [Geode]:     TheSillyDoggo.GradientPages
15:31:39 INFO  [Main] [Geode]:   Took 0.002s
15:31:39 DEBUG [Main] [Geode]: Verifying Loader Resources
15:31:39 DEBUG [Main] [Geode]: Loading Loader Resources
15:31:39 DEBUG [Main] [Geode]: Loading mod resources
15:31:39 DEBUG [Main] [Geode]: Adding resources
15:31:39 DEBUG [Main] [Geode]:   geode.loader
15:31:39 DEBUG [Main] [Geode]:     Adding sheet geode.loader/LogoSheet
15:31:39 DEBUG [Main] [Geode]:     Adding sheet geode.loader/APISheet
15:31:39 DEBUG [Main] [Geode]:     Adding sheet geode.loader/BlankSheet
15:31:39 DEBUG [Main] [Geode]:   dankmeme.globed2
15:31:39 DEBUG [Main] [Geode]:     Adding sheet dankmeme.globed2/globedsheet1
15:31:39 DEBUG [Main] [Geode]:   geode.custom-keybinds
15:31:39 DEBUG [Main] [Geode]:     Adding sheet geode.custom-keybinds/KB_ControllerSheet
15:31:39 DEBUG [Main] [Geode]:   hjfod.betteredit
15:31:39 DEBUG [Main] [Geode]:     Adding sheet hjfod.betteredit/UISheet
15:31:39 DEBUG [Main] [Geode]:   hjfod.gdshare
15:31:39 DEBUG [Main] [Geode]:     Adding sheet hjfod.gdshare/GDShare
15:31:39 DEBUG [Main] [Geode]:   TheSillyDoggo.GradientPages
15:31:39 DEBUG [Main] [Geode]:     Adding sheet TheSillyDoggo.GradientPages/UISheet
15:31:50 DEBUG [Main] [Geode]: Checking updates for index
15:31:50 ERROR [Main] [Geode]: Mod ID 'tpdea.betterpause-Better' will be rejected in the future - IDs must match the regex `[a-z0-9\-_]+\.[a-z0-9\-_]+`
15:31:50 ERROR [Main] [Geode]: Mod ID 'TheSillyDoggo.GradientPages' will be rejected in the future - IDs must match the regex `[a-z0-9\-_]+\.[a-z0-9\-_]+`
15:31:51 DEBUG [Main] [Geode]: Enabled FMODChannelControl::setVolume hook at 0x69f7b180 for absolllute.megahack
15:31:51 DEBUG [Main] [Geode]: Enabled FMODChannelControl::setPitch hook at 0x69f7af00 for absolllute.megahack
15:31:51 DEBUG [Main] [Geode]: Enabled cocos2dCCParticleSystem::loadScaledDefaults hook at 0x7445bba0 for absolllute.megahack
15:31:51 DEBUG [Main] [Geode]: Enabled cocos2dCCTransitionFade::create hook at 0x74447710 for absolllute.megahack
15:31:51 DEBUG [Main] [Geode]: Enabled cocos2dCCTransitionMoveInT::create hook at 0x744481f0 for absolllute.megahack
15:31:51 DEBUG [Main] [Geode]: Enabled cocos2dCCDirector::drawScene hook at 0x744a2ae0 for absolllute.megahack
15:31:51 DEBUG [Main] [Geode]: Enabled cocos2dCCScheduler::update hook at 0x744a6db0 for absolllute.megahack
15:31:51 DEBUG [Main] [Geode]: Enabled cocos2dCCIMEDelegate::attachWithIME hook at 0x74499ea0 for absolllute.megahack
15:31:51 DEBUG [Main] [Geode]: Enabled cocos2dCCIMEDelegate::detachWithIME hook at 0x74499f20 for absolllute.megahack
15:31:51 DEBUG [Main] [Geode]: Enabled AppDelegate::trySaveGame hook at 0x3fb790 for absolllute.megahack
15:31:51 DEBUG [Main] [Geode]: Enabled GameStatsManager::isItemUnlocked hook at 0x516570 for absolllute.megahack
15:31:51 DEBUG [Main] [Geode]: Enabled ColorAction::setupFromString hook at 0x979950 for absolllute.megahack
15:31:51 DEBUG [Main] [Geode]: Enabled GameObject::createWithKey hook at 0x4d0330 for absolllute.megahack
15:31:51 DEBUG [Main] [Geode]: Enabled UILayer::init hook at 0x75ec10 for absolllute.megahack
15:31:51 DEBUG [Main] [Geode]: Enabled UILayer::keyDown hook at 0x75f930 for absolllute.megahack
15:31:51 DEBUG [Main] [Geode]: Enabled UILayer::keyUp hook at 0x75f950 for absolllute.megahack
15:31:51 DEBUG [Main] [Geode]: Enabled PauseLayer::customSetup hook at 0x6589f0 for absolllute.megahack
15:31:51 DEBUG [Main] [Geode]: Enabled PauseLayer::onResume hook at 0x659f30 for absolllute.megahack
15:31:51 DEBUG [Main] [Geode]: Enabled EndLevelLayer::customSetup hook at 0x4874f0 for absolllute.megahack
15:31:51 DEBUG [Main] [Geode]: Enabled EndLevelLayer::keyDown hook at 0x48a310 for absolllute.megahack
15:31:51 DEBUG [Main] [Geode]: Enabled ShaderLayer::visit hook at 0x723810 for absolllute.megahack
15:31:51 DEBUG [Main] [Geode]: Enabled LevelInfoLayer::onPlay hook at 0x5f55b0 for absolllute.megahack
15:31:51 DEBUG [Main] [Geode]: Enabled PlayerObject::togglePlayerScale hook at 0x679170 for absolllute.megahack
15:31:51 DEBUG [Main] [Geode]: Enabled GJBaseGameLayer::handleButton hook at 0x5569f0 for absolllute.megahack
15:31:51 DEBUG [Main] [Geode]: Enabled GJBaseGameLayer::processCommands hook at 0x55d240 for absolllute.megahack
15:31:51 DEBUG [Main] [Geode]: Enabled GJBaseGameLayer::resetLevelVariables hook at 0x55db10 for absolllute.megahack
15:31:51 DEBUG [Main] [Geode]: Enabled GJBaseGameLayer::init hook at 0x530290 for absolllute.megahack
15:31:51 DEBUG [Main] [Geode]: Enabled GJBaseGameLayer::visit hook at 0x568ea0 for absolllute.megahack
15:31:51 DEBUG [Main] [Geode]: Enabled PlayLayer::_destructor hook at 0x67c080 for absolllute.megahack
15:31:51 DEBUG [Main] [Geode]: Enabled PlayLayer::init hook at 0x67c4a0 for absolllute.megahack
15:31:51 DEBUG [Main] [Geode]: Enabled PlayLayer::startGame hook at 0x67dab0 for absolllute.megahack
15:31:51 DEBUG [Main] [Geode]: Enabled PlayLayer::onQuit hook at 0x68b480 for absolllute.megahack
15:31:51 DEBUG [Main] [Geode]: Enabled PlayLayer::postUpdate hook at 0x687220 for absolllute.megahack
15:31:51 DEBUG [Main] [Geode]: Enabled PlayLayer::addObject hook at 0x6819b0 for absolllute.megahack
15:31:51 DEBUG [Main] [Geode]: Enabled PlayLayer::destroyPlayer hook at 0x686730 for absolllute.megahack
15:31:51 DEBUG [Main] [Geode]: Enabled PlayLayer::resetLevel hook at 0x68a130 for absolllute.megahack
15:31:51 DEBUG [Main] [Geode]: Enabled PlayLayer::updateAttempts hook at 0x68ab40 for absolllute.megahack
15:31:51 DEBUG [Main] [Geode]: Enabled PlayLayer::pauseGame hook at 0x68ae80 for absolllute.megahack
15:31:51 DEBUG [Main] [Geode]: Enabled PlayLayer::createCheckpoint hook at 0x6876e0 for absolllute.megahack
15:31:51 DEBUG [Main] [Geode]: Enabled PlayLayer::markCheckpoint hook at 0x688550 for absolllute.megahack
15:31:51 DEBUG [Main] [Geode]: Enabled PlayLayer::storeCheckpoint hook at 0x6884a0 for absolllute.megahack
15:31:51 DEBUG [Main] [Geode]: Enabled PlayLayer::playEndAnimationToPos hook at 0x67fe00 for absolllute.megahack
15:31:51 DEBUG [Main] [Geode]: Enabled PlayLayer::playPlatformerEndAnimationToPos hook at 0x6805e0 for absolllute.megahack
15:31:51 DEBUG [Main] [Geode]: Enabled PlayLayer::applyEnterEffect hook at 0x6847d0 for absolllute.megahack
15:31:51 DEBUG [Main] [Geode]: Enabled PlayLayer::applyCustomEnterEffect hook at 0x683f50 for absolllute.megahack
15:31:51 DEBUG [Main] [Geode]: Enabled PlayLayer::updateProgressbar hook at 0x685440 for absolllute.megahack
15:31:51 DEBUG [Main] [Auto priority to high]: Trying to set the process priority to HIGH...
15:31:51 DEBUG [Main] [Auto priority to high]: Process priority is now set to HIGH.
15:31:51 INFO  [Main] [BetterInfo]: Music Library response: 1
15:31:51 DEBUG [Main] [Geode]: Downloading index
15:31:58 DEBUG [Index Update] [Geode]: Unzipping index
15:32:21 DEBUG [Index Update] [Geode]: Updating local index cache
15:32:37 WARN  [Index Update] [Geode]:   settings.randomise-main-menu-bg contains unknown key "platforms"
15:32:37 WARN  [Index Update] [Geode]:   settings.force-bg contains unknown key "platforms"
15:32:47 WARN  [Index Update] [Geode]:   settings.mouse-move-on-zoom contains unknown key "platforms"
15:32:47 WARN  [Index Update] [Geode]:   settings.grid-size-controls contains unknown key "platforms"
15:32:47 WARN  [Index Update] [Geode]:   settings.show-grid-on-size-change contains unknown key "platforms"
15:32:47 WARN  [Index Update] [Geode]:   settings.soft-save-enabled contains unknown key "platforms"
15:32:52 DEBUG [Index Update] [Geode]:   Done
15:33:07 DEBUG [Main] [Geode]: Installing geode.texture-loader
15:33:08 DEBUG [Main] [Geode]: Installed geode.texture-loader
15:33:40 DEBUG [Main] [Geode]: Installing hjfod.quick-volume-controls
15:33:41 DEBUG [Main] [Geode]: Installed hjfod.quick-volume-controls
15:35:59 WARN  [Main] [Geode]: Unhandled block enter type 1
15:35:59 WARN  [Main] [Geode]: Unhandled block leave type 1
15:36:04 DEBUG [Main] [Geode]: Installing fleym.nongd
15:36:05 DEBUG [Main] [Geode]: Installed fleym.nongd
15:36:09 INFO  [Main] [Geode]: Saving mod data...
15:36:09 DEBUG [Main] [Geode]:   capeling.icon_profile_2.2
15:36:09 DEBUG [Main] [Geode]:     Check covered
15:36:09 DEBUG [Main] [Geode]:   geode.loader
15:36:09 DEBUG [Main] [Geode]:     Check covered
15:36:09 DEBUG [Main] [Geode]:     Check if auto-check-updates is saved
15:36:09 DEBUG [Main] [Geode]:     Check if show-platform-console is saved
15:36:09 DEBUG [Main] [Geode]:     Check if disable-last-crashed-popup is saved
15:36:09 DEBUG [Main] [Geode]:     Check if auto-update-mods is saved
15:36:09 DEBUG [Main] [Geode]:   elohmrow.death_tracker
15:36:09 DEBUG [Main] [Geode]:     Check covered
15:36:09 DEBUG [Main] [Geode]:     Check if disable-tracking-completed-levels is saved
15:36:09 DEBUG [Main] [Geode]:   absolllute.megahack
15:36:09 DEBUG [Main] [Geode]:     Check covered
15:36:09 DEBUG [Main] [Geode]:   elnexreal.auto_priority
15:36:09 DEBUG [Main] [Geode]:     Check covered
15:36:09 DEBUG [Main] [Geode]:   abb2k.backup
15:36:09 DEBUG [Main] [Geode]:     Check covered
15:36:09 DEBUG [Main] [Geode]:     Check if Max_Auto_Backups is saved
15:36:09 DEBUG [Main] [Geode]:     Check if Auto_Backup is saved
15:36:09 DEBUG [Main] [Geode]:     Check if Button_In_Options_Menu is saved
15:36:09 DEBUG [Main] [Geode]:   coderqc.gdswearfilter
15:36:09 DEBUG [Main] [Geode]:     Check covered
15:36:09 DEBUG [Main] [Geode]:     Check if censor-comments is saved
15:36:09 DEBUG [Main] [Geode]:     Check if strict-mode is saved
15:36:09 DEBUG [Main] [Geode]:     Check if filter-profanity is saved
15:36:09 DEBUG [Main] [Geode]:     Check if censor-level-descriptions is saved
15:36:09 DEBUG [Main] [Geode]:     Check if filter-antilgbtq is saved
15:36:09 DEBUG [Main] [Geode]:     Check if filter-sexual is saved
15:36:09 DEBUG [Main] [Geode]:     Check if filter-racism is saved
15:36:09 DEBUG [Main] [Geode]:     Check if censor-level-names is saved
15:36:09 DEBUG [Main] [Geode]:     Check if relax-censor is saved
15:36:09 DEBUG [Main] [Geode]:   zilko.xdbot
15:36:09 DEBUG [Main] [Geode]:     Check covered
15:36:09 DEBUG [Main] [Geode]:     Check if speedhack is saved
15:36:09 DEBUG [Main] [Geode]:     Check if auto_safe_mode is saved
15:36:09 DEBUG [Main] [Geode]:     Check if speedhack_audio is saved
15:36:09 DEBUG [Main] [Geode]:     Check if override_macro_mode is saved
15:36:09 DEBUG [Main] [Geode]:     Check if frame_stepper is saved
15:36:09 DEBUG [Main] [Geode]:     Check if show_frame_label is saved
15:36:09 DEBUG [Main] [Geode]:     Check if end_button is saved
15:36:09 DEBUG [Main] [Geode]:     Check if auto_enable_play is saved
15:36:09 DEBUG [Main] [Geode]:     Check if show_recording_label is saved
15:36:09 DEBUG [Main] [Geode]:     Check if show_playing_label is saved
15:36:09 DEBUG [Main] [Geode]:     Check if disable_frame_stepper is saved
15:36:09 DEBUG [Main] [Geode]:     Check if disable_speedhack is saved
15:36:09 DEBUG [Main] [Geode]:     Check if vanilla is saved
15:36:09 DEBUG [Main] [Geode]:     Check if frame_fix is saved
15:36:09 DEBUG [Main] [Geode]:   bitz.customprofiles
15:36:09 DEBUG [Main] [Geode]:     Check covered
15:36:09 DEBUG [Main] [Geode]:     Check if Normal-colors is saved
15:36:09 DEBUG [Main] [Geode]:     Check if No-corners is saved
15:36:09 DEBUG [Main] [Geode]:     Check if Disable-info-button is saved
15:36:09 DEBUG [Main] [Geode]:     Check if Invert-Colors is saved
15:36:09 DEBUG [Main] [Geode]:     Check if Round-corners is saved
15:36:09 DEBUG [Main] [Geode]:     Check if Square-corners is saved
15:36:09 DEBUG [Main] [Geode]:     Check if Animate-colors is saved
15:36:09 DEBUG [Main] [Geode]:   colon.gold_user_coins
15:36:09 DEBUG [Main] [Geode]:     Check covered
15:36:09 DEBUG [Main] [Geode]:   cj_link.fakemoderator
15:36:09 DEBUG [Main] [Geode]:     Check covered
15:36:09 DEBUG [Main] [Geode]:     Check if mod-type is saved
15:36:10 DEBUG [Main] [Geode]:   lexi.visiblecheckpoints
15:36:10 DEBUG [Main] [Geode]:     Check covered
15:36:10 DEBUG [Main] [Geode]:     Check if progress-bar-opacity is saved
15:36:10 DEBUG [Main] [Geode]:     Check if progress-bar-crowding is saved
15:36:10 DEBUG [Main] [Geode]:   cvolton.betterinfo
15:36:10 DEBUG [Main] [Geode]:     Check covered
15:36:10 DEBUG [Main] [Geode]:     Check if fix-green-users is saved
15:36:10 DEBUG [Main] [Geode]:     Check if show-comment-ids is saved
15:36:10 DEBUG [Main] [Geode]:     Check if white-id is saved
15:36:10 DEBUG [Main] [Geode]:     Check if level-info is saved
15:36:10 DEBUG [Main] [Geode]:     Check if alt-button is saved
15:36:10 DEBUG [Main] [Geode]:     Check if auto-submit is saved
15:36:10 DEBUG [Main] [Geode]:   tpdea.betterpause-Better
15:36:10 DEBUG [Main] [Geode]:     Check covered
15:36:10 DEBUG [Main] [Geode]:     Check if level-editor-hack is saved
15:36:10 DEBUG [Main] [Geode]:     Check if show-comment-button is saved
15:36:10 DEBUG [Main] [Geode]:     Check if disable-arrow-blink is saved
15:36:10 DEBUG [Main] [Geode]:   dankmeme.globed2
15:36:10 DEBUG [Main] [Geode]:     Check covered
15:36:10 DEBUG [Main] [Geode]:     Check if force-skip-preload is saved
15:36:10 DEBUG [Main] [Geode]:   elnexreal.copy_song_id
15:36:10 DEBUG [Main] [Geode]:     Check covered
15:36:10 DEBUG [Main] [Geode]:   gdutilsdevs.gdutils
15:36:10 DEBUG [Main] [Geode]:     Check covered
15:36:10 DEBUG [Main] [Geode]:     Check if everywhereElse is saved
15:36:10 DEBUG [Main] [Geode]:     Check if weekly is saved
15:36:10 DEBUG [Main] [Geode]:     Check if daily is saved
15:36:10 DEBUG [Main] [Geode]:     Check if spotify-section is saved
15:36:10 DEBUG [Main] [Geode]:     Check if inEditor is saved
15:36:10 DEBUG [Main] [Geode]:     Check if inLevels is saved
15:36:10 DEBUG [Main] [Geode]:     Check if misc-section is saved
15:36:10 DEBUG [Main] [Geode]:     Check if customDifficultyFaces is saved
15:36:10 DEBUG [Main] [Geode]:     Check if newRate is saved
15:36:10 DEBUG [Main] [Geode]:     Check if sfx is saved
15:36:10 DEBUG [Main] [Geode]:     Check if spotifyApp is saved
15:36:10 DEBUG [Main] [Geode]:     Check if size is saved
15:36:10 DEBUG [Main] [Geode]:     Check if time is saved
15:36:10 DEBUG [Main] [Geode]:     Check if test-notification is saved
15:36:10 DEBUG [Main] [Geode]:     Check if demonListPlacement is saved
15:36:10 DEBUG [Main] [Geode]:     Check if inEditorSpotify is saved
15:36:10 DEBUG [Main] [Geode]:     Check if inLevelsSpotify is saved
15:36:10 DEBUG [Main] [Geode]:     Check if friendSearch is saved
15:36:10 DEBUG [Main] [Geode]:     Check if notificationPlacement is saved
15:36:10 DEBUG [Main] [Geode]:     Check if notification-section is saved
15:36:10 DEBUG [Main] [Geode]:     Check if notification-placement-section is saved
15:36:10 DEBUG [Main] [Geode]:     Check if notification-appearance-section is saved
15:36:10 DEBUG [Main] [Geode]:     Check if credits-section is saved
15:36:10 DEBUG [Main] [Geode]:     Check if credit-buttons is saved
15:36:10 DEBUG [Main] [Geode]:   thesillydoggo.better_startpos_menu
15:36:10 DEBUG [Main] [Geode]:     Check covered
15:36:10 DEBUG [Main] [Geode]:   geode.custom-keybinds
15:36:10 DEBUG [Main] [Geode]:     Check covered
15:36:10 DEBUG [Main] [Geode]:   geode.node-ids
15:36:10 DEBUG [Main] [Geode]:     Check covered
15:36:10 DEBUG [Main] [Geode]:   hjfod.betteredit
15:36:10 DEBUG [Main] [Geode]:     Check covered
15:36:10 DEBUG [Main] [Geode]:     Check if larger-color-menu is saved
15:36:10 DEBUG [Main] [Geode]:     Check if mouse-move-on-zoom is saved
15:36:10 DEBUG [Main] [Geode]:     Check if scale-factor is saved
15:36:10 DEBUG [Main] [Geode]:     Check if better-font-select is saved
15:36:10 DEBUG [Main] [Geode]:     Check if scale-pause is saved
15:36:10 DEBUG [Main] [Geode]:     Check if scale-build-tabs is saved
15:36:10 DEBUG [Main] [Geode]:     Check if new-color-menu is saved
15:36:10 DEBUG [Main] [Geode]:     Check if show-zoom-text is saved
15:36:10 ERROR [Main] [Geode]:     Unable to save settings: Unable to open file
15:36:10 ERROR [Main] [Geode]:     Unable to save values: Unable to open file
15:36:10 DEBUG [Main] [Geode]:   hjfod.gdshare
15:36:10 DEBUG [Main] [Geode]:     Check covered
15:36:10 DEBUG [Main] [Geode]:   hjfod.gmd-api
15:36:10 DEBUG [Main] [Geode]:     Check covered
15:36:10 DEBUG [Main] [Geode]:   mat.run-info
15:36:10 DEBUG [Main] [Geode]:     Check covered
15:36:10 DEBUG [Main] [Geode]:     Check if show-mode is saved
15:36:10 DEBUG [Main] [Geode]:     Check if position-top is saved
15:36:10 DEBUG [Main] [Geode]:     Check if position-left is saved
15:36:10 DEBUG [Main] [Geode]:     Check if show-icon is saved
15:36:10 DEBUG [Main] [Geode]:     Check if show-from is saved
15:36:10 DEBUG [Main] [Geode]:     Check if use-start-pos is saved
15:36:10 DEBUG [Main] [Geode]:   muhammadgames.bettermenu
15:36:10 DEBUG [Main] [Geode]:     Check covered
15:36:10 DEBUG [Main] [Geode]:     Check if ShortcutWeekly is saved
15:36:10 DEBUG [Main] [Geode]:     Check if RunMainMenu is saved
15:36:10 DEBUG [Main] [Geode]:     Check if ShortcutMyLevel is saved
15:36:10 DEBUG [Main] [Geode]:     Check if ShortcutSavedLevels is saved
15:36:10 DEBUG [Main] [Geode]:     Check if ShortcutSearch is saved
15:36:10 DEBUG [Main] [Geode]:     Check if replacename is saved
15:36:10 DEBUG [Main] [Geode]:     Check if ShortcutDaily is saved
15:36:10 DEBUG [Main] [Geode]:     Check if HideName is saved
15:36:10 DEBUG [Main] [Geode]:     Check if MoveMenuPos is saved
15:36:10 DEBUG [Main] [Geode]:     Check if MoveMenuPosFlip is saved
15:36:10 DEBUG [Main] [Geode]:     Check if RightSide is saved
15:36:10 DEBUG [Main] [Geode]:   thesillydoggo.animatedprofiles
15:36:10 DEBUG [Main] [Geode]:     Check covered
15:36:10 DEBUG [Main] [Geode]:   thesillydoggo.entersearch
15:36:10 DEBUG [Main] [Geode]:     Check covered
15:36:10 DEBUG [Main] [Geode]:   TheSillyDoggo.GradientPages
15:36:10 DEBUG [Main] [Geode]:     Check covered
15:36:10 DEBUG [Main] [Geode]:     Check if apply-filter is saved
15:36:10 DEBUG [Main] [Geode]:     Check if apply-credits is saved
15:36:10 DEBUG [Main] [Geode]:     Check if apply-profiles is saved
15:36:10 DEBUG [Main] [Geode]:     Check if apply-unlock is saved
15:36:10 DEBUG [Main] [Geode]:     Check if apply-info-layer is saved
15:36:10 DEBUG [Main] [Geode]:     Check if apply-pagesel is saved
15:36:10 DEBUG [Main] [Geode]:     Check if apply-shards is saved
15:36:10 DEBUG [Main] [Geode]:     Check if apply-demon is saved
15:36:10 DEBUG [Main] [Geode]:     Check if apply-quests is saved
15:36:10 DEBUG [Main] [Geode]:     Check if reverse-order is saved
15:36:10 DEBUG [Main] [Geode]:     Check if use-custom-colours is saved
15:36:10 DEBUG [Main] [Geode]:     Check if primary-colour is saved
15:36:10 DEBUG [Main] [Geode]:     Check if secondary-colour is saved
15:36:10 INFO  [Main] [Geode]:   Took 0.08s
