21:48:20 [Geode]: Set up platform crash logger
21:48:20 [Geode]: Setting up Loader...
21:48:20 [Geode]: Set up internal mod representation
21:48:20 [Geode]: Loading hooks... 
21:48:20 [Geode]: Enabling hook at function cocos2d::CCFileUtils::sharedFileUtils with address 69B65DC0
21:48:20 [Geode]: Enabling hook at function cocos2d::CCNode::getUserObject with address 69AFF570
21:48:20 [Geode]: Enabling hook at function cocos2d::CCNode::setUserObject with address 69B00700
21:48:20 [Geode]: Enabling hook at function LoadingLayer::init with address 0047C080
21:48:20 [Geode]: Enabling hook at function LoadingLayer::loadAssets with address 0047C8E0
21:48:20 [Geode]: Enabling hook at function GJBaseGameLayer::collectItem with address 00401890
21:48:20 [Geode]: Enabling hook at function GJBaseGameLayer::collectedObject with address 00401830
21:48:20 [Geode]: Enabling hook at function cocos2d::CCTouchDispatcher::addTargetedDelegate with address 69B95020
21:48:20 [Geode]: Enabling hook at function cocos2d::CCTouchDispatcher::decrementForcePrio with address 69B950A0
21:48:20 [Geode]: Enabling hook at function cocos2d::CCTouchDispatcher::incrementForcePrio with address 69B95320
21:48:20 [Geode]: Enabling hook at function AchievementNotifier::willSwitchToScene with address 002FFEA0
21:48:20 [Geode]: Enabling hook at function AppDelegate::trySaveGame with address 0032D5E0
21:48:20 [Geode]: Enabling hook at function cocos2d::CCScheduler::update with address 69BA3430
21:48:20 [Geode]: Enabling hook at function LoadingLayer::loadAssets with address 0047C8E0
21:48:20 [Geode]: Enabling hook at function CCTextInputNode::init with address 00310E50
21:48:20 [Geode]: Enabling hook at function CCTextInputNode::updateLabel with address 00311190
21:48:20 [Geode]: Enabling hook at function CreatorLayer::init with address 0033DE40
21:48:20 [Geode]: Enabling hook at function CustomSongWidget::init with address 003585B0
21:48:20 [Geode]: Enabling hook at function CustomizeObjectLayer::init with address 00343E00
21:48:20 [Geode]: Enabling hook at function CustomizeObjectLayer::toggleVisible with address 00346FB0
21:48:20 [Geode]: Enabling hook at function EditLevelLayer::init with address 0035F5D0
21:48:20 [Geode]: Enabling hook at function EditorPauseLayer::init with address 003630E0
21:48:20 [Geode]: Enabling hook at function EditorUI::init with address 00366310
21:48:20 [Geode]: Enabling hook at function GJGarageLayer::init with address 004155D0
21:48:20 [Geode]: Enabling hook at function LevelBrowserLayer::init with address 0044A040
21:48:20 [Geode]: Enabling hook at function LevelInfoLayer::init with address 00465DF0
21:48:20 [Geode]: Enabling hook at function LevelSearchLayer::init with address 0046DA60
21:48:20 [Geode]: Enabling hook at function LevelSettingsLayer::init with address 00460E50
21:48:20 [Geode]: Enabling hook at function PauseLayer::customSetup with address 004D4620
21:48:20 [Geode]: Enabling hook at function UILayer::init with address 0054F3B0
21:48:20 [Geode]: Enabling hook at function LoadingLayer::loadAssets with address 0047C8E0
21:48:20 [Geode]: Enabling hook at function MenuLayer::init with address 004807B0
21:48:20 [Geode]: Loaded hooks
21:48:20 [Geode]: Setting up IPC...
21:48:20 [Geode]: IPC set up
21:48:20 [Geode]: Refreshing mod graph...
21:48:20 [Geode]:   Queueing mods
21:48:20 [Geode]:     Searching "C:\\Program Files (x86)\\Steam\\steamapps\\common\\Geometry Dash\\geode\\mods"
21:48:20 [Geode]:       Found "alk.editorcollab.geode"
21:48:20 [Geode]:         id: alk.editorcollab
21:48:20 [Geode]:         version: v1.12.4-beta
21:48:20 [Geode]:         early: no
21:48:20 [Geode]:       Found "alk.fps-shower.geode"
21:48:20 [Geode]:         id: alk.fps-shower
21:48:20 [Geode]:         version: v1.0.1
21:48:20 [Geode]:         early: no
21:48:20 [Geode]:       Found "camila314.acbypass.geode"
21:48:20 [Geode]:         id: camila314.acbypass
21:48:20 [Geode]:         version: v1.0.0
21:48:20 [Geode]:         early: no
21:48:20 [Geode]:       Found "camila314.demonlist-button.geode"
21:48:20 [Geode]:         id: camila314.demonlist-button
21:48:20 [Geode]:         version: v1.0.0
21:48:20 [Geode]:         early: no
21:48:20 [Geode]:       Found "camila314.noclip.geode"
21:48:20 [Geode]:         camila314.noclip: [mod.json].required has been deprecated and will be removed in a future update. Use importance instead (see TODO: DOCS LINK)
21:48:20 [Geode]:         id: camila314.noclip
21:48:20 [Geode]:         version: v1.0.0
21:48:20 [Geode]:         early: no
21:48:20 [Geode]:       Found "chs.confirmquit.geode"
21:48:20 [Geode]:         id: chs.confirmquit
21:48:20 [Geode]:         version: v1.0.0
21:48:20 [Geode]:         early: no
21:48:20 [Geode]:       Found "chs000.modmenutest.geode"
21:48:20 [Geode]:         chs000.modmenutest: [mod.json].required has been deprecated and will be removed in a future update. Use importance instead (see TODO: DOCS LINK)
21:48:20 [Geode]:         chs000.modmenutest: [mod.json].required has been deprecated and will be removed in a future update. Use importance instead (see TODO: DOCS LINK)
21:48:20 [Geode]:         id: chs000.modmenutest
21:48:20 [Geode]:         version: v0.1.2
21:48:20 [Geode]:         early: no
21:48:20 [Geode]:       Found "cvolton.betterinfo.geode"
21:48:20 [Geode]:         id: cvolton.betterinfo
21:48:20 [Geode]:         version: v3.0.2
21:48:20 [Geode]:         early: no
21:48:20 [Geode]:       Found "cvolton.capacity_fix.geode"
21:48:20 [Geode]:         id: cvolton.capacity_fix
21:48:20 [Geode]:         version: v1.0.1
21:48:20 [Geode]:         early: no
21:48:20 [Geode]:       Found "hjfod.custom-keybinds.geode"
21:48:20 [Geode]:         id: hjfod.custom-keybinds
21:48:20 [Geode]:         version: v1.0.0
21:48:20 [Geode]:         early: no
21:48:20 [Geode]:       Found "mat.fps-bypass.geode"
21:48:20 [Geode]:         id: mat.fps-bypass
21:48:20 [Geode]:         version: v1.0.3
21:48:20 [Geode]:         early: no
21:48:20 [Geode]:       Found "mat.practice-music.geode"
21:48:20 [Geode]:         id: mat.practice-music
21:48:20 [Geode]:         version: v1.0.3
21:48:20 [Geode]:         early: no
21:48:20 [Geode]:       Found "mat.scroll-zoom.geode"
21:48:20 [Geode]:         id: mat.scroll-zoom
21:48:20 [Geode]:         version: v1.0.0
21:48:20 [Geode]:         early: no
21:48:20 [Geode]:       Found "rlt.gd-platformer.geode"
21:48:20 [Geode]:         id: rlt.gd-platformer
21:48:20 [Geode]:         version: v1.0.0
21:48:20 [Geode]:         early: no
21:48:20 [Geode]:       Found "ruslan.apm.geode"
21:48:20 [Geode]:         id: ruslan.apm
21:48:20 [Geode]:         version: v1.0.0
21:48:20 [Geode]:         early: no
21:48:20 [Geode]:   Populating mod list
21:48:20 [Geode]:     alk.editorcollab v1.12.4-beta
21:48:20 [Geode]:     alk.fps-shower v1.0.1
21:48:21 [Geode]:     camila314.acbypass v1.0.0
21:48:21 [Geode]:     camila314.demonlist-button v1.0.0
21:48:21 [Geode]:     camila314.noclip v1.0.0
21:48:21 [Geode]:     chs.confirmquit v1.0.0
21:48:21 [Geode]:     chs000.modmenutest v0.1.2
21:48:21 [Geode]:     cvolton.betterinfo v3.0.2
21:48:21 [Geode]:     cvolton.capacity_fix v1.0.1
21:48:21 [Geode]:     hjfod.custom-keybinds v1.0.0
21:48:21 [Geode]:     mat.fps-bypass v1.0.3
21:48:21 [Geode]:     mat.practice-music v1.0.3
21:48:21 [Geode]:     mat.scroll-zoom v1.0.0
21:48:22 [Geode]:     rlt.gd-platformer v1.0.0
21:48:22 [Geode]:     ruslan.apm v1.0.0
21:48:22 [Geode]:   Building mod graph
21:48:22 [Geode]:     camila314.acbypass
21:48:22 [Geode]:       geode.loader
21:48:22 [Geode]:     chs.confirmquit
21:48:22 [Geode]:       geode.loader
21:48:22 [Geode]:     geode.loader
21:48:22 [Geode]:     alk.editorcollab
21:48:22 [Geode]:       geode.loader
21:48:22 [Geode]:     alk.fps-shower
21:48:22 [Geode]:       geode.loader
21:48:22 [Geode]:     camila314.demonlist-button
21:48:22 [Geode]:       geode.loader
21:48:22 [Geode]:     camila314.noclip
21:48:22 [Geode]:       geode.loader
21:48:22 [Geode]:       camila314.acbypass
21:48:22 [Geode]:     chs000.modmenutest
21:48:22 [Geode]:       geode.loader
21:48:22 [Geode]:       camila314.acbypass
21:48:22 [Geode]:       hjfod.custom-keybinds
21:48:22 [Geode]:     cvolton.betterinfo
21:48:22 [Geode]:       geode.loader
21:48:22 [Geode]:     cvolton.capacity_fix
21:48:22 [Geode]:       geode.loader
21:48:22 [Geode]:     hjfod.custom-keybinds
21:48:22 [Geode]:       geode.loader
21:48:22 [Geode]:     mat.fps-bypass
21:48:22 [Geode]:       geode.loader
21:48:22 [Geode]:     mat.practice-music
21:48:22 [Geode]:       geode.loader
21:48:22 [Geode]:     mat.scroll-zoom
21:48:22 [Geode]:       geode.loader
21:48:22 [Geode]:     rlt.gd-platformer
21:48:22 [Geode]:       geode.loader
21:48:22 [Geode]:     ruslan.apm
21:48:22 [Geode]:       geode.loader
21:48:22 [Geode]:   Loading early mods
21:48:22 [Geode]:   Took 1.589s. Continuing next frame...
21:48:22 [Geode]: Set up loader
21:48:22 [Geode]: Entry done.
21:48:26 [Geode]: Adding resources for alk.editorcollab
21:48:26 [Geode]: Adding sheet alk.editorcollab/TulipEditor
21:48:26 [Geode]: Continuing mod graph refresh...
21:48:26 [Geode]:   Loading mods
21:48:26 [Geode]:     camila314.acbypass v1.0.0
21:48:26 [Geode]:       Load
21:48:26 [Geode]:       Loading binary for mod camila314.acbypass
21:48:26 [Geode]:       Enable
21:48:26 [Geode]:       Enabling hook at function PlayLayer::update with address 004F29C0
21:48:26 [Geode]:       camila314.noclip v1.0.0
21:48:26 [Geode]:         Load
21:48:26 [Geode]:         Loading binary for mod camila314.noclip
21:48:26 [Geode]:   Took 0.164s
21:48:26 [Geode]: Continuing mod graph refresh...
21:48:26 [Geode]:   Loading mods
21:48:26 [Geode]:     chs.confirmquit v1.0.0
21:48:26 [Geode]:       Load
21:48:26 [Geode]:       Loading binary for mod chs.confirmquit
21:48:27 [Geode]:       Enable
21:48:27 [Geode]:       Enabling hook at function PauseLayer::onQuit with address 004D63D0
21:48:27 [Geode]:   Took 0.071s
21:48:27 [Geode]: Continuing mod graph refresh...
21:48:27 [Geode]:   Loading mods
21:48:27 [Geode]:     alk.editorcollab v1.12.4-beta
21:48:27 [Geode]:       Load
21:48:27 [Geode]:       Loading binary for mod alk.editorcollab
21:48:27 [Editor Collab]:       Loaded
21:48:27 [Geode]:       Enable
21:48:27 [Geode]:       Enabling hook at function EditorUI::moveObject with address 0037DDB0
21:48:27 [Geode]:       Enabling hook at function EditorUI::init with address 00366310
21:48:27 [Geode]:       Enabling hook at function EditorUI::onPause with address 00368020
21:48:27 [Geode]:       Enabling hook at function EditorUI::showUI with address 00377180
21:48:27 [Geode]:       Enabling hook at function LevelBrowserLayer::init with address 0044A040
21:48:27 [Geode]:       Enabling hook at function GManager::saveGMTo with address 00319250
21:48:27 [Geode]:       Enabling hook at function EditorPauseLayer::init with address 003630E0
21:48:27 [Geode]:       Enabling hook at function EditorPauseLayer::onSave with address 003655A0
21:48:27 [Geode]:       Enabling hook at function EditorPauseLayer::onSaveAndExit with address 00365620
21:48:27 [Geode]:       Enabling hook at function EditorPauseLayer::onSaveAndPlay with address 003653D0
21:48:27 [Geode]:       Enabling hook at function PauseLayer::goEdit with address 004D62F0
21:48:27 [Geode]:       Enabling hook at function PauseLayer::onQuit with address 004D63D0
21:48:27 [Geode]:       Enabling hook at function CreatorLayer::init with address 0033DE40
21:48:27 [Geode]:       Enabling hook at function GameManager::returnToLastScene with address 003BE6A0
21:48:27 [Geode]:       Enabling hook at function SetGroupIDLayer::init with address 0051B670
21:48:27 [Geode]:       Enabling hook at function EndLevelLayer::onEdit with address 00386D30
21:48:27 [Geode]:       Enabling hook at function EndLevelLayer::onMenu with address 00386C10
21:48:27 [Geode]:       Enabling hook at function LevelEditorLayer::addToUndoList with address 00452410
21:48:27 [Geode]:       Enabling hook at function LevelEditorLayer::handleAction with address 00452010
21:48:27 [Geode]:       Enabling hook at function EditorUI::updateButtons with address 00368280
21:48:27 [Geode]:       Enabling hook at function EditorUI::onDelete with address 0036B8D0
21:48:27 [Geode]:       Enabling hook at function EditorUI::onDeleteSelected with address 0036BF50
21:48:27 [Geode]:       Enabling hook at function EditorUI::onDeleteSelectedType with address 0036C480
21:48:27 [Geode]:       Enabling hook at function EditorUI::onDuplicate with address 00377D20
21:48:27 [Geode]:       Enabling hook at function EditorUI::onPaste with address 003780C0
21:48:27 [Geode]:       Enabling hook at function CCMenuItemSpriteExtra::activate with address 003091C0
21:48:27 [Geode]:       Enabling hook at function CCMenuItemToggler::activate with address 003098D0
21:48:27 [Geode]:       Enabling hook at function ColorSelectPopup::closeColorSelect with address 00336D80
21:48:27 [Geode]:       Enabling hook at function ColorSelectPopup::init with address 00333AE0
21:48:27 [Geode]:       Enabling hook at function ColorSelectLiveOverlay::init with address 00331DB0
21:48:27 [Geode]:       Enabling hook at function EditorUI::rotateObjects with address 0037EE80
21:48:27 [Geode]:       Enabling hook at function EditorUI::scaleObjects with address 0037F150
21:48:27 [Geode]:       Enabling hook at function GameObject::deselectObject with address 003DEE50
21:48:27 [Geode]:       Enabling hook at function EditorUI::deleteObject with address 0036BED0
21:48:27 [Geode]:       Enabling hook at function GameObject::createWithKey with address 003BF4F0
21:48:27 [Geode]:       Enabling hook at function EditorUI::createCustomItems with address 0036A370
21:48:27 [Geode]:       Enabling hook at function EditorUI::onCreate with address 00375680
21:48:27 [Geode]:       Enabling hook at function EditorUI::setupCreateMenu with address 0036CAF0
21:48:27 [Geode]:       Enabling hook at function EditorUI::selectObject with address 00376250
21:48:27 [Geode]:       Enabling hook at function EditorUI::selectObjects with address 003764A0
21:48:27 [Geode]:       Enabling hook at function EditorUI::deselectAll with address 00376AF0
21:48:27 [Geode]:       Enabling hook at function EditorUI::deselectObject with address 00376A50
21:48:27 [Geode]:       Enabling hook at function EditorUI::keyDown with address 00381A30
21:48:27 [Geode]:       Enabling hook at function EditorUI::ccTouchBegan with address 003807B0
21:48:27 [Geode]:       Enabling hook at function EditorUI::ccTouchEnded with address 003811A0
21:48:27 [Geode]:       Enabling hook at function cocos2d::CCLayerColor::initWithColor with address 69B42AE0
21:48:27 [Geode]:       Enabling hook at function cocos2d::CCLayer::setKeypadEnabled with address 69B43450
21:48:27 [Geode]:       Enabling hook at function LevelEditorLayer::init with address 0044EE00
21:48:27 [Editor Collab]:       Enabled
21:48:27 [Geode]:   Took 0.102s
21:48:27 [Geode]: Continuing mod graph refresh...
21:48:27 [Geode]:   Loading mods
21:48:27 [Geode]:     alk.fps-shower v1.0.1
21:48:27 [Geode]:       Load
21:48:27 [Geode]:       Loading binary for mod alk.fps-shower
21:48:27 [Geode]:       Enable
21:48:27 [Geode]:       Enabling hook at function LoadingLayer::init with address 0047C080
21:48:27 [Geode]:       Enabling hook at function MenuLayer::init with address 004807B0
21:48:27 [FPS Shower]:       Enabled
21:48:27 [Geode]:   Took 0.081s
21:48:27 [Geode]: Continuing mod graph refresh...
21:48:27 [Geode]:   Loading mods
21:48:27 [Geode]:     camila314.demonlist-button v1.0.0
21:48:27 [Geode]:       Load
21:48:27 [Geode]:       Loading binary for mod camila314.demonlist-button
21:48:27 [Geode]:       Enable
21:48:27 [Geode]:       Enabling hook at function LevelSearchLayer::init with address 0046DA60
21:48:27 [Geode]:       Enabling hook at function GameLevelManager::ProcessHttpRequest with address 0038F8E0
21:48:27 [Geode]:   Took 0.067s
21:48:27 [Geode]: Continuing mod graph refresh...
21:48:27 [Geode]:   Loading mods
21:48:27 [Geode]:     camila314.noclip v1.0.0
21:48:27 [Geode]:   Took 0s
21:48:27 [Geode]: Continuing mod graph refresh...
21:48:27 [Geode]:   Loading mods
21:48:27 [Geode]:   Took 0s
21:48:27 [Geode]: Continuing mod graph refresh...
21:48:27 [Geode]:   Loading mods
21:48:27 [Geode]:     cvolton.betterinfo v3.0.2
21:48:27 [Geode]:       Load
21:48:27 [Geode]:       Loading binary for mod cvolton.betterinfo
21:48:27 [BetterInfo]:       Setting up Page Limit Bypass
21:48:27 [BetterInfo]:       Performing Windows specific loading steps
21:48:27 [Geode]:       Enable
21:48:27 [Geode]:       Enabling hook at function CommentCell::FLAlert_Clicked with address 00351260
21:48:27 [Geode]:       Enabling hook at function CommentCell::loadFromComment with address 0034F3D0
21:48:27 [Geode]:       Enabling hook at function CommentCell::onConfirmDelete with address 00351140
21:48:27 [Geode]:       Enabling hook at function CommentCell::onLike with address 00350F90
21:48:27 [Geode]:       Enabling hook at function CreatorLayer::init with address 0033DE40
21:48:27 [Geode]:       Enabling hook at function CreatorLayer::onChallenge with address 0033F1B0
21:48:27 [Geode]:       Enabling hook at function CreatorLayer::sceneWillResume with address 0033FB50
21:48:27 [Geode]:       Enabling hook at function DailyLevelPage::init with address 0035A900
21:48:27 [Geode]:       Enabling hook at function DailyLevelPage::updateTimers with address 0035BEF0
21:48:27 [Geode]:       Enabling hook at function EditLevelLayer::init with address 0035F5D0
21:48:27 [Geode]:       Enabling hook at function EditLevelLayer::onLevelInfo with address 00360660
21:48:27 [Geode]:       Enabling hook at function GameLevelManager::getCompletedLevels with address 00392D20
21:48:27 [Geode]:       Enabling hook at function GameLevelManager::getSavedLevels with address 00392960
21:48:27 [Geode]:       Enabling hook at function GameLevelManager::limitSavedLevels with address 003943B0
21:48:27 [Geode]:       Enabling hook at function GameLevelManager::userNameForUserID with address 00391C20
21:48:27 [Geode]:       Enabling hook at function InfoLayer::init with address 0043F5A0
21:48:27 [Geode]:       Enabling hook at function InfoLayer::loadPage with address 00441E70
21:48:27 [Geode]:       Enabling hook at function InfoLayer::onLevelInfo with address 00441850
21:48:27 [Geode]:       Enabling hook at function InfoLayer::onMore with address 00441500
21:48:27 [Geode]:       Enabling hook at function InfoLayer::setupCommentsBrowser with address 00442270
21:48:27 [Geode]:       Enabling hook at function LeaderboardsLayer::init with address 004487B0
21:48:27 [Geode]:       Enabling hook at function LevelBrowserLayer::init with address 0044A040
21:48:27 [Geode]:       Enabling hook at function LevelBrowserLayer::updateLevelsLabel with address 0044C350
21:48:27 [Geode]:       Enabling hook at function LevelCell::loadCustomLevelCell with address 0034A020
21:48:27 [Geode]:       Enabling hook at function LevelCell::onViewProfile with address 0034C790
21:48:27 [Geode]:       Enabling hook at function LevelInfoLayer::init with address 00465DF0
21:48:27 [Geode]:       Enabling hook at function LevelInfoLayer::onLevelInfo with address 0046ACF0
21:48:27 [Geode]:       Enabling hook at function LevelInfoLayer::onViewProfile with address 0046AC90
21:48:27 [Geode]:       Enabling hook at function LevelLeaderboard::init with address 0046C4F0
21:48:27 [Geode]:       Enabling hook at function LevelPage::onInfo with address 00479070
21:48:27 [Geode]:       Enabling hook at function LevelSearchLayer::getSearchObject with address 004705F0
21:48:27 [Geode]:       Enabling hook at function MoreSearchLayer::init with address 004725C0
21:48:27 [Geode]:       Enabling hook at function PlayLayer::init with address 004EB780
21:48:27 [Geode]:       Enabling hook at function PlayLayer::levelComplete with address 004ED3D0
21:48:27 [Geode]:       Enabling hook at function PlayLayer::onQuit with address 004FD810
21:48:27 [Geode]:       Enabling hook at function PlayLayer::resetLevel with address 004FBF00
21:48:27 [Geode]:       Enabling hook at function ProfilePage::getUserInfoFailed with address 005033E0
21:48:27 [Geode]:       Enabling hook at function ProfilePage::init with address 004FEF00
21:48:27 [Geode]:       Enabling hook at function ProfilePage::keyBackClicked with address 00339C80
21:48:27 [Geode]:       Enabling hook at function ProfilePage::loadPageFromUserInfo with address 00500040
21:48:27 [Geode]:       Enabling hook at function ProfilePage::onClose with address 00339C60
21:48:27 [Geode]:       Enabling hook at function RewardsPage::init with address 005078F0
21:48:27 [Geode]:   Took 0.104s
21:48:27 [Geode]: Continuing mod graph refresh...
21:48:27 [Geode]:   Loading mods
21:48:27 [Geode]:     cvolton.capacity_fix v1.0.1
21:48:27 [Geode]:       Load
21:48:27 [Geode]:       Loading binary for mod cvolton.capacity_fix
21:48:27 [Geode]:       Enable
21:48:27 [Geode]:   Took 0.071s
21:48:27 [Geode]: Continuing mod graph refresh...
21:48:27 [Geode]:   Loading mods
21:48:27 [Geode]:     hjfod.custom-keybinds v1.0.0
21:48:27 [Geode]:       Load
21:48:27 [Geode]:       Loading binary for mod hjfod.custom-keybinds
21:48:27 [Geode]:       Enable
21:48:27 [Geode]:       Enabling hook at function EditorUI::init with address 00366310
21:48:27 [Geode]:       Enabling hook at function EditorUI::keyDown with address 00381A30
21:48:27 [Geode]:       Enabling hook at function EditorUI::keyUp with address 00382180
21:48:27 [Geode]:       Enabling hook at function UILayer::init with address 0054F3B0
21:48:27 [Geode]:       Enabling hook at function UILayer::keyDown with address 0054F890
21:48:27 [Geode]:       Enabling hook at function UILayer::keyUp with address 0054FA10
21:48:27 [Geode]:       Enabling hook at function cocos2d::CCKeyboardDispatcher::dispatchKeyboardMSG with address 69B39F30
21:48:27 [Geode]:       Enabling hook at function MoreOptionsLayer::onKeybindings with address 003649D0
21:48:27 [Geode]:       chs000.modmenutest v0.1.2
21:48:27 [Geode]:         Load
21:48:27 [Geode]:         Loading binary for mod chs000.modmenutest
21:48:27 [Cobalt Menu]:         PatchGame Called
21:48:27 [Geode]:         Enable
21:48:27 [Geode]:         Enabling hook at function GameManager::isColorUnlocked with address 003B53F0
21:48:27 [Geode]:         Enabling hook at function GameManager::isIconUnlocked with address 003B4FC0
21:48:27 [Geode]:         Enabling hook at function PlayLayer::checkCollisions with address 004F3CD0
21:48:27 [Geode]:         Enabling hook at function PlayLayer::destroyPlayer with address 004FA1A0
21:48:27 [Geode]:         Enabling hook at function PlayLayer::shakeCamera with address 004EF210
21:48:27 [Geode]:         Enabling hook at function PlayLayer::update with address 004F29C0
21:48:27 [Geode]:         Enabling hook at function PlayerObject::playDeathEffect with address 004DFBE0
21:48:27 [Geode]:         Enabling hook at function PlayerObject::toggleVisibility with address 004D8C30
21:48:27 [Geode]:         Enabling hook at function cocos2d::CCMouseDispatcher::dispatchScrollMSG with address 69B52490
21:48:27 [Geode]:         Enabling hook at function cocos2d::CCIMEDispatcher::dispatchDeleteBackward with address 69B96A20
21:48:27 [Geode]:         Enabling hook at function cocos2d::CCIMEDispatcher::dispatchInsertText with address 69B96A40
21:48:27 [Geode]:         Enabling hook at function cocos2d::CCKeyboardDispatcher::dispatchKeyboardMSG with address 69B39F30
21:48:27 [Geode]:         Enabling hook at function cocos2d::CCTouchDispatcher::touches with address 69B95530
21:48:27 [Geode]:         Enabling hook at function cocos2d::CCEGLView::swapBuffers with address 69B648B0
21:48:27 [Geode]:         Enabling hook at function cocos2d::CCEGLView::toggleFullScreen with address 69B648D0
21:48:27 [Geode]:   Took 0.22s
21:48:27 [Geode]: Continuing mod graph refresh...
21:48:27 [Geode]:   Loading mods
21:48:27 [Geode]:     mat.fps-bypass v1.0.3
21:48:27 [Geode]:       Load
21:48:27 [Geode]:       Loading binary for mod mat.fps-bypass
21:48:27 [Geode]:       Enable
21:48:27 [Geode]:       Enabling hook at function AppDelegate::applicationWillEnterForeground with address 0032D130
21:48:27 [Geode]:       Enabling hook at function PlayLayer::init with address 004EB780
21:48:27 [Geode]:   Took 0.068s
21:48:27 [Geode]: Continuing mod graph refresh...
21:48:27 [Geode]:   Loading mods
21:48:27 [Geode]:     mat.practice-music v1.0.3
21:48:27 [Geode]:       Load
21:48:27 [Geode]:       Loading binary for mod mat.practice-music
21:48:27 [Geode]:       Enable
21:48:27 [Geode]:       Enabling hook at function PlayLayer::destroyPlayer with address 004FA1A0
21:48:27 [Geode]:       Enabling hook at function PlayLayer::startMusic with address 004FC8F0
21:48:27 [Geode]:       Enabling hook at function PlayLayer::togglePracticeMode with address 004FD0D0
21:48:27 [Geode]:   Took 0.063s
21:48:27 [Geode]: Continuing mod graph refresh...
21:48:27 [Geode]:   Loading mods
21:48:27 [Geode]:     mat.scroll-zoom v1.0.0
21:48:27 [Geode]:       Load
21:48:27 [Geode]:       Loading binary for mod mat.scroll-zoom
21:48:27 [Geode]:       Enable
21:48:27 [Geode]:       Enabling hook at function EditorUI::scrollWheel with address 003821D0
21:48:27 [Geode]:   Took 0.06s
21:48:27 [Geode]: Continuing mod graph refresh...
21:48:27 [Geode]:   Loading mods
21:48:27 [Geode]:     rlt.gd-platformer v1.0.0
21:48:27 [Geode]:       Load
21:48:27 [Geode]:       Loading binary for mod rlt.gd-platformer
21:48:27 [Geode]:   Took 0.081s
21:48:27 [Geode]: Continuing mod graph refresh...
21:48:27 [Geode]:   Loading mods
21:48:27 [Geode]:     ruslan.apm v1.0.0
21:48:27 [Geode]:       Load
21:48:27 [Geode]:       Loading binary for mod ruslan.apm
21:48:28 [Geode]:   Took 0.091s
21:48:28 [Geode]: Continuing mod graph refresh...
21:48:28 [Geode]:   Finding problems
21:48:28 [Geode]:     camila314.acbypass
21:48:28 [Geode]:     chs.confirmquit
21:48:28 [Geode]:     geode.loader
21:48:28 [Geode]:     alk.editorcollab
21:48:28 [Geode]:     alk.fps-shower
21:48:28 [Geode]:     camila314.demonlist-button
21:48:28 [Geode]:     camila314.noclip
21:48:28 [Geode]:     chs000.modmenutest
21:48:28 [Geode]:     cvolton.betterinfo
21:48:28 [Geode]:     cvolton.capacity_fix
21:48:28 [Geode]:     hjfod.custom-keybinds
21:48:28 [Geode]:     mat.fps-bypass
21:48:28 [Geode]:     mat.practice-music
21:48:28 [Geode]:     mat.scroll-zoom
21:48:28 [Geode]:     rlt.gd-platformer
21:48:28 [Geode]:     ruslan.apm
21:48:28 [Geode]:   Took 0.001s
21:48:30 [Geode]: Adding resources
21:48:30 [Geode]: Adding resources for geode.loader
21:48:30 [Geode]: Adding sheet geode.loader/LogoSheet
21:48:30 [Geode]: Adding sheet geode.loader/APISheet
21:48:30 [Geode]: Adding sheet geode.loader/BlankSheet
21:48:30 [Geode]: Adding resources for alk.editorcollab
21:48:30 [Geode]: Adding sheet alk.editorcollab/TulipEditor
21:48:30 [Geode]: Checking updates for index
21:48:30 [Geode]: Downloading index
21:48:38 [Geode]: Updating local index cache
21:48:38 [Geode]: balt.freewindow: [mod.json].binary has been removed.
21:48:38 [Geode]: camila314.noclip: [mod.json].required has been deprecated and will be removed in a future update. Use importance instead (see TODO: DOCS LINK)
21:48:38 [Geode]: camila314.startswitcher: [mod.json].required has been deprecated and will be removed in a future update. Use importance instead (see TODO: DOCS LINK)
21:48:39 [Geode]: chs000.modmenutest: [mod.json].required has been deprecated and will be removed in a future update. Use importance instead (see TODO: DOCS LINK)
21:48:39 [Geode]: chs000.modmenutest: [mod.json].required has been deprecated and will be removed in a future update. Use importance instead (see TODO: DOCS LINK)
21:48:39 [Geode]: hjfod.gdshare: [mod.json].required has been deprecated and will be removed in a future update. Use importance instead (see TODO: DOCS LINK)
21:50:34 [BetterInfo]: Loading cache.json
21:50:34 [BetterInfo]: Saved cache.json
21:50:34 [BetterInfo]: {"user_id": 0, "username": null, "non_player_username": null, "account_id": null}
21:50:34 [BetterInfo]: Username empty, not storing
21:51:41 [Geode]: Saving...
21:51:41 [Geode]: Check covered
21:51:41 [Geode]: Check covered
21:51:41 [Geode]: Check covered
21:51:41 [Geode]: Check if auto-check-updates is saved
21:51:41 [Geode]: Check if show-platform-console is saved
21:51:41 [Geode]: Check if disable-last-crashed-popup is saved
21:51:41 [Geode]: Check if auto-update-mods is saved
21:51:41 [Geode]: Check covered
21:51:41 [Geode]: Check if normal-undo-shared is saved
21:51:41 [Geode]: Check if move-button is saved
21:51:41 [Geode]: Check if normal-undo-local is saved
21:51:41 [Geode]: Check covered
21:51:41 [Geode]: Check if text-color is saved
21:51:41 [Geode]: Check covered
21:51:41 [Geode]: Check covered
21:51:41 [Geode]: Check covered
21:51:41 [Geode]: Check if ShowOnStartup is saved
21:51:41 [Geode]: Check if isDebugOn is saved
21:51:41 [Geode]: Check if FontSize is saved
21:51:41 [Geode]: Check covered
21:51:41 [Geode]: Check if fix-green-users is saved
21:51:41 [Geode]: Check if show-comment-ids is saved
21:51:41 [Geode]: Check if white-id is saved
21:51:41 [Geode]: Check if level-info is saved
21:51:41 [Geode]: Check if alt-button is saved
21:51:41 [Geode]: Check if auto-submit is saved
21:51:41 [Geode]: Check covered
21:51:41 [Geode]: Check covered
21:51:41 [Geode]: Check covered
21:51:41 [Geode]: Check if enabled is saved
21:51:41 [Geode]: Check if fps-value is saved
21:51:41 [Geode]: Check if fps-label is saved
21:51:41 [Geode]: Check covered
21:51:41 [Geode]: Check covered
21:51:41 [Geode]: Check covered
21:51:42 [Geode]: Check covered
21:51:42 [Geode]: Check covered
21:51:42 [Geode]: Check if auto-check-updates is saved
21:51:42 [Geode]: Check if show-platform-console is saved
21:51:42 [Geode]: Check if disable-last-crashed-popup is saved
21:51:42 [Geode]: Check if auto-update-mods is saved
21:51:42 [Geode]: Saved
21:53:40 [BetterInfo]: {"user_id": 658603, "username": "Player", "non_player_username": "xtrolomanx", "account_id": null}
21:53:40 [BetterInfo]: Storing username xtrolomanx for user ID 658603
21:53:40 [BetterInfo]: Saved cache.json
21:55:51 [Geode]: Saving...
21:55:51 [Geode]: Check covered
21:55:51 [Geode]: Check covered
21:55:51 [Geode]: Check covered
21:55:51 [Geode]: Check if auto-check-updates is saved
21:55:51 [Geode]: Check if show-platform-console is saved
21:55:51 [Geode]: Check if disable-last-crashed-popup is saved
21:55:51 [Geode]: Check if auto-update-mods is saved
21:55:51 [Geode]: Check covered
21:55:51 [Geode]: Check if normal-undo-shared is saved
21:55:51 [Geode]: Check if move-button is saved
21:55:51 [Geode]: Check if normal-undo-local is saved
21:55:51 [Geode]: Check covered
21:55:51 [Geode]: Check if text-color is saved
21:55:51 [Geode]: Check covered
21:55:51 [Geode]: Check covered
21:55:51 [Geode]: Check covered
21:55:51 [Geode]: Check if ShowOnStartup is saved
21:55:51 [Geode]: Check if isDebugOn is saved
21:55:51 [Geode]: Check if FontSize is saved
21:55:51 [Geode]: Check covered
21:55:51 [Geode]: Check if fix-green-users is saved
21:55:51 [Geode]: Check if show-comment-ids is saved
21:55:51 [Geode]: Check if white-id is saved
21:55:51 [Geode]: Check if level-info is saved
21:55:51 [Geode]: Check if alt-button is saved
21:55:51 [Geode]: Check if auto-submit is saved
21:55:51 [Geode]: Check covered
21:55:51 [Geode]: Check covered
21:55:51 [Geode]: Check covered
21:55:51 [Geode]: Check if enabled is saved
21:55:51 [Geode]: Check if fps-value is saved
21:55:51 [Geode]: Check if fps-label is saved
21:55:51 [Geode]: Check covered
21:55:51 [Geode]: Check covered
21:55:51 [Geode]: Check covered
21:55:51 [Geode]: Check covered
21:55:51 [Geode]: Check covered
21:55:51 [Geode]: Check if auto-check-updates is saved
21:55:51 [Geode]: Check if show-platform-console is saved
21:55:51 [Geode]: Check if disable-last-crashed-popup is saved
21:55:51 [Geode]: Check if auto-update-mods is saved
21:55:51 [Geode]: Saved
22:01:35 [Geode]: Saving...
22:01:35 [Geode]: Check covered
22:01:35 [Geode]: Check covered
22:01:35 [Geode]: Check covered
22:01:35 [Geode]: Check if auto-check-updates is saved
22:01:35 [Geode]: Check if show-platform-console is saved
22:01:35 [Geode]: Check if disable-last-crashed-popup is saved
22:01:35 [Geode]: Check if auto-update-mods is saved
22:01:35 [Geode]: Check covered
22:01:35 [Geode]: Check if normal-undo-shared is saved
22:01:35 [Geode]: Check if move-button is saved
22:01:35 [Geode]: Check if normal-undo-local is saved
22:01:35 [Geode]: Check covered
22:01:35 [Geode]: Check if text-color is saved
22:01:35 [Geode]: Check covered
22:01:35 [Geode]: Check covered
22:01:35 [Geode]: Check covered
22:01:35 [Geode]: Check if ShowOnStartup is saved
22:01:35 [Geode]: Check if isDebugOn is saved
22:01:35 [Geode]: Check if FontSize is saved
22:01:35 [Geode]: Check covered
22:01:35 [Geode]: Check if fix-green-users is saved
22:01:35 [Geode]: Check if show-comment-ids is saved
22:01:35 [Geode]: Check if white-id is saved
22:01:35 [Geode]: Check if level-info is saved
22:01:35 [Geode]: Check if alt-button is saved
22:01:35 [Geode]: Check if auto-submit is saved
22:01:35 [Geode]: Check covered
22:01:35 [Geode]: Check covered
22:01:35 [Geode]: Check covered
22:01:35 [Geode]: Check if enabled is saved
22:01:35 [Geode]: Check if fps-value is saved
22:01:35 [Geode]: Check if fps-label is saved
22:01:35 [Geode]: Check covered
22:01:35 [Geode]: Check covered
22:01:35 [Geode]: Check covered
22:01:35 [Geode]: Check covered
22:01:35 [Geode]: Check covered
22:01:35 [Geode]: Check if auto-check-updates is saved
22:01:35 [Geode]: Check if show-platform-console is saved
22:01:35 [Geode]: Check if disable-last-crashed-popup is saved
22:01:35 [Geode]: Check if auto-update-mods is saved
22:01:35 [Geode]: Saved
22:01:36 [Editor Collab]: Run thread joined
22:01:36 [Editor Collab]: Heartbeat thread joined
22:01:36 [Editor Collab]: Reconnect thread joined
