19:52:59 INFO  [Main] [Geode]: Running Geode v2.0.0-beta.19 in Geometry Dash v2.204
19:52:59 INFO  [Main] [Geode]: Setting up internal mod
19:52:59 INFO  [Main] [Geode]: Setting up loader
19:52:59 DEBUG [Main] [Geode]:   Loading launch arguments
19:52:59 DEBUG [Main] [Geode]:   Setting up crash handler
19:52:59 DEBUG [Main] [Geode]:   Loading hooks
19:52:59 DEBUG [Main] [Geode]:     Enabled cocos2d::CCFileUtils::fullPathForFilename hook at 0x60c80f40 for geode.loader
19:52:59 DEBUG [Main] [Geode]:     Enabled cocos2d::CCFileUtils::sharedFileUtils hook at 0x60c89770 for geode.loader
19:52:59 DEBUG [Main] [Geode]:     Enabled cocos2d::CCNode::getUserObject hook at 0x60cd31f0 for geode.loader
19:52:59 DEBUG [Main] [Geode]:     Enabled cocos2d::CCNode::setUserObject hook at 0x60c215a0 for geode.loader
19:52:59 DEBUG [Main] [Geode]:     Enabled LoadingLayer::init hook at 0x736370 for geode.loader
19:52:59 DEBUG [Main] [Geode]:     Enabled LoadingLayer::loadAssets hook at 0x736bd0 for geode.loader
19:52:59 DEBUG [Main] [Geode]:     Enabled MenuLayer::init hook at 0x73b450 for geode.loader
19:52:59 DEBUG [Main] [Geode]:     Enabled ProfilePage::getUserInfoFinished hook at 0x7b1db0 for geode.loader
19:52:59 DEBUG [Main] [Geode]:     Enabled AchievementNotifier::willSwitchToScene hook at 0x4dc200 for geode.loader
19:52:59 DEBUG [Main] [Geode]:     Enabled AppDelegate::trySaveGame hook at 0x51b790 for geode.loader
19:52:59 DEBUG [Main] [Geode]:     Enabled cocos2d::CCScheduler::update hook at 0x60cc6db0 for geode.loader
19:52:59 DEBUG [Main] [Geode]:     Enabled CCTextInputNode::ccTouchBegan hook at 0x4f04f0 for geode.loader
19:52:59 DEBUG [Main] [Geode]:     Enabled LoadingLayer::loadAssets hook at 0x736bd0 for geode.loader
19:52:59 DEBUG [Main] [Geode]:   Setting up directories
19:52:59 INFO  [Main] [Geode]:   Refreshing mod graph
19:52:59 DEBUG [Main] [Geode]:     Queueing mods
19:52:59 DEBUG [Main] [Geode]:       Searching C:\Program Files (x86)\Steam\steamapps\common\Geometry Dash\geode\mods
19:52:59 DEBUG [Main] [Geode]:         Found abb2k.backup.geode
19:53:00 DEBUG [Main] [Geode]:           id: abb2k.backup
19:53:00 DEBUG [Main] [Geode]:           version: v1.0.4
19:53:00 DEBUG [Main] [Geode]:           early: no
19:53:00 DEBUG [Main] [Geode]:         Found absolllute.megahack.geode
19:53:00 DEBUG [Main] [Geode]:           id: absolllute.megahack
19:53:00 DEBUG [Main] [Geode]:           version: v8.0.0-alpha.10
19:53:00 DEBUG [Main] [Geode]:           early: yes
19:53:00 DEBUG [Main] [Geode]:         Found adyagd.godlikefaces.geode
19:53:00 DEBUG [Main] [Geode]:           id: adyagd.godlikefaces
19:53:00 DEBUG [Main] [Geode]:           version: v1.1.1
19:53:00 DEBUG [Main] [Geode]:           early: no
19:53:00 DEBUG [Main] [Geode]:         Found alk.editorcollab.geode
19:53:00 ERROR [Main] [Geode]:           Failed to queue: "C:\Program Files (x86)\Steam\steamapps\common\Geometry Dash\geode\mods\alk.editorcollab.geode" - [mod.json] is missing target GD version
19:53:00 DEBUG [Main] [Geode]:         Found alk.fps-shower.geode
19:53:00 ERROR [Main] [Geode]:           Failed to queue: "C:\Program Files (x86)\Steam\steamapps\common\Geometry Dash\geode\mods\alk.fps-shower.geode" - [mod.json] is missing target GD version
19:53:00 DEBUG [Main] [Geode]:         Found alphalaneous.integratedloquibot.geode
19:53:00 DEBUG [Main] [Geode]:           id: alphalaneous.integratedloquibot
19:53:00 DEBUG [Main] [Geode]:           version: v1.3.4
19:53:00 DEBUG [Main] [Geode]:           early: no
19:53:00 DEBUG [Main] [Geode]:         Found alphalaneous.projectedstars.geode
19:53:00 DEBUG [Main] [Geode]:           id: alphalaneous.projectedstars
19:53:00 DEBUG [Main] [Geode]:           version: v1.1.2
19:53:00 DEBUG [Main] [Geode]:           early: no
19:53:00 DEBUG [Main] [Geode]:         Found beat.click-sound.geode
19:53:00 DEBUG [Main] [Geode]:           id: beat.click-sound
19:53:00 DEBUG [Main] [Geode]:           version: v1.4.1
19:53:00 DEBUG [Main] [Geode]:           early: no
19:53:00 DEBUG [Main] [Geode]:         Found bitz.customprofiles.geode
19:53:00 DEBUG [Main] [Geode]:           id: bitz.customprofiles
19:53:00 DEBUG [Main] [Geode]:           version: v1.0.5
19:53:00 DEBUG [Main] [Geode]:           early: no
19:53:00 DEBUG [Main] [Geode]:         Found camila314.acbypass.geode
19:53:00 ERROR [Main] [Geode]:           Failed to queue: "C:\Program Files (x86)\Steam\steamapps\common\Geometry Dash\geode\mods\camila314.acbypass.geode" - [mod.json] is missing target GD version
19:53:00 DEBUG [Main] [Geode]:         Found camila314.demonlist-button.geode
19:53:00 ERROR [Main] [Geode]:           Failed to queue: "C:\Program Files (x86)\Steam\steamapps\common\Geometry Dash\geode\mods\camila314.demonlist-button.geode" - [mod.json] is missing target GD version
19:53:00 DEBUG [Main] [Geode]:         Found camila314.noclip.geode
19:53:00 ERROR [Main] [Geode]:           Failed to queue: "C:\Program Files (x86)\Steam\steamapps\common\Geometry Dash\geode\mods\camila314.noclip.geode" - [mod.json] is missing target GD version
19:53:00 DEBUG [Main] [Geode]:         Found capeling.icon_profile_2.2.geode
19:53:00 DEBUG [Main] [Geode]:           id: capeling.icon_profile_2.2
19:53:00 DEBUG [Main] [Geode]:           version: v1.1.4
19:53:00 DEBUG [Main] [Geode]:           early: no
19:53:00 DEBUG [Main] [Geode]:         Found chs.confirmquit.geode
19:53:00 ERROR [Main] [Geode]:           Failed to queue: "C:\Program Files (x86)\Steam\steamapps\common\Geometry Dash\geode\mods\chs.confirmquit.geode" - [mod.json] is missing target GD version
19:53:00 DEBUG [Main] [Geode]:         Found coderqc.gdswearfilter.geode
19:53:00 DEBUG [Main] [Geode]:           id: coderqc.gdswearfilter
19:53:00 DEBUG [Main] [Geode]:           version: v1.0.1
19:53:00 DEBUG [Main] [Geode]:           early: no
19:53:00 DEBUG [Main] [Geode]:         Found colon.gold_user_coins.geode
19:53:00 DEBUG [Main] [Geode]:           id: colon.gold_user_coins
19:53:00 DEBUG [Main] [Geode]:           version: v1.0.1
19:53:00 DEBUG [Main] [Geode]:           early: no
19:53:00 DEBUG [Main] [Geode]:         Found coopeeo.customname.geode
19:53:00 DEBUG [Main] [Geode]:           id: coopeeo.customname
19:53:00 DEBUG [Main] [Geode]:           version: v1.2.2
19:53:00 DEBUG [Main] [Geode]:           early: no
19:53:00 DEBUG [Main] [Geode]:         Found cvolton.betterinfo.geode
19:53:00 DEBUG [Main] [Geode]:           id: cvolton.betterinfo
19:53:00 DEBUG [Main] [Geode]:           version: v4.0.0-alpha.13
19:53:00 DEBUG [Main] [Geode]:           early: no
19:53:00 DEBUG [Main] [Geode]:         Found cvolton.capacity_fix.geode
19:53:00 ERROR [Main] [Geode]:           Failed to queue: "C:\Program Files (x86)\Steam\steamapps\common\Geometry Dash\geode\mods\cvolton.capacity_fix.geode" - [mod.json] is missing target GD version
19:53:00 DEBUG [Main] [Geode]:         Found dankmeme.globed2.geode
19:53:00 DEBUG [Main] [Geode]:           id: dankmeme.globed2
19:53:00 DEBUG [Main] [Geode]:           version: v1.0.5
19:53:00 DEBUG [Main] [Geode]:           early: no
19:53:00 DEBUG [Main] [Geode]:         Found elnexreal.copy_song_id.geode
19:53:00 DEBUG [Main] [Geode]:           id: elnexreal.copy_song_id
19:53:00 DEBUG [Main] [Geode]:           version: v1.2.2
19:53:00 DEBUG [Main] [Geode]:           early: no
19:53:00 DEBUG [Main] [Geode]:         Found elohmrow.death_tracker.geode
19:53:00 DEBUG [Main] [Geode]:           id: elohmrow.death_tracker
19:53:00 DEBUG [Main] [Geode]:           version: v1.4.3
19:53:00 DEBUG [Main] [Geode]:           early: no
19:53:00 DEBUG [Main] [Geode]:         Found fleym.nongd.geode
19:53:00 ERROR [Main] [Geode]:           Failed to queue: "C:\Program Files (x86)\Steam\steamapps\common\Geometry Dash\geode\mods\fleym.nongd.geode" - [mod.json] is missing target GD version
19:53:00 DEBUG [Main] [Geode]:         Found gdutilsdevs.gdutils.geode
19:53:00 DEBUG [Main] [Geode]:           id: gdutilsdevs.gdutils
19:53:00 DEBUG [Main] [Geode]:           version: v1.2.14
19:53:00 DEBUG [Main] [Geode]:           early: no
19:53:00 DEBUG [Main] [Geode]:         Found geode.custom-keybinds.geode
19:53:00 DEBUG [Main] [Geode]:           id: geode.custom-keybinds
19:53:00 DEBUG [Main] [Geode]:           version: v1.4.0
19:53:00 DEBUG [Main] [Geode]:           early: no
19:53:00 DEBUG [Main] [Geode]:         Found geode.node-ids.geode
19:53:00 DEBUG [Main] [Geode]:           id: geode.node-ids
19:53:00 DEBUG [Main] [Geode]:           version: v1.3.0
19:53:00 DEBUG [Main] [Geode]:           early: no
19:53:00 DEBUG [Main] [Geode]:         Found hjfod.betteredit.geode
19:53:00 WARN  [Main] [Geode]:           settings.mouse-move-on-zoom contains unknown key "platforms"
19:53:00 DEBUG [Main] [Geode]:           id: hjfod.betteredit
19:53:00 DEBUG [Main] [Geode]:           version: v6.0.0
19:53:00 DEBUG [Main] [Geode]:           early: no
19:53:00 DEBUG [Main] [Geode]:         Found hjfod.custom-keybinds.geode
19:53:00 ERROR [Main] [Geode]:           Failed to queue: "C:\Program Files (x86)\Steam\steamapps\common\Geometry Dash\geode\mods\hjfod.custom-keybinds.geode" - [mod.json] is missing target GD version
19:53:00 DEBUG [Main] [Geode]:         Found hjfod.gdshare.geode
19:53:00 DEBUG [Main] [Geode]:           id: hjfod.gdshare
19:53:00 DEBUG [Main] [Geode]:           version: v1.0.4
19:53:00 DEBUG [Main] [Geode]:           early: no
19:53:00 DEBUG [Main] [Geode]:         Found hjfod.gmd-api.geode
19:53:00 DEBUG [Main] [Geode]:           id: hjfod.gmd-api
19:53:00 DEBUG [Main] [Geode]:           version: v1.0.1
19:53:00 DEBUG [Main] [Geode]:           early: no
19:53:00 DEBUG [Main] [Geode]:         Found mat.fps-bypass.geode
19:53:00 ERROR [Main] [Geode]:           Failed to queue: "C:\Program Files (x86)\Steam\steamapps\common\Geometry Dash\geode\mods\mat.fps-bypass.geode" - [mod.json] is missing target GD version
19:53:00 DEBUG [Main] [Geode]:         Found mat.practice-music.geode
19:53:00 ERROR [Main] [Geode]:           Failed to queue: "C:\Program Files (x86)\Steam\steamapps\common\Geometry Dash\geode\mods\mat.practice-music.geode" - [mod.json] is missing target GD version
19:53:00 DEBUG [Main] [Geode]:         Found mat.run-info.geode
19:53:01 DEBUG [Main] [Geode]:           id: mat.run-info
19:53:01 DEBUG [Main] [Geode]:           version: v1.0.2
19:53:01 DEBUG [Main] [Geode]:           early: no
19:53:01 DEBUG [Main] [Geode]:         Found mat.scroll-zoom.geode
19:53:01 ERROR [Main] [Geode]:           Failed to queue: "C:\Program Files (x86)\Steam\steamapps\common\Geometry Dash\geode\mods\mat.scroll-zoom.geode" - [mod.json] is missing target GD version
19:53:01 DEBUG [Main] [Geode]:         Found muhammadgames.bettermenu.geode
19:53:01 DEBUG [Main] [Geode]:           id: muhammadgames.bettermenu
19:53:01 DEBUG [Main] [Geode]:           version: v1.0.4-beta.12
19:53:01 DEBUG [Main] [Geode]:           early: no
19:53:01 DEBUG [Main] [Geode]:         Found redlime.statchanges.geode
19:53:01 DEBUG [Main] [Geode]:           id: redlime.statchanges
19:53:01 DEBUG [Main] [Geode]:           version: v1.1.0
19:53:01 DEBUG [Main] [Geode]:           early: no
19:53:01 DEBUG [Main] [Geode]:         Found rlt.gd-platformer.geode
19:53:01 ERROR [Main] [Geode]:           Failed to queue: "C:\Program Files (x86)\Steam\steamapps\common\Geometry Dash\geode\mods\rlt.gd-platformer.geode" - [mod.json] is missing target GD version
19:53:01 DEBUG [Main] [Geode]:         Found ruslan.apm.geode
19:53:01 ERROR [Main] [Geode]:           Failed to queue: "C:\Program Files (x86)\Steam\steamapps\common\Geometry Dash\geode\mods\ruslan.apm.geode" - [mod.json] is missing target GD version
19:53:01 DEBUG [Main] [Geode]:         Found ruslan.nm.geode
19:53:01 ERROR [Main] [Geode]:           Failed to queue: "C:\Program Files (x86)\Steam\steamapps\common\Geometry Dash\geode\mods\ruslan.nm.geode" - [mod.json] is missing target GD version
19:53:01 DEBUG [Main] [Geode]:         Found thesillydoggo.animatedprofiles.geode
19:53:01 DEBUG [Main] [Geode]:           id: thesillydoggo.animatedprofiles
19:53:01 DEBUG [Main] [Geode]:           version: v1.0.1
19:53:01 DEBUG [Main] [Geode]:           early: no
19:53:01 DEBUG [Main] [Geode]:         Found thesillydoggo.better_startpos_menu.geode
19:53:01 DEBUG [Main] [Geode]:           id: thesillydoggo.better_startpos_menu
19:53:01 DEBUG [Main] [Geode]:           version: v1.1.0
19:53:01 DEBUG [Main] [Geode]:           early: no
19:53:01 DEBUG [Main] [Geode]:         Found thesillydoggo.entersearch.geode
19:53:01 DEBUG [Main] [Geode]:           id: thesillydoggo.entersearch
19:53:01 DEBUG [Main] [Geode]:           version: v1.0.0
19:53:01 DEBUG [Main] [Geode]:           early: no
19:53:01 DEBUG [Main] [Geode]:         Found TheSillyDoggo.GradientPages.geode
19:53:01 DEBUG [Main] [Geode]:           id: TheSillyDoggo.GradientPages
19:53:01 DEBUG [Main] [Geode]:           version: v2.1.0
19:53:01 DEBUG [Main] [Geode]:           early: no
19:53:01 DEBUG [Main] [Geode]:         Found tpdea.betterpause-Better.geode
19:53:01 DEBUG [Main] [Geode]:           id: tpdea.betterpause-Better
19:53:01 DEBUG [Main] [Geode]:           version: v1.5.5
19:53:01 DEBUG [Main] [Geode]:           early: no
19:53:01 DEBUG [Main] [Geode]:         Found xanii.youtubers.geode
19:53:01 DEBUG [Main] [Geode]:           id: xanii.youtubers
19:53:01 DEBUG [Main] [Geode]:           version: v1.0.0
19:53:01 DEBUG [Main] [Geode]:           early: no
19:53:01 DEBUG [Main] [Geode]:     Populating mod list
19:53:01 DEBUG [Main] [Geode]:       abb2k.backup v1.0.4
19:53:01 DEBUG [Main] [Geode]:       absolllute.megahack v8.0.0-alpha.10
19:53:01 DEBUG [Main] [Geode]:       adyagd.godlikefaces v1.1.1
19:53:01 DEBUG [Main] [Geode]:       alphalaneous.integratedloquibot v1.3.4
19:53:01 DEBUG [Main] [Geode]:       alphalaneous.projectedstars v1.1.2
19:53:01 DEBUG [Main] [Geode]:       beat.click-sound v1.4.1
19:53:01 DEBUG [Main] [Geode]:       bitz.customprofiles v1.0.5
19:53:01 DEBUG [Main] [Geode]:       capeling.icon_profile_2.2 v1.1.4
19:53:01 DEBUG [Main] [Geode]:       coderqc.gdswearfilter v1.0.1
19:53:01 DEBUG [Main] [Geode]:       colon.gold_user_coins v1.0.1
19:53:01 DEBUG [Main] [Geode]:       coopeeo.customname v1.2.2
19:53:01 DEBUG [Main] [Geode]:       cvolton.betterinfo v4.0.0-alpha.13
19:53:01 DEBUG [Main] [Geode]:       dankmeme.globed2 v1.0.5
19:53:01 DEBUG [Main] [Geode]:       elnexreal.copy_song_id v1.2.2
19:53:01 DEBUG [Main] [Geode]:       elohmrow.death_tracker v1.4.3
19:53:01 DEBUG [Main] [Geode]:       gdutilsdevs.gdutils v1.2.14
19:53:01 WARN  [Main] [GDUtils]:       Encountered unknown setting "spotify-section" while loading settings
19:53:01 WARN  [Main] [GDUtils]:       Encountered unknown setting "misc-section" while loading settings
19:53:01 WARN  [Main] [GDUtils]:       Encountered unknown setting "spotifyApp" while loading settings
19:53:01 WARN  [Main] [GDUtils]:       Encountered unknown setting "test-notification" while loading settings
19:53:01 WARN  [Main] [GDUtils]:       Encountered unknown setting "notificationPlacement" while loading settings
19:53:01 WARN  [Main] [GDUtils]:       Encountered unknown setting "notification-section" while loading settings
19:53:01 WARN  [Main] [GDUtils]:       Encountered unknown setting "notification-placement-section" while loading settings
19:53:01 WARN  [Main] [GDUtils]:       Encountered unknown setting "notification-appearance-section" while loading settings
19:53:01 WARN  [Main] [GDUtils]:       Encountered unknown setting "credits-section" while loading settings
19:53:01 WARN  [Main] [GDUtils]:       Encountered unknown setting "credit-buttons" while loading settings
19:53:01 DEBUG [Main] [Geode]:       geode.custom-keybinds v1.4.0
19:53:01 DEBUG [Main] [Geode]:       geode.node-ids v1.3.0
19:53:01 DEBUG [Main] [Geode]:       hjfod.betteredit v6.0.0
19:53:01 DEBUG [Main] [Geode]:       hjfod.gdshare v1.0.4
19:53:01 DEBUG [Main] [Geode]:       hjfod.gmd-api v1.0.1
19:53:01 DEBUG [Main] [Geode]:       mat.run-info v1.0.2
19:53:01 DEBUG [Main] [Geode]:       muhammadgames.bettermenu v1.0.4-beta.12
19:53:01 DEBUG [Main] [Geode]:       redlime.statchanges v1.1.0
19:53:01 DEBUG [Main] [Geode]:       thesillydoggo.animatedprofiles v1.0.1
19:53:01 DEBUG [Main] [Geode]:       thesillydoggo.better_startpos_menu v1.1.0
19:53:01 DEBUG [Main] [Geode]:       thesillydoggo.entersearch v1.0.0
19:53:01 DEBUG [Main] [Geode]:       TheSillyDoggo.GradientPages v2.1.0
19:53:01 DEBUG [Main] [Geode]:       tpdea.betterpause-Better v1.5.5
19:53:01 DEBUG [Main] [Geode]:       xanii.youtubers v1.0.0
19:53:01 DEBUG [Main] [Geode]:     Building mod graph
19:53:01 DEBUG [Main] [Geode]:       geode.loader
19:53:01 DEBUG [Main] [Geode]:       beat.click-sound
19:53:01 DEBUG [Main] [Geode]:         geode.loader
19:53:01 DEBUG [Main] [Geode]:         geode.node-ids
19:53:01 DEBUG [Main] [Geode]:       mat.run-info
19:53:01 DEBUG [Main] [Geode]:         geode.loader
19:53:01 DEBUG [Main] [Geode]:       alphalaneous.projectedstars
19:53:01 DEBUG [Main] [Geode]:         geode.loader
19:53:01 DEBUG [Main] [Geode]:         geode.node-ids
19:53:01 DEBUG [Main] [Geode]:       elohmrow.death_tracker
19:53:01 DEBUG [Main] [Geode]:         geode.loader
19:53:01 DEBUG [Main] [Geode]:       absolllute.megahack
19:53:01 DEBUG [Main] [Geode]:         geode.loader
19:53:01 DEBUG [Main] [Geode]:       abb2k.backup
19:53:01 DEBUG [Main] [Geode]:         geode.loader
19:53:01 DEBUG [Main] [Geode]:       adyagd.godlikefaces
19:53:01 DEBUG [Main] [Geode]:         geode.loader
19:53:01 DEBUG [Main] [Geode]:       alphalaneous.integratedloquibot
19:53:01 DEBUG [Main] [Geode]:         geode.loader
19:53:01 DEBUG [Main] [Geode]:         geode.node-ids
19:53:01 DEBUG [Main] [Geode]:       bitz.customprofiles
19:53:01 DEBUG [Main] [Geode]:         geode.loader
19:53:01 DEBUG [Main] [Geode]:         geode.node-ids
19:53:01 DEBUG [Main] [Geode]:       capeling.icon_profile_2.2
19:53:01 DEBUG [Main] [Geode]:         geode.loader
19:53:01 DEBUG [Main] [Geode]:       coderqc.gdswearfilter
19:53:01 DEBUG [Main] [Geode]:         geode.loader
19:53:01 DEBUG [Main] [Geode]:       colon.gold_user_coins
19:53:01 DEBUG [Main] [Geode]:         geode.loader
19:53:01 DEBUG [Main] [Geode]:       coopeeo.customname
19:53:01 DEBUG [Main] [Geode]:         geode.loader
19:53:01 DEBUG [Main] [Geode]:         geode.node-ids
19:53:01 DEBUG [Main] [Geode]:       cvolton.betterinfo
19:53:01 DEBUG [Main] [Geode]:         geode.loader
19:53:01 DEBUG [Main] [Geode]:         geode.node-ids
19:53:01 DEBUG [Main] [Geode]:       tpdea.betterpause-Better
19:53:01 DEBUG [Main] [Geode]:         geode.loader
19:53:01 DEBUG [Main] [Geode]:         geode.node-ids
19:53:01 DEBUG [Main] [Geode]:       dankmeme.globed2
19:53:01 DEBUG [Main] [Geode]:         geode.loader
19:53:01 DEBUG [Main] [Geode]:         geode.custom-keybinds
19:53:01 DEBUG [Main] [Geode]:       elnexreal.copy_song_id
19:53:01 DEBUG [Main] [Geode]:         geode.loader
19:53:01 DEBUG [Main] [Geode]:       gdutilsdevs.gdutils
19:53:01 DEBUG [Main] [Geode]:         geode.loader
19:53:01 DEBUG [Main] [Geode]:       thesillydoggo.better_startpos_menu
19:53:01 DEBUG [Main] [Geode]:         geode.loader
19:53:01 DEBUG [Main] [Geode]:       geode.custom-keybinds
19:53:01 DEBUG [Main] [Geode]:         geode.loader
19:53:01 DEBUG [Main] [Geode]:       geode.node-ids
19:53:01 DEBUG [Main] [Geode]:         geode.loader
19:53:01 DEBUG [Main] [Geode]:       hjfod.betteredit
19:53:01 DEBUG [Main] [Geode]:         geode.loader
19:53:01 DEBUG [Main] [Geode]:         geode.node-ids
19:53:01 DEBUG [Main] [Geode]:         geode.custom-keybinds
19:53:01 DEBUG [Main] [Geode]:       hjfod.gdshare
19:53:01 DEBUG [Main] [Geode]:         geode.loader
19:53:01 DEBUG [Main] [Geode]:         hjfod.gmd-api
19:53:01 DEBUG [Main] [Geode]:         geode.node-ids
19:53:01 DEBUG [Main] [Geode]:       hjfod.gmd-api
19:53:01 DEBUG [Main] [Geode]:         geode.loader
19:53:01 DEBUG [Main] [Geode]:       muhammadgames.bettermenu
19:53:01 DEBUG [Main] [Geode]:         geode.loader
19:53:01 DEBUG [Main] [Geode]:       redlime.statchanges
19:53:01 DEBUG [Main] [Geode]:         geode.loader
19:53:01 DEBUG [Main] [Geode]:         geode.node-ids
19:53:01 DEBUG [Main] [Geode]:       thesillydoggo.animatedprofiles
19:53:01 DEBUG [Main] [Geode]:         geode.loader
19:53:01 DEBUG [Main] [Geode]:         geode.node-ids
19:53:01 DEBUG [Main] [Geode]:       thesillydoggo.entersearch
19:53:01 DEBUG [Main] [Geode]:         geode.loader
19:53:01 DEBUG [Main] [Geode]:       TheSillyDoggo.GradientPages
19:53:01 DEBUG [Main] [Geode]:         geode.loader
19:53:01 DEBUG [Main] [Geode]:       xanii.youtubers
19:53:01 DEBUG [Main] [Geode]:         geode.loader
19:53:01 DEBUG [Main] [Geode]:     Loading early mods
19:53:01 DEBUG [Main] [Geode]:       absolllute.megahack v8.0.0-alpha.10
19:53:01 DEBUG [Main] [Geode]:         Unzip
19:53:01 DEBUG [Main] [Geode]:         Same hash detected, skipping unzip
19:53:01 DEBUG [Main] [Geode]:         Load
19:53:01 DEBUG [Main] [Geode]:         Loading binary for mod absolllute.megahack
19:53:12 INFO  [Main] [Geode]:     Took 12.115s. Continuing next frame...
19:53:12 DEBUG [Main] [Geode]: Setting up IPC
19:53:12 DEBUG [Main] [Geode]:   IPC set up
19:53:12 INFO  [Main] [Geode]: Starting loader update check
19:53:12 INFO  [Main] [Geode]: Entry took 12.266s
19:53:20 INFO  [Main] [Geode]: Continuing mod graph refresh...
19:53:20 DEBUG [Main] [Geode]:   Loading mods
19:53:20 DEBUG [Main] [Geode]:     beat.click-sound v1.4.1 has unresolved dependencies
19:53:20 ERROR [Main] [Geode]: Failed to fetch updates Empty response
19:53:22 DEBUG [Main] [Geode]: Enabled GameManager::isIconUnlocked hook at 0x5e1f90 for absolllute.megahack
19:53:22 DEBUG [Main] [Geode]: Enabled GameManager::isColorUnlocked hook at 0x5e2490 for absolllute.megahack
19:53:22 DEBUG [Main] [Geode]: Enabled GameManager::setGameVariable hook at 0x5e84e0 for absolllute.megahack
19:53:22 DEBUG [Main] [Geode]: Enabled GameManager::getGameVariable hook at 0x5e8730 for absolllute.megahack
19:53:22 DEBUG [Main] [Geode]: Enabled MenuLayer::init hook at 0x73b450 for absolllute.megahack
19:53:22 INFO  [Main] [Geode]: Continuing mod graph refresh...
19:53:22 DEBUG [Main] [Geode]:   Loading mods
19:53:22 DEBUG [Main] [Geode]:     mat.run-info v1.0.2
19:53:22 DEBUG [Mod Unzip] [Geode]:  Unzip
19:53:22 DEBUG [Mod Unzip] [Geode]:  Same hash detected, skipping unzip
19:53:22 DEBUG [Main] [Geode]:       Load
19:53:22 DEBUG [Main] [Geode]:       Loading binary for mod mat.run-info
19:53:22 DEBUG [Main] [Geode]:       Enabled PlayLayer::init hook at 0x79c4a0 for mat.run-info
19:53:22 DEBUG [Main] [Geode]:       Enabled PlayLayer::resetLevel hook at 0x7aa130 for mat.run-info
19:53:22 DEBUG [Main] [Geode]:       Enabled PlayLayer::togglePracticeMode hook at 0x7aad30 for mat.run-info
19:53:22 INFO  [Main] [Geode]: Took 0.053s
19:53:22 INFO  [Main] [Geode]: Continuing mod graph refresh...
19:53:22 DEBUG [Main] [Geode]:   Loading mods
19:53:22 DEBUG [Main] [Geode]:     alphalaneous.projectedstars v1.1.2 has unresolved dependencies
19:53:22 INFO  [Main] [Geode]: Took 0.016s
19:53:22 INFO  [Main] [Geode]: Continuing mod graph refresh...
19:53:22 DEBUG [Main] [Geode]:   Loading mods
19:53:22 DEBUG [Main] [Geode]:     elohmrow.death_tracker v1.4.3
19:53:22 DEBUG [Mod Unzip] [Geode]:  Unzip
19:53:22 DEBUG [Mod Unzip] [Geode]:  Same hash detected, skipping unzip
19:53:22 DEBUG [Main] [Geode]:       Load
19:53:22 DEBUG [Main] [Geode]:       Loading binary for mod elohmrow.death_tracker
19:53:22 DEBUG [Main] [Geode]:       Enabled GJBaseGameLayer::setStartPosObject hook at 0x659e90 for elohmrow.death_tracker
19:53:22 DEBUG [Main] [Geode]:       Enabled PlayLayer::checkpointActivated hook at 0x7a76c0 for elohmrow.death_tracker
19:53:22 DEBUG [Main] [Geode]:       Enabled PlayLayer::onQuit hook at 0x7ab480 for elohmrow.death_tracker
19:53:22 DEBUG [Main] [Geode]:       Enabled PlayLayer::resetLevelFromStart hook at 0x7aa090 for elohmrow.death_tracker
19:53:22 DEBUG [Main] [Geode]:       Enabled PlayerObject::playerDestroyed hook at 0x791b30 for elohmrow.death_tracker
19:53:22 DEBUG [Main] [Geode]:       Enabled LevelInfoLayer::onLevelInfo hook at 0x716a70 for elohmrow.death_tracker
19:53:22 DEBUG [Main] [Geode]:       Enabled EditLevelLayer::onLevelInfo hook at 0x55db40 for elohmrow.death_tracker
19:53:22 DEBUG [Main] [Geode]:       Enabled LevelPage::onInfo hook at 0x72c400 for elohmrow.death_tracker
19:53:22 DEBUG [Main] [Geode]:       Enabled cocos2d::CCLayerColor::initWithColor hook at 0x60c64c70 for elohmrow.death_tracker
19:53:22 DEBUG [Main] [Geode]:       Enabled FLAlertLayer::init hook at 0x4f0f60 for elohmrow.death_tracker
19:53:22 DEBUG [Main] [Geode]:       Enabled FLAlertLayer::keyBackClicked hook at 0x4f1a10 for elohmrow.death_tracker
19:53:22 DEBUG [Main] [Geode]:       Enabled FLAlertLayer::onBtn1 hook at 0x4f1ab0 for elohmrow.death_tracker
19:53:22 DEBUG [Main] [Geode]:       Enabled FLAlertLayer::show hook at 0x4f1cd0 for elohmrow.death_tracker
19:53:22 INFO  [Main] [Geode]: Took 0.049s
19:53:22 INFO  [Main] [Geode]: Continuing mod graph refresh...
19:53:22 DEBUG [Main] [Geode]:   Loading mods
19:53:22 DEBUG [Main] [Geode]:     abb2k.backup v1.0.4
19:53:22 DEBUG [Mod Unzip] [Geode]:  Unzip
19:53:22 DEBUG [Mod Unzip] [Geode]:  Same hash detected, skipping unzip
19:53:22 DEBUG [Main] [Geode]:       Load
19:53:22 DEBUG [Main] [Geode]:       Loading binary for mod abb2k.backup
19:53:22 DEBUG [Main] [Geode]:       Enabled MenuLayer::init hook at 0x73b450 for abb2k.backup
19:53:22 DEBUG [Main] [Geode]:       Enabled OptionsLayer::customSetup hook at 0x7702d0 for abb2k.backup
19:53:22 DEBUG [Main] [Geode]:       Enabled GameManager::doQuickSave hook at 0x5ede10 for abb2k.backup
19:53:22 INFO  [Main] [Geode]: Took 0.033s
19:53:22 INFO  [Main] [Geode]: Continuing mod graph refresh...
19:53:22 DEBUG [Main] [Geode]:   Loading mods
19:53:22 DEBUG [Main] [Geode]:     adyagd.godlikefaces v1.1.1
19:53:22 DEBUG [Mod Unzip] [Geode]:  Unzip
19:53:22 DEBUG [Mod Unzip] [Geode]:  Same hash detected, skipping unzip
19:53:22 DEBUG [Main] [Geode]:       Load
19:53:22 DEBUG [Main] [Geode]:       Loading binary for mod adyagd.godlikefaces
19:53:22 DEBUG [Main] [Geode]:       Enabled GJDifficultySprite::create hook at 0x6d6be0 for adyagd.godlikefaces
19:53:22 DEBUG [Main] [Geode]:       Enabled GJDifficultySprite::updateDifficultyFrame hook at 0x6d6e30 for adyagd.godlikefaces
19:53:22 DEBUG [Main] [Geode]:       Enabled GJDifficultySprite::updateFeatureState hook at 0x6d6ff0 for adyagd.godlikefaces
19:53:22 DEBUG [Main] [Geode]:       Enabled RateStarsLayer::init hook at 0x7b4920 for adyagd.godlikefaces
19:53:22 DEBUG [Main] [Geode]:       Enabled RateStarsLayer::onFeature hook at 0x7b4f90 for adyagd.godlikefaces
19:53:22 DEBUG [Main] [Geode]:       Enabled RateStarsLayer::selectRating hook at 0x7b5070 for adyagd.godlikefaces
19:53:22 INFO  [Main] [Geode]: Took 0.038s
19:53:22 INFO  [Main] [Geode]: Continuing mod graph refresh...
19:53:22 DEBUG [Main] [Geode]:   Loading mods
19:53:22 DEBUG [Main] [Geode]:     alphalaneous.integratedloquibot v1.3.4 has unresolved dependencies
19:53:22 INFO  [Main] [Geode]: Took 0.016s
19:53:22 INFO  [Main] [Geode]: Continuing mod graph refresh...
19:53:22 DEBUG [Main] [Geode]:   Loading mods
19:53:22 DEBUG [Main] [Geode]:     bitz.customprofiles v1.0.5 has unresolved dependencies
19:53:22 INFO  [Main] [Geode]: Took 0.016s
19:53:22 INFO  [Main] [Geode]: Continuing mod graph refresh...
19:53:22 DEBUG [Main] [Geode]:   Loading mods
19:53:22 DEBUG [Main] [Geode]:     capeling.icon_profile_2.2 v1.1.4
19:53:22 DEBUG [Mod Unzip] [Geode]:  Unzip
19:53:22 DEBUG [Mod Unzip] [Geode]:  Same hash detected, skipping unzip
19:53:22 DEBUG [Main] [Geode]:       Load
19:53:22 DEBUG [Main] [Geode]:       Loading binary for mod capeling.icon_profile_2.2
19:53:22 DEBUG [Main] [Geode]:       Enabled MenuLayer::init hook at 0x73b450 for capeling.icon_profile_2.2
19:53:22 INFO  [Main] [Geode]: Took 0.033s
19:53:22 INFO  [Main] [Geode]: Continuing mod graph refresh...
19:53:22 DEBUG [Main] [Geode]:   Loading mods
19:53:22 DEBUG [Main] [Geode]:     coderqc.gdswearfilter v1.0.1
19:53:22 DEBUG [Mod Unzip] [Geode]:  Unzip
19:53:22 DEBUG [Mod Unzip] [Geode]:  Same hash detected, skipping unzip
19:53:22 DEBUG [Main] [Geode]:       Load
19:53:22 DEBUG [Main] [Geode]:       Loading binary for mod coderqc.gdswearfilter
19:53:22 DEBUG [Main] [Geode]:       Enabled CommentCell::loadFromComment hook at 0x544490 for coderqc.gdswearfilter
19:53:22 DEBUG [Main] [Geode]:       Enabled InfoLayer::init hook at 0x6e8810 for coderqc.gdswearfilter
19:53:22 DEBUG [Main] [Geode]:       Enabled LevelCell::loadFromLevel hook at 0x53d8b0 for coderqc.gdswearfilter
19:53:22 INFO  [Main] [Geode]: Took 0.04s
19:53:22 INFO  [Main] [Geode]: Continuing mod graph refresh...
19:53:22 DEBUG [Main] [Geode]:   Loading mods
19:53:22 DEBUG [Main] [Geode]:     colon.gold_user_coins v1.0.1
19:53:22 DEBUG [Mod Unzip] [Geode]:  Unzip
19:53:22 DEBUG [Mod Unzip] [Geode]:  Same hash detected, skipping unzip
19:53:22 DEBUG [Main] [Geode]:       Load
19:53:22 DEBUG [Main] [Geode]:       Loading binary for mod colon.gold_user_coins
19:53:22 DEBUG [Main] [Geode]:       Enabled MenuLayer::init hook at 0x73b450 for colon.gold_user_coins
19:53:22 DEBUG [Main] [Geode]:       Enabled cocos2d::CCSprite::setColor hook at 0x60c978a0 for colon.gold_user_coins
19:53:22 INFO  [Main] [Geode]: Took 0.037s
19:53:22 INFO  [Main] [Geode]: Continuing mod graph refresh...
19:53:22 DEBUG [Main] [Geode]:   Loading mods
19:53:22 DEBUG [Main] [Geode]:     coopeeo.customname v1.2.2 has unresolved dependencies
19:53:22 INFO  [Main] [Geode]: Took 0.016s
19:53:22 INFO  [Main] [Geode]: Continuing mod graph refresh...
19:53:22 DEBUG [Main] [Geode]:   Loading mods
19:53:22 DEBUG [Main] [Geode]:     cvolton.betterinfo v4.0.0-alpha.13 has unresolved dependencies
19:53:22 INFO  [Main] [Geode]: Took 0.016s
19:53:22 INFO  [Main] [Geode]: Continuing mod graph refresh...
19:53:22 DEBUG [Main] [Geode]:   Loading mods
19:53:22 DEBUG [Main] [Geode]:     tpdea.betterpause-Better v1.5.5 has unresolved dependencies
19:53:22 INFO  [Main] [Geode]: Took 0.016s
19:53:22 INFO  [Main] [Geode]: Continuing mod graph refresh...
19:53:22 DEBUG [Main] [Geode]:   Loading mods
19:53:22 DEBUG [Main] [Geode]:     dankmeme.globed2 v1.0.5 has unresolved dependencies
19:53:22 INFO  [Main] [Geode]: Took 0.016s
19:53:22 INFO  [Main] [Geode]: Continuing mod graph refresh...
19:53:22 DEBUG [Main] [Geode]:   Loading mods
19:53:22 DEBUG [Main] [Geode]:     elnexreal.copy_song_id v1.2.2
19:53:22 DEBUG [Mod Unzip] [Geode]:  Unzip
19:53:22 DEBUG [Mod Unzip] [Geode]:  Same hash detected, skipping unzip
19:53:22 DEBUG [Main] [Geode]:       Load
19:53:22 DEBUG [Main] [Geode]:       Loading binary for mod elnexreal.copy_song_id
19:53:22 DEBUG [Main] [Geode]:       Enabled LevelInfoLayer::init hook at 0x7116a0 for elnexreal.copy_song_id
19:53:22 DEBUG [Main] [Geode]:       Enabled LevelInfoLayer::levelDownloadFinished hook at 0x714f00 for elnexreal.copy_song_id
19:53:22 INFO  [Main] [Geode]: Took 0.033s
19:53:22 INFO  [Main] [Geode]: Continuing mod graph refresh...
19:53:22 DEBUG [Main] [Geode]:   Loading mods
19:53:22 DEBUG [Main] [Geode]:     gdutilsdevs.gdutils v1.2.14
19:53:22 DEBUG [Mod Unzip] [Geode]:  Unzip
19:53:22 DEBUG [Mod Unzip] [Geode]:  Same hash detected, skipping unzip
19:53:22 DEBUG [Main] [Geode]:       Load
19:53:22 DEBUG [Main] [Geode]:       Loading binary for mod gdutilsdevs.gdutils
19:53:22 DEBUG [Main] [Geode]:       Enabled cocos2d::CCScheduler::update hook at 0x60cc6db0 for gdutilsdevs.gdutils
19:53:22 DEBUG [Main] [Geode]:       Enabled cocos2d::CCScheduler::update hook at 0x60cc6db0 for gdutilsdevs.gdutils
19:53:22 DEBUG [Main] [Geode]:       Enabled PlayLayer::init hook at 0x79c4a0 for gdutilsdevs.gdutils
19:53:22 DEBUG [Main] [Geode]:       Enabled PlayLayer::onQuit hook at 0x7ab480 for gdutilsdevs.gdutils
19:53:22 DEBUG [Main] [Geode]:       Enabled EditorUI::onPause hook at 0x566130 for gdutilsdevs.gdutils
19:53:22 DEBUG [Main] [Geode]:       Enabled EditorUI::onPlayback hook at 0x589d20 for gdutilsdevs.gdutils
19:53:22 DEBUG [Main] [Geode]:       Enabled EditorUI::onPlaytest hook at 0x58a090 for gdutilsdevs.gdutils
19:53:22 DEBUG [Main] [Geode]:       Enabled EditorUI::onStopPlaytest hook at 0x58a200 for gdutilsdevs.gdutils
19:53:22 DEBUG [Main] [Geode]:       Enabled FriendsProfilePage::init hook at 0x5b0a10 for gdutilsdevs.gdutils
19:53:22 DEBUG [Main] [Geode]:       Enabled LeaderboardsLayer::init hook at 0x6edc60 for gdutilsdevs.gdutils
19:53:22 DEBUG [Main] [Geode]:       Enabled SecretLayer2::init hook at 0x7c56d0 for gdutilsdevs.gdutils
19:53:22 DEBUG [Main] [Geode]:       Enabled SecretLayer2::onSubmit hook at 0x7c71c0 for gdutilsdevs.gdutils
19:53:22 DEBUG [Main] [Geode]:       Enabled SecretLayer2::updateSearchLabel hook at 0x7c84b0 for gdutilsdevs.gdutils
19:53:22 DEBUG [Main] [Geode]:       Enabled LevelInfoLayer::init hook at 0x7116a0 for gdutilsdevs.gdutils
19:53:22 DEBUG [Main] [Geode]:       Enabled InfoLayer::init hook at 0x6e8810 for gdutilsdevs.gdutils
19:53:22 DEBUG [Main] [Geode]:       Enabled ProfilePage::loadPageFromUserInfo hook at 0x7adda0 for gdutilsdevs.gdutils
19:53:22 INFO  [Main] [GDUtils]:     GDUtils Mod Loaded
19:53:22 INFO  [Main] [GDUtils]:     Le protocole a été enregistré avec succès pour cet utilisateur.
19:53:22 INFO  [Thread #16540] [GDUtils]: Starting socket...
19:53:22 INFO  [Main] [Geode]: Took 0.049s
19:53:22 INFO  [Main] [Geode]: Continuing mod graph refresh...
19:53:22 DEBUG [Main] [Geode]:   Loading mods
19:53:22 DEBUG [Main] [Geode]:     thesillydoggo.better_startpos_menu v1.1.0
19:53:22 DEBUG [Mod Unzip] [Geode]:  Unzip
19:53:22 DEBUG [Mod Unzip] [Geode]:  Same hash detected, skipping unzip
19:53:22 DEBUG [Main] [Geode]:       Load
19:53:22 DEBUG [Main] [Geode]:       Loading binary for mod thesillydoggo.better_startpos_menu
19:53:22 DEBUG [Main] [Geode]:       Enabled LevelSettingsLayer::init hook at 0x72ce20 for thesillydoggo.better_startpos_menu
19:53:22 INFO  [Main] [Geode]: Took 0.033s
19:53:22 INFO  [Main] [Geode]: Continuing mod graph refresh...
19:53:22 DEBUG [Main] [Geode]:   Loading mods
19:53:22 DEBUG [Main] [Geode]:     geode.custom-keybinds v1.4.0
19:53:22 DEBUG [Mod Unzip] [Geode]:  Unzip
19:53:22 DEBUG [Mod Unzip] [Geode]:  Same hash detected, skipping unzip
19:53:22 DEBUG [Main] [Geode]:       Load
19:53:22 DEBUG [Main] [Geode]:       Loading binary for mod geode.custom-keybinds
19:53:22 DEBUG [Main] [Geode]:       Enabled EditorPauseLayer::customSetup hook at 0x560730 for geode.custom-keybinds
19:53:22 DEBUG [Main] [Geode]:       Enabled EditorPauseLayer::keyDown hook at 0x563080 for geode.custom-keybinds
19:53:22 DEBUG [Main] [Geode]:       Enabled EditorUI::init hook at 0x564260 for geode.custom-keybinds
19:53:22 DEBUG [Main] [Geode]:       Enabled EditorUI::keyDown hook at 0x59a300 for geode.custom-keybinds
19:53:22 DEBUG [Main] [Geode]:       Enabled EditorUI::keyUp hook at 0x59b210 for geode.custom-keybinds
19:53:22 DEBUG [Main] [Geode]:       Enabled EditorUI::moveObjectCall hook at 0x594d40 for geode.custom-keybinds
19:53:22 DEBUG [Main] [Geode]:       Enabled EditorUI::transformObjectCall hook at 0x595380 for geode.custom-keybinds
19:53:22 DEBUG [Main] [Geode]:       Enabled PauseLayer::customSetup hook at 0x7789f0 for geode.custom-keybinds
19:53:22 DEBUG [Main] [Geode]:       Enabled PauseLayer::keyDown hook at 0x77a310 for geode.custom-keybinds
19:53:22 DEBUG [Main] [Geode]:       Enabled UILayer::init hook at 0x87ec10 for geode.custom-keybinds
19:53:22 DEBUG [Main] [Geode]:       Enabled UILayer::keyDown hook at 0x87f930 for geode.custom-keybinds
19:53:22 DEBUG [Main] [Geode]:       Enabled UILayer::keyUp hook at 0x87f950 for geode.custom-keybinds
19:53:22 DEBUG [Main] [Geode]:       Enabled cocos2d::CCKeyboardDispatcher::dispatchKeyboardMSG hook at 0x60c5be70 for geode.custom-keybinds
19:53:22 DEBUG [Main] [Geode]:       Enabled cocos2d::CCKeyboardDispatcher::updateModifierKeys hook at 0x60c5ca70 for geode.custom-keybinds
19:53:22 DEBUG [Main] [Geode]:       Enabled MoreOptionsLayer::onKeybindings hook at 0x5621a0 for geode.custom-keybinds
19:53:22 INFO  [Main] [Geode]: Took 0.053s
19:53:22 INFO  [Main] [Geode]: Continuing mod graph refresh...
19:53:22 DEBUG [Main] [Geode]:   Loading mods
19:53:22 DEBUG [Main] [Geode]:     hjfod.betteredit v6.0.0 has unresolved dependencies
19:53:22 INFO  [Main] [Geode]: Took 0.016s
19:53:22 INFO  [Main] [Geode]: Continuing mod graph refresh...
19:53:22 DEBUG [Main] [Geode]:   Loading mods
19:53:22 DEBUG [Main] [Geode]:     dankmeme.globed2 v1.0.5
19:53:22 DEBUG [Mod Unzip] [Geode]:  Unzip
19:53:22 DEBUG [Mod Unzip] [Geode]:  Same hash detected, skipping unzip
19:53:22 DEBUG [Main] [Geode]:       Load
19:53:22 DEBUG [Main] [Geode]:       Loading binary for mod dankmeme.globed2
19:53:22 DEBUG [Main] [Geode]:       Enabled PlayerObject::incrementJumps hook at 0x7877f0 for dankmeme.globed2
19:53:22 DEBUG [Main] [Geode]:       Enabled PlayerObject::playDeathEffect hook at 0x77a470 for dankmeme.globed2
19:53:22 DEBUG [Main] [Geode]:       Enabled PlayerObject::playSpiderDashEffect hook at 0x78f5b0 for dankmeme.globed2
19:53:22 DEBUG [Main] [Geode]:       Enabled PlayLayer::init hook at 0x79c4a0 for dankmeme.globed2
19:53:22 DEBUG [Main] [Geode]:       Enabled PlayLayer::onQuit hook at 0x7ab480 for dankmeme.globed2
19:53:22 DEBUG [Main] [Geode]:       Enabled AppDelegate::applicationDidEnterBackground hook at 0x51b4f0 for dankmeme.globed2
19:53:22 DEBUG [Main] [Geode]:       Enabled AppDelegate::applicationWillEnterForeground hook at 0x51b530 for dankmeme.globed2
19:53:22 DEBUG [Main] [Geode]:       Enabled GameManager::loadIcon hook at 0x5e7440 for dankmeme.globed2
19:53:22 DEBUG [Main] [Geode]:       Enabled GameManager::returnToLastScene hook at 0x5ee110 for dankmeme.globed2
19:53:22 DEBUG [Main] [Geode]:       Enabled LoadingLayer::loadingFinished hook at 0x736ae0 for dankmeme.globed2
19:53:22 DEBUG [Main] [Geode]:       Enabled MenuLayer::init hook at 0x73b450 for dankmeme.globed2
19:53:22 DEBUG [Main] [Geode]:       Enabled PauseLayer::customSetup hook at 0x7789f0 for dankmeme.globed2
19:53:22 INFO  [stdout]: [2024-02-14 19:53:22] [connect] Successful connection
19:53:23 INFO  [Main] [Geode]: Took 0.068s
19:53:23 INFO  [Main] [Geode]: Continuing mod graph refresh...
19:53:23 DEBUG [Main] [Geode]:   Loading mods
19:53:23 DEBUG [Main] [Geode]:     geode.node-ids v1.3.0
19:53:23 DEBUG [Mod Unzip] [Geode]:  Unzip
19:53:23 DEBUG [Mod Unzip] [Geode]:  Same hash detected, skipping unzip
19:53:23 DEBUG [Main] [Geode]:       Load
19:53:23 DEBUG [Main] [Geode]:       Loading binary for mod geode.node-ids
19:53:23 DEBUG [Main] [Geode]:       Enabled CommentCell::loadFromComment hook at 0x544490 for geode.node-ids
19:53:23 DEBUG [Main] [Geode]:       Enabled CreatorLayer::init hook at 0x52f550 for geode.node-ids
19:53:23 DEBUG [Main] [Geode]:       Enabled CustomizeObjectLayer::init hook at 0x5364a0 for geode.node-ids
19:53:23 DEBUG [Main] [Geode]:       Enabled CustomizeObjectLayer::toggleVisible hook at 0x539780 for geode.node-ids
19:53:23 DEBUG [Main] [Geode]:       Enabled DailyLevelNode::init hook at 0x5596c0 for geode.node-ids
19:53:23 DEBUG [Main] [Geode]:       Enabled DailyLevelPage::init hook at 0x5576d0 for geode.node-ids
19:53:23 DEBUG [Main] [Geode]:       Enabled EditLevelLayer::init hook at 0x55c8e0 for geode.node-ids
19:53:23 DEBUG [Main] [Geode]:       Enabled EditorPauseLayer::init hook at 0x560020 for geode.node-ids
19:53:23 DEBUG [Main] [Geode]:       Enabled EditorUI::init hook at 0x564260 for geode.node-ids
19:53:23 DEBUG [Main] [Geode]:       Enabled GJGarageLayer::init hook at 0x6af250 for geode.node-ids
19:53:23 DEBUG [Main] [Geode]:       Enabled GJGarageLayer::setupPage hook at 0x6b1d70 for geode.node-ids
19:53:23 DEBUG [Main] [Geode]:       Enabled GJScoreCell::loadFromScore hook at 0x5465b0 for geode.node-ids
19:53:23 DEBUG [Main] [Geode]:       Enabled GameToolbox::addBackButton hook at 0x501910 for geode.node-ids
19:53:23 DEBUG [Main] [Geode]:       Enabled GameToolbox::addRThumbScrollButton hook at 0x5019c0 for geode.node-ids
19:53:23 DEBUG [Main] [Geode]:       Enabled InfoLayer::init hook at 0x6e8810 for geode.node-ids
19:53:23 DEBUG [Main] [Geode]:       Enabled LeaderboardsLayer::init hook at 0x6edc60 for geode.node-ids
19:53:23 DEBUG [Main] [Geode]:       Enabled LevelBrowserLayer::init hook at 0x6f2e60 for geode.node-ids
19:53:23 DEBUG [Main] [Geode]:       Enabled LevelCell::loadCustomLevelCell hook at 0x53da60 for geode.node-ids
19:53:23 DEBUG [Main] [Geode]:       Enabled LevelCell::loadFromLevel hook at 0x53d8b0 for geode.node-ids
19:53:23 DEBUG [Main] [Geode]:       Enabled LevelCell::loadLocalLevelCell hook at 0x5404d0 for geode.node-ids
19:53:23 DEBUG [Main] [Geode]:       Enabled LevelInfoLayer::init hook at 0x7116a0 for geode.node-ids
19:53:23 DEBUG [Main] [Geode]:       Enabled LevelInfoLayer::setupPlatformerStats hook at 0x713a90 for geode.node-ids
19:53:23 DEBUG [Main] [Geode]:       Enabled LevelInfoLayer::setupProgressBars hook at 0x713e20 for geode.node-ids
19:53:23 DEBUG [Main] [Geode]:       Enabled LevelInfoLayer::updateLabelValues hook at 0x716d20 for geode.node-ids
19:53:23 DEBUG [Main] [Geode]:       Enabled LevelLeaderboard::init hook at 0x718060 for geode.node-ids
19:53:23 DEBUG [Main] [Geode]:       Enabled LevelSearchLayer::init hook at 0x720f10 for geode.node-ids
19:53:23 DEBUG [Main] [Geode]:       Enabled PauseLayer::customSetup hook at 0x7789f0 for geode.node-ids
19:53:23 DEBUG [Main] [Geode]:       Enabled PlayerObject::init hook at 0x7824c0 for geode.node-ids
19:53:23 DEBUG [Main] [Geode]:       Enabled ProfilePage::init hook at 0x7ad080 for geode.node-ids
19:53:23 DEBUG [Main] [Geode]:       Enabled ProfilePage::loadPageFromUserInfo hook at 0x7adda0 for geode.node-ids
19:53:23 DEBUG [Main] [Geode]:       Enabled RewardsPage::init hook at 0x7b67f0 for geode.node-ids
19:53:23 DEBUG [Main] [Geode]:       Enabled UILayer::init hook at 0x87ec10 for geode.node-ids
19:53:23 INFO  [Main] [Geode]: Took 0.058s
19:53:23 INFO  [Main] [Geode]: Continuing mod graph refresh...
19:53:23 DEBUG [Main] [Geode]:   Loading mods
19:53:23 DEBUG [Main] [Geode]:     thesillydoggo.animatedprofiles v1.0.1
19:53:23 INFO  [stdout]: [2024-02-14 19:53:23] [connect] WebSocket Connection 62.210.53.67:80 v-2 "WebSocket++/0.8.2" /socket.io/?EIO=4&transport=websocket&t=1707936802 101
19:53:23 INFO  [Thread #13888] [GDUtils]: Socket Connection successful!
19:53:23 INFO  [Thread #16540] [GDUtils]: listening for events
19:53:23 DEBUG [Mod Unzip] [Geode]:  Unzip
19:53:23 DEBUG [Mod Unzip] [Geode]:  Same hash detected, skipping unzip
19:53:23 DEBUG [Main] [Geode]:       Load
19:53:23 DEBUG [Main] [Geode]:       Loading binary for mod thesillydoggo.animatedprofiles
19:53:23 DEBUG [Main] [Geode]:       Enabled ProfilePage::init hook at 0x7ad080 for thesillydoggo.animatedprofiles
19:53:23 DEBUG [Main] [Geode]:       Enabled ProfilePage::loadPageFromUserInfo hook at 0x7adda0 for thesillydoggo.animatedprofiles
19:53:23 DEBUG [Main] [Geode]:       Enabled CommentCell::loadFromComment hook at 0x544490 for thesillydoggo.animatedprofiles
19:53:23 DEBUG [Main] [Geode]:       Enabled CCAnimatedSprite::runAnimation hook at 0x4e1640 for thesillydoggo.animatedprofiles
19:53:23 INFO  [Main] [Geode]: Took 0.033s
19:53:23 INFO  [Main] [Geode]: Continuing mod graph refresh...
19:53:23 DEBUG [Main] [Geode]:   Loading mods
19:53:23 DEBUG [Main] [Geode]:     redlime.statchanges v1.1.0
19:53:23 DEBUG [Mod Unzip] [Geode]:  Unzip
19:53:23 DEBUG [Mod Unzip] [Geode]:  Same hash detected, skipping unzip
19:53:23 DEBUG [Main] [Geode]:       Load
19:53:23 DEBUG [Main] [Geode]:       Loading binary for mod redlime.statchanges
19:53:23 DEBUG [Main] [Geode]:       Enabled ProfilePage::init hook at 0x7ad080 for redlime.statchanges
19:53:23 DEBUG [Main] [Geode]:       Enabled ProfilePage::loadPageFromUserInfo hook at 0x7adda0 for redlime.statchanges
19:53:23 DEBUG [Main] [Geode]:       Enabled ProfilePage::onClose hook at 0x7b15e0 for redlime.statchanges
19:53:23 INFO  [Main] [Geode]: Took 0.033s
19:53:23 INFO  [Main] [Geode]: Continuing mod graph refresh...
19:53:23 DEBUG [Main] [Geode]:   Loading mods
19:53:23 DEBUG [Main] [Geode]:     hjfod.gdshare v1.0.4 has unresolved dependencies
19:53:23 INFO  [Main] [Geode]: Took 0.016s
19:53:23 INFO  [Main] [Geode]: Continuing mod graph refresh...
19:53:23 DEBUG [Main] [Geode]:   Loading mods
19:53:23 DEBUG [Main] [Geode]:     hjfod.betteredit v6.0.0
19:53:23 DEBUG [Mod Unzip] [Geode]:  Unzip
19:53:23 DEBUG [Mod Unzip] [Geode]:  Same hash detected, skipping unzip
19:53:23 DEBUG [Main] [Geode]:       Load
19:53:23 DEBUG [Main] [Geode]:       Loading binary for mod hjfod.betteredit
19:53:23 DEBUG [Main] [Geode]:       Enabled EditorPauseLayer::init hook at 0x560020 for hjfod.betteredit
19:53:23 DEBUG [Main] [Geode]:       Enabled CustomizeObjectLayer::colorSelectClosed hook at 0x538e60 for hjfod.betteredit
19:53:23 DEBUG [Main] [Geode]:       Enabled CustomizeObjectLayer::highlightSelected hook at 0x53a1b0 for hjfod.betteredit
19:53:23 DEBUG [Main] [Geode]:       Enabled CustomizeObjectLayer::init hook at 0x5364a0 for hjfod.betteredit
19:53:23 DEBUG [Main] [Geode]:       Enabled CustomizeObjectLayer::onClose hook at 0x53a2a0 for hjfod.betteredit
19:53:23 DEBUG [Main] [Geode]:       Enabled CustomizeObjectLayer::onSelectColor hook at 0x539fa0 for hjfod.betteredit
19:53:23 DEBUG [Main] [Geode]:       Enabled CustomizeObjectLayer::onUpdateCustomColor hook at 0x539af0 for hjfod.betteredit
19:53:23 DEBUG [Main] [Geode]:       Enabled CustomizeObjectLayer::textChanged hook at 0x539cf0 for hjfod.betteredit
19:53:23 DEBUG [Main] [Geode]:       Enabled CustomizeObjectLayer::updateCustomColorLabels hook at 0x539ec0 for hjfod.betteredit
19:53:23 DEBUG [Main] [Geode]:       Enabled SelectFontLayer::init hook at 0x6c4dd0 for hjfod.betteredit
19:53:23 DEBUG [Main] [Geode]:       Enabled EditorUI::scrollWheel hook at 0x59b260 for hjfod.betteredit
19:53:23 DEBUG [Main] [Geode]:       Enabled EditorUI::init hook at 0x564260 for hjfod.betteredit
19:53:23 DEBUG [Main] [Geode]:       Enabled EditorUI::init hook at 0x564260 for hjfod.betteredit
19:53:23 DEBUG [Main] [Geode]:       Enabled EditorUI::init hook at 0x564260 for hjfod.betteredit
19:53:23 DEBUG [Main] [Geode]:       Enabled EditorUI::updateZoom hook at 0x58a3d0 for hjfod.betteredit
19:53:23 DEBUG [Main] [Geode]:       Enabled EditorPauseLayer::init hook at 0x560020 for hjfod.betteredit
19:53:23 DEBUG [Main] [Geode]:       Enabled EditorPauseLayer::init hook at 0x560020 for hjfod.betteredit
19:53:23 DEBUG [Main] [Geode]:       Enabled EditorUI::init hook at 0x564260 for hjfod.betteredit
19:53:23 INFO  [Main] [Geode]: Took 0.065s
19:53:23 INFO  [Main] [Geode]: Continuing mod graph refresh...
19:53:23 DEBUG [Main] [Geode]:   Loading mods
19:53:23 DEBUG [Main] [Geode]:     tpdea.betterpause-Better v1.5.5
19:53:23 DEBUG [Mod Unzip] [Geode]:  Unzip
19:53:23 DEBUG [Mod Unzip] [Geode]:  Same hash detected, skipping unzip
19:53:23 DEBUG [Main] [Geode]:       Load
19:53:23 DEBUG [Main] [Geode]:       Loading binary for mod tpdea.betterpause-Better
19:53:23 DEBUG [Main] [Geode]:       Enabled PauseLayer::create hook at 0x778940 for tpdea.betterpause-Better
19:53:23 DEBUG [Main] [Geode]:       Enabled PauseLayer::onResume hook at 0x779f30 for tpdea.betterpause-Better
19:53:23 DEBUG [Main] [Geode]:       Enabled PlayLayer::addObject hook at 0x7a19b0 for tpdea.betterpause-Better
19:53:23 DEBUG [Main] [Geode]:       Enabled PlayLayer::init hook at 0x79c4a0 for tpdea.betterpause-Better
19:53:23 DEBUG [Main] [Geode]:       Enabled PlayLayer::updateProgressbar hook at 0x7a5440 for tpdea.betterpause-Better
19:53:23 DEBUG [Main] [Geode]:       Enabled GJBaseGameLayer::update hook at 0x67b780 for tpdea.betterpause-Better
19:53:23 DEBUG [Main] [Geode]:       Enabled MoreOptionsLayer::addToggle hook at 0x7725f0 for tpdea.betterpause-Better
19:53:23 DEBUG [Main] [Geode]:       Enabled GameOptionsLayer::create hook at 0x6d3050 for tpdea.betterpause-Better
19:53:23 DEBUG [Main] [Geode]:       Enabled GJOptionsLayer::addToggle hook at 0x6c6350 for tpdea.betterpause-Better
19:53:23 DEBUG [Main] [Geode]:       Enabled GameToolbox::pointsToString hook at 0x505960 for tpdea.betterpause-Better
19:53:23 DEBUG [Main] [Geode]:       Enabled DailyLevelPage::init hook at 0x5576d0 for tpdea.betterpause-Better
19:53:23 DEBUG [Main] [Geode]:       Enabled CustomSongWidget::updateSongObject hook at 0x554280 for tpdea.betterpause-Better
19:53:23 DEBUG [Main] [Geode]:       Enabled CustomSongWidget::updateWithMultiAssets hook at 0x5556f0 for tpdea.betterpause-Better
19:53:23 INFO  [Main] [Geode]: Took 0.107s
19:53:23 INFO  [Main] [Geode]: Continuing mod graph refresh...
19:53:23 DEBUG [Main] [Geode]:   Loading mods
19:53:23 DEBUG [Main] [Geode]:     cvolton.betterinfo v4.0.0-alpha.13
19:53:23 DEBUG [Mod Unzip] [Geode]:  Unzip
19:53:23 DEBUG [Mod Unzip] [Geode]:  Same hash detected, skipping unzip
19:53:23 DEBUG [Main] [Geode]:       Load
19:53:23 DEBUG [Main] [Geode]:       Loading binary for mod cvolton.betterinfo
19:53:23 DEBUG [Main] [Geode]:       Enabled CommentCell::FLAlert_Clicked hook at 0x5463d0 for cvolton.betterinfo
19:53:23 DEBUG [Main] [Geode]:       Enabled CommentCell::loadFromComment hook at 0x544490 for cvolton.betterinfo
19:53:23 DEBUG [Main] [Geode]:       Enabled CommentCell::onConfirmDelete hook at 0x5462c0 for cvolton.betterinfo
19:53:23 DEBUG [Main] [Geode]:       Enabled CommentCell::onLike hook at 0x546110 for cvolton.betterinfo
19:53:23 DEBUG [Main] [Geode]:       Enabled CreatorLayer::init hook at 0x52f550 for cvolton.betterinfo
19:53:23 DEBUG [Main] [Geode]:       Enabled CreatorLayer::onChallenge hook at 0x530dd0 for cvolton.betterinfo
19:53:23 DEBUG [Main] [Geode]:       Enabled DailyLevelNode::init hook at 0x5596c0 for cvolton.betterinfo
19:53:23 DEBUG [Main] [Geode]:       Enabled DailyLevelPage::init hook at 0x5576d0 for cvolton.betterinfo
19:53:23 DEBUG [Main] [Geode]:       Enabled DailyLevelPage::updateTimers hook at 0x559120 for cvolton.betterinfo
19:53:23 DEBUG [Main] [Geode]:       Enabled EditLevelLayer::init hook at 0x55c8e0 for cvolton.betterinfo
19:53:23 DEBUG [Main] [Geode]:       Enabled EditLevelLayer::onLevelInfo hook at 0x55db40 for cvolton.betterinfo
19:53:23 DEBUG [Main] [Geode]:       Enabled GJLevelList::showListInfo hook at 0x5dcef0 for cvolton.betterinfo
19:53:23 DEBUG [Main] [Geode]:       Enabled GJScoreCell::loadFromScore hook at 0x5465b0 for cvolton.betterinfo
19:53:23 DEBUG [Main] [Geode]:       Enabled GameLevelManager::getCompletedLevels hook at 0x5b7790 for cvolton.betterinfo
19:53:23 DEBUG [Main] [Geode]:       Enabled GameLevelManager::getSavedLevels hook at 0x5b7340 for cvolton.betterinfo
19:53:23 DEBUG [Main] [Geode]:       Enabled GameLevelManager::limitSavedLevels hook at 0x5b9210 for cvolton.betterinfo
19:53:23 DEBUG [Main] [Geode]:       Enabled GameLevelManager::userNameForUserID hook at 0x5b6290 for cvolton.betterinfo
19:53:23 DEBUG [Main] [Geode]:       Enabled InfoLayer::init hook at 0x6e8810 for cvolton.betterinfo
19:53:23 DEBUG [Main] [Geode]:       Enabled InfoLayer::loadPage hook at 0x6eb340 for cvolton.betterinfo
19:53:23 DEBUG [Main] [Geode]:       Enabled InfoLayer::onLevelInfo hook at 0x6eada0 for cvolton.betterinfo
19:53:23 DEBUG [Main] [Geode]:       Enabled InfoLayer::onMore hook at 0x6eaaa0 for cvolton.betterinfo
19:53:23 DEBUG [Main] [Geode]:       Enabled InfoLayer::setupCommentsBrowser hook at 0x6eb670 for cvolton.betterinfo
19:53:23 DEBUG [Main] [Geode]:       Enabled LeaderboardsLayer::init hook at 0x6edc60 for cvolton.betterinfo
19:53:23 DEBUG [Main] [Geode]:       Enabled LevelAreaInnerLayer::init hook at 0x6f11e0 for cvolton.betterinfo
19:53:23 DEBUG [Main] [Geode]:       Enabled LevelBrowserLayer::init hook at 0x6f2e60 for cvolton.betterinfo
19:53:23 DEBUG [Main] [Geode]:       Enabled LevelBrowserLayer::onGoToPage hook at 0x6f5c40 for cvolton.betterinfo
19:53:23 DEBUG [Main] [Geode]:       Enabled LevelBrowserLayer::setupPageInfo hook at 0x6f59e0 for cvolton.betterinfo
19:53:23 DEBUG [Main] [Geode]:       Enabled LevelCell::loadCustomLevelCell hook at 0x53da60 for cvolton.betterinfo
19:53:23 DEBUG [Main] [Geode]:       Enabled LevelCell::onViewProfile hook at 0x540f70 for cvolton.betterinfo
19:53:23 DEBUG [Main] [Geode]:       Enabled LevelInfoLayer::init hook at 0x7116a0 for cvolton.betterinfo
19:53:23 DEBUG [Main] [Geode]:       Enabled LevelInfoLayer::onLevelInfo hook at 0x716a70 for cvolton.betterinfo
19:53:23 DEBUG [Main] [Geode]:       Enabled LevelInfoLayer::onViewProfile hook at 0x716a10 for cvolton.betterinfo
19:53:23 DEBUG [Main] [Geode]:       Enabled LevelInfoLayer::updateLabelValues hook at 0x716d20 for cvolton.betterinfo
19:53:23 DEBUG [Main] [Geode]:       Enabled LevelLeaderboard::init hook at 0x718060 for cvolton.betterinfo
19:53:23 DEBUG [Main] [Geode]:       Enabled LevelListCell::loadFromList hook at 0x54b570 for cvolton.betterinfo
19:53:23 DEBUG [Main] [Geode]:       Enabled LevelPage::onInfo hook at 0x72c400 for cvolton.betterinfo
19:53:23 DEBUG [Main] [Geode]:       Enabled LevelSearchLayer::getSearchObject hook at 0x723ba0 for cvolton.betterinfo
19:53:23 DEBUG [Main] [Geode]:       Enabled MoreSearchLayer::init hook at 0x7256b0 for cvolton.betterinfo
19:53:23 DEBUG [Main] [Geode]:       Enabled MoreSearchLayer::onSongFilter hook at 0x7269e0 for cvolton.betterinfo
19:53:23 DEBUG [Main] [Geode]:       Enabled MoreSearchLayer::onSongMode hook at 0x726c90 for cvolton.betterinfo
19:53:23 DEBUG [Main] [Geode]:       Enabled PlayLayer::destroyPlayer hook at 0x7a6730 for cvolton.betterinfo
19:53:23 DEBUG [Main] [Geode]:       Enabled PlayLayer::init hook at 0x79c4a0 for cvolton.betterinfo
19:53:23 DEBUG [Main] [Geode]:       Enabled PlayLayer::levelComplete hook at 0x79db60 for cvolton.betterinfo
19:53:23 DEBUG [Main] [Geode]:       Enabled PlayLayer::onQuit hook at 0x7ab480 for cvolton.betterinfo
19:53:23 DEBUG [Main] [Geode]:       Enabled PlayLayer::resetLevel hook at 0x7aa130 for cvolton.betterinfo
19:53:23 DEBUG [Main] [Geode]:       Enabled ProfilePage::getUserInfoFailed hook at 0x7b1e40 for cvolton.betterinfo
19:53:23 DEBUG [Main] [Geode]:       Enabled ProfilePage::init hook at 0x7ad080 for cvolton.betterinfo
19:53:23 DEBUG [Main] [Geode]:       Enabled ProfilePage::loadPageFromUserInfo hook at 0x7adda0 for cvolton.betterinfo
19:53:23 DEBUG [Main] [Geode]:       Enabled ProfilePage::onClose hook at 0x7b15e0 for cvolton.betterinfo
19:53:23 DEBUG [Main] [Geode]:       Enabled RewardsPage::init hook at 0x7b67f0 for cvolton.betterinfo
19:53:23 DEBUG [Main] [Geode]:       Enabled MenuLayer::init hook at 0x73b450 for cvolton.betterinfo
19:53:23 INFO  [Main] [Geode]: Took 0.082s
19:53:23 INFO  [Main] [Geode]: Continuing mod graph refresh...
19:53:23 DEBUG [Main] [Geode]:   Loading mods
19:53:23 DEBUG [Main] [Geode]:     coopeeo.customname v1.2.2
19:53:23 DEBUG [Mod Unzip] [Geode]:  Unzip
19:53:23 DEBUG [Mod Unzip] [Geode]:  Same hash detected, skipping unzip
19:53:23 DEBUG [Main] [Geode]:       Load
19:53:23 DEBUG [Main] [Geode]:       Loading binary for mod coopeeo.customname
19:53:23 DEBUG [Main] [Geode]:       Enabled MenuLayer::init hook at 0x73b450 for coopeeo.customname
19:53:23 DEBUG [Main] [Geode]:       Enabled ProfilePage::init hook at 0x7ad080 for coopeeo.customname
19:53:23 DEBUG [Main] [Geode]:       Enabled ProfilePage::loadPageFromUserInfo hook at 0x7adda0 for coopeeo.customname
19:53:23 INFO  [Main] [Geode]: Took 0.085s
19:53:23 INFO  [Main] [Geode]: Continuing mod graph refresh...
19:53:23 DEBUG [Main] [Geode]:   Loading mods
19:53:23 DEBUG [Main] [Geode]:     bitz.customprofiles v1.0.5
19:53:23 DEBUG [Mod Unzip] [Geode]:  Unzip
19:53:23 DEBUG [Mod Unzip] [Geode]:  Same hash detected, skipping unzip
19:53:23 DEBUG [Main] [Geode]:       Load
19:53:23 DEBUG [Main] [Geode]:       Loading binary for mod bitz.customprofiles
19:53:23 DEBUG [Main] [Geode]:       Enabled GJAccountSettingsLayer::init hook at 0x6c84f0 for bitz.customprofiles
19:53:23 DEBUG [Main] [Geode]:       Enabled GJAccountSettingsLayer::onClose hook at 0x6c9db0 for bitz.customprofiles
19:53:23 DEBUG [Main] [Geode]:       Enabled InfoLayer::init hook at 0x6e8810 for bitz.customprofiles
19:53:23 DEBUG [Main] [Geode]:       Enabled InfoLayer::setupCommentsBrowser hook at 0x6eb670 for bitz.customprofiles
19:53:23 DEBUG [Main] [Geode]:       Enabled ProfilePage::init hook at 0x7ad080 for bitz.customprofiles
19:53:23 DEBUG [Main] [Geode]:       Enabled ProfilePage::loadPageFromUserInfo hook at 0x7adda0 for bitz.customprofiles
19:53:23 DEBUG [Main] [Geode]:       Enabled ProfilePage::onUpdate hook at 0x7adb10 for bitz.customprofiles
19:53:23 DEBUG [Main] [Geode]:       Enabled ProfilePage::setupCommentsBrowser hook at 0x7b2160 for bitz.customprofiles
19:53:23 DEBUG [Main] [Geode]:       Enabled CommentCell::draw hook at 0x53d5b0 for bitz.customprofiles
19:53:23 DEBUG [Main] [Geode]:       Enabled CommentCell::loadFromComment hook at 0x544490 for bitz.customprofiles
19:53:23 DEBUG [Main] [Geode]:       Enabled CommentCell::updateBGColor hook at 0x546090 for bitz.customprofiles
19:53:23 INFO  [Main] [Geode]: Took 0.05s
19:53:23 INFO  [Main] [Geode]: Continuing mod graph refresh...
19:53:23 DEBUG [Main] [Geode]:   Loading mods
19:53:23 DEBUG [Main] [Geode]:     alphalaneous.integratedloquibot v1.3.4
19:53:23 DEBUG [Mod Unzip] [Geode]:  Unzip
19:53:23 DEBUG [Mod Unzip] [Geode]:  Same hash detected, skipping unzip
19:53:23 INFO  [Main] [Geode]: Took 0.086s
19:53:23 INFO  [Main] [Geode]: Continuing mod graph refresh...
19:53:23 DEBUG [Main] [Geode]:   Loading mods
19:53:23 DEBUG [Main] [Geode]:     alphalaneous.projectedstars v1.1.2
19:53:23 DEBUG [Mod Unzip] [Geode]:  Unzip
19:53:23 DEBUG [Mod Unzip] [Geode]:  Same hash detected, skipping unzip
19:53:23 DEBUG [Main] [Geode]:       Load
19:53:23 DEBUG [Main] [Geode]:       Loading binary for mod alphalaneous.projectedstars
19:53:23 DEBUG [Main] [Geode]:       Enabled LevelInfoLayer::init hook at 0x7116a0 for alphalaneous.projectedstars
19:53:23 INFO  [Main] [Geode]: Took 0.033s
19:53:23 INFO  [Main] [Geode]: Continuing mod graph refresh...
19:53:23 DEBUG [Main] [Geode]:   Loading mods
19:53:23 DEBUG [Main] [Geode]:     beat.click-sound v1.4.1
19:53:23 DEBUG [Mod Unzip] [Geode]:  Unzip
19:53:23 DEBUG [Mod Unzip] [Geode]:  Same hash detected, skipping unzip
19:53:23 DEBUG [Main] [Geode]:       Load
19:53:23 DEBUG [Main] [Geode]:       Loading binary for mod beat.click-sound
19:53:23 DEBUG [Main] [Geode]:       Enabled PlayerObject::pushButton hook at 0x791d30 for beat.click-sound
19:53:23 DEBUG [Main] [Geode]:       Enabled PlayerObject::releaseButton hook at 0x791f70 for beat.click-sound
19:53:23 DEBUG [Main] [Geode]:       Enabled PauseLayer::customSetup hook at 0x7789f0 for beat.click-sound
19:53:23 DEBUG [Main] [Geode]:       Enabled ProfilePage::init hook at 0x7ad080 for beat.click-sound
19:53:23 DEBUG [Main] [Geode]:       Enabled EndLevelLayer::customSetup hook at 0x5a74f0 for beat.click-sound
19:53:23 INFO  [Main] [Geode]: Took 0.034s
19:53:23 INFO  [Main] [Geode]: Continuing mod graph refresh...
19:53:23 DEBUG [Main] [Geode]:   Loading mods
19:53:23 DEBUG [Main] [Geode]:     hjfod.betteredit v6.0.0
19:53:23 INFO  [Main] [Geode]: Took 0.016s
19:53:23 INFO  [Main] [Geode]: Continuing mod graph refresh...
19:53:23 DEBUG [Main] [Geode]:   Loading mods
19:53:23 DEBUG [Main] [Geode]:     hjfod.gdshare v1.0.4 has unresolved dependencies
19:53:23 INFO  [Main] [Geode]: Took 0.016s
19:53:23 INFO  [Main] [Geode]: Continuing mod graph refresh...
19:53:23 DEBUG [Main] [Geode]:   Loading mods
19:53:23 DEBUG [Main] [Geode]:     hjfod.gmd-api v1.0.1
19:53:23 DEBUG [Mod Unzip] [Geode]:  Unzip
19:53:23 DEBUG [Mod Unzip] [Geode]:  Same hash detected, skipping unzip
19:53:23 DEBUG [Main] [Geode]:       Load
19:53:23 DEBUG [Main] [Geode]:       Loading binary for mod hjfod.gmd-api
19:53:23 INFO  [Main] [Geode]: Took 0.041s
19:53:23 INFO  [Main] [Geode]: Continuing mod graph refresh...
19:53:23 DEBUG [Main] [Geode]:   Loading mods
19:53:23 DEBUG [Main] [Geode]:     hjfod.gdshare v1.0.4
19:53:23 DEBUG [Mod Unzip] [Geode]:  Unzip
19:53:23 DEBUG [Mod Unzip] [Geode]:  Same hash detected, skipping unzip
19:53:23 DEBUG [Main] [Geode]:       Load
19:53:23 DEBUG [Main] [Geode]:       Loading binary for mod hjfod.gdshare
19:53:23 DEBUG [Main] [Geode]:       Enabled EditLevelLayer::init hook at 0x55c8e0 for hjfod.gdshare
19:53:23 DEBUG [Main] [Geode]:       Enabled LevelInfoLayer::init hook at 0x7116a0 for hjfod.gdshare
19:53:23 DEBUG [Main] [Geode]:       Enabled LevelBrowserLayer::init hook at 0x6f2e60 for hjfod.gdshare
19:53:23 INFO  [Main] [Geode]: Took 0.037s
19:53:23 INFO  [Main] [Geode]: Continuing mod graph refresh...
19:53:23 DEBUG [Main] [Geode]:   Loading mods
19:53:23 DEBUG [Main] [Geode]:     muhammadgames.bettermenu v1.0.4-beta.12
19:53:23 DEBUG [Mod Unzip] [Geode]:  Unzip
19:53:23 DEBUG [Mod Unzip] [Geode]:  Same hash detected, skipping unzip
19:53:23 DEBUG [Main] [Geode]:       Load
19:53:23 DEBUG [Main] [Geode]:       Loading binary for mod muhammadgames.bettermenu
19:53:23 DEBUG [Main] [Geode]:       Enabled MenuLayer::init hook at 0x73b450 for muhammadgames.bettermenu
19:53:23 INFO  [Main] [Geode]: Took 0.049s
19:53:23 INFO  [Main] [Geode]: Continuing mod graph refresh...
19:53:23 DEBUG [Main] [Geode]:   Loading mods
19:53:23 DEBUG [Main] [Geode]:     redlime.statchanges v1.1.0
19:53:23 INFO  [Main] [Geode]: Took 0.016s
19:53:23 INFO  [Main] [Geode]: Continuing mod graph refresh...
19:53:23 DEBUG [Main] [Geode]:   Loading mods
19:53:23 DEBUG [Main] [Geode]:     thesillydoggo.animatedprofiles v1.0.1
19:53:23 INFO  [Main] [Geode]: Took 0.017s
19:53:23 INFO  [Main] [Geode]: Continuing mod graph refresh...
19:53:23 DEBUG [Main] [Geode]:   Loading mods
19:53:23 DEBUG [Main] [Geode]:     thesillydoggo.entersearch v1.0.0
19:53:23 DEBUG [Mod Unzip] [Geode]:  Unzip
19:53:23 DEBUG [Mod Unzip] [Geode]:  Same hash detected, skipping unzip
19:53:23 DEBUG [Main] [Geode]:       Load
19:53:23 DEBUG [Main] [Geode]:       Loading binary for mod thesillydoggo.entersearch
19:53:23 DEBUG [Main] [Geode]:       Enabled FLAlertLayer::init hook at 0x4f0f60 for thesillydoggo.entersearch
19:53:23 DEBUG [Main] [Geode]:       Enabled LevelSearchLayer::init hook at 0x720f10 for thesillydoggo.entersearch
19:53:23 DEBUG [Main] [Geode]:       Enabled ShareCommentLayer::init hook at 0x846490 for thesillydoggo.entersearch
19:53:23 DEBUG [Main] [Geode]:       Enabled cocos2d::CCKeyboardDispatcher::dispatchKeyboardMSG hook at 0x60c5be70 for thesillydoggo.entersearch
19:53:23 INFO  [Main] [Geode]: Took 0.032s
19:53:23 INFO  [Main] [Geode]: Continuing mod graph refresh...
19:53:23 DEBUG [Main] [Geode]:   Loading mods
19:53:23 DEBUG [Main] [Geode]:     TheSillyDoggo.GradientPages v2.1.0
19:53:23 DEBUG [Mod Unzip] [Geode]:  Unzip
19:53:23 DEBUG [Mod Unzip] [Geode]:  Same hash detected, skipping unzip
19:53:23 DEBUG [Main] [Geode]:       Load
19:53:23 DEBUG [Main] [Geode]:       Loading binary for mod TheSillyDoggo.GradientPages
19:53:23 DEBUG [Main] [Geode]:       Enabled ProfilePage::init hook at 0x7ad080 for TheSillyDoggo.GradientPages
19:53:23 DEBUG [Main] [Geode]:       Enabled ProfilePage::loadPageFromUserInfo hook at 0x7adda0 for TheSillyDoggo.GradientPages
19:53:23 DEBUG [Main] [Geode]:       Enabled GJAccountSettingsLayer::init hook at 0x6c84f0 for TheSillyDoggo.GradientPages
19:53:23 DEBUG [Main] [Geode]:       Enabled FRequestProfilePage::init hook at 0x5aef90 for TheSillyDoggo.GradientPages
19:53:23 DEBUG [Main] [Geode]:       Enabled MessagesProfilePage::init hook at 0x73d1c0 for TheSillyDoggo.GradientPages
19:53:23 DEBUG [Main] [Geode]:       Enabled FriendsProfilePage::init hook at 0x5b0a10 for TheSillyDoggo.GradientPages
19:53:23 DEBUG [Main] [Geode]:       Enabled InfoLayer::init hook at 0x6e8810 for TheSillyDoggo.GradientPages
19:53:23 DEBUG [Main] [Geode]:       Enabled GJCommentListLayer::create hook at 0x6c7dc0 for TheSillyDoggo.GradientPages
19:53:23 DEBUG [Main] [Geode]:       Enabled ItemInfoPopup::init hook at 0x6b5b80 for TheSillyDoggo.GradientPages
19:53:23 DEBUG [Main] [Geode]:       Enabled ShardsPage::init hook at 0x844320 for TheSillyDoggo.GradientPages
19:53:23 DEBUG [Main] [Geode]:       Enabled CommunityCreditsPage::init hook at 0x528b10 for TheSillyDoggo.GradientPages
19:53:23 DEBUG [Main] [Geode]:       Enabled DemonFilterSelectLayer::init hook at 0x7273e0 for TheSillyDoggo.GradientPages
19:53:23 DEBUG [Main] [Geode]:       Enabled MoreSearchLayer::init hook at 0x7256b0 for TheSillyDoggo.GradientPages
19:53:23 DEBUG [Main] [Geode]:       Enabled ChallengesPage::init hook at 0x51c560 for TheSillyDoggo.GradientPages
19:53:23 DEBUG [Main] [Geode]:       Enabled SetIDPopup::init hook at 0x6cf980 for TheSillyDoggo.GradientPages
19:53:23 INFO  [Main] [Geode]: Took 0.035s
19:53:23 INFO  [Main] [Geode]: Continuing mod graph refresh...
19:53:23 DEBUG [Main] [Geode]:   Loading mods
19:53:23 DEBUG [Main] [Geode]:     xanii.youtubers v1.0.0
19:53:23 DEBUG [Mod Unzip] [Geode]:  Unzip
19:53:23 DEBUG [Mod Unzip] [Geode]:  Same hash detected, skipping unzip
19:53:23 DEBUG [Main] [Geode]:       Load
19:53:23 DEBUG [Main] [Geode]:       Loading binary for mod xanii.youtubers
19:53:23 DEBUG [Main] [Geode]:       Enabled ProfilePage::setupPageInfo hook at 0x7b2350 for xanii.youtubers
19:53:23 INFO  [Main] [Geode]: Took 0.038s
19:53:23 INFO  [Main] [Geode]: Continuing mod graph refresh...
19:53:23 DEBUG [Main] [Geode]:   Finding problems
19:53:23 DEBUG [Main] [Geode]:     geode.loader
19:53:23 DEBUG [Main] [Geode]:     beat.click-sound
19:53:23 DEBUG [Main] [Geode]:     mat.run-info
19:53:23 DEBUG [Main] [Geode]:     alphalaneous.projectedstars
19:53:24 DEBUG [Main] [Geode]:     elohmrow.death_tracker
19:53:24 DEBUG [Main] [Geode]:     absolllute.megahack
19:53:24 DEBUG [Main] [Geode]:     abb2k.backup
19:53:24 DEBUG [Main] [Geode]:     adyagd.godlikefaces
19:53:24 DEBUG [Main] [Geode]:     alphalaneous.integratedloquibot is not enabled
19:53:24 DEBUG [Main] [Geode]:     bitz.customprofiles
19:53:24 DEBUG [Main] [Geode]:     capeling.icon_profile_2.2
19:53:24 DEBUG [Main] [Geode]:     coderqc.gdswearfilter
19:53:24 DEBUG [Main] [Geode]:     colon.gold_user_coins
19:53:24 DEBUG [Main] [Geode]:     coopeeo.customname
19:53:24 DEBUG [Main] [Geode]:     cvolton.betterinfo
19:53:24 DEBUG [Main] [Geode]:     tpdea.betterpause-Better
19:53:24 DEBUG [Main] [Geode]:     dankmeme.globed2
19:53:24 DEBUG [Main] [Geode]:     elnexreal.copy_song_id
19:53:24 DEBUG [Main] [Geode]:     gdutilsdevs.gdutils
19:53:24 DEBUG [Main] [Geode]:     thesillydoggo.better_startpos_menu
19:53:24 DEBUG [Main] [Geode]:     geode.custom-keybinds
19:53:24 DEBUG [Main] [Geode]:     geode.node-ids
19:53:24 DEBUG [Main] [Geode]:     hjfod.betteredit
19:53:24 DEBUG [Main] [Geode]:     hjfod.gdshare
19:53:24 DEBUG [Main] [Geode]:     hjfod.gmd-api
19:53:24 DEBUG [Main] [Geode]:     muhammadgames.bettermenu
19:53:24 DEBUG [Main] [Geode]:     redlime.statchanges
19:53:24 DEBUG [Main] [Geode]:     thesillydoggo.animatedprofiles
19:53:24 DEBUG [Main] [Geode]:     thesillydoggo.entersearch
19:53:24 DEBUG [Main] [Geode]:     TheSillyDoggo.GradientPages
19:53:24 DEBUG [Main] [Geode]:     xanii.youtubers
19:53:24 INFO  [Main] [Geode]:   Took 0.004s
19:53:24 DEBUG [Main] [Geode]: Verifying Loader Resources
19:53:24 DEBUG [Main] [Geode]: Loading Loader Resources
19:53:24 DEBUG [Main] [Geode]: Loading mod resources
19:53:24 DEBUG [Main] [Geode]: Adding resources
19:53:24 DEBUG [Main] [Geode]:   geode.loader
19:53:24 DEBUG [Main] [Geode]:     Adding sheet geode.loader/LogoSheet
19:53:24 DEBUG [Main] [Geode]:     Adding sheet geode.loader/APISheet
19:53:24 DEBUG [Main] [Geode]:     Adding sheet geode.loader/BlankSheet
19:53:24 DEBUG [Main] [Geode]:   adyagd.godlikefaces
19:53:24 DEBUG [Main] [Geode]:     Adding sheet adyagd.godlikefaces/GodlikeDiffSheet
19:53:24 DEBUG [Main] [Geode]:   dankmeme.globed2
19:53:24 DEBUG [Main] [Geode]:     Adding sheet dankmeme.globed2/globedsheet1
19:53:24 DEBUG [Main] [Geode]:   geode.custom-keybinds
19:53:24 DEBUG [Main] [Geode]:     Adding sheet geode.custom-keybinds/KB_ControllerSheet
19:53:24 DEBUG [Main] [Geode]:   hjfod.betteredit
19:53:24 DEBUG [Main] [Geode]:     Adding sheet hjfod.betteredit/UISheet
19:53:24 DEBUG [Main] [Geode]:   hjfod.gdshare
19:53:24 DEBUG [Main] [Geode]:     Adding sheet hjfod.gdshare/GDShare
19:53:24 DEBUG [Main] [Geode]:   TheSillyDoggo.GradientPages
19:53:24 DEBUG [Main] [Geode]:     Adding sheet TheSillyDoggo.GradientPages/UISheet
19:53:35 INFO  [Main] [Animated Profile Icons]: Playing animation: walk
19:53:35 INFO  [Main] [Animated Profile Icons]: Playing animation: walk
19:53:35 INFO  [Main] [Animated Profile Icons]: Playing animation: walk
19:53:36 DEBUG [Main] [Geode]: Checking updates for index
19:53:37 DEBUG [Main] [Geode]: Enabled FMODChannelControl::setVolume hook at 0x183b180 for absolllute.megahack
19:53:37 DEBUG [Main] [Geode]: Enabled FMODChannelControl::setPitch hook at 0x183af00 for absolllute.megahack
19:53:37 DEBUG [Main] [Geode]: Enabled cocos2dCCParticleSystem::loadScaledDefaults hook at 0x60c7bba0 for absolllute.megahack
19:53:37 DEBUG [Main] [Geode]: Enabled cocos2dCCTransitionFade::create hook at 0x60c67710 for absolllute.megahack
19:53:37 DEBUG [Main] [Geode]: Enabled cocos2dCCTransitionMoveInT::create hook at 0x60c681f0 for absolllute.megahack
19:53:37 DEBUG [Main] [Geode]: Enabled cocos2dCCDirector::drawScene hook at 0x60cc2ae0 for absolllute.megahack
19:53:37 DEBUG [Main] [Geode]: Enabled cocos2dCCScheduler::update hook at 0x60cc6db0 for absolllute.megahack
19:53:37 DEBUG [Main] [Geode]: Enabled cocos2dCCIMEDelegate::attachWithIME hook at 0x60cb9ea0 for absolllute.megahack
19:53:37 DEBUG [Main] [Geode]: Enabled cocos2dCCIMEDelegate::detachWithIME hook at 0x60cb9f20 for absolllute.megahack
19:53:37 DEBUG [Main] [Geode]: Enabled AppDelegate::trySaveGame hook at 0x51b790 for absolllute.megahack
19:53:37 DEBUG [Main] [Geode]: Enabled GameStatsManager::isItemUnlocked hook at 0x636570 for absolllute.megahack
19:53:37 DEBUG [Main] [Geode]: Enabled ColorAction::setupFromString hook at 0xa99950 for absolllute.megahack
19:53:37 DEBUG [Main] [Geode]: Enabled GameObject::createWithKey hook at 0x5f0330 for absolllute.megahack
19:53:37 DEBUG [Main] [Geode]: Enabled UILayer::init hook at 0x87ec10 for absolllute.megahack
19:53:37 DEBUG [Main] [Geode]: Enabled UILayer::keyDown hook at 0x87f930 for absolllute.megahack
19:53:37 DEBUG [Main] [Geode]: Enabled UILayer::keyUp hook at 0x87f950 for absolllute.megahack
19:53:37 DEBUG [Main] [Geode]: Enabled PauseLayer::customSetup hook at 0x7789f0 for absolllute.megahack
19:53:37 DEBUG [Main] [Geode]: Enabled PauseLayer::onResume hook at 0x779f30 for absolllute.megahack
19:53:37 DEBUG [Main] [Geode]: Enabled EndLevelLayer::customSetup hook at 0x5a74f0 for absolllute.megahack
19:53:37 DEBUG [Main] [Geode]: Enabled EndLevelLayer::keyDown hook at 0x5aa310 for absolllute.megahack
19:53:37 DEBUG [Main] [Geode]: Enabled ShaderLayer::visit hook at 0x843810 for absolllute.megahack
19:53:37 DEBUG [Main] [Geode]: Enabled LevelInfoLayer::onPlay hook at 0x7155b0 for absolllute.megahack
19:53:37 DEBUG [Main] [Geode]: Enabled PlayerObject::togglePlayerScale hook at 0x799170 for absolllute.megahack
19:53:37 DEBUG [Main] [Geode]: Enabled GJBaseGameLayer::handleButton hook at 0x6769f0 for absolllute.megahack
19:53:37 DEBUG [Main] [Geode]: Enabled GJBaseGameLayer::processCommands hook at 0x67d240 for absolllute.megahack
19:53:37 DEBUG [Main] [Geode]: Enabled GJBaseGameLayer::resetLevelVariables hook at 0x67db10 for absolllute.megahack
19:53:37 DEBUG [Main] [Geode]: Enabled GJBaseGameLayer::init hook at 0x650290 for absolllute.megahack
19:53:37 DEBUG [Main] [Geode]: Enabled GJBaseGameLayer::visit hook at 0x688ea0 for absolllute.megahack
19:53:37 DEBUG [Main] [Geode]: Enabled PlayLayer::_destructor hook at 0x79c080 for absolllute.megahack
19:53:37 DEBUG [Main] [Geode]: Enabled PlayLayer::init hook at 0x79c4a0 for absolllute.megahack
19:53:37 DEBUG [Main] [Geode]: Enabled PlayLayer::startGame hook at 0x79dab0 for absolllute.megahack
19:53:37 DEBUG [Main] [Geode]: Enabled PlayLayer::onQuit hook at 0x7ab480 for absolllute.megahack
19:53:37 DEBUG [Main] [Geode]: Enabled PlayLayer::postUpdate hook at 0x7a7220 for absolllute.megahack
19:53:37 DEBUG [Main] [Geode]: Enabled PlayLayer::addObject hook at 0x7a19b0 for absolllute.megahack
19:53:37 DEBUG [Main] [Geode]: Enabled PlayLayer::destroyPlayer hook at 0x7a6730 for absolllute.megahack
19:53:37 DEBUG [Main] [Geode]: Enabled PlayLayer::resetLevel hook at 0x7aa130 for absolllute.megahack
19:53:37 DEBUG [Main] [Geode]: Enabled PlayLayer::updateAttempts hook at 0x7aab40 for absolllute.megahack
19:53:37 DEBUG [Main] [Geode]: Enabled PlayLayer::pauseGame hook at 0x7aae80 for absolllute.megahack
19:53:37 DEBUG [Main] [Geode]: Enabled PlayLayer::createCheckpoint hook at 0x7a76e0 for absolllute.megahack
19:53:37 DEBUG [Main] [Geode]: Enabled PlayLayer::markCheckpoint hook at 0x7a8550 for absolllute.megahack
19:53:37 DEBUG [Main] [Geode]: Enabled PlayLayer::storeCheckpoint hook at 0x7a84a0 for absolllute.megahack
19:53:37 DEBUG [Main] [Geode]: Enabled PlayLayer::playEndAnimationToPos hook at 0x79fe00 for absolllute.megahack
19:53:37 DEBUG [Main] [Geode]: Enabled PlayLayer::playPlatformerEndAnimationToPos hook at 0x7a05e0 for absolllute.megahack
19:53:37 DEBUG [Main] [Geode]: Enabled PlayLayer::applyEnterEffect hook at 0x7a47d0 for absolllute.megahack
19:53:37 DEBUG [Main] [Geode]: Enabled PlayLayer::applyCustomEnterEffect hook at 0x7a3f50 for absolllute.megahack
19:53:37 DEBUG [Main] [Geode]: Enabled PlayLayer::updateProgressbar hook at 0x7a5440 for absolllute.megahack
19:53:37 DEBUG [Main] [Globed]: Preloading death effects..
19:53:49 DEBUG [Main] [Globed]: Took 11.508s.
19:53:49 DEBUG [Main] [Globed]: Preloading icons..
19:54:03 DEBUG [Main] [Globed]: Took 14.349s.
19:54:03 DEBUG [Main] [Globed]: Preloading finished in 25.859s.
19:54:03 DEBUG [Main] [Geode]: Downloading index
19:54:03 INFO  [Main] [BetterInfo]: Music Library response: 1
19:54:03 INFO  [Main] [Animated Profile Icons]: Playing animation: walk
19:54:09 ERROR [Main] [Globed]: Failed to generate a session token! Please try to login and connect again.

Reason: <cy>query `uid` is required</c>
19:54:13 ERROR [Main] [Globed]: Creating challenge failed: <cy>query `uid` is required</c>
19:54:15 ERROR [Main] [Globed]: Creating challenge failed: <cy>query `uid` is required</c>
19:54:23 ERROR [Main] [Globed]: Creating challenge failed: <cy>query `uid` is required</c>
19:54:30 DEBUG [Index Update] [Geode]: Unzipping index
19:54:31 INFO  [Main] [Geode]: Saving mod data...
19:54:31 DEBUG [Main] [Geode]:   geode.loader
19:54:31 DEBUG [Main] [Geode]:     Check covered
19:54:31 DEBUG [Main] [Geode]:     Check if auto-check-updates is saved
19:54:31 DEBUG [Main] [Geode]:     Check if show-platform-console is saved
19:54:31 DEBUG [Main] [Geode]:     Check if disable-last-crashed-popup is saved
19:54:31 DEBUG [Main] [Geode]:     Check if auto-update-mods is saved
19:54:31 DEBUG [Main] [Geode]:   beat.click-sound
19:54:31 DEBUG [Main] [Geode]:     Check covered
19:54:31 DEBUG [Main] [Geode]:     Check if custom-clicksound is saved
19:54:31 DEBUG [Main] [Geode]:     Check if enable-clicksound is saved
19:54:31 DEBUG [Main] [Geode]:     Check if OnlyOnJump is saved
19:54:31 DEBUG [Main] [Geode]:     Check if clicksound-currentsound is saved
19:54:31 DEBUG [Main] [Geode]:     Check if custom-releasesound is saved
19:54:31 DEBUG [Main] [Geode]:     Check if enable-releasesound is saved
19:54:31 DEBUG [Main] [Geode]:     Check if releasesound-currentsound is saved
19:54:31 DEBUG [Main] [Geode]:     Check if settings-button is saved
19:54:31 DEBUG [Main] [Geode]:   mat.run-info
19:54:31 DEBUG [Main] [Geode]:     Check covered
19:54:31 DEBUG [Main] [Geode]:     Check if show-mode is saved
19:54:31 DEBUG [Main] [Geode]:     Check if position-top is saved
19:54:31 DEBUG [Main] [Geode]:     Check if position-left is saved
19:54:31 DEBUG [Main] [Geode]:     Check if show-icon is saved
19:54:31 DEBUG [Main] [Geode]:     Check if show-from is saved
19:54:31 DEBUG [Main] [Geode]:     Check if use-start-pos is saved
19:54:31 DEBUG [Main] [Geode]:   alphalaneous.projectedstars
19:54:31 DEBUG [Main] [Geode]:     Check covered
19:54:31 DEBUG [Main] [Geode]:   elohmrow.death_tracker
19:54:31 DEBUG [Main] [Geode]:     Check covered
19:54:31 DEBUG [Main] [Geode]:     Check if disable-tracking-completed-levels is saved
19:54:31 DEBUG [Main] [Geode]:   absolllute.megahack
19:54:31 DEBUG [Main] [Geode]:     Check covered
19:54:31 DEBUG [Main] [Geode]:   abb2k.backup
19:54:31 DEBUG [Main] [Geode]:     Check covered
19:54:31 DEBUG [Main] [Geode]:     Check if Max_Auto_Backups is saved
19:54:31 DEBUG [Main] [Geode]:     Check if Auto_Backup is saved
19:54:31 DEBUG [Main] [Geode]:     Check if Button_In_Options_Menu is saved
19:54:31 DEBUG [Main] [Geode]:   adyagd.godlikefaces
19:54:31 DEBUG [Main] [Geode]:     Check covered
19:54:31 DEBUG [Main] [Geode]:   alphalaneous.integratedloquibot
19:54:31 DEBUG [Main] [Geode]:     Check covered
19:54:31 DEBUG [Main] [Geode]:   bitz.customprofiles
19:54:31 DEBUG [Main] [Geode]:     Check covered
19:54:31 DEBUG [Main] [Geode]:     Check if Normal-colors is saved
19:54:31 DEBUG [Main] [Geode]:     Check if No-corners is saved
19:54:31 DEBUG [Main] [Geode]:     Check if Disable-info-button is saved
19:54:31 DEBUG [Main] [Geode]:     Check if Invert-Colors is saved
19:54:31 DEBUG [Main] [Geode]:     Check if Round-corners is saved
19:54:31 DEBUG [Main] [Geode]:     Check if Square-corners is saved
19:54:31 DEBUG [Main] [Geode]:     Check if Animate-colors is saved
19:54:31 DEBUG [Main] [Geode]:   capeling.icon_profile_2.2
19:54:31 DEBUG [Main] [Geode]:     Check covered
19:54:31 DEBUG [Main] [Geode]:   coderqc.gdswearfilter
19:54:31 DEBUG [Main] [Geode]:     Check covered
19:54:31 DEBUG [Main] [Geode]:     Check if censor-comments is saved
19:54:31 DEBUG [Main] [Geode]:     Check if strict-mode is saved
19:54:31 DEBUG [Main] [Geode]:     Check if filter-profanity is saved
19:54:31 DEBUG [Main] [Geode]:     Check if censor-level-descriptions is saved
19:54:31 DEBUG [Main] [Geode]:     Check if filter-antilgbtq is saved
19:54:31 DEBUG [Main] [Geode]:     Check if filter-sexual is saved
19:54:31 DEBUG [Main] [Geode]:     Check if filter-racism is saved
19:54:31 DEBUG [Main] [Geode]:     Check if censor-level-names is saved
19:54:31 DEBUG [Main] [Geode]:     Check if relax-censor is saved
19:54:31 DEBUG [Main] [Geode]:   colon.gold_user_coins
19:54:31 DEBUG [Main] [Geode]:     Check covered
19:54:31 DEBUG [Main] [Geode]:   coopeeo.customname
19:54:31 DEBUG [Main] [Geode]:     Check covered
19:54:31 DEBUG [Main] [Geode]:     Check if thename is saved
19:54:31 DEBUG [Main] [Geode]:   cvolton.betterinfo
19:54:31 DEBUG [Main] [Geode]:     Check covered
19:54:31 DEBUG [Main] [Geode]:     Check if fix-green-users is saved
19:54:31 DEBUG [Main] [Geode]:     Check if show-comment-ids is saved
19:54:31 DEBUG [Main] [Geode]:     Check if white-id is saved
19:54:31 DEBUG [Main] [Geode]:     Check if level-info is saved
19:54:31 DEBUG [Main] [Geode]:     Check if alt-button is saved
19:54:31 DEBUG [Main] [Geode]:     Check if auto-submit is saved
19:54:31 DEBUG [Main] [Geode]:   tpdea.betterpause-Better
19:54:31 DEBUG [Main] [Geode]:     Check covered
19:54:31 DEBUG [Main] [Geode]:     Check if level-editor-hack is saved
19:54:31 DEBUG [Main] [Geode]:     Check if show-comment-button is saved
19:54:31 DEBUG [Main] [Geode]:     Check if disable-arrow-blink is saved
19:54:31 DEBUG [Main] [Geode]:   dankmeme.globed2
19:54:31 DEBUG [Main] [Geode]:     Check covered
19:54:31 DEBUG [Main] [Geode]:   elnexreal.copy_song_id
19:54:31 DEBUG [Main] [Geode]:     Check covered
19:54:31 DEBUG [Main] [Geode]:   gdutilsdevs.gdutils
19:54:31 DEBUG [Main] [Geode]:     Check covered
19:54:31 DEBUG [Main] [Geode]:     Check if everywhereElse is saved
19:54:31 DEBUG [Main] [Geode]:     Check if weekly is saved
19:54:31 DEBUG [Main] [Geode]:     Check if daily is saved
19:54:31 DEBUG [Main] [Geode]:     Check if spotify-section is saved
19:54:31 DEBUG [Main] [Geode]:     Check if inEditor is saved
19:54:31 DEBUG [Main] [Geode]:     Check if inLevels is saved
19:54:31 DEBUG [Main] [Geode]:     Check if misc-section is saved
19:54:31 DEBUG [Main] [Geode]:     Check if customDifficultyFaces is saved
19:54:31 DEBUG [Main] [Geode]:     Check if newRate is saved
19:54:31 DEBUG [Main] [Geode]:     Check if sfx is saved
19:54:31 DEBUG [Main] [Geode]:     Check if spotifyApp is saved
19:54:31 DEBUG [Main] [Geode]:     Check if size is saved
19:54:31 DEBUG [Main] [Geode]:     Check if time is saved
19:54:31 DEBUG [Main] [Geode]:     Check if test-notification is saved
19:54:31 DEBUG [Main] [Geode]:     Check if demonListPlacement is saved
19:54:31 DEBUG [Main] [Geode]:     Check if inEditorSpotify is saved
19:54:31 DEBUG [Main] [Geode]:     Check if inLevelsSpotify is saved
19:54:31 DEBUG [Main] [Geode]:     Check if friendSearch is saved
19:54:31 DEBUG [Main] [Geode]:     Check if notificationPlacement is saved
19:54:31 DEBUG [Main] [Geode]:     Check if notification-section is saved
19:54:31 DEBUG [Main] [Geode]:     Check if notification-placement-section is saved
19:54:31 DEBUG [Main] [Geode]:     Check if notification-appearance-section is saved
19:54:31 DEBUG [Main] [Geode]:     Check if credits-section is saved
19:54:31 DEBUG [Main] [Geode]:     Check if credit-buttons is saved
19:54:31 DEBUG [Main] [Geode]:   thesillydoggo.better_startpos_menu
19:54:31 DEBUG [Main] [Geode]:     Check covered
19:54:31 DEBUG [Main] [Geode]:   geode.custom-keybinds
19:54:31 DEBUG [Main] [Geode]:     Check covered
19:54:31 DEBUG [Main] [Geode]:   geode.node-ids
19:54:31 DEBUG [Main] [Geode]:     Check covered
19:54:32 DEBUG [Main] [Geode]:   hjfod.betteredit
19:54:32 DEBUG [Main] [Geode]:     Check covered
19:54:32 DEBUG [Main] [Geode]:     Check if larger-color-menu is saved
19:54:32 DEBUG [Main] [Geode]:     Check if mouse-move-on-zoom is saved
19:54:32 DEBUG [Main] [Geode]:     Check if scale-factor is saved
19:54:32 DEBUG [Main] [Geode]:     Check if better-font-select is saved
19:54:32 DEBUG [Main] [Geode]:     Check if scale-pause is saved
19:54:32 DEBUG [Main] [Geode]:     Check if scale-build-tabs is saved
19:54:32 DEBUG [Main] [Geode]:     Check if new-color-menu is saved
19:54:32 DEBUG [Main] [Geode]:     Check if show-zoom-text is saved
19:54:32 DEBUG [Main] [Geode]:   hjfod.gdshare
19:54:32 DEBUG [Main] [Geode]:     Check covered
19:54:32 DEBUG [Main] [Geode]:   hjfod.gmd-api
19:54:32 DEBUG [Main] [Geode]:     Check covered
19:54:32 DEBUG [Main] [Geode]:   muhammadgames.bettermenu
19:54:32 DEBUG [Main] [Geode]:     Check covered
19:54:32 DEBUG [Main] [Geode]:     Check if ShortcutWeekly is saved
19:54:32 DEBUG [Main] [Geode]:     Check if RunMainMenu is saved
19:54:32 DEBUG [Main] [Geode]:     Check if ShortcutMyLevel is saved
19:54:32 DEBUG [Main] [Geode]:     Check if ShortcutSavedLevels is saved
19:54:32 DEBUG [Main] [Geode]:     Check if ShortcutSearch is saved
19:54:32 DEBUG [Main] [Geode]:     Check if replacename is saved
19:54:32 DEBUG [Main] [Geode]:     Check if ShortcutDaily is saved
19:54:32 DEBUG [Main] [Geode]:     Check if HideName is saved
19:54:32 DEBUG [Main] [Geode]:     Check if MoveMenuPos is saved
19:54:32 DEBUG [Main] [Geode]:     Check if MoveMenuPosFlip is saved
19:54:32 DEBUG [Main] [Geode]:     Check if RightSide is saved
19:54:32 DEBUG [Main] [Geode]:   redlime.statchanges
19:54:32 DEBUG [Main] [Geode]:     Check covered
19:54:32 DEBUG [Main] [Geode]:     Check if weeks is saved
19:54:32 DEBUG [Main] [Geode]:     Check if upArrowColor is saved
19:54:32 DEBUG [Main] [Geode]:     Check if textScale is saved
19:54:32 DEBUG [Main] [Geode]:     Check if downArrowColor is saved
19:54:32 DEBUG [Main] [Geode]:   thesillydoggo.animatedprofiles
19:54:32 DEBUG [Main] [Geode]:     Check covered
19:54:32 DEBUG [Main] [Geode]:   thesillydoggo.entersearch
19:54:32 DEBUG [Main] [Geode]:     Check covered
19:54:32 DEBUG [Main] [Geode]:   TheSillyDoggo.GradientPages
19:54:32 DEBUG [Main] [Geode]:     Check covered
19:54:32 DEBUG [Main] [Geode]:     Check if apply-filter is saved
19:54:32 DEBUG [Main] [Geode]:     Check if apply-credits is saved
19:54:32 DEBUG [Main] [Geode]:     Check if apply-profiles is saved
19:54:32 DEBUG [Main] [Geode]:     Check if apply-unlock is saved
19:54:32 DEBUG [Main] [Geode]:     Check if apply-info-layer is saved
19:54:32 DEBUG [Main] [Geode]:     Check if apply-pagesel is saved
19:54:32 DEBUG [Main] [Geode]:     Check if apply-shards is saved
19:54:32 DEBUG [Main] [Geode]:     Check if apply-demon is saved
19:54:32 DEBUG [Main] [Geode]:     Check if apply-quests is saved
19:54:32 DEBUG [Main] [Geode]:     Check if reverse-order is saved
19:54:32 DEBUG [Main] [Geode]:     Check if use-custom-colours is saved
19:54:32 DEBUG [Main] [Geode]:     Check if primary-colour is saved
19:54:32 DEBUG [Main] [Geode]:     Check if secondary-colour is saved
19:54:32 DEBUG [Main] [Geode]:   xanii.youtubers
19:54:32 DEBUG [Main] [Geode]:     Check covered
19:54:32 INFO  [Main] [Geode]:   Took 0.114s
19:54:46 DEBUG [Main] [Globed]: cleaning up..
19:54:46 DEBUG [Main] [Globed]: Goodbye!
19:54:46 DEBUG [Main] [Globed]: audio thread halted.
