21:16:36 [Geode]: Set up platform crash logger
21:16:36 [Geode]: Setting up Loader...
21:16:36 [Geode]: Set up internal mod representation
21:16:36 [Geode]: Loading hooks... 
21:16:36 [Geode]: Enabling hook at function cocos2d::CCFileUtils::sharedFileUtils with address 69715DC0
21:16:36 [Geode]: Enabling hook at function cocos2d::CCNode::getUserObject with address 696AF570
21:16:36 [Geode]: Enabling hook at function cocos2d::CCNode::setUserObject with address 696B0700
21:16:36 [Geode]: Enabling hook at function LoadingLayer::init with address 0039C080
21:16:36 [Geode]: Enabling hook at function LoadingLayer::loadAssets with address 0039C8E0
21:16:36 [Geode]: Enabling hook at function GJBaseGameLayer::collectItem with address 00321890
21:16:36 [Geode]: Enabling hook at function GJBaseGameLayer::collectedObject with address 00321830
21:16:36 [Geode]: Enabling hook at function cocos2d::CCTouchDispatcher::addTargetedDelegate with address 69745020
21:16:36 [Geode]: Enabling hook at function cocos2d::CCTouchDispatcher::decrementForcePrio with address 697450A0
21:16:36 [Geode]: Enabling hook at function cocos2d::CCTouchDispatcher::incrementForcePrio with address 69745320
21:16:36 [Geode]: Enabling hook at function AchievementNotifier::willSwitchToScene with address 0021FEA0
21:16:36 [Geode]: Enabling hook at function AppDelegate::trySaveGame with address 0024D5E0
21:16:36 [Geode]: Enabling hook at function cocos2d::CCScheduler::update with address 69753430
21:16:36 [Geode]: Enabling hook at function LoadingLayer::loadAssets with address 0039C8E0
21:16:36 [Geode]: Enabling hook at function CCTextInputNode::init with address 00230E50
21:16:36 [Geode]: Enabling hook at function CCTextInputNode::updateLabel with address 00231190
21:16:36 [Geode]: Enabling hook at function CreatorLayer::init with address 0025DE40
21:16:36 [Geode]: Enabling hook at function CustomSongWidget::init with address 002785B0
21:16:36 [Geode]: Enabling hook at function CustomizeObjectLayer::init with address 00263E00
21:16:36 [Geode]: Enabling hook at function CustomizeObjectLayer::toggleVisible with address 00266FB0
21:16:36 [Geode]: Enabling hook at function EditLevelLayer::init with address 0027F5D0
21:16:36 [Geode]: Enabling hook at function EditorPauseLayer::init with address 002830E0
21:16:36 [Geode]: Enabling hook at function EditorUI::init with address 00286310
21:16:36 [Geode]: Enabling hook at function GJGarageLayer::init with address 003355D0
21:16:36 [Geode]: Enabling hook at function LevelBrowserLayer::init with address 0036A040
21:16:36 [Geode]: Enabling hook at function LevelInfoLayer::init with address 00385DF0
21:16:36 [Geode]: Enabling hook at function LevelSearchLayer::init with address 0038DA60
21:16:36 [Geode]: Enabling hook at function LevelSettingsLayer::init with address 00380E50
21:16:36 [Geode]: Enabling hook at function PauseLayer::customSetup with address 003F4620
21:16:36 [Geode]: Enabling hook at function UILayer::init with address 0046F3B0
21:16:36 [Geode]: Enabling hook at function LoadingLayer::loadAssets with address 0039C8E0
21:16:36 [Geode]: Enabling hook at function MenuLayer::init with address 003A07B0
21:16:36 [Geode]: Loaded hooks
21:16:36 [Geode]: Setting up IPC...
21:16:36 [Geode]: IPC set up
21:16:37 [Geode]: Refreshing mod graph...
21:16:37 [Geode]:   Queueing mods
21:16:37 [Geode]:     Searching "C:\\Program Files (x86)\\Steam\\steamapps\\common\\Geometry Dash\\geode\\mods"
21:16:37 [Geode]:       Found "alk.editorcollab.geode"
21:16:37 [Geode]:         id: alk.editorcollab
21:16:37 [Geode]:         version: v1.12.4-beta
21:16:37 [Geode]:         early: no
21:16:37 [Geode]:       Found "alk.fps-shower.geode"
21:16:37 [Geode]:         id: alk.fps-shower
21:16:37 [Geode]:         version: v1.0.1
21:16:37 [Geode]:         early: no
21:16:37 [Geode]:       Found "camila314.acbypass.geode"
21:16:37 [Geode]:         id: camila314.acbypass
21:16:37 [Geode]:         version: v1.0.0
21:16:37 [Geode]:         early: no
21:16:37 [Geode]:       Found "camila314.demonlist-button.geode"
21:16:37 [Geode]:         id: camila314.demonlist-button
21:16:37 [Geode]:         version: v1.0.0
21:16:37 [Geode]:         early: no
21:16:37 [Geode]:       Found "camila314.noclip.geode"
21:16:37 [Geode]:         camila314.noclip: [mod.json].required has been deprecated and will be removed in a future update. Use importance instead (see TODO: DOCS LINK)
21:16:37 [Geode]:         id: camila314.noclip
21:16:37 [Geode]:         version: v1.0.0
21:16:37 [Geode]:         early: no
21:16:37 [Geode]:       Found "chs.confirmquit.geode"
21:16:37 [Geode]:         id: chs.confirmquit
21:16:37 [Geode]:         version: v1.0.0
21:16:37 [Geode]:         early: no
21:16:37 [Geode]:       Found "cvolton.betterinfo.geode"
21:16:37 [Geode]:         id: cvolton.betterinfo
21:16:37 [Geode]:         version: v3.0.2
21:16:37 [Geode]:         early: no
21:16:37 [Geode]:       Found "cvolton.capacity_fix.geode"
21:16:37 [Geode]:         id: cvolton.capacity_fix
21:16:37 [Geode]:         version: v1.0.1
21:16:37 [Geode]:         early: no
21:16:37 [Geode]:       Found "hjfod.custom-keybinds.geode"
21:16:37 [Geode]:         id: hjfod.custom-keybinds
21:16:37 [Geode]:         version: v1.0.0
21:16:37 [Geode]:         early: no
21:16:37 [Geode]:       Found "mat.fps-bypass.geode"
21:16:37 [Geode]:         id: mat.fps-bypass
21:16:37 [Geode]:         version: v1.0.3
21:16:37 [Geode]:         early: no
21:16:37 [Geode]:       Found "mat.practice-music.geode"
21:16:37 [Geode]:         id: mat.practice-music
21:16:37 [Geode]:         version: v1.0.3
21:16:37 [Geode]:         early: no
21:16:37 [Geode]:       Found "mat.scroll-zoom.geode"
21:16:37 [Geode]:         id: mat.scroll-zoom
21:16:37 [Geode]:         version: v1.0.0
21:16:37 [Geode]:         early: no
21:16:37 [Geode]:       Found "rlt.gd-platformer.geode"
21:16:37 [Geode]:         id: rlt.gd-platformer
21:16:37 [Geode]:         version: v1.0.0
21:16:37 [Geode]:         early: no
21:16:37 [Geode]:       Found "ruslan.apm.geode"
21:16:37 [Geode]:         id: ruslan.apm
21:16:37 [Geode]:         version: v1.0.0
21:16:37 [Geode]:         early: no
21:16:37 [Geode]:   Populating mod list
21:16:37 [Geode]:     alk.editorcollab v1.12.4-beta
21:16:37 [Geode]:     alk.fps-shower v1.0.1
21:16:37 [Geode]:     camila314.acbypass v1.0.0
21:16:37 [Geode]:     camila314.demonlist-button v1.0.0
21:16:37 [Geode]:     camila314.noclip v1.0.0
21:16:37 [Geode]:     chs.confirmquit v1.0.0
21:16:37 [Geode]:     cvolton.betterinfo v3.0.2
21:16:38 [Geode]:     cvolton.capacity_fix v1.0.1
21:16:38 [Geode]:     hjfod.custom-keybinds v1.0.0
21:16:38 [Geode]:     mat.fps-bypass v1.0.3
21:16:38 [Geode]:     mat.practice-music v1.0.3
21:16:38 [Geode]:     mat.scroll-zoom v1.0.0
21:16:38 [Geode]:     rlt.gd-platformer v1.0.0
21:16:38 [Geode]:     ruslan.apm v1.0.0
21:16:38 [Geode]:   Building mod graph
21:16:38 [Geode]:     camila314.acbypass
21:16:38 [Geode]:       geode.loader
21:16:38 [Geode]:     chs.confirmquit
21:16:38 [Geode]:       geode.loader
21:16:38 [Geode]:     geode.loader
21:16:38 [Geode]:     alk.editorcollab
21:16:38 [Geode]:       geode.loader
21:16:38 [Geode]:     alk.fps-shower
21:16:38 [Geode]:       geode.loader
21:16:38 [Geode]:     camila314.demonlist-button
21:16:38 [Geode]:       geode.loader
21:16:38 [Geode]:     camila314.noclip
21:16:38 [Geode]:       geode.loader
21:16:38 [Geode]:       camila314.acbypass
21:16:38 [Geode]:     cvolton.betterinfo
21:16:38 [Geode]:       geode.loader
21:16:38 [Geode]:     cvolton.capacity_fix
21:16:38 [Geode]:       geode.loader
21:16:38 [Geode]:     hjfod.custom-keybinds
21:16:38 [Geode]:       geode.loader
21:16:38 [Geode]:     mat.fps-bypass
21:16:38 [Geode]:       geode.loader
21:16:38 [Geode]:     mat.practice-music
21:16:38 [Geode]:       geode.loader
21:16:38 [Geode]:     mat.scroll-zoom
21:16:38 [Geode]:       geode.loader
21:16:38 [Geode]:     rlt.gd-platformer
21:16:38 [Geode]:       geode.loader
21:16:38 [Geode]:     ruslan.apm
21:16:38 [Geode]:       geode.loader
21:16:38 [Geode]:   Loading early mods
21:16:38 [Geode]:   Took 1.578s. Continuing next frame...
21:16:38 [Geode]: Set up loader
21:16:38 [Geode]: Entry done.
21:16:42 [Geode]: Adding resources for alk.editorcollab
21:16:42 [Geode]: Adding sheet alk.editorcollab/TulipEditor
21:16:42 [Geode]: Continuing mod graph refresh...
21:16:42 [Geode]:   Loading mods
21:16:42 [Geode]:     camila314.acbypass v1.0.0
21:16:42 [Geode]:       Load
21:16:42 [Geode]:       Loading binary for mod camila314.acbypass
21:16:42 [Geode]:       Enable
21:16:42 [Geode]:       Enabling hook at function PlayLayer::update with address 004129C0
21:16:42 [Geode]:       camila314.noclip v1.0.0
21:16:42 [Geode]:         Load
21:16:42 [Geode]:         Loading binary for mod camila314.noclip
21:16:42 [Geode]:   Took 0.131s
21:16:42 [Geode]: Continuing mod graph refresh...
21:16:42 [Geode]:   Loading mods
21:16:42 [Geode]:     chs.confirmquit v1.0.0
21:16:42 [Geode]:       Load
21:16:42 [Geode]:       Loading binary for mod chs.confirmquit
21:16:42 [Geode]:       Enable
21:16:42 [Geode]:       Enabling hook at function PauseLayer::onQuit with address 003F63D0
21:16:42 [Geode]:   Took 0.073s
21:16:42 [Geode]: Continuing mod graph refresh...
21:16:42 [Geode]:   Loading mods
21:16:42 [Geode]:     alk.editorcollab v1.12.4-beta
21:16:42 [Geode]:       Load
21:16:42 [Geode]:       Loading binary for mod alk.editorcollab
21:16:42 [Editor Collab]:       Loaded
21:16:42 [Geode]:       Enable
21:16:42 [Geode]:       Enabling hook at function EditorUI::moveObject with address 0029DDB0
21:16:42 [Geode]:       Enabling hook at function EditorUI::init with address 00286310
21:16:42 [Geode]:       Enabling hook at function EditorUI::onPause with address 00288020
21:16:42 [Geode]:       Enabling hook at function EditorUI::showUI with address 00297180
21:16:42 [Geode]:       Enabling hook at function LevelBrowserLayer::init with address 0036A040
21:16:42 [Geode]:       Enabling hook at function GManager::saveGMTo with address 00239250
21:16:42 [Geode]:       Enabling hook at function EditorPauseLayer::init with address 002830E0
21:16:42 [Geode]:       Enabling hook at function EditorPauseLayer::onSave with address 002855A0
21:16:42 [Geode]:       Enabling hook at function EditorPauseLayer::onSaveAndExit with address 00285620
21:16:42 [Geode]:       Enabling hook at function EditorPauseLayer::onSaveAndPlay with address 002853D0
21:16:42 [Geode]:       Enabling hook at function PauseLayer::goEdit with address 003F62F0
21:16:42 [Geode]:       Enabling hook at function PauseLayer::onQuit with address 003F63D0
21:16:42 [Geode]:       Enabling hook at function CreatorLayer::init with address 0025DE40
21:16:42 [Geode]:       Enabling hook at function GameManager::returnToLastScene with address 002DE6A0
21:16:42 [Geode]:       Enabling hook at function SetGroupIDLayer::init with address 0043B670
21:16:42 [Geode]:       Enabling hook at function EndLevelLayer::onEdit with address 002A6D30
21:16:42 [Geode]:       Enabling hook at function EndLevelLayer::onMenu with address 002A6C10
21:16:42 [Geode]:       Enabling hook at function LevelEditorLayer::addToUndoList with address 00372410
21:16:42 [Geode]:       Enabling hook at function LevelEditorLayer::handleAction with address 00372010
21:16:42 [Geode]:       Enabling hook at function EditorUI::updateButtons with address 00288280
21:16:42 [Geode]:       Enabling hook at function EditorUI::onDelete with address 0028B8D0
21:16:42 [Geode]:       Enabling hook at function EditorUI::onDeleteSelected with address 0028BF50
21:16:42 [Geode]:       Enabling hook at function EditorUI::onDeleteSelectedType with address 0028C480
21:16:42 [Geode]:       Enabling hook at function EditorUI::onDuplicate with address 00297D20
21:16:42 [Geode]:       Enabling hook at function EditorUI::onPaste with address 002980C0
21:16:42 [Geode]:       Enabling hook at function CCMenuItemSpriteExtra::activate with address 002291C0
21:16:42 [Geode]:       Enabling hook at function CCMenuItemToggler::activate with address 002298D0
21:16:42 [Geode]:       Enabling hook at function ColorSelectPopup::closeColorSelect with address 00256D80
21:16:42 [Geode]:       Enabling hook at function ColorSelectPopup::init with address 00253AE0
21:16:42 [Geode]:       Enabling hook at function ColorSelectLiveOverlay::init with address 00251DB0
21:16:42 [Geode]:       Enabling hook at function EditorUI::rotateObjects with address 0029EE80
21:16:42 [Geode]:       Enabling hook at function EditorUI::scaleObjects with address 0029F150
21:16:42 [Geode]:       Enabling hook at function GameObject::deselectObject with address 002FEE50
21:16:42 [Geode]:       Enabling hook at function EditorUI::deleteObject with address 0028BED0
21:16:42 [Geode]:       Enabling hook at function GameObject::createWithKey with address 002DF4F0
21:16:42 [Geode]:       Enabling hook at function EditorUI::createCustomItems with address 0028A370
21:16:42 [Geode]:       Enabling hook at function EditorUI::onCreate with address 00295680
21:16:42 [Geode]:       Enabling hook at function EditorUI::setupCreateMenu with address 0028CAF0
21:16:42 [Geode]:       Enabling hook at function EditorUI::selectObject with address 00296250
21:16:42 [Geode]:       Enabling hook at function EditorUI::selectObjects with address 002964A0
21:16:42 [Geode]:       Enabling hook at function EditorUI::deselectAll with address 00296AF0
21:16:42 [Geode]:       Enabling hook at function EditorUI::deselectObject with address 00296A50
21:16:42 [Geode]:       Enabling hook at function EditorUI::keyDown with address 002A1A30
21:16:42 [Geode]:       Enabling hook at function EditorUI::ccTouchBegan with address 002A07B0
21:16:42 [Geode]:       Enabling hook at function EditorUI::ccTouchEnded with address 002A11A0
21:16:42 [Geode]:       Enabling hook at function cocos2d::CCLayerColor::initWithColor with address 696F2AE0
21:16:42 [Geode]:       Enabling hook at function cocos2d::CCLayer::setKeypadEnabled with address 696F3450
21:16:42 [Geode]:       Enabling hook at function LevelEditorLayer::init with address 0036EE00
21:16:42 [Editor Collab]:       Enabled
21:16:42 [Geode]:   Took 0.101s
21:16:42 [Geode]: Continuing mod graph refresh...
21:16:42 [Geode]:   Loading mods
21:16:42 [Geode]:     alk.fps-shower v1.0.1
21:16:42 [Geode]:       Load
21:16:42 [Geode]:       Loading binary for mod alk.fps-shower
21:16:42 [Geode]:       Enable
21:16:42 [Geode]:       Enabling hook at function LoadingLayer::init with address 0039C080
21:16:42 [Geode]:       Enabling hook at function MenuLayer::init with address 003A07B0
21:16:42 [FPS Shower]:       Enabled
21:16:42 [Geode]:   Took 0.095s
21:16:42 [Geode]: Continuing mod graph refresh...
21:16:42 [Geode]:   Loading mods
21:16:42 [Geode]:     camila314.demonlist-button v1.0.0
21:16:42 [Geode]:       Load
21:16:42 [Geode]:       Loading binary for mod camila314.demonlist-button
21:16:43 [Geode]:       Enable
21:16:43 [Geode]:       Enabling hook at function LevelSearchLayer::init with address 0038DA60
21:16:43 [Geode]:       Enabling hook at function GameLevelManager::ProcessHttpRequest with address 002AF8E0
21:16:43 [Geode]:   Took 0.066s
21:16:43 [Geode]: Continuing mod graph refresh...
21:16:43 [Geode]:   Loading mods
21:16:43 [Geode]:     camila314.noclip v1.0.0
21:16:43 [Geode]:   Took 0s
21:16:43 [Geode]: Continuing mod graph refresh...
21:16:43 [Geode]:   Loading mods
21:16:43 [Geode]:     cvolton.betterinfo v3.0.2
21:16:43 [Geode]:       Load
21:16:43 [Geode]:       Loading binary for mod cvolton.betterinfo
21:16:43 [BetterInfo]:       Setting up Page Limit Bypass
21:16:43 [BetterInfo]:       Performing Windows specific loading steps
21:16:43 [Geode]:       Enable
21:16:43 [Geode]:       Enabling hook at function CommentCell::FLAlert_Clicked with address 00271260
21:16:43 [Geode]:       Enabling hook at function CommentCell::loadFromComment with address 0026F3D0
21:16:43 [Geode]:       Enabling hook at function CommentCell::onConfirmDelete with address 00271140
21:16:43 [Geode]:       Enabling hook at function CommentCell::onLike with address 00270F90
21:16:43 [Geode]:       Enabling hook at function CreatorLayer::init with address 0025DE40
21:16:43 [Geode]:       Enabling hook at function CreatorLayer::onChallenge with address 0025F1B0
21:16:43 [Geode]:       Enabling hook at function CreatorLayer::sceneWillResume with address 0025FB50
21:16:43 [Geode]:       Enabling hook at function DailyLevelPage::init with address 0027A900
21:16:43 [Geode]:       Enabling hook at function DailyLevelPage::updateTimers with address 0027BEF0
21:16:43 [Geode]:       Enabling hook at function EditLevelLayer::init with address 0027F5D0
21:16:43 [Geode]:       Enabling hook at function EditLevelLayer::onLevelInfo with address 00280660
21:16:43 [Geode]:       Enabling hook at function GameLevelManager::getCompletedLevels with address 002B2D20
21:16:43 [Geode]:       Enabling hook at function GameLevelManager::getSavedLevels with address 002B2960
21:16:43 [Geode]:       Enabling hook at function GameLevelManager::limitSavedLevels with address 002B43B0
21:16:43 [Geode]:       Enabling hook at function GameLevelManager::userNameForUserID with address 002B1C20
21:16:43 [Geode]:       Enabling hook at function InfoLayer::init with address 0035F5A0
21:16:43 [Geode]:       Enabling hook at function InfoLayer::loadPage with address 00361E70
21:16:43 [Geode]:       Enabling hook at function InfoLayer::onLevelInfo with address 00361850
21:16:43 [Geode]:       Enabling hook at function InfoLayer::onMore with address 00361500
21:16:43 [Geode]:       Enabling hook at function InfoLayer::setupCommentsBrowser with address 00362270
21:16:43 [Geode]:       Enabling hook at function LeaderboardsLayer::init with address 003687B0
21:16:43 [Geode]:       Enabling hook at function LevelBrowserLayer::init with address 0036A040
21:16:43 [Geode]:       Enabling hook at function LevelBrowserLayer::updateLevelsLabel with address 0036C350
21:16:43 [Geode]:       Enabling hook at function LevelCell::loadCustomLevelCell with address 0026A020
21:16:43 [Geode]:       Enabling hook at function LevelCell::onViewProfile with address 0026C790
21:16:43 [Geode]:       Enabling hook at function LevelInfoLayer::init with address 00385DF0
21:16:43 [Geode]:       Enabling hook at function LevelInfoLayer::onLevelInfo with address 0038ACF0
21:16:43 [Geode]:       Enabling hook at function LevelInfoLayer::onViewProfile with address 0038AC90
21:16:43 [Geode]:       Enabling hook at function LevelLeaderboard::init with address 0038C4F0
21:16:43 [Geode]:       Enabling hook at function LevelPage::onInfo with address 00399070
21:16:43 [Geode]:       Enabling hook at function LevelSearchLayer::getSearchObject with address 003905F0
21:16:43 [Geode]:       Enabling hook at function MoreSearchLayer::init with address 003925C0
21:16:43 [Geode]:       Enabling hook at function PlayLayer::init with address 0040B780
21:16:43 [Geode]:       Enabling hook at function PlayLayer::levelComplete with address 0040D3D0
21:16:43 [Geode]:       Enabling hook at function PlayLayer::onQuit with address 0041D810
21:16:43 [Geode]:       Enabling hook at function PlayLayer::resetLevel with address 0041BF00
21:16:43 [Geode]:       Enabling hook at function ProfilePage::getUserInfoFailed with address 004233E0
21:16:43 [Geode]:       Enabling hook at function ProfilePage::init with address 0041EF00
21:16:43 [Geode]:       Enabling hook at function ProfilePage::keyBackClicked with address 00259C80
21:16:43 [Geode]:       Enabling hook at function ProfilePage::loadPageFromUserInfo with address 00420040
21:16:43 [Geode]:       Enabling hook at function ProfilePage::onClose with address 00259C60
21:16:43 [Geode]:       Enabling hook at function RewardsPage::init with address 004278F0
21:16:43 [Geode]:   Took 0.11s
21:16:43 [Geode]: Continuing mod graph refresh...
21:16:43 [Geode]:   Loading mods
21:16:43 [Geode]:     cvolton.capacity_fix v1.0.1
21:16:43 [Geode]:       Load
21:16:43 [Geode]:       Loading binary for mod cvolton.capacity_fix
21:16:43 [Geode]:       Enable
21:16:43 [Geode]:   Took 0.071s
21:16:43 [Geode]: Continuing mod graph refresh...
21:16:43 [Geode]:   Loading mods
21:16:43 [Geode]:     hjfod.custom-keybinds v1.0.0
21:16:43 [Geode]:       Load
21:16:43 [Geode]:       Loading binary for mod hjfod.custom-keybinds
21:16:43 [Geode]:       Enable
21:16:43 [Geode]:       Enabling hook at function EditorUI::init with address 00286310
21:16:43 [Geode]:       Enabling hook at function EditorUI::keyDown with address 002A1A30
21:16:43 [Geode]:       Enabling hook at function EditorUI::keyUp with address 002A2180
21:16:43 [Geode]:       Enabling hook at function UILayer::init with address 0046F3B0
21:16:43 [Geode]:       Enabling hook at function UILayer::keyDown with address 0046F890
21:16:43 [Geode]:       Enabling hook at function UILayer::keyUp with address 0046FA10
21:16:43 [Geode]:       Enabling hook at function cocos2d::CCKeyboardDispatcher::dispatchKeyboardMSG with address 696E9F30
21:16:43 [Geode]:       Enabling hook at function MoreOptionsLayer::onKeybindings with address 002849D0
21:16:43 [Geode]:   Took 0.079s
21:16:43 [Geode]: Continuing mod graph refresh...
21:16:43 [Geode]:   Loading mods
21:16:43 [Geode]:     mat.fps-bypass v1.0.3
21:16:43 [Geode]:       Load
21:16:43 [Geode]:       Loading binary for mod mat.fps-bypass
21:16:43 [Geode]:       Enable
21:16:43 [Geode]:       Enabling hook at function AppDelegate::applicationWillEnterForeground with address 0024D130
21:16:43 [Geode]:       Enabling hook at function PlayLayer::init with address 0040B780
21:16:43 [Geode]:   Took 0.065s
21:16:43 [Geode]: Continuing mod graph refresh...
21:16:43 [Geode]:   Loading mods
21:16:43 [Geode]:     mat.practice-music v1.0.3
21:16:43 [Geode]:       Load
21:16:43 [Geode]:       Loading binary for mod mat.practice-music
21:16:43 [Geode]:       Enable
21:16:43 [Geode]:       Enabling hook at function PlayLayer::destroyPlayer with address 0041A1A0
21:16:43 [Geode]:       Enabling hook at function PlayLayer::startMusic with address 0041C8F0
21:16:43 [Geode]:       Enabling hook at function PlayLayer::togglePracticeMode with address 0041D0D0
21:16:43 [Geode]:   Took 0.059s
21:16:43 [Geode]: Continuing mod graph refresh...
21:16:43 [Geode]:   Loading mods
21:16:43 [Geode]:     mat.scroll-zoom v1.0.0
21:16:43 [Geode]:       Load
21:16:43 [Geode]:       Loading binary for mod mat.scroll-zoom
21:16:43 [Geode]:       Enable
21:16:43 [Geode]:       Enabling hook at function EditorUI::scrollWheel with address 002A21D0
21:16:43 [Geode]:   Took 0.068s
21:16:43 [Geode]: Continuing mod graph refresh...
21:16:43 [Geode]:   Loading mods
21:16:43 [Geode]:     rlt.gd-platformer v1.0.0
21:16:43 [Geode]:       Load
21:16:43 [Geode]:       Loading binary for mod rlt.gd-platformer
21:16:43 [Geode]:       Enable
21:16:43 [Geode]:       Enabling hook at function GameObject::activateObject with address 002E1870
21:16:43 [Geode]:       Enabling hook at function UILayer::init with address 0046F3B0
21:16:43 [Geode]:       Enabling hook at function UILayer::keyDown with address 0046F890
21:16:43 [Geode]:       Enabling hook at function UILayer::keyUp with address 0046FA10
21:16:43 [Geode]:       Enabling hook at function PlayLayer::flipGravity with address 00417D30
21:16:43 [Geode]:       Enabling hook at function PlayLayer::init with address 0040B780
21:16:43 [Geode]:       Enabling hook at function PlayLayer::playGravityEffect with address 00417E00
21:16:43 [Geode]:       Enabling hook at function PlayLayer::resetLevel with address 0041BF00
21:16:43 [Geode]:       Enabling hook at function PlayLayer::update with address 004129C0
21:16:43 [Geode]:       Enabling hook at function PlayerObject::pushButton with address 00404E40
21:16:43 [Geode]:       Enabling hook at function PlayerObject::update with address 003F8200
21:16:43 [Geode]:   Took 0.091s
21:16:43 [Geode]: Continuing mod graph refresh...
21:16:43 [Geode]:   Loading mods
21:16:43 [Geode]:     ruslan.apm v1.0.0
21:16:43 [Geode]:       Load
21:16:43 [Geode]:       Loading binary for mod ruslan.apm
21:16:43 [Geode]:   Took 0.108s
21:16:43 [Geode]: Continuing mod graph refresh...
21:16:43 [Geode]:   Finding problems
21:16:43 [Geode]:     camila314.acbypass
21:16:43 [Geode]:     chs.confirmquit
21:16:43 [Geode]:     geode.loader
21:16:43 [Geode]:     alk.editorcollab
21:16:43 [Geode]:     alk.fps-shower
21:16:43 [Geode]:     camila314.demonlist-button
21:16:43 [Geode]:     camila314.noclip
21:16:43 [Geode]:     cvolton.betterinfo
21:16:43 [Geode]:     cvolton.capacity_fix
21:16:43 [Geode]:     hjfod.custom-keybinds
21:16:43 [Geode]:     mat.fps-bypass
21:16:43 [Geode]:     mat.practice-music
21:16:43 [Geode]:     mat.scroll-zoom
21:16:43 [Geode]:     rlt.gd-platformer
21:16:43 [Geode]:     ruslan.apm
21:16:43 [Geode]:   Took 0s
21:16:45 [Geode]: Adding resources
21:16:45 [Geode]: Adding resources for geode.loader
21:16:45 [Geode]: Adding sheet geode.loader/LogoSheet
21:16:45 [Geode]: Adding sheet geode.loader/APISheet
21:16:45 [Geode]: Adding sheet geode.loader/BlankSheet
21:16:45 [Geode]: Adding resources for alk.editorcollab
21:16:45 [Geode]: Adding sheet alk.editorcollab/TulipEditor
21:16:45 [Geode]: Checking updates for index
21:16:46 [Geode]: Updating local index cache
21:16:46 [Geode]: balt.freewindow: [mod.json].binary has been removed.
21:16:46 [Geode]: camila314.noclip: [mod.json].required has been deprecated and will be removed in a future update. Use importance instead (see TODO: DOCS LINK)
21:16:46 [Geode]: camila314.startswitcher: [mod.json].required has been deprecated and will be removed in a future update. Use importance instead (see TODO: DOCS LINK)
21:16:46 [Geode]: chs000.modmenutest: [mod.json].required has been deprecated and will be removed in a future update. Use importance instead (see TODO: DOCS LINK)
21:16:46 [Geode]: chs000.modmenutest: [mod.json].required has been deprecated and will be removed in a future update. Use importance instead (see TODO: DOCS LINK)
21:16:46 [Geode]: hjfod.gdshare: [mod.json].required has been deprecated and will be removed in a future update. Use importance instead (see TODO: DOCS LINK)
21:17:15 [gd-platformer]: Disabling the VSync because of genious game mechanics
21:17:15 [gd-platformer]: Pressed the key: -1
21:17:15 [gd-platformer]: Released the key: -1
21:17:15 [gd-platformer]: Pressed the key: -1
21:17:15 [gd-platformer]: Released the key: -1
21:17:15 [gd-platformer]: Pressed the key: -1
21:17:15 [gd-platformer]: Released the key: -1
21:17:15 [gd-platformer]: Pressed the key: -1
21:17:15 [gd-platformer]: Released the key: -1
21:17:15 [gd-platformer]: Pressed the key: -1
21:17:15 [gd-platformer]: Released the key: -1
21:17:16 [gd-platformer]: Pressed the key: -1
21:17:16 [gd-platformer]: Released the key: -1
21:17:16 [gd-platformer]: Pressed the key: 27
21:18:12 [BetterInfo]: Loading cache.json
21:18:12 [BetterInfo]: Saved cache.json
21:18:12 [BetterInfo]: {"user_id": 0, "username": null, "non_player_username": null, "account_id": null}
21:18:12 [BetterInfo]: Username empty, not storing
21:18:28 [gd-platformer]: Disabling the VSync because of genious game mechanics
21:18:28 [gd-platformer]: Pressed the key: 56
21:18:28 [gd-platformer]: Released the key: 56
21:18:28 [gd-platformer]: Pressed the key: -1
21:18:28 [gd-platformer]: Pressed the key: -1
21:18:28 [gd-platformer]: Pressed the key: -1
21:18:28 [gd-platformer]: Pressed the key: -1
21:18:28 [gd-platformer]: Pressed the key: -1
21:18:28 [gd-platformer]: Pressed the key: -1
21:18:28 [gd-platformer]: Pressed the key: -1
21:18:28 [gd-platformer]: Pressed the key: -1
21:18:28 [gd-platformer]: Pressed the key: -1
21:18:28 [gd-platformer]: Pressed the key: -1
21:18:28 [gd-platformer]: Released the key: -1
21:18:29 [gd-platformer]: Pressed the key: 27
21:18:45 [Geode]: Disabling hook at function GameObject::activateObject
21:18:45 [Geode]: Disabling hook at function UILayer::init
21:18:45 [Geode]: Disabling hook at function UILayer::keyDown
21:18:45 [Geode]: Disabling hook at function UILayer::keyUp
21:18:45 [Geode]: Disabling hook at function PlayLayer::flipGravity
21:18:45 [Geode]: Disabling hook at function PlayLayer::init
21:18:45 [Geode]: Disabling hook at function PlayLayer::playGravityEffect
21:18:45 [Geode]: Disabling hook at function PlayLayer::resetLevel
21:18:45 [Geode]: Disabling hook at function PlayLayer::update
21:18:45 [Geode]: Disabling hook at function PlayerObject::pushButton
21:18:45 [Geode]: Disabling hook at function PlayerObject::update
21:19:34 [Geode]: Disabling hook at function PlayLayer::update
21:20:00 [Geode]: Saving...
21:20:00 [Geode]: Check covered
21:20:00 [Geode]: Check covered
21:20:00 [Geode]: Check covered
21:20:00 [Geode]: Check if auto-check-updates is saved
21:20:00 [Geode]: Check if show-platform-console is saved
21:20:00 [Geode]: Check if disable-last-crashed-popup is saved
21:20:00 [Geode]: Check if auto-update-mods is saved
21:20:00 [Geode]: Check covered
21:20:00 [Geode]: Check if normal-undo-shared is saved
21:20:00 [Geode]: Check if move-button is saved
21:20:00 [Geode]: Check if normal-undo-local is saved
21:20:00 [Geode]: Check covered
21:20:00 [Geode]: Check if text-color is saved
21:20:00 [Geode]: Check covered
21:20:00 [Geode]: Check covered
21:20:00 [Geode]: Check covered
21:20:00 [Geode]: Check if fix-green-users is saved
21:20:00 [Geode]: Check if show-comment-ids is saved
21:20:00 [Geode]: Check if white-id is saved
21:20:00 [Geode]: Check if level-info is saved
21:20:00 [Geode]: Check if alt-button is saved
21:20:00 [Geode]: Check if auto-submit is saved
21:20:00 [Geode]: Check covered
21:20:00 [Geode]: Check covered
21:20:00 [Geode]: Check covered
21:20:00 [Geode]: Check if enabled is saved
21:20:00 [Geode]: Check if fps-value is saved
21:20:00 [Geode]: Check if fps-label is saved
21:20:00 [Geode]: Check covered
21:20:00 [Geode]: Check covered
21:20:00 [Geode]: Check covered
21:20:00 [Geode]: Check covered
21:20:00 [Geode]: Check covered
21:20:00 [Geode]: Check if auto-check-updates is saved
21:20:00 [Geode]: Check if show-platform-console is saved
21:20:00 [Geode]: Check if disable-last-crashed-popup is saved
21:20:00 [Geode]: Check if auto-update-mods is saved
21:20:00 [Geode]: Saved
21:20:01 [Editor Collab]: Run thread joined
21:20:01 [Editor Collab]: Heartbeat thread joined
21:20:01 [Editor Collab]: Reconnect thread joined
