20:24:20 INFO  [Main] [Geode]: Running Geode v2.0.0-beta.17 in Geometry Dash v2.204
20:24:20 INFO  [Main] [Geode]: Setting up internal mod
20:24:20 INFO  [Main] [Geode]: Setting up loader
20:24:20 DEBUG [Main] [Geode]:   Loading launch arguments
20:24:20 DEBUG [Main] [Geode]:   Setting up crash handler
20:24:20 DEBUG [Main] [Geode]:   Loading hooks
20:24:20 DEBUG [Main] [Geode]:     Enabled cocos2d::CCFileUtils::fullPathForFilename hook at 0x741c0f40 for geode.loader
20:24:20 DEBUG [Main] [Geode]:     Enabled cocos2d::CCFileUtils::sharedFileUtils hook at 0x741c9770 for geode.loader
20:24:20 DEBUG [Main] [Geode]:     Enabled cocos2d::CCNode::getUserObject hook at 0x742131f0 for geode.loader
20:24:20 DEBUG [Main] [Geode]:     Enabled cocos2d::CCNode::setUserObject hook at 0x741615a0 for geode.loader
20:24:20 DEBUG [Main] [Geode]:     Enabled AchievementNotifier::willSwitchToScene hook at 0xb2c200 for geode.loader
20:24:20 DEBUG [Main] [Geode]:     Enabled AppDelegate::trySaveGame hook at 0xb6b790 for geode.loader
20:24:20 DEBUG [Main] [Geode]:     Enabled cocos2d::CCScheduler::update hook at 0x74206db0 for geode.loader
20:24:20 DEBUG [Main] [Geode]:     Enabled CCTextInputNode::ccTouchBegan hook at 0xb404f0 for geode.loader
20:24:20 DEBUG [Main] [Geode]:     Enabled LoadingLayer::loadAssets hook at 0xd86bd0 for geode.loader
20:24:20 DEBUG [Main] [Geode]:     Enabled LoadingLayer::init hook at 0xd86370 for geode.loader
20:24:20 DEBUG [Main] [Geode]:     Enabled LoadingLayer::loadAssets hook at 0xd86bd0 for geode.loader
20:24:20 DEBUG [Main] [Geode]:     Enabled MenuLayer::init hook at 0xd8b450 for geode.loader
20:24:20 DEBUG [Main] [Geode]:   Setting up directories
20:24:20 INFO  [Main] [Geode]:   Refreshing mod graph
20:24:20 DEBUG [Main] [Geode]:     Queueing mods
20:24:20 DEBUG [Main] [Geode]:       Searching C:\Program Files (x86)\Steam\steamapps\common\Geometry Dash\geode\mods
20:24:20 DEBUG [Main] [Geode]:         Found abb2k.backup.geode
20:24:20 DEBUG [Main] [Geode]:           id: abb2k.backup
20:24:20 DEBUG [Main] [Geode]:           version: v1.0.4
20:24:20 DEBUG [Main] [Geode]:           early: no
20:24:20 DEBUG [Main] [Geode]:         Found absolllute.megahack.geode
20:24:20 DEBUG [Main] [Geode]:           id: absolllute.megahack
20:24:20 DEBUG [Main] [Geode]:           version: v8.0.0-alpha.10
20:24:20 DEBUG [Main] [Geode]:           early: yes
20:24:20 DEBUG [Main] [Geode]:         Found adyagd.godlikefaces.geode
20:24:20 DEBUG [Main] [Geode]:           id: adyagd.godlikefaces
20:24:20 DEBUG [Main] [Geode]:           version: v1.1.1
20:24:20 DEBUG [Main] [Geode]:           early: no
20:24:20 DEBUG [Main] [Geode]:         Found adyagd.ingamelistmod.geode
20:24:20 DEBUG [Main] [Geode]:           id: adyagd.ingamelistmod
20:24:20 DEBUG [Main] [Geode]:           version: v1.0.0
20:24:20 DEBUG [Main] [Geode]:           early: no
20:24:20 DEBUG [Main] [Geode]:         Found alk.editorcollab.geode
20:24:20 ERROR [Main] [Geode]:           Failed to queue: "C:\Program Files (x86)\Steam\steamapps\common\Geometry Dash\geode\mods\alk.editorcollab.geode" - [mod.json] is missing target GD version
20:24:20 DEBUG [Main] [Geode]:         Found alk.fps-shower.geode
20:24:20 ERROR [Main] [Geode]:           Failed to queue: "C:\Program Files (x86)\Steam\steamapps\common\Geometry Dash\geode\mods\alk.fps-shower.geode" - [mod.json] is missing target GD version
20:24:20 DEBUG [Main] [Geode]:         Found alphalaneous.projectedstars.geode
20:24:20 DEBUG [Main] [Geode]:           id: alphalaneous.projectedstars
20:24:20 DEBUG [Main] [Geode]:           version: v1.1.2
20:24:20 DEBUG [Main] [Geode]:           early: no
20:24:20 DEBUG [Main] [Geode]:         Found beat.click-sound.geode
20:24:21 DEBUG [Main] [Geode]:           id: beat.click-sound
20:24:21 DEBUG [Main] [Geode]:           version: v1.4.1
20:24:21 DEBUG [Main] [Geode]:           early: no
20:24:21 DEBUG [Main] [Geode]:         Found bitz.customprofiles.geode
20:24:21 DEBUG [Main] [Geode]:           id: bitz.customprofiles
20:24:21 DEBUG [Main] [Geode]:           version: v1.0.5
20:24:21 DEBUG [Main] [Geode]:           early: no
20:24:21 DEBUG [Main] [Geode]:         Found camila314.acbypass.geode
20:24:21 ERROR [Main] [Geode]:           Failed to queue: "C:\Program Files (x86)\Steam\steamapps\common\Geometry Dash\geode\mods\camila314.acbypass.geode" - [mod.json] is missing target GD version
20:24:21 DEBUG [Main] [Geode]:         Found camila314.demonlist-button.geode
20:24:21 ERROR [Main] [Geode]:           Failed to queue: "C:\Program Files (x86)\Steam\steamapps\common\Geometry Dash\geode\mods\camila314.demonlist-button.geode" - [mod.json] is missing target GD version
20:24:21 DEBUG [Main] [Geode]:         Found camila314.noclip.geode
20:24:21 ERROR [Main] [Geode]:           Failed to queue: "C:\Program Files (x86)\Steam\steamapps\common\Geometry Dash\geode\mods\camila314.noclip.geode" - [mod.json] is missing target GD version
20:24:21 DEBUG [Main] [Geode]:         Found capeling.icon_profile_2.2.geode
20:24:21 DEBUG [Main] [Geode]:           id: capeling.icon_profile_2.2
20:24:21 DEBUG [Main] [Geode]:           version: v1.1.4
20:24:21 DEBUG [Main] [Geode]:           early: no
20:24:21 DEBUG [Main] [Geode]:         Found chs.confirmquit.geode
20:24:21 ERROR [Main] [Geode]:           Failed to queue: "C:\Program Files (x86)\Steam\steamapps\common\Geometry Dash\geode\mods\chs.confirmquit.geode" - [mod.json] is missing target GD version
20:24:21 DEBUG [Main] [Geode]:         Found coderqc.gdswearfilter.geode
20:24:21 DEBUG [Main] [Geode]:           id: coderqc.gdswearfilter
20:24:21 DEBUG [Main] [Geode]:           version: v1.0.1
20:24:21 DEBUG [Main] [Geode]:           early: no
20:24:21 DEBUG [Main] [Geode]:         Found colon.gold_user_coins.geode
20:24:21 DEBUG [Main] [Geode]:           id: colon.gold_user_coins
20:24:21 DEBUG [Main] [Geode]:           version: v1.0.1
20:24:21 DEBUG [Main] [Geode]:           early: no
20:24:21 DEBUG [Main] [Geode]:         Found cvolton.betterinfo.geode
20:24:21 DEBUG [Main] [Geode]:           id: cvolton.betterinfo
20:24:21 DEBUG [Main] [Geode]:           version: v4.0.0-alpha.13
20:24:21 DEBUG [Main] [Geode]:           early: no
20:24:21 DEBUG [Main] [Geode]:         Found cvolton.capacity_fix.geode
20:24:21 ERROR [Main] [Geode]:           Failed to queue: "C:\Program Files (x86)\Steam\steamapps\common\Geometry Dash\geode\mods\cvolton.capacity_fix.geode" - [mod.json] is missing target GD version
20:24:21 DEBUG [Main] [Geode]:         Found dankmeme.globed2.geode
20:24:21 DEBUG [Main] [Geode]:           id: dankmeme.globed2
20:24:21 DEBUG [Main] [Geode]:           version: v1.0.5
20:24:21 DEBUG [Main] [Geode]:           early: no
20:24:21 DEBUG [Main] [Geode]:         Found elnexreal.copy_song_id.geode
20:24:21 DEBUG [Main] [Geode]:           id: elnexreal.copy_song_id
20:24:21 DEBUG [Main] [Geode]:           version: v1.2.2
20:24:21 DEBUG [Main] [Geode]:           early: no
20:24:21 DEBUG [Main] [Geode]:         Found elohmrow.death_tracker.geode
20:24:21 DEBUG [Main] [Geode]:           id: elohmrow.death_tracker
20:24:21 DEBUG [Main] [Geode]:           version: v1.4.3
20:24:21 DEBUG [Main] [Geode]:           early: no
20:24:21 DEBUG [Main] [Geode]:         Found fleym.nongd.geode
20:24:21 ERROR [Main] [Geode]:           Failed to queue: "C:\Program Files (x86)\Steam\steamapps\common\Geometry Dash\geode\mods\fleym.nongd.geode" - [mod.json] is missing target GD version
20:24:21 DEBUG [Main] [Geode]:         Found gdutilsdevs.gdutils.geode
20:24:21 DEBUG [Main] [Geode]:           id: gdutilsdevs.gdutils
20:24:21 DEBUG [Main] [Geode]:           version: v1.2.14
20:24:21 DEBUG [Main] [Geode]:           early: no
20:24:21 DEBUG [Main] [Geode]:         Found geode.custom-keybinds.geode
20:24:21 DEBUG [Main] [Geode]:           id: geode.custom-keybinds
20:24:21 DEBUG [Main] [Geode]:           version: v1.4.0
20:24:21 DEBUG [Main] [Geode]:           early: no
20:24:21 DEBUG [Main] [Geode]:         Found geode.node-ids.geode
20:24:21 DEBUG [Main] [Geode]:           id: geode.node-ids
20:24:21 DEBUG [Main] [Geode]:           version: v1.3.0
20:24:21 DEBUG [Main] [Geode]:           early: no
20:24:21 DEBUG [Main] [Geode]:         Found hjfod.custom-keybinds.geode
20:24:21 ERROR [Main] [Geode]:           Failed to queue: "C:\Program Files (x86)\Steam\steamapps\common\Geometry Dash\geode\mods\hjfod.custom-keybinds.geode" - [mod.json] is missing target GD version
20:24:21 DEBUG [Main] [Geode]:         Found hjfod.gdshare.geode
20:24:21 DEBUG [Main] [Geode]:           id: hjfod.gdshare
20:24:21 DEBUG [Main] [Geode]:           version: v1.0.4
20:24:21 DEBUG [Main] [Geode]:           early: no
20:24:21 DEBUG [Main] [Geode]:         Found hjfod.gmd-api.geode
20:24:21 DEBUG [Main] [Geode]:           id: hjfod.gmd-api
20:24:21 DEBUG [Main] [Geode]:           version: v1.0.1
20:24:21 DEBUG [Main] [Geode]:           early: no
20:24:21 DEBUG [Main] [Geode]:         Found mat.fps-bypass.geode
20:24:21 ERROR [Main] [Geode]:           Failed to queue: "C:\Program Files (x86)\Steam\steamapps\common\Geometry Dash\geode\mods\mat.fps-bypass.geode" - [mod.json] is missing target GD version
20:24:21 DEBUG [Main] [Geode]:         Found mat.practice-music.geode
20:24:21 ERROR [Main] [Geode]:           Failed to queue: "C:\Program Files (x86)\Steam\steamapps\common\Geometry Dash\geode\mods\mat.practice-music.geode" - [mod.json] is missing target GD version
20:24:21 DEBUG [Main] [Geode]:         Found mat.run-info.geode
20:24:21 DEBUG [Main] [Geode]:           id: mat.run-info
20:24:21 DEBUG [Main] [Geode]:           version: v1.0.2
20:24:21 DEBUG [Main] [Geode]:           early: no
20:24:21 DEBUG [Main] [Geode]:         Found mat.scroll-zoom.geode
20:24:21 ERROR [Main] [Geode]:           Failed to queue: "C:\Program Files (x86)\Steam\steamapps\common\Geometry Dash\geode\mods\mat.scroll-zoom.geode" - [mod.json] is missing target GD version
20:24:21 DEBUG [Main] [Geode]:         Found redlime.statchanges.geode
20:24:21 DEBUG [Main] [Geode]:           id: redlime.statchanges
20:24:21 DEBUG [Main] [Geode]:           version: v1.1.0
20:24:21 DEBUG [Main] [Geode]:           early: no
20:24:21 DEBUG [Main] [Geode]:         Found rlt.gd-platformer.geode
20:24:21 ERROR [Main] [Geode]:           Failed to queue: "C:\Program Files (x86)\Steam\steamapps\common\Geometry Dash\geode\mods\rlt.gd-platformer.geode" - [mod.json] is missing target GD version
20:24:21 DEBUG [Main] [Geode]:         Found ruslan.apm.geode
20:24:21 ERROR [Main] [Geode]:           Failed to queue: "C:\Program Files (x86)\Steam\steamapps\common\Geometry Dash\geode\mods\ruslan.apm.geode" - [mod.json] is missing target GD version
20:24:21 DEBUG [Main] [Geode]:         Found ruslan.nm.geode
20:24:21 ERROR [Main] [Geode]:           Failed to queue: "C:\Program Files (x86)\Steam\steamapps\common\Geometry Dash\geode\mods\ruslan.nm.geode" - [mod.json] is missing target GD version
20:24:21 DEBUG [Main] [Geode]:         Found thesillydoggo.animatedprofiles.geode
20:24:21 DEBUG [Main] [Geode]:           id: thesillydoggo.animatedprofiles
20:24:21 DEBUG [Main] [Geode]:           version: v1.0.1
20:24:21 DEBUG [Main] [Geode]:           early: no
20:24:21 DEBUG [Main] [Geode]:         Found thesillydoggo.better_startpos_menu.geode
20:24:21 DEBUG [Main] [Geode]:           id: thesillydoggo.better_startpos_menu
20:24:21 DEBUG [Main] [Geode]:           version: v1.1.0
20:24:21 DEBUG [Main] [Geode]:           early: no
20:24:21 DEBUG [Main] [Geode]:         Found thesillydoggo.entersearch.geode
20:24:21 DEBUG [Main] [Geode]:           id: thesillydoggo.entersearch
20:24:21 DEBUG [Main] [Geode]:           version: v1.0.0
20:24:21 DEBUG [Main] [Geode]:           early: no
20:24:21 DEBUG [Main] [Geode]:         Found TheSillyDoggo.GradientPages.geode
20:24:21 DEBUG [Main] [Geode]:           id: TheSillyDoggo.GradientPages
20:24:21 DEBUG [Main] [Geode]:           version: v2.1.0
20:24:21 DEBUG [Main] [Geode]:           early: no
20:24:21 DEBUG [Main] [Geode]:         Found thesillydoggo.moretags.geode
20:24:21 DEBUG [Main] [Geode]:           id: thesillydoggo.moretags
20:24:21 DEBUG [Main] [Geode]:           version: v1.2.0
20:24:21 DEBUG [Main] [Geode]:           early: no
20:24:21 DEBUG [Main] [Geode]:         Found xanii.youtubers.geode
20:24:21 DEBUG [Main] [Geode]:           id: xanii.youtubers
20:24:21 DEBUG [Main] [Geode]:           version: v1.0.0
20:24:21 DEBUG [Main] [Geode]:           early: no
20:24:21 DEBUG [Main] [Geode]:     Populating mod list
20:24:21 DEBUG [Main] [Geode]:       abb2k.backup v1.0.4
20:24:21 DEBUG [Main] [Geode]:       absolllute.megahack v8.0.0-alpha.10
20:24:21 DEBUG [Main] [Geode]:       adyagd.godlikefaces v1.1.1
20:24:21 DEBUG [Main] [Geode]:       adyagd.ingamelistmod v1.0.0
20:24:21 DEBUG [Main] [Geode]:       alphalaneous.projectedstars v1.1.2
20:24:21 DEBUG [Main] [Geode]:       beat.click-sound v1.4.1
20:24:21 DEBUG [Main] [Geode]:       bitz.customprofiles v1.0.5
20:24:21 DEBUG [Main] [Geode]:       capeling.icon_profile_2.2 v1.1.4
20:24:21 DEBUG [Main] [Geode]:       coderqc.gdswearfilter v1.0.1
20:24:21 DEBUG [Main] [Geode]:       colon.gold_user_coins v1.0.1
20:24:21 DEBUG [Main] [Geode]:       cvolton.betterinfo v4.0.0-alpha.13
20:24:21 DEBUG [Main] [Geode]:       dankmeme.globed2 v1.0.5
20:24:21 DEBUG [Main] [Geode]:       elnexreal.copy_song_id v1.2.2
20:24:21 DEBUG [Main] [Geode]:       elohmrow.death_tracker v1.4.3
20:24:21 DEBUG [Main] [Geode]:       gdutilsdevs.gdutils v1.2.14
20:24:21 WARN  [Main] [GDUtils]:       Encountered unknown setting "spotify-section" while loading settings
20:24:21 WARN  [Main] [GDUtils]:       Encountered unknown setting "misc-section" while loading settings
20:24:21 WARN  [Main] [GDUtils]:       Encountered unknown setting "spotifyApp" while loading settings
20:24:21 WARN  [Main] [GDUtils]:       Encountered unknown setting "test-notification" while loading settings
20:24:21 WARN  [Main] [GDUtils]:       Encountered unknown setting "notificationPlacement" while loading settings
20:24:21 WARN  [Main] [GDUtils]:       Encountered unknown setting "notification-section" while loading settings
20:24:21 WARN  [Main] [GDUtils]:       Encountered unknown setting "notification-placement-section" while loading settings
20:24:21 WARN  [Main] [GDUtils]:       Encountered unknown setting "notification-appearance-section" while loading settings
20:24:21 WARN  [Main] [GDUtils]:       Encountered unknown setting "credits-section" while loading settings
20:24:21 WARN  [Main] [GDUtils]:       Encountered unknown setting "credit-buttons" while loading settings
20:24:21 DEBUG [Main] [Geode]:       geode.custom-keybinds v1.4.0
20:24:21 DEBUG [Main] [Geode]:       geode.node-ids v1.3.0
20:24:21 DEBUG [Main] [Geode]:       hjfod.gdshare v1.0.4
20:24:21 DEBUG [Main] [Geode]:       hjfod.gmd-api v1.0.1
20:24:21 DEBUG [Main] [Geode]:       mat.run-info v1.0.2
20:24:21 DEBUG [Main] [Geode]:       redlime.statchanges v1.1.0
20:24:21 DEBUG [Main] [Geode]:       thesillydoggo.animatedprofiles v1.0.1
20:24:21 DEBUG [Main] [Geode]:       thesillydoggo.better_startpos_menu v1.1.0
20:24:21 DEBUG [Main] [Geode]:       thesillydoggo.entersearch v1.0.0
20:24:21 DEBUG [Main] [Geode]:       TheSillyDoggo.GradientPages v2.1.0
20:24:21 DEBUG [Main] [Geode]:       thesillydoggo.moretags v1.2.0
20:24:21 DEBUG [Main] [Geode]:       xanii.youtubers v1.0.0
20:24:21 DEBUG [Main] [Geode]:     Building mod graph
20:24:21 DEBUG [Main] [Geode]:       geode.loader
20:24:21 DEBUG [Main] [Geode]:       beat.click-sound
20:24:21 DEBUG [Main] [Geode]:         geode.loader
20:24:21 DEBUG [Main] [Geode]:         geode.node-ids
20:24:21 DEBUG [Main] [Geode]:       mat.run-info
20:24:21 DEBUG [Main] [Geode]:         geode.loader
20:24:21 DEBUG [Main] [Geode]:       alphalaneous.projectedstars
20:24:21 DEBUG [Main] [Geode]:         geode.loader
20:24:21 DEBUG [Main] [Geode]:         geode.node-ids
20:24:21 DEBUG [Main] [Geode]:       elohmrow.death_tracker
20:24:21 DEBUG [Main] [Geode]:         geode.loader
20:24:21 DEBUG [Main] [Geode]:       absolllute.megahack
20:24:21 DEBUG [Main] [Geode]:         geode.loader
20:24:21 DEBUG [Main] [Geode]:       abb2k.backup
20:24:21 DEBUG [Main] [Geode]:         geode.loader
20:24:21 DEBUG [Main] [Geode]:       adyagd.godlikefaces
20:24:21 DEBUG [Main] [Geode]:         geode.loader
20:24:21 DEBUG [Main] [Geode]:       hjfod.gdshare
20:24:21 DEBUG [Main] [Geode]:         geode.loader
20:24:21 DEBUG [Main] [Geode]:         hjfod.gmd-api
20:24:21 DEBUG [Main] [Geode]:         geode.node-ids
20:24:21 DEBUG [Main] [Geode]:       adyagd.ingamelistmod
20:24:21 DEBUG [Main] [Geode]:         geode.loader
20:24:21 DEBUG [Main] [Geode]:       bitz.customprofiles
20:24:21 DEBUG [Main] [Geode]:         geode.loader
20:24:21 DEBUG [Main] [Geode]:         geode.node-ids
20:24:21 DEBUG [Main] [Geode]:       capeling.icon_profile_2.2
20:24:21 DEBUG [Main] [Geode]:         geode.loader
20:24:21 DEBUG [Main] [Geode]:       coderqc.gdswearfilter
20:24:21 DEBUG [Main] [Geode]:         geode.loader
20:24:21 DEBUG [Main] [Geode]:       colon.gold_user_coins
20:24:21 DEBUG [Main] [Geode]:         geode.loader
20:24:21 DEBUG [Main] [Geode]:       cvolton.betterinfo
20:24:21 DEBUG [Main] [Geode]:         geode.loader
20:24:21 DEBUG [Main] [Geode]:         geode.node-ids
20:24:21 DEBUG [Main] [Geode]:       dankmeme.globed2
20:24:21 DEBUG [Main] [Geode]:         geode.loader
20:24:21 DEBUG [Main] [Geode]:         geode.custom-keybinds
20:24:21 DEBUG [Main] [Geode]:       elnexreal.copy_song_id
20:24:21 DEBUG [Main] [Geode]:         geode.loader
20:24:21 DEBUG [Main] [Geode]:       gdutilsdevs.gdutils
20:24:21 DEBUG [Main] [Geode]:         geode.loader
20:24:21 DEBUG [Main] [Geode]:       thesillydoggo.better_startpos_menu
20:24:21 DEBUG [Main] [Geode]:         geode.loader
20:24:21 DEBUG [Main] [Geode]:       geode.custom-keybinds
20:24:21 DEBUG [Main] [Geode]:         geode.loader
20:24:21 DEBUG [Main] [Geode]:       geode.node-ids
20:24:21 DEBUG [Main] [Geode]:         geode.loader
20:24:21 DEBUG [Main] [Geode]:       hjfod.gmd-api
20:24:21 DEBUG [Main] [Geode]:         geode.loader
20:24:21 DEBUG [Main] [Geode]:       redlime.statchanges
20:24:21 DEBUG [Main] [Geode]:         geode.loader
20:24:21 DEBUG [Main] [Geode]:         geode.node-ids
20:24:21 DEBUG [Main] [Geode]:       thesillydoggo.animatedprofiles
20:24:21 DEBUG [Main] [Geode]:         geode.loader
20:24:21 DEBUG [Main] [Geode]:         geode.node-ids
20:24:21 DEBUG [Main] [Geode]:       thesillydoggo.entersearch
20:24:21 DEBUG [Main] [Geode]:         geode.loader
20:24:21 DEBUG [Main] [Geode]:       TheSillyDoggo.GradientPages
20:24:21 DEBUG [Main] [Geode]:         geode.loader
20:24:21 DEBUG [Main] [Geode]:       thesillydoggo.moretags
20:24:21 DEBUG [Main] [Geode]:         geode.loader
20:24:21 DEBUG [Main] [Geode]:         geode.node-ids
20:24:21 DEBUG [Main] [Geode]:       xanii.youtubers
20:24:21 DEBUG [Main] [Geode]:         geode.loader
20:24:21 DEBUG [Main] [Geode]:     Loading early mods
20:24:21 DEBUG [Main] [Geode]:       absolllute.megahack v8.0.0-alpha.10
20:24:21 DEBUG [Main] [Geode]:         Unzip
20:24:21 DEBUG [Main] [Geode]:         Same hash detected, skipping unzip
20:24:21 DEBUG [Main] [Geode]:         Load
20:24:21 DEBUG [Main] [Geode]:         Loading binary for mod absolllute.megahack
20:24:29 INFO  [Main] [Geode]:     Took 8.361s. Continuing next frame...
20:24:29 DEBUG [Main] [Geode]: Setting up IPC
20:24:29 DEBUG [Main] [Geode]:   IPC set up
20:24:29 INFO  [Main] [Geode]: Starting loader update check
20:24:29 INFO  [Main] [Geode]: Entry took 8.405s
20:24:36 INFO  [Main] [Geode]: Continuing mod graph refresh...
20:24:36 DEBUG [Main] [Geode]:   Loading mods
20:24:36 DEBUG [Main] [Geode]:     beat.click-sound v1.4.1 has unresolved dependencies
20:24:36 ERROR [Main] [Geode]: Failed to fetch updates Empty response
20:24:39 DEBUG [Main] [Geode]: Enabled GameManager::isIconUnlocked hook at 0xc31f90 for absolllute.megahack
20:24:39 DEBUG [Main] [Geode]: Enabled GameManager::isColorUnlocked hook at 0xc32490 for absolllute.megahack
20:24:39 DEBUG [Main] [Geode]: Enabled GameManager::setGameVariable hook at 0xc384e0 for absolllute.megahack
20:24:39 DEBUG [Main] [Geode]: Enabled GameManager::getGameVariable hook at 0xc38730 for absolllute.megahack
20:24:39 DEBUG [Main] [Geode]: Enabled MenuLayer::init hook at 0xd8b450 for absolllute.megahack
20:24:39 INFO  [Main] [Geode]: Continuing mod graph refresh...
20:24:39 DEBUG [Main] [Geode]:   Loading mods
20:24:39 DEBUG [Main] [Geode]:     mat.run-info v1.0.2
20:24:39 DEBUG [Mod Unzip] [Geode]:  Unzip
20:24:39 DEBUG [Mod Unzip] [Geode]:  Hash mismatch detected, unzipping
20:24:39 DEBUG [Main] [Geode]:       Load
20:24:39 DEBUG [Main] [Geode]:       Loading binary for mod mat.run-info
20:24:40 DEBUG [Main] [Geode]:       Enabled PlayLayer::init hook at 0xdec4a0 for mat.run-info
20:24:40 DEBUG [Main] [Geode]:       Enabled PlayLayer::resetLevel hook at 0xdfa130 for mat.run-info
20:24:40 DEBUG [Main] [Geode]:       Enabled PlayLayer::togglePracticeMode hook at 0xdfad30 for mat.run-info
20:24:40 INFO  [Main] [Geode]: Took 0.372s
20:24:40 INFO  [Main] [Geode]: Continuing mod graph refresh...
20:24:40 DEBUG [Main] [Geode]:   Loading mods
20:24:40 DEBUG [Main] [Geode]:     alphalaneous.projectedstars v1.1.2 has unresolved dependencies
20:24:40 INFO  [Main] [Geode]: Took 0.016s
20:24:40 INFO  [Main] [Geode]: Continuing mod graph refresh...
20:24:40 DEBUG [Main] [Geode]:   Loading mods
20:24:40 DEBUG [Main] [Geode]:     elohmrow.death_tracker v1.4.3
20:24:40 DEBUG [Mod Unzip] [Geode]:  Unzip
20:24:40 DEBUG [Mod Unzip] [Geode]:  Same hash detected, skipping unzip
20:24:40 DEBUG [Main] [Geode]:       Load
20:24:40 DEBUG [Main] [Geode]:       Loading binary for mod elohmrow.death_tracker
20:24:40 DEBUG [Main] [Geode]:       Enabled GJBaseGameLayer::setStartPosObject hook at 0xca9e90 for elohmrow.death_tracker
20:24:40 DEBUG [Main] [Geode]:       Enabled PlayLayer::checkpointActivated hook at 0xdf76c0 for elohmrow.death_tracker
20:24:40 DEBUG [Main] [Geode]:       Enabled PlayLayer::onQuit hook at 0xdfb480 for elohmrow.death_tracker
20:24:40 DEBUG [Main] [Geode]:       Enabled PlayLayer::resetLevelFromStart hook at 0xdfa090 for elohmrow.death_tracker
20:24:40 DEBUG [Main] [Geode]:       Enabled PlayerObject::playerDestroyed hook at 0xde1b30 for elohmrow.death_tracker
20:24:40 DEBUG [Main] [Geode]:       Enabled LevelInfoLayer::onLevelInfo hook at 0xd66a70 for elohmrow.death_tracker
20:24:40 DEBUG [Main] [Geode]:       Enabled EditLevelLayer::onLevelInfo hook at 0xbadb40 for elohmrow.death_tracker
20:24:40 DEBUG [Main] [Geode]:       Enabled LevelPage::onInfo hook at 0xd7c400 for elohmrow.death_tracker
20:24:40 DEBUG [Main] [Geode]:       Enabled cocos2d::CCLayerColor::initWithColor hook at 0x741a4c70 for elohmrow.death_tracker
20:24:40 DEBUG [Main] [Geode]:       Enabled FLAlertLayer::init hook at 0xb40f60 for elohmrow.death_tracker
20:24:40 DEBUG [Main] [Geode]:       Enabled FLAlertLayer::keyBackClicked hook at 0xb41a10 for elohmrow.death_tracker
20:24:40 DEBUG [Main] [Geode]:       Enabled FLAlertLayer::onBtn1 hook at 0xb41ab0 for elohmrow.death_tracker
20:24:40 DEBUG [Main] [Geode]:       Enabled FLAlertLayer::show hook at 0xb41cd0 for elohmrow.death_tracker
20:24:40 INFO  [Main] [Geode]: Took 0.059s
20:24:40 INFO  [Main] [Geode]: Continuing mod graph refresh...
20:24:40 DEBUG [Main] [Geode]:   Loading mods
20:24:40 DEBUG [Main] [Geode]:     abb2k.backup v1.0.4
20:24:40 DEBUG [Mod Unzip] [Geode]:  Unzip
20:24:40 DEBUG [Mod Unzip] [Geode]:  Same hash detected, skipping unzip
20:24:40 DEBUG [Main] [Geode]:       Load
20:24:40 DEBUG [Main] [Geode]:       Loading binary for mod abb2k.backup
20:24:40 DEBUG [Main] [Geode]:       Enabled MenuLayer::init hook at 0xd8b450 for abb2k.backup
20:24:40 DEBUG [Main] [Geode]:       Enabled OptionsLayer::customSetup hook at 0xdc02d0 for abb2k.backup
20:24:40 DEBUG [Main] [Geode]:       Enabled GameManager::doQuickSave hook at 0xc3de10 for abb2k.backup
20:24:40 INFO  [Main] [Geode]: Took 0.057s
20:24:40 INFO  [Main] [Geode]: Continuing mod graph refresh...
20:24:40 DEBUG [Main] [Geode]:   Loading mods
20:24:40 DEBUG [Main] [Geode]:     adyagd.godlikefaces v1.1.1
20:24:40 DEBUG [Mod Unzip] [Geode]:  Unzip
20:24:40 DEBUG [Mod Unzip] [Geode]:  Same hash detected, skipping unzip
20:24:40 DEBUG [Main] [Geode]:       Load
20:24:40 DEBUG [Main] [Geode]:       Loading binary for mod adyagd.godlikefaces
20:24:40 DEBUG [Main] [Geode]:       Enabled GJDifficultySprite::create hook at 0xd26be0 for adyagd.godlikefaces
20:24:40 DEBUG [Main] [Geode]:       Enabled GJDifficultySprite::updateDifficultyFrame hook at 0xd26e30 for adyagd.godlikefaces
20:24:40 DEBUG [Main] [Geode]:       Enabled GJDifficultySprite::updateFeatureState hook at 0xd26ff0 for adyagd.godlikefaces
20:24:40 DEBUG [Main] [Geode]:       Enabled RateStarsLayer::init hook at 0xe04920 for adyagd.godlikefaces
20:24:40 DEBUG [Main] [Geode]:       Enabled RateStarsLayer::onFeature hook at 0xe04f90 for adyagd.godlikefaces
20:24:40 DEBUG [Main] [Geode]:       Enabled RateStarsLayer::selectRating hook at 0xe05070 for adyagd.godlikefaces
20:24:40 INFO  [Main] [Geode]: Took 0.058s
20:24:40 INFO  [Main] [Geode]: Continuing mod graph refresh...
20:24:40 DEBUG [Main] [Geode]:   Loading mods
20:24:40 DEBUG [Main] [Geode]:     hjfod.gdshare v1.0.4 has unresolved dependencies
20:24:40 INFO  [Main] [Geode]: Took 0.016s
20:24:40 INFO  [Main] [Geode]: Continuing mod graph refresh...
20:24:40 DEBUG [Main] [Geode]:   Loading mods
20:24:40 DEBUG [Main] [Geode]:     adyagd.ingamelistmod v1.0.0
20:24:40 DEBUG [Mod Unzip] [Geode]:  Unzip
20:24:40 DEBUG [Mod Unzip] [Geode]:  Hash mismatch detected, unzipping
20:24:40 DEBUG [Main] [Geode]:       Load
20:24:40 DEBUG [Main] [Geode]:       Loading binary for mod adyagd.ingamelistmod
20:24:40 DEBUG [Main] [Geode]:       Enabled LevelInfoLayer::init hook at 0xd616a0 for adyagd.ingamelistmod
20:24:40 INFO  [Main] [Geode]: Took 0.376s
20:24:40 INFO  [Main] [Geode]: Continuing mod graph refresh...
20:24:40 DEBUG [Main] [Geode]:   Loading mods
20:24:40 DEBUG [Main] [Geode]:     bitz.customprofiles v1.0.5 has unresolved dependencies
20:24:40 INFO  [Main] [Geode]: Took 0.017s
20:24:40 INFO  [Main] [Geode]: Continuing mod graph refresh...
20:24:40 DEBUG [Main] [Geode]:   Loading mods
20:24:40 DEBUG [Main] [Geode]:     capeling.icon_profile_2.2 v1.1.4
20:24:40 DEBUG [Mod Unzip] [Geode]:  Unzip
20:24:40 DEBUG [Mod Unzip] [Geode]:  Same hash detected, skipping unzip
20:24:40 DEBUG [Main] [Geode]:       Load
20:24:40 DEBUG [Main] [Geode]:       Loading binary for mod capeling.icon_profile_2.2
20:24:40 DEBUG [Main] [Geode]:       Enabled MenuLayer::init hook at 0xd8b450 for capeling.icon_profile_2.2
20:24:40 INFO  [Main] [Geode]: Took 0.075s
20:24:40 INFO  [Main] [Geode]: Continuing mod graph refresh...
20:24:40 DEBUG [Main] [Geode]:   Loading mods
20:24:40 DEBUG [Main] [Geode]:     coderqc.gdswearfilter v1.0.1
20:24:40 DEBUG [Mod Unzip] [Geode]:  Unzip
20:24:40 DEBUG [Mod Unzip] [Geode]:  Hash mismatch detected, unzipping
20:24:40 DEBUG [Main] [Geode]:       Load
20:24:40 DEBUG [Main] [Geode]:       Loading binary for mod coderqc.gdswearfilter
20:24:41 DEBUG [Main] [Geode]:       Enabled CommentCell::loadFromComment hook at 0xb94490 for coderqc.gdswearfilter
20:24:41 DEBUG [Main] [Geode]:       Enabled InfoLayer::init hook at 0xd38810 for coderqc.gdswearfilter
20:24:41 DEBUG [Main] [Geode]:       Enabled LevelCell::loadFromLevel hook at 0xb8d8b0 for coderqc.gdswearfilter
20:24:41 INFO  [Main] [Geode]: Took 0.467s
20:24:41 INFO  [Main] [Geode]: Continuing mod graph refresh...
20:24:41 DEBUG [Main] [Geode]:   Loading mods
20:24:41 DEBUG [Main] [Geode]:     colon.gold_user_coins v1.0.1
20:24:41 DEBUG [Mod Unzip] [Geode]:  Unzip
20:24:41 DEBUG [Mod Unzip] [Geode]:  Same hash detected, skipping unzip
20:24:41 DEBUG [Main] [Geode]:       Load
20:24:41 DEBUG [Main] [Geode]:       Loading binary for mod colon.gold_user_coins
20:24:41 DEBUG [Main] [Geode]:       Enabled MenuLayer::init hook at 0xd8b450 for colon.gold_user_coins
20:24:41 DEBUG [Main] [Geode]:       Enabled cocos2d::CCSprite::setColor hook at 0x741d78a0 for colon.gold_user_coins
20:24:41 INFO  [Main] [Geode]: Took 0.057s
20:24:41 INFO  [Main] [Geode]: Continuing mod graph refresh...
20:24:41 DEBUG [Main] [Geode]:   Loading mods
20:24:41 DEBUG [Main] [Geode]:     cvolton.betterinfo v4.0.0-alpha.13 has unresolved dependencies
20:24:41 INFO  [Main] [Geode]: Took 0.015s
20:24:41 INFO  [Main] [Geode]: Continuing mod graph refresh...
20:24:41 DEBUG [Main] [Geode]:   Loading mods
20:24:41 DEBUG [Main] [Geode]:     dankmeme.globed2 v1.0.5 has unresolved dependencies
20:24:41 INFO  [Main] [Geode]: Took 0.016s
20:24:41 INFO  [Main] [Geode]: Continuing mod graph refresh...
20:24:41 DEBUG [Main] [Geode]:   Loading mods
20:24:41 DEBUG [Main] [Geode]:     elnexreal.copy_song_id v1.2.2
20:24:41 DEBUG [Mod Unzip] [Geode]:  Unzip
20:24:41 DEBUG [Mod Unzip] [Geode]:  Same hash detected, skipping unzip
20:24:41 DEBUG [Main] [Geode]:       Load
20:24:41 DEBUG [Main] [Geode]:       Loading binary for mod elnexreal.copy_song_id
20:24:41 DEBUG [Main] [Geode]:       Enabled LevelInfoLayer::init hook at 0xd616a0 for elnexreal.copy_song_id
20:24:41 DEBUG [Main] [Geode]:       Enabled LevelInfoLayer::levelDownloadFinished hook at 0xd64f00 for elnexreal.copy_song_id
20:24:41 INFO  [Main] [Geode]: Took 0.078s
20:24:41 INFO  [Main] [Geode]: Continuing mod graph refresh...
20:24:41 DEBUG [Main] [Geode]:   Loading mods
20:24:41 DEBUG [Main] [Geode]:     gdutilsdevs.gdutils v1.2.14
20:24:41 DEBUG [Mod Unzip] [Geode]:  Unzip
20:24:41 DEBUG [Mod Unzip] [Geode]:  Same hash detected, skipping unzip
20:24:41 DEBUG [Main] [Geode]:       Load
20:24:41 DEBUG [Main] [Geode]:       Loading binary for mod gdutilsdevs.gdutils
20:24:41 DEBUG [Main] [Geode]:       Enabled cocos2d::CCScheduler::update hook at 0x74206db0 for gdutilsdevs.gdutils
20:24:41 DEBUG [Main] [Geode]:       Enabled cocos2d::CCScheduler::update hook at 0x74206db0 for gdutilsdevs.gdutils
20:24:41 DEBUG [Main] [Geode]:       Enabled PlayLayer::init hook at 0xdec4a0 for gdutilsdevs.gdutils
20:24:41 DEBUG [Main] [Geode]:       Enabled PlayLayer::onQuit hook at 0xdfb480 for gdutilsdevs.gdutils
20:24:41 DEBUG [Main] [Geode]:       Enabled EditorUI::onPause hook at 0xbb6130 for gdutilsdevs.gdutils
20:24:41 DEBUG [Main] [Geode]:       Enabled EditorUI::onPlayback hook at 0xbd9d20 for gdutilsdevs.gdutils
20:24:41 DEBUG [Main] [Geode]:       Enabled EditorUI::onPlaytest hook at 0xbda090 for gdutilsdevs.gdutils
20:24:41 DEBUG [Main] [Geode]:       Enabled EditorUI::onStopPlaytest hook at 0xbda200 for gdutilsdevs.gdutils
20:24:41 DEBUG [Main] [Geode]:       Enabled FriendsProfilePage::init hook at 0xc00a10 for gdutilsdevs.gdutils
20:24:41 DEBUG [Main] [Geode]:       Enabled LeaderboardsLayer::init hook at 0xd3dc60 for gdutilsdevs.gdutils
20:24:41 DEBUG [Main] [Geode]:       Enabled SecretLayer2::init hook at 0xe156d0 for gdutilsdevs.gdutils
20:24:41 DEBUG [Main] [Geode]:       Enabled SecretLayer2::onSubmit hook at 0xe171c0 for gdutilsdevs.gdutils
20:24:41 DEBUG [Main] [Geode]:       Enabled SecretLayer2::updateSearchLabel hook at 0xe184b0 for gdutilsdevs.gdutils
20:24:41 DEBUG [Main] [Geode]:       Enabled LevelInfoLayer::init hook at 0xd616a0 for gdutilsdevs.gdutils
20:24:41 DEBUG [Main] [Geode]:       Enabled InfoLayer::init hook at 0xd38810 for gdutilsdevs.gdutils
20:24:41 DEBUG [Main] [Geode]:       Enabled ProfilePage::loadPageFromUserInfo hook at 0xdfdda0 for gdutilsdevs.gdutils
20:24:41 INFO  [Main] [GDUtils]:     GDUtils Mod Loaded
20:24:41 INFO  [Main] [GDUtils]:     Le protocole a été enregistré avec succès pour cet utilisateur.
20:24:41 INFO  [Main] [Geode]: Took 0.072s
20:24:41 INFO  [Main] [Geode]: Continuing mod graph refresh...
20:24:41 DEBUG [Main] [Geode]:   Loading mods
20:24:41 DEBUG [Main] [Geode]:     thesillydoggo.better_startpos_menu v1.1.0
20:24:41 INFO  [Thread #2812] [GDUtils]: Starting socket...
20:24:41 DEBUG [Mod Unzip] [Geode]:  Unzip
20:24:41 DEBUG [Mod Unzip] [Geode]:  Same hash detected, skipping unzip
20:24:41 DEBUG [Main] [Geode]:       Load
20:24:41 DEBUG [Main] [Geode]:       Loading binary for mod thesillydoggo.better_startpos_menu
20:24:41 DEBUG [Main] [Geode]:       Enabled LevelSettingsLayer::init hook at 0xd7ce20 for thesillydoggo.better_startpos_menu
20:24:41 INFO  [Main] [Geode]: Took 0.087s
20:24:41 INFO  [Main] [Geode]: Continuing mod graph refresh...
20:24:41 DEBUG [Main] [Geode]:   Loading mods
20:24:41 DEBUG [Main] [Geode]:     geode.custom-keybinds v1.4.0
20:24:41 DEBUG [Mod Unzip] [Geode]:  Unzip
20:24:41 DEBUG [Mod Unzip] [Geode]:  Same hash detected, skipping unzip
20:24:41 DEBUG [Main] [Geode]:       Load
20:24:41 DEBUG [Main] [Geode]:       Loading binary for mod geode.custom-keybinds
20:24:41 DEBUG [Main] [Geode]:       Enabled EditorPauseLayer::customSetup hook at 0xbb0730 for geode.custom-keybinds
20:24:41 DEBUG [Main] [Geode]:       Enabled EditorPauseLayer::keyDown hook at 0xbb3080 for geode.custom-keybinds
20:24:41 DEBUG [Main] [Geode]:       Enabled EditorUI::init hook at 0xbb4260 for geode.custom-keybinds
20:24:41 DEBUG [Main] [Geode]:       Enabled EditorUI::keyDown hook at 0xbea300 for geode.custom-keybinds
20:24:41 DEBUG [Main] [Geode]:       Enabled EditorUI::keyUp hook at 0xbeb210 for geode.custom-keybinds
20:24:41 DEBUG [Main] [Geode]:       Enabled EditorUI::moveObjectCall hook at 0xbe4d40 for geode.custom-keybinds
20:24:41 DEBUG [Main] [Geode]:       Enabled EditorUI::transformObjectCall hook at 0xbe5380 for geode.custom-keybinds
20:24:41 DEBUG [Main] [Geode]:       Enabled PauseLayer::customSetup hook at 0xdc89f0 for geode.custom-keybinds
20:24:41 DEBUG [Main] [Geode]:       Enabled PauseLayer::keyDown hook at 0xdca310 for geode.custom-keybinds
20:24:41 DEBUG [Main] [Geode]:       Enabled UILayer::init hook at 0xecec10 for geode.custom-keybinds
20:24:41 DEBUG [Main] [Geode]:       Enabled UILayer::keyDown hook at 0xecf930 for geode.custom-keybinds
20:24:41 DEBUG [Main] [Geode]:       Enabled UILayer::keyUp hook at 0xecf950 for geode.custom-keybinds
20:24:41 DEBUG [Main] [Geode]:       Enabled cocos2d::CCKeyboardDispatcher::dispatchKeyboardMSG hook at 0x7419be70 for geode.custom-keybinds
20:24:41 DEBUG [Main] [Geode]:       Enabled cocos2d::CCKeyboardDispatcher::updateModifierKeys hook at 0x7419ca70 for geode.custom-keybinds
20:24:41 DEBUG [Main] [Geode]:       Enabled MoreOptionsLayer::onKeybindings hook at 0xbb21a0 for geode.custom-keybinds
20:24:41 INFO  [Main] [Geode]: Took 0.103s
20:24:41 INFO  [Main] [Geode]: Continuing mod graph refresh...
20:24:41 DEBUG [Main] [Geode]:   Loading mods
20:24:41 DEBUG [Main] [Geode]:     dankmeme.globed2 v1.0.5 has unresolved incompatibilities
20:24:41 INFO  [Main] [Geode]: Took 0.016s
20:24:41 INFO  [Main] [Geode]: Continuing mod graph refresh...
20:24:41 DEBUG [Main] [Geode]:   Loading mods
20:24:41 DEBUG [Main] [Geode]:     geode.node-ids v1.3.0
20:24:41 DEBUG [Mod Unzip] [Geode]:  Unzip
20:24:41 DEBUG [Mod Unzip] [Geode]:  Same hash detected, skipping unzip
20:24:41 DEBUG [Main] [Geode]:       Load
20:24:41 DEBUG [Main] [Geode]:       Loading binary for mod geode.node-ids
20:24:41 DEBUG [Main] [Geode]:       Enabled CommentCell::loadFromComment hook at 0xb94490 for geode.node-ids
20:24:41 DEBUG [Main] [Geode]:       Enabled CreatorLayer::init hook at 0xb7f550 for geode.node-ids
20:24:41 DEBUG [Main] [Geode]:       Enabled CustomizeObjectLayer::init hook at 0xb864a0 for geode.node-ids
20:24:41 DEBUG [Main] [Geode]:       Enabled CustomizeObjectLayer::toggleVisible hook at 0xb89780 for geode.node-ids
20:24:41 DEBUG [Main] [Geode]:       Enabled DailyLevelNode::init hook at 0xba96c0 for geode.node-ids
20:24:41 DEBUG [Main] [Geode]:       Enabled DailyLevelPage::init hook at 0xba76d0 for geode.node-ids
20:24:41 DEBUG [Main] [Geode]:       Enabled EditLevelLayer::init hook at 0xbac8e0 for geode.node-ids
20:24:41 DEBUG [Main] [Geode]:       Enabled EditorPauseLayer::init hook at 0xbb0020 for geode.node-ids
20:24:41 DEBUG [Main] [Geode]:       Enabled EditorUI::init hook at 0xbb4260 for geode.node-ids
20:24:41 DEBUG [Main] [Geode]:       Enabled GJGarageLayer::init hook at 0xcff250 for geode.node-ids
20:24:41 DEBUG [Main] [Geode]:       Enabled GJGarageLayer::setupPage hook at 0xd01d70 for geode.node-ids
20:24:41 DEBUG [Main] [Geode]:       Enabled GJScoreCell::loadFromScore hook at 0xb965b0 for geode.node-ids
20:24:41 DEBUG [Main] [Geode]:       Enabled GameToolbox::addBackButton hook at 0xb51910 for geode.node-ids
20:24:41 DEBUG [Main] [Geode]:       Enabled GameToolbox::addRThumbScrollButton hook at 0xb519c0 for geode.node-ids
20:24:41 DEBUG [Main] [Geode]:       Enabled InfoLayer::init hook at 0xd38810 for geode.node-ids
20:24:41 DEBUG [Main] [Geode]:       Enabled LeaderboardsLayer::init hook at 0xd3dc60 for geode.node-ids
20:24:41 DEBUG [Main] [Geode]:       Enabled LevelBrowserLayer::init hook at 0xd42e60 for geode.node-ids
20:24:41 DEBUG [Main] [Geode]:       Enabled LevelCell::loadCustomLevelCell hook at 0xb8da60 for geode.node-ids
20:24:41 DEBUG [Main] [Geode]:       Enabled LevelCell::loadFromLevel hook at 0xb8d8b0 for geode.node-ids
20:24:41 DEBUG [Main] [Geode]:       Enabled LevelCell::loadLocalLevelCell hook at 0xb904d0 for geode.node-ids
20:24:41 DEBUG [Main] [Geode]:       Enabled LevelInfoLayer::init hook at 0xd616a0 for geode.node-ids
20:24:41 DEBUG [Main] [Geode]:       Enabled LevelInfoLayer::setupPlatformerStats hook at 0xd63a90 for geode.node-ids
20:24:41 DEBUG [Main] [Geode]:       Enabled LevelInfoLayer::setupProgressBars hook at 0xd63e20 for geode.node-ids
20:24:41 DEBUG [Main] [Geode]:       Enabled LevelInfoLayer::updateLabelValues hook at 0xd66d20 for geode.node-ids
20:24:41 DEBUG [Main] [Geode]:       Enabled LevelLeaderboard::init hook at 0xd68060 for geode.node-ids
20:24:41 DEBUG [Main] [Geode]:       Enabled LevelSearchLayer::init hook at 0xd70f10 for geode.node-ids
20:24:41 DEBUG [Main] [Geode]:       Enabled PauseLayer::customSetup hook at 0xdc89f0 for geode.node-ids
20:24:41 DEBUG [Main] [Geode]:       Enabled PlayerObject::init hook at 0xdd24c0 for geode.node-ids
20:24:41 DEBUG [Main] [Geode]:       Enabled ProfilePage::init hook at 0xdfd080 for geode.node-ids
20:24:41 DEBUG [Main] [Geode]:       Enabled ProfilePage::loadPageFromUserInfo hook at 0xdfdda0 for geode.node-ids
20:24:41 DEBUG [Main] [Geode]:       Enabled RewardsPage::init hook at 0xe067f0 for geode.node-ids
20:24:41 DEBUG [Main] [Geode]:       Enabled UILayer::init hook at 0xecec10 for geode.node-ids
20:24:41 INFO  [Main] [Geode]: Took 0.086s
20:24:41 INFO  [Main] [Geode]: Continuing mod graph refresh...
20:24:41 DEBUG [Main] [Geode]:   Loading mods
20:24:41 DEBUG [Main] [Geode]:     thesillydoggo.moretags v1.2.0
20:24:41 DEBUG [Mod Unzip] [Geode]:  Unzip
20:24:41 DEBUG [Mod Unzip] [Geode]:  Hash mismatch detected, unzipping
20:24:41 INFO  [stdout]: [2024-02-10 20:24:41] [connect] Successful connection
20:24:41 INFO  [stdout]: [2024-02-10 20:24:41] [connect] WebSocket Connection 62.210.53.67:80 v-2 "WebSocket++/0.8.2" /socket.io/?EIO=4&transport=websocket&t=1707593081 101
20:24:41 INFO  [Thread #11652] [GDUtils]: Socket Connection successful!
20:24:41 INFO  [Thread #2812] [GDUtils]: listening for events
20:24:41 DEBUG [Main] [Geode]:       Load
20:24:41 DEBUG [Main] [Geode]:       Loading binary for mod thesillydoggo.moretags
20:24:42 DEBUG [Main] [Geode]:       Enabled LevelInfoLayer::init hook at 0xd616a0 for thesillydoggo.moretags
20:24:42 DEBUG [Main] [Geode]:       Enabled LevelInfoLayer::levelDownloadFinished hook at 0xd64f00 for thesillydoggo.moretags
20:24:42 INFO  [Main] [Geode]: Took 0.306s
20:24:42 INFO  [Main] [Geode]: Continuing mod graph refresh...
20:24:42 DEBUG [Main] [Geode]:   Loading mods
20:24:42 DEBUG [Main] [Geode]:     thesillydoggo.animatedprofiles v1.0.1
20:24:42 DEBUG [Mod Unzip] [Geode]:  Unzip
20:24:42 DEBUG [Mod Unzip] [Geode]:  Same hash detected, skipping unzip
20:24:42 DEBUG [Main] [Geode]:       Load
20:24:42 DEBUG [Main] [Geode]:       Loading binary for mod thesillydoggo.animatedprofiles
20:24:42 DEBUG [Main] [Geode]:       Enabled ProfilePage::init hook at 0xdfd080 for thesillydoggo.animatedprofiles
20:24:42 DEBUG [Main] [Geode]:       Enabled ProfilePage::loadPageFromUserInfo hook at 0xdfdda0 for thesillydoggo.animatedprofiles
20:24:42 DEBUG [Main] [Geode]:       Enabled CommentCell::loadFromComment hook at 0xb94490 for thesillydoggo.animatedprofiles
20:24:42 DEBUG [Main] [Geode]:       Enabled CCAnimatedSprite::runAnimation hook at 0xb31640 for thesillydoggo.animatedprofiles
20:24:42 INFO  [Main] [Geode]: Took 0.033s
20:24:42 INFO  [Main] [Geode]: Continuing mod graph refresh...
20:24:42 DEBUG [Main] [Geode]:   Loading mods
20:24:42 DEBUG [Main] [Geode]:     redlime.statchanges v1.1.0
20:24:42 DEBUG [Mod Unzip] [Geode]:  Unzip
20:24:42 DEBUG [Mod Unzip] [Geode]:  Hash mismatch detected, unzipping
20:24:42 DEBUG [Main] [Geode]:       Load
20:24:42 DEBUG [Main] [Geode]:       Loading binary for mod redlime.statchanges
20:24:42 DEBUG [Main] [Geode]:       Enabled ProfilePage::init hook at 0xdfd080 for redlime.statchanges
20:24:42 DEBUG [Main] [Geode]:       Enabled ProfilePage::loadPageFromUserInfo hook at 0xdfdda0 for redlime.statchanges
20:24:42 DEBUG [Main] [Geode]:       Enabled ProfilePage::onClose hook at 0xe015e0 for redlime.statchanges
20:24:42 INFO  [Main] [Geode]: Took 0.441s
20:24:42 INFO  [Main] [Geode]: Continuing mod graph refresh...
20:24:42 DEBUG [Main] [Geode]:   Loading mods
20:24:42 DEBUG [Main] [Geode]:     cvolton.betterinfo v4.0.0-alpha.13
20:24:42 DEBUG [Mod Unzip] [Geode]:  Unzip
20:24:42 DEBUG [Mod Unzip] [Geode]:  Same hash detected, skipping unzip
20:24:42 DEBUG [Main] [Geode]:       Load
20:24:42 DEBUG [Main] [Geode]:       Loading binary for mod cvolton.betterinfo
20:24:42 DEBUG [Main] [Geode]:       Enabled CommentCell::FLAlert_Clicked hook at 0xb963d0 for cvolton.betterinfo
20:24:42 DEBUG [Main] [Geode]:       Enabled CommentCell::loadFromComment hook at 0xb94490 for cvolton.betterinfo
20:24:42 DEBUG [Main] [Geode]:       Enabled CommentCell::onConfirmDelete hook at 0xb962c0 for cvolton.betterinfo
20:24:42 DEBUG [Main] [Geode]:       Enabled CommentCell::onLike hook at 0xb96110 for cvolton.betterinfo
20:24:42 DEBUG [Main] [Geode]:       Enabled CreatorLayer::init hook at 0xb7f550 for cvolton.betterinfo
20:24:42 DEBUG [Main] [Geode]:       Enabled CreatorLayer::onChallenge hook at 0xb80dd0 for cvolton.betterinfo
20:24:42 DEBUG [Main] [Geode]:       Enabled DailyLevelNode::init hook at 0xba96c0 for cvolton.betterinfo
20:24:42 DEBUG [Main] [Geode]:       Enabled DailyLevelPage::init hook at 0xba76d0 for cvolton.betterinfo
20:24:42 DEBUG [Main] [Geode]:       Enabled DailyLevelPage::updateTimers hook at 0xba9120 for cvolton.betterinfo
20:24:42 DEBUG [Main] [Geode]:       Enabled EditLevelLayer::init hook at 0xbac8e0 for cvolton.betterinfo
20:24:42 DEBUG [Main] [Geode]:       Enabled EditLevelLayer::onLevelInfo hook at 0xbadb40 for cvolton.betterinfo
20:24:42 DEBUG [Main] [Geode]:       Enabled GJLevelList::showListInfo hook at 0xc2cef0 for cvolton.betterinfo
20:24:42 DEBUG [Main] [Geode]:       Enabled GJScoreCell::loadFromScore hook at 0xb965b0 for cvolton.betterinfo
20:24:42 DEBUG [Main] [Geode]:       Enabled GameLevelManager::getCompletedLevels hook at 0xc07790 for cvolton.betterinfo
20:24:42 DEBUG [Main] [Geode]:       Enabled GameLevelManager::getSavedLevels hook at 0xc07340 for cvolton.betterinfo
20:24:42 DEBUG [Main] [Geode]:       Enabled GameLevelManager::limitSavedLevels hook at 0xc09210 for cvolton.betterinfo
20:24:42 DEBUG [Main] [Geode]:       Enabled GameLevelManager::userNameForUserID hook at 0xc06290 for cvolton.betterinfo
20:24:42 DEBUG [Main] [Geode]:       Enabled InfoLayer::init hook at 0xd38810 for cvolton.betterinfo
20:24:42 DEBUG [Main] [Geode]:       Enabled InfoLayer::loadPage hook at 0xd3b340 for cvolton.betterinfo
20:24:42 DEBUG [Main] [Geode]:       Enabled InfoLayer::onLevelInfo hook at 0xd3ada0 for cvolton.betterinfo
20:24:42 DEBUG [Main] [Geode]:       Enabled InfoLayer::onMore hook at 0xd3aaa0 for cvolton.betterinfo
20:24:42 DEBUG [Main] [Geode]:       Enabled InfoLayer::setupCommentsBrowser hook at 0xd3b670 for cvolton.betterinfo
20:24:42 DEBUG [Main] [Geode]:       Enabled LeaderboardsLayer::init hook at 0xd3dc60 for cvolton.betterinfo
20:24:42 DEBUG [Main] [Geode]:       Enabled LevelAreaInnerLayer::init hook at 0xd411e0 for cvolton.betterinfo
20:24:42 DEBUG [Main] [Geode]:       Enabled LevelBrowserLayer::init hook at 0xd42e60 for cvolton.betterinfo
20:24:42 DEBUG [Main] [Geode]:       Enabled LevelBrowserLayer::onGoToPage hook at 0xd45c40 for cvolton.betterinfo
20:24:42 DEBUG [Main] [Geode]:       Enabled LevelBrowserLayer::setupPageInfo hook at 0xd459e0 for cvolton.betterinfo
20:24:42 DEBUG [Main] [Geode]:       Enabled LevelCell::loadCustomLevelCell hook at 0xb8da60 for cvolton.betterinfo
20:24:42 DEBUG [Main] [Geode]:       Enabled LevelCell::onViewProfile hook at 0xb90f70 for cvolton.betterinfo
20:24:42 DEBUG [Main] [Geode]:       Enabled LevelInfoLayer::init hook at 0xd616a0 for cvolton.betterinfo
20:24:42 DEBUG [Main] [Geode]:       Enabled LevelInfoLayer::onLevelInfo hook at 0xd66a70 for cvolton.betterinfo
20:24:42 DEBUG [Main] [Geode]:       Enabled LevelInfoLayer::onViewProfile hook at 0xd66a10 for cvolton.betterinfo
20:24:42 DEBUG [Main] [Geode]:       Enabled LevelInfoLayer::updateLabelValues hook at 0xd66d20 for cvolton.betterinfo
20:24:42 DEBUG [Main] [Geode]:       Enabled LevelLeaderboard::init hook at 0xd68060 for cvolton.betterinfo
20:24:42 DEBUG [Main] [Geode]:       Enabled LevelListCell::loadFromList hook at 0xb9b570 for cvolton.betterinfo
20:24:42 DEBUG [Main] [Geode]:       Enabled LevelPage::onInfo hook at 0xd7c400 for cvolton.betterinfo
20:24:42 DEBUG [Main] [Geode]:       Enabled LevelSearchLayer::getSearchObject hook at 0xd73ba0 for cvolton.betterinfo
20:24:42 DEBUG [Main] [Geode]:       Enabled MoreSearchLayer::init hook at 0xd756b0 for cvolton.betterinfo
20:24:42 DEBUG [Main] [Geode]:       Enabled MoreSearchLayer::onSongFilter hook at 0xd769e0 for cvolton.betterinfo
20:24:42 DEBUG [Main] [Geode]:       Enabled MoreSearchLayer::onSongMode hook at 0xd76c90 for cvolton.betterinfo
20:24:42 DEBUG [Main] [Geode]:       Enabled PlayLayer::destroyPlayer hook at 0xdf6730 for cvolton.betterinfo
20:24:42 DEBUG [Main] [Geode]:       Enabled PlayLayer::init hook at 0xdec4a0 for cvolton.betterinfo
20:24:42 DEBUG [Main] [Geode]:       Enabled PlayLayer::levelComplete hook at 0xdedb60 for cvolton.betterinfo
20:24:42 DEBUG [Main] [Geode]:       Enabled PlayLayer::onQuit hook at 0xdfb480 for cvolton.betterinfo
20:24:42 DEBUG [Main] [Geode]:       Enabled PlayLayer::resetLevel hook at 0xdfa130 for cvolton.betterinfo
20:24:42 DEBUG [Main] [Geode]:       Enabled ProfilePage::getUserInfoFailed hook at 0xe01e40 for cvolton.betterinfo
20:24:42 DEBUG [Main] [Geode]:       Enabled ProfilePage::init hook at 0xdfd080 for cvolton.betterinfo
20:24:42 DEBUG [Main] [Geode]:       Enabled ProfilePage::loadPageFromUserInfo hook at 0xdfdda0 for cvolton.betterinfo
20:24:42 DEBUG [Main] [Geode]:       Enabled ProfilePage::onClose hook at 0xe015e0 for cvolton.betterinfo
20:24:42 DEBUG [Main] [Geode]:       Enabled RewardsPage::init hook at 0xe067f0 for cvolton.betterinfo
20:24:42 DEBUG [Main] [Geode]:       Enabled MenuLayer::init hook at 0xd8b450 for cvolton.betterinfo
20:24:42 INFO  [Main] [Geode]: Took 0.054s
20:24:42 INFO  [Main] [Geode]: Continuing mod graph refresh...
20:24:42 DEBUG [Main] [Geode]:   Loading mods
20:24:42 DEBUG [Main] [Geode]:     bitz.customprofiles v1.0.5
20:24:42 DEBUG [Mod Unzip] [Geode]:  Unzip
20:24:42 DEBUG [Mod Unzip] [Geode]:  Same hash detected, skipping unzip
20:24:42 DEBUG [Main] [Geode]:       Load
20:24:42 DEBUG [Main] [Geode]:       Loading binary for mod bitz.customprofiles
20:24:42 DEBUG [Main] [Geode]:       Enabled GJAccountSettingsLayer::init hook at 0xd184f0 for bitz.customprofiles
20:24:42 DEBUG [Main] [Geode]:       Enabled GJAccountSettingsLayer::onClose hook at 0xd19db0 for bitz.customprofiles
20:24:42 DEBUG [Main] [Geode]:       Enabled InfoLayer::init hook at 0xd38810 for bitz.customprofiles
20:24:42 DEBUG [Main] [Geode]:       Enabled InfoLayer::setupCommentsBrowser hook at 0xd3b670 for bitz.customprofiles
20:24:42 DEBUG [Main] [Geode]:       Enabled ProfilePage::init hook at 0xdfd080 for bitz.customprofiles
20:24:42 DEBUG [Main] [Geode]:       Enabled ProfilePage::loadPageFromUserInfo hook at 0xdfdda0 for bitz.customprofiles
20:24:42 DEBUG [Main] [Geode]:       Enabled ProfilePage::onUpdate hook at 0xdfdb10 for bitz.customprofiles
20:24:42 DEBUG [Main] [Geode]:       Enabled ProfilePage::setupCommentsBrowser hook at 0xe02160 for bitz.customprofiles
20:24:42 DEBUG [Main] [Geode]:       Enabled CommentCell::draw hook at 0xb8d5b0 for bitz.customprofiles
20:24:42 DEBUG [Main] [Geode]:       Enabled CommentCell::loadFromComment hook at 0xb94490 for bitz.customprofiles
20:24:42 DEBUG [Main] [Geode]:       Enabled CommentCell::updateBGColor hook at 0xb96090 for bitz.customprofiles
20:24:42 INFO  [Main] [Geode]: Took 0.04s
20:24:42 INFO  [Main] [Geode]: Continuing mod graph refresh...
20:24:42 DEBUG [Main] [Geode]:   Loading mods
20:24:42 DEBUG [Main] [Geode]:     hjfod.gdshare v1.0.4 has unresolved dependencies
20:24:42 INFO  [Main] [Geode]: Took 0.016s
20:24:42 INFO  [Main] [Geode]: Continuing mod graph refresh...
20:24:42 DEBUG [Main] [Geode]:   Loading mods
20:24:42 DEBUG [Main] [Geode]:     alphalaneous.projectedstars v1.1.2
20:24:42 DEBUG [Mod Unzip] [Geode]:  Unzip
20:24:42 DEBUG [Mod Unzip] [Geode]:  Hash mismatch detected, unzipping
20:24:42 DEBUG [Main] [Geode]:       Load
20:24:42 DEBUG [Main] [Geode]:       Loading binary for mod alphalaneous.projectedstars
20:24:43 DEBUG [Main] [Geode]:       Enabled LevelInfoLayer::init hook at 0xd616a0 for alphalaneous.projectedstars
20:24:43 INFO  [Main] [Geode]: Took 0.425s
20:24:43 INFO  [Main] [Geode]: Continuing mod graph refresh...
20:24:43 DEBUG [Main] [Geode]:   Loading mods
20:24:43 DEBUG [Main] [Geode]:     beat.click-sound v1.4.1
20:24:43 DEBUG [Mod Unzip] [Geode]:  Unzip
20:24:43 DEBUG [Mod Unzip] [Geode]:  Hash mismatch detected, unzipping
20:24:44 DEBUG [Main] [Geode]:       Load
20:24:44 DEBUG [Main] [Geode]:       Loading binary for mod beat.click-sound
20:24:44 DEBUG [Main] [Geode]:       Enabled PlayerObject::pushButton hook at 0xde1d30 for beat.click-sound
20:24:44 DEBUG [Main] [Geode]:       Enabled PlayerObject::releaseButton hook at 0xde1f70 for beat.click-sound
20:24:44 DEBUG [Main] [Geode]:       Enabled PauseLayer::customSetup hook at 0xdc89f0 for beat.click-sound
20:24:44 DEBUG [Main] [Geode]:       Enabled ProfilePage::init hook at 0xdfd080 for beat.click-sound
20:24:44 DEBUG [Main] [Geode]:       Enabled EndLevelLayer::customSetup hook at 0xbf74f0 for beat.click-sound
20:24:44 INFO  [Main] [Geode]: Took 1.536s
20:24:44 INFO  [Main] [Geode]: Continuing mod graph refresh...
20:24:44 DEBUG [Main] [Geode]:   Loading mods
20:24:44 DEBUG [Main] [Geode]:     hjfod.gmd-api v1.0.1
20:24:44 DEBUG [Mod Unzip] [Geode]:  Unzip
20:24:44 DEBUG [Mod Unzip] [Geode]:  Same hash detected, skipping unzip
20:24:44 DEBUG [Main] [Geode]:       Load
20:24:44 DEBUG [Main] [Geode]:       Loading binary for mod hjfod.gmd-api
20:24:44 INFO  [Main] [Geode]: Took 0.054s
20:24:44 INFO  [Main] [Geode]: Continuing mod graph refresh...
20:24:44 DEBUG [Main] [Geode]:   Loading mods
20:24:44 DEBUG [Main] [Geode]:     hjfod.gdshare v1.0.4
20:24:44 DEBUG [Mod Unzip] [Geode]:  Unzip
20:24:44 DEBUG [Mod Unzip] [Geode]:  Same hash detected, skipping unzip
20:24:44 DEBUG [Main] [Geode]:       Load
20:24:44 DEBUG [Main] [Geode]:       Loading binary for mod hjfod.gdshare
20:24:44 DEBUG [Main] [Geode]:       Enabled EditLevelLayer::init hook at 0xbac8e0 for hjfod.gdshare
20:24:44 DEBUG [Main] [Geode]:       Enabled LevelInfoLayer::init hook at 0xd616a0 for hjfod.gdshare
20:24:44 DEBUG [Main] [Geode]:       Enabled LevelBrowserLayer::init hook at 0xd42e60 for hjfod.gdshare
20:24:44 INFO  [Main] [Geode]: Took 0.052s
20:24:44 INFO  [Main] [Geode]: Continuing mod graph refresh...
20:24:44 DEBUG [Main] [Geode]:   Loading mods
20:24:44 DEBUG [Main] [Geode]:     redlime.statchanges v1.1.0
20:24:44 INFO  [Main] [Geode]: Took 0.016s
20:24:44 INFO  [Main] [Geode]: Continuing mod graph refresh...
20:24:44 DEBUG [Main] [Geode]:   Loading mods
20:24:44 DEBUG [Main] [Geode]:     thesillydoggo.animatedprofiles v1.0.1
20:24:44 INFO  [Main] [Geode]: Took 0.016s
20:24:44 INFO  [Main] [Geode]: Continuing mod graph refresh...
20:24:44 DEBUG [Main] [Geode]:   Loading mods
20:24:44 DEBUG [Main] [Geode]:     thesillydoggo.entersearch v1.0.0
20:24:44 DEBUG [Mod Unzip] [Geode]:  Unzip
20:24:44 DEBUG [Mod Unzip] [Geode]:  Hash mismatch detected, unzipping
20:24:44 DEBUG [Main] [Geode]:       Load
20:24:44 DEBUG [Main] [Geode]:       Loading binary for mod thesillydoggo.entersearch
20:24:45 DEBUG [Main] [Geode]:       Enabled FLAlertLayer::init hook at 0xb40f60 for thesillydoggo.entersearch
20:24:45 DEBUG [Main] [Geode]:       Enabled LevelSearchLayer::init hook at 0xd70f10 for thesillydoggo.entersearch
20:24:45 DEBUG [Main] [Geode]:       Enabled ShareCommentLayer::init hook at 0xe96490 for thesillydoggo.entersearch
20:24:45 DEBUG [Main] [Geode]:       Enabled cocos2d::CCKeyboardDispatcher::dispatchKeyboardMSG hook at 0x7419be70 for thesillydoggo.entersearch
20:24:45 INFO  [Main] [Geode]: Took 0.292s
20:24:45 INFO  [Main] [Geode]: Continuing mod graph refresh...
20:24:45 DEBUG [Main] [Geode]:   Loading mods
20:24:45 DEBUG [Main] [Geode]:     TheSillyDoggo.GradientPages v2.1.0
20:24:45 DEBUG [Mod Unzip] [Geode]:  Unzip
20:24:45 DEBUG [Mod Unzip] [Geode]:  Same hash detected, skipping unzip
20:24:45 DEBUG [Main] [Geode]:       Load
20:24:45 DEBUG [Main] [Geode]:       Loading binary for mod TheSillyDoggo.GradientPages
20:24:45 DEBUG [Main] [Geode]:       Enabled ProfilePage::init hook at 0xdfd080 for TheSillyDoggo.GradientPages
20:24:45 DEBUG [Main] [Geode]:       Enabled ProfilePage::loadPageFromUserInfo hook at 0xdfdda0 for TheSillyDoggo.GradientPages
20:24:45 DEBUG [Main] [Geode]:       Enabled GJAccountSettingsLayer::init hook at 0xd184f0 for TheSillyDoggo.GradientPages
20:24:45 DEBUG [Main] [Geode]:       Enabled FRequestProfilePage::init hook at 0xbfef90 for TheSillyDoggo.GradientPages
20:24:45 DEBUG [Main] [Geode]:       Enabled MessagesProfilePage::init hook at 0xd8d1c0 for TheSillyDoggo.GradientPages
20:24:45 DEBUG [Main] [Geode]:       Enabled FriendsProfilePage::init hook at 0xc00a10 for TheSillyDoggo.GradientPages
20:24:45 DEBUG [Main] [Geode]:       Enabled InfoLayer::init hook at 0xd38810 for TheSillyDoggo.GradientPages
20:24:45 DEBUG [Main] [Geode]:       Enabled GJCommentListLayer::create hook at 0xd17dc0 for TheSillyDoggo.GradientPages
20:24:45 DEBUG [Main] [Geode]:       Enabled ItemInfoPopup::init hook at 0xd05b80 for TheSillyDoggo.GradientPages
20:24:45 DEBUG [Main] [Geode]:       Enabled ShardsPage::init hook at 0xe94320 for TheSillyDoggo.GradientPages
20:24:45 DEBUG [Main] [Geode]:       Enabled CommunityCreditsPage::init hook at 0xb78b10 for TheSillyDoggo.GradientPages
20:24:45 DEBUG [Main] [Geode]:       Enabled DemonFilterSelectLayer::init hook at 0xd773e0 for TheSillyDoggo.GradientPages
20:24:45 DEBUG [Main] [Geode]:       Enabled MoreSearchLayer::init hook at 0xd756b0 for TheSillyDoggo.GradientPages
20:24:45 DEBUG [Main] [Geode]:       Enabled ChallengesPage::init hook at 0xb6c560 for TheSillyDoggo.GradientPages
20:24:45 DEBUG [Main] [Geode]:       Enabled SetIDPopup::init hook at 0xd1f980 for TheSillyDoggo.GradientPages
20:24:45 INFO  [Main] [Geode]: Took 0.05s
20:24:45 INFO  [Main] [Geode]: Continuing mod graph refresh...
20:24:45 DEBUG [Main] [Geode]:   Loading mods
20:24:45 DEBUG [Main] [Geode]:     thesillydoggo.moretags v1.2.0
20:24:45 INFO  [Main] [Geode]: Took 0.015s
20:24:45 INFO  [Main] [Geode]: Continuing mod graph refresh...
20:24:45 DEBUG [Main] [Geode]:   Loading mods
20:24:45 DEBUG [Main] [Geode]:     xanii.youtubers v1.0.0
20:24:45 DEBUG [Mod Unzip] [Geode]:  Unzip
20:24:45 DEBUG [Mod Unzip] [Geode]:  Hash mismatch detected, unzipping
20:24:45 DEBUG [Main] [Geode]:       Load
20:24:45 DEBUG [Main] [Geode]:       Loading binary for mod xanii.youtubers
20:24:45 DEBUG [Main] [Geode]:       Enabled ProfilePage::setupPageInfo hook at 0xe02350 for xanii.youtubers
20:24:45 INFO  [Main] [Geode]: Took 0.436s
20:24:45 INFO  [Main] [Geode]: Continuing mod graph refresh...
20:24:45 DEBUG [Main] [Geode]:   Finding problems
20:24:45 DEBUG [Main] [Geode]:     geode.loader
20:24:45 DEBUG [Main] [Geode]:     beat.click-sound
20:24:45 DEBUG [Main] [Geode]:     mat.run-info
20:24:45 DEBUG [Main] [Geode]:     alphalaneous.projectedstars
20:24:45 DEBUG [Main] [Geode]:     elohmrow.death_tracker
20:24:45 DEBUG [Main] [Geode]:     absolllute.megahack
20:24:45 DEBUG [Main] [Geode]:     abb2k.backup
20:24:45 DEBUG [Main] [Geode]:     adyagd.godlikefaces
20:24:45 DEBUG [Main] [Geode]:     hjfod.gdshare
20:24:45 DEBUG [Main] [Geode]:     adyagd.ingamelistmod
20:24:45 DEBUG [Main] [Geode]:     bitz.customprofiles
20:24:45 DEBUG [Main] [Geode]:     capeling.icon_profile_2.2
20:24:45 DEBUG [Main] [Geode]:     coderqc.gdswearfilter
20:24:45 DEBUG [Main] [Geode]:     colon.gold_user_coins
20:24:45 DEBUG [Main] [Geode]:     cvolton.betterinfo
20:24:45 DEBUG [Main] [Geode]:     dankmeme.globed2
20:24:45 ERROR [Main] [Geode]:       dankmeme.globed2 breaks thesillydoggo.moretags *
20:24:45 DEBUG [Main] [Geode]:     elnexreal.copy_song_id
20:24:45 DEBUG [Main] [Geode]:     gdutilsdevs.gdutils
20:24:45 DEBUG [Main] [Geode]:     thesillydoggo.better_startpos_menu
20:24:45 DEBUG [Main] [Geode]:     geode.custom-keybinds
20:24:45 DEBUG [Main] [Geode]:     geode.node-ids
20:24:45 DEBUG [Main] [Geode]:     hjfod.gmd-api
20:24:45 DEBUG [Main] [Geode]:     redlime.statchanges
20:24:45 DEBUG [Main] [Geode]:     thesillydoggo.animatedprofiles
20:24:45 DEBUG [Main] [Geode]:     thesillydoggo.entersearch
20:24:45 DEBUG [Main] [Geode]:     TheSillyDoggo.GradientPages
20:24:45 DEBUG [Main] [Geode]:     thesillydoggo.moretags
20:24:45 DEBUG [Main] [Geode]:     xanii.youtubers
20:24:45 INFO  [Main] [Geode]:   Took 0.005s
20:24:45 DEBUG [Main] [Geode]: Verifying Loader Resources
20:24:45 DEBUG [Main] [Geode]: Loading Loader Resources
20:24:45 DEBUG [Main] [Geode]: Loading mod resources
20:24:45 DEBUG [Main] [Geode]: Adding resources
20:24:45 DEBUG [Main] [Geode]:   geode.loader
20:24:45 DEBUG [Main] [Geode]:     Adding sheet geode.loader/LogoSheet
20:24:45 DEBUG [Main] [Geode]:     Adding sheet geode.loader/APISheet
20:24:45 DEBUG [Main] [Geode]:     Adding sheet geode.loader/BlankSheet
20:24:46 DEBUG [Main] [Geode]:   adyagd.godlikefaces
20:24:46 DEBUG [Main] [Geode]:     Adding sheet adyagd.godlikefaces/GodlikeDiffSheet
20:24:46 DEBUG [Main] [Geode]:   hjfod.gdshare
20:24:46 DEBUG [Main] [Geode]:     Adding sheet hjfod.gdshare/GDShare
20:24:46 DEBUG [Main] [Geode]:   dankmeme.globed2
20:24:46 DEBUG [Main] [Geode]:     Adding sheet dankmeme.globed2/globedsheet1
20:24:46 DEBUG [Main] [Geode]:   geode.custom-keybinds
20:24:46 DEBUG [Main] [Geode]:     Adding sheet geode.custom-keybinds/KB_ControllerSheet
20:24:46 DEBUG [Main] [Geode]:   TheSillyDoggo.GradientPages
20:24:46 DEBUG [Main] [Geode]:     Adding sheet TheSillyDoggo.GradientPages/UISheet
20:24:57 DEBUG [Main] [Geode]: Checking updates for index
20:24:58 DEBUG [Main] [Geode]: Enabled FMODChannelControl::setVolume hook at 0x6907b180 for absolllute.megahack
20:24:58 DEBUG [Main] [Geode]: Enabled FMODChannelControl::setPitch hook at 0x6907af00 for absolllute.megahack
20:24:58 DEBUG [Main] [Geode]: Enabled cocos2dCCParticleSystem::loadScaledDefaults hook at 0x741bbba0 for absolllute.megahack
20:24:58 DEBUG [Main] [Geode]: Enabled cocos2dCCTransitionFade::create hook at 0x741a7710 for absolllute.megahack
20:24:58 DEBUG [Main] [Geode]: Enabled cocos2dCCTransitionMoveInT::create hook at 0x741a81f0 for absolllute.megahack
20:24:58 DEBUG [Main] [Geode]: Enabled cocos2dCCDirector::drawScene hook at 0x74202ae0 for absolllute.megahack
20:24:58 DEBUG [Main] [Geode]: Enabled cocos2dCCScheduler::update hook at 0x74206db0 for absolllute.megahack
20:24:58 DEBUG [Main] [Geode]: Enabled cocos2dCCIMEDelegate::attachWithIME hook at 0x741f9ea0 for absolllute.megahack
20:24:58 DEBUG [Main] [Geode]: Enabled cocos2dCCIMEDelegate::detachWithIME hook at 0x741f9f20 for absolllute.megahack
20:24:58 DEBUG [Main] [Geode]: Enabled AppDelegate::trySaveGame hook at 0xb6b790 for absolllute.megahack
20:24:58 DEBUG [Main] [Geode]: Enabled GameStatsManager::isItemUnlocked hook at 0xc86570 for absolllute.megahack
20:24:58 DEBUG [Main] [Geode]: Enabled ColorAction::setupFromString hook at 0x10e9950 for absolllute.megahack
20:24:58 DEBUG [Main] [Geode]: Enabled GameObject::createWithKey hook at 0xc40330 for absolllute.megahack
20:24:58 DEBUG [Main] [Geode]: Enabled UILayer::init hook at 0xecec10 for absolllute.megahack
20:24:58 DEBUG [Main] [Geode]: Enabled UILayer::keyDown hook at 0xecf930 for absolllute.megahack
20:24:58 DEBUG [Main] [Geode]: Enabled UILayer::keyUp hook at 0xecf950 for absolllute.megahack
20:24:58 DEBUG [Main] [Geode]: Enabled PauseLayer::customSetup hook at 0xdc89f0 for absolllute.megahack
20:24:58 DEBUG [Main] [Geode]: Enabled PauseLayer::onResume hook at 0xdc9f30 for absolllute.megahack
20:24:58 DEBUG [Main] [Geode]: Enabled EndLevelLayer::customSetup hook at 0xbf74f0 for absolllute.megahack
20:24:58 DEBUG [Main] [Geode]: Enabled EndLevelLayer::keyDown hook at 0xbfa310 for absolllute.megahack
20:24:58 DEBUG [Main] [Geode]: Enabled ShaderLayer::visit hook at 0xe93810 for absolllute.megahack
20:24:58 DEBUG [Main] [Geode]: Enabled LevelInfoLayer::onPlay hook at 0xd655b0 for absolllute.megahack
20:24:58 DEBUG [Main] [Geode]: Enabled PlayerObject::togglePlayerScale hook at 0xde9170 for absolllute.megahack
20:24:58 DEBUG [Main] [Geode]: Enabled GJBaseGameLayer::handleButton hook at 0xcc69f0 for absolllute.megahack
20:24:58 DEBUG [Main] [Geode]: Enabled GJBaseGameLayer::processCommands hook at 0xccd240 for absolllute.megahack
20:24:58 DEBUG [Main] [Geode]: Enabled GJBaseGameLayer::resetLevelVariables hook at 0xccdb10 for absolllute.megahack
20:24:58 DEBUG [Main] [Geode]: Enabled GJBaseGameLayer::init hook at 0xca0290 for absolllute.megahack
20:24:58 DEBUG [Main] [Geode]: Enabled GJBaseGameLayer::visit hook at 0xcd8ea0 for absolllute.megahack
20:24:58 DEBUG [Main] [Geode]: Enabled PlayLayer::_destructor hook at 0xdec080 for absolllute.megahack
20:24:58 DEBUG [Main] [Geode]: Enabled PlayLayer::init hook at 0xdec4a0 for absolllute.megahack
20:24:58 DEBUG [Main] [Geode]: Enabled PlayLayer::startGame hook at 0xdedab0 for absolllute.megahack
20:24:58 DEBUG [Main] [Geode]: Enabled PlayLayer::onQuit hook at 0xdfb480 for absolllute.megahack
20:24:58 DEBUG [Main] [Geode]: Enabled PlayLayer::postUpdate hook at 0xdf7220 for absolllute.megahack
20:24:58 DEBUG [Main] [Geode]: Enabled PlayLayer::addObject hook at 0xdf19b0 for absolllute.megahack
20:24:58 DEBUG [Main] [Geode]: Enabled PlayLayer::destroyPlayer hook at 0xdf6730 for absolllute.megahack
20:24:58 DEBUG [Main] [Geode]: Enabled PlayLayer::resetLevel hook at 0xdfa130 for absolllute.megahack
20:24:58 DEBUG [Main] [Geode]: Enabled PlayLayer::updateAttempts hook at 0xdfab40 for absolllute.megahack
20:24:58 DEBUG [Main] [Geode]: Enabled PlayLayer::pauseGame hook at 0xdfae80 for absolllute.megahack
20:24:58 DEBUG [Main] [Geode]: Enabled PlayLayer::createCheckpoint hook at 0xdf76e0 for absolllute.megahack
20:24:58 DEBUG [Main] [Geode]: Enabled PlayLayer::markCheckpoint hook at 0xdf8550 for absolllute.megahack
20:24:58 DEBUG [Main] [Geode]: Enabled PlayLayer::storeCheckpoint hook at 0xdf84a0 for absolllute.megahack
20:24:58 DEBUG [Main] [Geode]: Enabled PlayLayer::playEndAnimationToPos hook at 0xdefe00 for absolllute.megahack
20:24:58 DEBUG [Main] [Geode]: Enabled PlayLayer::playPlatformerEndAnimationToPos hook at 0xdf05e0 for absolllute.megahack
20:24:58 DEBUG [Main] [Geode]: Enabled PlayLayer::applyEnterEffect hook at 0xdf47d0 for absolllute.megahack
20:24:58 DEBUG [Main] [Geode]: Enabled PlayLayer::applyCustomEnterEffect hook at 0xdf3f50 for absolllute.megahack
20:24:58 DEBUG [Main] [Geode]: Enabled PlayLayer::updateProgressbar hook at 0xdf5440 for absolllute.megahack
20:24:58 INFO  [Main] [BetterInfo]: Music Library response: 1
20:24:58 DEBUG [Index Update] [Geode]: Updating local index cache
20:25:01 DEBUG [Index Update] [Geode]:   Done
20:25:32 INFO  [Main] [Geode]: Saving mod data...
20:25:32 DEBUG [Main] [Geode]:   geode.loader
20:25:32 DEBUG [Main] [Geode]:     Check covered
20:25:32 DEBUG [Main] [Geode]:     Check if auto-check-updates is saved
20:25:32 DEBUG [Main] [Geode]:     Check if show-platform-console is saved
20:25:32 DEBUG [Main] [Geode]:     Check if disable-last-crashed-popup is saved
20:25:32 DEBUG [Main] [Geode]:     Check if auto-update-mods is saved
20:25:32 DEBUG [Main] [Geode]:   beat.click-sound
20:25:32 DEBUG [Main] [Geode]:     Check covered
20:25:32 DEBUG [Main] [Geode]:   mat.run-info
20:25:32 DEBUG [Main] [Geode]:     Check covered
20:25:32 DEBUG [Main] [Geode]:     Check if show-mode is saved
20:25:32 DEBUG [Main] [Geode]:     Check if position-top is saved
20:25:32 DEBUG [Main] [Geode]:     Check if position-left is saved
20:25:32 DEBUG [Main] [Geode]:     Check if show-icon is saved
20:25:32 DEBUG [Main] [Geode]:     Check if show-from is saved
20:25:32 DEBUG [Main] [Geode]:     Check if use-start-pos is saved
20:25:32 DEBUG [Main] [Geode]:   alphalaneous.projectedstars
20:25:32 DEBUG [Main] [Geode]:     Check covered
20:25:32 DEBUG [Main] [Geode]:   elohmrow.death_tracker
20:25:32 DEBUG [Main] [Geode]:     Check covered
20:25:32 DEBUG [Main] [Geode]:     Check if disable-tracking-completed-levels is saved
20:25:32 DEBUG [Main] [Geode]:   absolllute.megahack
20:25:32 DEBUG [Main] [Geode]:     Check covered
20:25:32 DEBUG [Main] [Geode]:   abb2k.backup
20:25:32 DEBUG [Main] [Geode]:     Check covered
20:25:32 DEBUG [Main] [Geode]:     Check if Max_Auto_Backups is saved
20:25:32 DEBUG [Main] [Geode]:     Check if Auto_Backup is saved
20:25:32 DEBUG [Main] [Geode]:     Check if Button_In_Options_Menu is saved
20:25:32 DEBUG [Main] [Geode]:   adyagd.godlikefaces
20:25:32 DEBUG [Main] [Geode]:     Check covered
20:25:32 DEBUG [Main] [Geode]:   hjfod.gdshare
20:25:32 DEBUG [Main] [Geode]:     Check covered
20:25:32 DEBUG [Main] [Geode]:   adyagd.ingamelistmod
20:25:32 DEBUG [Main] [Geode]:     Check covered
20:25:32 DEBUG [Main] [Geode]:   bitz.customprofiles
20:25:32 DEBUG [Main] [Geode]:     Check covered
20:25:32 DEBUG [Main] [Geode]:     Check if Normal-colors is saved
20:25:32 DEBUG [Main] [Geode]:     Check if No-corners is saved
20:25:32 DEBUG [Main] [Geode]:     Check if Disable-info-button is saved
20:25:32 DEBUG [Main] [Geode]:     Check if Invert-Colors is saved
20:25:32 DEBUG [Main] [Geode]:     Check if Round-corners is saved
20:25:32 DEBUG [Main] [Geode]:     Check if Square-corners is saved
20:25:32 DEBUG [Main] [Geode]:     Check if Animate-colors is saved
20:25:32 DEBUG [Main] [Geode]:   capeling.icon_profile_2.2
20:25:32 DEBUG [Main] [Geode]:     Check covered
20:25:32 DEBUG [Main] [Geode]:   coderqc.gdswearfilter
20:25:32 DEBUG [Main] [Geode]:     Check covered
20:25:32 DEBUG [Main] [Geode]:   colon.gold_user_coins
20:25:32 DEBUG [Main] [Geode]:     Check covered
20:25:32 DEBUG [Main] [Geode]:   cvolton.betterinfo
20:25:32 DEBUG [Main] [Geode]:     Check covered
20:25:32 DEBUG [Main] [Geode]:     Check if fix-green-users is saved
20:25:32 DEBUG [Main] [Geode]:     Check if show-comment-ids is saved
20:25:32 DEBUG [Main] [Geode]:     Check if white-id is saved
20:25:32 DEBUG [Main] [Geode]:     Check if level-info is saved
20:25:32 DEBUG [Main] [Geode]:     Check if alt-button is saved
20:25:32 DEBUG [Main] [Geode]:     Check if auto-submit is saved
20:25:32 DEBUG [Main] [Geode]:   dankmeme.globed2
20:25:32 DEBUG [Main] [Geode]:     Check covered
20:25:32 DEBUG [Main] [Geode]:   elnexreal.copy_song_id
20:25:32 DEBUG [Main] [Geode]:     Check covered
20:25:32 DEBUG [Main] [Geode]:   gdutilsdevs.gdutils
20:25:32 DEBUG [Main] [Geode]:     Check covered
20:25:32 DEBUG [Main] [Geode]:     Check if everywhereElse is saved
20:25:32 DEBUG [Main] [Geode]:     Check if weekly is saved
20:25:32 DEBUG [Main] [Geode]:     Check if daily is saved
20:25:32 DEBUG [Main] [Geode]:     Check if spotify-section is saved
20:25:32 DEBUG [Main] [Geode]:     Check if inEditor is saved
20:25:32 DEBUG [Main] [Geode]:     Check if inLevels is saved
20:25:32 DEBUG [Main] [Geode]:     Check if misc-section is saved
20:25:32 DEBUG [Main] [Geode]:     Check if customDifficultyFaces is saved
20:25:32 DEBUG [Main] [Geode]:     Check if newRate is saved
20:25:32 DEBUG [Main] [Geode]:     Check if sfx is saved
20:25:32 DEBUG [Main] [Geode]:     Check if spotifyApp is saved
20:25:32 DEBUG [Main] [Geode]:     Check if size is saved
20:25:32 DEBUG [Main] [Geode]:     Check if time is saved
20:25:32 DEBUG [Main] [Geode]:     Check if test-notification is saved
20:25:32 DEBUG [Main] [Geode]:     Check if demonListPlacement is saved
20:25:32 DEBUG [Main] [Geode]:     Check if inEditorSpotify is saved
20:25:32 DEBUG [Main] [Geode]:     Check if inLevelsSpotify is saved
20:25:32 DEBUG [Main] [Geode]:     Check if friendSearch is saved
20:25:32 DEBUG [Main] [Geode]:     Check if notificationPlacement is saved
20:25:32 DEBUG [Main] [Geode]:     Check if notification-section is saved
20:25:32 DEBUG [Main] [Geode]:     Check if notification-placement-section is saved
20:25:32 DEBUG [Main] [Geode]:     Check if notification-appearance-section is saved
20:25:32 DEBUG [Main] [Geode]:     Check if credits-section is saved
20:25:32 DEBUG [Main] [Geode]:     Check if credit-buttons is saved
20:25:32 DEBUG [Main] [Geode]:   thesillydoggo.better_startpos_menu
20:25:32 DEBUG [Main] [Geode]:     Check covered
20:25:32 DEBUG [Main] [Geode]:   geode.custom-keybinds
20:25:32 DEBUG [Main] [Geode]:     Check covered
20:25:32 DEBUG [Main] [Geode]:   geode.node-ids
20:25:32 DEBUG [Main] [Geode]:     Check covered
20:25:32 DEBUG [Main] [Geode]:   hjfod.gmd-api
20:25:32 DEBUG [Main] [Geode]:     Check covered
20:25:32 DEBUG [Main] [Geode]:   redlime.statchanges
20:25:32 DEBUG [Main] [Geode]:     Check covered
20:25:32 DEBUG [Main] [Geode]:   thesillydoggo.animatedprofiles
20:25:32 DEBUG [Main] [Geode]:     Check covered
20:25:32 DEBUG [Main] [Geode]:   thesillydoggo.entersearch
20:25:32 DEBUG [Main] [Geode]:     Check covered
20:25:32 DEBUG [Main] [Geode]:   TheSillyDoggo.GradientPages
20:25:32 DEBUG [Main] [Geode]:     Check covered
20:25:32 DEBUG [Main] [Geode]:     Check if apply-filter is saved
20:25:32 DEBUG [Main] [Geode]:     Check if apply-credits is saved
20:25:32 DEBUG [Main] [Geode]:     Check if apply-profiles is saved
20:25:32 DEBUG [Main] [Geode]:     Check if apply-unlock is saved
20:25:32 DEBUG [Main] [Geode]:     Check if apply-info-layer is saved
20:25:32 DEBUG [Main] [Geode]:     Check if apply-pagesel is saved
20:25:32 DEBUG [Main] [Geode]:     Check if apply-shards is saved
20:25:32 DEBUG [Main] [Geode]:     Check if apply-demon is saved
20:25:32 DEBUG [Main] [Geode]:     Check if apply-quests is saved
20:25:32 DEBUG [Main] [Geode]:     Check if reverse-order is saved
20:25:32 DEBUG [Main] [Geode]:     Check if use-custom-colours is saved
20:25:32 DEBUG [Main] [Geode]:     Check if primary-colour is saved
20:25:32 DEBUG [Main] [Geode]:     Check if secondary-colour is saved
20:25:32 DEBUG [Main] [Geode]:   thesillydoggo.moretags
20:25:32 DEBUG [Main] [Geode]:     Check covered
20:25:32 DEBUG [Main] [Geode]:   xanii.youtubers
20:25:32 DEBUG [Main] [Geode]:     Check covered
20:25:32 INFO  [Main] [Geode]:   Took 0.11s
