18:53:10 INFO  [Main] [Geode]: Running Geode v2.0.0-beta.20 in Geometry Dash v2.204
18:53:10 INFO  [Main] [Geode]: Setting up internal mod
18:53:10 INFO  [Main] [Geode]: Setting up loader
18:53:10 DEBUG [Main] [Geode]:   Loading launch arguments
18:53:10 DEBUG [Main] [Geode]:   Setting up crash handler
18:53:10 DEBUG [Main] [Geode]:   Loading hooks
18:53:10 DEBUG [Main] [Geode]:     Enabled cocos2d::CCFileUtils::fullPathForFilename hook at 0x68130f40 for geode.loader
18:53:10 DEBUG [Main] [Geode]:     Enabled cocos2d::CCFileUtils::sharedFileUtils hook at 0x68139770 for geode.loader
18:53:10 DEBUG [Main] [Geode]:     Enabled cocos2d::CCNode::getUserObject hook at 0x681831f0 for geode.loader
18:53:10 DEBUG [Main] [Geode]:     Enabled cocos2d::CCNode::setUserObject hook at 0x680d15a0 for geode.loader
18:53:10 DEBUG [Main] [Geode]:     Enabled LoadingLayer::init hook at 0x1016370 for geode.loader
18:53:10 DEBUG [Main] [Geode]:     Enabled LoadingLayer::loadAssets hook at 0x1016bd0 for geode.loader
18:53:10 DEBUG [Main] [Geode]:     Enabled MenuLayer::init hook at 0x101b450 for geode.loader
18:53:10 DEBUG [Main] [Geode]:     Enabled ProfilePage::getUserInfoFinished hook at 0x1091db0 for geode.loader
18:53:10 DEBUG [Main] [Geode]:     Enabled AchievementNotifier::willSwitchToScene hook at 0xdbc200 for geode.loader
18:53:10 DEBUG [Main] [Geode]:     Enabled AppDelegate::trySaveGame hook at 0xdfb790 for geode.loader
18:53:10 DEBUG [Main] [Geode]:     Enabled cocos2d::CCScheduler::update hook at 0x68176db0 for geode.loader
18:53:10 DEBUG [Main] [Geode]:     Enabled CCTextInputNode::ccTouchBegan hook at 0xdd04f0 for geode.loader
18:53:10 DEBUG [Main] [Geode]:     Enabled LoadingLayer::loadAssets hook at 0x1016bd0 for geode.loader
18:53:10 DEBUG [Main] [Geode]:   Setting up directories
18:53:10 INFO  [Main] [Geode]:   Refreshing mod graph
18:53:10 DEBUG [Main] [Geode]:     Queueing mods
18:53:10 DEBUG [Main] [Geode]:       Searching C:\Program Files (x86)\Steam\steamapps\common\Geometry Dash\geode\mods
18:53:10 DEBUG [Main] [Geode]:         Found abb2k.backup.geode
18:53:10 DEBUG [Main] [Geode]:           id: abb2k.backup
18:53:10 DEBUG [Main] [Geode]:           version: v1.0.4
18:53:10 DEBUG [Main] [Geode]:           early: no
18:53:10 DEBUG [Main] [Geode]:         Found absolllute.megahack.geode
18:53:10 DEBUG [Main] [Geode]:           id: absolllute.megahack
18:53:10 DEBUG [Main] [Geode]:           version: v8.0.0-alpha.10
18:53:10 DEBUG [Main] [Geode]:           early: yes
18:53:10 DEBUG [Main] [Geode]:         Found adyagd.godlikefaces.geode
18:53:10 DEBUG [Main] [Geode]:           id: adyagd.godlikefaces
18:53:10 DEBUG [Main] [Geode]:           version: v1.1.1
18:53:10 DEBUG [Main] [Geode]:           early: no
18:53:10 DEBUG [Main] [Geode]:         Found alk.editorcollab.geode
18:53:11 ERROR [Main] [Geode]:           Failed to queue: "C:\Program Files (x86)\Steam\steamapps\common\Geometry Dash\geode\mods\alk.editorcollab.geode" - [mod.json] is missing target GD version
18:53:11 DEBUG [Main] [Geode]:         Found alk.fps-shower.geode
18:53:11 ERROR [Main] [Geode]:           Failed to queue: "C:\Program Files (x86)\Steam\steamapps\common\Geometry Dash\geode\mods\alk.fps-shower.geode" - [mod.json] is missing target GD version
18:53:11 DEBUG [Main] [Geode]:         Found alphalaneous.integratedloquibot.geode
18:53:11 DEBUG [Main] [Geode]:           id: alphalaneous.integratedloquibot
18:53:11 DEBUG [Main] [Geode]:           version: v1.3.4
18:53:11 DEBUG [Main] [Geode]:           early: no
18:53:11 DEBUG [Main] [Geode]:         Found alphalaneous.projectedstars.geode
18:53:11 DEBUG [Main] [Geode]:           id: alphalaneous.projectedstars
18:53:11 DEBUG [Main] [Geode]:           version: v1.1.2
18:53:11 DEBUG [Main] [Geode]:           early: no
18:53:11 DEBUG [Main] [Geode]:         Found beat.click-sound.geode
18:53:11 DEBUG [Main] [Geode]:           id: beat.click-sound
18:53:11 DEBUG [Main] [Geode]:           version: v1.4.1
18:53:11 DEBUG [Main] [Geode]:           early: no
18:53:11 DEBUG [Main] [Geode]:         Found bitz.customprofiles.geode
18:53:11 DEBUG [Main] [Geode]:           id: bitz.customprofiles
18:53:11 DEBUG [Main] [Geode]:           version: v1.0.5
18:53:11 DEBUG [Main] [Geode]:           early: no
18:53:11 DEBUG [Main] [Geode]:         Found camila314.acbypass.geode
18:53:11 ERROR [Main] [Geode]:           Failed to queue: "C:\Program Files (x86)\Steam\steamapps\common\Geometry Dash\geode\mods\camila314.acbypass.geode" - [mod.json] is missing target GD version
18:53:11 DEBUG [Main] [Geode]:         Found camila314.demonlist-button.geode
18:53:11 ERROR [Main] [Geode]:           Failed to queue: "C:\Program Files (x86)\Steam\steamapps\common\Geometry Dash\geode\mods\camila314.demonlist-button.geode" - [mod.json] is missing target GD version
18:53:11 DEBUG [Main] [Geode]:         Found camila314.noclip.geode
18:53:11 ERROR [Main] [Geode]:           Failed to queue: "C:\Program Files (x86)\Steam\steamapps\common\Geometry Dash\geode\mods\camila314.noclip.geode" - [mod.json] is missing target GD version
18:53:11 DEBUG [Main] [Geode]:         Found capeling.icon_profile_2.2.geode
18:53:11 DEBUG [Main] [Geode]:           id: capeling.icon_profile_2.2
18:53:11 DEBUG [Main] [Geode]:           version: v1.1.4
18:53:11 DEBUG [Main] [Geode]:           early: no
18:53:11 DEBUG [Main] [Geode]:         Found chs.confirmquit.geode
18:53:11 ERROR [Main] [Geode]:           Failed to queue: "C:\Program Files (x86)\Steam\steamapps\common\Geometry Dash\geode\mods\chs.confirmquit.geode" - [mod.json] is missing target GD version
18:53:11 DEBUG [Main] [Geode]:         Found coderqc.gdswearfilter.geode
18:53:11 DEBUG [Main] [Geode]:           id: coderqc.gdswearfilter
18:53:11 DEBUG [Main] [Geode]:           version: v1.0.1
18:53:11 DEBUG [Main] [Geode]:           early: no
18:53:11 DEBUG [Main] [Geode]:         Found colon.gold_user_coins.geode
18:53:11 DEBUG [Main] [Geode]:           id: colon.gold_user_coins
18:53:11 DEBUG [Main] [Geode]:           version: v1.0.1
18:53:11 DEBUG [Main] [Geode]:           early: no
18:53:11 DEBUG [Main] [Geode]:         Found coopeeo.customname.geode
18:53:11 DEBUG [Main] [Geode]:           id: coopeeo.customname
18:53:11 DEBUG [Main] [Geode]:           version: v1.2.2
18:53:11 DEBUG [Main] [Geode]:           early: no
18:53:11 DEBUG [Main] [Geode]:         Found cvolton.betterinfo.geode
18:53:11 DEBUG [Main] [Geode]:           id: cvolton.betterinfo
18:53:11 DEBUG [Main] [Geode]:           version: v4.0.0-alpha.13
18:53:11 DEBUG [Main] [Geode]:           early: no
18:53:11 DEBUG [Main] [Geode]:         Found cvolton.capacity_fix.geode
18:53:11 ERROR [Main] [Geode]:           Failed to queue: "C:\Program Files (x86)\Steam\steamapps\common\Geometry Dash\geode\mods\cvolton.capacity_fix.geode" - [mod.json] is missing target GD version
18:53:11 DEBUG [Main] [Geode]:         Found dankmeme.globed2.geode
18:53:11 DEBUG [Main] [Geode]:           id: dankmeme.globed2
18:53:11 DEBUG [Main] [Geode]:           version: v1.1.2
18:53:11 DEBUG [Main] [Geode]:           early: no
18:53:11 DEBUG [Main] [Geode]:         Found elnexreal.copy_song_id.geode
18:53:11 DEBUG [Main] [Geode]:           id: elnexreal.copy_song_id
18:53:11 DEBUG [Main] [Geode]:           version: v1.2.2
18:53:11 DEBUG [Main] [Geode]:           early: no
18:53:11 DEBUG [Main] [Geode]:         Found elohmrow.death_tracker.geode
18:53:11 DEBUG [Main] [Geode]:           id: elohmrow.death_tracker
18:53:11 DEBUG [Main] [Geode]:           version: v1.4.3
18:53:11 DEBUG [Main] [Geode]:           early: no
18:53:11 DEBUG [Main] [Geode]:         Found fleym.nongd.geode
18:53:11 ERROR [Main] [Geode]:           Failed to queue: "C:\Program Files (x86)\Steam\steamapps\common\Geometry Dash\geode\mods\fleym.nongd.geode" - [mod.json] is missing target GD version
18:53:11 DEBUG [Main] [Geode]:         Found gdutilsdevs.gdutils.geode
18:53:11 DEBUG [Main] [Geode]:           id: gdutilsdevs.gdutils
18:53:11 DEBUG [Main] [Geode]:           version: v1.2.14
18:53:11 DEBUG [Main] [Geode]:           early: no
18:53:11 DEBUG [Main] [Geode]:         Found geode.custom-keybinds.geode
18:53:11 DEBUG [Main] [Geode]:           id: geode.custom-keybinds
18:53:11 DEBUG [Main] [Geode]:           version: v1.4.0
18:53:11 DEBUG [Main] [Geode]:           early: no
18:53:11 DEBUG [Main] [Geode]:         Found geode.node-ids.geode
18:53:11 DEBUG [Main] [Geode]:           id: geode.node-ids
18:53:11 DEBUG [Main] [Geode]:           version: v1.3.0
18:53:11 DEBUG [Main] [Geode]:           early: no
18:53:11 DEBUG [Main] [Geode]:         Found hjfod.betteredit.geode
18:53:11 WARN  [Main] [Geode]:           settings.mouse-move-on-zoom contains unknown key "platforms"
18:53:11 DEBUG [Main] [Geode]:           id: hjfod.betteredit
18:53:11 DEBUG [Main] [Geode]:           version: v6.0.0
18:53:11 DEBUG [Main] [Geode]:           early: no
18:53:11 DEBUG [Main] [Geode]:         Found hjfod.custom-keybinds.geode
18:53:11 ERROR [Main] [Geode]:           Failed to queue: "C:\Program Files (x86)\Steam\steamapps\common\Geometry Dash\geode\mods\hjfod.custom-keybinds.geode" - [mod.json] is missing target GD version
18:53:11 DEBUG [Main] [Geode]:         Found hjfod.gdshare.geode
18:53:11 DEBUG [Main] [Geode]:           id: hjfod.gdshare
18:53:11 DEBUG [Main] [Geode]:           version: v1.0.4
18:53:11 DEBUG [Main] [Geode]:           early: no
18:53:11 DEBUG [Main] [Geode]:         Found hjfod.gmd-api.geode
18:53:11 DEBUG [Main] [Geode]:           id: hjfod.gmd-api
18:53:11 DEBUG [Main] [Geode]:           version: v1.0.1
18:53:11 DEBUG [Main] [Geode]:           early: no
18:53:11 DEBUG [Main] [Geode]:         Found mat.fps-bypass.geode
18:53:11 ERROR [Main] [Geode]:           Failed to queue: "C:\Program Files (x86)\Steam\steamapps\common\Geometry Dash\geode\mods\mat.fps-bypass.geode" - [mod.json] is missing target GD version
18:53:11 DEBUG [Main] [Geode]:         Found mat.practice-music.geode
18:53:11 ERROR [Main] [Geode]:           Failed to queue: "C:\Program Files (x86)\Steam\steamapps\common\Geometry Dash\geode\mods\mat.practice-music.geode" - [mod.json] is missing target GD version
18:53:11 DEBUG [Main] [Geode]:         Found mat.run-info.geode
18:53:11 DEBUG [Main] [Geode]:           id: mat.run-info
18:53:11 DEBUG [Main] [Geode]:           version: v1.0.2
18:53:11 DEBUG [Main] [Geode]:           early: no
18:53:11 DEBUG [Main] [Geode]:         Found mat.scroll-zoom.geode
18:53:11 ERROR [Main] [Geode]:           Failed to queue: "C:\Program Files (x86)\Steam\steamapps\common\Geometry Dash\geode\mods\mat.scroll-zoom.geode" - [mod.json] is missing target GD version
18:53:11 DEBUG [Main] [Geode]:         Found muhammadgames.bettermenu.geode
18:53:11 DEBUG [Main] [Geode]:           id: muhammadgames.bettermenu
18:53:11 DEBUG [Main] [Geode]:           version: v1.0.4-beta.12
18:53:11 DEBUG [Main] [Geode]:           early: no
18:53:11 DEBUG [Main] [Geode]:         Found redlime.statchanges.geode
18:53:11 DEBUG [Main] [Geode]:           id: redlime.statchanges
18:53:11 DEBUG [Main] [Geode]:           version: v1.1.0
18:53:11 DEBUG [Main] [Geode]:           early: no
18:53:11 DEBUG [Main] [Geode]:         Found rlt.gd-platformer.geode
18:53:11 ERROR [Main] [Geode]:           Failed to queue: "C:\Program Files (x86)\Steam\steamapps\common\Geometry Dash\geode\mods\rlt.gd-platformer.geode" - [mod.json] is missing target GD version
18:53:11 DEBUG [Main] [Geode]:         Found ruslan.apm.geode
18:53:11 ERROR [Main] [Geode]:           Failed to queue: "C:\Program Files (x86)\Steam\steamapps\common\Geometry Dash\geode\mods\ruslan.apm.geode" - [mod.json] is missing target GD version
18:53:11 DEBUG [Main] [Geode]:         Found ruslan.nm.geode
18:53:11 ERROR [Main] [Geode]:           Failed to queue: "C:\Program Files (x86)\Steam\steamapps\common\Geometry Dash\geode\mods\ruslan.nm.geode" - [mod.json] is missing target GD version
18:53:11 DEBUG [Main] [Geode]:         Found thesillydoggo.animatedprofiles.geode
18:53:11 DEBUG [Main] [Geode]:           id: thesillydoggo.animatedprofiles
18:53:11 DEBUG [Main] [Geode]:           version: v1.0.1
18:53:11 DEBUG [Main] [Geode]:           early: no
18:53:11 DEBUG [Main] [Geode]:         Found thesillydoggo.better_startpos_menu.geode
18:53:11 DEBUG [Main] [Geode]:           id: thesillydoggo.better_startpos_menu
18:53:11 DEBUG [Main] [Geode]:           version: v1.1.0
18:53:11 DEBUG [Main] [Geode]:           early: no
18:53:11 DEBUG [Main] [Geode]:         Found thesillydoggo.entersearch.geode
18:53:11 DEBUG [Main] [Geode]:           id: thesillydoggo.entersearch
18:53:11 DEBUG [Main] [Geode]:           version: v1.0.0
18:53:11 DEBUG [Main] [Geode]:           early: no
18:53:11 DEBUG [Main] [Geode]:         Found TheSillyDoggo.GradientPages.geode
18:53:11 DEBUG [Main] [Geode]:           id: TheSillyDoggo.GradientPages
18:53:11 DEBUG [Main] [Geode]:           version: v2.1.0
18:53:11 DEBUG [Main] [Geode]:           early: no
18:53:11 DEBUG [Main] [Geode]:         Found tpdea.betterpause-Better.geode
18:53:11 DEBUG [Main] [Geode]:           id: tpdea.betterpause-Better
18:53:11 DEBUG [Main] [Geode]:           version: v1.5.5
18:53:11 DEBUG [Main] [Geode]:           early: no
18:53:11 DEBUG [Main] [Geode]:         Found xanii.youtubers.geode
18:53:11 DEBUG [Main] [Geode]:           id: xanii.youtubers
18:53:11 DEBUG [Main] [Geode]:           version: v1.0.0
18:53:11 DEBUG [Main] [Geode]:           early: no
18:53:11 DEBUG [Main] [Geode]:     Populating mod list
18:53:11 DEBUG [Main] [Geode]:       abb2k.backup v1.0.4
18:53:11 DEBUG [Main] [Geode]:       absolllute.megahack v8.0.0-alpha.10
18:53:11 DEBUG [Main] [Geode]:       adyagd.godlikefaces v1.1.1
18:53:11 DEBUG [Main] [Geode]:       alphalaneous.integratedloquibot v1.3.4
18:53:11 DEBUG [Main] [Geode]:       alphalaneous.projectedstars v1.1.2
18:53:11 DEBUG [Main] [Geode]:       beat.click-sound v1.4.1
18:53:11 DEBUG [Main] [Geode]:       bitz.customprofiles v1.0.5
18:53:11 DEBUG [Main] [Geode]:       capeling.icon_profile_2.2 v1.1.4
18:53:11 DEBUG [Main] [Geode]:       coderqc.gdswearfilter v1.0.1
18:53:11 DEBUG [Main] [Geode]:       colon.gold_user_coins v1.0.1
18:53:12 DEBUG [Main] [Geode]:       coopeeo.customname v1.2.2
18:53:12 DEBUG [Main] [Geode]:       cvolton.betterinfo v4.0.0-alpha.13
18:53:12 DEBUG [Main] [Geode]:       dankmeme.globed2 v1.1.2
18:53:12 DEBUG [Main] [Geode]:       elnexreal.copy_song_id v1.2.2
18:53:12 DEBUG [Main] [Geode]:       elohmrow.death_tracker v1.4.3
18:53:12 DEBUG [Main] [Geode]:       gdutilsdevs.gdutils v1.2.14
18:53:12 WARN  [Main] [GDUtils]:       Encountered unknown setting "spotify-section" while loading settings
18:53:12 WARN  [Main] [GDUtils]:       Encountered unknown setting "misc-section" while loading settings
18:53:12 WARN  [Main] [GDUtils]:       Encountered unknown setting "spotifyApp" while loading settings
18:53:12 WARN  [Main] [GDUtils]:       Encountered unknown setting "test-notification" while loading settings
18:53:12 WARN  [Main] [GDUtils]:       Encountered unknown setting "notificationPlacement" while loading settings
18:53:12 WARN  [Main] [GDUtils]:       Encountered unknown setting "notification-section" while loading settings
18:53:12 WARN  [Main] [GDUtils]:       Encountered unknown setting "notification-placement-section" while loading settings
18:53:12 WARN  [Main] [GDUtils]:       Encountered unknown setting "notification-appearance-section" while loading settings
18:53:12 WARN  [Main] [GDUtils]:       Encountered unknown setting "credits-section" while loading settings
18:53:12 WARN  [Main] [GDUtils]:       Encountered unknown setting "credit-buttons" while loading settings
18:53:12 DEBUG [Main] [Geode]:       geode.custom-keybinds v1.4.0
18:53:12 DEBUG [Main] [Geode]:       geode.node-ids v1.3.0
18:53:12 DEBUG [Main] [Geode]:       hjfod.betteredit v6.0.0
18:53:12 DEBUG [Main] [Geode]:       hjfod.gdshare v1.0.4
18:53:12 DEBUG [Main] [Geode]:       hjfod.gmd-api v1.0.1
18:53:12 DEBUG [Main] [Geode]:       mat.run-info v1.0.2
18:53:12 DEBUG [Main] [Geode]:       muhammadgames.bettermenu v1.0.4-beta.12
18:53:12 DEBUG [Main] [Geode]:       redlime.statchanges v1.1.0
18:53:12 DEBUG [Main] [Geode]:       thesillydoggo.animatedprofiles v1.0.1
18:53:12 DEBUG [Main] [Geode]:       thesillydoggo.better_startpos_menu v1.1.0
18:53:12 DEBUG [Main] [Geode]:       thesillydoggo.entersearch v1.0.0
18:53:12 DEBUG [Main] [Geode]:       TheSillyDoggo.GradientPages v2.1.0
18:53:12 DEBUG [Main] [Geode]:       tpdea.betterpause-Better v1.5.5
18:53:12 DEBUG [Main] [Geode]:       xanii.youtubers v1.0.0
18:53:12 DEBUG [Main] [Geode]:     Building mod graph
18:53:12 DEBUG [Main] [Geode]:       geode.loader
18:53:12 DEBUG [Main] [Geode]:       beat.click-sound
18:53:12 DEBUG [Main] [Geode]:         geode.loader
18:53:12 DEBUG [Main] [Geode]:         geode.node-ids
18:53:12 DEBUG [Main] [Geode]:       mat.run-info
18:53:12 DEBUG [Main] [Geode]:         geode.loader
18:53:12 DEBUG [Main] [Geode]:       alphalaneous.projectedstars
18:53:12 DEBUG [Main] [Geode]:         geode.loader
18:53:12 DEBUG [Main] [Geode]:         geode.node-ids
18:53:12 DEBUG [Main] [Geode]:       elohmrow.death_tracker
18:53:12 DEBUG [Main] [Geode]:         geode.loader
18:53:12 DEBUG [Main] [Geode]:       absolllute.megahack
18:53:12 DEBUG [Main] [Geode]:         geode.loader
18:53:12 DEBUG [Main] [Geode]:       abb2k.backup
18:53:12 DEBUG [Main] [Geode]:         geode.loader
18:53:12 DEBUG [Main] [Geode]:       adyagd.godlikefaces
18:53:12 DEBUG [Main] [Geode]:         geode.loader
18:53:12 DEBUG [Main] [Geode]:       alphalaneous.integratedloquibot
18:53:12 DEBUG [Main] [Geode]:         geode.loader
18:53:12 DEBUG [Main] [Geode]:         geode.node-ids
18:53:12 DEBUG [Main] [Geode]:       bitz.customprofiles
18:53:12 DEBUG [Main] [Geode]:         geode.loader
18:53:12 DEBUG [Main] [Geode]:         geode.node-ids
18:53:12 DEBUG [Main] [Geode]:       capeling.icon_profile_2.2
18:53:12 DEBUG [Main] [Geode]:         geode.loader
18:53:12 DEBUG [Main] [Geode]:       coderqc.gdswearfilter
18:53:12 DEBUG [Main] [Geode]:         geode.loader
18:53:12 DEBUG [Main] [Geode]:       colon.gold_user_coins
18:53:12 DEBUG [Main] [Geode]:         geode.loader
18:53:12 DEBUG [Main] [Geode]:       coopeeo.customname
18:53:12 DEBUG [Main] [Geode]:         geode.loader
18:53:12 DEBUG [Main] [Geode]:         geode.node-ids
18:53:12 DEBUG [Main] [Geode]:       cvolton.betterinfo
18:53:12 DEBUG [Main] [Geode]:         geode.loader
18:53:12 DEBUG [Main] [Geode]:         geode.node-ids
18:53:12 DEBUG [Main] [Geode]:       tpdea.betterpause-Better
18:53:12 DEBUG [Main] [Geode]:         geode.loader
18:53:12 DEBUG [Main] [Geode]:         geode.node-ids
18:53:12 DEBUG [Main] [Geode]:       dankmeme.globed2
18:53:12 DEBUG [Main] [Geode]:         geode.loader
18:53:12 DEBUG [Main] [Geode]:         geode.custom-keybinds
18:53:12 DEBUG [Main] [Geode]:       elnexreal.copy_song_id
18:53:12 DEBUG [Main] [Geode]:         geode.loader
18:53:12 DEBUG [Main] [Geode]:       gdutilsdevs.gdutils
18:53:12 DEBUG [Main] [Geode]:         geode.loader
18:53:12 DEBUG [Main] [Geode]:       thesillydoggo.better_startpos_menu
18:53:12 DEBUG [Main] [Geode]:         geode.loader
18:53:12 DEBUG [Main] [Geode]:       geode.custom-keybinds
18:53:12 DEBUG [Main] [Geode]:         geode.loader
18:53:12 DEBUG [Main] [Geode]:       geode.node-ids
18:53:12 DEBUG [Main] [Geode]:         geode.loader
18:53:12 DEBUG [Main] [Geode]:       hjfod.betteredit
18:53:12 DEBUG [Main] [Geode]:         geode.loader
18:53:12 DEBUG [Main] [Geode]:         geode.node-ids
18:53:12 DEBUG [Main] [Geode]:         geode.custom-keybinds
18:53:12 DEBUG [Main] [Geode]:       hjfod.gdshare
18:53:12 DEBUG [Main] [Geode]:         geode.loader
18:53:12 DEBUG [Main] [Geode]:         hjfod.gmd-api
18:53:12 DEBUG [Main] [Geode]:         geode.node-ids
18:53:12 DEBUG [Main] [Geode]:       hjfod.gmd-api
18:53:12 DEBUG [Main] [Geode]:         geode.loader
18:53:12 DEBUG [Main] [Geode]:       muhammadgames.bettermenu
18:53:12 DEBUG [Main] [Geode]:         geode.loader
18:53:12 DEBUG [Main] [Geode]:       redlime.statchanges
18:53:12 DEBUG [Main] [Geode]:         geode.loader
18:53:12 DEBUG [Main] [Geode]:         geode.node-ids
18:53:12 DEBUG [Main] [Geode]:       thesillydoggo.animatedprofiles
18:53:12 DEBUG [Main] [Geode]:         geode.loader
18:53:12 DEBUG [Main] [Geode]:         geode.node-ids
18:53:12 DEBUG [Main] [Geode]:       thesillydoggo.entersearch
18:53:12 DEBUG [Main] [Geode]:         geode.loader
18:53:12 DEBUG [Main] [Geode]:       TheSillyDoggo.GradientPages
18:53:12 DEBUG [Main] [Geode]:         geode.loader
18:53:12 DEBUG [Main] [Geode]:       xanii.youtubers
18:53:12 DEBUG [Main] [Geode]:         geode.loader
18:53:12 DEBUG [Main] [Geode]:     Loading early mods
18:53:12 DEBUG [Main] [Geode]:       absolllute.megahack v8.0.0-alpha.10
18:53:12 DEBUG [Main] [Geode]:         Unzip
18:53:12 DEBUG [Main] [Geode]:         Same hash detected, skipping unzip
18:53:12 DEBUG [Main] [Geode]:         Load
18:53:12 DEBUG [Main] [Geode]:         Loading binary for mod absolllute.megahack
18:53:21 INFO  [Main] [Geode]:     Took 10.594s. Continuing next frame...
18:53:21 DEBUG [Main] [Geode]: Setting up IPC
18:53:21 DEBUG [Main] [Geode]:   IPC set up
18:53:21 INFO  [Main] [Geode]: Starting loader update check
18:53:21 INFO  [Main] [Geode]: Entry took 10.695s
18:53:29 INFO  [Main] [Geode]: Continuing mod graph refresh...
18:53:29 DEBUG [Main] [Geode]:   Loading mods
18:53:29 DEBUG [Main] [Geode]:     beat.click-sound v1.4.1 has unresolved dependencies
18:53:29 ERROR [Main] [Geode]: Failed to fetch updates Empty response
18:53:31 DEBUG [Main] [Geode]: Enabled GameManager::isIconUnlocked hook at 0xec1f90 for absolllute.megahack
18:53:31 DEBUG [Main] [Geode]: Enabled GameManager::isColorUnlocked hook at 0xec2490 for absolllute.megahack
18:53:31 DEBUG [Main] [Geode]: Enabled GameManager::setGameVariable hook at 0xec84e0 for absolllute.megahack
18:53:31 DEBUG [Main] [Geode]: Enabled GameManager::getGameVariable hook at 0xec8730 for absolllute.megahack
18:53:31 DEBUG [Main] [Geode]: Enabled MenuLayer::init hook at 0x101b450 for absolllute.megahack
18:53:32 INFO  [Main] [Geode]: Continuing mod graph refresh...
18:53:32 DEBUG [Main] [Geode]:   Loading mods
18:53:32 DEBUG [Main] [Geode]:     mat.run-info v1.0.2
18:53:32 DEBUG [Mod Unzip] [Geode]:  Unzip
18:53:32 DEBUG [Mod Unzip] [Geode]:  Same hash detected, skipping unzip
18:53:32 DEBUG [Main] [Geode]:       Load
18:53:32 DEBUG [Main] [Geode]:       Loading binary for mod mat.run-info
18:53:32 DEBUG [Main] [Geode]:       Enabled PlayLayer::init hook at 0x107c4a0 for mat.run-info
18:53:32 DEBUG [Main] [Geode]:       Enabled PlayLayer::resetLevel hook at 0x108a130 for mat.run-info
18:53:32 DEBUG [Main] [Geode]:       Enabled PlayLayer::togglePracticeMode hook at 0x108ad30 for mat.run-info
18:53:32 INFO  [Main] [Geode]: Took 0.133s
18:53:32 INFO  [Main] [Geode]: Continuing mod graph refresh...
18:53:32 DEBUG [Main] [Geode]:   Loading mods
18:53:32 DEBUG [Main] [Geode]:     alphalaneous.projectedstars v1.1.2 has unresolved dependencies
18:53:32 INFO  [Main] [Geode]: Took 0.016s
18:53:32 INFO  [Main] [Geode]: Continuing mod graph refresh...
18:53:32 DEBUG [Main] [Geode]:   Loading mods
18:53:32 DEBUG [Main] [Geode]:     elohmrow.death_tracker v1.4.3
18:53:32 DEBUG [Mod Unzip] [Geode]:  Unzip
18:53:32 DEBUG [Mod Unzip] [Geode]:  Same hash detected, skipping unzip
18:53:32 DEBUG [Main] [Geode]:       Load
18:53:32 DEBUG [Main] [Geode]:       Loading binary for mod elohmrow.death_tracker
18:53:32 DEBUG [Main] [Geode]:       Enabled GJBaseGameLayer::setStartPosObject hook at 0xf39e90 for elohmrow.death_tracker
18:53:32 DEBUG [Main] [Geode]:       Enabled PlayLayer::checkpointActivated hook at 0x10876c0 for elohmrow.death_tracker
18:53:32 DEBUG [Main] [Geode]:       Enabled PlayLayer::onQuit hook at 0x108b480 for elohmrow.death_tracker
18:53:32 DEBUG [Main] [Geode]:       Enabled PlayLayer::resetLevelFromStart hook at 0x108a090 for elohmrow.death_tracker
18:53:32 DEBUG [Main] [Geode]:       Enabled PlayerObject::playerDestroyed hook at 0x1071b30 for elohmrow.death_tracker
18:53:32 DEBUG [Main] [Geode]:       Enabled LevelInfoLayer::onLevelInfo hook at 0xff6a70 for elohmrow.death_tracker
18:53:32 DEBUG [Main] [Geode]:       Enabled EditLevelLayer::onLevelInfo hook at 0xe3db40 for elohmrow.death_tracker
18:53:32 DEBUG [Main] [Geode]:       Enabled LevelPage::onInfo hook at 0x100c400 for elohmrow.death_tracker
18:53:32 DEBUG [Main] [Geode]:       Enabled cocos2d::CCLayerColor::initWithColor hook at 0x68114c70 for elohmrow.death_tracker
18:53:32 DEBUG [Main] [Geode]:       Enabled FLAlertLayer::init hook at 0xdd0f60 for elohmrow.death_tracker
18:53:32 DEBUG [Main] [Geode]:       Enabled FLAlertLayer::keyBackClicked hook at 0xdd1a10 for elohmrow.death_tracker
18:53:32 DEBUG [Main] [Geode]:       Enabled FLAlertLayer::onBtn1 hook at 0xdd1ab0 for elohmrow.death_tracker
18:53:32 DEBUG [Main] [Geode]:       Enabled FLAlertLayer::show hook at 0xdd1cd0 for elohmrow.death_tracker
18:53:32 INFO  [Main] [Geode]: Took 0.154s
18:53:32 INFO  [Main] [Geode]: Continuing mod graph refresh...
18:53:32 DEBUG [Main] [Geode]:   Loading mods
18:53:32 DEBUG [Main] [Geode]:     abb2k.backup v1.0.4
18:53:32 DEBUG [Mod Unzip] [Geode]:  Unzip
18:53:32 DEBUG [Mod Unzip] [Geode]:  Same hash detected, skipping unzip
18:53:32 DEBUG [Main] [Geode]:       Load
18:53:32 DEBUG [Main] [Geode]:       Loading binary for mod abb2k.backup
18:53:32 DEBUG [Main] [Geode]:       Enabled MenuLayer::init hook at 0x101b450 for abb2k.backup
18:53:32 DEBUG [Main] [Geode]:       Enabled OptionsLayer::customSetup hook at 0x10502d0 for abb2k.backup
18:53:32 DEBUG [Main] [Geode]:       Enabled GameManager::doQuickSave hook at 0xecde10 for abb2k.backup
18:53:33 INFO  [Main] [Geode]: Took 0.711s
18:53:33 INFO  [Main] [Geode]: Continuing mod graph refresh...
18:53:33 DEBUG [Main] [Geode]:   Loading mods
18:53:33 DEBUG [Main] [Geode]:     adyagd.godlikefaces v1.1.1
18:53:33 DEBUG [Mod Unzip] [Geode]:  Unzip
18:53:33 DEBUG [Mod Unzip] [Geode]:  Same hash detected, skipping unzip
18:53:33 INFO  [Main] [Geode]: Took 0.059s
18:53:33 INFO  [Main] [Geode]: Continuing mod graph refresh...
18:53:33 DEBUG [Main] [Geode]:   Loading mods
18:53:33 DEBUG [Main] [Geode]:     alphalaneous.integratedloquibot v1.3.4 has unresolved dependencies
18:53:33 INFO  [Main] [Geode]: Took 0.015s
18:53:33 INFO  [Main] [Geode]: Continuing mod graph refresh...
18:53:33 DEBUG [Main] [Geode]:   Loading mods
18:53:33 DEBUG [Main] [Geode]:     bitz.customprofiles v1.0.5 has unresolved dependencies
18:53:33 INFO  [Main] [Geode]: Took 0.016s
18:53:33 INFO  [Main] [Geode]: Continuing mod graph refresh...
18:53:33 DEBUG [Main] [Geode]:   Loading mods
18:53:33 DEBUG [Main] [Geode]:     capeling.icon_profile_2.2 v1.1.4
18:53:33 DEBUG [Mod Unzip] [Geode]:  Unzip
18:53:33 DEBUG [Mod Unzip] [Geode]:  Same hash detected, skipping unzip
18:53:33 DEBUG [Main] [Geode]:       Load
18:53:33 DEBUG [Main] [Geode]:       Loading binary for mod capeling.icon_profile_2.2
18:53:33 DEBUG [Main] [Geode]:       Enabled MenuLayer::init hook at 0x101b450 for capeling.icon_profile_2.2
18:53:33 INFO  [Main] [Geode]: Took 0.186s
18:53:33 INFO  [Main] [Geode]: Continuing mod graph refresh...
18:53:33 DEBUG [Main] [Geode]:   Loading mods
18:53:33 DEBUG [Main] [Geode]:     coderqc.gdswearfilter v1.0.1
18:53:33 DEBUG [Mod Unzip] [Geode]:  Unzip
18:53:33 DEBUG [Mod Unzip] [Geode]:  Same hash detected, skipping unzip
18:53:33 DEBUG [Main] [Geode]:       Load
18:53:33 DEBUG [Main] [Geode]:       Loading binary for mod coderqc.gdswearfilter
18:53:33 DEBUG [Main] [Geode]:       Enabled CommentCell::loadFromComment hook at 0xe24490 for coderqc.gdswearfilter
18:53:33 DEBUG [Main] [Geode]:       Enabled InfoLayer::init hook at 0xfc8810 for coderqc.gdswearfilter
18:53:33 DEBUG [Main] [Geode]:       Enabled LevelCell::loadFromLevel hook at 0xe1d8b0 for coderqc.gdswearfilter
18:53:33 INFO  [Main] [Geode]: Took 0.203s
18:53:33 INFO  [Main] [Geode]: Continuing mod graph refresh...
18:53:33 DEBUG [Main] [Geode]:   Loading mods
18:53:33 DEBUG [Main] [Geode]:     colon.gold_user_coins v1.0.1
18:53:33 DEBUG [Mod Unzip] [Geode]:  Unzip
18:53:33 DEBUG [Mod Unzip] [Geode]:  Same hash detected, skipping unzip
18:53:33 DEBUG [Main] [Geode]:       Load
18:53:33 DEBUG [Main] [Geode]:       Loading binary for mod colon.gold_user_coins
18:53:33 DEBUG [Main] [Geode]:       Enabled MenuLayer::init hook at 0x101b450 for colon.gold_user_coins
18:53:33 DEBUG [Main] [Geode]:       Enabled cocos2d::CCSprite::setColor hook at 0x681478a0 for colon.gold_user_coins
18:53:33 INFO  [Main] [Geode]: Took 0.141s
18:53:33 INFO  [Main] [Geode]: Continuing mod graph refresh...
18:53:33 DEBUG [Main] [Geode]:   Loading mods
18:53:33 DEBUG [Main] [Geode]:     coopeeo.customname v1.2.2 has unresolved dependencies
18:53:33 INFO  [Main] [Geode]: Took 0.016s
18:53:33 INFO  [Main] [Geode]: Continuing mod graph refresh...
18:53:33 DEBUG [Main] [Geode]:   Loading mods
18:53:33 DEBUG [Main] [Geode]:     cvolton.betterinfo v4.0.0-alpha.13 has unresolved dependencies
18:53:33 INFO  [Main] [Geode]: Took 0.016s
18:53:33 INFO  [Main] [Geode]: Continuing mod graph refresh...
18:53:33 DEBUG [Main] [Geode]:   Loading mods
18:53:33 DEBUG [Main] [Geode]:     tpdea.betterpause-Better v1.5.5 has unresolved dependencies
18:53:33 INFO  [Main] [Geode]: Took 0.016s
18:53:33 INFO  [Main] [Geode]: Continuing mod graph refresh...
18:53:33 DEBUG [Main] [Geode]:   Loading mods
18:53:33 DEBUG [Main] [Geode]:     dankmeme.globed2 v1.1.2 has unresolved dependencies
18:53:33 INFO  [Main] [Geode]: Took 0.016s
18:53:33 INFO  [Main] [Geode]: Continuing mod graph refresh...
18:53:33 DEBUG [Main] [Geode]:   Loading mods
18:53:33 DEBUG [Main] [Geode]:     elnexreal.copy_song_id v1.2.2
18:53:33 DEBUG [Mod Unzip] [Geode]:  Unzip
18:53:33 DEBUG [Mod Unzip] [Geode]:  Same hash detected, skipping unzip
18:53:33 DEBUG [Main] [Geode]:       Load
18:53:33 DEBUG [Main] [Geode]:       Loading binary for mod elnexreal.copy_song_id
18:53:33 DEBUG [Main] [Geode]:       Enabled LevelInfoLayer::init hook at 0xff16a0 for elnexreal.copy_song_id
18:53:33 DEBUG [Main] [Geode]:       Enabled LevelInfoLayer::levelDownloadFinished hook at 0xff4f00 for elnexreal.copy_song_id
18:53:33 INFO  [Main] [Geode]: Took 0.12s
18:53:33 INFO  [Main] [Geode]: Continuing mod graph refresh...
18:53:33 DEBUG [Main] [Geode]:   Loading mods
18:53:33 DEBUG [Main] [Geode]:     gdutilsdevs.gdutils v1.2.14
18:53:33 DEBUG [Mod Unzip] [Geode]:  Unzip
18:53:33 DEBUG [Mod Unzip] [Geode]:  Same hash detected, skipping unzip
18:53:33 DEBUG [Main] [Geode]:       Load
18:53:33 DEBUG [Main] [Geode]:       Loading binary for mod gdutilsdevs.gdutils
18:53:33 DEBUG [Main] [Geode]:       Enabled cocos2d::CCScheduler::update hook at 0x68176db0 for gdutilsdevs.gdutils
18:53:33 DEBUG [Main] [Geode]:       Enabled cocos2d::CCScheduler::update hook at 0x68176db0 for gdutilsdevs.gdutils
18:53:33 DEBUG [Main] [Geode]:       Enabled PlayLayer::init hook at 0x107c4a0 for gdutilsdevs.gdutils
18:53:33 DEBUG [Main] [Geode]:       Enabled PlayLayer::onQuit hook at 0x108b480 for gdutilsdevs.gdutils
18:53:33 DEBUG [Main] [Geode]:       Enabled EditorUI::onPause hook at 0xe46130 for gdutilsdevs.gdutils
18:53:33 DEBUG [Main] [Geode]:       Enabled EditorUI::onPlayback hook at 0xe69d20 for gdutilsdevs.gdutils
18:53:33 DEBUG [Main] [Geode]:       Enabled EditorUI::onPlaytest hook at 0xe6a090 for gdutilsdevs.gdutils
18:53:33 DEBUG [Main] [Geode]:       Enabled EditorUI::onStopPlaytest hook at 0xe6a200 for gdutilsdevs.gdutils
18:53:33 DEBUG [Main] [Geode]:       Enabled FriendsProfilePage::init hook at 0xe90a10 for gdutilsdevs.gdutils
18:53:33 DEBUG [Main] [Geode]:       Enabled LeaderboardsLayer::init hook at 0xfcdc60 for gdutilsdevs.gdutils
18:53:33 DEBUG [Main] [Geode]:       Enabled SecretLayer2::init hook at 0x10a56d0 for gdutilsdevs.gdutils
18:53:33 DEBUG [Main] [Geode]:       Enabled SecretLayer2::onSubmit hook at 0x10a71c0 for gdutilsdevs.gdutils
18:53:33 DEBUG [Main] [Geode]:       Enabled SecretLayer2::updateSearchLabel hook at 0x10a84b0 for gdutilsdevs.gdutils
18:53:33 DEBUG [Main] [Geode]:       Enabled LevelInfoLayer::init hook at 0xff16a0 for gdutilsdevs.gdutils
18:53:33 DEBUG [Main] [Geode]:       Enabled InfoLayer::init hook at 0xfc8810 for gdutilsdevs.gdutils
18:53:33 DEBUG [Main] [Geode]:       Enabled ProfilePage::loadPageFromUserInfo hook at 0x108dda0 for gdutilsdevs.gdutils
18:53:34 INFO  [Main] [GDUtils]:     GDUtils Mod Loaded
18:53:34 INFO  [Main] [GDUtils]:     Le protocole a été enregistré avec succès pour cet utilisateur.
18:53:34 INFO  [Thread #13812] [GDUtils]: Starting socket...
18:53:34 INFO  [Main] [Geode]: Took 0.178s
18:53:34 INFO  [Main] [Geode]: Continuing mod graph refresh...
18:53:34 DEBUG [Main] [Geode]:   Loading mods
18:53:34 DEBUG [Main] [Geode]:     thesillydoggo.better_startpos_menu v1.1.0
18:53:34 DEBUG [Mod Unzip] [Geode]:  Unzip
18:53:34 DEBUG [Mod Unzip] [Geode]:  Same hash detected, skipping unzip
18:53:34 DEBUG [Main] [Geode]:       Load
18:53:34 DEBUG [Main] [Geode]:       Loading binary for mod thesillydoggo.better_startpos_menu
18:53:34 INFO  [stdout]: [2024-02-23 18:53:34] [connect] Successful connection
18:53:34 INFO  [Thread #15236] [GDUtils]: Socket Connection successful!
18:53:34 INFO  [stdout]: [2024-02-23 18:53:34] [connect] WebSocket Connection 62.210.53.67:80 v-2 "WebSocket++/0.8.2" /socket.io/?EIO=4&transport=websocket&t=1708710814 101
18:53:34 INFO  [Thread #13812] [GDUtils]: listening for events
18:53:34 DEBUG [Main] [Geode]:       Enabled LevelSettingsLayer::init hook at 0x100ce20 for thesillydoggo.better_startpos_menu
18:53:34 INFO  [Main] [Geode]: Took 0.28s
18:53:34 INFO  [Main] [Geode]: Continuing mod graph refresh...
18:53:34 DEBUG [Main] [Geode]:   Loading mods
18:53:34 DEBUG [Main] [Geode]:     geode.custom-keybinds v1.4.0
18:53:34 DEBUG [Mod Unzip] [Geode]:  Unzip
18:53:34 DEBUG [Mod Unzip] [Geode]:  Same hash detected, skipping unzip
18:53:34 DEBUG [Main] [Geode]:       Load
18:53:34 DEBUG [Main] [Geode]:       Loading binary for mod geode.custom-keybinds
18:53:34 DEBUG [Main] [Geode]:       Enabled EditorPauseLayer::customSetup hook at 0xe40730 for geode.custom-keybinds
18:53:34 DEBUG [Main] [Geode]:       Enabled EditorPauseLayer::keyDown hook at 0xe43080 for geode.custom-keybinds
18:53:34 DEBUG [Main] [Geode]:       Enabled EditorUI::init hook at 0xe44260 for geode.custom-keybinds
18:53:34 DEBUG [Main] [Geode]:       Enabled EditorUI::keyDown hook at 0xe7a300 for geode.custom-keybinds
18:53:34 DEBUG [Main] [Geode]:       Enabled EditorUI::keyUp hook at 0xe7b210 for geode.custom-keybinds
18:53:34 DEBUG [Main] [Geode]:       Enabled EditorUI::moveObjectCall hook at 0xe74d40 for geode.custom-keybinds
18:53:34 DEBUG [Main] [Geode]:       Enabled EditorUI::transformObjectCall hook at 0xe75380 for geode.custom-keybinds
18:53:34 DEBUG [Main] [Geode]:       Enabled PauseLayer::customSetup hook at 0x10589f0 for geode.custom-keybinds
18:53:34 DEBUG [Main] [Geode]:       Enabled PauseLayer::keyDown hook at 0x105a310 for geode.custom-keybinds
18:53:34 DEBUG [Main] [Geode]:       Enabled UILayer::init hook at 0x115ec10 for geode.custom-keybinds
18:53:34 DEBUG [Main] [Geode]:       Enabled UILayer::keyDown hook at 0x115f930 for geode.custom-keybinds
18:53:34 DEBUG [Main] [Geode]:       Enabled UILayer::keyUp hook at 0x115f950 for geode.custom-keybinds
18:53:34 DEBUG [Main] [Geode]:       Enabled cocos2d::CCKeyboardDispatcher::dispatchKeyboardMSG hook at 0x6810be70 for geode.custom-keybinds
18:53:34 DEBUG [Main] [Geode]:       Enabled cocos2d::CCKeyboardDispatcher::updateModifierKeys hook at 0x6810ca70 for geode.custom-keybinds
18:53:34 DEBUG [Main] [Geode]:       Enabled MoreOptionsLayer::onKeybindings hook at 0xe421a0 for geode.custom-keybinds
18:53:34 INFO  [Main] [Geode]: Took 0.235s
18:53:34 INFO  [Main] [Geode]: Continuing mod graph refresh...
18:53:34 DEBUG [Main] [Geode]:   Loading mods
18:53:34 DEBUG [Main] [Geode]:     hjfod.betteredit v6.0.0 has unresolved dependencies
18:53:34 INFO  [Main] [Geode]: Took 0.016s
18:53:34 INFO  [Main] [Geode]: Continuing mod graph refresh...
18:53:34 DEBUG [Main] [Geode]:   Loading mods
18:53:34 DEBUG [Main] [Geode]:     dankmeme.globed2 v1.1.2
18:53:34 DEBUG [Mod Unzip] [Geode]:  Unzip
18:53:34 DEBUG [Mod Unzip] [Geode]:  Same hash detected, skipping unzip
18:53:34 DEBUG [Main] [Geode]:       Load
18:53:34 DEBUG [Main] [Geode]:       Loading binary for mod dankmeme.globed2
18:53:34 DEBUG [Main] [Geode]:       Enabled PlayerObject::incrementJumps hook at 0x10677f0 for dankmeme.globed2
18:53:34 DEBUG [Main] [Geode]:       Enabled PlayerObject::playDeathEffect hook at 0x105a470 for dankmeme.globed2
18:53:34 DEBUG [Main] [Geode]:       Enabled PlayerObject::playSpiderDashEffect hook at 0x106f5b0 for dankmeme.globed2
18:53:34 DEBUG [Main] [Geode]:       Enabled PlayLayer::init hook at 0x107c4a0 for dankmeme.globed2
18:53:34 DEBUG [Main] [Geode]:       Enabled PlayLayer::onQuit hook at 0x108b480 for dankmeme.globed2
18:53:34 DEBUG [Main] [Geode]:       Enabled AppDelegate::applicationDidEnterBackground hook at 0xdfb4f0 for dankmeme.globed2
18:53:34 DEBUG [Main] [Geode]:       Enabled AppDelegate::applicationWillEnterForeground hook at 0xdfb530 for dankmeme.globed2
18:53:34 DEBUG [Main] [Geode]:       Enabled GameManager::loadIcon hook at 0xec7440 for dankmeme.globed2
18:53:34 DEBUG [Main] [Geode]:       Enabled GameManager::reloadAllStep2 hook at 0xece540 for dankmeme.globed2
18:53:34 DEBUG [Main] [Geode]:       Enabled GameManager::returnToLastScene hook at 0xece110 for dankmeme.globed2
18:53:34 DEBUG [Main] [Geode]:       Enabled LoadingLayer::loadingFinished hook at 0x1016ae0 for dankmeme.globed2
18:53:34 DEBUG [Main] [Geode]:       Enabled MenuLayer::init hook at 0x101b450 for dankmeme.globed2
18:53:34 DEBUG [Main] [Geode]:       Enabled PauseLayer::customSetup hook at 0x10589f0 for dankmeme.globed2
18:53:34 DEBUG [Main] [Geode]:       Enabled PauseLayer::onEdit hook at 0x105a020 for dankmeme.globed2
18:53:34 DEBUG [Main] [Geode]:       Enabled PauseLayer::onNormalMode hook at 0x1059ed0 for dankmeme.globed2
18:53:34 DEBUG [Main] [Geode]:       Enabled PauseLayer::onPracticeMode hook at 0x1059e60 for dankmeme.globed2
18:53:34 DEBUG [Main] [Geode]:       Enabled PauseLayer::onQuit hook at 0x105a240 for dankmeme.globed2
18:53:34 DEBUG [Main] [Geode]:       Enabled PauseLayer::onRestart hook at 0x1059f80 for dankmeme.globed2
18:53:34 DEBUG [Main] [Geode]:       Enabled PauseLayer::onRestartFull hook at 0x1059fd0 for dankmeme.globed2
18:53:34 DEBUG [Main] [Geode]:       Enabled PauseLayer::onResume hook at 0x1059f30 for dankmeme.globed2
18:53:34 DEBUG [Main] [Geode]:       Enabled FMOD::System::init hook at 0x67b82530 for dankmeme.globed2
18:53:34 INFO  [Main] [Geode]: Took 0.19s
18:53:34 INFO  [Main] [Geode]: Continuing mod graph refresh...
18:53:34 DEBUG [Main] [Geode]:   Loading mods
18:53:34 DEBUG [Main] [Geode]:     geode.node-ids v1.3.0
18:53:34 DEBUG [Mod Unzip] [Geode]:  Unzip
18:53:34 DEBUG [Mod Unzip] [Geode]:  Same hash detected, skipping unzip
18:53:34 DEBUG [Main] [Geode]:       Load
18:53:34 DEBUG [Main] [Geode]:       Loading binary for mod geode.node-ids
18:53:34 DEBUG [Main] [Geode]:       Enabled CommentCell::loadFromComment hook at 0xe24490 for geode.node-ids
18:53:34 DEBUG [Main] [Geode]:       Enabled CreatorLayer::init hook at 0xe0f550 for geode.node-ids
18:53:34 DEBUG [Main] [Geode]:       Enabled CustomizeObjectLayer::init hook at 0xe164a0 for geode.node-ids
18:53:34 DEBUG [Main] [Geode]:       Enabled CustomizeObjectLayer::toggleVisible hook at 0xe19780 for geode.node-ids
18:53:34 DEBUG [Main] [Geode]:       Enabled DailyLevelNode::init hook at 0xe396c0 for geode.node-ids
18:53:34 DEBUG [Main] [Geode]:       Enabled DailyLevelPage::init hook at 0xe376d0 for geode.node-ids
18:53:34 DEBUG [Main] [Geode]:       Enabled EditLevelLayer::init hook at 0xe3c8e0 for geode.node-ids
18:53:34 DEBUG [Main] [Geode]:       Enabled EditorPauseLayer::init hook at 0xe40020 for geode.node-ids
18:53:34 DEBUG [Main] [Geode]:       Enabled EditorUI::init hook at 0xe44260 for geode.node-ids
18:53:34 DEBUG [Main] [Geode]:       Enabled GJGarageLayer::init hook at 0xf8f250 for geode.node-ids
18:53:34 DEBUG [Main] [Geode]:       Enabled GJGarageLayer::setupPage hook at 0xf91d70 for geode.node-ids
18:53:34 DEBUG [Main] [Geode]:       Enabled GJScoreCell::loadFromScore hook at 0xe265b0 for geode.node-ids
18:53:34 DEBUG [Main] [Geode]:       Enabled GameToolbox::addBackButton hook at 0xde1910 for geode.node-ids
18:53:34 DEBUG [Main] [Geode]:       Enabled GameToolbox::addRThumbScrollButton hook at 0xde19c0 for geode.node-ids
18:53:34 DEBUG [Main] [Geode]:       Enabled InfoLayer::init hook at 0xfc8810 for geode.node-ids
18:53:34 DEBUG [Main] [Geode]:       Enabled LeaderboardsLayer::init hook at 0xfcdc60 for geode.node-ids
18:53:34 DEBUG [Main] [Geode]:       Enabled LevelBrowserLayer::init hook at 0xfd2e60 for geode.node-ids
18:53:34 DEBUG [Main] [Geode]:       Enabled LevelCell::loadCustomLevelCell hook at 0xe1da60 for geode.node-ids
18:53:34 DEBUG [Main] [Geode]:       Enabled LevelCell::loadFromLevel hook at 0xe1d8b0 for geode.node-ids
18:53:34 DEBUG [Main] [Geode]:       Enabled LevelCell::loadLocalLevelCell hook at 0xe204d0 for geode.node-ids
18:53:34 DEBUG [Main] [Geode]:       Enabled LevelInfoLayer::init hook at 0xff16a0 for geode.node-ids
18:53:34 DEBUG [Main] [Geode]:       Enabled LevelInfoLayer::setupPlatformerStats hook at 0xff3a90 for geode.node-ids
18:53:34 DEBUG [Main] [Geode]:       Enabled LevelInfoLayer::setupProgressBars hook at 0xff3e20 for geode.node-ids
18:53:34 DEBUG [Main] [Geode]:       Enabled LevelInfoLayer::updateLabelValues hook at 0xff6d20 for geode.node-ids
18:53:34 DEBUG [Main] [Geode]:       Enabled LevelLeaderboard::init hook at 0xff8060 for geode.node-ids
18:53:34 DEBUG [Main] [Geode]:       Enabled LevelSearchLayer::init hook at 0x1000f10 for geode.node-ids
18:53:34 DEBUG [Main] [Geode]:       Enabled PauseLayer::customSetup hook at 0x10589f0 for geode.node-ids
18:53:34 DEBUG [Main] [Geode]:       Enabled PlayerObject::init hook at 0x10624c0 for geode.node-ids
18:53:34 DEBUG [Main] [Geode]:       Enabled ProfilePage::init hook at 0x108d080 for geode.node-ids
18:53:34 DEBUG [Main] [Geode]:       Enabled ProfilePage::loadPageFromUserInfo hook at 0x108dda0 for geode.node-ids
18:53:34 DEBUG [Main] [Geode]:       Enabled RewardsPage::init hook at 0x10967f0 for geode.node-ids
18:53:34 DEBUG [Main] [Geode]:       Enabled UILayer::init hook at 0x115ec10 for geode.node-ids
18:53:34 INFO  [Main] [Geode]: Took 0.141s
18:53:34 INFO  [Main] [Geode]: Continuing mod graph refresh...
18:53:34 DEBUG [Main] [Geode]:   Loading mods
18:53:34 DEBUG [Main] [Geode]:     thesillydoggo.animatedprofiles v1.0.1
18:53:34 DEBUG [Mod Unzip] [Geode]:  Unzip
18:53:34 DEBUG [Mod Unzip] [Geode]:  Same hash detected, skipping unzip
18:53:34 DEBUG [Main] [Geode]:       Load
18:53:34 DEBUG [Main] [Geode]:       Loading binary for mod thesillydoggo.animatedprofiles
18:53:35 DEBUG [Main] [Geode]:       Enabled ProfilePage::init hook at 0x108d080 for thesillydoggo.animatedprofiles
18:53:35 DEBUG [Main] [Geode]:       Enabled ProfilePage::loadPageFromUserInfo hook at 0x108dda0 for thesillydoggo.animatedprofiles
18:53:35 DEBUG [Main] [Geode]:       Enabled CommentCell::loadFromComment hook at 0xe24490 for thesillydoggo.animatedprofiles
18:53:35 DEBUG [Main] [Geode]:       Enabled CCAnimatedSprite::runAnimation hook at 0xdc1640 for thesillydoggo.animatedprofiles
18:53:35 INFO  [Main] [Geode]: Took 0.147s
18:53:35 INFO  [Main] [Geode]: Continuing mod graph refresh...
18:53:35 DEBUG [Main] [Geode]:   Loading mods
18:53:35 DEBUG [Main] [Geode]:     redlime.statchanges v1.1.0
18:53:35 DEBUG [Mod Unzip] [Geode]:  Unzip
18:53:35 DEBUG [Mod Unzip] [Geode]:  Same hash detected, skipping unzip
18:53:35 DEBUG [Main] [Geode]:       Load
18:53:35 DEBUG [Main] [Geode]:       Loading binary for mod redlime.statchanges
18:53:35 DEBUG [Main] [Geode]:       Enabled ProfilePage::init hook at 0x108d080 for redlime.statchanges
18:53:35 DEBUG [Main] [Geode]:       Enabled ProfilePage::loadPageFromUserInfo hook at 0x108dda0 for redlime.statchanges
18:53:35 DEBUG [Main] [Geode]:       Enabled ProfilePage::onClose hook at 0x10915e0 for redlime.statchanges
18:53:35 INFO  [Main] [Geode]: Took 0.162s
18:53:35 INFO  [Main] [Geode]: Continuing mod graph refresh...
18:53:35 DEBUG [Main] [Geode]:   Loading mods
18:53:35 DEBUG [Main] [Geode]:     hjfod.gdshare v1.0.4 has unresolved dependencies
18:53:35 INFO  [Main] [Geode]: Took 0.016s
18:53:35 INFO  [Main] [Geode]: Continuing mod graph refresh...
18:53:35 DEBUG [Main] [Geode]:   Loading mods
18:53:35 DEBUG [Main] [Geode]:     hjfod.betteredit v6.0.0
18:53:35 DEBUG [Mod Unzip] [Geode]:  Unzip
18:53:35 DEBUG [Mod Unzip] [Geode]:  Same hash detected, skipping unzip
18:53:35 DEBUG [Main] [Geode]:       Load
18:53:35 DEBUG [Main] [Geode]:       Loading binary for mod hjfod.betteredit
18:53:35 DEBUG [Main] [Geode]:       Enabled EditorPauseLayer::init hook at 0xe40020 for hjfod.betteredit
18:53:35 DEBUG [Main] [Geode]:       Enabled CustomizeObjectLayer::colorSelectClosed hook at 0xe18e60 for hjfod.betteredit
18:53:35 DEBUG [Main] [Geode]:       Enabled CustomizeObjectLayer::highlightSelected hook at 0xe1a1b0 for hjfod.betteredit
18:53:35 DEBUG [Main] [Geode]:       Enabled CustomizeObjectLayer::init hook at 0xe164a0 for hjfod.betteredit
18:53:35 DEBUG [Main] [Geode]:       Enabled CustomizeObjectLayer::onClose hook at 0xe1a2a0 for hjfod.betteredit
18:53:35 DEBUG [Main] [Geode]:       Enabled CustomizeObjectLayer::onSelectColor hook at 0xe19fa0 for hjfod.betteredit
18:53:35 DEBUG [Main] [Geode]:       Enabled CustomizeObjectLayer::onUpdateCustomColor hook at 0xe19af0 for hjfod.betteredit
18:53:35 DEBUG [Main] [Geode]:       Enabled CustomizeObjectLayer::textChanged hook at 0xe19cf0 for hjfod.betteredit
18:53:35 DEBUG [Main] [Geode]:       Enabled CustomizeObjectLayer::updateCustomColorLabels hook at 0xe19ec0 for hjfod.betteredit
18:53:35 DEBUG [Main] [Geode]:       Enabled SelectFontLayer::init hook at 0xfa4dd0 for hjfod.betteredit
18:53:35 DEBUG [Main] [Geode]:       Enabled EditorUI::scrollWheel hook at 0xe7b260 for hjfod.betteredit
18:53:35 DEBUG [Main] [Geode]:       Enabled EditorUI::init hook at 0xe44260 for hjfod.betteredit
18:53:35 DEBUG [Main] [Geode]:       Enabled EditorUI::init hook at 0xe44260 for hjfod.betteredit
18:53:35 DEBUG [Main] [Geode]:       Enabled EditorUI::init hook at 0xe44260 for hjfod.betteredit
18:53:35 DEBUG [Main] [Geode]:       Enabled EditorUI::updateZoom hook at 0xe6a3d0 for hjfod.betteredit
18:53:35 DEBUG [Main] [Geode]:       Enabled EditorPauseLayer::init hook at 0xe40020 for hjfod.betteredit
18:53:35 DEBUG [Main] [Geode]:       Enabled EditorPauseLayer::init hook at 0xe40020 for hjfod.betteredit
18:53:35 DEBUG [Main] [Geode]:       Enabled EditorUI::init hook at 0xe44260 for hjfod.betteredit
18:53:35 INFO  [Main] [Geode]: Took 0.141s
18:53:35 INFO  [Main] [Geode]: Continuing mod graph refresh...
18:53:35 DEBUG [Main] [Geode]:   Loading mods
18:53:35 DEBUG [Main] [Geode]:     tpdea.betterpause-Better v1.5.5
18:53:35 DEBUG [Mod Unzip] [Geode]:  Unzip
18:53:35 DEBUG [Mod Unzip] [Geode]:  Same hash detected, skipping unzip
18:53:35 DEBUG [Main] [Geode]:       Load
18:53:35 DEBUG [Main] [Geode]:       Loading binary for mod tpdea.betterpause-Better
18:53:35 DEBUG [Main] [Geode]:       Enabled PauseLayer::create hook at 0x1058940 for tpdea.betterpause-Better
18:53:35 DEBUG [Main] [Geode]:       Enabled PauseLayer::onResume hook at 0x1059f30 for tpdea.betterpause-Better
18:53:35 DEBUG [Main] [Geode]:       Enabled PlayLayer::addObject hook at 0x10819b0 for tpdea.betterpause-Better
18:53:35 DEBUG [Main] [Geode]:       Enabled PlayLayer::init hook at 0x107c4a0 for tpdea.betterpause-Better
18:53:35 DEBUG [Main] [Geode]:       Enabled PlayLayer::updateProgressbar hook at 0x1085440 for tpdea.betterpause-Better
18:53:35 DEBUG [Main] [Geode]:       Enabled GJBaseGameLayer::update hook at 0xf5b780 for tpdea.betterpause-Better
18:53:35 DEBUG [Main] [Geode]:       Enabled MoreOptionsLayer::addToggle hook at 0x10525f0 for tpdea.betterpause-Better
18:53:35 DEBUG [Main] [Geode]:       Enabled GameOptionsLayer::create hook at 0xfb3050 for tpdea.betterpause-Better
18:53:35 DEBUG [Main] [Geode]:       Enabled GJOptionsLayer::addToggle hook at 0xfa6350 for tpdea.betterpause-Better
18:53:35 DEBUG [Main] [Geode]:       Enabled GameToolbox::pointsToString hook at 0xde5960 for tpdea.betterpause-Better
18:53:35 DEBUG [Main] [Geode]:       Enabled DailyLevelPage::init hook at 0xe376d0 for tpdea.betterpause-Better
18:53:35 DEBUG [Main] [Geode]:       Enabled CustomSongWidget::updateSongObject hook at 0xe34280 for tpdea.betterpause-Better
18:53:35 DEBUG [Main] [Geode]:       Enabled CustomSongWidget::updateWithMultiAssets hook at 0xe356f0 for tpdea.betterpause-Better
18:53:35 INFO  [Main] [Geode]: Took 0.158s
18:53:35 INFO  [Main] [Geode]: Continuing mod graph refresh...
18:53:35 DEBUG [Main] [Geode]:   Loading mods
18:53:35 DEBUG [Main] [Geode]:     cvolton.betterinfo v4.0.0-alpha.13
18:53:35 DEBUG [Mod Unzip] [Geode]:  Unzip
18:53:35 DEBUG [Mod Unzip] [Geode]:  Same hash detected, skipping unzip
18:53:35 DEBUG [Main] [Geode]:       Load
18:53:35 DEBUG [Main] [Geode]:       Loading binary for mod cvolton.betterinfo
18:53:35 DEBUG [Main] [Geode]:       Enabled CommentCell::FLAlert_Clicked hook at 0xe263d0 for cvolton.betterinfo
18:53:35 DEBUG [Main] [Geode]:       Enabled CommentCell::loadFromComment hook at 0xe24490 for cvolton.betterinfo
18:53:35 DEBUG [Main] [Geode]:       Enabled CommentCell::onConfirmDelete hook at 0xe262c0 for cvolton.betterinfo
18:53:35 DEBUG [Main] [Geode]:       Enabled CommentCell::onLike hook at 0xe26110 for cvolton.betterinfo
18:53:35 DEBUG [Main] [Geode]:       Enabled CreatorLayer::init hook at 0xe0f550 for cvolton.betterinfo
18:53:35 DEBUG [Main] [Geode]:       Enabled CreatorLayer::onChallenge hook at 0xe10dd0 for cvolton.betterinfo
18:53:35 DEBUG [Main] [Geode]:       Enabled DailyLevelNode::init hook at 0xe396c0 for cvolton.betterinfo
18:53:35 DEBUG [Main] [Geode]:       Enabled DailyLevelPage::init hook at 0xe376d0 for cvolton.betterinfo
18:53:35 DEBUG [Main] [Geode]:       Enabled DailyLevelPage::updateTimers hook at 0xe39120 for cvolton.betterinfo
18:53:35 DEBUG [Main] [Geode]:       Enabled EditLevelLayer::init hook at 0xe3c8e0 for cvolton.betterinfo
18:53:35 DEBUG [Main] [Geode]:       Enabled EditLevelLayer::onLevelInfo hook at 0xe3db40 for cvolton.betterinfo
18:53:35 DEBUG [Main] [Geode]:       Enabled GJLevelList::showListInfo hook at 0xebcef0 for cvolton.betterinfo
18:53:35 DEBUG [Main] [Geode]:       Enabled GJScoreCell::loadFromScore hook at 0xe265b0 for cvolton.betterinfo
18:53:35 DEBUG [Main] [Geode]:       Enabled GameLevelManager::getCompletedLevels hook at 0xe97790 for cvolton.betterinfo
18:53:35 DEBUG [Main] [Geode]:       Enabled GameLevelManager::getSavedLevels hook at 0xe97340 for cvolton.betterinfo
18:53:35 DEBUG [Main] [Geode]:       Enabled GameLevelManager::limitSavedLevels hook at 0xe99210 for cvolton.betterinfo
18:53:35 DEBUG [Main] [Geode]:       Enabled GameLevelManager::userNameForUserID hook at 0xe96290 for cvolton.betterinfo
18:53:35 DEBUG [Main] [Geode]:       Enabled InfoLayer::init hook at 0xfc8810 for cvolton.betterinfo
18:53:35 DEBUG [Main] [Geode]:       Enabled InfoLayer::loadPage hook at 0xfcb340 for cvolton.betterinfo
18:53:35 DEBUG [Main] [Geode]:       Enabled InfoLayer::onLevelInfo hook at 0xfcada0 for cvolton.betterinfo
18:53:35 DEBUG [Main] [Geode]:       Enabled InfoLayer::onMore hook at 0xfcaaa0 for cvolton.betterinfo
18:53:35 DEBUG [Main] [Geode]:       Enabled InfoLayer::setupCommentsBrowser hook at 0xfcb670 for cvolton.betterinfo
18:53:35 DEBUG [Main] [Geode]:       Enabled LeaderboardsLayer::init hook at 0xfcdc60 for cvolton.betterinfo
18:53:35 DEBUG [Main] [Geode]:       Enabled LevelAreaInnerLayer::init hook at 0xfd11e0 for cvolton.betterinfo
18:53:35 DEBUG [Main] [Geode]:       Enabled LevelBrowserLayer::init hook at 0xfd2e60 for cvolton.betterinfo
18:53:35 DEBUG [Main] [Geode]:       Enabled LevelBrowserLayer::onGoToPage hook at 0xfd5c40 for cvolton.betterinfo
18:53:35 DEBUG [Main] [Geode]:       Enabled LevelBrowserLayer::setupPageInfo hook at 0xfd59e0 for cvolton.betterinfo
18:53:35 DEBUG [Main] [Geode]:       Enabled LevelCell::loadCustomLevelCell hook at 0xe1da60 for cvolton.betterinfo
18:53:35 DEBUG [Main] [Geode]:       Enabled LevelCell::onViewProfile hook at 0xe20f70 for cvolton.betterinfo
18:53:35 DEBUG [Main] [Geode]:       Enabled LevelInfoLayer::init hook at 0xff16a0 for cvolton.betterinfo
18:53:35 DEBUG [Main] [Geode]:       Enabled LevelInfoLayer::onLevelInfo hook at 0xff6a70 for cvolton.betterinfo
18:53:35 DEBUG [Main] [Geode]:       Enabled LevelInfoLayer::onViewProfile hook at 0xff6a10 for cvolton.betterinfo
18:53:35 DEBUG [Main] [Geode]:       Enabled LevelInfoLayer::updateLabelValues hook at 0xff6d20 for cvolton.betterinfo
18:53:35 DEBUG [Main] [Geode]:       Enabled LevelLeaderboard::init hook at 0xff8060 for cvolton.betterinfo
18:53:35 DEBUG [Main] [Geode]:       Enabled LevelListCell::loadFromList hook at 0xe2b570 for cvolton.betterinfo
18:53:35 DEBUG [Main] [Geode]:       Enabled LevelPage::onInfo hook at 0x100c400 for cvolton.betterinfo
18:53:35 DEBUG [Main] [Geode]:       Enabled LevelSearchLayer::getSearchObject hook at 0x1003ba0 for cvolton.betterinfo
18:53:35 DEBUG [Main] [Geode]:       Enabled MoreSearchLayer::init hook at 0x10056b0 for cvolton.betterinfo
18:53:35 DEBUG [Main] [Geode]:       Enabled MoreSearchLayer::onSongFilter hook at 0x10069e0 for cvolton.betterinfo
18:53:35 DEBUG [Main] [Geode]:       Enabled MoreSearchLayer::onSongMode hook at 0x1006c90 for cvolton.betterinfo
18:53:35 DEBUG [Main] [Geode]:       Enabled PlayLayer::destroyPlayer hook at 0x1086730 for cvolton.betterinfo
18:53:35 DEBUG [Main] [Geode]:       Enabled PlayLayer::init hook at 0x107c4a0 for cvolton.betterinfo
18:53:35 DEBUG [Main] [Geode]:       Enabled PlayLayer::levelComplete hook at 0x107db60 for cvolton.betterinfo
18:53:35 DEBUG [Main] [Geode]:       Enabled PlayLayer::onQuit hook at 0x108b480 for cvolton.betterinfo
18:53:35 DEBUG [Main] [Geode]:       Enabled PlayLayer::resetLevel hook at 0x108a130 for cvolton.betterinfo
18:53:35 DEBUG [Main] [Geode]:       Enabled ProfilePage::getUserInfoFailed hook at 0x1091e40 for cvolton.betterinfo
18:53:35 DEBUG [Main] [Geode]:       Enabled ProfilePage::init hook at 0x108d080 for cvolton.betterinfo
18:53:35 DEBUG [Main] [Geode]:       Enabled ProfilePage::loadPageFromUserInfo hook at 0x108dda0 for cvolton.betterinfo
18:53:35 DEBUG [Main] [Geode]:       Enabled ProfilePage::onClose hook at 0x10915e0 for cvolton.betterinfo
18:53:35 DEBUG [Main] [Geode]:       Enabled RewardsPage::init hook at 0x10967f0 for cvolton.betterinfo
18:53:35 DEBUG [Main] [Geode]:       Enabled MenuLayer::init hook at 0x101b450 for cvolton.betterinfo
18:53:35 INFO  [Main] [Geode]: Took 0.144s
18:53:35 INFO  [Main] [Geode]: Continuing mod graph refresh...
18:53:35 DEBUG [Main] [Geode]:   Loading mods
18:53:35 DEBUG [Main] [Geode]:     coopeeo.customname v1.2.2
18:53:35 DEBUG [Mod Unzip] [Geode]:  Unzip
18:53:35 DEBUG [Mod Unzip] [Geode]:  Same hash detected, skipping unzip
18:53:35 DEBUG [Main] [Geode]:       Load
18:53:35 DEBUG [Main] [Geode]:       Loading binary for mod coopeeo.customname
18:53:35 DEBUG [Main] [Geode]:       Enabled MenuLayer::init hook at 0x101b450 for coopeeo.customname
18:53:35 DEBUG [Main] [Geode]:       Enabled ProfilePage::init hook at 0x108d080 for coopeeo.customname
18:53:35 DEBUG [Main] [Geode]:       Enabled ProfilePage::loadPageFromUserInfo hook at 0x108dda0 for coopeeo.customname
18:53:35 INFO  [Main] [Geode]: Took 0.107s
18:53:35 INFO  [Main] [Geode]: Continuing mod graph refresh...
18:53:35 DEBUG [Main] [Geode]:   Loading mods
18:53:35 DEBUG [Main] [Geode]:     bitz.customprofiles v1.0.5
18:53:35 DEBUG [Mod Unzip] [Geode]:  Unzip
18:53:35 DEBUG [Mod Unzip] [Geode]:  Same hash detected, skipping unzip
18:53:35 DEBUG [Main] [Geode]:       Load
18:53:35 DEBUG [Main] [Geode]:       Loading binary for mod bitz.customprofiles
18:53:35 DEBUG [Main] [Geode]:       Enabled GJAccountSettingsLayer::init hook at 0xfa84f0 for bitz.customprofiles
18:53:35 DEBUG [Main] [Geode]:       Enabled GJAccountSettingsLayer::onClose hook at 0xfa9db0 for bitz.customprofiles
18:53:35 DEBUG [Main] [Geode]:       Enabled InfoLayer::init hook at 0xfc8810 for bitz.customprofiles
18:53:35 DEBUG [Main] [Geode]:       Enabled InfoLayer::setupCommentsBrowser hook at 0xfcb670 for bitz.customprofiles
18:53:35 DEBUG [Main] [Geode]:       Enabled ProfilePage::init hook at 0x108d080 for bitz.customprofiles
18:53:35 DEBUG [Main] [Geode]:       Enabled ProfilePage::loadPageFromUserInfo hook at 0x108dda0 for bitz.customprofiles
18:53:35 DEBUG [Main] [Geode]:       Enabled ProfilePage::onUpdate hook at 0x108db10 for bitz.customprofiles
18:53:35 DEBUG [Main] [Geode]:       Enabled ProfilePage::setupCommentsBrowser hook at 0x1092160 for bitz.customprofiles
18:53:35 DEBUG [Main] [Geode]:       Enabled CommentCell::draw hook at 0xe1d5b0 for bitz.customprofiles
18:53:35 DEBUG [Main] [Geode]:       Enabled CommentCell::loadFromComment hook at 0xe24490 for bitz.customprofiles
18:53:35 DEBUG [Main] [Geode]:       Enabled CommentCell::updateBGColor hook at 0xe26090 for bitz.customprofiles
18:53:35 INFO  [Main] [Geode]: Took 0.104s
18:53:35 INFO  [Main] [Geode]: Continuing mod graph refresh...
18:53:35 DEBUG [Main] [Geode]:   Loading mods
18:53:35 DEBUG [Main] [Geode]:     alphalaneous.integratedloquibot v1.3.4
18:53:35 DEBUG [Mod Unzip] [Geode]:  Unzip
18:53:35 DEBUG [Mod Unzip] [Geode]:  Same hash detected, skipping unzip
18:53:35 INFO  [Main] [Geode]: Took 0.033s
18:53:35 INFO  [Main] [Geode]: Continuing mod graph refresh...
18:53:35 DEBUG [Main] [Geode]:   Loading mods
18:53:35 DEBUG [Main] [Geode]:     alphalaneous.projectedstars v1.1.2
18:53:35 DEBUG [Mod Unzip] [Geode]:  Unzip
18:53:35 DEBUG [Mod Unzip] [Geode]:  Same hash detected, skipping unzip
18:53:35 DEBUG [Main] [Geode]:       Load
18:53:35 DEBUG [Main] [Geode]:       Loading binary for mod alphalaneous.projectedstars
18:53:36 DEBUG [Main] [Geode]:       Enabled LevelInfoLayer::init hook at 0xff16a0 for alphalaneous.projectedstars
18:53:36 INFO  [Main] [Geode]: Took 0.111s
18:53:36 INFO  [Main] [Geode]: Continuing mod graph refresh...
18:53:36 DEBUG [Main] [Geode]:   Loading mods
18:53:36 DEBUG [Main] [Geode]:     beat.click-sound v1.4.1
18:53:36 DEBUG [Mod Unzip] [Geode]:  Unzip
18:53:36 DEBUG [Mod Unzip] [Geode]:  Same hash detected, skipping unzip
18:53:36 DEBUG [Main] [Geode]:       Load
18:53:36 DEBUG [Main] [Geode]:       Loading binary for mod beat.click-sound
18:53:36 DEBUG [Main] [Geode]:       Enabled PlayerObject::pushButton hook at 0x1071d30 for beat.click-sound
18:53:36 DEBUG [Main] [Geode]:       Enabled PlayerObject::releaseButton hook at 0x1071f70 for beat.click-sound
18:53:36 DEBUG [Main] [Geode]:       Enabled PauseLayer::customSetup hook at 0x10589f0 for beat.click-sound
18:53:36 DEBUG [Main] [Geode]:       Enabled ProfilePage::init hook at 0x108d080 for beat.click-sound
18:53:36 DEBUG [Main] [Geode]:       Enabled EndLevelLayer::customSetup hook at 0xe874f0 for beat.click-sound
18:53:36 INFO  [Main] [Geode]: Took 0.106s
18:53:36 INFO  [Main] [Geode]: Continuing mod graph refresh...
18:53:36 DEBUG [Main] [Geode]:   Loading mods
18:53:36 DEBUG [Main] [Geode]:     hjfod.betteredit v6.0.0
18:53:36 INFO  [Main] [Geode]: Took 0.017s
18:53:36 INFO  [Main] [Geode]: Continuing mod graph refresh...
18:53:36 DEBUG [Main] [Geode]:   Loading mods
18:53:36 DEBUG [Main] [Geode]:     hjfod.gdshare v1.0.4 has unresolved dependencies
18:53:36 INFO  [Main] [Geode]: Took 0.016s
18:53:36 INFO  [Main] [Geode]: Continuing mod graph refresh...
18:53:36 DEBUG [Main] [Geode]:   Loading mods
18:53:36 DEBUG [Main] [Geode]:     hjfod.gmd-api v1.0.1
18:53:36 DEBUG [Mod Unzip] [Geode]:  Unzip
18:53:36 DEBUG [Mod Unzip] [Geode]:  Same hash detected, skipping unzip
18:53:36 DEBUG [Main] [Geode]:       Load
18:53:36 DEBUG [Main] [Geode]:       Loading binary for mod hjfod.gmd-api
18:53:36 INFO  [Main] [Geode]: Took 0.121s
18:53:36 INFO  [Main] [Geode]: Continuing mod graph refresh...
18:53:36 DEBUG [Main] [Geode]:   Loading mods
18:53:36 DEBUG [Main] [Geode]:     hjfod.gdshare v1.0.4
18:53:36 DEBUG [Mod Unzip] [Geode]:  Unzip
18:53:36 DEBUG [Mod Unzip] [Geode]:  Same hash detected, skipping unzip
18:53:36 DEBUG [Main] [Geode]:       Load
18:53:36 DEBUG [Main] [Geode]:       Loading binary for mod hjfod.gdshare
18:53:36 DEBUG [Main] [Geode]:       Enabled EditLevelLayer::init hook at 0xe3c8e0 for hjfod.gdshare
18:53:36 DEBUG [Main] [Geode]:       Enabled LevelInfoLayer::init hook at 0xff16a0 for hjfod.gdshare
18:53:36 DEBUG [Main] [Geode]:       Enabled LevelBrowserLayer::init hook at 0xfd2e60 for hjfod.gdshare
18:53:36 INFO  [Main] [Geode]: Took 0.113s
18:53:36 INFO  [Main] [Geode]: Continuing mod graph refresh...
18:53:36 DEBUG [Main] [Geode]:   Loading mods
18:53:36 DEBUG [Main] [Geode]:     muhammadgames.bettermenu v1.0.4-beta.12
18:53:36 DEBUG [Mod Unzip] [Geode]:  Unzip
18:53:36 DEBUG [Mod Unzip] [Geode]:  Same hash detected, skipping unzip
18:53:36 DEBUG [Main] [Geode]:       Load
18:53:36 DEBUG [Main] [Geode]:       Loading binary for mod muhammadgames.bettermenu
18:53:36 DEBUG [Main] [Geode]:       Enabled MenuLayer::init hook at 0x101b450 for muhammadgames.bettermenu
18:53:36 INFO  [Main] [Geode]: Took 0.087s
18:53:36 INFO  [Main] [Geode]: Continuing mod graph refresh...
18:53:36 DEBUG [Main] [Geode]:   Loading mods
18:53:36 DEBUG [Main] [Geode]:     redlime.statchanges v1.1.0
18:53:36 INFO  [Main] [Geode]: Took 0.016s
18:53:36 INFO  [Main] [Geode]: Continuing mod graph refresh...
18:53:36 DEBUG [Main] [Geode]:   Loading mods
18:53:36 DEBUG [Main] [Geode]:     thesillydoggo.animatedprofiles v1.0.1
18:53:36 INFO  [Main] [Geode]: Took 0.016s
18:53:36 INFO  [Main] [Geode]: Continuing mod graph refresh...
18:53:36 DEBUG [Main] [Geode]:   Loading mods
18:53:36 DEBUG [Main] [Geode]:     thesillydoggo.entersearch v1.0.0
18:53:36 DEBUG [Mod Unzip] [Geode]:  Unzip
18:53:36 DEBUG [Mod Unzip] [Geode]:  Same hash detected, skipping unzip
18:53:36 DEBUG [Main] [Geode]:       Load
18:53:36 DEBUG [Main] [Geode]:       Loading binary for mod thesillydoggo.entersearch
18:53:36 DEBUG [Main] [Geode]:       Enabled FLAlertLayer::init hook at 0xdd0f60 for thesillydoggo.entersearch
18:53:36 DEBUG [Main] [Geode]:       Enabled LevelSearchLayer::init hook at 0x1000f10 for thesillydoggo.entersearch
18:53:36 DEBUG [Main] [Geode]:       Enabled ShareCommentLayer::init hook at 0x1126490 for thesillydoggo.entersearch
18:53:36 DEBUG [Main] [Geode]:       Enabled cocos2d::CCKeyboardDispatcher::dispatchKeyboardMSG hook at 0x6810be70 for thesillydoggo.entersearch
18:53:36 INFO  [Main] [Geode]: Took 0.102s
18:53:36 INFO  [Main] [Geode]: Continuing mod graph refresh...
18:53:36 DEBUG [Main] [Geode]:   Loading mods
18:53:36 DEBUG [Main] [Geode]:     TheSillyDoggo.GradientPages v2.1.0
18:53:36 DEBUG [Mod Unzip] [Geode]:  Unzip
18:53:36 DEBUG [Mod Unzip] [Geode]:  Same hash detected, skipping unzip
18:53:36 DEBUG [Main] [Geode]:       Load
18:53:36 DEBUG [Main] [Geode]:       Loading binary for mod TheSillyDoggo.GradientPages
18:53:36 DEBUG [Main] [Geode]:       Enabled ProfilePage::init hook at 0x108d080 for TheSillyDoggo.GradientPages
18:53:36 DEBUG [Main] [Geode]:       Enabled ProfilePage::loadPageFromUserInfo hook at 0x108dda0 for TheSillyDoggo.GradientPages
18:53:36 DEBUG [Main] [Geode]:       Enabled GJAccountSettingsLayer::init hook at 0xfa84f0 for TheSillyDoggo.GradientPages
18:53:36 DEBUG [Main] [Geode]:       Enabled FRequestProfilePage::init hook at 0xe8ef90 for TheSillyDoggo.GradientPages
18:53:36 DEBUG [Main] [Geode]:       Enabled MessagesProfilePage::init hook at 0x101d1c0 for TheSillyDoggo.GradientPages
18:53:36 DEBUG [Main] [Geode]:       Enabled FriendsProfilePage::init hook at 0xe90a10 for TheSillyDoggo.GradientPages
18:53:36 DEBUG [Main] [Geode]:       Enabled InfoLayer::init hook at 0xfc8810 for TheSillyDoggo.GradientPages
18:53:36 DEBUG [Main] [Geode]:       Enabled GJCommentListLayer::create hook at 0xfa7dc0 for TheSillyDoggo.GradientPages
18:53:36 DEBUG [Main] [Geode]:       Enabled ItemInfoPopup::init hook at 0xf95b80 for TheSillyDoggo.GradientPages
18:53:36 DEBUG [Main] [Geode]:       Enabled ShardsPage::init hook at 0x1124320 for TheSillyDoggo.GradientPages
18:53:36 DEBUG [Main] [Geode]:       Enabled CommunityCreditsPage::init hook at 0xe08b10 for TheSillyDoggo.GradientPages
18:53:36 DEBUG [Main] [Geode]:       Enabled DemonFilterSelectLayer::init hook at 0x10073e0 for TheSillyDoggo.GradientPages
18:53:36 DEBUG [Main] [Geode]:       Enabled MoreSearchLayer::init hook at 0x10056b0 for TheSillyDoggo.GradientPages
18:53:36 DEBUG [Main] [Geode]:       Enabled ChallengesPage::init hook at 0xdfc560 for TheSillyDoggo.GradientPages
18:53:36 DEBUG [Main] [Geode]:       Enabled SetIDPopup::init hook at 0xfaf980 for TheSillyDoggo.GradientPages
18:53:36 INFO  [Main] [Geode]: Took 0.089s
18:53:36 INFO  [Main] [Geode]: Continuing mod graph refresh...
18:53:36 DEBUG [Main] [Geode]:   Loading mods
18:53:36 DEBUG [Main] [Geode]:     xanii.youtubers v1.0.0
18:53:36 DEBUG [Mod Unzip] [Geode]:  Unzip
18:53:36 DEBUG [Mod Unzip] [Geode]:  Same hash detected, skipping unzip
18:53:36 DEBUG [Main] [Geode]:       Load
18:53:36 DEBUG [Main] [Geode]:       Loading binary for mod xanii.youtubers
18:53:36 DEBUG [Main] [Geode]:       Enabled ProfilePage::setupPageInfo hook at 0x1092350 for xanii.youtubers
18:53:36 INFO  [Main] [Geode]: Took 0.1s
18:53:36 INFO  [Main] [Geode]: Continuing mod graph refresh...
18:53:36 DEBUG [Main] [Geode]:   Finding problems
18:53:36 DEBUG [Main] [Geode]:     geode.loader
18:53:36 DEBUG [Main] [Geode]:     beat.click-sound
18:53:36 DEBUG [Main] [Geode]:     mat.run-info
18:53:36 DEBUG [Main] [Geode]:     alphalaneous.projectedstars
18:53:36 DEBUG [Main] [Geode]:     elohmrow.death_tracker
18:53:36 DEBUG [Main] [Geode]:     absolllute.megahack
18:53:36 DEBUG [Main] [Geode]:     abb2k.backup
18:53:36 DEBUG [Main] [Geode]:     adyagd.godlikefaces is not enabled
18:53:36 DEBUG [Main] [Geode]:     alphalaneous.integratedloquibot is not enabled
18:53:36 DEBUG [Main] [Geode]:     bitz.customprofiles
18:53:36 DEBUG [Main] [Geode]:     capeling.icon_profile_2.2
18:53:36 DEBUG [Main] [Geode]:     coderqc.gdswearfilter
18:53:36 DEBUG [Main] [Geode]:     colon.gold_user_coins
18:53:36 DEBUG [Main] [Geode]:     coopeeo.customname
18:53:36 DEBUG [Main] [Geode]:     cvolton.betterinfo
18:53:36 DEBUG [Main] [Geode]:     tpdea.betterpause-Better
18:53:36 DEBUG [Main] [Geode]:     dankmeme.globed2
18:53:36 DEBUG [Main] [Geode]:     elnexreal.copy_song_id
18:53:36 DEBUG [Main] [Geode]:     gdutilsdevs.gdutils
18:53:36 DEBUG [Main] [Geode]:     thesillydoggo.better_startpos_menu
18:53:36 DEBUG [Main] [Geode]:     geode.custom-keybinds
18:53:36 DEBUG [Main] [Geode]:     geode.node-ids
18:53:36 DEBUG [Main] [Geode]:     hjfod.betteredit
18:53:36 DEBUG [Main] [Geode]:     hjfod.gdshare
18:53:36 DEBUG [Main] [Geode]:     hjfod.gmd-api
18:53:36 DEBUG [Main] [Geode]:     muhammadgames.bettermenu
18:53:36 DEBUG [Main] [Geode]:     redlime.statchanges
18:53:36 DEBUG [Main] [Geode]:     thesillydoggo.animatedprofiles
18:53:36 DEBUG [Main] [Geode]:     thesillydoggo.entersearch
18:53:36 DEBUG [Main] [Geode]:     TheSillyDoggo.GradientPages
18:53:36 DEBUG [Main] [Geode]:     xanii.youtubers
18:53:36 INFO  [Main] [Geode]:   Took 0.002s
18:53:36 DEBUG [Main] [Geode]: Verifying Loader Resources
18:53:36 DEBUG [Main] [Geode]: Loading Loader Resources
18:53:36 DEBUG [Main] [Geode]: Loading mod resources
18:53:36 DEBUG [Main] [Geode]: Adding resources
18:53:36 DEBUG [Main] [Geode]:   geode.loader
18:53:36 DEBUG [Main] [Geode]:     Adding sheet geode.loader/LogoSheet
18:53:36 DEBUG [Main] [Geode]:     Adding sheet geode.loader/APISheet
18:53:36 DEBUG [Main] [Geode]:     Adding sheet geode.loader/BlankSheet
18:53:37 DEBUG [Main] [Geode]:   adyagd.godlikefaces
18:53:37 DEBUG [Main] [Geode]:     Adding sheet adyagd.godlikefaces/GodlikeDiffSheet
18:53:37 DEBUG [Main] [Geode]:   dankmeme.globed2
18:53:37 DEBUG [Main] [Geode]:     Adding sheet dankmeme.globed2/globedsheet1
18:53:37 DEBUG [Main] [Geode]:   geode.custom-keybinds
18:53:37 DEBUG [Main] [Geode]:     Adding sheet geode.custom-keybinds/KB_ControllerSheet
18:53:37 DEBUG [Main] [Geode]:   hjfod.betteredit
18:53:37 DEBUG [Main] [Geode]:     Adding sheet hjfod.betteredit/UISheet
18:53:37 DEBUG [Main] [Geode]:   hjfod.gdshare
18:53:37 DEBUG [Main] [Geode]:     Adding sheet hjfod.gdshare/GDShare
18:53:37 DEBUG [Main] [Geode]:   TheSillyDoggo.GradientPages
18:53:37 DEBUG [Main] [Geode]:     Adding sheet TheSillyDoggo.GradientPages/UISheet
18:53:47 DEBUG [Main] [Globed]: preloading assets
18:54:25 DEBUG [Main] [Globed]: Asset preloading finished in 37.874s.
18:54:26 DEBUG [Main] [Geode]: Checking updates for index
18:54:26 ERROR [Main] [Geode]: Mod ID 'tpdea.betterpause-Better' will be rejected in the future - IDs must match the regex `[a-z0-9\-_]+\.[a-z0-9\-_]+`
18:54:26 ERROR [Main] [Geode]: Mod ID 'TheSillyDoggo.GradientPages' will be rejected in the future - IDs must match the regex `[a-z0-9\-_]+\.[a-z0-9\-_]+`
18:54:27 DEBUG [Main] [Geode]: Enabled FMODChannelControl::setVolume hook at 0x67afb180 for absolllute.megahack
18:54:27 DEBUG [Main] [Geode]: Enabled FMODChannelControl::setPitch hook at 0x67afaf00 for absolllute.megahack
18:54:27 DEBUG [Main] [Geode]: Enabled cocos2dCCParticleSystem::loadScaledDefaults hook at 0x6812bba0 for absolllute.megahack
18:54:27 DEBUG [Main] [Geode]: Enabled cocos2dCCTransitionFade::create hook at 0x68117710 for absolllute.megahack
18:54:27 DEBUG [Main] [Geode]: Enabled cocos2dCCTransitionMoveInT::create hook at 0x681181f0 for absolllute.megahack
18:54:27 DEBUG [Main] [Geode]: Enabled cocos2dCCDirector::drawScene hook at 0x68172ae0 for absolllute.megahack
18:54:27 DEBUG [Main] [Geode]: Enabled cocos2dCCScheduler::update hook at 0x68176db0 for absolllute.megahack
18:54:27 DEBUG [Main] [Geode]: Enabled cocos2dCCIMEDelegate::attachWithIME hook at 0x68169ea0 for absolllute.megahack
18:54:27 DEBUG [Main] [Geode]: Enabled cocos2dCCIMEDelegate::detachWithIME hook at 0x68169f20 for absolllute.megahack
18:54:27 DEBUG [Main] [Geode]: Enabled AppDelegate::trySaveGame hook at 0xdfb790 for absolllute.megahack
18:54:27 DEBUG [Main] [Geode]: Enabled GameStatsManager::isItemUnlocked hook at 0xf16570 for absolllute.megahack
18:54:27 DEBUG [Main] [Geode]: Enabled ColorAction::setupFromString hook at 0x1379950 for absolllute.megahack
18:54:27 DEBUG [Main] [Geode]: Enabled GameObject::createWithKey hook at 0xed0330 for absolllute.megahack
18:54:27 DEBUG [Main] [Geode]: Enabled UILayer::init hook at 0x115ec10 for absolllute.megahack
18:54:27 DEBUG [Main] [Geode]: Enabled UILayer::keyDown hook at 0x115f930 for absolllute.megahack
18:54:27 DEBUG [Main] [Geode]: Enabled UILayer::keyUp hook at 0x115f950 for absolllute.megahack
18:54:27 DEBUG [Main] [Geode]: Enabled PauseLayer::customSetup hook at 0x10589f0 for absolllute.megahack
18:54:27 DEBUG [Main] [Geode]: Enabled PauseLayer::onResume hook at 0x1059f30 for absolllute.megahack
18:54:27 DEBUG [Main] [Geode]: Enabled EndLevelLayer::customSetup hook at 0xe874f0 for absolllute.megahack
18:54:27 DEBUG [Main] [Geode]: Enabled EndLevelLayer::keyDown hook at 0xe8a310 for absolllute.megahack
18:54:27 DEBUG [Main] [Geode]: Enabled ShaderLayer::visit hook at 0x1123810 for absolllute.megahack
18:54:27 DEBUG [Main] [Geode]: Enabled LevelInfoLayer::onPlay hook at 0xff55b0 for absolllute.megahack
18:54:27 DEBUG [Main] [Geode]: Enabled PlayerObject::togglePlayerScale hook at 0x1079170 for absolllute.megahack
18:54:27 DEBUG [Main] [Geode]: Enabled GJBaseGameLayer::handleButton hook at 0xf569f0 for absolllute.megahack
18:54:27 DEBUG [Main] [Geode]: Enabled GJBaseGameLayer::processCommands hook at 0xf5d240 for absolllute.megahack
18:54:27 DEBUG [Main] [Geode]: Enabled GJBaseGameLayer::resetLevelVariables hook at 0xf5db10 for absolllute.megahack
18:54:27 DEBUG [Main] [Geode]: Enabled GJBaseGameLayer::init hook at 0xf30290 for absolllute.megahack
18:54:27 DEBUG [Main] [Geode]: Enabled GJBaseGameLayer::visit hook at 0xf68ea0 for absolllute.megahack
18:54:27 DEBUG [Main] [Geode]: Enabled PlayLayer::_destructor hook at 0x107c080 for absolllute.megahack
18:54:27 DEBUG [Main] [Geode]: Enabled PlayLayer::init hook at 0x107c4a0 for absolllute.megahack
18:54:27 DEBUG [Main] [Geode]: Enabled PlayLayer::startGame hook at 0x107dab0 for absolllute.megahack
18:54:27 DEBUG [Main] [Geode]: Enabled PlayLayer::onQuit hook at 0x108b480 for absolllute.megahack
18:54:27 DEBUG [Main] [Geode]: Enabled PlayLayer::postUpdate hook at 0x1087220 for absolllute.megahack
18:54:27 DEBUG [Main] [Geode]: Enabled PlayLayer::addObject hook at 0x10819b0 for absolllute.megahack
18:54:27 DEBUG [Main] [Geode]: Enabled PlayLayer::destroyPlayer hook at 0x1086730 for absolllute.megahack
18:54:27 DEBUG [Main] [Geode]: Enabled PlayLayer::resetLevel hook at 0x108a130 for absolllute.megahack
18:54:27 DEBUG [Main] [Geode]: Enabled PlayLayer::updateAttempts hook at 0x108ab40 for absolllute.megahack
18:54:27 DEBUG [Main] [Geode]: Enabled PlayLayer::pauseGame hook at 0x108ae80 for absolllute.megahack
18:54:27 DEBUG [Main] [Geode]: Enabled PlayLayer::createCheckpoint hook at 0x10876e0 for absolllute.megahack
18:54:27 DEBUG [Main] [Geode]: Enabled PlayLayer::markCheckpoint hook at 0x1088550 for absolllute.megahack
18:54:27 DEBUG [Main] [Geode]: Enabled PlayLayer::storeCheckpoint hook at 0x10884a0 for absolllute.megahack
18:54:27 DEBUG [Main] [Geode]: Enabled PlayLayer::playEndAnimationToPos hook at 0x107fe00 for absolllute.megahack
18:54:27 DEBUG [Main] [Geode]: Enabled PlayLayer::playPlatformerEndAnimationToPos hook at 0x10805e0 for absolllute.megahack
18:54:27 DEBUG [Main] [Geode]: Enabled PlayLayer::applyEnterEffect hook at 0x10847d0 for absolllute.megahack
18:54:27 DEBUG [Main] [Geode]: Enabled PlayLayer::applyCustomEnterEffect hook at 0x1083f50 for absolllute.megahack
18:54:27 DEBUG [Main] [Geode]: Enabled PlayLayer::updateProgressbar hook at 0x1085440 for absolllute.megahack
18:54:27 DEBUG [Main] [Geode]: Downloading index
18:54:27 INFO  [Main] [BetterInfo]: Music Library response: 1
18:54:27 ERROR [Main] [Globed]: Failed to generate a session token! Please try to login and connect again.

Reason: <cy>login failed</c>
18:54:30 INFO  [Main] [Animated Profile Icons]: Playing animation: run
18:54:30 INFO  [Main] [Animated Profile Icons]: Playing animation: idle
18:54:30 INFO  [Main] [Animated Profile Icons]: Playing animation: run
18:54:30 DEBUG [Index Update] [Geode]: Unzipping index
18:54:31 INFO  [Main] [Animated Profile Icons]: Playing animation: run
18:54:32 INFO  [Main] [Animated Profile Icons]: Playing animation: run
18:54:49 DEBUG [Index Update] [Geode]: Updating local index cache
18:55:04 WARN  [Index Update] [Geode]:   settings.randomise-main-menu-bg contains unknown key "platforms"
18:55:04 WARN  [Index Update] [Geode]:   settings.force-bg contains unknown key "platforms"
18:55:14 WARN  [Index Update] [Geode]:   settings.mouse-move-on-zoom contains unknown key "platforms"
18:55:14 WARN  [Index Update] [Geode]:   settings.grid-size-controls contains unknown key "platforms"
18:55:14 WARN  [Index Update] [Geode]:   settings.show-grid-on-size-change contains unknown key "platforms"
18:55:14 WARN  [Index Update] [Geode]:   settings.soft-save-enabled contains unknown key "platforms"
18:55:18 DEBUG [Index Update] [Geode]:   Done
18:55:28 DEBUG [Main] [Geode]: Installing zilko.xdbot
18:55:29 DEBUG [Main] [Geode]: Installed zilko.xdbot
18:55:40 DEBUG [Main] [Geode]: Installing lexi.visiblecheckpoints
18:55:41 DEBUG [Main] [Geode]: Installed lexi.visiblecheckpoints
18:56:51 DEBUG [Main] [Geode]: Installing cj_link.fakemoderator
18:56:52 DEBUG [Main] [Geode]: Installed cj_link.fakemoderator
18:57:00 DEBUG [Main] [Geode]: Installing elnexreal.auto_priority
18:57:01 DEBUG [Main] [Geode]: Installed elnexreal.auto_priority
18:57:11 INFO  [Main] [Geode]: Saving mod data...
18:57:11 DEBUG [Main] [Geode]:   geode.loader
18:57:11 DEBUG [Main] [Geode]:     Check covered
18:57:11 DEBUG [Main] [Geode]:     Check if auto-check-updates is saved
18:57:11 DEBUG [Main] [Geode]:     Check if show-platform-console is saved
18:57:11 DEBUG [Main] [Geode]:     Check if disable-last-crashed-popup is saved
18:57:11 DEBUG [Main] [Geode]:     Check if auto-update-mods is saved
18:57:11 DEBUG [Main] [Geode]:   beat.click-sound
18:57:11 DEBUG [Main] [Geode]:     Check covered
18:57:11 DEBUG [Main] [Geode]:     Check if custom-clicksound is saved
18:57:11 DEBUG [Main] [Geode]:     Check if enable-clicksound is saved
18:57:11 DEBUG [Main] [Geode]:     Check if OnlyOnJump is saved
18:57:11 DEBUG [Main] [Geode]:     Check if clicksound-currentsound is saved
18:57:11 DEBUG [Main] [Geode]:     Check if custom-releasesound is saved
18:57:11 DEBUG [Main] [Geode]:     Check if enable-releasesound is saved
18:57:11 DEBUG [Main] [Geode]:     Check if releasesound-currentsound is saved
18:57:11 DEBUG [Main] [Geode]:     Check if settings-button is saved
18:57:11 DEBUG [Main] [Geode]:   mat.run-info
18:57:11 DEBUG [Main] [Geode]:     Check covered
18:57:11 DEBUG [Main] [Geode]:     Check if show-mode is saved
18:57:11 DEBUG [Main] [Geode]:     Check if position-top is saved
18:57:11 DEBUG [Main] [Geode]:     Check if position-left is saved
18:57:11 DEBUG [Main] [Geode]:     Check if show-icon is saved
18:57:11 DEBUG [Main] [Geode]:     Check if show-from is saved
18:57:11 DEBUG [Main] [Geode]:     Check if use-start-pos is saved
18:57:11 DEBUG [Main] [Geode]:   alphalaneous.projectedstars
18:57:11 DEBUG [Main] [Geode]:     Check covered
18:57:11 DEBUG [Main] [Geode]:   elohmrow.death_tracker
18:57:11 DEBUG [Main] [Geode]:     Check covered
18:57:11 DEBUG [Main] [Geode]:     Check if disable-tracking-completed-levels is saved
18:57:11 DEBUG [Main] [Geode]:   absolllute.megahack
18:57:11 DEBUG [Main] [Geode]:     Check covered
18:57:11 DEBUG [Main] [Geode]:   abb2k.backup
18:57:11 DEBUG [Main] [Geode]:     Check covered
18:57:11 DEBUG [Main] [Geode]:     Check if Max_Auto_Backups is saved
18:57:11 DEBUG [Main] [Geode]:     Check if Auto_Backup is saved
18:57:11 DEBUG [Main] [Geode]:     Check if Button_In_Options_Menu is saved
18:57:11 DEBUG [Main] [Geode]:   adyagd.godlikefaces
18:57:11 DEBUG [Main] [Geode]:     Check covered
18:57:11 DEBUG [Main] [Geode]:   alphalaneous.integratedloquibot
18:57:11 DEBUG [Main] [Geode]:     Check covered
18:57:11 DEBUG [Main] [Geode]:   bitz.customprofiles
18:57:11 DEBUG [Main] [Geode]:     Check covered
18:57:11 DEBUG [Main] [Geode]:     Check if Normal-colors is saved
18:57:11 DEBUG [Main] [Geode]:     Check if No-corners is saved
18:57:11 DEBUG [Main] [Geode]:     Check if Disable-info-button is saved
18:57:11 DEBUG [Main] [Geode]:     Check if Invert-Colors is saved
18:57:11 DEBUG [Main] [Geode]:     Check if Round-corners is saved
18:57:11 DEBUG [Main] [Geode]:     Check if Square-corners is saved
18:57:11 DEBUG [Main] [Geode]:     Check if Animate-colors is saved
18:57:11 DEBUG [Main] [Geode]:   capeling.icon_profile_2.2
18:57:11 DEBUG [Main] [Geode]:     Check covered
18:57:11 DEBUG [Main] [Geode]:   coderqc.gdswearfilter
18:57:11 DEBUG [Main] [Geode]:     Check covered
18:57:11 DEBUG [Main] [Geode]:     Check if censor-comments is saved
18:57:11 DEBUG [Main] [Geode]:     Check if strict-mode is saved
18:57:11 DEBUG [Main] [Geode]:     Check if filter-profanity is saved
18:57:11 DEBUG [Main] [Geode]:     Check if censor-level-descriptions is saved
18:57:11 DEBUG [Main] [Geode]:     Check if filter-antilgbtq is saved
18:57:11 DEBUG [Main] [Geode]:     Check if filter-sexual is saved
18:57:11 DEBUG [Main] [Geode]:     Check if filter-racism is saved
18:57:11 DEBUG [Main] [Geode]:     Check if censor-level-names is saved
18:57:11 DEBUG [Main] [Geode]:     Check if relax-censor is saved
18:57:11 DEBUG [Main] [Geode]:   colon.gold_user_coins
18:57:11 DEBUG [Main] [Geode]:     Check covered
18:57:11 DEBUG [Main] [Geode]:   coopeeo.customname
18:57:11 DEBUG [Main] [Geode]:     Check covered
18:57:11 DEBUG [Main] [Geode]:     Check if thename is saved
18:57:11 DEBUG [Main] [Geode]:   cvolton.betterinfo
18:57:11 DEBUG [Main] [Geode]:     Check covered
18:57:11 DEBUG [Main] [Geode]:     Check if fix-green-users is saved
18:57:11 DEBUG [Main] [Geode]:     Check if show-comment-ids is saved
18:57:11 DEBUG [Main] [Geode]:     Check if white-id is saved
18:57:11 DEBUG [Main] [Geode]:     Check if level-info is saved
18:57:11 DEBUG [Main] [Geode]:     Check if alt-button is saved
18:57:11 DEBUG [Main] [Geode]:     Check if auto-submit is saved
18:57:11 DEBUG [Main] [Geode]:   tpdea.betterpause-Better
18:57:11 DEBUG [Main] [Geode]:     Check covered
18:57:11 DEBUG [Main] [Geode]:     Check if level-editor-hack is saved
18:57:11 DEBUG [Main] [Geode]:     Check if show-comment-button is saved
18:57:11 DEBUG [Main] [Geode]:     Check if disable-arrow-blink is saved
18:57:11 DEBUG [Main] [Geode]:   dankmeme.globed2
18:57:11 DEBUG [Main] [Geode]:     Check covered
18:57:11 DEBUG [Main] [Geode]:   elnexreal.copy_song_id
18:57:11 DEBUG [Main] [Geode]:     Check covered
18:57:11 DEBUG [Main] [Geode]:   gdutilsdevs.gdutils
18:57:11 DEBUG [Main] [Geode]:     Check covered
18:57:11 DEBUG [Main] [Geode]:     Check if everywhereElse is saved
18:57:11 DEBUG [Main] [Geode]:     Check if weekly is saved
18:57:11 DEBUG [Main] [Geode]:     Check if daily is saved
18:57:11 DEBUG [Main] [Geode]:     Check if spotify-section is saved
18:57:11 DEBUG [Main] [Geode]:     Check if inEditor is saved
18:57:11 DEBUG [Main] [Geode]:     Check if inLevels is saved
18:57:11 DEBUG [Main] [Geode]:     Check if misc-section is saved
18:57:11 DEBUG [Main] [Geode]:     Check if customDifficultyFaces is saved
18:57:11 DEBUG [Main] [Geode]:     Check if newRate is saved
18:57:11 DEBUG [Main] [Geode]:     Check if sfx is saved
18:57:11 DEBUG [Main] [Geode]:     Check if spotifyApp is saved
18:57:11 DEBUG [Main] [Geode]:     Check if size is saved
18:57:11 DEBUG [Main] [Geode]:     Check if time is saved
18:57:11 DEBUG [Main] [Geode]:     Check if test-notification is saved
18:57:11 DEBUG [Main] [Geode]:     Check if demonListPlacement is saved
18:57:11 DEBUG [Main] [Geode]:     Check if inEditorSpotify is saved
18:57:11 DEBUG [Main] [Geode]:     Check if inLevelsSpotify is saved
18:57:11 DEBUG [Main] [Geode]:     Check if friendSearch is saved
18:57:11 DEBUG [Main] [Geode]:     Check if notificationPlacement is saved
18:57:11 DEBUG [Main] [Geode]:     Check if notification-section is saved
18:57:11 DEBUG [Main] [Geode]:     Check if notification-placement-section is saved
18:57:11 DEBUG [Main] [Geode]:     Check if notification-appearance-section is saved
18:57:11 DEBUG [Main] [Geode]:     Check if credits-section is saved
18:57:11 DEBUG [Main] [Geode]:     Check if credit-buttons is saved
18:57:11 DEBUG [Main] [Geode]:   thesillydoggo.better_startpos_menu
18:57:11 DEBUG [Main] [Geode]:     Check covered
18:57:11 DEBUG [Main] [Geode]:   geode.custom-keybinds
18:57:11 DEBUG [Main] [Geode]:     Check covered
18:57:11 DEBUG [Main] [Geode]:   geode.node-ids
18:57:11 DEBUG [Main] [Geode]:     Check covered
18:57:11 DEBUG [Main] [Geode]:   hjfod.betteredit
18:57:11 DEBUG [Main] [Geode]:     Check covered
18:57:11 DEBUG [Main] [Geode]:     Check if larger-color-menu is saved
18:57:11 DEBUG [Main] [Geode]:     Check if mouse-move-on-zoom is saved
18:57:11 DEBUG [Main] [Geode]:     Check if scale-factor is saved
18:57:11 DEBUG [Main] [Geode]:     Check if better-font-select is saved
18:57:11 DEBUG [Main] [Geode]:     Check if scale-pause is saved
18:57:11 DEBUG [Main] [Geode]:     Check if scale-build-tabs is saved
18:57:11 DEBUG [Main] [Geode]:     Check if new-color-menu is saved
18:57:11 DEBUG [Main] [Geode]:     Check if show-zoom-text is saved
18:57:11 DEBUG [Main] [Geode]:   hjfod.gdshare
18:57:11 DEBUG [Main] [Geode]:     Check covered
18:57:11 DEBUG [Main] [Geode]:   hjfod.gmd-api
18:57:11 DEBUG [Main] [Geode]:     Check covered
18:57:11 DEBUG [Main] [Geode]:   muhammadgames.bettermenu
18:57:11 DEBUG [Main] [Geode]:     Check covered
18:57:11 DEBUG [Main] [Geode]:     Check if ShortcutWeekly is saved
18:57:11 DEBUG [Main] [Geode]:     Check if RunMainMenu is saved
18:57:11 DEBUG [Main] [Geode]:     Check if ShortcutMyLevel is saved
18:57:11 DEBUG [Main] [Geode]:     Check if ShortcutSavedLevels is saved
18:57:11 DEBUG [Main] [Geode]:     Check if ShortcutSearch is saved
18:57:11 DEBUG [Main] [Geode]:     Check if replacename is saved
18:57:11 DEBUG [Main] [Geode]:     Check if ShortcutDaily is saved
18:57:11 DEBUG [Main] [Geode]:     Check if HideName is saved
18:57:11 DEBUG [Main] [Geode]:     Check if MoveMenuPos is saved
18:57:11 DEBUG [Main] [Geode]:     Check if MoveMenuPosFlip is saved
18:57:11 DEBUG [Main] [Geode]:     Check if RightSide is saved
18:57:11 DEBUG [Main] [Geode]:   redlime.statchanges
18:57:11 DEBUG [Main] [Geode]:     Check covered
18:57:11 DEBUG [Main] [Geode]:     Check if weeks is saved
18:57:11 DEBUG [Main] [Geode]:     Check if upArrowColor is saved
18:57:11 DEBUG [Main] [Geode]:     Check if textScale is saved
18:57:11 DEBUG [Main] [Geode]:     Check if downArrowColor is saved
18:57:11 DEBUG [Main] [Geode]:   thesillydoggo.animatedprofiles
18:57:11 DEBUG [Main] [Geode]:     Check covered
18:57:11 DEBUG [Main] [Geode]:   thesillydoggo.entersearch
18:57:11 DEBUG [Main] [Geode]:     Check covered
18:57:11 DEBUG [Main] [Geode]:   TheSillyDoggo.GradientPages
18:57:11 DEBUG [Main] [Geode]:     Check covered
18:57:11 DEBUG [Main] [Geode]:     Check if apply-filter is saved
18:57:11 DEBUG [Main] [Geode]:     Check if apply-credits is saved
18:57:11 DEBUG [Main] [Geode]:     Check if apply-profiles is saved
18:57:11 DEBUG [Main] [Geode]:     Check if apply-unlock is saved
18:57:11 DEBUG [Main] [Geode]:     Check if apply-info-layer is saved
18:57:11 DEBUG [Main] [Geode]:     Check if apply-pagesel is saved
18:57:11 DEBUG [Main] [Geode]:     Check if apply-shards is saved
18:57:11 DEBUG [Main] [Geode]:     Check if apply-demon is saved
18:57:11 DEBUG [Main] [Geode]:     Check if apply-quests is saved
18:57:11 DEBUG [Main] [Geode]:     Check if reverse-order is saved
18:57:11 DEBUG [Main] [Geode]:     Check if use-custom-colours is saved
18:57:11 DEBUG [Main] [Geode]:     Check if primary-colour is saved
18:57:11 DEBUG [Main] [Geode]:     Check if secondary-colour is saved
18:57:11 DEBUG [Main] [Geode]:   xanii.youtubers
18:57:11 DEBUG [Main] [Geode]:     Check covered
18:57:11 INFO  [Main] [Geode]:   Took 0.1s
18:57:22 DEBUG [Main] [Globed]: cleaning up..
18:57:22 DEBUG [Main] [Globed]: Goodbye!
18:57:22 DEBUG [Main] [Globed]: audio thread halted.
