17:09:46 INFO  [Main] [Geode]: Running Geode v2.0.0-beta.17 in Geometry Dash v2.204
17:09:46 INFO  [Main] [Geode]: Setting up internal mod
17:09:46 INFO  [Main] [Geode]: Setting up loader
17:09:46 DEBUG [Main] [Geode]:   Loading launch arguments
17:09:46 DEBUG [Main] [Geode]:   Setting up crash handler
17:09:46 DEBUG [Main] [Geode]:   Loading hooks
17:09:46 DEBUG [Main] [Geode]:     Enabled cocos2d::CCFileUtils::fullPathForFilename hook at 0x69310f40 for geode.loader
17:09:46 DEBUG [Main] [Geode]:     Enabled cocos2d::CCFileUtils::sharedFileUtils hook at 0x69319770 for geode.loader
17:09:46 DEBUG [Main] [Geode]:     Enabled cocos2d::CCNode::getUserObject hook at 0x693631f0 for geode.loader
17:09:46 DEBUG [Main] [Geode]:     Enabled cocos2d::CCNode::setUserObject hook at 0x692b15a0 for geode.loader
17:09:46 DEBUG [Main] [Geode]:     Enabled AchievementNotifier::willSwitchToScene hook at 0xd9c200 for geode.loader
17:09:46 DEBUG [Main] [Geode]:     Enabled AppDelegate::trySaveGame hook at 0xddb790 for geode.loader
17:09:46 DEBUG [Main] [Geode]:     Enabled cocos2d::CCScheduler::update hook at 0x69356db0 for geode.loader
17:09:46 DEBUG [Main] [Geode]:     Enabled CCTextInputNode::ccTouchBegan hook at 0xdb04f0 for geode.loader
17:09:46 DEBUG [Main] [Geode]:     Enabled LoadingLayer::loadAssets hook at 0xff6bd0 for geode.loader
17:09:46 DEBUG [Main] [Geode]:     Enabled LoadingLayer::init hook at 0xff6370 for geode.loader
17:09:46 DEBUG [Main] [Geode]:     Enabled LoadingLayer::loadAssets hook at 0xff6bd0 for geode.loader
17:09:46 DEBUG [Main] [Geode]:     Enabled MenuLayer::init hook at 0xffb450 for geode.loader
17:09:46 DEBUG [Main] [Geode]:   Setting up directories
17:09:46 INFO  [Main] [Geode]:   Refreshing mod graph
17:09:46 DEBUG [Main] [Geode]:     Queueing mods
17:09:46 DEBUG [Main] [Geode]:       Searching C:\Program Files (x86)\Steam\steamapps\common\Geometry Dash\geode\mods
17:09:46 DEBUG [Main] [Geode]:         Found abb2k.backup.geode
17:09:46 DEBUG [Main] [Geode]:           id: abb2k.backup
17:09:46 DEBUG [Main] [Geode]:           version: v1.0.4
17:09:46 DEBUG [Main] [Geode]:           early: no
17:09:46 DEBUG [Main] [Geode]:         Found absolllute.megahack.geode
17:09:46 DEBUG [Main] [Geode]:           id: absolllute.megahack
17:09:46 DEBUG [Main] [Geode]:           version: v8.0.0-alpha.10
17:09:46 DEBUG [Main] [Geode]:           early: yes
17:09:46 DEBUG [Main] [Geode]:         Found adyagd.godlikefaces.geode
17:09:46 DEBUG [Main] [Geode]:           id: adyagd.godlikefaces
17:09:46 DEBUG [Main] [Geode]:           version: v1.1.1
17:09:46 DEBUG [Main] [Geode]:           early: no
17:09:46 DEBUG [Main] [Geode]:         Found alk.editorcollab.geode
17:09:46 ERROR [Main] [Geode]:           Failed to queue: "C:\Program Files (x86)\Steam\steamapps\common\Geometry Dash\geode\mods\alk.editorcollab.geode" - [mod.json] is missing target GD version
17:09:46 DEBUG [Main] [Geode]:         Found alk.fps-shower.geode
17:09:46 ERROR [Main] [Geode]:           Failed to queue: "C:\Program Files (x86)\Steam\steamapps\common\Geometry Dash\geode\mods\alk.fps-shower.geode" - [mod.json] is missing target GD version
17:09:46 DEBUG [Main] [Geode]:         Found alphalaneous.projectedstars.geode
17:09:46 DEBUG [Main] [Geode]:           id: alphalaneous.projectedstars
17:09:46 DEBUG [Main] [Geode]:           version: v1.1.2
17:09:46 DEBUG [Main] [Geode]:           early: no
17:09:46 DEBUG [Main] [Geode]:         Found beat.click-sound.geode
17:09:46 DEBUG [Main] [Geode]:           id: beat.click-sound
17:09:46 DEBUG [Main] [Geode]:           version: v1.4.1
17:09:46 DEBUG [Main] [Geode]:           early: no
17:09:46 DEBUG [Main] [Geode]:         Found bitz.customprofiles.geode
17:09:46 DEBUG [Main] [Geode]:           id: bitz.customprofiles
17:09:46 DEBUG [Main] [Geode]:           version: v1.0.5
17:09:46 DEBUG [Main] [Geode]:           early: no
17:09:46 DEBUG [Main] [Geode]:         Found camila314.acbypass.geode
17:09:46 ERROR [Main] [Geode]:           Failed to queue: "C:\Program Files (x86)\Steam\steamapps\common\Geometry Dash\geode\mods\camila314.acbypass.geode" - [mod.json] is missing target GD version
17:09:46 DEBUG [Main] [Geode]:         Found camila314.demonlist-button.geode
17:09:46 ERROR [Main] [Geode]:           Failed to queue: "C:\Program Files (x86)\Steam\steamapps\common\Geometry Dash\geode\mods\camila314.demonlist-button.geode" - [mod.json] is missing target GD version
17:09:46 DEBUG [Main] [Geode]:         Found camila314.noclip.geode
17:09:46 ERROR [Main] [Geode]:           Failed to queue: "C:\Program Files (x86)\Steam\steamapps\common\Geometry Dash\geode\mods\camila314.noclip.geode" - [mod.json] is missing target GD version
17:09:46 DEBUG [Main] [Geode]:         Found capeling.icon_profile_2.2.geode
17:09:46 DEBUG [Main] [Geode]:           id: capeling.icon_profile_2.2
17:09:46 DEBUG [Main] [Geode]:           version: v1.1.4
17:09:46 DEBUG [Main] [Geode]:           early: no
17:09:46 DEBUG [Main] [Geode]:         Found chs.confirmquit.geode
17:09:46 ERROR [Main] [Geode]:           Failed to queue: "C:\Program Files (x86)\Steam\steamapps\common\Geometry Dash\geode\mods\chs.confirmquit.geode" - [mod.json] is missing target GD version
17:09:46 DEBUG [Main] [Geode]:         Found coderqc.gdswearfilter.geode
17:09:46 DEBUG [Main] [Geode]:           id: coderqc.gdswearfilter
17:09:46 DEBUG [Main] [Geode]:           version: v1.0.1
17:09:46 DEBUG [Main] [Geode]:           early: no
17:09:46 DEBUG [Main] [Geode]:         Found colon.gold_user_coins.geode
17:09:46 DEBUG [Main] [Geode]:           id: colon.gold_user_coins
17:09:46 DEBUG [Main] [Geode]:           version: v1.0.1
17:09:46 DEBUG [Main] [Geode]:           early: no
17:09:46 DEBUG [Main] [Geode]:         Found cvolton.betterinfo.geode
17:09:46 DEBUG [Main] [Geode]:           id: cvolton.betterinfo
17:09:46 DEBUG [Main] [Geode]:           version: v4.0.0-alpha.13
17:09:46 DEBUG [Main] [Geode]:           early: no
17:09:46 DEBUG [Main] [Geode]:         Found cvolton.capacity_fix.geode
17:09:46 ERROR [Main] [Geode]:           Failed to queue: "C:\Program Files (x86)\Steam\steamapps\common\Geometry Dash\geode\mods\cvolton.capacity_fix.geode" - [mod.json] is missing target GD version
17:09:46 DEBUG [Main] [Geode]:         Found dankmeme.globed2.geode
17:09:46 DEBUG [Main] [Geode]:           id: dankmeme.globed2
17:09:46 DEBUG [Main] [Geode]:           version: v1.0.5
17:09:46 DEBUG [Main] [Geode]:           early: no
17:09:46 DEBUG [Main] [Geode]:         Found elnexreal.copy_song_id.geode
17:09:46 DEBUG [Main] [Geode]:           id: elnexreal.copy_song_id
17:09:46 DEBUG [Main] [Geode]:           version: v1.2.2
17:09:46 DEBUG [Main] [Geode]:           early: no
17:09:46 DEBUG [Main] [Geode]:         Found elohmrow.death_tracker.geode
17:09:46 DEBUG [Main] [Geode]:           id: elohmrow.death_tracker
17:09:46 DEBUG [Main] [Geode]:           version: v1.4.3
17:09:46 DEBUG [Main] [Geode]:           early: no
17:09:46 DEBUG [Main] [Geode]:         Found fleym.nongd.geode
17:09:46 ERROR [Main] [Geode]:           Failed to queue: "C:\Program Files (x86)\Steam\steamapps\common\Geometry Dash\geode\mods\fleym.nongd.geode" - [mod.json] is missing target GD version
17:09:46 DEBUG [Main] [Geode]:         Found gdutilsdevs.gdutils.geode
17:09:46 DEBUG [Main] [Geode]:           id: gdutilsdevs.gdutils
17:09:46 DEBUG [Main] [Geode]:           version: v1.2.14
17:09:46 DEBUG [Main] [Geode]:           early: no
17:09:46 DEBUG [Main] [Geode]:         Found geode.custom-keybinds.geode
17:09:46 DEBUG [Main] [Geode]:           id: geode.custom-keybinds
17:09:46 DEBUG [Main] [Geode]:           version: v1.4.0
17:09:46 DEBUG [Main] [Geode]:           early: no
17:09:46 DEBUG [Main] [Geode]:         Found geode.node-ids.geode
17:09:46 DEBUG [Main] [Geode]:           id: geode.node-ids
17:09:46 DEBUG [Main] [Geode]:           version: v1.3.0
17:09:46 DEBUG [Main] [Geode]:           early: no
17:09:46 DEBUG [Main] [Geode]:         Found hjfod.custom-keybinds.geode
17:09:46 ERROR [Main] [Geode]:           Failed to queue: "C:\Program Files (x86)\Steam\steamapps\common\Geometry Dash\geode\mods\hjfod.custom-keybinds.geode" - [mod.json] is missing target GD version
17:09:46 DEBUG [Main] [Geode]:         Found hjfod.gdshare.geode
17:09:46 DEBUG [Main] [Geode]:           id: hjfod.gdshare
17:09:46 DEBUG [Main] [Geode]:           version: v1.0.4
17:09:46 DEBUG [Main] [Geode]:           early: no
17:09:46 DEBUG [Main] [Geode]:         Found hjfod.gmd-api.geode
17:09:46 DEBUG [Main] [Geode]:           id: hjfod.gmd-api
17:09:46 DEBUG [Main] [Geode]:           version: v1.0.1
17:09:46 DEBUG [Main] [Geode]:           early: no
17:09:46 DEBUG [Main] [Geode]:         Found mat.fps-bypass.geode
17:09:46 ERROR [Main] [Geode]:           Failed to queue: "C:\Program Files (x86)\Steam\steamapps\common\Geometry Dash\geode\mods\mat.fps-bypass.geode" - [mod.json] is missing target GD version
17:09:46 DEBUG [Main] [Geode]:         Found mat.practice-music.geode
17:09:46 ERROR [Main] [Geode]:           Failed to queue: "C:\Program Files (x86)\Steam\steamapps\common\Geometry Dash\geode\mods\mat.practice-music.geode" - [mod.json] is missing target GD version
17:09:46 DEBUG [Main] [Geode]:         Found mat.run-info.geode
17:09:46 DEBUG [Main] [Geode]:           id: mat.run-info
17:09:46 DEBUG [Main] [Geode]:           version: v1.0.2
17:09:46 DEBUG [Main] [Geode]:           early: no
17:09:46 DEBUG [Main] [Geode]:         Found mat.scroll-zoom.geode
17:09:46 ERROR [Main] [Geode]:           Failed to queue: "C:\Program Files (x86)\Steam\steamapps\common\Geometry Dash\geode\mods\mat.scroll-zoom.geode" - [mod.json] is missing target GD version
17:09:46 DEBUG [Main] [Geode]:         Found redlime.statchanges.geode
17:09:46 DEBUG [Main] [Geode]:           id: redlime.statchanges
17:09:46 DEBUG [Main] [Geode]:           version: v1.1.0
17:09:46 DEBUG [Main] [Geode]:           early: no
17:09:46 DEBUG [Main] [Geode]:         Found rlt.gd-platformer.geode
17:09:46 ERROR [Main] [Geode]:           Failed to queue: "C:\Program Files (x86)\Steam\steamapps\common\Geometry Dash\geode\mods\rlt.gd-platformer.geode" - [mod.json] is missing target GD version
17:09:46 DEBUG [Main] [Geode]:         Found ruslan.apm.geode
17:09:46 ERROR [Main] [Geode]:           Failed to queue: "C:\Program Files (x86)\Steam\steamapps\common\Geometry Dash\geode\mods\ruslan.apm.geode" - [mod.json] is missing target GD version
17:09:46 DEBUG [Main] [Geode]:         Found ruslan.nm.geode
17:09:46 ERROR [Main] [Geode]:           Failed to queue: "C:\Program Files (x86)\Steam\steamapps\common\Geometry Dash\geode\mods\ruslan.nm.geode" - [mod.json] is missing target GD version
17:09:46 DEBUG [Main] [Geode]:         Found thesillydoggo.animatedprofiles.geode
17:09:46 DEBUG [Main] [Geode]:           id: thesillydoggo.animatedprofiles
17:09:46 DEBUG [Main] [Geode]:           version: v1.0.1
17:09:46 DEBUG [Main] [Geode]:           early: no
17:09:46 DEBUG [Main] [Geode]:         Found thesillydoggo.better_startpos_menu.geode
17:09:46 DEBUG [Main] [Geode]:           id: thesillydoggo.better_startpos_menu
17:09:46 DEBUG [Main] [Geode]:           version: v1.1.0
17:09:46 DEBUG [Main] [Geode]:           early: no
17:09:46 DEBUG [Main] [Geode]:         Found thesillydoggo.entersearch.geode
17:09:46 DEBUG [Main] [Geode]:           id: thesillydoggo.entersearch
17:09:46 DEBUG [Main] [Geode]:           version: v1.0.0
17:09:46 DEBUG [Main] [Geode]:           early: no
17:09:46 DEBUG [Main] [Geode]:         Found TheSillyDoggo.GradientPages.geode
17:09:46 DEBUG [Main] [Geode]:           id: TheSillyDoggo.GradientPages
17:09:46 DEBUG [Main] [Geode]:           version: v2.1.0
17:09:46 DEBUG [Main] [Geode]:           early: no
17:09:46 DEBUG [Main] [Geode]:         Found xanii.youtubers.geode
17:09:46 DEBUG [Main] [Geode]:           id: xanii.youtubers
17:09:46 DEBUG [Main] [Geode]:           version: v1.0.0
17:09:46 DEBUG [Main] [Geode]:           early: no
17:09:46 DEBUG [Main] [Geode]:     Populating mod list
17:09:46 DEBUG [Main] [Geode]:       abb2k.backup v1.0.4
17:09:46 DEBUG [Main] [Geode]:       absolllute.megahack v8.0.0-alpha.10
17:09:46 DEBUG [Main] [Geode]:       adyagd.godlikefaces v1.1.1
17:09:46 DEBUG [Main] [Geode]:       alphalaneous.projectedstars v1.1.2
17:09:46 DEBUG [Main] [Geode]:       beat.click-sound v1.4.1
17:09:46 DEBUG [Main] [Geode]:       bitz.customprofiles v1.0.5
17:09:46 DEBUG [Main] [Geode]:       capeling.icon_profile_2.2 v1.1.4
17:09:46 DEBUG [Main] [Geode]:       coderqc.gdswearfilter v1.0.1
17:09:46 DEBUG [Main] [Geode]:       colon.gold_user_coins v1.0.1
17:09:46 DEBUG [Main] [Geode]:       cvolton.betterinfo v4.0.0-alpha.13
17:09:46 DEBUG [Main] [Geode]:       dankmeme.globed2 v1.0.5
17:09:46 DEBUG [Main] [Geode]:       elnexreal.copy_song_id v1.2.2
17:09:46 DEBUG [Main] [Geode]:       elohmrow.death_tracker v1.4.3
17:09:46 DEBUG [Main] [Geode]:       gdutilsdevs.gdutils v1.2.14
17:09:46 WARN  [Main] [GDUtils]:       Encountered unknown setting "spotify-section" while loading settings
17:09:46 WARN  [Main] [GDUtils]:       Encountered unknown setting "misc-section" while loading settings
17:09:46 WARN  [Main] [GDUtils]:       Encountered unknown setting "spotifyApp" while loading settings
17:09:46 WARN  [Main] [GDUtils]:       Encountered unknown setting "test-notification" while loading settings
17:09:46 WARN  [Main] [GDUtils]:       Encountered unknown setting "notificationPlacement" while loading settings
17:09:46 WARN  [Main] [GDUtils]:       Encountered unknown setting "notification-section" while loading settings
17:09:46 WARN  [Main] [GDUtils]:       Encountered unknown setting "notification-placement-section" while loading settings
17:09:46 WARN  [Main] [GDUtils]:       Encountered unknown setting "notification-appearance-section" while loading settings
17:09:46 WARN  [Main] [GDUtils]:       Encountered unknown setting "credits-section" while loading settings
17:09:46 WARN  [Main] [GDUtils]:       Encountered unknown setting "credit-buttons" while loading settings
17:09:46 DEBUG [Main] [Geode]:       geode.custom-keybinds v1.4.0
17:09:46 DEBUG [Main] [Geode]:       geode.node-ids v1.3.0
17:09:46 DEBUG [Main] [Geode]:       hjfod.gdshare v1.0.4
17:09:46 DEBUG [Main] [Geode]:       hjfod.gmd-api v1.0.1
17:09:46 DEBUG [Main] [Geode]:       mat.run-info v1.0.2
17:09:46 DEBUG [Main] [Geode]:       redlime.statchanges v1.1.0
17:09:46 DEBUG [Main] [Geode]:       thesillydoggo.animatedprofiles v1.0.1
17:09:46 DEBUG [Main] [Geode]:       thesillydoggo.better_startpos_menu v1.1.0
17:09:46 DEBUG [Main] [Geode]:       thesillydoggo.entersearch v1.0.0
17:09:46 DEBUG [Main] [Geode]:       TheSillyDoggo.GradientPages v2.1.0
17:09:46 DEBUG [Main] [Geode]:       xanii.youtubers v1.0.0
17:09:46 DEBUG [Main] [Geode]:     Building mod graph
17:09:46 DEBUG [Main] [Geode]:       capeling.icon_profile_2.2
17:09:46 DEBUG [Main] [Geode]:         geode.loader
17:09:46 DEBUG [Main] [Geode]:       geode.loader
17:09:46 DEBUG [Main] [Geode]:       beat.click-sound
17:09:46 DEBUG [Main] [Geode]:         geode.loader
17:09:46 DEBUG [Main] [Geode]:         geode.node-ids
17:09:46 DEBUG [Main] [Geode]:       mat.run-info
17:09:46 DEBUG [Main] [Geode]:         geode.loader
17:09:46 DEBUG [Main] [Geode]:       alphalaneous.projectedstars
17:09:46 DEBUG [Main] [Geode]:         geode.loader
17:09:46 DEBUG [Main] [Geode]:         geode.node-ids
17:09:46 DEBUG [Main] [Geode]:       elohmrow.death_tracker
17:09:46 DEBUG [Main] [Geode]:         geode.loader
17:09:46 DEBUG [Main] [Geode]:       absolllute.megahack
17:09:46 DEBUG [Main] [Geode]:         geode.loader
17:09:46 DEBUG [Main] [Geode]:       abb2k.backup
17:09:46 DEBUG [Main] [Geode]:         geode.loader
17:09:46 DEBUG [Main] [Geode]:       adyagd.godlikefaces
17:09:46 DEBUG [Main] [Geode]:         geode.loader
17:09:46 DEBUG [Main] [Geode]:       bitz.customprofiles
17:09:46 DEBUG [Main] [Geode]:         geode.loader
17:09:46 DEBUG [Main] [Geode]:         geode.node-ids
17:09:46 DEBUG [Main] [Geode]:       coderqc.gdswearfilter
17:09:46 DEBUG [Main] [Geode]:         geode.loader
17:09:46 DEBUG [Main] [Geode]:       colon.gold_user_coins
17:09:46 DEBUG [Main] [Geode]:         geode.loader
17:09:46 DEBUG [Main] [Geode]:       cvolton.betterinfo
17:09:46 DEBUG [Main] [Geode]:         geode.loader
17:09:46 DEBUG [Main] [Geode]:         geode.node-ids
17:09:46 DEBUG [Main] [Geode]:       dankmeme.globed2
17:09:46 DEBUG [Main] [Geode]:         geode.loader
17:09:46 DEBUG [Main] [Geode]:         geode.custom-keybinds
17:09:46 DEBUG [Main] [Geode]:       elnexreal.copy_song_id
17:09:46 DEBUG [Main] [Geode]:         geode.loader
17:09:46 DEBUG [Main] [Geode]:       gdutilsdevs.gdutils
17:09:46 DEBUG [Main] [Geode]:         geode.loader
17:09:46 DEBUG [Main] [Geode]:       thesillydoggo.better_startpos_menu
17:09:46 DEBUG [Main] [Geode]:         geode.loader
17:09:46 DEBUG [Main] [Geode]:       geode.custom-keybinds
17:09:46 DEBUG [Main] [Geode]:         geode.loader
17:09:46 DEBUG [Main] [Geode]:       geode.node-ids
17:09:46 DEBUG [Main] [Geode]:         geode.loader
17:09:46 DEBUG [Main] [Geode]:       hjfod.gdshare
17:09:46 DEBUG [Main] [Geode]:         geode.loader
17:09:46 DEBUG [Main] [Geode]:         hjfod.gmd-api
17:09:46 DEBUG [Main] [Geode]:         geode.node-ids
17:09:46 DEBUG [Main] [Geode]:       hjfod.gmd-api
17:09:46 DEBUG [Main] [Geode]:         geode.loader
17:09:46 DEBUG [Main] [Geode]:       redlime.statchanges
17:09:46 DEBUG [Main] [Geode]:         geode.loader
17:09:46 DEBUG [Main] [Geode]:         geode.node-ids
17:09:46 DEBUG [Main] [Geode]:       thesillydoggo.animatedprofiles
17:09:46 DEBUG [Main] [Geode]:         geode.loader
17:09:46 DEBUG [Main] [Geode]:         geode.node-ids
17:09:46 DEBUG [Main] [Geode]:       thesillydoggo.entersearch
17:09:46 DEBUG [Main] [Geode]:         geode.loader
17:09:46 DEBUG [Main] [Geode]:       TheSillyDoggo.GradientPages
17:09:46 DEBUG [Main] [Geode]:         geode.loader
17:09:46 DEBUG [Main] [Geode]:       xanii.youtubers
17:09:46 DEBUG [Main] [Geode]:         geode.loader
17:09:46 DEBUG [Main] [Geode]:     Loading early mods
17:09:46 DEBUG [Main] [Geode]:       absolllute.megahack v8.0.0-alpha.10
17:09:46 DEBUG [Main] [Geode]:         Unzip
17:09:46 DEBUG [Main] [Geode]:         Same hash detected, skipping unzip
17:09:46 DEBUG [Main] [Geode]:         Load
17:09:46 DEBUG [Main] [Geode]:         Loading binary for mod absolllute.megahack
17:09:52 INFO  [Main] [Geode]:     Took 6.164s. Continuing next frame...
17:09:52 DEBUG [Main] [Geode]: Setting up IPC
17:09:52 DEBUG [Main] [Geode]:   IPC set up
17:09:52 INFO  [Main] [Geode]: Starting loader update check
17:09:52 INFO  [Main] [Geode]: Entry took 6.191s
17:09:56 INFO  [Main] [Geode]: Continuing mod graph refresh...
17:09:56 DEBUG [Main] [Geode]:   Loading mods
17:09:56 DEBUG [Main] [Geode]:     capeling.icon_profile_2.2 v1.1.4
17:09:56 ERROR [Main] [Geode]: Failed to fetch updates Empty response
17:09:56 DEBUG [Mod Unzip] [Geode]:  Unzip
17:09:56 DEBUG [Mod Unzip] [Geode]:  Same hash detected, skipping unzip
17:09:57 DEBUG [Main] [Geode]: Enabled GameManager::isIconUnlocked hook at 0xea1f90 for absolllute.megahack
17:09:57 DEBUG [Main] [Geode]: Enabled GameManager::isColorUnlocked hook at 0xea2490 for absolllute.megahack
17:09:57 DEBUG [Main] [Geode]: Enabled GameManager::setGameVariable hook at 0xea84e0 for absolllute.megahack
17:09:57 DEBUG [Main] [Geode]: Enabled GameManager::getGameVariable hook at 0xea8730 for absolllute.megahack
17:09:57 DEBUG [Main] [Geode]: Enabled MenuLayer::init hook at 0xffb450 for absolllute.megahack
17:09:57 DEBUG [Main] [Geode]:       Load
17:09:57 DEBUG [Main] [Geode]:       Loading binary for mod capeling.icon_profile_2.2
17:09:57 DEBUG [Main] [Geode]:       Enabled MenuLayer::init hook at 0xffb450 for capeling.icon_profile_2.2
17:09:57 INFO  [Main] [Geode]: Took 0.741s
17:09:57 INFO  [Main] [Geode]: Continuing mod graph refresh...
17:09:57 DEBUG [Main] [Geode]:   Loading mods
17:09:57 DEBUG [Main] [Geode]:     beat.click-sound v1.4.1 has unresolved dependencies
17:09:57 INFO  [Main] [Geode]: Took 0.016s
17:09:57 INFO  [Main] [Geode]: Continuing mod graph refresh...
17:09:57 DEBUG [Main] [Geode]:   Loading mods
17:09:57 DEBUG [Main] [Geode]:     mat.run-info v1.0.2
17:09:57 DEBUG [Mod Unzip] [Geode]:  Unzip
17:09:57 DEBUG [Mod Unzip] [Geode]:  Same hash detected, skipping unzip
17:09:57 DEBUG [Main] [Geode]:       Load
17:09:57 DEBUG [Main] [Geode]:       Loading binary for mod mat.run-info
17:09:57 DEBUG [Main] [Geode]:       Enabled PlayLayer::init hook at 0x105c4a0 for mat.run-info
17:09:57 DEBUG [Main] [Geode]:       Enabled PlayLayer::resetLevel hook at 0x106a130 for mat.run-info
17:09:57 DEBUG [Main] [Geode]:       Enabled PlayLayer::togglePracticeMode hook at 0x106ad30 for mat.run-info
17:09:57 INFO  [Main] [Geode]: Took 0.033s
17:09:57 INFO  [Main] [Geode]: Continuing mod graph refresh...
17:09:57 DEBUG [Main] [Geode]:   Loading mods
17:09:57 DEBUG [Main] [Geode]:     alphalaneous.projectedstars v1.1.2 has unresolved dependencies
17:09:57 INFO  [Main] [Geode]: Took 0.016s
17:09:57 INFO  [Main] [Geode]: Continuing mod graph refresh...
17:09:57 DEBUG [Main] [Geode]:   Loading mods
17:09:57 DEBUG [Main] [Geode]:     elohmrow.death_tracker v1.4.3
17:09:57 DEBUG [Mod Unzip] [Geode]:  Unzip
17:09:57 DEBUG [Mod Unzip] [Geode]:  Same hash detected, skipping unzip
17:09:57 DEBUG [Main] [Geode]:       Load
17:09:57 DEBUG [Main] [Geode]:       Loading binary for mod elohmrow.death_tracker
17:09:57 DEBUG [Main] [Geode]:       Enabled GJBaseGameLayer::setStartPosObject hook at 0xf19e90 for elohmrow.death_tracker
17:09:57 DEBUG [Main] [Geode]:       Enabled PlayLayer::checkpointActivated hook at 0x10676c0 for elohmrow.death_tracker
17:09:57 DEBUG [Main] [Geode]:       Enabled PlayLayer::onQuit hook at 0x106b480 for elohmrow.death_tracker
17:09:57 DEBUG [Main] [Geode]:       Enabled PlayLayer::resetLevelFromStart hook at 0x106a090 for elohmrow.death_tracker
17:09:57 DEBUG [Main] [Geode]:       Enabled PlayerObject::playerDestroyed hook at 0x1051b30 for elohmrow.death_tracker
17:09:57 DEBUG [Main] [Geode]:       Enabled LevelInfoLayer::onLevelInfo hook at 0xfd6a70 for elohmrow.death_tracker
17:09:57 DEBUG [Main] [Geode]:       Enabled EditLevelLayer::onLevelInfo hook at 0xe1db40 for elohmrow.death_tracker
17:09:57 DEBUG [Main] [Geode]:       Enabled LevelPage::onInfo hook at 0xfec400 for elohmrow.death_tracker
17:09:57 DEBUG [Main] [Geode]:       Enabled cocos2d::CCLayerColor::initWithColor hook at 0x692f4c70 for elohmrow.death_tracker
17:09:57 DEBUG [Main] [Geode]:       Enabled FLAlertLayer::init hook at 0xdb0f60 for elohmrow.death_tracker
17:09:57 DEBUG [Main] [Geode]:       Enabled FLAlertLayer::keyBackClicked hook at 0xdb1a10 for elohmrow.death_tracker
17:09:57 DEBUG [Main] [Geode]:       Enabled FLAlertLayer::onBtn1 hook at 0xdb1ab0 for elohmrow.death_tracker
17:09:57 DEBUG [Main] [Geode]:       Enabled FLAlertLayer::show hook at 0xdb1cd0 for elohmrow.death_tracker
17:09:57 INFO  [Main] [Geode]: Took 0.04s
17:09:57 INFO  [Main] [Geode]: Continuing mod graph refresh...
17:09:57 DEBUG [Main] [Geode]:   Loading mods
17:09:57 DEBUG [Main] [Geode]:     abb2k.backup v1.0.4
17:09:57 DEBUG [Mod Unzip] [Geode]:  Unzip
17:09:57 DEBUG [Mod Unzip] [Geode]:  Same hash detected, skipping unzip
17:09:57 DEBUG [Main] [Geode]:       Load
17:09:57 DEBUG [Main] [Geode]:       Loading binary for mod abb2k.backup
17:09:57 DEBUG [Main] [Geode]:       Enabled MenuLayer::init hook at 0xffb450 for abb2k.backup
17:09:57 DEBUG [Main] [Geode]:       Enabled OptionsLayer::customSetup hook at 0x10302d0 for abb2k.backup
17:09:57 DEBUG [Main] [Geode]:       Enabled GameManager::doQuickSave hook at 0xeade10 for abb2k.backup
17:09:57 INFO  [Main] [Geode]: Took 0.034s
17:09:57 INFO  [Main] [Geode]: Continuing mod graph refresh...
17:09:57 DEBUG [Main] [Geode]:   Loading mods
17:09:57 DEBUG [Main] [Geode]:     adyagd.godlikefaces v1.1.1
17:09:57 DEBUG [Mod Unzip] [Geode]:  Unzip
17:09:57 DEBUG [Mod Unzip] [Geode]:  Same hash detected, skipping unzip
17:09:57 DEBUG [Main] [Geode]:       Load
17:09:57 DEBUG [Main] [Geode]:       Loading binary for mod adyagd.godlikefaces
17:09:57 DEBUG [Main] [Geode]:       Enabled GJDifficultySprite::create hook at 0xf96be0 for adyagd.godlikefaces
17:09:57 DEBUG [Main] [Geode]:       Enabled GJDifficultySprite::updateDifficultyFrame hook at 0xf96e30 for adyagd.godlikefaces
17:09:57 DEBUG [Main] [Geode]:       Enabled GJDifficultySprite::updateFeatureState hook at 0xf96ff0 for adyagd.godlikefaces
17:09:57 DEBUG [Main] [Geode]:       Enabled RateStarsLayer::init hook at 0x1074920 for adyagd.godlikefaces
17:09:57 DEBUG [Main] [Geode]:       Enabled RateStarsLayer::onFeature hook at 0x1074f90 for adyagd.godlikefaces
17:09:57 DEBUG [Main] [Geode]:       Enabled RateStarsLayer::selectRating hook at 0x1075070 for adyagd.godlikefaces
17:09:57 INFO  [Main] [Geode]: Took 0.033s
17:09:57 INFO  [Main] [Geode]: Continuing mod graph refresh...
17:09:57 DEBUG [Main] [Geode]:   Loading mods
17:09:57 DEBUG [Main] [Geode]:     bitz.customprofiles v1.0.5 has unresolved dependencies
17:09:57 INFO  [Main] [Geode]: Took 0.016s
17:09:57 INFO  [Main] [Geode]: Continuing mod graph refresh...
17:09:57 DEBUG [Main] [Geode]:   Loading mods
17:09:57 DEBUG [Main] [Geode]:     coderqc.gdswearfilter v1.0.1
17:09:57 DEBUG [Mod Unzip] [Geode]:  Unzip
17:09:57 DEBUG [Mod Unzip] [Geode]:  Same hash detected, skipping unzip
17:09:57 DEBUG [Main] [Geode]:       Load
17:09:57 DEBUG [Main] [Geode]:       Loading binary for mod coderqc.gdswearfilter
17:09:57 DEBUG [Main] [Geode]:       Enabled CommentCell::loadFromComment hook at 0xe04490 for coderqc.gdswearfilter
17:09:57 DEBUG [Main] [Geode]:       Enabled InfoLayer::init hook at 0xfa8810 for coderqc.gdswearfilter
17:09:57 DEBUG [Main] [Geode]:       Enabled LevelCell::loadFromLevel hook at 0xdfd8b0 for coderqc.gdswearfilter
17:09:57 INFO  [Main] [Geode]: Took 0.033s
17:09:57 INFO  [Main] [Geode]: Continuing mod graph refresh...
17:09:57 DEBUG [Main] [Geode]:   Loading mods
17:09:57 DEBUG [Main] [Geode]:     colon.gold_user_coins v1.0.1
17:09:57 DEBUG [Mod Unzip] [Geode]:  Unzip
17:09:57 DEBUG [Mod Unzip] [Geode]:  Same hash detected, skipping unzip
17:09:57 DEBUG [Main] [Geode]:       Load
17:09:57 DEBUG [Main] [Geode]:       Loading binary for mod colon.gold_user_coins
17:09:57 DEBUG [Main] [Geode]:       Enabled MenuLayer::init hook at 0xffb450 for colon.gold_user_coins
17:09:57 DEBUG [Main] [Geode]:       Enabled cocos2d::CCSprite::setColor hook at 0x693278a0 for colon.gold_user_coins
17:09:57 INFO  [Main] [Geode]: Took 0.033s
17:09:57 INFO  [Main] [Geode]: Continuing mod graph refresh...
17:09:57 DEBUG [Main] [Geode]:   Loading mods
17:09:57 DEBUG [Main] [Geode]:     cvolton.betterinfo v4.0.0-alpha.13 has unresolved dependencies
17:09:57 INFO  [Main] [Geode]: Took 0.016s
17:09:57 INFO  [Main] [Geode]: Continuing mod graph refresh...
17:09:57 DEBUG [Main] [Geode]:   Loading mods
17:09:57 DEBUG [Main] [Geode]:     dankmeme.globed2 v1.0.5 has unresolved dependencies
17:09:57 INFO  [Main] [Geode]: Took 0.016s
17:09:57 INFO  [Main] [Geode]: Continuing mod graph refresh...
17:09:57 DEBUG [Main] [Geode]:   Loading mods
17:09:57 DEBUG [Main] [Geode]:     elnexreal.copy_song_id v1.2.2
17:09:57 DEBUG [Mod Unzip] [Geode]:  Unzip
17:09:57 DEBUG [Mod Unzip] [Geode]:  Same hash detected, skipping unzip
17:09:57 DEBUG [Main] [Geode]:       Load
17:09:57 DEBUG [Main] [Geode]:       Loading binary for mod elnexreal.copy_song_id
17:09:57 DEBUG [Main] [Geode]:       Enabled LevelInfoLayer::init hook at 0xfd16a0 for elnexreal.copy_song_id
17:09:57 DEBUG [Main] [Geode]:       Enabled LevelInfoLayer::levelDownloadFinished hook at 0xfd4f00 for elnexreal.copy_song_id
17:09:57 INFO  [Main] [Geode]: Took 0.033s
17:09:57 INFO  [Main] [Geode]: Continuing mod graph refresh...
17:09:57 DEBUG [Main] [Geode]:   Loading mods
17:09:57 DEBUG [Main] [Geode]:     gdutilsdevs.gdutils v1.2.14
17:09:57 DEBUG [Mod Unzip] [Geode]:  Unzip
17:09:57 DEBUG [Mod Unzip] [Geode]:  Same hash detected, skipping unzip
17:09:57 DEBUG [Main] [Geode]:       Load
17:09:57 DEBUG [Main] [Geode]:       Loading binary for mod gdutilsdevs.gdutils
17:09:57 DEBUG [Main] [Geode]:       Enabled cocos2d::CCScheduler::update hook at 0x69356db0 for gdutilsdevs.gdutils
17:09:57 DEBUG [Main] [Geode]:       Enabled cocos2d::CCScheduler::update hook at 0x69356db0 for gdutilsdevs.gdutils
17:09:57 DEBUG [Main] [Geode]:       Enabled PlayLayer::init hook at 0x105c4a0 for gdutilsdevs.gdutils
17:09:57 DEBUG [Main] [Geode]:       Enabled PlayLayer::onQuit hook at 0x106b480 for gdutilsdevs.gdutils
17:09:57 DEBUG [Main] [Geode]:       Enabled EditorUI::onPause hook at 0xe26130 for gdutilsdevs.gdutils
17:09:57 DEBUG [Main] [Geode]:       Enabled EditorUI::onPlayback hook at 0xe49d20 for gdutilsdevs.gdutils
17:09:57 DEBUG [Main] [Geode]:       Enabled EditorUI::onPlaytest hook at 0xe4a090 for gdutilsdevs.gdutils
17:09:57 DEBUG [Main] [Geode]:       Enabled EditorUI::onStopPlaytest hook at 0xe4a200 for gdutilsdevs.gdutils
17:09:57 DEBUG [Main] [Geode]:       Enabled FriendsProfilePage::init hook at 0xe70a10 for gdutilsdevs.gdutils
17:09:57 DEBUG [Main] [Geode]:       Enabled LeaderboardsLayer::init hook at 0xfadc60 for gdutilsdevs.gdutils
17:09:57 DEBUG [Main] [Geode]:       Enabled SecretLayer2::init hook at 0x10856d0 for gdutilsdevs.gdutils
17:09:57 DEBUG [Main] [Geode]:       Enabled SecretLayer2::onSubmit hook at 0x10871c0 for gdutilsdevs.gdutils
17:09:57 DEBUG [Main] [Geode]:       Enabled SecretLayer2::updateSearchLabel hook at 0x10884b0 for gdutilsdevs.gdutils
17:09:57 DEBUG [Main] [Geode]:       Enabled LevelInfoLayer::init hook at 0xfd16a0 for gdutilsdevs.gdutils
17:09:57 DEBUG [Main] [Geode]:       Enabled InfoLayer::init hook at 0xfa8810 for gdutilsdevs.gdutils
17:09:57 DEBUG [Main] [Geode]:       Enabled ProfilePage::loadPageFromUserInfo hook at 0x106dda0 for gdutilsdevs.gdutils
17:09:57 INFO  [Main] [GDUtils]:     GDUtils Mod Loaded
17:09:57 INFO  [Main] [GDUtils]:     Le protocole a été enregistré avec succès pour cet utilisateur.
17:09:57 INFO  [Thread #6220] [GDUtils]: Starting socket...
17:09:57 INFO  [Main] [Geode]: Took 0.038s
17:09:57 INFO  [Main] [Geode]: Continuing mod graph refresh...
17:09:57 DEBUG [Main] [Geode]:   Loading mods
17:09:57 DEBUG [Main] [Geode]:     thesillydoggo.better_startpos_menu v1.1.0
17:09:57 DEBUG [Mod Unzip] [Geode]:  Unzip
17:09:57 DEBUG [Mod Unzip] [Geode]:  Same hash detected, skipping unzip
17:09:57 DEBUG [Main] [Geode]:       Load
17:09:57 DEBUG [Main] [Geode]:       Loading binary for mod thesillydoggo.better_startpos_menu
17:09:57 DEBUG [Main] [Geode]:       Enabled LevelSettingsLayer::init hook at 0xfece20 for thesillydoggo.better_startpos_menu
17:09:57 INFO  [Main] [Geode]: Took 0.033s
17:09:57 INFO  [Main] [Geode]: Continuing mod graph refresh...
17:09:57 DEBUG [Main] [Geode]:   Loading mods
17:09:57 DEBUG [Main] [Geode]:     geode.custom-keybinds v1.4.0
17:09:57 DEBUG [Mod Unzip] [Geode]:  Unzip
17:09:57 DEBUG [Mod Unzip] [Geode]:  Same hash detected, skipping unzip
17:09:57 DEBUG [Main] [Geode]:       Load
17:09:57 DEBUG [Main] [Geode]:       Loading binary for mod geode.custom-keybinds
17:09:57 DEBUG [Main] [Geode]:       Enabled EditorPauseLayer::customSetup hook at 0xe20730 for geode.custom-keybinds
17:09:57 DEBUG [Main] [Geode]:       Enabled EditorPauseLayer::keyDown hook at 0xe23080 for geode.custom-keybinds
17:09:57 DEBUG [Main] [Geode]:       Enabled EditorUI::init hook at 0xe24260 for geode.custom-keybinds
17:09:57 DEBUG [Main] [Geode]:       Enabled EditorUI::keyDown hook at 0xe5a300 for geode.custom-keybinds
17:09:57 DEBUG [Main] [Geode]:       Enabled EditorUI::keyUp hook at 0xe5b210 for geode.custom-keybinds
17:09:57 DEBUG [Main] [Geode]:       Enabled EditorUI::moveObjectCall hook at 0xe54d40 for geode.custom-keybinds
17:09:57 DEBUG [Main] [Geode]:       Enabled EditorUI::transformObjectCall hook at 0xe55380 for geode.custom-keybinds
17:09:57 DEBUG [Main] [Geode]:       Enabled PauseLayer::customSetup hook at 0x10389f0 for geode.custom-keybinds
17:09:57 DEBUG [Main] [Geode]:       Enabled PauseLayer::keyDown hook at 0x103a310 for geode.custom-keybinds
17:09:57 DEBUG [Main] [Geode]:       Enabled UILayer::init hook at 0x113ec10 for geode.custom-keybinds
17:09:57 DEBUG [Main] [Geode]:       Enabled UILayer::keyDown hook at 0x113f930 for geode.custom-keybinds
17:09:57 DEBUG [Main] [Geode]:       Enabled UILayer::keyUp hook at 0x113f950 for geode.custom-keybinds
17:09:57 DEBUG [Main] [Geode]:       Enabled cocos2d::CCKeyboardDispatcher::dispatchKeyboardMSG hook at 0x692ebe70 for geode.custom-keybinds
17:09:57 DEBUG [Main] [Geode]:       Enabled cocos2d::CCKeyboardDispatcher::updateModifierKeys hook at 0x692eca70 for geode.custom-keybinds
17:09:57 DEBUG [Main] [Geode]:       Enabled MoreOptionsLayer::onKeybindings hook at 0xe221a0 for geode.custom-keybinds
17:09:57 INFO  [Main] [Geode]: Took 0.034s
17:09:57 INFO  [Main] [Geode]: Continuing mod graph refresh...
17:09:57 DEBUG [Main] [Geode]:   Loading mods
17:09:57 DEBUG [Main] [Geode]:     dankmeme.globed2 v1.0.5
17:09:57 DEBUG [Mod Unzip] [Geode]:  Unzip
17:09:57 DEBUG [Mod Unzip] [Geode]:  Same hash detected, skipping unzip
17:09:57 DEBUG [Main] [Geode]:       Load
17:09:57 DEBUG [Main] [Geode]:       Loading binary for mod dankmeme.globed2
17:09:57 DEBUG [Main] [Geode]:       Enabled PlayerObject::incrementJumps hook at 0x10477f0 for dankmeme.globed2
17:09:57 DEBUG [Main] [Geode]:       Enabled PlayerObject::playDeathEffect hook at 0x103a470 for dankmeme.globed2
17:09:57 DEBUG [Main] [Geode]:       Enabled PlayerObject::playSpiderDashEffect hook at 0x104f5b0 for dankmeme.globed2
17:09:57 DEBUG [Main] [Geode]:       Enabled PlayLayer::init hook at 0x105c4a0 for dankmeme.globed2
17:09:57 DEBUG [Main] [Geode]:       Enabled PlayLayer::onQuit hook at 0x106b480 for dankmeme.globed2
17:09:57 DEBUG [Main] [Geode]:       Enabled AppDelegate::applicationDidEnterBackground hook at 0xddb4f0 for dankmeme.globed2
17:09:57 DEBUG [Main] [Geode]:       Enabled AppDelegate::applicationWillEnterForeground hook at 0xddb530 for dankmeme.globed2
17:09:57 DEBUG [Main] [Geode]:       Enabled GameManager::loadIcon hook at 0xea7440 for dankmeme.globed2
17:09:57 DEBUG [Main] [Geode]:       Enabled GameManager::returnToLastScene hook at 0xeae110 for dankmeme.globed2
17:09:57 DEBUG [Main] [Geode]:       Enabled LoadingLayer::loadingFinished hook at 0xff6ae0 for dankmeme.globed2
17:09:57 DEBUG [Main] [Geode]:       Enabled MenuLayer::init hook at 0xffb450 for dankmeme.globed2
17:09:57 DEBUG [Main] [Geode]:       Enabled PauseLayer::customSetup hook at 0x10389f0 for dankmeme.globed2
17:09:57 INFO  [Main] [Geode]: Took 0.046s
17:09:57 INFO  [Main] [Geode]: Continuing mod graph refresh...
17:09:57 DEBUG [Main] [Geode]:   Loading mods
17:09:57 DEBUG [Main] [Geode]:     geode.node-ids v1.3.0
17:09:57 DEBUG [Mod Unzip] [Geode]:  Unzip
17:09:57 DEBUG [Mod Unzip] [Geode]:  Same hash detected, skipping unzip
17:09:57 INFO  [stdout]: [2024-02-11 17:09:57] [connect] Successful connection
17:09:57 DEBUG [Main] [Geode]:       Load
17:09:57 DEBUG [Main] [Geode]:       Loading binary for mod geode.node-ids
17:09:57 DEBUG [Main] [Geode]:       Enabled CommentCell::loadFromComment hook at 0xe04490 for geode.node-ids
17:09:57 DEBUG [Main] [Geode]:       Enabled CreatorLayer::init hook at 0xdef550 for geode.node-ids
17:09:57 DEBUG [Main] [Geode]:       Enabled CustomizeObjectLayer::init hook at 0xdf64a0 for geode.node-ids
17:09:57 DEBUG [Main] [Geode]:       Enabled CustomizeObjectLayer::toggleVisible hook at 0xdf9780 for geode.node-ids
17:09:57 DEBUG [Main] [Geode]:       Enabled DailyLevelNode::init hook at 0xe196c0 for geode.node-ids
17:09:57 DEBUG [Main] [Geode]:       Enabled DailyLevelPage::init hook at 0xe176d0 for geode.node-ids
17:09:57 DEBUG [Main] [Geode]:       Enabled EditLevelLayer::init hook at 0xe1c8e0 for geode.node-ids
17:09:57 DEBUG [Main] [Geode]:       Enabled EditorPauseLayer::init hook at 0xe20020 for geode.node-ids
17:09:57 DEBUG [Main] [Geode]:       Enabled EditorUI::init hook at 0xe24260 for geode.node-ids
17:09:57 DEBUG [Main] [Geode]:       Enabled GJGarageLayer::init hook at 0xf6f250 for geode.node-ids
17:09:57 DEBUG [Main] [Geode]:       Enabled GJGarageLayer::setupPage hook at 0xf71d70 for geode.node-ids
17:09:57 DEBUG [Main] [Geode]:       Enabled GJScoreCell::loadFromScore hook at 0xe065b0 for geode.node-ids
17:09:57 DEBUG [Main] [Geode]:       Enabled GameToolbox::addBackButton hook at 0xdc1910 for geode.node-ids
17:09:57 DEBUG [Main] [Geode]:       Enabled GameToolbox::addRThumbScrollButton hook at 0xdc19c0 for geode.node-ids
17:09:57 DEBUG [Main] [Geode]:       Enabled InfoLayer::init hook at 0xfa8810 for geode.node-ids
17:09:57 DEBUG [Main] [Geode]:       Enabled LeaderboardsLayer::init hook at 0xfadc60 for geode.node-ids
17:09:57 DEBUG [Main] [Geode]:       Enabled LevelBrowserLayer::init hook at 0xfb2e60 for geode.node-ids
17:09:57 DEBUG [Main] [Geode]:       Enabled LevelCell::loadCustomLevelCell hook at 0xdfda60 for geode.node-ids
17:09:57 DEBUG [Main] [Geode]:       Enabled LevelCell::loadFromLevel hook at 0xdfd8b0 for geode.node-ids
17:09:57 DEBUG [Main] [Geode]:       Enabled LevelCell::loadLocalLevelCell hook at 0xe004d0 for geode.node-ids
17:09:57 DEBUG [Main] [Geode]:       Enabled LevelInfoLayer::init hook at 0xfd16a0 for geode.node-ids
17:09:57 DEBUG [Main] [Geode]:       Enabled LevelInfoLayer::setupPlatformerStats hook at 0xfd3a90 for geode.node-ids
17:09:57 DEBUG [Main] [Geode]:       Enabled LevelInfoLayer::setupProgressBars hook at 0xfd3e20 for geode.node-ids
17:09:57 DEBUG [Main] [Geode]:       Enabled LevelInfoLayer::updateLabelValues hook at 0xfd6d20 for geode.node-ids
17:09:57 DEBUG [Main] [Geode]:       Enabled LevelLeaderboard::init hook at 0xfd8060 for geode.node-ids
17:09:57 DEBUG [Main] [Geode]:       Enabled LevelSearchLayer::init hook at 0xfe0f10 for geode.node-ids
17:09:57 DEBUG [Main] [Geode]:       Enabled PauseLayer::customSetup hook at 0x10389f0 for geode.node-ids
17:09:57 DEBUG [Main] [Geode]:       Enabled PlayerObject::init hook at 0x10424c0 for geode.node-ids
17:09:57 DEBUG [Main] [Geode]:       Enabled ProfilePage::init hook at 0x106d080 for geode.node-ids
17:09:57 DEBUG [Main] [Geode]:       Enabled ProfilePage::loadPageFromUserInfo hook at 0x106dda0 for geode.node-ids
17:09:57 DEBUG [Main] [Geode]:       Enabled RewardsPage::init hook at 0x10767f0 for geode.node-ids
17:09:57 DEBUG [Main] [Geode]:       Enabled UILayer::init hook at 0x113ec10 for geode.node-ids
17:09:57 INFO  [Main] [Geode]: Took 0.034s
17:09:57 INFO  [Main] [Geode]: Continuing mod graph refresh...
17:09:57 DEBUG [Main] [Geode]:   Loading mods
17:09:57 DEBUG [Main] [Geode]:     thesillydoggo.animatedprofiles v1.0.1
17:09:57 DEBUG [Mod Unzip] [Geode]:  Unzip
17:09:57 DEBUG [Mod Unzip] [Geode]:  Same hash detected, skipping unzip
17:09:57 DEBUG [Main] [Geode]:       Load
17:09:57 DEBUG [Main] [Geode]:       Loading binary for mod thesillydoggo.animatedprofiles
17:09:57 DEBUG [Main] [Geode]:       Enabled ProfilePage::init hook at 0x106d080 for thesillydoggo.animatedprofiles
17:09:57 DEBUG [Main] [Geode]:       Enabled ProfilePage::loadPageFromUserInfo hook at 0x106dda0 for thesillydoggo.animatedprofiles
17:09:57 DEBUG [Main] [Geode]:       Enabled CommentCell::loadFromComment hook at 0xe04490 for thesillydoggo.animatedprofiles
17:09:57 DEBUG [Main] [Geode]:       Enabled CCAnimatedSprite::runAnimation hook at 0xda1640 for thesillydoggo.animatedprofiles
17:09:57 INFO  [Main] [Geode]: Took 0.033s
17:09:57 INFO  [Main] [Geode]: Continuing mod graph refresh...
17:09:57 DEBUG [Main] [Geode]:   Loading mods
17:09:57 DEBUG [Main] [Geode]:     redlime.statchanges v1.1.0
17:09:57 DEBUG [Mod Unzip] [Geode]:  Unzip
17:09:57 DEBUG [Mod Unzip] [Geode]:  Same hash detected, skipping unzip
17:09:57 INFO  [stdout]: [2024-02-11 17:09:57] [connect] WebSocket Connection 62.210.53.67:80 v-2 "WebSocket++/0.8.2" /socket.io/?EIO=4&transport=websocket&t=1707667797 101
17:09:57 INFO  [Thread #11000] [GDUtils]: Socket Connection successful!
17:09:57 INFO  [Thread #6220] [GDUtils]: listening for events
17:09:57 DEBUG [Main] [Geode]:       Load
17:09:57 DEBUG [Main] [Geode]:       Loading binary for mod redlime.statchanges
17:09:57 DEBUG [Main] [Geode]:       Enabled ProfilePage::init hook at 0x106d080 for redlime.statchanges
17:09:57 DEBUG [Main] [Geode]:       Enabled ProfilePage::loadPageFromUserInfo hook at 0x106dda0 for redlime.statchanges
17:09:57 DEBUG [Main] [Geode]:       Enabled ProfilePage::onClose hook at 0x10715e0 for redlime.statchanges
17:09:57 INFO  [Main] [Geode]: Took 0.033s
17:09:57 INFO  [Main] [Geode]: Continuing mod graph refresh...
17:09:57 DEBUG [Main] [Geode]:   Loading mods
17:09:57 DEBUG [Main] [Geode]:     hjfod.gdshare v1.0.4 has unresolved dependencies
17:09:57 INFO  [Main] [Geode]: Took 0.016s
17:09:57 INFO  [Main] [Geode]: Continuing mod graph refresh...
17:09:57 DEBUG [Main] [Geode]:   Loading mods
17:09:57 DEBUG [Main] [Geode]:     cvolton.betterinfo v4.0.0-alpha.13
17:09:57 DEBUG [Mod Unzip] [Geode]:  Unzip
17:09:57 DEBUG [Mod Unzip] [Geode]:  Same hash detected, skipping unzip
17:09:58 DEBUG [Main] [Geode]:       Load
17:09:58 DEBUG [Main] [Geode]:       Loading binary for mod cvolton.betterinfo
17:09:58 DEBUG [Main] [Geode]:       Enabled CommentCell::FLAlert_Clicked hook at 0xe063d0 for cvolton.betterinfo
17:09:58 DEBUG [Main] [Geode]:       Enabled CommentCell::loadFromComment hook at 0xe04490 for cvolton.betterinfo
17:09:58 DEBUG [Main] [Geode]:       Enabled CommentCell::onConfirmDelete hook at 0xe062c0 for cvolton.betterinfo
17:09:58 DEBUG [Main] [Geode]:       Enabled CommentCell::onLike hook at 0xe06110 for cvolton.betterinfo
17:09:58 DEBUG [Main] [Geode]:       Enabled CreatorLayer::init hook at 0xdef550 for cvolton.betterinfo
17:09:58 DEBUG [Main] [Geode]:       Enabled CreatorLayer::onChallenge hook at 0xdf0dd0 for cvolton.betterinfo
17:09:58 DEBUG [Main] [Geode]:       Enabled DailyLevelNode::init hook at 0xe196c0 for cvolton.betterinfo
17:09:58 DEBUG [Main] [Geode]:       Enabled DailyLevelPage::init hook at 0xe176d0 for cvolton.betterinfo
17:09:58 DEBUG [Main] [Geode]:       Enabled DailyLevelPage::updateTimers hook at 0xe19120 for cvolton.betterinfo
17:09:58 DEBUG [Main] [Geode]:       Enabled EditLevelLayer::init hook at 0xe1c8e0 for cvolton.betterinfo
17:09:58 DEBUG [Main] [Geode]:       Enabled EditLevelLayer::onLevelInfo hook at 0xe1db40 for cvolton.betterinfo
17:09:58 DEBUG [Main] [Geode]:       Enabled GJLevelList::showListInfo hook at 0xe9cef0 for cvolton.betterinfo
17:09:58 DEBUG [Main] [Geode]:       Enabled GJScoreCell::loadFromScore hook at 0xe065b0 for cvolton.betterinfo
17:09:58 DEBUG [Main] [Geode]:       Enabled GameLevelManager::getCompletedLevels hook at 0xe77790 for cvolton.betterinfo
17:09:58 DEBUG [Main] [Geode]:       Enabled GameLevelManager::getSavedLevels hook at 0xe77340 for cvolton.betterinfo
17:09:58 DEBUG [Main] [Geode]:       Enabled GameLevelManager::limitSavedLevels hook at 0xe79210 for cvolton.betterinfo
17:09:58 DEBUG [Main] [Geode]:       Enabled GameLevelManager::userNameForUserID hook at 0xe76290 for cvolton.betterinfo
17:09:58 DEBUG [Main] [Geode]:       Enabled InfoLayer::init hook at 0xfa8810 for cvolton.betterinfo
17:09:58 DEBUG [Main] [Geode]:       Enabled InfoLayer::loadPage hook at 0xfab340 for cvolton.betterinfo
17:09:58 DEBUG [Main] [Geode]:       Enabled InfoLayer::onLevelInfo hook at 0xfaada0 for cvolton.betterinfo
17:09:58 DEBUG [Main] [Geode]:       Enabled InfoLayer::onMore hook at 0xfaaaa0 for cvolton.betterinfo
17:09:58 DEBUG [Main] [Geode]:       Enabled InfoLayer::setupCommentsBrowser hook at 0xfab670 for cvolton.betterinfo
17:09:58 DEBUG [Main] [Geode]:       Enabled LeaderboardsLayer::init hook at 0xfadc60 for cvolton.betterinfo
17:09:58 DEBUG [Main] [Geode]:       Enabled LevelAreaInnerLayer::init hook at 0xfb11e0 for cvolton.betterinfo
17:09:58 DEBUG [Main] [Geode]:       Enabled LevelBrowserLayer::init hook at 0xfb2e60 for cvolton.betterinfo
17:09:58 DEBUG [Main] [Geode]:       Enabled LevelBrowserLayer::onGoToPage hook at 0xfb5c40 for cvolton.betterinfo
17:09:58 DEBUG [Main] [Geode]:       Enabled LevelBrowserLayer::setupPageInfo hook at 0xfb59e0 for cvolton.betterinfo
17:09:58 DEBUG [Main] [Geode]:       Enabled LevelCell::loadCustomLevelCell hook at 0xdfda60 for cvolton.betterinfo
17:09:58 DEBUG [Main] [Geode]:       Enabled LevelCell::onViewProfile hook at 0xe00f70 for cvolton.betterinfo
17:09:58 DEBUG [Main] [Geode]:       Enabled LevelInfoLayer::init hook at 0xfd16a0 for cvolton.betterinfo
17:09:58 DEBUG [Main] [Geode]:       Enabled LevelInfoLayer::onLevelInfo hook at 0xfd6a70 for cvolton.betterinfo
17:09:58 DEBUG [Main] [Geode]:       Enabled LevelInfoLayer::onViewProfile hook at 0xfd6a10 for cvolton.betterinfo
17:09:58 DEBUG [Main] [Geode]:       Enabled LevelInfoLayer::updateLabelValues hook at 0xfd6d20 for cvolton.betterinfo
17:09:58 DEBUG [Main] [Geode]:       Enabled LevelLeaderboard::init hook at 0xfd8060 for cvolton.betterinfo
17:09:58 DEBUG [Main] [Geode]:       Enabled LevelListCell::loadFromList hook at 0xe0b570 for cvolton.betterinfo
17:09:58 DEBUG [Main] [Geode]:       Enabled LevelPage::onInfo hook at 0xfec400 for cvolton.betterinfo
17:09:58 DEBUG [Main] [Geode]:       Enabled LevelSearchLayer::getSearchObject hook at 0xfe3ba0 for cvolton.betterinfo
17:09:58 DEBUG [Main] [Geode]:       Enabled MoreSearchLayer::init hook at 0xfe56b0 for cvolton.betterinfo
17:09:58 DEBUG [Main] [Geode]:       Enabled MoreSearchLayer::onSongFilter hook at 0xfe69e0 for cvolton.betterinfo
17:09:58 DEBUG [Main] [Geode]:       Enabled MoreSearchLayer::onSongMode hook at 0xfe6c90 for cvolton.betterinfo
17:09:58 DEBUG [Main] [Geode]:       Enabled PlayLayer::destroyPlayer hook at 0x1066730 for cvolton.betterinfo
17:09:58 DEBUG [Main] [Geode]:       Enabled PlayLayer::init hook at 0x105c4a0 for cvolton.betterinfo
17:09:58 DEBUG [Main] [Geode]:       Enabled PlayLayer::levelComplete hook at 0x105db60 for cvolton.betterinfo
17:09:58 DEBUG [Main] [Geode]:       Enabled PlayLayer::onQuit hook at 0x106b480 for cvolton.betterinfo
17:09:58 DEBUG [Main] [Geode]:       Enabled PlayLayer::resetLevel hook at 0x106a130 for cvolton.betterinfo
17:09:58 DEBUG [Main] [Geode]:       Enabled ProfilePage::getUserInfoFailed hook at 0x1071e40 for cvolton.betterinfo
17:09:58 DEBUG [Main] [Geode]:       Enabled ProfilePage::init hook at 0x106d080 for cvolton.betterinfo
17:09:58 DEBUG [Main] [Geode]:       Enabled ProfilePage::loadPageFromUserInfo hook at 0x106dda0 for cvolton.betterinfo
17:09:58 DEBUG [Main] [Geode]:       Enabled ProfilePage::onClose hook at 0x10715e0 for cvolton.betterinfo
17:09:58 DEBUG [Main] [Geode]:       Enabled RewardsPage::init hook at 0x10767f0 for cvolton.betterinfo
17:09:58 DEBUG [Main] [Geode]:       Enabled MenuLayer::init hook at 0xffb450 for cvolton.betterinfo
17:09:58 INFO  [Main] [Geode]: Took 0.037s
17:09:58 INFO  [Main] [Geode]: Continuing mod graph refresh...
17:09:58 DEBUG [Main] [Geode]:   Loading mods
17:09:58 DEBUG [Main] [Geode]:     bitz.customprofiles v1.0.5
17:09:58 DEBUG [Mod Unzip] [Geode]:  Unzip
17:09:58 DEBUG [Mod Unzip] [Geode]:  Same hash detected, skipping unzip
17:09:58 DEBUG [Main] [Geode]:       Load
17:09:58 DEBUG [Main] [Geode]:       Loading binary for mod bitz.customprofiles
17:09:58 DEBUG [Main] [Geode]:       Enabled GJAccountSettingsLayer::init hook at 0xf884f0 for bitz.customprofiles
17:09:58 DEBUG [Main] [Geode]:       Enabled GJAccountSettingsLayer::onClose hook at 0xf89db0 for bitz.customprofiles
17:09:58 DEBUG [Main] [Geode]:       Enabled InfoLayer::init hook at 0xfa8810 for bitz.customprofiles
17:09:58 DEBUG [Main] [Geode]:       Enabled InfoLayer::setupCommentsBrowser hook at 0xfab670 for bitz.customprofiles
17:09:58 DEBUG [Main] [Geode]:       Enabled ProfilePage::init hook at 0x106d080 for bitz.customprofiles
17:09:58 DEBUG [Main] [Geode]:       Enabled ProfilePage::loadPageFromUserInfo hook at 0x106dda0 for bitz.customprofiles
17:09:58 DEBUG [Main] [Geode]:       Enabled ProfilePage::onUpdate hook at 0x106db10 for bitz.customprofiles
17:09:58 DEBUG [Main] [Geode]:       Enabled ProfilePage::setupCommentsBrowser hook at 0x1072160 for bitz.customprofiles
17:09:58 DEBUG [Main] [Geode]:       Enabled CommentCell::draw hook at 0xdfd5b0 for bitz.customprofiles
17:09:58 DEBUG [Main] [Geode]:       Enabled CommentCell::loadFromComment hook at 0xe04490 for bitz.customprofiles
17:09:58 DEBUG [Main] [Geode]:       Enabled CommentCell::updateBGColor hook at 0xe06090 for bitz.customprofiles
17:09:58 INFO  [Main] [Geode]: Took 0.033s
17:09:58 INFO  [Main] [Geode]: Continuing mod graph refresh...
17:09:58 DEBUG [Main] [Geode]:   Loading mods
17:09:58 DEBUG [Main] [Geode]:     alphalaneous.projectedstars v1.1.2
17:09:58 DEBUG [Mod Unzip] [Geode]:  Unzip
17:09:58 DEBUG [Mod Unzip] [Geode]:  Same hash detected, skipping unzip
17:09:58 DEBUG [Main] [Geode]:       Load
17:09:58 DEBUG [Main] [Geode]:       Loading binary for mod alphalaneous.projectedstars
17:09:58 DEBUG [Main] [Geode]:       Enabled LevelInfoLayer::init hook at 0xfd16a0 for alphalaneous.projectedstars
17:09:58 INFO  [Main] [Geode]: Took 0.033s
17:09:58 INFO  [Main] [Geode]: Continuing mod graph refresh...
17:09:58 DEBUG [Main] [Geode]:   Loading mods
17:09:58 DEBUG [Main] [Geode]:     beat.click-sound v1.4.1
17:09:58 DEBUG [Mod Unzip] [Geode]:  Unzip
17:09:58 DEBUG [Mod Unzip] [Geode]:  Same hash detected, skipping unzip
17:09:58 DEBUG [Main] [Geode]:       Load
17:09:58 DEBUG [Main] [Geode]:       Loading binary for mod beat.click-sound
17:09:58 DEBUG [Main] [Geode]:       Enabled PlayerObject::pushButton hook at 0x1051d30 for beat.click-sound
17:09:58 DEBUG [Main] [Geode]:       Enabled PlayerObject::releaseButton hook at 0x1051f70 for beat.click-sound
17:09:58 DEBUG [Main] [Geode]:       Enabled PauseLayer::customSetup hook at 0x10389f0 for beat.click-sound
17:09:58 DEBUG [Main] [Geode]:       Enabled ProfilePage::init hook at 0x106d080 for beat.click-sound
17:09:58 DEBUG [Main] [Geode]:       Enabled EndLevelLayer::customSetup hook at 0xe674f0 for beat.click-sound
17:09:58 INFO  [Main] [Geode]: Took 0.033s
17:09:58 INFO  [Main] [Geode]: Continuing mod graph refresh...
17:09:58 DEBUG [Main] [Geode]:   Loading mods
17:09:58 DEBUG [Main] [Geode]:     hjfod.gdshare v1.0.4 has unresolved dependencies
17:09:58 INFO  [Main] [Geode]: Took 0.016s
17:09:58 INFO  [Main] [Geode]: Continuing mod graph refresh...
17:09:58 DEBUG [Main] [Geode]:   Loading mods
17:09:58 DEBUG [Main] [Geode]:     hjfod.gmd-api v1.0.1
17:09:58 DEBUG [Mod Unzip] [Geode]:  Unzip
17:09:58 DEBUG [Mod Unzip] [Geode]:  Same hash detected, skipping unzip
17:09:58 DEBUG [Main] [Geode]:       Load
17:09:58 DEBUG [Main] [Geode]:       Loading binary for mod hjfod.gmd-api
17:09:58 INFO  [Main] [Geode]: Took 0.035s
17:09:58 INFO  [Main] [Geode]: Continuing mod graph refresh...
17:09:58 DEBUG [Main] [Geode]:   Loading mods
17:09:58 DEBUG [Main] [Geode]:     hjfod.gdshare v1.0.4
17:09:58 DEBUG [Mod Unzip] [Geode]:  Unzip
17:09:58 DEBUG [Mod Unzip] [Geode]:  Same hash detected, skipping unzip
17:09:58 DEBUG [Main] [Geode]:       Load
17:09:58 DEBUG [Main] [Geode]:       Loading binary for mod hjfod.gdshare
17:09:58 DEBUG [Main] [Geode]:       Enabled EditLevelLayer::init hook at 0xe1c8e0 for hjfod.gdshare
17:09:58 DEBUG [Main] [Geode]:       Enabled LevelInfoLayer::init hook at 0xfd16a0 for hjfod.gdshare
17:09:58 DEBUG [Main] [Geode]:       Enabled LevelBrowserLayer::init hook at 0xfb2e60 for hjfod.gdshare
17:09:58 INFO  [Main] [Geode]: Took 0.033s
17:09:58 INFO  [Main] [Geode]: Continuing mod graph refresh...
17:09:58 DEBUG [Main] [Geode]:   Loading mods
17:09:58 DEBUG [Main] [Geode]:     redlime.statchanges v1.1.0
17:09:58 INFO  [Main] [Geode]: Took 0.016s
17:09:58 INFO  [Main] [Geode]: Continuing mod graph refresh...
17:09:58 DEBUG [Main] [Geode]:   Loading mods
17:09:58 DEBUG [Main] [Geode]:     thesillydoggo.animatedprofiles v1.0.1
17:09:58 INFO  [Main] [Geode]: Took 0.016s
17:09:58 INFO  [Main] [Geode]: Continuing mod graph refresh...
17:09:58 DEBUG [Main] [Geode]:   Loading mods
17:09:58 DEBUG [Main] [Geode]:     thesillydoggo.entersearch v1.0.0
17:09:58 DEBUG [Mod Unzip] [Geode]:  Unzip
17:09:58 DEBUG [Mod Unzip] [Geode]:  Same hash detected, skipping unzip
17:09:58 DEBUG [Main] [Geode]:       Load
17:09:58 DEBUG [Main] [Geode]:       Loading binary for mod thesillydoggo.entersearch
17:09:58 DEBUG [Main] [Geode]:       Enabled FLAlertLayer::init hook at 0xdb0f60 for thesillydoggo.entersearch
17:09:58 DEBUG [Main] [Geode]:       Enabled LevelSearchLayer::init hook at 0xfe0f10 for thesillydoggo.entersearch
17:09:58 DEBUG [Main] [Geode]:       Enabled ShareCommentLayer::init hook at 0x1106490 for thesillydoggo.entersearch
17:09:58 DEBUG [Main] [Geode]:       Enabled cocos2d::CCKeyboardDispatcher::dispatchKeyboardMSG hook at 0x692ebe70 for thesillydoggo.entersearch
17:09:58 INFO  [Main] [Geode]: Took 0.033s
17:09:58 INFO  [Main] [Geode]: Continuing mod graph refresh...
17:09:58 DEBUG [Main] [Geode]:   Loading mods
17:09:58 DEBUG [Main] [Geode]:     TheSillyDoggo.GradientPages v2.1.0
17:09:58 DEBUG [Mod Unzip] [Geode]:  Unzip
17:09:58 DEBUG [Mod Unzip] [Geode]:  Same hash detected, skipping unzip
17:09:58 DEBUG [Main] [Geode]:       Load
17:09:58 DEBUG [Main] [Geode]:       Loading binary for mod TheSillyDoggo.GradientPages
17:09:58 DEBUG [Main] [Geode]:       Enabled ProfilePage::init hook at 0x106d080 for TheSillyDoggo.GradientPages
17:09:58 DEBUG [Main] [Geode]:       Enabled ProfilePage::loadPageFromUserInfo hook at 0x106dda0 for TheSillyDoggo.GradientPages
17:09:58 DEBUG [Main] [Geode]:       Enabled GJAccountSettingsLayer::init hook at 0xf884f0 for TheSillyDoggo.GradientPages
17:09:58 DEBUG [Main] [Geode]:       Enabled FRequestProfilePage::init hook at 0xe6ef90 for TheSillyDoggo.GradientPages
17:09:58 DEBUG [Main] [Geode]:       Enabled MessagesProfilePage::init hook at 0xffd1c0 for TheSillyDoggo.GradientPages
17:09:58 DEBUG [Main] [Geode]:       Enabled FriendsProfilePage::init hook at 0xe70a10 for TheSillyDoggo.GradientPages
17:09:58 DEBUG [Main] [Geode]:       Enabled InfoLayer::init hook at 0xfa8810 for TheSillyDoggo.GradientPages
17:09:58 DEBUG [Main] [Geode]:       Enabled GJCommentListLayer::create hook at 0xf87dc0 for TheSillyDoggo.GradientPages
17:09:58 DEBUG [Main] [Geode]:       Enabled ItemInfoPopup::init hook at 0xf75b80 for TheSillyDoggo.GradientPages
17:09:58 DEBUG [Main] [Geode]:       Enabled ShardsPage::init hook at 0x1104320 for TheSillyDoggo.GradientPages
17:09:58 DEBUG [Main] [Geode]:       Enabled CommunityCreditsPage::init hook at 0xde8b10 for TheSillyDoggo.GradientPages
17:09:58 DEBUG [Main] [Geode]:       Enabled DemonFilterSelectLayer::init hook at 0xfe73e0 for TheSillyDoggo.GradientPages
17:09:58 DEBUG [Main] [Geode]:       Enabled MoreSearchLayer::init hook at 0xfe56b0 for TheSillyDoggo.GradientPages
17:09:58 DEBUG [Main] [Geode]:       Enabled ChallengesPage::init hook at 0xddc560 for TheSillyDoggo.GradientPages
17:09:58 DEBUG [Main] [Geode]:       Enabled SetIDPopup::init hook at 0xf8f980 for TheSillyDoggo.GradientPages
17:09:58 INFO  [Main] [Geode]: Took 0.033s
17:09:58 INFO  [Main] [Geode]: Continuing mod graph refresh...
17:09:58 DEBUG [Main] [Geode]:   Loading mods
17:09:58 DEBUG [Main] [Geode]:     xanii.youtubers v1.0.0
17:09:58 DEBUG [Mod Unzip] [Geode]:  Unzip
17:09:58 DEBUG [Mod Unzip] [Geode]:  Same hash detected, skipping unzip
17:09:58 DEBUG [Main] [Geode]:       Load
17:09:58 DEBUG [Main] [Geode]:       Loading binary for mod xanii.youtubers
17:09:58 DEBUG [Main] [Geode]:       Enabled ProfilePage::setupPageInfo hook at 0x1072350 for xanii.youtubers
17:09:58 INFO  [Main] [Geode]: Took 0.033s
17:09:58 INFO  [Main] [Geode]: Continuing mod graph refresh...
17:09:58 DEBUG [Main] [Geode]:   Finding problems
17:09:58 DEBUG [Main] [Geode]:     capeling.icon_profile_2.2
17:09:58 DEBUG [Main] [Geode]:     geode.loader
17:09:58 DEBUG [Main] [Geode]:     beat.click-sound
17:09:58 DEBUG [Main] [Geode]:     mat.run-info
17:09:58 DEBUG [Main] [Geode]:     alphalaneous.projectedstars
17:09:58 DEBUG [Main] [Geode]:     elohmrow.death_tracker
17:09:58 DEBUG [Main] [Geode]:     absolllute.megahack
17:09:58 DEBUG [Main] [Geode]:     abb2k.backup
17:09:58 DEBUG [Main] [Geode]:     adyagd.godlikefaces
17:09:58 DEBUG [Main] [Geode]:     bitz.customprofiles
17:09:58 DEBUG [Main] [Geode]:     coderqc.gdswearfilter
17:09:58 DEBUG [Main] [Geode]:     colon.gold_user_coins
17:09:58 DEBUG [Main] [Geode]:     cvolton.betterinfo
17:09:58 DEBUG [Main] [Geode]:     dankmeme.globed2
17:09:58 DEBUG [Main] [Geode]:     elnexreal.copy_song_id
17:09:58 DEBUG [Main] [Geode]:     gdutilsdevs.gdutils
17:09:58 DEBUG [Main] [Geode]:     thesillydoggo.better_startpos_menu
17:09:58 DEBUG [Main] [Geode]:     geode.custom-keybinds
17:09:58 DEBUG [Main] [Geode]:     geode.node-ids
17:09:58 DEBUG [Main] [Geode]:     hjfod.gdshare
17:09:58 DEBUG [Main] [Geode]:     hjfod.gmd-api
17:09:58 DEBUG [Main] [Geode]:     redlime.statchanges
17:09:58 DEBUG [Main] [Geode]:     thesillydoggo.animatedprofiles
17:09:58 DEBUG [Main] [Geode]:     thesillydoggo.entersearch
17:09:58 DEBUG [Main] [Geode]:     TheSillyDoggo.GradientPages
17:09:58 DEBUG [Main] [Geode]:     xanii.youtubers
17:09:58 INFO  [Main] [Geode]:   Took 0.002s
17:09:58 DEBUG [Main] [Geode]: Verifying Loader Resources
17:09:58 DEBUG [Main] [Geode]: Loading Loader Resources
17:09:58 DEBUG [Main] [Geode]: Loading mod resources
17:09:58 DEBUG [Main] [Geode]: Adding resources
17:09:58 DEBUG [Main] [Geode]:   geode.loader
17:09:58 DEBUG [Main] [Geode]:     Adding sheet geode.loader/LogoSheet
17:09:58 DEBUG [Main] [Geode]:     Adding sheet geode.loader/APISheet
17:09:58 DEBUG [Main] [Geode]:     Adding sheet geode.loader/BlankSheet
17:09:58 DEBUG [Main] [Geode]:   adyagd.godlikefaces
17:09:58 DEBUG [Main] [Geode]:     Adding sheet adyagd.godlikefaces/GodlikeDiffSheet
17:09:58 DEBUG [Main] [Geode]:   dankmeme.globed2
17:09:58 DEBUG [Main] [Geode]:     Adding sheet dankmeme.globed2/globedsheet1
17:09:58 DEBUG [Main] [Geode]:   geode.custom-keybinds
17:09:58 DEBUG [Main] [Geode]:     Adding sheet geode.custom-keybinds/KB_ControllerSheet
17:09:58 DEBUG [Main] [Geode]:   hjfod.gdshare
17:09:58 DEBUG [Main] [Geode]:     Adding sheet hjfod.gdshare/GDShare
17:09:58 DEBUG [Main] [Geode]:   TheSillyDoggo.GradientPages
17:09:58 DEBUG [Main] [Geode]:     Adding sheet TheSillyDoggo.GradientPages/UISheet
17:10:07 DEBUG [Main] [Geode]: Checking updates for index
17:10:08 DEBUG [Main] [Geode]: Enabled FMODChannelControl::setVolume hook at 0x6909b180 for absolllute.megahack
17:10:08 DEBUG [Main] [Geode]: Enabled FMODChannelControl::setPitch hook at 0x6909af00 for absolllute.megahack
17:10:08 DEBUG [Main] [Geode]: Enabled cocos2dCCParticleSystem::loadScaledDefaults hook at 0x6930bba0 for absolllute.megahack
17:10:08 DEBUG [Main] [Geode]: Enabled cocos2dCCTransitionFade::create hook at 0x692f7710 for absolllute.megahack
17:10:08 DEBUG [Main] [Geode]: Enabled cocos2dCCTransitionMoveInT::create hook at 0x692f81f0 for absolllute.megahack
17:10:08 DEBUG [Main] [Geode]: Enabled cocos2dCCDirector::drawScene hook at 0x69352ae0 for absolllute.megahack
17:10:08 DEBUG [Main] [Geode]: Enabled cocos2dCCScheduler::update hook at 0x69356db0 for absolllute.megahack
17:10:08 DEBUG [Main] [Geode]: Enabled cocos2dCCIMEDelegate::attachWithIME hook at 0x69349ea0 for absolllute.megahack
17:10:08 DEBUG [Main] [Geode]: Enabled cocos2dCCIMEDelegate::detachWithIME hook at 0x69349f20 for absolllute.megahack
17:10:08 DEBUG [Main] [Geode]: Enabled AppDelegate::trySaveGame hook at 0xddb790 for absolllute.megahack
17:10:08 DEBUG [Main] [Geode]: Enabled GameStatsManager::isItemUnlocked hook at 0xef6570 for absolllute.megahack
17:10:08 DEBUG [Main] [Geode]: Enabled ColorAction::setupFromString hook at 0x1359950 for absolllute.megahack
17:10:08 DEBUG [Main] [Geode]: Enabled GameObject::createWithKey hook at 0xeb0330 for absolllute.megahack
17:10:08 DEBUG [Main] [Geode]: Enabled UILayer::init hook at 0x113ec10 for absolllute.megahack
17:10:08 DEBUG [Main] [Geode]: Enabled UILayer::keyDown hook at 0x113f930 for absolllute.megahack
17:10:08 DEBUG [Main] [Geode]: Enabled UILayer::keyUp hook at 0x113f950 for absolllute.megahack
17:10:08 DEBUG [Main] [Geode]: Enabled PauseLayer::customSetup hook at 0x10389f0 for absolllute.megahack
17:10:08 DEBUG [Main] [Geode]: Enabled PauseLayer::onResume hook at 0x1039f30 for absolllute.megahack
17:10:08 DEBUG [Main] [Geode]: Enabled EndLevelLayer::customSetup hook at 0xe674f0 for absolllute.megahack
17:10:08 DEBUG [Main] [Geode]: Enabled EndLevelLayer::keyDown hook at 0xe6a310 for absolllute.megahack
17:10:08 DEBUG [Main] [Geode]: Enabled ShaderLayer::visit hook at 0x1103810 for absolllute.megahack
17:10:08 DEBUG [Main] [Geode]: Enabled LevelInfoLayer::onPlay hook at 0xfd55b0 for absolllute.megahack
17:10:08 DEBUG [Main] [Geode]: Enabled PlayerObject::togglePlayerScale hook at 0x1059170 for absolllute.megahack
17:10:08 DEBUG [Main] [Geode]: Enabled GJBaseGameLayer::handleButton hook at 0xf369f0 for absolllute.megahack
17:10:08 DEBUG [Main] [Geode]: Enabled GJBaseGameLayer::processCommands hook at 0xf3d240 for absolllute.megahack
17:10:08 DEBUG [Main] [Geode]: Enabled GJBaseGameLayer::resetLevelVariables hook at 0xf3db10 for absolllute.megahack
17:10:08 DEBUG [Main] [Geode]: Enabled GJBaseGameLayer::init hook at 0xf10290 for absolllute.megahack
17:10:08 DEBUG [Main] [Geode]: Enabled GJBaseGameLayer::visit hook at 0xf48ea0 for absolllute.megahack
17:10:08 DEBUG [Main] [Geode]: Enabled PlayLayer::_destructor hook at 0x105c080 for absolllute.megahack
17:10:08 DEBUG [Main] [Geode]: Enabled PlayLayer::init hook at 0x105c4a0 for absolllute.megahack
17:10:08 DEBUG [Main] [Geode]: Enabled PlayLayer::startGame hook at 0x105dab0 for absolllute.megahack
17:10:08 DEBUG [Main] [Geode]: Enabled PlayLayer::onQuit hook at 0x106b480 for absolllute.megahack
17:10:08 DEBUG [Main] [Geode]: Enabled PlayLayer::postUpdate hook at 0x1067220 for absolllute.megahack
17:10:08 DEBUG [Main] [Geode]: Enabled PlayLayer::addObject hook at 0x10619b0 for absolllute.megahack
17:10:08 DEBUG [Main] [Geode]: Enabled PlayLayer::destroyPlayer hook at 0x1066730 for absolllute.megahack
17:10:08 DEBUG [Main] [Geode]: Enabled PlayLayer::resetLevel hook at 0x106a130 for absolllute.megahack
17:10:08 DEBUG [Main] [Geode]: Enabled PlayLayer::updateAttempts hook at 0x106ab40 for absolllute.megahack
17:10:08 DEBUG [Main] [Geode]: Enabled PlayLayer::pauseGame hook at 0x106ae80 for absolllute.megahack
17:10:08 DEBUG [Main] [Geode]: Enabled PlayLayer::createCheckpoint hook at 0x10676e0 for absolllute.megahack
17:10:08 DEBUG [Main] [Geode]: Enabled PlayLayer::markCheckpoint hook at 0x1068550 for absolllute.megahack
17:10:08 DEBUG [Main] [Geode]: Enabled PlayLayer::storeCheckpoint hook at 0x10684a0 for absolllute.megahack
17:10:08 DEBUG [Main] [Geode]: Enabled PlayLayer::playEndAnimationToPos hook at 0x105fe00 for absolllute.megahack
17:10:08 DEBUG [Main] [Geode]: Enabled PlayLayer::playPlatformerEndAnimationToPos hook at 0x10605e0 for absolllute.megahack
17:10:08 DEBUG [Main] [Geode]: Enabled PlayLayer::applyEnterEffect hook at 0x10647d0 for absolllute.megahack
17:10:08 DEBUG [Main] [Geode]: Enabled PlayLayer::applyCustomEnterEffect hook at 0x1063f50 for absolllute.megahack
17:10:08 DEBUG [Main] [Geode]: Enabled PlayLayer::updateProgressbar hook at 0x1065440 for absolllute.megahack
17:10:08 DEBUG [Main] [Globed]: Preloading death effects..
17:10:16 DEBUG [Main] [Globed]: Took 7.114s.
17:10:16 DEBUG [Main] [Globed]: Preloading icons..
17:10:25 DEBUG [Main] [Globed]: Took 9.196s.
17:10:25 DEBUG [Main] [Globed]: Preloading finished in 16.311s.
17:10:25 DEBUG [Main] [Geode]: Downloading index
17:10:25 INFO  [Main] [BetterInfo]: Music Library response: 1
17:10:25 INFO  [Main] [Animated Profile Icons]: Playing animation: run
17:10:25 INFO  [Main] [Animated Profile Icons]: Playing animation: idle
17:10:25 INFO  [Main] [Animated Profile Icons]: Playing animation: run
17:10:25 INFO  [Main] [Animated Profile Icons]: Playing animation: run
17:10:25 INFO  [Network (in) Thread] [Globed]: Successfully logged into the server!
17:10:26 INFO  [Main] [Animated Profile Icons]: Playing animation: run
17:10:27 INFO  [Main] [Animated Profile Icons]: Playing animation: run
17:10:44 DEBUG [Index Update] [Geode]: Unzipping index
17:11:01 DEBUG [Index Update] [Geode]: Updating local index cache
17:11:18 WARN  [Index Update] [Geode]:   settings.mouse-move-on-zoom contains unknown key "platforms"
17:11:18 DEBUG [Index Update] [Geode]:   Done
17:11:32 DEBUG [Main] [Geode]: Installing alphalaneous.integratedloquibot
17:11:35 DEBUG [Main] [Geode]: Installed alphalaneous.integratedloquibot
17:11:38 INFO  [Main] [Geode]: Saving mod data...
17:11:38 DEBUG [Main] [Geode]:   capeling.icon_profile_2.2
17:11:38 DEBUG [Main] [Geode]:     Check covered
17:11:38 DEBUG [Main] [Geode]:   geode.loader
17:11:38 DEBUG [Main] [Geode]:     Check covered
17:11:38 DEBUG [Main] [Geode]:     Check if auto-check-updates is saved
17:11:38 DEBUG [Main] [Geode]:     Check if show-platform-console is saved
17:11:38 DEBUG [Main] [Geode]:     Check if disable-last-crashed-popup is saved
17:11:38 DEBUG [Main] [Geode]:     Check if auto-update-mods is saved
17:11:38 DEBUG [Main] [Geode]:   beat.click-sound
17:11:38 DEBUG [Main] [Geode]:     Check covered
17:11:38 DEBUG [Main] [Geode]:     Check if custom-clicksound is saved
17:11:38 DEBUG [Main] [Geode]:     Check if enable-clicksound is saved
17:11:38 DEBUG [Main] [Geode]:     Check if OnlyOnJump is saved
17:11:38 DEBUG [Main] [Geode]:     Check if clicksound-currentsound is saved
17:11:38 DEBUG [Main] [Geode]:     Check if custom-releasesound is saved
17:11:38 DEBUG [Main] [Geode]:     Check if enable-releasesound is saved
17:11:38 DEBUG [Main] [Geode]:     Check if releasesound-currentsound is saved
17:11:38 DEBUG [Main] [Geode]:     Check if settings-button is saved
17:11:38 DEBUG [Main] [Geode]:   mat.run-info
17:11:38 DEBUG [Main] [Geode]:     Check covered
17:11:38 DEBUG [Main] [Geode]:     Check if show-mode is saved
17:11:38 DEBUG [Main] [Geode]:     Check if position-top is saved
17:11:38 DEBUG [Main] [Geode]:     Check if position-left is saved
17:11:38 DEBUG [Main] [Geode]:     Check if show-icon is saved
17:11:38 DEBUG [Main] [Geode]:     Check if show-from is saved
17:11:38 DEBUG [Main] [Geode]:     Check if use-start-pos is saved
17:11:38 DEBUG [Main] [Geode]:   alphalaneous.projectedstars
17:11:38 DEBUG [Main] [Geode]:     Check covered
17:11:38 DEBUG [Main] [Geode]:   elohmrow.death_tracker
17:11:38 DEBUG [Main] [Geode]:     Check covered
17:11:38 DEBUG [Main] [Geode]:     Check if disable-tracking-completed-levels is saved
17:11:38 DEBUG [Main] [Geode]:   absolllute.megahack
17:11:38 DEBUG [Main] [Geode]:     Check covered
17:11:38 DEBUG [Main] [Geode]:   abb2k.backup
17:11:38 DEBUG [Main] [Geode]:     Check covered
17:11:38 DEBUG [Main] [Geode]:     Check if Max_Auto_Backups is saved
17:11:38 DEBUG [Main] [Geode]:     Check if Auto_Backup is saved
17:11:38 DEBUG [Main] [Geode]:     Check if Button_In_Options_Menu is saved
17:11:38 DEBUG [Main] [Geode]:   adyagd.godlikefaces
17:11:38 DEBUG [Main] [Geode]:     Check covered
17:11:38 DEBUG [Main] [Geode]:   bitz.customprofiles
17:11:38 DEBUG [Main] [Geode]:     Check covered
17:11:38 DEBUG [Main] [Geode]:     Check if Normal-colors is saved
17:11:38 DEBUG [Main] [Geode]:     Check if No-corners is saved
17:11:38 DEBUG [Main] [Geode]:     Check if Disable-info-button is saved
17:11:38 DEBUG [Main] [Geode]:     Check if Invert-Colors is saved
17:11:38 DEBUG [Main] [Geode]:     Check if Round-corners is saved
17:11:38 DEBUG [Main] [Geode]:     Check if Square-corners is saved
17:11:38 DEBUG [Main] [Geode]:     Check if Animate-colors is saved
17:11:38 DEBUG [Main] [Geode]:   coderqc.gdswearfilter
17:11:38 DEBUG [Main] [Geode]:     Check covered
17:11:38 DEBUG [Main] [Geode]:     Check if censor-comments is saved
17:11:38 DEBUG [Main] [Geode]:     Check if strict-mode is saved
17:11:38 DEBUG [Main] [Geode]:     Check if filter-profanity is saved
17:11:38 DEBUG [Main] [Geode]:     Check if censor-level-descriptions is saved
17:11:38 DEBUG [Main] [Geode]:     Check if filter-antilgbtq is saved
17:11:38 DEBUG [Main] [Geode]:     Check if filter-sexual is saved
17:11:38 DEBUG [Main] [Geode]:     Check if filter-racism is saved
17:11:38 DEBUG [Main] [Geode]:     Check if censor-level-names is saved
17:11:38 DEBUG [Main] [Geode]:     Check if relax-censor is saved
17:11:38 DEBUG [Main] [Geode]:   colon.gold_user_coins
17:11:38 DEBUG [Main] [Geode]:     Check covered
17:11:38 DEBUG [Main] [Geode]:   cvolton.betterinfo
17:11:38 DEBUG [Main] [Geode]:     Check covered
17:11:38 DEBUG [Main] [Geode]:     Check if fix-green-users is saved
17:11:38 DEBUG [Main] [Geode]:     Check if show-comment-ids is saved
17:11:38 DEBUG [Main] [Geode]:     Check if white-id is saved
17:11:38 DEBUG [Main] [Geode]:     Check if level-info is saved
17:11:38 DEBUG [Main] [Geode]:     Check if alt-button is saved
17:11:38 DEBUG [Main] [Geode]:     Check if auto-submit is saved
17:11:38 DEBUG [Main] [Geode]:   dankmeme.globed2
17:11:38 DEBUG [Main] [Geode]:     Check covered
17:11:38 DEBUG [Main] [Geode]:   elnexreal.copy_song_id
17:11:38 DEBUG [Main] [Geode]:     Check covered
17:11:38 DEBUG [Main] [Geode]:   gdutilsdevs.gdutils
17:11:38 DEBUG [Main] [Geode]:     Check covered
17:11:38 DEBUG [Main] [Geode]:     Check if everywhereElse is saved
17:11:38 DEBUG [Main] [Geode]:     Check if weekly is saved
17:11:38 DEBUG [Main] [Geode]:     Check if daily is saved
17:11:38 DEBUG [Main] [Geode]:     Check if spotify-section is saved
17:11:38 DEBUG [Main] [Geode]:     Check if inEditor is saved
17:11:38 DEBUG [Main] [Geode]:     Check if inLevels is saved
17:11:38 DEBUG [Main] [Geode]:     Check if misc-section is saved
17:11:38 DEBUG [Main] [Geode]:     Check if customDifficultyFaces is saved
17:11:38 DEBUG [Main] [Geode]:     Check if newRate is saved
17:11:38 DEBUG [Main] [Geode]:     Check if sfx is saved
17:11:38 DEBUG [Main] [Geode]:     Check if spotifyApp is saved
17:11:38 DEBUG [Main] [Geode]:     Check if size is saved
17:11:38 DEBUG [Main] [Geode]:     Check if time is saved
17:11:38 DEBUG [Main] [Geode]:     Check if test-notification is saved
17:11:38 DEBUG [Main] [Geode]:     Check if demonListPlacement is saved
17:11:38 DEBUG [Main] [Geode]:     Check if inEditorSpotify is saved
17:11:38 DEBUG [Main] [Geode]:     Check if inLevelsSpotify is saved
17:11:38 DEBUG [Main] [Geode]:     Check if friendSearch is saved
17:11:38 DEBUG [Main] [Geode]:     Check if notificationPlacement is saved
17:11:38 DEBUG [Main] [Geode]:     Check if notification-section is saved
17:11:38 DEBUG [Main] [Geode]:     Check if notification-placement-section is saved
17:11:38 DEBUG [Main] [Geode]:     Check if notification-appearance-section is saved
17:11:38 DEBUG [Main] [Geode]:     Check if credits-section is saved
17:11:38 DEBUG [Main] [Geode]:     Check if credit-buttons is saved
17:11:38 DEBUG [Main] [Geode]:   thesillydoggo.better_startpos_menu
17:11:38 DEBUG [Main] [Geode]:     Check covered
17:11:38 DEBUG [Main] [Geode]:   geode.custom-keybinds
17:11:38 DEBUG [Main] [Geode]:     Check covered
17:11:38 DEBUG [Main] [Geode]:   geode.node-ids
17:11:38 DEBUG [Main] [Geode]:     Check covered
17:11:38 DEBUG [Main] [Geode]:   hjfod.gdshare
17:11:38 DEBUG [Main] [Geode]:     Check covered
17:11:38 DEBUG [Main] [Geode]:   hjfod.gmd-api
17:11:38 DEBUG [Main] [Geode]:     Check covered
17:11:38 DEBUG [Main] [Geode]:   redlime.statchanges
17:11:38 DEBUG [Main] [Geode]:     Check covered
17:11:38 DEBUG [Main] [Geode]:     Check if weeks is saved
17:11:38 DEBUG [Main] [Geode]:     Check if upArrowColor is saved
17:11:38 DEBUG [Main] [Geode]:     Check if textScale is saved
17:11:38 DEBUG [Main] [Geode]:     Check if downArrowColor is saved
17:11:38 DEBUG [Main] [Geode]:   thesillydoggo.animatedprofiles
17:11:38 DEBUG [Main] [Geode]:     Check covered
17:11:38 DEBUG [Main] [Geode]:   thesillydoggo.entersearch
17:11:38 DEBUG [Main] [Geode]:     Check covered
17:11:38 DEBUG [Main] [Geode]:   TheSillyDoggo.GradientPages
17:11:38 DEBUG [Main] [Geode]:     Check covered
17:11:38 DEBUG [Main] [Geode]:     Check if apply-filter is saved
17:11:38 DEBUG [Main] [Geode]:     Check if apply-credits is saved
17:11:38 DEBUG [Main] [Geode]:     Check if apply-profiles is saved
17:11:38 DEBUG [Main] [Geode]:     Check if apply-unlock is saved
17:11:38 DEBUG [Main] [Geode]:     Check if apply-info-layer is saved
17:11:38 DEBUG [Main] [Geode]:     Check if apply-pagesel is saved
17:11:38 DEBUG [Main] [Geode]:     Check if apply-shards is saved
17:11:38 DEBUG [Main] [Geode]:     Check if apply-demon is saved
17:11:38 DEBUG [Main] [Geode]:     Check if apply-quests is saved
17:11:38 DEBUG [Main] [Geode]:     Check if reverse-order is saved
17:11:38 DEBUG [Main] [Geode]:     Check if use-custom-colours is saved
17:11:38 DEBUG [Main] [Geode]:     Check if primary-colour is saved
17:11:38 DEBUG [Main] [Geode]:     Check if secondary-colour is saved
17:11:38 DEBUG [Main] [Geode]:   xanii.youtubers
17:11:38 DEBUG [Main] [Geode]:     Check covered
17:11:38 INFO  [Main] [Geode]:   Took 0.06s
17:11:51 DEBUG [Main] [Globed]: cleaning up..
17:11:51 DEBUG [Main] [Globed]: disconnecting from the server..
17:11:51 DEBUG [Main] [Globed]: Goodbye!
17:11:51 DEBUG [Main] [Globed]: audio thread halted.
