15:36:32 INFO  [Main] [Geode]: Running Geode v2.0.0-beta.20 in Geometry Dash v2.204
15:36:32 INFO  [Main] [Geode]: Setting up internal mod
15:36:32 INFO  [Main] [Geode]: Setting up loader
15:36:32 DEBUG [Main] [Geode]:   Loading launch arguments
15:36:32 DEBUG [Main] [Geode]:   Setting up crash handler
15:36:32 DEBUG [Main] [Geode]:   Loading hooks
15:36:32 DEBUG [Main] [Geode]:     Enabled cocos2d::CCFileUtils::fullPathForFilename hook at 0x74460f40 for geode.loader
15:36:32 DEBUG [Main] [Geode]:     Enabled cocos2d::CCFileUtils::sharedFileUtils hook at 0x74469770 for geode.loader
15:36:32 DEBUG [Main] [Geode]:     Enabled cocos2d::CCNode::getUserObject hook at 0x744b31f0 for geode.loader
15:36:32 DEBUG [Main] [Geode]:     Enabled cocos2d::CCNode::setUserObject hook at 0x744015a0 for geode.loader
15:36:32 DEBUG [Main] [Geode]:     Enabled LoadingLayer::init hook at 0x2c6370 for geode.loader
15:36:32 DEBUG [Main] [Geode]:     Enabled LoadingLayer::loadAssets hook at 0x2c6bd0 for geode.loader
15:36:32 DEBUG [Main] [Geode]:     Enabled MenuLayer::init hook at 0x2cb450 for geode.loader
15:36:32 DEBUG [Main] [Geode]:     Enabled ProfilePage::getUserInfoFinished hook at 0x341db0 for geode.loader
15:36:32 DEBUG [Main] [Geode]:     Enabled AchievementNotifier::willSwitchToScene hook at 0x6c200 for geode.loader
15:36:32 DEBUG [Main] [Geode]:     Enabled AppDelegate::trySaveGame hook at 0xab790 for geode.loader
15:36:32 DEBUG [Main] [Geode]:     Enabled cocos2d::CCScheduler::update hook at 0x744a6db0 for geode.loader
15:36:32 DEBUG [Main] [Geode]:     Enabled CCTextInputNode::ccTouchBegan hook at 0x804f0 for geode.loader
15:36:32 DEBUG [Main] [Geode]:     Enabled LoadingLayer::loadAssets hook at 0x2c6bd0 for geode.loader
15:36:32 DEBUG [Main] [Geode]:   Setting up directories
15:36:32 INFO  [Main] [Geode]:   Refreshing mod graph
15:36:32 DEBUG [Main] [Geode]:     Queueing mods
15:36:32 DEBUG [Main] [Geode]:       Searching C:\Program Files (x86)\Steam\steamapps\common\Geometry Dash\geode\mods
15:36:33 DEBUG [Main] [Geode]:         Found abb2k.backup.geode
15:36:33 DEBUG [Main] [Geode]:           id: abb2k.backup
15:36:33 DEBUG [Main] [Geode]:           version: v1.0.4
15:36:33 DEBUG [Main] [Geode]:           early: no
15:36:33 DEBUG [Main] [Geode]:         Found absolllute.megahack.geode
15:36:33 DEBUG [Main] [Geode]:           id: absolllute.megahack
15:36:33 DEBUG [Main] [Geode]:           version: v8.0.0-alpha.10
15:36:33 DEBUG [Main] [Geode]:           early: yes
15:36:33 DEBUG [Main] [Geode]:         Found alk.editorcollab.geode
15:36:33 ERROR [Main] [Geode]:           Failed to queue: "C:\Program Files (x86)\Steam\steamapps\common\Geometry Dash\geode\mods\alk.editorcollab.geode" - [mod.json] is missing target GD version
15:36:33 DEBUG [Main] [Geode]:         Found alk.fps-shower.geode
15:36:33 ERROR [Main] [Geode]:           Failed to queue: "C:\Program Files (x86)\Steam\steamapps\common\Geometry Dash\geode\mods\alk.fps-shower.geode" - [mod.json] is missing target GD version
15:36:33 DEBUG [Main] [Geode]:         Found bitz.customprofiles.geode
15:36:33 DEBUG [Main] [Geode]:           id: bitz.customprofiles
15:36:33 DEBUG [Main] [Geode]:           version: v1.0.5
15:36:33 DEBUG [Main] [Geode]:           early: no
15:36:33 DEBUG [Main] [Geode]:         Found camila314.acbypass.geode
15:36:33 ERROR [Main] [Geode]:           Failed to queue: "C:\Program Files (x86)\Steam\steamapps\common\Geometry Dash\geode\mods\camila314.acbypass.geode" - [mod.json] is missing target GD version
15:36:33 DEBUG [Main] [Geode]:         Found camila314.demonlist-button.geode
15:36:33 ERROR [Main] [Geode]:           Failed to queue: "C:\Program Files (x86)\Steam\steamapps\common\Geometry Dash\geode\mods\camila314.demonlist-button.geode" - [mod.json] is missing target GD version
15:36:33 DEBUG [Main] [Geode]:         Found camila314.noclip.geode
15:36:33 ERROR [Main] [Geode]:           Failed to queue: "C:\Program Files (x86)\Steam\steamapps\common\Geometry Dash\geode\mods\camila314.noclip.geode" - [mod.json] is missing target GD version
15:36:33 DEBUG [Main] [Geode]:         Found capeling.icon_profile_2.2.geode
15:36:33 DEBUG [Main] [Geode]:           id: capeling.icon_profile_2.2
15:36:33 DEBUG [Main] [Geode]:           version: v1.1.4
15:36:33 DEBUG [Main] [Geode]:           early: no
15:36:33 DEBUG [Main] [Geode]:         Found chs.confirmquit.geode
15:36:33 ERROR [Main] [Geode]:           Failed to queue: "C:\Program Files (x86)\Steam\steamapps\common\Geometry Dash\geode\mods\chs.confirmquit.geode" - [mod.json] is missing target GD version
15:36:33 DEBUG [Main] [Geode]:         Found cj_link.fakemoderator.geode
15:36:33 DEBUG [Main] [Geode]:           id: cj_link.fakemoderator
15:36:33 DEBUG [Main] [Geode]:           version: v1.0.1
15:36:33 DEBUG [Main] [Geode]:           early: no
15:36:33 DEBUG [Main] [Geode]:         Found coderqc.gdswearfilter.geode
15:36:33 DEBUG [Main] [Geode]:           id: coderqc.gdswearfilter
15:36:33 DEBUG [Main] [Geode]:           version: v1.0.1
15:36:33 DEBUG [Main] [Geode]:           early: no
15:36:33 DEBUG [Main] [Geode]:         Found colon.gold_user_coins.geode
15:36:33 DEBUG [Main] [Geode]:           id: colon.gold_user_coins
15:36:33 DEBUG [Main] [Geode]:           version: v1.0.1
15:36:33 DEBUG [Main] [Geode]:           early: no
15:36:33 DEBUG [Main] [Geode]:         Found cvolton.betterinfo.geode
15:36:33 DEBUG [Main] [Geode]:           id: cvolton.betterinfo
15:36:33 DEBUG [Main] [Geode]:           version: v4.0.0-alpha.13
15:36:33 DEBUG [Main] [Geode]:           early: no
15:36:33 DEBUG [Main] [Geode]:         Found cvolton.capacity_fix.geode
15:36:33 ERROR [Main] [Geode]:           Failed to queue: "C:\Program Files (x86)\Steam\steamapps\common\Geometry Dash\geode\mods\cvolton.capacity_fix.geode" - [mod.json] is missing target GD version
15:36:33 DEBUG [Main] [Geode]:         Found dankmeme.globed2.geode
15:36:33 DEBUG [Main] [Geode]:           id: dankmeme.globed2
15:36:33 DEBUG [Main] [Geode]:           version: v1.2.2
15:36:33 DEBUG [Main] [Geode]:           early: no
15:36:33 DEBUG [Main] [Geode]:         Found elnexreal.auto_priority.geode
15:36:33 DEBUG [Main] [Geode]:           id: elnexreal.auto_priority
15:36:33 DEBUG [Main] [Geode]:           version: v1.0.0
15:36:33 DEBUG [Main] [Geode]:           early: no
15:36:33 DEBUG [Main] [Geode]:         Found elnexreal.copy_song_id.geode
15:36:33 DEBUG [Main] [Geode]:           id: elnexreal.copy_song_id
15:36:33 DEBUG [Main] [Geode]:           version: v1.2.2
15:36:33 DEBUG [Main] [Geode]:           early: no
15:36:33 DEBUG [Main] [Geode]:         Found elohmrow.death_tracker.geode
15:36:33 DEBUG [Main] [Geode]:           id: elohmrow.death_tracker
15:36:33 DEBUG [Main] [Geode]:           version: v1.4.3
15:36:33 DEBUG [Main] [Geode]:           early: no
15:36:33 DEBUG [Main] [Geode]:         Found fleym.nongd.geode
15:36:33 DEBUG [Main] [Geode]:           id: fleym.nongd
15:36:33 DEBUG [Main] [Geode]:           version: v2.4.0
15:36:33 DEBUG [Main] [Geode]:           early: no
15:36:33 DEBUG [Main] [Geode]:         Found gdutilsdevs.gdutils.geode
15:36:33 DEBUG [Main] [Geode]:           id: gdutilsdevs.gdutils
15:36:33 DEBUG [Main] [Geode]:           version: v1.2.14
15:36:33 DEBUG [Main] [Geode]:           early: no
15:36:33 DEBUG [Main] [Geode]:         Found geode.custom-keybinds.geode
15:36:33 DEBUG [Main] [Geode]:           id: geode.custom-keybinds
15:36:33 DEBUG [Main] [Geode]:           version: v1.4.0
15:36:33 DEBUG [Main] [Geode]:           early: no
15:36:33 DEBUG [Main] [Geode]:         Found geode.node-ids.geode
15:36:33 DEBUG [Main] [Geode]:           id: geode.node-ids
15:36:33 DEBUG [Main] [Geode]:           version: v1.3.0
15:36:33 DEBUG [Main] [Geode]:           early: no
15:36:33 DEBUG [Main] [Geode]:         Found geode.texture-loader.geode
15:36:33 DEBUG [Main] [Geode]:           id: geode.texture-loader
15:36:33 DEBUG [Main] [Geode]:           version: v1.5.0
15:36:33 DEBUG [Main] [Geode]:           early: yes
15:36:33 DEBUG [Main] [Geode]:         Found hjfod.custom-keybinds.geode
15:36:33 ERROR [Main] [Geode]:           Failed to queue: "C:\Program Files (x86)\Steam\steamapps\common\Geometry Dash\geode\mods\hjfod.custom-keybinds.geode" - [mod.json] is missing target GD version
15:36:33 DEBUG [Main] [Geode]:         Found hjfod.gdshare.geode
15:36:33 DEBUG [Main] [Geode]:           id: hjfod.gdshare
15:36:33 DEBUG [Main] [Geode]:           version: v1.0.4
15:36:33 DEBUG [Main] [Geode]:           early: no
15:36:33 DEBUG [Main] [Geode]:         Found hjfod.gmd-api.geode
15:36:33 DEBUG [Main] [Geode]:           id: hjfod.gmd-api
15:36:33 DEBUG [Main] [Geode]:           version: v1.0.1
15:36:33 DEBUG [Main] [Geode]:           early: no
15:36:33 DEBUG [Main] [Geode]:         Found hjfod.quick-volume-controls.geode
15:36:33 DEBUG [Main] [Geode]:           id: hjfod.quick-volume-controls
15:36:33 DEBUG [Main] [Geode]:           version: v1.0.1
15:36:33 DEBUG [Main] [Geode]:           early: no
15:36:33 DEBUG [Main] [Geode]:         Found lexi.visiblecheckpoints.geode
15:36:33 DEBUG [Main] [Geode]:           id: lexi.visiblecheckpoints
15:36:33 DEBUG [Main] [Geode]:           version: v0.1.4
15:36:33 DEBUG [Main] [Geode]:           early: no
15:36:33 DEBUG [Main] [Geode]:         Found mat.fps-bypass.geode
15:36:33 ERROR [Main] [Geode]:           Failed to queue: "C:\Program Files (x86)\Steam\steamapps\common\Geometry Dash\geode\mods\mat.fps-bypass.geode" - [mod.json] is missing target GD version
15:36:33 DEBUG [Main] [Geode]:         Found mat.practice-music.geode
15:36:33 ERROR [Main] [Geode]:           Failed to queue: "C:\Program Files (x86)\Steam\steamapps\common\Geometry Dash\geode\mods\mat.practice-music.geode" - [mod.json] is missing target GD version
15:36:33 DEBUG [Main] [Geode]:         Found mat.run-info.geode
15:36:33 DEBUG [Main] [Geode]:           id: mat.run-info
15:36:33 DEBUG [Main] [Geode]:           version: v1.0.2
15:36:33 DEBUG [Main] [Geode]:           early: no
15:36:33 DEBUG [Main] [Geode]:         Found mat.scroll-zoom.geode
15:36:33 ERROR [Main] [Geode]:           Failed to queue: "C:\Program Files (x86)\Steam\steamapps\common\Geometry Dash\geode\mods\mat.scroll-zoom.geode" - [mod.json] is missing target GD version
15:36:33 DEBUG [Main] [Geode]:         Found muhammadgames.bettermenu.geode
15:36:33 DEBUG [Main] [Geode]:           id: muhammadgames.bettermenu
15:36:33 DEBUG [Main] [Geode]:           version: v1.0.4-beta.12
15:36:33 DEBUG [Main] [Geode]:           early: no
15:36:33 DEBUG [Main] [Geode]:         Found rlt.gd-platformer.geode
15:36:33 ERROR [Main] [Geode]:           Failed to queue: "C:\Program Files (x86)\Steam\steamapps\common\Geometry Dash\geode\mods\rlt.gd-platformer.geode" - [mod.json] is missing target GD version
15:36:33 DEBUG [Main] [Geode]:         Found ruslan.apm.geode
15:36:33 ERROR [Main] [Geode]:           Failed to queue: "C:\Program Files (x86)\Steam\steamapps\common\Geometry Dash\geode\mods\ruslan.apm.geode" - [mod.json] is missing target GD version
15:36:33 DEBUG [Main] [Geode]:         Found ruslan.nm.geode
15:36:33 ERROR [Main] [Geode]:           Failed to queue: "C:\Program Files (x86)\Steam\steamapps\common\Geometry Dash\geode\mods\ruslan.nm.geode" - [mod.json] is missing target GD version
15:36:33 DEBUG [Main] [Geode]:         Found thesillydoggo.animatedprofiles.geode
15:36:33 DEBUG [Main] [Geode]:           id: thesillydoggo.animatedprofiles
15:36:33 DEBUG [Main] [Geode]:           version: v1.0.1
15:36:33 DEBUG [Main] [Geode]:           early: no
15:36:33 DEBUG [Main] [Geode]:         Found thesillydoggo.better_startpos_menu.geode
15:36:33 DEBUG [Main] [Geode]:           id: thesillydoggo.better_startpos_menu
15:36:33 DEBUG [Main] [Geode]:           version: v1.1.0
15:36:33 DEBUG [Main] [Geode]:           early: no
15:36:33 DEBUG [Main] [Geode]:         Found thesillydoggo.entersearch.geode
15:36:33 DEBUG [Main] [Geode]:           id: thesillydoggo.entersearch
15:36:33 DEBUG [Main] [Geode]:           version: v1.0.0
15:36:33 DEBUG [Main] [Geode]:           early: no
15:36:33 DEBUG [Main] [Geode]:         Found TheSillyDoggo.GradientPages.geode
15:36:33 DEBUG [Main] [Geode]:           id: TheSillyDoggo.GradientPages
15:36:33 DEBUG [Main] [Geode]:           version: v2.1.0
15:36:33 DEBUG [Main] [Geode]:           early: no
15:36:33 DEBUG [Main] [Geode]:         Found tpdea.betterpause-Better.geode
15:36:33 DEBUG [Main] [Geode]:           id: tpdea.betterpause-Better
15:36:33 DEBUG [Main] [Geode]:           version: v1.5.5
15:36:33 DEBUG [Main] [Geode]:           early: no
15:36:33 DEBUG [Main] [Geode]:         Found zilko.xdbot.geode
15:36:33 DEBUG [Main] [Geode]:           id: zilko.xdbot
15:36:33 DEBUG [Main] [Geode]:           version: v1.4.8
15:36:33 DEBUG [Main] [Geode]:           early: no
15:36:33 DEBUG [Main] [Geode]:     Populating mod list
15:36:33 DEBUG [Main] [Geode]:       abb2k.backup v1.0.4
15:36:33 DEBUG [Main] [Geode]:       absolllute.megahack v8.0.0-alpha.10
15:36:33 DEBUG [Main] [Geode]:       bitz.customprofiles v1.0.5
15:36:33 DEBUG [Main] [Geode]:       capeling.icon_profile_2.2 v1.1.4
15:36:33 DEBUG [Main] [Geode]:       cj_link.fakemoderator v1.0.1
15:36:33 DEBUG [Main] [Geode]:       coderqc.gdswearfilter v1.0.1
15:36:33 DEBUG [Main] [Geode]:       colon.gold_user_coins v1.0.1
15:36:33 DEBUG [Main] [Geode]:       cvolton.betterinfo v4.0.0-alpha.13
15:36:33 DEBUG [Main] [Geode]:       dankmeme.globed2 v1.2.2
15:36:33 DEBUG [Main] [Geode]:       elnexreal.auto_priority v1.0.0
15:36:33 DEBUG [Main] [Geode]:       elnexreal.copy_song_id v1.2.2
15:36:33 DEBUG [Main] [Geode]:       elohmrow.death_tracker v1.4.3
15:36:33 DEBUG [Main] [Geode]:       fleym.nongd v2.4.0
15:36:33 DEBUG [Main] [Geode]:       gdutilsdevs.gdutils v1.2.14
15:36:33 WARN  [Main] [GDUtils]:       Encountered unknown setting "spotify-section" while loading settings
15:36:33 WARN  [Main] [GDUtils]:       Encountered unknown setting "misc-section" while loading settings
15:36:33 WARN  [Main] [GDUtils]:       Encountered unknown setting "spotifyApp" while loading settings
15:36:33 WARN  [Main] [GDUtils]:       Encountered unknown setting "test-notification" while loading settings
15:36:33 WARN  [Main] [GDUtils]:       Encountered unknown setting "notificationPlacement" while loading settings
15:36:33 WARN  [Main] [GDUtils]:       Encountered unknown setting "notification-section" while loading settings
15:36:33 WARN  [Main] [GDUtils]:       Encountered unknown setting "notification-placement-section" while loading settings
15:36:33 WARN  [Main] [GDUtils]:       Encountered unknown setting "notification-appearance-section" while loading settings
15:36:33 WARN  [Main] [GDUtils]:       Encountered unknown setting "credits-section" while loading settings
15:36:33 WARN  [Main] [GDUtils]:       Encountered unknown setting "credit-buttons" while loading settings
15:36:33 DEBUG [Main] [Geode]:       geode.custom-keybinds v1.4.0
15:36:33 DEBUG [Main] [Geode]:       geode.node-ids v1.3.0
15:36:33 DEBUG [Main] [Geode]:       geode.texture-loader v1.5.0
15:36:33 DEBUG [Main] [Geode]:       hjfod.gdshare v1.0.4
15:36:33 DEBUG [Main] [Geode]:       hjfod.gmd-api v1.0.1
15:36:33 DEBUG [Main] [Geode]:       hjfod.quick-volume-controls v1.0.1
15:36:33 DEBUG [Main] [Geode]:       lexi.visiblecheckpoints v0.1.4
15:36:33 DEBUG [Main] [Geode]:       mat.run-info v1.0.2
15:36:33 DEBUG [Main] [Geode]:       muhammadgames.bettermenu v1.0.4-beta.12
15:36:33 DEBUG [Main] [Geode]:       thesillydoggo.animatedprofiles v1.0.1
15:36:33 DEBUG [Main] [Geode]:       thesillydoggo.better_startpos_menu v1.1.0
15:36:33 DEBUG [Main] [Geode]:       thesillydoggo.entersearch v1.0.0
15:36:33 DEBUG [Main] [Geode]:       TheSillyDoggo.GradientPages v2.1.0
15:36:33 DEBUG [Main] [Geode]:       tpdea.betterpause-Better v1.5.5
15:36:33 DEBUG [Main] [Geode]:       zilko.xdbot v1.4.8
15:36:33 DEBUG [Main] [Geode]:     Building mod graph
15:36:33 DEBUG [Main] [Geode]:       capeling.icon_profile_2.2
15:36:33 DEBUG [Main] [Geode]:         geode.loader
15:36:33 DEBUG [Main] [Geode]:       geode.loader
15:36:33 DEBUG [Main] [Geode]:       elohmrow.death_tracker
15:36:33 DEBUG [Main] [Geode]:         geode.loader
15:36:33 DEBUG [Main] [Geode]:       absolllute.megahack
15:36:33 DEBUG [Main] [Geode]:         geode.loader
15:36:33 DEBUG [Main] [Geode]:       elnexreal.auto_priority
15:36:33 DEBUG [Main] [Geode]:         geode.loader
15:36:33 DEBUG [Main] [Geode]:       abb2k.backup
15:36:33 DEBUG [Main] [Geode]:         geode.loader
15:36:33 DEBUG [Main] [Geode]:       coderqc.gdswearfilter
15:36:33 DEBUG [Main] [Geode]:         geode.loader
15:36:33 DEBUG [Main] [Geode]:       zilko.xdbot
15:36:33 DEBUG [Main] [Geode]:         geode.loader
15:36:33 DEBUG [Main] [Geode]:         geode.node-ids
15:36:33 DEBUG [Main] [Geode]:       bitz.customprofiles
15:36:33 DEBUG [Main] [Geode]:         geode.loader
15:36:33 DEBUG [Main] [Geode]:         geode.node-ids
15:36:33 DEBUG [Main] [Geode]:       colon.gold_user_coins
15:36:33 DEBUG [Main] [Geode]:         geode.loader
15:36:33 DEBUG [Main] [Geode]:       cj_link.fakemoderator
15:36:33 DEBUG [Main] [Geode]:         geode.loader
15:36:33 DEBUG [Main] [Geode]:       lexi.visiblecheckpoints
15:36:33 DEBUG [Main] [Geode]:         geode.loader
15:36:33 DEBUG [Main] [Geode]:       cvolton.betterinfo
15:36:33 DEBUG [Main] [Geode]:         geode.loader
15:36:33 DEBUG [Main] [Geode]:         geode.node-ids
15:36:33 DEBUG [Main] [Geode]:       tpdea.betterpause-Better
15:36:33 DEBUG [Main] [Geode]:         geode.loader
15:36:33 DEBUG [Main] [Geode]:         geode.node-ids
15:36:33 DEBUG [Main] [Geode]:       dankmeme.globed2
15:36:33 DEBUG [Main] [Geode]:         geode.loader
15:36:33 DEBUG [Main] [Geode]:         geode.custom-keybinds
15:36:33 DEBUG [Main] [Geode]:       elnexreal.copy_song_id
15:36:33 DEBUG [Main] [Geode]:         geode.loader
15:36:33 DEBUG [Main] [Geode]:       fleym.nongd
15:36:33 DEBUG [Main] [Geode]:         geode.loader
15:36:33 DEBUG [Main] [Geode]:       gdutilsdevs.gdutils
15:36:33 DEBUG [Main] [Geode]:         geode.loader
15:36:33 DEBUG [Main] [Geode]:       thesillydoggo.better_startpos_menu
15:36:33 DEBUG [Main] [Geode]:         geode.loader
15:36:33 DEBUG [Main] [Geode]:       geode.custom-keybinds
15:36:33 DEBUG [Main] [Geode]:         geode.loader
15:36:33 DEBUG [Main] [Geode]:       geode.node-ids
15:36:33 DEBUG [Main] [Geode]:         geode.loader
15:36:33 DEBUG [Main] [Geode]:       geode.texture-loader
15:36:33 DEBUG [Main] [Geode]:         geode.loader
15:36:33 DEBUG [Main] [Geode]:       hjfod.gdshare
15:36:33 DEBUG [Main] [Geode]:         geode.loader
15:36:33 DEBUG [Main] [Geode]:         hjfod.gmd-api
15:36:33 DEBUG [Main] [Geode]:         geode.node-ids
15:36:33 DEBUG [Main] [Geode]:       hjfod.gmd-api
15:36:33 DEBUG [Main] [Geode]:         geode.loader
15:36:33 DEBUG [Main] [Geode]:       hjfod.quick-volume-controls
15:36:33 DEBUG [Main] [Geode]:         geode.loader
15:36:33 DEBUG [Main] [Geode]:       mat.run-info
15:36:33 DEBUG [Main] [Geode]:         geode.loader
15:36:33 DEBUG [Main] [Geode]:       muhammadgames.bettermenu
15:36:33 DEBUG [Main] [Geode]:         geode.loader
15:36:33 DEBUG [Main] [Geode]:       thesillydoggo.animatedprofiles
15:36:33 DEBUG [Main] [Geode]:         geode.loader
15:36:33 DEBUG [Main] [Geode]:         geode.node-ids
15:36:33 DEBUG [Main] [Geode]:       thesillydoggo.entersearch
15:36:33 DEBUG [Main] [Geode]:         geode.loader
15:36:33 DEBUG [Main] [Geode]:       TheSillyDoggo.GradientPages
15:36:33 DEBUG [Main] [Geode]:         geode.loader
15:36:33 DEBUG [Main] [Geode]:     Loading early mods
15:36:33 DEBUG [Main] [Geode]:       absolllute.megahack v8.0.0-alpha.10
15:36:33 DEBUG [Main] [Geode]:         Unzip
15:36:33 DEBUG [Main] [Geode]:         Same hash detected, skipping unzip
15:36:33 DEBUG [Main] [Geode]:         Load
15:36:33 DEBUG [Main] [Geode]:         Loading binary for mod absolllute.megahack
15:36:39 DEBUG [Main] [Geode]:       geode.texture-loader v1.5.0
15:36:39 DEBUG [Main] [Geode]:         Unzip
15:36:39 DEBUG [Main] [Geode]:         Hash mismatch detected, unzipping
15:36:39 DEBUG [Main] [Geode]:         Load
15:36:39 DEBUG [Main] [Geode]:         Loading binary for mod geode.texture-loader
15:36:39 DEBUG [Main] [Geode]:         Enabled MenuLayer::init hook at 0x2cb450 for geode.texture-loader
15:36:40 INFO  [Ma>] [Texture Loader]: Loading texture packs
15:36:40 INFO  [Ma>] [Texture Loader]: Loaded 0 packs
15:36:40 INFO  [Main] [Geode]:     Took 7.006s. Continuing next frame...
15:36:40 DEBUG [Main] [Geode]: Setting up IPC
15:36:40 DEBUG [Main] [Geode]:   IPC set up
15:36:40 INFO  [Main] [Geode]: Starting loader update check
15:36:40 INFO  [Main] [Geode]: Entry took 7.038s
15:36:46 INFO  [Main] [Geode]: Continuing mod graph refresh...
15:36:46 DEBUG [Main] [Geode]:   Loading mods
15:36:46 DEBUG [Main] [Geode]:     capeling.icon_profile_2.2 v1.1.4
15:36:46 ERROR [Main] [Geode]: Failed to fetch updates Empty response
15:36:46 DEBUG [Mod Unzip] [Geode]:  Unzip
15:36:46 DEBUG [Mod Unzip] [Geode]:  Same hash detected, skipping unzip
15:36:48 DEBUG [Main] [Geode]: Enabled GameManager::isIconUnlocked hook at 0x171f90 for absolllute.megahack
15:36:48 DEBUG [Main] [Geode]: Enabled GameManager::isColorUnlocked hook at 0x172490 for absolllute.megahack
15:36:48 DEBUG [Main] [Geode]: Enabled GameManager::setGameVariable hook at 0x1784e0 for absolllute.megahack
15:36:48 DEBUG [Main] [Geode]: Enabled GameManager::getGameVariable hook at 0x178730 for absolllute.megahack
15:36:48 DEBUG [Main] [Geode]: Enabled MenuLayer::init hook at 0x2cb450 for absolllute.megahack
15:36:48 DEBUG [Main] [Geode]:       Load
15:36:48 DEBUG [Main] [Geode]:       Loading binary for mod capeling.icon_profile_2.2
15:36:48 DEBUG [Main] [Geode]:       Enabled MenuLayer::init hook at 0x2cb450 for capeling.icon_profile_2.2
15:36:48 INFO  [Main] [Geode]: Took 1.849s
15:36:48 INFO  [Main] [Geode]: Continuing mod graph refresh...
15:36:48 DEBUG [Main] [Geode]:   Loading mods
15:36:48 DEBUG [Main] [Geode]:     elohmrow.death_tracker v1.4.3
15:36:48 DEBUG [Mod Unzip] [Geode]:  Unzip
15:36:48 DEBUG [Mod Unzip] [Geode]:  Same hash detected, skipping unzip
15:36:48 DEBUG [Main] [Geode]:       Load
15:36:48 DEBUG [Main] [Geode]:       Loading binary for mod elohmrow.death_tracker
15:36:48 DEBUG [Main] [Geode]:       Enabled GJBaseGameLayer::setStartPosObject hook at 0x1e9e90 for elohmrow.death_tracker
15:36:48 DEBUG [Main] [Geode]:       Enabled PlayLayer::checkpointActivated hook at 0x3376c0 for elohmrow.death_tracker
15:36:48 DEBUG [Main] [Geode]:       Enabled PlayLayer::onQuit hook at 0x33b480 for elohmrow.death_tracker
15:36:48 DEBUG [Main] [Geode]:       Enabled PlayLayer::resetLevelFromStart hook at 0x33a090 for elohmrow.death_tracker
15:36:48 DEBUG [Main] [Geode]:       Enabled PlayerObject::playerDestroyed hook at 0x321b30 for elohmrow.death_tracker
15:36:48 DEBUG [Main] [Geode]:       Enabled LevelInfoLayer::onLevelInfo hook at 0x2a6a70 for elohmrow.death_tracker
15:36:48 DEBUG [Main] [Geode]:       Enabled EditLevelLayer::onLevelInfo hook at 0xedb40 for elohmrow.death_tracker
15:36:48 DEBUG [Main] [Geode]:       Enabled LevelPage::onInfo hook at 0x2bc400 for elohmrow.death_tracker
15:36:48 DEBUG [Main] [Geode]:       Enabled cocos2d::CCLayerColor::initWithColor hook at 0x74444c70 for elohmrow.death_tracker
15:36:48 DEBUG [Main] [Geode]:       Enabled FLAlertLayer::init hook at 0x80f60 for elohmrow.death_tracker
15:36:48 DEBUG [Main] [Geode]:       Enabled FLAlertLayer::keyBackClicked hook at 0x81a10 for elohmrow.death_tracker
15:36:48 DEBUG [Main] [Geode]:       Enabled FLAlertLayer::onBtn1 hook at 0x81ab0 for elohmrow.death_tracker
15:36:48 DEBUG [Main] [Geode]:       Enabled FLAlertLayer::show hook at 0x81cd0 for elohmrow.death_tracker
15:36:48 INFO  [Main] [Geode]: Took 0.044s
15:36:48 INFO  [Main] [Geode]: Continuing mod graph refresh...
15:36:48 DEBUG [Main] [Geode]:   Loading mods
15:36:48 DEBUG [Main] [Geode]:     elnexreal.auto_priority v1.0.0
15:36:48 DEBUG [Mod Unzip] [Geode]:  Unzip
15:36:48 DEBUG [Mod Unzip] [Geode]:  Same hash detected, skipping unzip
15:36:48 DEBUG [Main] [Geode]:       Load
15:36:48 DEBUG [Main] [Geode]:       Loading binary for mod elnexreal.auto_priority
15:36:48 DEBUG [Main] [Geode]:       Enabled LoadingLayer::loadingFinished hook at 0x2c6ae0 for elnexreal.auto_priority
15:36:48 INFO  [Main] [Geode]: Took 0.033s
15:36:48 INFO  [Main] [Geode]: Continuing mod graph refresh...
15:36:48 DEBUG [Main] [Geode]:   Loading mods
15:36:48 DEBUG [Main] [Geode]:     abb2k.backup v1.0.4
15:36:48 DEBUG [Mod Unzip] [Geode]:  Unzip
15:36:48 DEBUG [Mod Unzip] [Geode]:  Same hash detected, skipping unzip
15:36:48 INFO  [Main] [Geode]: Took 0.033s
15:36:48 INFO  [Main] [Geode]: Continuing mod graph refresh...
15:36:48 DEBUG [Main] [Geode]:   Loading mods
15:36:48 DEBUG [Main] [Geode]:     coderqc.gdswearfilter v1.0.1
15:36:48 DEBUG [Mod Unzip] [Geode]:  Unzip
15:36:48 DEBUG [Mod Unzip] [Geode]:  Same hash detected, skipping unzip
15:36:48 DEBUG [Main] [Geode]:       Load
15:36:48 DEBUG [Main] [Geode]:       Loading binary for mod coderqc.gdswearfilter
15:36:48 DEBUG [Main] [Geode]:       Enabled CommentCell::loadFromComment hook at 0xd4490 for coderqc.gdswearfilter
15:36:48 DEBUG [Main] [Geode]:       Enabled InfoLayer::init hook at 0x278810 for coderqc.gdswearfilter
15:36:48 DEBUG [Main] [Geode]:       Enabled LevelCell::loadFromLevel hook at 0xcd8b0 for coderqc.gdswearfilter
15:36:48 INFO  [Main] [Geode]: Took 0.032s
15:36:48 INFO  [Main] [Geode]: Continuing mod graph refresh...
15:36:48 DEBUG [Main] [Geode]:   Loading mods
15:36:48 DEBUG [Main] [Geode]:     zilko.xdbot v1.4.8 has unresolved dependencies
15:36:48 INFO  [Main] [Geode]: Took 0.017s
15:36:48 INFO  [Main] [Geode]: Continuing mod graph refresh...
15:36:48 DEBUG [Main] [Geode]:   Loading mods
15:36:48 DEBUG [Main] [Geode]:     bitz.customprofiles v1.0.5 has unresolved dependencies
15:36:48 INFO  [Main] [Geode]: Took 0.015s
15:36:48 INFO  [Main] [Geode]: Continuing mod graph refresh...
15:36:48 DEBUG [Main] [Geode]:   Loading mods
15:36:48 DEBUG [Main] [Geode]:     colon.gold_user_coins v1.0.1
15:36:48 DEBUG [Mod Unzip] [Geode]:  Unzip
15:36:48 DEBUG [Mod Unzip] [Geode]:  Same hash detected, skipping unzip
15:36:48 DEBUG [Main] [Geode]:       Load
15:36:48 DEBUG [Main] [Geode]:       Loading binary for mod colon.gold_user_coins
15:36:48 DEBUG [Main] [Geode]:       Enabled MenuLayer::init hook at 0x2cb450 for colon.gold_user_coins
15:36:48 DEBUG [Main] [Geode]:       Enabled cocos2d::CCSprite::setColor hook at 0x744778a0 for colon.gold_user_coins
15:36:48 INFO  [Main] [Geode]: Took 0.033s
15:36:48 INFO  [Main] [Geode]: Continuing mod graph refresh...
15:36:48 DEBUG [Main] [Geode]:   Loading mods
15:36:48 DEBUG [Main] [Geode]:     cj_link.fakemoderator v1.0.1
15:36:48 DEBUG [Mod Unzip] [Geode]:  Unzip
15:36:48 DEBUG [Mod Unzip] [Geode]:  Same hash detected, skipping unzip
15:36:48 DEBUG [Main] [Geode]:       Load
15:36:48 DEBUG [Main] [Geode]:       Loading binary for mod cj_link.fakemoderator
15:36:48 DEBUG [Main] [Geode]:       Enabled LevelInfoLayer::init hook at 0x2a16a0 for cj_link.fakemoderator
15:36:48 DEBUG [Main] [Geode]:       Enabled RateStarsLayer::onRate hook at 0x3451c0 for cj_link.fakemoderator
15:36:48 DEBUG [Main] [Geode]:       Enabled SupportLayer::onRequestAccess hook at 0x40ca70 for cj_link.fakemoderator
15:36:48 DEBUG [Main] [Geode]:       Enabled ProfilePage::setupPageInfo hook at 0x342350 for cj_link.fakemoderator
15:36:48 INFO  [Main] [Geode]: Took 0.033s
15:36:48 INFO  [Main] [Geode]: Continuing mod graph refresh...
15:36:48 DEBUG [Main] [Geode]:   Loading mods
15:36:48 DEBUG [Main] [Geode]:     lexi.visiblecheckpoints v0.1.4
15:36:48 DEBUG [Mod Unzip] [Geode]:  Unzip
15:36:48 DEBUG [Mod Unzip] [Geode]:  Same hash detected, skipping unzip
15:36:48 DEBUG [Main] [Geode]:       Load
15:36:48 DEBUG [Main] [Geode]:       Loading binary for mod lexi.visiblecheckpoints
15:36:48 DEBUG [Main] [Geode]:       Enabled PlayLayer::createCheckpoint hook at 0x3376e0 for lexi.visiblecheckpoints
15:36:48 DEBUG [Main] [Geode]:       Enabled PlayLayer::init hook at 0x32c4a0 for lexi.visiblecheckpoints
15:36:48 DEBUG [Main] [Geode]:       Enabled PlayLayer::removeCheckpoint hook at 0x338d70 for lexi.visiblecheckpoints
15:36:48 DEBUG [Main] [Geode]:       Enabled PlayLayer::resetLevelFromStart hook at 0x33a090 for lexi.visiblecheckpoints
15:36:48 DEBUG [Main] [Geode]:       Enabled PlayLayer::setupHasCompleted hook at 0x32ce40 for lexi.visiblecheckpoints
15:36:48 INFO  [Main] [Geode]: Took 0.036s
15:36:48 INFO  [Main] [Geode]: Continuing mod graph refresh...
15:36:48 DEBUG [Main] [Geode]:   Loading mods
15:36:48 DEBUG [Main] [Geode]:     cvolton.betterinfo v4.0.0-alpha.13 has unresolved dependencies
15:36:48 INFO  [Main] [Geode]: Took 0.016s
15:36:48 INFO  [Main] [Geode]: Continuing mod graph refresh...
15:36:48 DEBUG [Main] [Geode]:   Loading mods
15:36:48 DEBUG [Main] [Geode]:     tpdea.betterpause-Better v1.5.5 has unresolved dependencies
15:36:48 INFO  [Main] [Geode]: Took 0.016s
15:36:48 INFO  [Main] [Geode]: Continuing mod graph refresh...
15:36:48 DEBUG [Main] [Geode]:   Loading mods
15:36:48 DEBUG [Main] [Geode]:     dankmeme.globed2 v1.2.2 has unresolved dependencies
15:36:48 INFO  [Main] [Geode]: Took 0.016s
15:36:48 INFO  [Main] [Geode]: Continuing mod graph refresh...
15:36:48 DEBUG [Main] [Geode]:   Loading mods
15:36:48 DEBUG [Main] [Geode]:     elnexreal.copy_song_id v1.2.2 has unresolved incompatibilities
15:36:48 INFO  [Main] [Geode]: Took 0.016s
15:36:48 INFO  [Main] [Geode]: Continuing mod graph refresh...
15:36:48 DEBUG [Main] [Geode]:   Loading mods
15:36:48 DEBUG [Main] [Geode]:     fleym.nongd v2.4.0
15:36:48 DEBUG [Mod Unzip] [Geode]:  Unzip
15:36:48 DEBUG [Mod Unzip] [Geode]:  Hash mismatch detected, unzipping
15:36:48 DEBUG [Main] [Geode]:       Load
15:36:48 DEBUG [Main] [Geode]:       Loading binary for mod fleym.nongd
15:36:49 DEBUG [Main] [Geode]:       Enabled CustomSongWidget::init hook at 0xe2c20 for fleym.nongd
15:36:49 DEBUG [Main] [Geode]:       Enabled CustomSongWidget::updateMultiAssetInfo hook at 0xe5a60 for fleym.nongd
15:36:49 DEBUG [Main] [Geode]:       Enabled CustomSongWidget::updateSongInfo hook at 0xe4b80 for fleym.nongd
15:36:49 DEBUG [Main] [Geode]:       Enabled CustomSongWidget::updateSongObject hook at 0xe4280 for fleym.nongd
15:36:49 DEBUG [Main] [Geode]:       Enabled CustomSongWidget::updateWithMultiAssets hook at 0xe56f0 for fleym.nongd
15:36:49 DEBUG [Main] [Geode]:       Enabled LevelInfoLayer::init hook at 0x2a16a0 for fleym.nongd
15:36:49 DEBUG [Main] [Geode]:       Enabled MenuLayer::init hook at 0x2cb450 for fleym.nongd
15:36:49 DEBUG [Main] [Geode]:       Enabled MusicDownloadManager::getSongInfoObject hook at 0x2d3cb0 for fleym.nongd
15:36:49 DEBUG [Main] [Geode]:       Enabled MusicDownloadManager::onGetSongInfoCompleted hook at 0x2d2d00 for fleym.nongd
15:36:49 DEBUG [Main] [Geode]:       Enabled MusicDownloadManager::pathForSong hook at 0x2d4070 for fleym.nongd
15:36:49 INFO  [Main] [Geode]: Took 0.318s
15:36:49 INFO  [Main] [Geode]: Continuing mod graph refresh...
15:36:49 DEBUG [Main] [Geode]:   Loading mods
15:36:49 DEBUG [Main] [Geode]:     gdutilsdevs.gdutils v1.2.14
15:36:49 DEBUG [Mod Unzip] [Geode]:  Unzip
15:36:49 DEBUG [Mod Unzip] [Geode]:  Same hash detected, skipping unzip
15:36:49 DEBUG [Main] [Geode]:       Load
15:36:49 DEBUG [Main] [Geode]:       Loading binary for mod gdutilsdevs.gdutils
15:36:49 DEBUG [Main] [Geode]:       Enabled cocos2d::CCScheduler::update hook at 0x744a6db0 for gdutilsdevs.gdutils
15:36:49 DEBUG [Main] [Geode]:       Enabled cocos2d::CCScheduler::update hook at 0x744a6db0 for gdutilsdevs.gdutils
15:36:49 DEBUG [Main] [Geode]:       Enabled PlayLayer::init hook at 0x32c4a0 for gdutilsdevs.gdutils
15:36:49 DEBUG [Main] [Geode]:       Enabled PlayLayer::onQuit hook at 0x33b480 for gdutilsdevs.gdutils
15:36:49 DEBUG [Main] [Geode]:       Enabled EditorUI::onPause hook at 0xf6130 for gdutilsdevs.gdutils
15:36:49 DEBUG [Main] [Geode]:       Enabled EditorUI::onPlayback hook at 0x119d20 for gdutilsdevs.gdutils
15:36:49 DEBUG [Main] [Geode]:       Enabled EditorUI::onPlaytest hook at 0x11a090 for gdutilsdevs.gdutils
15:36:49 DEBUG [Main] [Geode]:       Enabled EditorUI::onStopPlaytest hook at 0x11a200 for gdutilsdevs.gdutils
15:36:49 DEBUG [Main] [Geode]:       Enabled FriendsProfilePage::init hook at 0x140a10 for gdutilsdevs.gdutils
15:36:49 DEBUG [Main] [Geode]:       Enabled LeaderboardsLayer::init hook at 0x27dc60 for gdutilsdevs.gdutils
15:36:49 DEBUG [Main] [Geode]:       Enabled SecretLayer2::init hook at 0x3556d0 for gdutilsdevs.gdutils
15:36:49 DEBUG [Main] [Geode]:       Enabled SecretLayer2::onSubmit hook at 0x3571c0 for gdutilsdevs.gdutils
15:36:49 DEBUG [Main] [Geode]:       Enabled SecretLayer2::updateSearchLabel hook at 0x3584b0 for gdutilsdevs.gdutils
15:36:49 DEBUG [Main] [Geode]:       Enabled LevelInfoLayer::init hook at 0x2a16a0 for gdutilsdevs.gdutils
15:36:49 DEBUG [Main] [Geode]:       Enabled InfoLayer::init hook at 0x278810 for gdutilsdevs.gdutils
15:36:49 DEBUG [Main] [Geode]:       Enabled ProfilePage::loadPageFromUserInfo hook at 0x33dda0 for gdutilsdevs.gdutils
15:36:49 INFO  [Main] [GDUtils]:     GDUtils Mod Loaded
15:36:49 INFO  [Main] [GDUtils]:     Le protocole a été enregistré avec succès pour cet utilisateur.
15:36:49 INFO  [Main] [Geode]: Took 0.056s
15:36:49 INFO  [Main] [Geode]: Continuing mod graph refresh...
15:36:49 DEBUG [Main] [Geode]:   Loading mods
15:36:49 DEBUG [Main] [Geode]:     thesillydoggo.better_startpos_menu v1.1.0
15:36:49 INFO  [Thread #13612] [GDUtils]: Starting socket...
15:36:49 DEBUG [Mod Unzip] [Geode]:  Unzip
15:36:49 DEBUG [Mod Unzip] [Geode]:  Same hash detected, skipping unzip
15:36:49 DEBUG [Main] [Geode]:       Load
15:36:49 DEBUG [Main] [Geode]:       Loading binary for mod thesillydoggo.better_startpos_menu
15:36:49 DEBUG [Main] [Geode]:       Enabled LevelSettingsLayer::init hook at 0x2bce20 for thesillydoggo.better_startpos_menu
15:36:49 INFO  [Main] [Geode]: Took 0.052s
15:36:49 INFO  [Main] [Geode]: Continuing mod graph refresh...
15:36:49 DEBUG [Main] [Geode]:   Loading mods
15:36:49 DEBUG [Main] [Geode]:     geode.custom-keybinds v1.4.0
15:36:49 DEBUG [Mod Unzip] [Geode]:  Unzip
15:36:49 DEBUG [Mod Unzip] [Geode]:  Same hash detected, skipping unzip
15:36:49 INFO  [Main] [Geode]: Took 0.033s
15:36:49 INFO  [Main] [Geode]: Continuing mod graph refresh...
15:36:49 DEBUG [Main] [Geode]:   Loading mods
15:36:49 DEBUG [Main] [Geode]:     geode.node-ids v1.3.0
15:36:49 INFO  [stdout]: [2024-02-28 15:36:49] [connect] Successful connection
15:36:49 DEBUG [Mod Unzip] [Geode]:  Unzip
15:36:49 INFO  [stdout]: [2024-02-28 15:36:49] [connect] WebSocket Connection 62.210.53.67:80 v-2 "WebSocket++/0.8.2" /socket.io/?EIO=4&transport=websocket&t=1709131009 101
15:36:49 INFO  [Thread #1092] [GDUtils]: Socket Connection successful!
15:36:49 DEBUG [Mod Unzip] [Geode]:  Same hash detected, skipping unzip
15:36:49 INFO  [Thread #13612] [GDUtils]: listening for events
15:36:49 DEBUG [Main] [Geode]:       Load
15:36:49 DEBUG [Main] [Geode]:       Loading binary for mod geode.node-ids
15:36:49 DEBUG [Main] [Geode]:       Enabled CommentCell::loadFromComment hook at 0xd4490 for geode.node-ids
15:36:49 DEBUG [Main] [Geode]:       Enabled CreatorLayer::init hook at 0xbf550 for geode.node-ids
15:36:49 DEBUG [Main] [Geode]:       Enabled CustomizeObjectLayer::init hook at 0xc64a0 for geode.node-ids
15:36:49 DEBUG [Main] [Geode]:       Enabled CustomizeObjectLayer::toggleVisible hook at 0xc9780 for geode.node-ids
15:36:49 DEBUG [Main] [Geode]:       Enabled DailyLevelNode::init hook at 0xe96c0 for geode.node-ids
15:36:49 DEBUG [Main] [Geode]:       Enabled DailyLevelPage::init hook at 0xe76d0 for geode.node-ids
15:36:49 DEBUG [Main] [Geode]:       Enabled EditLevelLayer::init hook at 0xec8e0 for geode.node-ids
15:36:49 DEBUG [Main] [Geode]:       Enabled EditorPauseLayer::init hook at 0xf0020 for geode.node-ids
15:36:49 DEBUG [Main] [Geode]:       Enabled EditorUI::init hook at 0xf4260 for geode.node-ids
15:36:49 DEBUG [Main] [Geode]:       Enabled GJGarageLayer::init hook at 0x23f250 for geode.node-ids
15:36:49 DEBUG [Main] [Geode]:       Enabled GJGarageLayer::setupPage hook at 0x241d70 for geode.node-ids
15:36:49 DEBUG [Main] [Geode]:       Enabled GJScoreCell::loadFromScore hook at 0xd65b0 for geode.node-ids
15:36:49 DEBUG [Main] [Geode]:       Enabled GameToolbox::addBackButton hook at 0x91910 for geode.node-ids
15:36:49 DEBUG [Main] [Geode]:       Enabled GameToolbox::addRThumbScrollButton hook at 0x919c0 for geode.node-ids
15:36:49 DEBUG [Main] [Geode]:       Enabled InfoLayer::init hook at 0x278810 for geode.node-ids
15:36:49 DEBUG [Main] [Geode]:       Enabled LeaderboardsLayer::init hook at 0x27dc60 for geode.node-ids
15:36:49 DEBUG [Main] [Geode]:       Enabled LevelBrowserLayer::init hook at 0x282e60 for geode.node-ids
15:36:49 DEBUG [Main] [Geode]:       Enabled LevelCell::loadCustomLevelCell hook at 0xcda60 for geode.node-ids
15:36:49 DEBUG [Main] [Geode]:       Enabled LevelCell::loadFromLevel hook at 0xcd8b0 for geode.node-ids
15:36:49 DEBUG [Main] [Geode]:       Enabled LevelCell::loadLocalLevelCell hook at 0xd04d0 for geode.node-ids
15:36:49 DEBUG [Main] [Geode]:       Enabled LevelInfoLayer::init hook at 0x2a16a0 for geode.node-ids
15:36:49 DEBUG [Main] [Geode]:       Enabled LevelInfoLayer::setupPlatformerStats hook at 0x2a3a90 for geode.node-ids
15:36:49 DEBUG [Main] [Geode]:       Enabled LevelInfoLayer::setupProgressBars hook at 0x2a3e20 for geode.node-ids
15:36:49 DEBUG [Main] [Geode]:       Enabled LevelInfoLayer::updateLabelValues hook at 0x2a6d20 for geode.node-ids
15:36:49 DEBUG [Main] [Geode]:       Enabled LevelLeaderboard::init hook at 0x2a8060 for geode.node-ids
15:36:49 DEBUG [Main] [Geode]:       Enabled LevelSearchLayer::init hook at 0x2b0f10 for geode.node-ids
15:36:49 DEBUG [Main] [Geode]:       Enabled PauseLayer::customSetup hook at 0x3089f0 for geode.node-ids
15:36:49 DEBUG [Main] [Geode]:       Enabled PlayerObject::init hook at 0x3124c0 for geode.node-ids
15:36:49 DEBUG [Main] [Geode]:       Enabled ProfilePage::init hook at 0x33d080 for geode.node-ids
15:36:49 DEBUG [Main] [Geode]:       Enabled ProfilePage::loadPageFromUserInfo hook at 0x33dda0 for geode.node-ids
15:36:49 DEBUG [Main] [Geode]:       Enabled RewardsPage::init hook at 0x3467f0 for geode.node-ids
15:36:49 DEBUG [Main] [Geode]:       Enabled UILayer::init hook at 0x40ec10 for geode.node-ids
15:36:49 INFO  [Main] [Geode]: Took 0.072s
15:36:49 INFO  [Main] [Geode]: Continuing mod graph refresh...
15:36:49 DEBUG [Main] [Geode]:   Loading mods
15:36:49 DEBUG [Main] [Geode]:     thesillydoggo.animatedprofiles v1.0.1
15:36:49 DEBUG [Mod Unzip] [Geode]:  Unzip
15:36:49 DEBUG [Mod Unzip] [Geode]:  Same hash detected, skipping unzip
15:36:49 DEBUG [Main] [Geode]:       Load
15:36:49 DEBUG [Main] [Geode]:       Loading binary for mod thesillydoggo.animatedprofiles
15:36:49 DEBUG [Main] [Geode]:       Enabled ProfilePage::init hook at 0x33d080 for thesillydoggo.animatedprofiles
15:36:49 DEBUG [Main] [Geode]:       Enabled ProfilePage::loadPageFromUserInfo hook at 0x33dda0 for thesillydoggo.animatedprofiles
15:36:49 DEBUG [Main] [Geode]:       Enabled CommentCell::loadFromComment hook at 0xd4490 for thesillydoggo.animatedprofiles
15:36:49 DEBUG [Main] [Geode]:       Enabled CCAnimatedSprite::runAnimation hook at 0x71640 for thesillydoggo.animatedprofiles
15:36:49 INFO  [Main] [Geode]: Took 0.033s
15:36:49 INFO  [Main] [Geode]: Continuing mod graph refresh...
15:36:49 DEBUG [Main] [Geode]:   Loading mods
15:36:49 DEBUG [Main] [Geode]:     hjfod.gdshare v1.0.4 has unresolved dependencies
15:36:49 INFO  [Main] [Geode]: Took 0.016s
15:36:49 INFO  [Main] [Geode]: Continuing mod graph refresh...
15:36:49 DEBUG [Main] [Geode]:   Loading mods
15:36:49 DEBUG [Main] [Geode]:     tpdea.betterpause-Better v1.5.5
15:36:49 DEBUG [Mod Unzip] [Geode]:  Unzip
15:36:49 DEBUG [Mod Unzip] [Geode]:  Same hash detected, skipping unzip
15:36:49 INFO  [Main] [Geode]: Took 0.049s
15:36:49 INFO  [Main] [Geode]: Continuing mod graph refresh...
15:36:49 DEBUG [Main] [Geode]:   Loading mods
15:36:49 DEBUG [Main] [Geode]:     cvolton.betterinfo v4.0.0-alpha.13
15:36:49 DEBUG [Mod Unzip] [Geode]:  Unzip
15:36:49 DEBUG [Mod Unzip] [Geode]:  Same hash detected, skipping unzip
15:36:49 DEBUG [Main] [Geode]:       Load
15:36:49 DEBUG [Main] [Geode]:       Loading binary for mod cvolton.betterinfo
15:36:49 DEBUG [Main] [Geode]:       Enabled CommentCell::FLAlert_Clicked hook at 0xd63d0 for cvolton.betterinfo
15:36:49 DEBUG [Main] [Geode]:       Enabled CommentCell::loadFromComment hook at 0xd4490 for cvolton.betterinfo
15:36:49 DEBUG [Main] [Geode]:       Enabled CommentCell::onConfirmDelete hook at 0xd62c0 for cvolton.betterinfo
15:36:49 DEBUG [Main] [Geode]:       Enabled CommentCell::onLike hook at 0xd6110 for cvolton.betterinfo
15:36:49 DEBUG [Main] [Geode]:       Enabled CreatorLayer::init hook at 0xbf550 for cvolton.betterinfo
15:36:49 DEBUG [Main] [Geode]:       Enabled CreatorLayer::onChallenge hook at 0xc0dd0 for cvolton.betterinfo
15:36:49 DEBUG [Main] [Geode]:       Enabled DailyLevelNode::init hook at 0xe96c0 for cvolton.betterinfo
15:36:49 DEBUG [Main] [Geode]:       Enabled DailyLevelPage::init hook at 0xe76d0 for cvolton.betterinfo
15:36:49 DEBUG [Main] [Geode]:       Enabled DailyLevelPage::updateTimers hook at 0xe9120 for cvolton.betterinfo
15:36:49 DEBUG [Main] [Geode]:       Enabled EditLevelLayer::init hook at 0xec8e0 for cvolton.betterinfo
15:36:49 DEBUG [Main] [Geode]:       Enabled EditLevelLayer::onLevelInfo hook at 0xedb40 for cvolton.betterinfo
15:36:49 DEBUG [Main] [Geode]:       Enabled GJLevelList::showListInfo hook at 0x16cef0 for cvolton.betterinfo
15:36:49 DEBUG [Main] [Geode]:       Enabled GJScoreCell::loadFromScore hook at 0xd65b0 for cvolton.betterinfo
15:36:49 DEBUG [Main] [Geode]:       Enabled GameLevelManager::getCompletedLevels hook at 0x147790 for cvolton.betterinfo
15:36:49 DEBUG [Main] [Geode]:       Enabled GameLevelManager::getSavedLevels hook at 0x147340 for cvolton.betterinfo
15:36:49 DEBUG [Main] [Geode]:       Enabled GameLevelManager::limitSavedLevels hook at 0x149210 for cvolton.betterinfo
15:36:49 DEBUG [Main] [Geode]:       Enabled GameLevelManager::userNameForUserID hook at 0x146290 for cvolton.betterinfo
15:36:49 DEBUG [Main] [Geode]:       Enabled InfoLayer::init hook at 0x278810 for cvolton.betterinfo
15:36:49 DEBUG [Main] [Geode]:       Enabled InfoLayer::loadPage hook at 0x27b340 for cvolton.betterinfo
15:36:49 DEBUG [Main] [Geode]:       Enabled InfoLayer::onLevelInfo hook at 0x27ada0 for cvolton.betterinfo
15:36:49 DEBUG [Main] [Geode]:       Enabled InfoLayer::onMore hook at 0x27aaa0 for cvolton.betterinfo
15:36:49 DEBUG [Main] [Geode]:       Enabled InfoLayer::setupCommentsBrowser hook at 0x27b670 for cvolton.betterinfo
15:36:49 DEBUG [Main] [Geode]:       Enabled LeaderboardsLayer::init hook at 0x27dc60 for cvolton.betterinfo
15:36:49 DEBUG [Main] [Geode]:       Enabled LevelAreaInnerLayer::init hook at 0x2811e0 for cvolton.betterinfo
15:36:49 DEBUG [Main] [Geode]:       Enabled LevelBrowserLayer::init hook at 0x282e60 for cvolton.betterinfo
15:36:49 DEBUG [Main] [Geode]:       Enabled LevelBrowserLayer::onGoToPage hook at 0x285c40 for cvolton.betterinfo
15:36:49 DEBUG [Main] [Geode]:       Enabled LevelBrowserLayer::setupPageInfo hook at 0x2859e0 for cvolton.betterinfo
15:36:49 DEBUG [Main] [Geode]:       Enabled LevelCell::loadCustomLevelCell hook at 0xcda60 for cvolton.betterinfo
15:36:49 DEBUG [Main] [Geode]:       Enabled LevelCell::onViewProfile hook at 0xd0f70 for cvolton.betterinfo
15:36:49 DEBUG [Main] [Geode]:       Enabled LevelInfoLayer::init hook at 0x2a16a0 for cvolton.betterinfo
15:36:49 DEBUG [Main] [Geode]:       Enabled LevelInfoLayer::onLevelInfo hook at 0x2a6a70 for cvolton.betterinfo
15:36:49 DEBUG [Main] [Geode]:       Enabled LevelInfoLayer::onViewProfile hook at 0x2a6a10 for cvolton.betterinfo
15:36:49 DEBUG [Main] [Geode]:       Enabled LevelInfoLayer::updateLabelValues hook at 0x2a6d20 for cvolton.betterinfo
15:36:49 DEBUG [Main] [Geode]:       Enabled LevelLeaderboard::init hook at 0x2a8060 for cvolton.betterinfo
15:36:49 DEBUG [Main] [Geode]:       Enabled LevelListCell::loadFromList hook at 0xdb570 for cvolton.betterinfo
15:36:49 DEBUG [Main] [Geode]:       Enabled LevelPage::onInfo hook at 0x2bc400 for cvolton.betterinfo
15:36:49 DEBUG [Main] [Geode]:       Enabled LevelSearchLayer::getSearchObject hook at 0x2b3ba0 for cvolton.betterinfo
15:36:49 DEBUG [Main] [Geode]:       Enabled MoreSearchLayer::init hook at 0x2b56b0 for cvolton.betterinfo
15:36:49 DEBUG [Main] [Geode]:       Enabled MoreSearchLayer::onSongFilter hook at 0x2b69e0 for cvolton.betterinfo
15:36:49 DEBUG [Main] [Geode]:       Enabled MoreSearchLayer::onSongMode hook at 0x2b6c90 for cvolton.betterinfo
15:36:49 DEBUG [Main] [Geode]:       Enabled PlayLayer::destroyPlayer hook at 0x336730 for cvolton.betterinfo
15:36:49 DEBUG [Main] [Geode]:       Enabled PlayLayer::init hook at 0x32c4a0 for cvolton.betterinfo
15:36:49 DEBUG [Main] [Geode]:       Enabled PlayLayer::levelComplete hook at 0x32db60 for cvolton.betterinfo
15:36:49 DEBUG [Main] [Geode]:       Enabled PlayLayer::onQuit hook at 0x33b480 for cvolton.betterinfo
15:36:49 DEBUG [Main] [Geode]:       Enabled PlayLayer::resetLevel hook at 0x33a130 for cvolton.betterinfo
15:36:49 DEBUG [Main] [Geode]:       Enabled ProfilePage::getUserInfoFailed hook at 0x341e40 for cvolton.betterinfo
15:36:49 DEBUG [Main] [Geode]:       Enabled ProfilePage::init hook at 0x33d080 for cvolton.betterinfo
15:36:49 DEBUG [Main] [Geode]:       Enabled ProfilePage::loadPageFromUserInfo hook at 0x33dda0 for cvolton.betterinfo
15:36:49 DEBUG [Main] [Geode]:       Enabled ProfilePage::onClose hook at 0x3415e0 for cvolton.betterinfo
15:36:49 DEBUG [Main] [Geode]:       Enabled RewardsPage::init hook at 0x3467f0 for cvolton.betterinfo
15:36:49 DEBUG [Main] [Geode]:       Enabled MenuLayer::init hook at 0x2cb450 for cvolton.betterinfo
15:36:49 INFO  [Main] [Geode]: Took 0.036s
15:36:49 INFO  [Main] [Geode]: Continuing mod graph refresh...
15:36:49 DEBUG [Main] [Geode]:   Loading mods
15:36:49 DEBUG [Main] [Geode]:     bitz.customprofiles v1.0.5
15:36:49 DEBUG [Mod Unzip] [Geode]:  Unzip
15:36:49 DEBUG [Mod Unzip] [Geode]:  Same hash detected, skipping unzip
15:36:49 DEBUG [Main] [Geode]:       Load
15:36:49 DEBUG [Main] [Geode]:       Loading binary for mod bitz.customprofiles
15:36:49 DEBUG [Main] [Geode]:       Enabled GJAccountSettingsLayer::init hook at 0x2584f0 for bitz.customprofiles
15:36:49 DEBUG [Main] [Geode]:       Enabled GJAccountSettingsLayer::onClose hook at 0x259db0 for bitz.customprofiles
15:36:49 DEBUG [Main] [Geode]:       Enabled InfoLayer::init hook at 0x278810 for bitz.customprofiles
15:36:49 DEBUG [Main] [Geode]:       Enabled InfoLayer::setupCommentsBrowser hook at 0x27b670 for bitz.customprofiles
15:36:49 DEBUG [Main] [Geode]:       Enabled ProfilePage::init hook at 0x33d080 for bitz.customprofiles
15:36:49 DEBUG [Main] [Geode]:       Enabled ProfilePage::loadPageFromUserInfo hook at 0x33dda0 for bitz.customprofiles
15:36:49 DEBUG [Main] [Geode]:       Enabled ProfilePage::onUpdate hook at 0x33db10 for bitz.customprofiles
15:36:49 DEBUG [Main] [Geode]:       Enabled ProfilePage::setupCommentsBrowser hook at 0x342160 for bitz.customprofiles
15:36:49 DEBUG [Main] [Geode]:       Enabled CommentCell::draw hook at 0xcd5b0 for bitz.customprofiles
15:36:49 DEBUG [Main] [Geode]:       Enabled CommentCell::loadFromComment hook at 0xd4490 for bitz.customprofiles
15:36:49 DEBUG [Main] [Geode]:       Enabled CommentCell::updateBGColor hook at 0xd6090 for bitz.customprofiles
15:36:49 INFO  [Main] [Geode]: Took 0.049s
15:36:49 INFO  [Main] [Geode]: Continuing mod graph refresh...
15:36:49 DEBUG [Main] [Geode]:   Loading mods
15:36:49 DEBUG [Main] [Geode]:     zilko.xdbot v1.4.8
15:36:49 DEBUG [Mod Unzip] [Geode]:  Unzip
15:36:49 DEBUG [Mod Unzip] [Geode]:  Same hash detected, skipping unzip
15:36:49 DEBUG [Main] [Geode]:       Load
15:36:49 DEBUG [Main] [Geode]:       Loading binary for mod zilko.xdbot
15:36:49 DEBUG [Main] [Geode]:       Enabled PauseLayer::customSetup hook at 0x3089f0 for zilko.xdbot
15:36:49 DEBUG [Main] [Geode]:       Enabled PauseLayer::goEdit hook at 0x30a0f0 for zilko.xdbot
15:36:49 DEBUG [Main] [Geode]:       Enabled PauseLayer::onPracticeMode hook at 0x309e60 for zilko.xdbot
15:36:49 DEBUG [Main] [Geode]:       Enabled PauseLayer::onQuit hook at 0x30a240 for zilko.xdbot
15:36:49 DEBUG [Main] [Geode]:       Enabled PauseLayer::onResume hook at 0x309f30 for zilko.xdbot
15:36:49 DEBUG [Main] [Geode]:       Enabled GJBaseGameLayer::handleButton hook at 0x2069f0 for zilko.xdbot
15:36:49 DEBUG [Main] [Geode]:       Enabled GJBaseGameLayer::update hook at 0x20b780 for zilko.xdbot
15:36:49 DEBUG [Main] [Geode]:       Enabled PlayLayer::levelComplete hook at 0x32db60 for zilko.xdbot
15:36:49 DEBUG [Main] [Geode]:       Enabled PlayLayer::resetLevel hook at 0x33a130 for zilko.xdbot
15:36:49 DEBUG [Main] [Geode]:       Enabled EndLevelLayer::customSetup hook at 0x1374f0 for zilko.xdbot
15:36:49 DEBUG [Main] [Geode]:       Enabled EndLevelLayer::goEdit hook at 0x139060 for zilko.xdbot
15:36:49 DEBUG [Main] [Geode]:       Enabled EndLevelLayer::onMenu hook at 0x138ec0 for zilko.xdbot
15:36:49 DEBUG [Main] [Geode]:       Enabled EndLevelLayer::onReplay hook at 0x138dc0 for zilko.xdbot
15:36:49 DEBUG [Main] [Geode]:       Enabled cocos2d::CCScheduler::update hook at 0x744a6db0 for zilko.xdbot
15:36:49 DEBUG [Main] [Geode]:       Enabled cocos2d::CCKeyboardDispatcher::dispatchKeyboardMSG hook at 0x7443be70 for zilko.xdbot
15:36:49 DEBUG [Main] [Geode]:       Enabled GJBaseGameLayer::processCommands hook at 0x20d240 for zilko.xdbot
15:36:49 INFO  [Main] [Geode]: Took 0.045s
15:36:49 INFO  [Main] [Geode]: Continuing mod graph refresh...
15:36:49 DEBUG [Main] [Geode]:   Loading mods
15:36:49 DEBUG [Main] [Geode]:     hjfod.gdshare v1.0.4 has unresolved dependencies
15:36:49 INFO  [Main] [Geode]: Took 0.016s
15:36:49 INFO  [Main] [Geode]: Continuing mod graph refresh...
15:36:49 DEBUG [Main] [Geode]:   Loading mods
15:36:49 DEBUG [Main] [Geode]:     hjfod.gmd-api v1.0.1
15:36:49 DEBUG [Mod Unzip] [Geode]:  Unzip
15:36:49 DEBUG [Mod Unzip] [Geode]:  Same hash detected, skipping unzip
15:36:49 DEBUG [Main] [Geode]:       Load
15:36:49 DEBUG [Main] [Geode]:       Loading binary for mod hjfod.gmd-api
15:36:49 INFO  [Main] [Geode]: Took 0.033s
15:36:49 INFO  [Main] [Geode]: Continuing mod graph refresh...
15:36:49 DEBUG [Main] [Geode]:   Loading mods
15:36:49 DEBUG [Main] [Geode]:     hjfod.gdshare v1.0.4
15:36:49 DEBUG [Mod Unzip] [Geode]:  Unzip
15:36:49 DEBUG [Mod Unzip] [Geode]:  Same hash detected, skipping unzip
15:36:49 DEBUG [Main] [Geode]:       Load
15:36:49 DEBUG [Main] [Geode]:       Loading binary for mod hjfod.gdshare
15:36:49 DEBUG [Main] [Geode]:       Enabled EditLevelLayer::init hook at 0xec8e0 for hjfod.gdshare
15:36:49 DEBUG [Main] [Geode]:       Enabled LevelInfoLayer::init hook at 0x2a16a0 for hjfod.gdshare
15:36:49 DEBUG [Main] [Geode]:       Enabled LevelBrowserLayer::init hook at 0x282e60 for hjfod.gdshare
15:36:49 INFO  [Main] [Geode]: Took 0.056s
15:36:49 INFO  [Main] [Geode]: Continuing mod graph refresh...
15:36:49 DEBUG [Main] [Geode]:   Loading mods
15:36:49 DEBUG [Main] [Geode]:     hjfod.quick-volume-controls v1.0.1
15:36:49 DEBUG [Mod Unzip] [Geode]:  Unzip
15:36:49 DEBUG [Mod Unzip] [Geode]:  Hash mismatch detected, unzipping
15:36:49 DEBUG [Main] [Geode]:       Load
15:36:49 DEBUG [Main] [Geode]:       Loading binary for mod hjfod.quick-volume-controls
15:36:49 DEBUG [Main] [Geode]:       Enabled cocos2d::CCMouseDispatcher::dispatchScrollMSG hook at 0x74454970 for hjfod.quick-volume-controls
15:36:49 INFO  [Main] [Geode]: Took 0.229s
15:36:49 INFO  [Main] [Geode]: Continuing mod graph refresh...
15:36:49 DEBUG [Main] [Geode]:   Loading mods
15:36:49 DEBUG [Main] [Geode]:     mat.run-info v1.0.2
15:36:49 DEBUG [Mod Unzip] [Geode]:  Unzip
15:36:49 DEBUG [Mod Unzip] [Geode]:  Same hash detected, skipping unzip
15:36:49 DEBUG [Main] [Geode]:       Load
15:36:49 DEBUG [Main] [Geode]:       Loading binary for mod mat.run-info
15:36:49 DEBUG [Main] [Geode]:       Enabled PlayLayer::init hook at 0x32c4a0 for mat.run-info
15:36:49 DEBUG [Main] [Geode]:       Enabled PlayLayer::resetLevel hook at 0x33a130 for mat.run-info
15:36:49 DEBUG [Main] [Geode]:       Enabled PlayLayer::togglePracticeMode hook at 0x33ad30 for mat.run-info
15:36:49 INFO  [Main] [Geode]: Took 0.056s
15:36:49 INFO  [Main] [Geode]: Continuing mod graph refresh...
15:36:49 DEBUG [Main] [Geode]:   Loading mods
15:36:49 DEBUG [Main] [Geode]:     muhammadgames.bettermenu v1.0.4-beta.12
15:36:49 DEBUG [Mod Unzip] [Geode]:  Unzip
15:36:49 DEBUG [Mod Unzip] [Geode]:  Same hash detected, skipping unzip
15:36:49 INFO  [Main] [Geode]: Took 0.04s
15:36:49 INFO  [Main] [Geode]: Continuing mod graph refresh...
15:36:49 DEBUG [Main] [Geode]:   Loading mods
15:36:49 DEBUG [Main] [Geode]:     thesillydoggo.animatedprofiles v1.0.1
15:36:49 INFO  [Main] [Geode]: Took 0.016s
15:36:49 INFO  [Main] [Geode]: Continuing mod graph refresh...
15:36:49 DEBUG [Main] [Geode]:   Loading mods
15:36:49 DEBUG [Main] [Geode]:     thesillydoggo.entersearch v1.0.0
15:36:49 DEBUG [Mod Unzip] [Geode]:  Unzip
15:36:49 DEBUG [Mod Unzip] [Geode]:  Same hash detected, skipping unzip
15:36:49 DEBUG [Main] [Geode]:       Load
15:36:49 DEBUG [Main] [Geode]:       Loading binary for mod thesillydoggo.entersearch
15:36:49 DEBUG [Main] [Geode]:       Enabled FLAlertLayer::init hook at 0x80f60 for thesillydoggo.entersearch
15:36:49 DEBUG [Main] [Geode]:       Enabled LevelSearchLayer::init hook at 0x2b0f10 for thesillydoggo.entersearch
15:36:49 DEBUG [Main] [Geode]:       Enabled ShareCommentLayer::init hook at 0x3d6490 for thesillydoggo.entersearch
15:36:49 DEBUG [Main] [Geode]:       Enabled cocos2d::CCKeyboardDispatcher::dispatchKeyboardMSG hook at 0x7443be70 for thesillydoggo.entersearch
15:36:49 INFO  [Main] [Geode]: Took 0.032s
15:36:49 INFO  [Main] [Geode]: Continuing mod graph refresh...
15:36:49 DEBUG [Main] [Geode]:   Loading mods
15:36:49 DEBUG [Main] [Geode]:     TheSillyDoggo.GradientPages v2.1.0
15:36:49 DEBUG [Mod Unzip] [Geode]:  Unzip
15:36:49 DEBUG [Mod Unzip] [Geode]:  Same hash detected, skipping unzip
15:36:49 DEBUG [Main] [Geode]:       Load
15:36:49 DEBUG [Main] [Geode]:       Loading binary for mod TheSillyDoggo.GradientPages
15:36:49 DEBUG [Main] [Geode]:       Enabled ProfilePage::init hook at 0x33d080 for TheSillyDoggo.GradientPages
15:36:49 DEBUG [Main] [Geode]:       Enabled ProfilePage::loadPageFromUserInfo hook at 0x33dda0 for TheSillyDoggo.GradientPages
15:36:49 DEBUG [Main] [Geode]:       Enabled GJAccountSettingsLayer::init hook at 0x2584f0 for TheSillyDoggo.GradientPages
15:36:49 DEBUG [Main] [Geode]:       Enabled FRequestProfilePage::init hook at 0x13ef90 for TheSillyDoggo.GradientPages
15:36:49 DEBUG [Main] [Geode]:       Enabled MessagesProfilePage::init hook at 0x2cd1c0 for TheSillyDoggo.GradientPages
15:36:49 DEBUG [Main] [Geode]:       Enabled FriendsProfilePage::init hook at 0x140a10 for TheSillyDoggo.GradientPages
15:36:49 DEBUG [Main] [Geode]:       Enabled InfoLayer::init hook at 0x278810 for TheSillyDoggo.GradientPages
15:36:49 DEBUG [Main] [Geode]:       Enabled GJCommentListLayer::create hook at 0x257dc0 for TheSillyDoggo.GradientPages
15:36:49 DEBUG [Main] [Geode]:       Enabled ItemInfoPopup::init hook at 0x245b80 for TheSillyDoggo.GradientPages
15:36:49 DEBUG [Main] [Geode]:       Enabled ShardsPage::init hook at 0x3d4320 for TheSillyDoggo.GradientPages
15:36:49 DEBUG [Main] [Geode]:       Enabled CommunityCreditsPage::init hook at 0xb8b10 for TheSillyDoggo.GradientPages
15:36:49 DEBUG [Main] [Geode]:       Enabled DemonFilterSelectLayer::init hook at 0x2b73e0 for TheSillyDoggo.GradientPages
15:36:49 DEBUG [Main] [Geode]:       Enabled MoreSearchLayer::init hook at 0x2b56b0 for TheSillyDoggo.GradientPages
15:36:49 DEBUG [Main] [Geode]:       Enabled ChallengesPage::init hook at 0xac560 for TheSillyDoggo.GradientPages
15:36:49 DEBUG [Main] [Geode]:       Enabled SetIDPopup::init hook at 0x25f980 for TheSillyDoggo.GradientPages
15:36:50 INFO  [Main] [Geode]: Took 0.033s
15:36:50 INFO  [Main] [Geode]: Continuing mod graph refresh...
15:36:50 DEBUG [Main] [Geode]:   Finding problems
15:36:50 DEBUG [Main] [Geode]:     capeling.icon_profile_2.2
15:36:50 DEBUG [Main] [Geode]:     geode.loader
15:36:50 DEBUG [Main] [Geode]:     elohmrow.death_tracker
15:36:50 DEBUG [Main] [Geode]:     absolllute.megahack
15:36:50 DEBUG [Main] [Geode]:     elnexreal.auto_priority
15:36:50 DEBUG [Main] [Geode]:     abb2k.backup is not enabled
15:36:50 DEBUG [Main] [Geode]:     coderqc.gdswearfilter
15:36:50 DEBUG [Main] [Geode]:     zilko.xdbot
15:36:50 DEBUG [Main] [Geode]:     bitz.customprofiles
15:36:50 DEBUG [Main] [Geode]:     colon.gold_user_coins
15:36:50 DEBUG [Main] [Geode]:     cj_link.fakemoderator
15:36:50 DEBUG [Main] [Geode]:     lexi.visiblecheckpoints
15:36:50 DEBUG [Main] [Geode]:     cvolton.betterinfo
15:36:50 DEBUG [Main] [Geode]:     tpdea.betterpause-Better is not enabled
15:36:50 DEBUG [Main] [Geode]:     dankmeme.globed2
15:36:50 ERROR [Main] [Geode]:       dankmeme.globed2 requires geode.custom-keybinds >=v1.2.3
15:36:50 DEBUG [Main] [Geode]:     elnexreal.copy_song_id
15:36:50 ERROR [Main] [Geode]:       elnexreal.copy_song_id breaks fleym.nongd *
15:36:50 DEBUG [Main] [Geode]:     fleym.nongd
15:36:50 DEBUG [Main] [Geode]:     gdutilsdevs.gdutils
15:36:50 DEBUG [Main] [Geode]:     thesillydoggo.better_startpos_menu
15:36:50 DEBUG [Main] [Geode]:     geode.custom-keybinds is not enabled
15:36:50 DEBUG [Main] [Geode]:     geode.node-ids
15:36:50 DEBUG [Main] [Geode]:     geode.texture-loader
15:36:50 DEBUG [Main] [Geode]:     hjfod.gdshare
15:36:50 DEBUG [Main] [Geode]:     hjfod.gmd-api
15:36:50 DEBUG [Main] [Geode]:     hjfod.quick-volume-controls
15:36:50 DEBUG [Main] [Geode]:     mat.run-info
15:36:50 DEBUG [Main] [Geode]:     muhammadgames.bettermenu is not enabled
15:36:50 DEBUG [Main] [Geode]:     thesillydoggo.animatedprofiles
15:36:50 DEBUG [Main] [Geode]:     thesillydoggo.entersearch
15:36:50 DEBUG [Main] [Geode]:     TheSillyDoggo.GradientPages
15:36:50 INFO  [Main] [Geode]:   Took 0.003s
15:36:50 DEBUG [Main] [Geode]: Verifying Loader Resources
15:36:50 DEBUG [Main] [Geode]: Loading Loader Resources
15:36:50 DEBUG [Main] [Geode]: Loading mod resources
15:36:50 DEBUG [Main] [Geode]: Adding resources
15:36:50 DEBUG [Main] [Geode]:   geode.loader
15:36:50 DEBUG [Main] [Geode]:     Adding sheet geode.loader/LogoSheet
15:36:50 DEBUG [Main] [Geode]:     Adding sheet geode.loader/APISheet
15:36:50 DEBUG [Main] [Geode]:     Adding sheet geode.loader/BlankSheet
15:36:50 DEBUG [Main] [Geode]:   dankmeme.globed2
15:36:50 DEBUG [Main] [Geode]:     Adding sheet dankmeme.globed2/globedsheet1
15:36:50 DEBUG [Main] [Geode]:   geode.custom-keybinds
15:36:50 DEBUG [Main] [Geode]:     Adding sheet geode.custom-keybinds/KB_ControllerSheet
15:36:50 DEBUG [Main] [Geode]:   hjfod.gdshare
15:36:50 DEBUG [Main] [Geode]:     Adding sheet hjfod.gdshare/GDShare
15:36:50 DEBUG [Main] [Geode]:   TheSillyDoggo.GradientPages
15:36:50 DEBUG [Main] [Geode]:     Adding sheet TheSillyDoggo.GradientPages/UISheet
15:37:01 DEBUG [Main] [Geode]: Checking updates for index
15:37:01 ERROR [Main] [Geode]: Mod ID 'tpdea.betterpause-Better' will be rejected in the future - IDs must match the regex `[a-z0-9\-_]+\.[a-z0-9\-_]+`
15:37:01 ERROR [Main] [Geode]: Mod ID 'TheSillyDoggo.GradientPages' will be rejected in the future - IDs must match the regex `[a-z0-9\-_]+\.[a-z0-9\-_]+`
15:37:02 DEBUG [Main] [Geode]: Enabled FMODChannelControl::setVolume hook at 0x71cfb180 for absolllute.megahack
15:37:02 DEBUG [Main] [Geode]: Enabled FMODChannelControl::setPitch hook at 0x71cfaf00 for absolllute.megahack
15:37:02 DEBUG [Main] [Geode]: Enabled cocos2dCCParticleSystem::loadScaledDefaults hook at 0x7445bba0 for absolllute.megahack
15:37:02 DEBUG [Main] [Geode]: Enabled cocos2dCCTransitionFade::create hook at 0x74447710 for absolllute.megahack
15:37:02 DEBUG [Main] [Geode]: Enabled cocos2dCCTransitionMoveInT::create hook at 0x744481f0 for absolllute.megahack
15:37:02 DEBUG [Main] [Geode]: Enabled cocos2dCCDirector::drawScene hook at 0x744a2ae0 for absolllute.megahack
15:37:02 DEBUG [Main] [Geode]: Enabled cocos2dCCScheduler::update hook at 0x744a6db0 for absolllute.megahack
15:37:02 DEBUG [Main] [Geode]: Enabled cocos2dCCIMEDelegate::attachWithIME hook at 0x74499ea0 for absolllute.megahack
15:37:02 DEBUG [Main] [Geode]: Enabled cocos2dCCIMEDelegate::detachWithIME hook at 0x74499f20 for absolllute.megahack
15:37:02 DEBUG [Main] [Geode]: Enabled AppDelegate::trySaveGame hook at 0xab790 for absolllute.megahack
15:37:02 DEBUG [Main] [Geode]: Enabled GameStatsManager::isItemUnlocked hook at 0x1c6570 for absolllute.megahack
15:37:02 DEBUG [Main] [Geode]: Enabled ColorAction::setupFromString hook at 0x629950 for absolllute.megahack
15:37:02 DEBUG [Main] [Geode]: Enabled GameObject::createWithKey hook at 0x180330 for absolllute.megahack
15:37:02 DEBUG [Main] [Geode]: Enabled UILayer::init hook at 0x40ec10 for absolllute.megahack
15:37:02 DEBUG [Main] [Geode]: Enabled UILayer::keyDown hook at 0x40f930 for absolllute.megahack
15:37:02 DEBUG [Main] [Geode]: Enabled UILayer::keyUp hook at 0x40f950 for absolllute.megahack
15:37:02 DEBUG [Main] [Geode]: Enabled PauseLayer::customSetup hook at 0x3089f0 for absolllute.megahack
15:37:02 DEBUG [Main] [Geode]: Enabled PauseLayer::onResume hook at 0x309f30 for absolllute.megahack
15:37:02 DEBUG [Main] [Geode]: Enabled EndLevelLayer::customSetup hook at 0x1374f0 for absolllute.megahack
15:37:02 DEBUG [Main] [Geode]: Enabled EndLevelLayer::keyDown hook at 0x13a310 for absolllute.megahack
15:37:02 DEBUG [Main] [Geode]: Enabled ShaderLayer::visit hook at 0x3d3810 for absolllute.megahack
15:37:02 DEBUG [Main] [Geode]: Enabled LevelInfoLayer::onPlay hook at 0x2a55b0 for absolllute.megahack
15:37:02 DEBUG [Main] [Geode]: Enabled PlayerObject::togglePlayerScale hook at 0x329170 for absolllute.megahack
15:37:02 DEBUG [Main] [Geode]: Enabled GJBaseGameLayer::handleButton hook at 0x2069f0 for absolllute.megahack
15:37:02 DEBUG [Main] [Geode]: Enabled GJBaseGameLayer::processCommands hook at 0x20d240 for absolllute.megahack
15:37:02 DEBUG [Main] [Geode]: Enabled GJBaseGameLayer::resetLevelVariables hook at 0x20db10 for absolllute.megahack
15:37:02 DEBUG [Main] [Geode]: Enabled GJBaseGameLayer::init hook at 0x1e0290 for absolllute.megahack
15:37:02 DEBUG [Main] [Geode]: Enabled GJBaseGameLayer::visit hook at 0x218ea0 for absolllute.megahack
15:37:02 DEBUG [Main] [Geode]: Enabled PlayLayer::_destructor hook at 0x32c080 for absolllute.megahack
15:37:02 DEBUG [Main] [Geode]: Enabled PlayLayer::init hook at 0x32c4a0 for absolllute.megahack
15:37:02 DEBUG [Main] [Geode]: Enabled PlayLayer::startGame hook at 0x32dab0 for absolllute.megahack
15:37:02 DEBUG [Main] [Geode]: Enabled PlayLayer::onQuit hook at 0x33b480 for absolllute.megahack
15:37:02 DEBUG [Main] [Geode]: Enabled PlayLayer::postUpdate hook at 0x337220 for absolllute.megahack
15:37:02 DEBUG [Main] [Geode]: Enabled PlayLayer::addObject hook at 0x3319b0 for absolllute.megahack
15:37:02 DEBUG [Main] [Geode]: Enabled PlayLayer::destroyPlayer hook at 0x336730 for absolllute.megahack
15:37:02 DEBUG [Main] [Geode]: Enabled PlayLayer::resetLevel hook at 0x33a130 for absolllute.megahack
15:37:02 DEBUG [Main] [Geode]: Enabled PlayLayer::updateAttempts hook at 0x33ab40 for absolllute.megahack
15:37:02 DEBUG [Main] [Geode]: Enabled PlayLayer::pauseGame hook at 0x33ae80 for absolllute.megahack
15:37:02 DEBUG [Main] [Geode]: Enabled PlayLayer::createCheckpoint hook at 0x3376e0 for absolllute.megahack
15:37:02 DEBUG [Main] [Geode]: Enabled PlayLayer::markCheckpoint hook at 0x338550 for absolllute.megahack
15:37:02 DEBUG [Main] [Geode]: Enabled PlayLayer::storeCheckpoint hook at 0x3384a0 for absolllute.megahack
15:37:02 DEBUG [Main] [Geode]: Enabled PlayLayer::playEndAnimationToPos hook at 0x32fe00 for absolllute.megahack
15:37:02 DEBUG [Main] [Geode]: Enabled PlayLayer::playPlatformerEndAnimationToPos hook at 0x3305e0 for absolllute.megahack
15:37:02 DEBUG [Main] [Geode]: Enabled PlayLayer::applyEnterEffect hook at 0x3347d0 for absolllute.megahack
15:37:02 DEBUG [Main] [Geode]: Enabled PlayLayer::applyCustomEnterEffect hook at 0x333f50 for absolllute.megahack
15:37:02 DEBUG [Main] [Geode]: Enabled PlayLayer::updateProgressbar hook at 0x335440 for absolllute.megahack
15:37:02 DEBUG [Main] [Auto priority to high]: Trying to set the process priority to HIGH...
15:37:02 DEBUG [Main] [Auto priority to high]: Process priority is now set to HIGH.
15:37:02 INFO  [Main] [BetterInfo]: Music Library response: 1
15:37:02 DEBUG [Index Update] [Geode]: Updating local index cache
15:37:03 WARN  [Index Update] [Geode]:   settings.randomise-main-menu-bg contains unknown key "platforms"
15:37:03 WARN  [Index Update] [Geode]:   settings.force-bg contains unknown key "platforms"
15:37:04 WARN  [Index Update] [Geode]:   settings.mouse-move-on-zoom contains unknown key "platforms"
15:37:04 WARN  [Index Update] [Geode]:   settings.grid-size-controls contains unknown key "platforms"
15:37:04 WARN  [Index Update] [Geode]:   settings.show-grid-on-size-change contains unknown key "platforms"
15:37:04 WARN  [Index Update] [Geode]:   settings.soft-save-enabled contains unknown key "platforms"
15:37:04 DEBUG [Index Update] [Geode]:   Done
15:41:13 INFO  [Main] [Texture Loader]: Loaded 0 packs
15:41:14 ERROR [Main] [Geode]: Mod ID 'tpdea.betterpause-Better' will be rejected in the future - IDs must match the regex `[a-z0-9\-_]+\.[a-z0-9\-_]+`
15:41:14 ERROR [Main] [Geode]: Mod ID 'TheSillyDoggo.GradientPages' will be rejected in the future - IDs must match the regex `[a-z0-9\-_]+\.[a-z0-9\-_]+`
15:41:50 ERROR [Main] [Geode]: Mod ID 'tpdea.betterpause-Better' will be rejected in the future - IDs must match the regex `[a-z0-9\-_]+\.[a-z0-9\-_]+`
15:41:50 ERROR [Main] [Geode]: Mod ID 'TheSillyDoggo.GradientPages' will be rejected in the future - IDs must match the regex `[a-z0-9\-_]+\.[a-z0-9\-_]+`
15:42:00 INFO  [Main] [Animated Profile Icons]: Playing animation: walk
15:42:00 INFO  [Main] [Animated Profile Icons]: Playing animation: walk
15:42:00 INFO  [Main] [Animated Profile Icons]: Playing animation: walk
15:42:08 INFO  [Main] [Animated Profile Icons]: Playing animation: walk
15:42:08 INFO  [Main] [Animated Profile Icons]: Playing animation: walk
15:42:08 INFO  [Main] [Animated Profile Icons]: Playing animation: walk
15:42:08 ERROR [Main] [Geode]: Mod ID 'tpdea.betterpause-Better' will be rejected in the future - IDs must match the regex `[a-z0-9\-_]+\.[a-z0-9\-_]+`
15:42:08 ERROR [Main] [Geode]: Mod ID 'TheSillyDoggo.GradientPages' will be rejected in the future - IDs must match the regex `[a-z0-9\-_]+\.[a-z0-9\-_]+`
15:42:08 INFO  [Main] [Animated Profile Icons]: Playing animation: walk
15:42:19 DEBUG [Main] [Geode]: Installing elnexreal.copy_song_id
15:42:21 DEBUG [Main] [Geode]: Installed elnexreal.copy_song_id
15:42:29 ERROR [Main] [Geode]: Mod ID 'tpdea.betterpause-Better' will be rejected in the future - IDs must match the regex `[a-z0-9\-_]+\.[a-z0-9\-_]+`
15:42:29 ERROR [Main] [Geode]: Mod ID 'TheSillyDoggo.GradientPages' will be rejected in the future - IDs must match the regex `[a-z0-9\-_]+\.[a-z0-9\-_]+`
15:42:49 INFO  [Main] [Animated Profile Icons]: Playing animation: idle01
15:43:25 ERROR [Main] [BetterInfo]: Error while getting username for 16857212: {"success": false}
15:43:35 INFO  [Main] [BetterInfo]: Restored green username for 2527735: {"user_id":2527735,"username":null,"non_player_username":null,"account_id":null}
15:44:09 INFO  [Main] [Animated Profile Icons]: Playing animation: idle01
15:44:09 INFO  [Main] [Animated Profile Icons]: Playing animation: idle01
15:44:13 INFO  [Main] [Animated Profile Icons]: Playing animation: idle01
15:44:27 INFO  [Main] [Animated Profile Icons]: Playing animation: idle01
15:44:32 INFO  [Main] [Animated Profile Icons]: Playing animation: idle01
15:44:39 ERROR [Main] [Geode]: Mod ID 'tpdea.betterpause-Better' will be rejected in the future - IDs must match the regex `[a-z0-9\-_]+\.[a-z0-9\-_]+`
15:44:39 ERROR [Main] [Geode]: Mod ID 'TheSillyDoggo.GradientPages' will be rejected in the future - IDs must match the regex `[a-z0-9\-_]+\.[a-z0-9\-_]+`
15:44:42 INFO  [Main] [Animated Profile Icons]: Playing animation: run
15:44:42 INFO  [Main] [Animated Profile Icons]: Playing animation: idle
15:44:42 INFO  [Main] [Animated Profile Icons]: Playing animation: run
15:44:42 INFO  [Main] [Animated Profile Icons]: Playing animation: run
15:44:43 INFO  [Main] [Animated Profile Icons]: Playing animation: run
15:55:45 INFO  [Main] [Animated Profile Icons]: Playing animation: run
15:55:45 INFO  [Main] [Animated Profile Icons]: Playing animation: idle
15:55:45 INFO  [Main] [Animated Profile Icons]: Playing animation: run
15:55:45 INFO  [Main] [Animated Profile Icons]: Playing animation: run
15:55:46 INFO  [Main] [Animated Profile Icons]: Playing animation: run
15:55:47 INFO  [Main] [Animated Profile Icons]: Playing animation: run
15:55:56 INFO  [Main] [Animated Profile Icons]: Playing animation: run
15:55:56 INFO  [Main] [Animated Profile Icons]: Playing animation: idle
15:55:56 INFO  [Main] [Animated Profile Icons]: Playing animation: run
15:55:56 ERROR [Main] [Geode]: Mod ID 'tpdea.betterpause-Better' will be rejected in the future - IDs must match the regex `[a-z0-9\-_]+\.[a-z0-9\-_]+`
15:55:56 ERROR [Main] [Geode]: Mod ID 'TheSillyDoggo.GradientPages' will be rejected in the future - IDs must match the regex `[a-z0-9\-_]+\.[a-z0-9\-_]+`
15:55:56 INFO  [Main] [Animated Profile Icons]: Playing animation: run
15:55:57 INFO  [Main] [Animated Profile Icons]: Playing animation: run
15:56:19 ERROR [Main] [Geode]: Mod ID 'tpdea.betterpause-Better' will be rejected in the future - IDs must match the regex `[a-z0-9\-_]+\.[a-z0-9\-_]+`
15:56:19 ERROR [Main] [Geode]: Mod ID 'TheSillyDoggo.GradientPages' will be rejected in the future - IDs must match the regex `[a-z0-9\-_]+\.[a-z0-9\-_]+`
15:56:21 INFO  [Main] [Animated Profile Icons]: Playing animation: run
15:56:21 INFO  [Main] [Animated Profile Icons]: Playing animation: idle
15:56:21 INFO  [Main] [Animated Profile Icons]: Playing animation: run
15:56:21 INFO  [Main] [Animated Profile Icons]: Playing animation: run
15:56:22 INFO  [Main] [Animated Profile Icons]: Playing animation: idle01
15:56:22 INFO  [Main] [Animated Profile Icons]: Playing animation: idle01
15:56:22 INFO  [Main] [Animated Profile Icons]: Playing animation: run
15:56:22 INFO  [Main] [Animated Profile Icons]: Playing animation: run
15:56:22 INFO  [Main] [Animated Profile Icons]: Playing animation: run
15:56:22 INFO  [Main] [Animated Profile Icons]: Playing animation: walk
15:56:32 INFO  [Main] [BetterInfo]: Restored green username for 9557349: {"user_id":9557349,"username":"3XTR3M3SW3G","non_player_username":"3XTR3M3SW3G","account_id":null}
15:56:35 INFO  [Main] [Animated Profile Icons]: Playing animation: idle01
15:56:35 INFO  [Main] [Animated Profile Icons]: Playing animation: idle01
15:57:11 INFO  [Main] [Animated Profile Icons]: Playing animation: idle01
15:57:11 INFO  [Main] [Animated Profile Icons]: Playing animation: idle01
15:57:23 INFO  [Main] [Animated Profile Icons]: Playing animation: idle01
15:59:52 INFO  [Main] [Animated Profile Icons]: Playing animation: idle01
15:59:53 INFO  [Main] [Animated Profile Icons]: Playing animation: idle01
16:00:12 INFO  [Main] [Animated Profile Icons]: Playing animation: idle01
16:00:12 INFO  [Main] [Animated Profile Icons]: Playing animation: idle01
16:00:12 INFO  [Main] [Animated Profile Icons]: Playing animation: idle01
16:00:12 INFO  [Main] [Animated Profile Icons]: Playing animation: idle01
16:00:19 INFO  [Main] [Animated Profile Icons]: Playing animation: idle01
16:00:19 INFO  [Main] [Animated Profile Icons]: Playing animation: idle01
16:00:22 INFO  [Main] [Animated Profile Icons]: Playing animation: idle01
16:02:04 INFO  [Main] [GDUtils]: Sending a request to pointercrate...
16:02:04 INFO  [Main] [GDUtils]: Level found in Pointercrate! Tidal Wave at #1
16:02:21 INFO  [Main] [Animated Profile Icons]: Playing animation: idle01
16:02:21 INFO  [Main] [Animated Profile Icons]: Playing animation: idle01
16:02:48 INFO  [Main] [Animated Profile Icons]: Playing animation: idle01
16:02:48 INFO  [Main] [Animated Profile Icons]: Playing animation: idle01
16:02:53 INFO  [Main] [Animated Profile Icons]: Playing animation: idle01
16:03:21 INFO  [Main] [Animated Profile Icons]: Playing animation: run
16:03:21 INFO  [Main] [Animated Profile Icons]: Playing animation: run
16:03:35 INFO  [Main] [Animated Profile Icons]: Playing animation: run
16:03:35 INFO  [Main] [Animated Profile Icons]: Playing animation: run
16:03:37 INFO  [Main] [Animated Profile Icons]: Playing animation: run
16:05:57 ERROR [Main] [Geode]: Mod ID 'tpdea.betterpause-Better' will be rejected in the future - IDs must match the regex `[a-z0-9\-_]+\.[a-z0-9\-_]+`
16:05:57 ERROR [Main] [Geode]: Mod ID 'TheSillyDoggo.GradientPages' will be rejected in the future - IDs must match the regex `[a-z0-9\-_]+\.[a-z0-9\-_]+`
16:06:22 INFO  [Main] [Animated Profile Icons]: Playing animation: run
16:06:22 INFO  [Main] [Animated Profile Icons]: Playing animation: idle
16:06:22 INFO  [Main] [Animated Profile Icons]: Playing animation: run
16:06:22 ERROR [Main] [Geode]: Mod ID 'tpdea.betterpause-Better' will be rejected in the future - IDs must match the regex `[a-z0-9\-_]+\.[a-z0-9\-_]+`
16:06:22 ERROR [Main] [Geode]: Mod ID 'TheSillyDoggo.GradientPages' will be rejected in the future - IDs must match the regex `[a-z0-9\-_]+\.[a-z0-9\-_]+`
16:06:22 INFO  [Main] [Animated Profile Icons]: Playing animation: run
16:06:23 INFO  [Main] [Animated Profile Icons]: Playing animation: run
16:06:24 INFO  [Main] [Animated Profile Icons]: Playing animation: run
16:06:24 INFO  [Main] [Animated Profile Icons]: Playing animation: run
16:06:24 INFO  [Main] [Animated Profile Icons]: Playing animation: run
16:06:25 INFO  [Main] [Animated Profile Icons]: Playing animation: run
16:07:04 INFO  [Main] [Animated Profile Icons]: Playing animation: run
16:07:04 INFO  [Main] [Animated Profile Icons]: Playing animation: not_used
16:07:04 INFO  [Main] [Animated Profile Icons]: Playing animation: run
16:07:05 INFO  [Main] [Animated Profile Icons]: Playing animation: run
16:07:06 INFO  [Main] [Animated Profile Icons]: Playing animation: run
16:07:07 INFO  [Main] [Animated Profile Icons]: Playing animation: run
16:07:24 INFO  [Main] [Animated Profile Icons]: Playing animation: run
16:07:24 INFO  [Main] [Animated Profile Icons]: Playing animation: not_used
16:07:24 INFO  [Main] [Animated Profile Icons]: Playing animation: run
16:07:24 INFO  [Main] [Animated Profile Icons]: Playing animation: run
16:07:25 INFO  [Main] [Animated Profile Icons]: Playing animation: run
16:07:25 INFO  [Main] [Animated Profile Icons]: Playing animation: run
16:07:38 INFO  [Main] [Animated Profile Icons]: Playing animation: walk
16:07:38 INFO  [Main] [Animated Profile Icons]: Playing animation: walk
16:07:38 INFO  [Main] [Animated Profile Icons]: Playing animation: run
16:07:38 ERROR [Main] [Geode]: Mod ID 'tpdea.betterpause-Better' will be rejected in the future - IDs must match the regex `[a-z0-9\-_]+\.[a-z0-9\-_]+`
16:07:38 ERROR [Main] [Geode]: Mod ID 'TheSillyDoggo.GradientPages' will be rejected in the future - IDs must match the regex `[a-z0-9\-_]+\.[a-z0-9\-_]+`
16:07:38 INFO  [Main] [Animated Profile Icons]: Playing animation: run
16:07:39 INFO  [Main] [Animated Profile Icons]: Playing animation: run
16:08:10 DEBUG [Main] [Geode]: Installing firee.PrismMenu
16:08:13 DEBUG [Main] [Geode]: Installed firee.PrismMenu
16:08:15 INFO  [Main] [Geode]: Saving mod data...
16:08:15 DEBUG [Main] [Geode]:   capeling.icon_profile_2.2
16:08:15 DEBUG [Main] [Geode]:     Check covered
16:08:15 DEBUG [Main] [Geode]:   geode.loader
16:08:15 DEBUG [Main] [Geode]:     Check covered
16:08:15 DEBUG [Main] [Geode]:     Check if auto-check-updates is saved
16:08:15 DEBUG [Main] [Geode]:     Check if show-platform-console is saved
16:08:15 DEBUG [Main] [Geode]:     Check if disable-last-crashed-popup is saved
16:08:15 DEBUG [Main] [Geode]:     Check if auto-update-mods is saved
16:08:15 DEBUG [Main] [Geode]:   elohmrow.death_tracker
16:08:15 DEBUG [Main] [Geode]:     Check covered
16:08:15 DEBUG [Main] [Geode]:     Check if disable-tracking-completed-levels is saved
16:08:15 DEBUG [Main] [Geode]:   absolllute.megahack
16:08:15 DEBUG [Main] [Geode]:     Check covered
16:08:15 DEBUG [Main] [Geode]:   elnexreal.auto_priority
16:08:15 DEBUG [Main] [Geode]:     Check covered
16:08:15 DEBUG [Main] [Geode]:   abb2k.backup
16:08:15 DEBUG [Main] [Geode]:     Check covered
16:08:15 DEBUG [Main] [Geode]:     Check if Max_Auto_Backups is saved
16:08:15 DEBUG [Main] [Geode]:     Check if Auto_Backup is saved
16:08:15 DEBUG [Main] [Geode]:     Check if Button_In_Options_Menu is saved
16:08:15 DEBUG [Main] [Geode]:   coderqc.gdswearfilter
16:08:15 DEBUG [Main] [Geode]:     Check covered
16:08:15 DEBUG [Main] [Geode]:     Check if censor-comments is saved
16:08:15 DEBUG [Main] [Geode]:     Check if strict-mode is saved
16:08:15 DEBUG [Main] [Geode]:     Check if filter-profanity is saved
16:08:15 DEBUG [Main] [Geode]:     Check if censor-level-descriptions is saved
16:08:15 DEBUG [Main] [Geode]:     Check if filter-antilgbtq is saved
16:08:15 DEBUG [Main] [Geode]:     Check if filter-sexual is saved
16:08:15 DEBUG [Main] [Geode]:     Check if filter-racism is saved
16:08:15 DEBUG [Main] [Geode]:     Check if censor-level-names is saved
16:08:15 DEBUG [Main] [Geode]:     Check if relax-censor is saved
16:08:15 DEBUG [Main] [Geode]:   zilko.xdbot
16:08:15 DEBUG [Main] [Geode]:     Check covered
16:08:15 DEBUG [Main] [Geode]:     Check if speedhack is saved
16:08:15 DEBUG [Main] [Geode]:     Check if auto_safe_mode is saved
16:08:15 DEBUG [Main] [Geode]:     Check if speedhack_audio is saved
16:08:15 DEBUG [Main] [Geode]:     Check if override_macro_mode is saved
16:08:15 DEBUG [Main] [Geode]:     Check if frame_stepper is saved
16:08:15 DEBUG [Main] [Geode]:     Check if show_frame_label is saved
16:08:15 DEBUG [Main] [Geode]:     Check if end_button is saved
16:08:15 DEBUG [Main] [Geode]:     Check if auto_enable_play is saved
16:08:15 DEBUG [Main] [Geode]:     Check if show_recording_label is saved
16:08:15 DEBUG [Main] [Geode]:     Check if show_playing_label is saved
16:08:15 DEBUG [Main] [Geode]:     Check if disable_frame_stepper is saved
16:08:15 DEBUG [Main] [Geode]:     Check if disable_speedhack is saved
16:08:15 DEBUG [Main] [Geode]:     Check if vanilla is saved
16:08:15 DEBUG [Main] [Geode]:     Check if frame_fix is saved
16:08:15 DEBUG [Main] [Geode]:   bitz.customprofiles
16:08:15 DEBUG [Main] [Geode]:     Check covered
16:08:15 DEBUG [Main] [Geode]:     Check if Normal-colors is saved
16:08:15 DEBUG [Main] [Geode]:     Check if No-corners is saved
16:08:15 DEBUG [Main] [Geode]:     Check if Disable-info-button is saved
16:08:15 DEBUG [Main] [Geode]:     Check if Invert-Colors is saved
16:08:15 DEBUG [Main] [Geode]:     Check if Round-corners is saved
16:08:15 DEBUG [Main] [Geode]:     Check if Square-corners is saved
16:08:15 DEBUG [Main] [Geode]:     Check if Animate-colors is saved
16:08:15 DEBUG [Main] [Geode]:   colon.gold_user_coins
16:08:15 DEBUG [Main] [Geode]:     Check covered
16:08:15 DEBUG [Main] [Geode]:   cj_link.fakemoderator
16:08:15 DEBUG [Main] [Geode]:     Check covered
16:08:15 DEBUG [Main] [Geode]:     Check if mod-type is saved
16:08:15 DEBUG [Main] [Geode]:   lexi.visiblecheckpoints
16:08:15 DEBUG [Main] [Geode]:     Check covered
16:08:15 DEBUG [Main] [Geode]:     Check if progress-bar-opacity is saved
16:08:15 DEBUG [Main] [Geode]:     Check if progress-bar-crowding is saved
16:08:15 DEBUG [Main] [Geode]:   cvolton.betterinfo
16:08:15 DEBUG [Main] [Geode]:     Check covered
16:08:15 DEBUG [Main] [Geode]:     Check if fix-green-users is saved
16:08:15 DEBUG [Main] [Geode]:     Check if show-comment-ids is saved
16:08:15 DEBUG [Main] [Geode]:     Check if white-id is saved
16:08:15 DEBUG [Main] [Geode]:     Check if level-info is saved
16:08:15 DEBUG [Main] [Geode]:     Check if alt-button is saved
16:08:15 DEBUG [Main] [Geode]:     Check if auto-submit is saved
16:08:15 DEBUG [Main] [Geode]:   tpdea.betterpause-Better
16:08:15 DEBUG [Main] [Geode]:     Check covered
16:08:15 DEBUG [Main] [Geode]:     Check if level-editor-hack is saved
16:08:15 DEBUG [Main] [Geode]:     Check if show-comment-button is saved
16:08:15 DEBUG [Main] [Geode]:     Check if disable-arrow-blink is saved
16:08:15 DEBUG [Main] [Geode]:   dankmeme.globed2
16:08:15 DEBUG [Main] [Geode]:     Check covered
16:08:15 DEBUG [Main] [Geode]:     Check if force-skip-preload is saved
16:08:15 DEBUG [Main] [Geode]:   elnexreal.copy_song_id
16:08:15 DEBUG [Main] [Geode]:     Check covered
16:08:15 DEBUG [Main] [Geode]:   fleym.nongd
16:08:15 DEBUG [Main] [Geode]:     Check covered
16:08:15 DEBUG [Main] [Geode]:   gdutilsdevs.gdutils
16:08:15 DEBUG [Main] [Geode]:     Check covered
16:08:15 DEBUG [Main] [Geode]:     Check if everywhereElse is saved
16:08:15 DEBUG [Main] [Geode]:     Check if weekly is saved
16:08:15 DEBUG [Main] [Geode]:     Check if daily is saved
16:08:15 DEBUG [Main] [Geode]:     Check if spotify-section is saved
16:08:15 DEBUG [Main] [Geode]:     Check if inEditor is saved
16:08:15 DEBUG [Main] [Geode]:     Check if inLevels is saved
16:08:15 DEBUG [Main] [Geode]:     Check if misc-section is saved
16:08:15 DEBUG [Main] [Geode]:     Check if customDifficultyFaces is saved
16:08:15 DEBUG [Main] [Geode]:     Check if newRate is saved
16:08:15 DEBUG [Main] [Geode]:     Check if sfx is saved
16:08:15 DEBUG [Main] [Geode]:     Check if spotifyApp is saved
16:08:15 DEBUG [Main] [Geode]:     Check if size is saved
16:08:15 DEBUG [Main] [Geode]:     Check if time is saved
16:08:15 DEBUG [Main] [Geode]:     Check if test-notification is saved
16:08:15 DEBUG [Main] [Geode]:     Check if demonListPlacement is saved
16:08:15 DEBUG [Main] [Geode]:     Check if inEditorSpotify is saved
16:08:15 DEBUG [Main] [Geode]:     Check if inLevelsSpotify is saved
16:08:15 DEBUG [Main] [Geode]:     Check if friendSearch is saved
16:08:15 DEBUG [Main] [Geode]:     Check if notificationPlacement is saved
16:08:15 DEBUG [Main] [Geode]:     Check if notification-section is saved
16:08:15 DEBUG [Main] [Geode]:     Check if notification-placement-section is saved
16:08:15 DEBUG [Main] [Geode]:     Check if notification-appearance-section is saved
16:08:15 DEBUG [Main] [Geode]:     Check if credits-section is saved
16:08:15 DEBUG [Main] [Geode]:     Check if credit-buttons is saved
16:08:15 DEBUG [Main] [Geode]:   thesillydoggo.better_startpos_menu
16:08:15 DEBUG [Main] [Geode]:     Check covered
16:08:15 DEBUG [Main] [Geode]:   geode.custom-keybinds
16:08:15 DEBUG [Main] [Geode]:     Check covered
16:08:15 DEBUG [Main] [Geode]:   geode.node-ids
16:08:15 DEBUG [Main] [Geode]:     Check covered
16:08:15 DEBUG [Main] [Geode]:   geode.texture-loader
16:08:15 INFO  [M>] [Texture Lo>]: Saving texture packs
16:08:15 DEBUG [Main] [Geode]:     Check covered
16:08:15 DEBUG [Main] [Geode]:   hjfod.gdshare
16:08:15 DEBUG [Main] [Geode]:     Check covered
16:08:15 DEBUG [Main] [Geode]:   hjfod.gmd-api
16:08:15 DEBUG [Main] [Geode]:     Check covered
16:08:15 DEBUG [Main] [Geode]:   hjfod.quick-volume-controls
16:08:15 DEBUG [Main] [Geode]:     Check covered
16:08:15 DEBUG [Main] [Geode]:   mat.run-info
16:08:15 DEBUG [Main] [Geode]:     Check covered
16:08:15 DEBUG [Main] [Geode]:     Check if show-mode is saved
16:08:15 DEBUG [Main] [Geode]:     Check if position-top is saved
16:08:15 DEBUG [Main] [Geode]:     Check if position-left is saved
16:08:15 DEBUG [Main] [Geode]:     Check if show-icon is saved
16:08:15 DEBUG [Main] [Geode]:     Check if show-from is saved
16:08:15 DEBUG [Main] [Geode]:     Check if use-start-pos is saved
16:08:15 DEBUG [Main] [Geode]:   muhammadgames.bettermenu
16:08:15 DEBUG [Main] [Geode]:     Check covered
16:08:15 DEBUG [Main] [Geode]:     Check if ShortcutWeekly is saved
16:08:15 DEBUG [Main] [Geode]:     Check if RunMainMenu is saved
16:08:15 DEBUG [Main] [Geode]:     Check if ShortcutMyLevel is saved
16:08:15 DEBUG [Main] [Geode]:     Check if ShortcutSavedLevels is saved
16:08:15 DEBUG [Main] [Geode]:     Check if ShortcutSearch is saved
16:08:15 DEBUG [Main] [Geode]:     Check if replacename is saved
16:08:15 DEBUG [Main] [Geode]:     Check if ShortcutDaily is saved
16:08:15 DEBUG [Main] [Geode]:     Check if HideName is saved
16:08:15 DEBUG [Main] [Geode]:     Check if MoveMenuPos is saved
16:08:15 DEBUG [Main] [Geode]:     Check if MoveMenuPosFlip is saved
16:08:15 DEBUG [Main] [Geode]:     Check if RightSide is saved
16:08:15 DEBUG [Main] [Geode]:   thesillydoggo.animatedprofiles
16:08:15 DEBUG [Main] [Geode]:     Check covered
16:08:15 DEBUG [Main] [Geode]:   thesillydoggo.entersearch
16:08:15 DEBUG [Main] [Geode]:     Check covered
16:08:15 DEBUG [Main] [Geode]:   TheSillyDoggo.GradientPages
16:08:15 DEBUG [Main] [Geode]:     Check covered
16:08:15 DEBUG [Main] [Geode]:     Check if apply-filter is saved
16:08:15 DEBUG [Main] [Geode]:     Check if apply-credits is saved
16:08:15 DEBUG [Main] [Geode]:     Check if apply-profiles is saved
16:08:15 DEBUG [Main] [Geode]:     Check if apply-unlock is saved
16:08:15 DEBUG [Main] [Geode]:     Check if apply-info-layer is saved
16:08:15 DEBUG [Main] [Geode]:     Check if apply-pagesel is saved
16:08:15 DEBUG [Main] [Geode]:     Check if apply-shards is saved
16:08:15 DEBUG [Main] [Geode]:     Check if apply-demon is saved
16:08:15 DEBUG [Main] [Geode]:     Check if apply-quests is saved
16:08:15 DEBUG [Main] [Geode]:     Check if reverse-order is saved
16:08:15 DEBUG [Main] [Geode]:     Check if use-custom-colours is saved
16:08:15 DEBUG [Main] [Geode]:     Check if primary-colour is saved
16:08:15 DEBUG [Main] [Geode]:     Check if secondary-colour is saved
16:08:15 INFO  [Main] [Geode]:   Took 0.108s
