14:08:44 [Geode]: Set up platform crash logger
14:08:44 [Geode]: Setting up Loader...
14:08:44 [Geode]: Set up internal mod representation
14:08:44 [Geode]: Loading hooks... 
14:08:44 [Geode]: Enabling hook at function cocos2d::CCFileUtils::sharedFileUtils with address 695C5DC0
14:08:44 [Geode]: Enabling hook at function cocos2d::CCNode::getUserObject with address 6955F570
14:08:44 [Geode]: Enabling hook at function cocos2d::CCNode::setUserObject with address 69560700
14:08:44 [Geode]: Enabling hook at function LoadingLayer::init with address 00F6C080
14:08:44 [Geode]: Enabling hook at function LoadingLayer::loadAssets with address 00F6C8E0
14:08:44 [Geode]: Enabling hook at function GJBaseGameLayer::collectItem with address 00EF1890
14:08:44 [Geode]: Enabling hook at function GJBaseGameLayer::collectedObject with address 00EF1830
14:08:44 [Geode]: Enabling hook at function cocos2d::CCTouchDispatcher::addTargetedDelegate with address 695F5020
14:08:44 [Geode]: Enabling hook at function cocos2d::CCTouchDispatcher::decrementForcePrio with address 695F50A0
14:08:44 [Geode]: Enabling hook at function cocos2d::CCTouchDispatcher::incrementForcePrio with address 695F5320
14:08:44 [Geode]: Enabling hook at function AchievementNotifier::willSwitchToScene with address 00DEFEA0
14:08:44 [Geode]: Enabling hook at function AppDelegate::trySaveGame with address 00E1D5E0
14:08:44 [Geode]: Enabling hook at function cocos2d::CCScheduler::update with address 69603430
14:08:44 [Geode]: Enabling hook at function LoadingLayer::loadAssets with address 00F6C8E0
14:08:44 [Geode]: Enabling hook at function CCTextInputNode::init with address 00E00E50
14:08:44 [Geode]: Enabling hook at function CCTextInputNode::updateLabel with address 00E01190
14:08:44 [Geode]: Enabling hook at function CreatorLayer::init with address 00E2DE40
14:08:44 [Geode]: Enabling hook at function CustomSongWidget::init with address 00E485B0
14:08:44 [Geode]: Enabling hook at function CustomizeObjectLayer::init with address 00E33E00
14:08:44 [Geode]: Enabling hook at function CustomizeObjectLayer::toggleVisible with address 00E36FB0
14:08:44 [Geode]: Enabling hook at function EditLevelLayer::init with address 00E4F5D0
14:08:44 [Geode]: Enabling hook at function EditorPauseLayer::init with address 00E530E0
14:08:44 [Geode]: Enabling hook at function EditorUI::init with address 00E56310
14:08:44 [Geode]: Enabling hook at function GJGarageLayer::init with address 00F055D0
14:08:44 [Geode]: Enabling hook at function LevelBrowserLayer::init with address 00F3A040
14:08:44 [Geode]: Enabling hook at function LevelInfoLayer::init with address 00F55DF0
14:08:44 [Geode]: Enabling hook at function LevelSearchLayer::init with address 00F5DA60
14:08:44 [Geode]: Enabling hook at function LevelSettingsLayer::init with address 00F50E50
14:08:44 [Geode]: Enabling hook at function PauseLayer::customSetup with address 00FC4620
14:08:44 [Geode]: Enabling hook at function UILayer::init with address 0103F3B0
14:08:44 [Geode]: Enabling hook at function LoadingLayer::loadAssets with address 00F6C8E0
14:08:44 [Geode]: Enabling hook at function MenuLayer::init with address 00F707B0
14:08:44 [Geode]: Loaded hooks
14:08:44 [Geode]: Setting up IPC...
14:08:44 [Geode]: IPC set up
14:08:44 [Geode]: Refreshing mod graph...
14:08:44 [Geode]:   Queueing mods
14:08:44 [Geode]:     Searching "C:\\Program Files (x86)\\Steam\\steamapps\\common\\Geometry Dash\\geode\\mods"
14:08:44 [Geode]:       Found "alk.editorcollab.geode"
14:08:44 [Geode]:         id: alk.editorcollab
14:08:44 [Geode]:         version: v1.12.4-beta
14:08:44 [Geode]:         early: no
14:08:44 [Geode]:       Found "alk.fps-shower.geode"
14:08:44 [Geode]:         id: alk.fps-shower
14:08:44 [Geode]:         version: v1.0.1
14:08:44 [Geode]:         early: no
14:08:44 [Geode]:       Found "camila314.acbypass.geode"
14:08:44 [Geode]:         id: camila314.acbypass
14:08:44 [Geode]:         version: v1.0.0
14:08:44 [Geode]:         early: no
14:08:44 [Geode]:       Found "camila314.demonlist-button.geode"
14:08:44 [Geode]:         id: camila314.demonlist-button
14:08:44 [Geode]:         version: v1.0.0
14:08:44 [Geode]:         early: no
14:08:44 [Geode]:       Found "camila314.noclip.geode"
14:08:44 [Geode]:         camila314.noclip: [mod.json].required has been deprecated and will be removed in a future update. Use importance instead (see TODO: DOCS LINK)
14:08:44 [Geode]:         id: camila314.noclip
14:08:44 [Geode]:         version: v1.0.0
14:08:44 [Geode]:         early: no
14:08:44 [Geode]:       Found "chs.confirmquit.geode"
14:08:44 [Geode]:         id: chs.confirmquit
14:08:44 [Geode]:         version: v1.0.0
14:08:44 [Geode]:         early: no
14:08:44 [Geode]:       Found "chs000.modmenutest.geode"
14:08:44 [Geode]:         chs000.modmenutest: [mod.json].required has been deprecated and will be removed in a future update. Use importance instead (see TODO: DOCS LINK)
14:08:44 [Geode]:         chs000.modmenutest: [mod.json].required has been deprecated and will be removed in a future update. Use importance instead (see TODO: DOCS LINK)
14:08:44 [Geode]:         id: chs000.modmenutest
14:08:44 [Geode]:         version: v0.1.2
14:08:44 [Geode]:         early: no
14:08:44 [Geode]:       Found "cvolton.betterinfo.geode"
14:08:44 [Geode]:         id: cvolton.betterinfo
14:08:44 [Geode]:         version: v3.0.2
14:08:44 [Geode]:         early: no
14:08:44 [Geode]:       Found "cvolton.capacity_fix.geode"
14:08:44 [Geode]:         id: cvolton.capacity_fix
14:08:44 [Geode]:         version: v1.0.1
14:08:44 [Geode]:         early: no
14:08:44 [Geode]:       Found "hjfod.custom-keybinds.geode"
14:08:44 [Geode]:         id: hjfod.custom-keybinds
14:08:44 [Geode]:         version: v1.0.0
14:08:44 [Geode]:         early: no
14:08:44 [Geode]:       Found "mat.fps-bypass.geode"
14:08:44 [Geode]:         id: mat.fps-bypass
14:08:44 [Geode]:         version: v1.0.3
14:08:44 [Geode]:         early: no
14:08:44 [Geode]:       Found "mat.practice-music.geode"
14:08:44 [Geode]:         id: mat.practice-music
14:08:44 [Geode]:         version: v1.0.3
14:08:44 [Geode]:         early: no
14:08:44 [Geode]:       Found "mat.scroll-zoom.geode"
14:08:44 [Geode]:         id: mat.scroll-zoom
14:08:44 [Geode]:         version: v1.0.0
14:08:44 [Geode]:         early: no
14:08:44 [Geode]:       Found "rlt.gd-platformer.geode"
14:08:44 [Geode]:         id: rlt.gd-platformer
14:08:44 [Geode]:         version: v1.0.0
14:08:44 [Geode]:         early: no
14:08:44 [Geode]:       Found "ruslan.apm.geode"
14:08:44 [Geode]:         id: ruslan.apm
14:08:44 [Geode]:         version: v1.0.0
14:08:44 [Geode]:         early: no
14:08:44 [Geode]:       Found "ruslan.nm.geode"
14:08:44 [Geode]:         id: ruslan.nm
14:08:44 [Geode]:         version: v1.0.0
14:08:44 [Geode]:         early: no
14:08:44 [Geode]:   Populating mod list
14:08:44 [Geode]:     alk.editorcollab v1.12.4-beta
14:08:44 [Geode]:     alk.fps-shower v1.0.1
14:08:44 [Geode]:     camila314.acbypass v1.0.0
14:08:45 [Geode]:     camila314.demonlist-button v1.0.0
14:08:45 [Geode]:     camila314.noclip v1.0.0
14:08:45 [Geode]:     chs.confirmquit v1.0.0
14:08:45 [Geode]:     chs000.modmenutest v0.1.2
14:08:45 [Geode]:     cvolton.betterinfo v3.0.2
14:08:45 [Geode]:     cvolton.capacity_fix v1.0.1
14:08:45 [Geode]:     hjfod.custom-keybinds v1.0.0
14:08:46 [Geode]:     mat.fps-bypass v1.0.3
14:08:46 [Geode]:     mat.practice-music v1.0.3
14:08:46 [Geode]:     mat.scroll-zoom v1.0.0
14:08:46 [Geode]:     rlt.gd-platformer v1.0.0
14:08:46 [Geode]:     ruslan.apm v1.0.0
14:08:46 [Geode]:     ruslan.nm v1.0.0
14:08:46 [Geode]:   Building mod graph
14:08:46 [Geode]:     camila314.acbypass
14:08:46 [Geode]:       geode.loader
14:08:46 [Geode]:     chs.confirmquit
14:08:46 [Geode]:       geode.loader
14:08:46 [Geode]:     geode.loader
14:08:46 [Geode]:     alk.editorcollab
14:08:46 [Geode]:       geode.loader
14:08:46 [Geode]:     alk.fps-shower
14:08:46 [Geode]:       geode.loader
14:08:46 [Geode]:     camila314.demonlist-button
14:08:46 [Geode]:       geode.loader
14:08:46 [Geode]:     camila314.noclip
14:08:46 [Geode]:       geode.loader
14:08:46 [Geode]:       camila314.acbypass
14:08:46 [Geode]:     chs000.modmenutest
14:08:46 [Geode]:       geode.loader
14:08:46 [Geode]:       camila314.acbypass
14:08:46 [Geode]:       hjfod.custom-keybinds
14:08:46 [Geode]:     cvolton.betterinfo
14:08:46 [Geode]:       geode.loader
14:08:46 [Geode]:     cvolton.capacity_fix
14:08:46 [Geode]:       geode.loader
14:08:46 [Geode]:     hjfod.custom-keybinds
14:08:46 [Geode]:       geode.loader
14:08:46 [Geode]:     mat.fps-bypass
14:08:46 [Geode]:       geode.loader
14:08:46 [Geode]:     mat.practice-music
14:08:46 [Geode]:       geode.loader
14:08:46 [Geode]:     mat.scroll-zoom
14:08:46 [Geode]:       geode.loader
14:08:46 [Geode]:     rlt.gd-platformer
14:08:46 [Geode]:       geode.loader
14:08:46 [Geode]:     ruslan.apm
14:08:46 [Geode]:       geode.loader
14:08:46 [Geode]:     ruslan.nm
14:08:46 [Geode]:       geode.loader
14:08:46 [Geode]:   Loading early mods
14:08:46 [Geode]:   Took 2.242s. Continuing next frame...
14:08:46 [Geode]: Set up loader
14:08:46 [Geode]: Entry done.
14:08:51 [Geode]: Adding resources for alk.editorcollab
14:08:51 [Geode]: Adding sheet alk.editorcollab/TulipEditor
14:08:51 [Geode]: Continuing mod graph refresh...
14:08:51 [Geode]:   Loading mods
14:08:51 [Geode]:     camila314.acbypass v1.0.0
14:08:51 [Geode]:       Load
14:08:51 [Geode]:       Loading binary for mod camila314.acbypass
14:08:51 [Geode]:       Enable
14:08:51 [Geode]:       Enabling hook at function PlayLayer::update with address 00FE29C0
14:08:51 [Geode]:       camila314.noclip v1.0.0
14:08:51 [Geode]:         Load
14:08:51 [Geode]:         Loading binary for mod camila314.noclip
14:08:51 [Geode]:   Took 0.14s
14:08:51 [Geode]: Continuing mod graph refresh...
14:08:51 [Geode]:   Loading mods
14:08:51 [Geode]:     chs.confirmquit v1.0.0
14:08:51 [Geode]:       Load
14:08:51 [Geode]:       Loading binary for mod chs.confirmquit
14:08:51 [Geode]:       Enable
14:08:51 [Geode]:       Enabling hook at function PauseLayer::onQuit with address 00FC63D0
14:08:51 [Geode]:   Took 0.128s
14:08:51 [Geode]: Continuing mod graph refresh...
14:08:51 [Geode]:   Loading mods
14:08:51 [Geode]:     alk.editorcollab v1.12.4-beta
14:08:51 [Geode]:       Load
14:08:51 [Geode]:       Loading binary for mod alk.editorcollab
14:08:51 [Editor Collab]:       Loaded
14:08:51 [Geode]:       Enable
14:08:51 [Geode]:       Enabling hook at function EditorUI::moveObject with address 00E6DDB0
14:08:51 [Geode]:       Enabling hook at function EditorUI::init with address 00E56310
14:08:51 [Geode]:       Enabling hook at function EditorUI::onPause with address 00E58020
14:08:51 [Geode]:       Enabling hook at function EditorUI::showUI with address 00E67180
14:08:51 [Geode]:       Enabling hook at function LevelBrowserLayer::init with address 00F3A040
14:08:51 [Geode]:       Enabling hook at function GManager::saveGMTo with address 00E09250
14:08:51 [Geode]:       Enabling hook at function EditorPauseLayer::init with address 00E530E0
14:08:51 [Geode]:       Enabling hook at function EditorPauseLayer::onSave with address 00E555A0
14:08:51 [Geode]:       Enabling hook at function EditorPauseLayer::onSaveAndExit with address 00E55620
14:08:51 [Geode]:       Enabling hook at function EditorPauseLayer::onSaveAndPlay with address 00E553D0
14:08:51 [Geode]:       Enabling hook at function PauseLayer::goEdit with address 00FC62F0
14:08:51 [Geode]:       Enabling hook at function PauseLayer::onQuit with address 00FC63D0
14:08:51 [Geode]:       Enabling hook at function CreatorLayer::init with address 00E2DE40
14:08:51 [Geode]:       Enabling hook at function GameManager::returnToLastScene with address 00EAE6A0
14:08:51 [Geode]:       Enabling hook at function SetGroupIDLayer::init with address 0100B670
14:08:51 [Geode]:       Enabling hook at function EndLevelLayer::onEdit with address 00E76D30
14:08:51 [Geode]:       Enabling hook at function EndLevelLayer::onMenu with address 00E76C10
14:08:51 [Geode]:       Enabling hook at function LevelEditorLayer::addToUndoList with address 00F42410
14:08:51 [Geode]:       Enabling hook at function LevelEditorLayer::handleAction with address 00F42010
14:08:51 [Geode]:       Enabling hook at function EditorUI::updateButtons with address 00E58280
14:08:51 [Geode]:       Enabling hook at function EditorUI::onDelete with address 00E5B8D0
14:08:51 [Geode]:       Enabling hook at function EditorUI::onDeleteSelected with address 00E5BF50
14:08:51 [Geode]:       Enabling hook at function EditorUI::onDeleteSelectedType with address 00E5C480
14:08:51 [Geode]:       Enabling hook at function EditorUI::onDuplicate with address 00E67D20
14:08:51 [Geode]:       Enabling hook at function EditorUI::onPaste with address 00E680C0
14:08:51 [Geode]:       Enabling hook at function CCMenuItemSpriteExtra::activate with address 00DF91C0
14:08:51 [Geode]:       Enabling hook at function CCMenuItemToggler::activate with address 00DF98D0
14:08:51 [Geode]:       Enabling hook at function ColorSelectPopup::closeColorSelect with address 00E26D80
14:08:51 [Geode]:       Enabling hook at function ColorSelectPopup::init with address 00E23AE0
14:08:51 [Geode]:       Enabling hook at function ColorSelectLiveOverlay::init with address 00E21DB0
14:08:51 [Geode]:       Enabling hook at function EditorUI::rotateObjects with address 00E6EE80
14:08:51 [Geode]:       Enabling hook at function EditorUI::scaleObjects with address 00E6F150
14:08:51 [Geode]:       Enabling hook at function GameObject::deselectObject with address 00ECEE50
14:08:51 [Geode]:       Enabling hook at function EditorUI::deleteObject with address 00E5BED0
14:08:51 [Geode]:       Enabling hook at function GameObject::createWithKey with address 00EAF4F0
14:08:51 [Geode]:       Enabling hook at function EditorUI::createCustomItems with address 00E5A370
14:08:51 [Geode]:       Enabling hook at function EditorUI::onCreate with address 00E65680
14:08:51 [Geode]:       Enabling hook at function EditorUI::setupCreateMenu with address 00E5CAF0
14:08:51 [Geode]:       Enabling hook at function EditorUI::selectObject with address 00E66250
14:08:51 [Geode]:       Enabling hook at function EditorUI::selectObjects with address 00E664A0
14:08:51 [Geode]:       Enabling hook at function EditorUI::deselectAll with address 00E66AF0
14:08:51 [Geode]:       Enabling hook at function EditorUI::deselectObject with address 00E66A50
14:08:51 [Geode]:       Enabling hook at function EditorUI::keyDown with address 00E71A30
14:08:51 [Geode]:       Enabling hook at function EditorUI::ccTouchBegan with address 00E707B0
14:08:51 [Geode]:       Enabling hook at function EditorUI::ccTouchEnded with address 00E711A0
14:08:51 [Geode]:       Enabling hook at function cocos2d::CCLayerColor::initWithColor with address 695A2AE0
14:08:51 [Geode]:       Enabling hook at function cocos2d::CCLayer::setKeypadEnabled with address 695A3450
14:08:51 [Geode]:       Enabling hook at function LevelEditorLayer::init with address 00F3EE00
14:08:51 [Editor Collab]:       Enabled
14:08:51 [Geode]:   Took 0.145s
14:08:51 [Geode]: Continuing mod graph refresh...
14:08:51 [Geode]:   Loading mods
14:08:51 [Geode]:     alk.fps-shower v1.0.1
14:08:51 [Geode]:       Load
14:08:51 [Geode]:       Loading binary for mod alk.fps-shower
14:08:51 [Geode]:       Enable
14:08:51 [Geode]:       Enabling hook at function LoadingLayer::init with address 00F6C080
14:08:51 [Geode]:       Enabling hook at function MenuLayer::init with address 00F707B0
14:08:51 [FPS Shower]:       Enabled
14:08:51 [Geode]:   Took 0.098s
14:08:51 [Geode]: Continuing mod graph refresh...
14:08:51 [Geode]:   Loading mods
14:08:51 [Geode]:     camila314.demonlist-button v1.0.0
14:08:51 [Geode]:       Load
14:08:51 [Geode]:       Loading binary for mod camila314.demonlist-button
14:08:51 [Geode]:       Enable
14:08:51 [Geode]:       Enabling hook at function LevelSearchLayer::init with address 00F5DA60
14:08:51 [Geode]:       Enabling hook at function GameLevelManager::ProcessHttpRequest with address 00E7F8E0
14:08:51 [Geode]:   Took 0.071s
14:08:51 [Geode]: Continuing mod graph refresh...
14:08:51 [Geode]:   Loading mods
14:08:51 [Geode]:     camila314.noclip v1.0.0
14:08:51 [Geode]:   Took 0s
14:08:51 [Geode]: Continuing mod graph refresh...
14:08:51 [Geode]:   Loading mods
14:08:51 [Geode]:   Took 0s
14:08:51 [Geode]: Continuing mod graph refresh...
14:08:51 [Geode]:   Loading mods
14:08:51 [Geode]:     cvolton.betterinfo v3.0.2
14:08:51 [Geode]:       Load
14:08:51 [Geode]:       Loading binary for mod cvolton.betterinfo
14:08:52 [BetterInfo]:       Setting up Page Limit Bypass
14:08:52 [BetterInfo]:       Performing Windows specific loading steps
14:08:52 [Geode]:       Enable
14:08:52 [Geode]:       Enabling hook at function CommentCell::FLAlert_Clicked with address 00E41260
14:08:52 [Geode]:       Enabling hook at function CommentCell::loadFromComment with address 00E3F3D0
14:08:52 [Geode]:       Enabling hook at function CommentCell::onConfirmDelete with address 00E41140
14:08:52 [Geode]:       Enabling hook at function CommentCell::onLike with address 00E40F90
14:08:52 [Geode]:       Enabling hook at function CreatorLayer::init with address 00E2DE40
14:08:52 [Geode]:       Enabling hook at function CreatorLayer::onChallenge with address 00E2F1B0
14:08:52 [Geode]:       Enabling hook at function CreatorLayer::sceneWillResume with address 00E2FB50
14:08:52 [Geode]:       Enabling hook at function DailyLevelPage::init with address 00E4A900
14:08:52 [Geode]:       Enabling hook at function DailyLevelPage::updateTimers with address 00E4BEF0
14:08:52 [Geode]:       Enabling hook at function EditLevelLayer::init with address 00E4F5D0
14:08:52 [Geode]:       Enabling hook at function EditLevelLayer::onLevelInfo with address 00E50660
14:08:52 [Geode]:       Enabling hook at function GameLevelManager::getCompletedLevels with address 00E82D20
14:08:52 [Geode]:       Enabling hook at function GameLevelManager::getSavedLevels with address 00E82960
14:08:52 [Geode]:       Enabling hook at function GameLevelManager::limitSavedLevels with address 00E843B0
14:08:52 [Geode]:       Enabling hook at function GameLevelManager::userNameForUserID with address 00E81C20
14:08:52 [Geode]:       Enabling hook at function InfoLayer::init with address 00F2F5A0
14:08:52 [Geode]:       Enabling hook at function InfoLayer::loadPage with address 00F31E70
14:08:52 [Geode]:       Enabling hook at function InfoLayer::onLevelInfo with address 00F31850
14:08:52 [Geode]:       Enabling hook at function InfoLayer::onMore with address 00F31500
14:08:52 [Geode]:       Enabling hook at function InfoLayer::setupCommentsBrowser with address 00F32270
14:08:52 [Geode]:       Enabling hook at function LeaderboardsLayer::init with address 00F387B0
14:08:52 [Geode]:       Enabling hook at function LevelBrowserLayer::init with address 00F3A040
14:08:52 [Geode]:       Enabling hook at function LevelBrowserLayer::updateLevelsLabel with address 00F3C350
14:08:52 [Geode]:       Enabling hook at function LevelCell::loadCustomLevelCell with address 00E3A020
14:08:52 [Geode]:       Enabling hook at function LevelCell::onViewProfile with address 00E3C790
14:08:52 [Geode]:       Enabling hook at function LevelInfoLayer::init with address 00F55DF0
14:08:52 [Geode]:       Enabling hook at function LevelInfoLayer::onLevelInfo with address 00F5ACF0
14:08:52 [Geode]:       Enabling hook at function LevelInfoLayer::onViewProfile with address 00F5AC90
14:08:52 [Geode]:       Enabling hook at function LevelLeaderboard::init with address 00F5C4F0
14:08:52 [Geode]:       Enabling hook at function LevelPage::onInfo with address 00F69070
14:08:52 [Geode]:       Enabling hook at function LevelSearchLayer::getSearchObject with address 00F605F0
14:08:52 [Geode]:       Enabling hook at function MoreSearchLayer::init with address 00F625C0
14:08:52 [Geode]:       Enabling hook at function PlayLayer::init with address 00FDB780
14:08:52 [Geode]:       Enabling hook at function PlayLayer::levelComplete with address 00FDD3D0
14:08:52 [Geode]:       Enabling hook at function PlayLayer::onQuit with address 00FED810
14:08:52 [Geode]:       Enabling hook at function PlayLayer::resetLevel with address 00FEBF00
14:08:52 [Geode]:       Enabling hook at function ProfilePage::getUserInfoFailed with address 00FF33E0
14:08:52 [Geode]:       Enabling hook at function ProfilePage::init with address 00FEEF00
14:08:52 [Geode]:       Enabling hook at function ProfilePage::keyBackClicked with address 00E29C80
14:08:52 [Geode]:       Enabling hook at function ProfilePage::loadPageFromUserInfo with address 00FF0040
14:08:52 [Geode]:       Enabling hook at function ProfilePage::onClose with address 00E29C60
14:08:52 [Geode]:       Enabling hook at function RewardsPage::init with address 00FF78F0
14:08:52 [Geode]:   Took 0.124s
14:08:52 [Geode]: Continuing mod graph refresh...
14:08:52 [Geode]:   Loading mods
14:08:52 [Geode]:     cvolton.capacity_fix v1.0.1
14:08:52 [Geode]:       Load
14:08:52 [Geode]:       Loading binary for mod cvolton.capacity_fix
14:08:52 [Geode]:       Enable
14:08:52 [Geode]:   Took 0.085s
14:08:52 [Geode]: Continuing mod graph refresh...
14:08:52 [Geode]:   Loading mods
14:08:52 [Geode]:     hjfod.custom-keybinds v1.0.0
14:08:52 [Geode]:       Load
14:08:52 [Geode]:       Loading binary for mod hjfod.custom-keybinds
14:08:52 [Geode]:       Enable
14:08:52 [Geode]:       Enabling hook at function EditorUI::init with address 00E56310
14:08:52 [Geode]:       Enabling hook at function EditorUI::keyDown with address 00E71A30
14:08:52 [Geode]:       Enabling hook at function EditorUI::keyUp with address 00E72180
14:08:52 [Geode]:       Enabling hook at function UILayer::init with address 0103F3B0
14:08:52 [Geode]:       Enabling hook at function UILayer::keyDown with address 0103F890
14:08:52 [Geode]:       Enabling hook at function UILayer::keyUp with address 0103FA10
14:08:52 [Geode]:       Enabling hook at function cocos2d::CCKeyboardDispatcher::dispatchKeyboardMSG with address 69599F30
14:08:52 [Geode]:       Enabling hook at function MoreOptionsLayer::onKeybindings with address 00E549D0
14:08:52 [Geode]:       chs000.modmenutest v0.1.2
14:08:52 [Geode]:         Load
14:08:52 [Geode]:         Loading binary for mod chs000.modmenutest
14:08:52 [Cobalt Menu]:         PatchGame Called
14:08:52 [Geode]:   Took 0.24s
14:08:52 [Geode]: Continuing mod graph refresh...
14:08:52 [Geode]:   Loading mods
14:08:52 [Geode]:     mat.fps-bypass v1.0.3
14:08:52 [Geode]:       Load
14:08:52 [Geode]:       Loading binary for mod mat.fps-bypass
14:08:52 [Geode]:       Enable
14:08:52 [Geode]:       Enabling hook at function AppDelegate::applicationWillEnterForeground with address 00E1D130
14:08:52 [Geode]:       Enabling hook at function PlayLayer::init with address 00FDB780
14:08:52 [Geode]:   Took 0.077s
14:08:52 [Geode]: Continuing mod graph refresh...
14:08:52 [Geode]:   Loading mods
14:08:52 [Geode]:     mat.practice-music v1.0.3
14:08:52 [Geode]:       Load
14:08:52 [Geode]:       Loading binary for mod mat.practice-music
14:08:52 [Geode]:       Enable
14:08:52 [Geode]:       Enabling hook at function PlayLayer::destroyPlayer with address 00FEA1A0
14:08:52 [Geode]:       Enabling hook at function PlayLayer::startMusic with address 00FEC8F0
14:08:52 [Geode]:       Enabling hook at function PlayLayer::togglePracticeMode with address 00FED0D0
14:08:52 [Geode]:   Took 0.064s
14:08:52 [Geode]: Continuing mod graph refresh...
14:08:52 [Geode]:   Loading mods
14:08:52 [Geode]:     mat.scroll-zoom v1.0.0
14:08:52 [Geode]:       Load
14:08:52 [Geode]:       Loading binary for mod mat.scroll-zoom
14:08:52 [Geode]:       Enable
14:08:52 [Geode]:       Enabling hook at function EditorUI::scrollWheel with address 00E721D0
14:08:52 [Geode]:   Took 0.064s
14:08:52 [Geode]: Continuing mod graph refresh...
14:08:52 [Geode]:   Loading mods
14:08:52 [Geode]:     rlt.gd-platformer v1.0.0
14:08:52 [Geode]:       Load
14:08:52 [Geode]:       Loading binary for mod rlt.gd-platformer
14:08:52 [Geode]:   Took 0.103s
14:08:52 [Geode]: Continuing mod graph refresh...
14:08:52 [Geode]:   Loading mods
14:08:52 [Geode]:     ruslan.apm v1.0.0
14:08:52 [Geode]:       Load
14:08:52 [Geode]:       Loading binary for mod ruslan.apm
14:08:52 [Geode]:   Took 0.111s
14:08:52 [Geode]: Continuing mod graph refresh...
14:08:52 [Geode]:   Loading mods
14:08:52 [Geode]:     ruslan.nm v1.0.0
14:08:52 [Geode]:       Load
14:08:52 [Geode]:       Loading binary for mod ruslan.nm
14:08:52 [Geode]:       Enable
14:08:52 [Geode]:       Enabling hook at function PlayLayer::toggleFlipped with address 00FEAB20
14:08:52 [Geode]:   Took 0.124s
14:08:52 [Geode]: Continuing mod graph refresh...
14:08:52 [Geode]:   Finding problems
14:08:52 [Geode]:     camila314.acbypass
14:08:52 [Geode]:     chs.confirmquit
14:08:52 [Geode]:     geode.loader
14:08:52 [Geode]:     alk.editorcollab
14:08:52 [Geode]:     alk.fps-shower
14:08:52 [Geode]:     camila314.demonlist-button
14:08:52 [Geode]:     camila314.noclip
14:08:52 [Geode]:     chs000.modmenutest
14:08:52 [Geode]:     cvolton.betterinfo
14:08:52 [Geode]:     cvolton.capacity_fix
14:08:52 [Geode]:     hjfod.custom-keybinds
14:08:52 [Geode]:     mat.fps-bypass
14:08:52 [Geode]:     mat.practice-music
14:08:52 [Geode]:     mat.scroll-zoom
14:08:52 [Geode]:     rlt.gd-platformer
14:08:52 [Geode]:     ruslan.apm
14:08:52 [Geode]:     ruslan.nm
14:08:52 [Geode]:   Took 0.001s
14:08:55 [Geode]: Adding resources
14:08:55 [Geode]: Adding resources for geode.loader
14:08:55 [Geode]: Adding sheet geode.loader/LogoSheet
14:08:55 [Geode]: Adding sheet geode.loader/APISheet
14:08:55 [Geode]: Adding sheet geode.loader/BlankSheet
14:08:55 [Geode]: Adding resources for alk.editorcollab
14:08:55 [Geode]: Adding sheet alk.editorcollab/TulipEditor
14:08:55 [Geode]: Checking updates for index
14:08:55 [Geode]: Updating local index cache
14:08:56 [Geode]: balt.freewindow: [mod.json].binary has been removed.
14:08:56 [Geode]: camila314.noclip: [mod.json].required has been deprecated and will be removed in a future update. Use importance instead (see TODO: DOCS LINK)
14:08:56 [Geode]: camila314.startswitcher: [mod.json].required has been deprecated and will be removed in a future update. Use importance instead (see TODO: DOCS LINK)
14:08:56 [Geode]: chs000.modmenutest: [mod.json].required has been deprecated and will be removed in a future update. Use importance instead (see TODO: DOCS LINK)
14:08:56 [Geode]: chs000.modmenutest: [mod.json].required has been deprecated and will be removed in a future update. Use importance instead (see TODO: DOCS LINK)
14:08:56 [Geode]: hjfod.gdshare: [mod.json].required has been deprecated and will be removed in a future update. Use importance instead (see TODO: DOCS LINK)
14:12:04 [Geode]: Saving...
14:12:04 [Geode]: Check covered
14:12:04 [Geode]: Check covered
14:12:04 [Geode]: Check covered
14:12:04 [Geode]: Check if auto-check-updates is saved
14:12:04 [Geode]: Check if show-platform-console is saved
14:12:04 [Geode]: Check if disable-last-crashed-popup is saved
14:12:04 [Geode]: Check if auto-update-mods is saved
14:12:04 [Geode]: Check covered
14:12:04 [Geode]: Check if normal-undo-shared is saved
14:12:04 [Geode]: Check if move-button is saved
14:12:04 [Geode]: Check if normal-undo-local is saved
14:12:04 [Geode]: Check covered
14:12:04 [Geode]: Check if text-color is saved
14:12:04 [Geode]: Check covered
14:12:04 [Geode]: Check covered
14:12:04 [Geode]: Check covered
14:12:04 [Geode]: Check if ShowOnStartup is saved
14:12:04 [Geode]: Check if isDebugOn is saved
14:12:04 [Geode]: Check if FontSize is saved
14:12:04 [Geode]: Check covered
14:12:04 [Geode]: Check if fix-green-users is saved
14:12:04 [Geode]: Check if show-comment-ids is saved
14:12:04 [Geode]: Check if white-id is saved
14:12:04 [Geode]: Check if level-info is saved
14:12:04 [Geode]: Check if alt-button is saved
14:12:04 [Geode]: Check if auto-submit is saved
14:12:04 [Geode]: Check covered
14:12:04 [Geode]: Check covered
14:12:04 [Geode]: Check covered
14:12:04 [Geode]: Check if enabled is saved
14:12:04 [Geode]: Check if fps-value is saved
14:12:04 [Geode]: Check if fps-label is saved
14:12:04 [Geode]: Check covered
14:12:04 [Geode]: Check covered
14:12:04 [Geode]: Check covered
14:12:04 [Geode]: Check covered
14:12:04 [Geode]: Check covered
14:12:04 [Geode]: Check covered
14:12:04 [Geode]: Check if auto-check-updates is saved
14:12:04 [Geode]: Check if show-platform-console is saved
14:12:04 [Geode]: Check if disable-last-crashed-popup is saved
14:12:04 [Geode]: Check if auto-update-mods is saved
14:12:04 [Geode]: Saved
14:12:04 [Editor Collab]: Run thread joined
14:12:04 [Editor Collab]: Heartbeat thread joined
14:12:04 [Editor Collab]: Reconnect thread joined
