20:41:43 INFO  [Main] [Geode]: Running Geode v2.0.0-beta.19 in Geometry Dash v2.204
20:41:43 INFO  [Main] [Geode]: Setting up internal mod
20:41:43 INFO  [Main] [Geode]: Setting up loader
20:41:43 DEBUG [Main] [Geode]:   Loading launch arguments
20:41:43 DEBUG [Main] [Geode]:   Setting up crash handler
20:41:43 DEBUG [Main] [Geode]:   Loading hooks
20:41:43 DEBUG [Main] [Geode]:     Enabled cocos2d::CCFileUtils::fullPathForFilename hook at 0x6d650f40 for geode.loader
20:41:43 DEBUG [Main] [Geode]:     Enabled cocos2d::CCFileUtils::sharedFileUtils hook at 0x6d659770 for geode.loader
20:41:43 DEBUG [Main] [Geode]:     Enabled cocos2d::CCNode::getUserObject hook at 0x6d6a31f0 for geode.loader
20:41:43 DEBUG [Main] [Geode]:     Enabled cocos2d::CCNode::setUserObject hook at 0x6d5f15a0 for geode.loader
20:41:43 DEBUG [Main] [Geode]:     Enabled LoadingLayer::init hook at 0xa56370 for geode.loader
20:41:43 DEBUG [Main] [Geode]:     Enabled LoadingLayer::loadAssets hook at 0xa56bd0 for geode.loader
20:41:43 DEBUG [Main] [Geode]:     Enabled MenuLayer::init hook at 0xa5b450 for geode.loader
20:41:43 DEBUG [Main] [Geode]:     Enabled ProfilePage::getUserInfoFinished hook at 0xad1db0 for geode.loader
20:41:43 DEBUG [Main] [Geode]:     Enabled AchievementNotifier::willSwitchToScene hook at 0x7fc200 for geode.loader
20:41:43 DEBUG [Main] [Geode]:     Enabled AppDelegate::trySaveGame hook at 0x83b790 for geode.loader
20:41:43 DEBUG [Main] [Geode]:     Enabled cocos2d::CCScheduler::update hook at 0x6d696db0 for geode.loader
20:41:43 DEBUG [Main] [Geode]:     Enabled CCTextInputNode::ccTouchBegan hook at 0x8104f0 for geode.loader
20:41:43 DEBUG [Main] [Geode]:     Enabled LoadingLayer::loadAssets hook at 0xa56bd0 for geode.loader
20:41:43 DEBUG [Main] [Geode]:   Setting up directories
20:41:43 INFO  [Main] [Geode]:   Refreshing mod graph
20:41:43 DEBUG [Main] [Geode]:     Queueing mods
20:41:43 DEBUG [Main] [Geode]:       Searching C:\Program Files (x86)\Steam\steamapps\common\Geometry Dash\geode\mods
20:41:43 DEBUG [Main] [Geode]:         Found abb2k.backup.geode
20:41:43 DEBUG [Main] [Geode]:           id: abb2k.backup
20:41:43 DEBUG [Main] [Geode]:           version: v1.0.4
20:41:43 DEBUG [Main] [Geode]:           early: no
20:41:43 DEBUG [Main] [Geode]:         Found absolllute.megahack.geode
20:41:43 DEBUG [Main] [Geode]:           id: absolllute.megahack
20:41:43 DEBUG [Main] [Geode]:           version: v8.0.0-alpha.10
20:41:43 DEBUG [Main] [Geode]:           early: yes
20:41:43 DEBUG [Main] [Geode]:         Found adyagd.godlikefaces.geode
20:41:43 DEBUG [Main] [Geode]:           id: adyagd.godlikefaces
20:41:43 DEBUG [Main] [Geode]:           version: v1.1.1
20:41:43 DEBUG [Main] [Geode]:           early: no
20:41:43 DEBUG [Main] [Geode]:         Found alk.editorcollab.geode
20:41:43 ERROR [Main] [Geode]:           Failed to queue: "C:\Program Files (x86)\Steam\steamapps\common\Geometry Dash\geode\mods\alk.editorcollab.geode" - [mod.json] is missing target GD version
20:41:43 DEBUG [Main] [Geode]:         Found alk.fps-shower.geode
20:41:43 ERROR [Main] [Geode]:           Failed to queue: "C:\Program Files (x86)\Steam\steamapps\common\Geometry Dash\geode\mods\alk.fps-shower.geode" - [mod.json] is missing target GD version
20:41:43 DEBUG [Main] [Geode]:         Found alphalaneous.integratedloquibot.geode
20:41:43 DEBUG [Main] [Geode]:           id: alphalaneous.integratedloquibot
20:41:43 DEBUG [Main] [Geode]:           version: v1.3.4
20:41:43 DEBUG [Main] [Geode]:           early: no
20:41:43 DEBUG [Main] [Geode]:         Found alphalaneous.projectedstars.geode
20:41:43 DEBUG [Main] [Geode]:           id: alphalaneous.projectedstars
20:41:43 DEBUG [Main] [Geode]:           version: v1.1.2
20:41:43 DEBUG [Main] [Geode]:           early: no
20:41:43 DEBUG [Main] [Geode]:         Found beat.click-sound.geode
20:41:43 DEBUG [Main] [Geode]:           id: beat.click-sound
20:41:43 DEBUG [Main] [Geode]:           version: v1.4.1
20:41:43 DEBUG [Main] [Geode]:           early: no
20:41:43 DEBUG [Main] [Geode]:         Found bitz.customprofiles.geode
20:41:43 DEBUG [Main] [Geode]:           id: bitz.customprofiles
20:41:43 DEBUG [Main] [Geode]:           version: v1.0.5
20:41:43 DEBUG [Main] [Geode]:           early: no
20:41:43 DEBUG [Main] [Geode]:         Found camila314.acbypass.geode
20:41:43 ERROR [Main] [Geode]:           Failed to queue: "C:\Program Files (x86)\Steam\steamapps\common\Geometry Dash\geode\mods\camila314.acbypass.geode" - [mod.json] is missing target GD version
20:41:43 DEBUG [Main] [Geode]:         Found camila314.demonlist-button.geode
20:41:43 ERROR [Main] [Geode]:           Failed to queue: "C:\Program Files (x86)\Steam\steamapps\common\Geometry Dash\geode\mods\camila314.demonlist-button.geode" - [mod.json] is missing target GD version
20:41:43 DEBUG [Main] [Geode]:         Found camila314.noclip.geode
20:41:43 ERROR [Main] [Geode]:           Failed to queue: "C:\Program Files (x86)\Steam\steamapps\common\Geometry Dash\geode\mods\camila314.noclip.geode" - [mod.json] is missing target GD version
20:41:43 DEBUG [Main] [Geode]:         Found capeling.icon_profile_2.2.geode
20:41:43 DEBUG [Main] [Geode]:           id: capeling.icon_profile_2.2
20:41:43 DEBUG [Main] [Geode]:           version: v1.1.4
20:41:43 DEBUG [Main] [Geode]:           early: no
20:41:43 DEBUG [Main] [Geode]:         Found chs.confirmquit.geode
20:41:44 ERROR [Main] [Geode]:           Failed to queue: "C:\Program Files (x86)\Steam\steamapps\common\Geometry Dash\geode\mods\chs.confirmquit.geode" - [mod.json] is missing target GD version
20:41:44 DEBUG [Main] [Geode]:         Found coderqc.gdswearfilter.geode
20:41:44 DEBUG [Main] [Geode]:           id: coderqc.gdswearfilter
20:41:44 DEBUG [Main] [Geode]:           version: v1.0.1
20:41:44 DEBUG [Main] [Geode]:           early: no
20:41:44 DEBUG [Main] [Geode]:         Found colon.gold_user_coins.geode
20:41:44 DEBUG [Main] [Geode]:           id: colon.gold_user_coins
20:41:44 DEBUG [Main] [Geode]:           version: v1.0.1
20:41:44 DEBUG [Main] [Geode]:           early: no
20:41:44 DEBUG [Main] [Geode]:         Found coopeeo.customname.geode
20:41:44 DEBUG [Main] [Geode]:           id: coopeeo.customname
20:41:44 DEBUG [Main] [Geode]:           version: v1.2.2
20:41:44 DEBUG [Main] [Geode]:           early: no
20:41:44 DEBUG [Main] [Geode]:         Found cvolton.betterinfo.geode
20:41:44 DEBUG [Main] [Geode]:           id: cvolton.betterinfo
20:41:44 DEBUG [Main] [Geode]:           version: v4.0.0-alpha.13
20:41:44 DEBUG [Main] [Geode]:           early: no
20:41:44 DEBUG [Main] [Geode]:         Found cvolton.capacity_fix.geode
20:41:44 ERROR [Main] [Geode]:           Failed to queue: "C:\Program Files (x86)\Steam\steamapps\common\Geometry Dash\geode\mods\cvolton.capacity_fix.geode" - [mod.json] is missing target GD version
20:41:44 DEBUG [Main] [Geode]:         Found dankmeme.globed2.geode
20:41:44 DEBUG [Main] [Geode]:           id: dankmeme.globed2
20:41:44 DEBUG [Main] [Geode]:           version: v1.0.5
20:41:44 DEBUG [Main] [Geode]:           early: no
20:41:44 DEBUG [Main] [Geode]:         Found elnexreal.copy_song_id.geode
20:41:44 DEBUG [Main] [Geode]:           id: elnexreal.copy_song_id
20:41:44 DEBUG [Main] [Geode]:           version: v1.2.2
20:41:44 DEBUG [Main] [Geode]:           early: no
20:41:44 DEBUG [Main] [Geode]:         Found elohmrow.death_tracker.geode
20:41:44 DEBUG [Main] [Geode]:           id: elohmrow.death_tracker
20:41:44 DEBUG [Main] [Geode]:           version: v1.4.3
20:41:44 DEBUG [Main] [Geode]:           early: no
20:41:44 DEBUG [Main] [Geode]:         Found fleym.nongd.geode
20:41:44 ERROR [Main] [Geode]:           Failed to queue: "C:\Program Files (x86)\Steam\steamapps\common\Geometry Dash\geode\mods\fleym.nongd.geode" - [mod.json] is missing target GD version
20:41:44 DEBUG [Main] [Geode]:         Found gdutilsdevs.gdutils.geode
20:41:44 DEBUG [Main] [Geode]:           id: gdutilsdevs.gdutils
20:41:44 DEBUG [Main] [Geode]:           version: v1.2.14
20:41:44 DEBUG [Main] [Geode]:           early: no
20:41:44 DEBUG [Main] [Geode]:         Found geode.custom-keybinds.geode
20:41:44 DEBUG [Main] [Geode]:           id: geode.custom-keybinds
20:41:44 DEBUG [Main] [Geode]:           version: v1.4.0
20:41:44 DEBUG [Main] [Geode]:           early: no
20:41:44 DEBUG [Main] [Geode]:         Found geode.node-ids.geode
20:41:44 DEBUG [Main] [Geode]:           id: geode.node-ids
20:41:44 DEBUG [Main] [Geode]:           version: v1.3.0
20:41:44 DEBUG [Main] [Geode]:           early: no
20:41:44 DEBUG [Main] [Geode]:         Found hjfod.betteredit.geode
20:41:44 WARN  [Main] [Geode]:           settings.mouse-move-on-zoom contains unknown key "platforms"
20:41:44 DEBUG [Main] [Geode]:           id: hjfod.betteredit
20:41:44 DEBUG [Main] [Geode]:           version: v6.0.0
20:41:44 DEBUG [Main] [Geode]:           early: no
20:41:44 DEBUG [Main] [Geode]:         Found hjfod.custom-keybinds.geode
20:41:44 ERROR [Main] [Geode]:           Failed to queue: "C:\Program Files (x86)\Steam\steamapps\common\Geometry Dash\geode\mods\hjfod.custom-keybinds.geode" - [mod.json] is missing target GD version
20:41:44 DEBUG [Main] [Geode]:         Found hjfod.gdshare.geode
20:41:44 DEBUG [Main] [Geode]:           id: hjfod.gdshare
20:41:44 DEBUG [Main] [Geode]:           version: v1.0.4
20:41:44 DEBUG [Main] [Geode]:           early: no
20:41:44 DEBUG [Main] [Geode]:         Found hjfod.gmd-api.geode
20:41:44 DEBUG [Main] [Geode]:           id: hjfod.gmd-api
20:41:44 DEBUG [Main] [Geode]:           version: v1.0.1
20:41:44 DEBUG [Main] [Geode]:           early: no
20:41:44 DEBUG [Main] [Geode]:         Found mat.fps-bypass.geode
20:41:44 ERROR [Main] [Geode]:           Failed to queue: "C:\Program Files (x86)\Steam\steamapps\common\Geometry Dash\geode\mods\mat.fps-bypass.geode" - [mod.json] is missing target GD version
20:41:44 DEBUG [Main] [Geode]:         Found mat.practice-music.geode
20:41:44 ERROR [Main] [Geode]:           Failed to queue: "C:\Program Files (x86)\Steam\steamapps\common\Geometry Dash\geode\mods\mat.practice-music.geode" - [mod.json] is missing target GD version
20:41:44 DEBUG [Main] [Geode]:         Found mat.run-info.geode
20:41:44 DEBUG [Main] [Geode]:           id: mat.run-info
20:41:44 DEBUG [Main] [Geode]:           version: v1.0.2
20:41:44 DEBUG [Main] [Geode]:           early: no
20:41:44 DEBUG [Main] [Geode]:         Found mat.scroll-zoom.geode
20:41:44 ERROR [Main] [Geode]:           Failed to queue: "C:\Program Files (x86)\Steam\steamapps\common\Geometry Dash\geode\mods\mat.scroll-zoom.geode" - [mod.json] is missing target GD version
20:41:44 DEBUG [Main] [Geode]:         Found muhammadgames.bettermenu.geode
20:41:44 DEBUG [Main] [Geode]:           id: muhammadgames.bettermenu
20:41:44 DEBUG [Main] [Geode]:           version: v1.0.4-beta.12
20:41:44 DEBUG [Main] [Geode]:           early: no
20:41:44 DEBUG [Main] [Geode]:         Found redlime.statchanges.geode
20:41:44 DEBUG [Main] [Geode]:           id: redlime.statchanges
20:41:44 DEBUG [Main] [Geode]:           version: v1.1.0
20:41:44 DEBUG [Main] [Geode]:           early: no
20:41:44 DEBUG [Main] [Geode]:         Found rlt.gd-platformer.geode
20:41:44 ERROR [Main] [Geode]:           Failed to queue: "C:\Program Files (x86)\Steam\steamapps\common\Geometry Dash\geode\mods\rlt.gd-platformer.geode" - [mod.json] is missing target GD version
20:41:44 DEBUG [Main] [Geode]:         Found ruslan.apm.geode
20:41:44 ERROR [Main] [Geode]:           Failed to queue: "C:\Program Files (x86)\Steam\steamapps\common\Geometry Dash\geode\mods\ruslan.apm.geode" - [mod.json] is missing target GD version
20:41:44 DEBUG [Main] [Geode]:         Found ruslan.nm.geode
20:41:44 ERROR [Main] [Geode]:           Failed to queue: "C:\Program Files (x86)\Steam\steamapps\common\Geometry Dash\geode\mods\ruslan.nm.geode" - [mod.json] is missing target GD version
20:41:44 DEBUG [Main] [Geode]:         Found thesillydoggo.animatedprofiles.geode
20:41:44 DEBUG [Main] [Geode]:           id: thesillydoggo.animatedprofiles
20:41:44 DEBUG [Main] [Geode]:           version: v1.0.1
20:41:44 DEBUG [Main] [Geode]:           early: no
20:41:44 DEBUG [Main] [Geode]:         Found thesillydoggo.better_startpos_menu.geode
20:41:44 DEBUG [Main] [Geode]:           id: thesillydoggo.better_startpos_menu
20:41:44 DEBUG [Main] [Geode]:           version: v1.1.0
20:41:44 DEBUG [Main] [Geode]:           early: no
20:41:44 DEBUG [Main] [Geode]:         Found thesillydoggo.entersearch.geode
20:41:44 DEBUG [Main] [Geode]:           id: thesillydoggo.entersearch
20:41:44 DEBUG [Main] [Geode]:           version: v1.0.0
20:41:44 DEBUG [Main] [Geode]:           early: no
20:41:44 DEBUG [Main] [Geode]:         Found TheSillyDoggo.GradientPages.geode
20:41:44 DEBUG [Main] [Geode]:           id: TheSillyDoggo.GradientPages
20:41:44 DEBUG [Main] [Geode]:           version: v2.1.0
20:41:44 DEBUG [Main] [Geode]:           early: no
20:41:44 DEBUG [Main] [Geode]:         Found tpdea.betterpause-Better.geode
20:41:44 DEBUG [Main] [Geode]:           id: tpdea.betterpause-Better
20:41:44 DEBUG [Main] [Geode]:           version: v1.5.5
20:41:44 DEBUG [Main] [Geode]:           early: no
20:41:44 DEBUG [Main] [Geode]:         Found xanii.youtubers.geode
20:41:44 DEBUG [Main] [Geode]:           id: xanii.youtubers
20:41:44 DEBUG [Main] [Geode]:           version: v1.0.0
20:41:44 DEBUG [Main] [Geode]:           early: no
20:41:44 DEBUG [Main] [Geode]:     Populating mod list
20:41:44 DEBUG [Main] [Geode]:       abb2k.backup v1.0.4
20:41:44 DEBUG [Main] [Geode]:       absolllute.megahack v8.0.0-alpha.10
20:41:44 DEBUG [Main] [Geode]:       adyagd.godlikefaces v1.1.1
20:41:44 DEBUG [Main] [Geode]:       alphalaneous.integratedloquibot v1.3.4
20:41:44 DEBUG [Main] [Geode]:       alphalaneous.projectedstars v1.1.2
20:41:44 DEBUG [Main] [Geode]:       beat.click-sound v1.4.1
20:41:44 DEBUG [Main] [Geode]:       bitz.customprofiles v1.0.5
20:41:44 DEBUG [Main] [Geode]:       capeling.icon_profile_2.2 v1.1.4
20:41:44 DEBUG [Main] [Geode]:       coderqc.gdswearfilter v1.0.1
20:41:44 DEBUG [Main] [Geode]:       colon.gold_user_coins v1.0.1
20:41:44 DEBUG [Main] [Geode]:       coopeeo.customname v1.2.2
20:41:44 DEBUG [Main] [Geode]:       cvolton.betterinfo v4.0.0-alpha.13
20:41:44 DEBUG [Main] [Geode]:       dankmeme.globed2 v1.0.5
20:41:44 DEBUG [Main] [Geode]:       elnexreal.copy_song_id v1.2.2
20:41:44 DEBUG [Main] [Geode]:       elohmrow.death_tracker v1.4.3
20:41:45 DEBUG [Main] [Geode]:       gdutilsdevs.gdutils v1.2.14
20:41:45 WARN  [Main] [GDUtils]:       Encountered unknown setting "spotify-section" while loading settings
20:41:45 WARN  [Main] [GDUtils]:       Encountered unknown setting "misc-section" while loading settings
20:41:45 WARN  [Main] [GDUtils]:       Encountered unknown setting "spotifyApp" while loading settings
20:41:45 WARN  [Main] [GDUtils]:       Encountered unknown setting "test-notification" while loading settings
20:41:45 WARN  [Main] [GDUtils]:       Encountered unknown setting "notificationPlacement" while loading settings
20:41:45 WARN  [Main] [GDUtils]:       Encountered unknown setting "notification-section" while loading settings
20:41:45 WARN  [Main] [GDUtils]:       Encountered unknown setting "notification-placement-section" while loading settings
20:41:45 WARN  [Main] [GDUtils]:       Encountered unknown setting "notification-appearance-section" while loading settings
20:41:45 WARN  [Main] [GDUtils]:       Encountered unknown setting "credits-section" while loading settings
20:41:45 WARN  [Main] [GDUtils]:       Encountered unknown setting "credit-buttons" while loading settings
20:41:45 DEBUG [Main] [Geode]:       geode.custom-keybinds v1.4.0
20:41:45 DEBUG [Main] [Geode]:       geode.node-ids v1.3.0
20:41:45 DEBUG [Main] [Geode]:       hjfod.betteredit v6.0.0
20:41:45 DEBUG [Main] [Geode]:       hjfod.gdshare v1.0.4
20:41:45 DEBUG [Main] [Geode]:       hjfod.gmd-api v1.0.1
20:41:45 DEBUG [Main] [Geode]:       mat.run-info v1.0.2
20:41:45 DEBUG [Main] [Geode]:       muhammadgames.bettermenu v1.0.4-beta.12
20:41:45 DEBUG [Main] [Geode]:       redlime.statchanges v1.1.0
20:41:45 DEBUG [Main] [Geode]:       thesillydoggo.animatedprofiles v1.0.1
20:41:45 DEBUG [Main] [Geode]:       thesillydoggo.better_startpos_menu v1.1.0
20:41:45 DEBUG [Main] [Geode]:       thesillydoggo.entersearch v1.0.0
20:41:45 DEBUG [Main] [Geode]:       TheSillyDoggo.GradientPages v2.1.0
20:41:45 DEBUG [Main] [Geode]:       tpdea.betterpause-Better v1.5.5
20:41:45 DEBUG [Main] [Geode]:       xanii.youtubers v1.0.0
20:41:45 DEBUG [Main] [Geode]:     Building mod graph
20:41:45 DEBUG [Main] [Geode]:       geode.loader
20:41:45 DEBUG [Main] [Geode]:       beat.click-sound
20:41:45 DEBUG [Main] [Geode]:         geode.loader
20:41:45 DEBUG [Main] [Geode]:         geode.node-ids
20:41:45 DEBUG [Main] [Geode]:       mat.run-info
20:41:45 DEBUG [Main] [Geode]:         geode.loader
20:41:45 DEBUG [Main] [Geode]:       alphalaneous.projectedstars
20:41:45 DEBUG [Main] [Geode]:         geode.loader
20:41:45 DEBUG [Main] [Geode]:         geode.node-ids
20:41:45 DEBUG [Main] [Geode]:       elohmrow.death_tracker
20:41:45 DEBUG [Main] [Geode]:         geode.loader
20:41:45 DEBUG [Main] [Geode]:       absolllute.megahack
20:41:45 DEBUG [Main] [Geode]:         geode.loader
20:41:45 DEBUG [Main] [Geode]:       abb2k.backup
20:41:45 DEBUG [Main] [Geode]:         geode.loader
20:41:45 DEBUG [Main] [Geode]:       adyagd.godlikefaces
20:41:45 DEBUG [Main] [Geode]:         geode.loader
20:41:45 DEBUG [Main] [Geode]:       alphalaneous.integratedloquibot
20:41:45 DEBUG [Main] [Geode]:         geode.loader
20:41:45 DEBUG [Main] [Geode]:         geode.node-ids
20:41:45 DEBUG [Main] [Geode]:       bitz.customprofiles
20:41:45 DEBUG [Main] [Geode]:         geode.loader
20:41:45 DEBUG [Main] [Geode]:         geode.node-ids
20:41:45 DEBUG [Main] [Geode]:       capeling.icon_profile_2.2
20:41:45 DEBUG [Main] [Geode]:         geode.loader
20:41:45 DEBUG [Main] [Geode]:       coderqc.gdswearfilter
20:41:45 DEBUG [Main] [Geode]:         geode.loader
20:41:45 DEBUG [Main] [Geode]:       colon.gold_user_coins
20:41:45 DEBUG [Main] [Geode]:         geode.loader
20:41:45 DEBUG [Main] [Geode]:       coopeeo.customname
20:41:45 DEBUG [Main] [Geode]:         geode.loader
20:41:45 DEBUG [Main] [Geode]:         geode.node-ids
20:41:45 DEBUG [Main] [Geode]:       cvolton.betterinfo
20:41:45 DEBUG [Main] [Geode]:         geode.loader
20:41:45 DEBUG [Main] [Geode]:         geode.node-ids
20:41:45 DEBUG [Main] [Geode]:       tpdea.betterpause-Better
20:41:45 DEBUG [Main] [Geode]:         geode.loader
20:41:45 DEBUG [Main] [Geode]:         geode.node-ids
20:41:45 DEBUG [Main] [Geode]:       dankmeme.globed2
20:41:45 DEBUG [Main] [Geode]:         geode.loader
20:41:45 DEBUG [Main] [Geode]:         geode.custom-keybinds
20:41:45 DEBUG [Main] [Geode]:       elnexreal.copy_song_id
20:41:45 DEBUG [Main] [Geode]:         geode.loader
20:41:45 DEBUG [Main] [Geode]:       gdutilsdevs.gdutils
20:41:45 DEBUG [Main] [Geode]:         geode.loader
20:41:45 DEBUG [Main] [Geode]:       thesillydoggo.better_startpos_menu
20:41:45 DEBUG [Main] [Geode]:         geode.loader
20:41:45 DEBUG [Main] [Geode]:       geode.custom-keybinds
20:41:45 DEBUG [Main] [Geode]:         geode.loader
20:41:45 DEBUG [Main] [Geode]:       geode.node-ids
20:41:45 DEBUG [Main] [Geode]:         geode.loader
20:41:45 DEBUG [Main] [Geode]:       hjfod.betteredit
20:41:45 DEBUG [Main] [Geode]:         geode.loader
20:41:45 DEBUG [Main] [Geode]:         geode.node-ids
20:41:45 DEBUG [Main] [Geode]:         geode.custom-keybinds
20:41:45 DEBUG [Main] [Geode]:       hjfod.gdshare
20:41:45 DEBUG [Main] [Geode]:         geode.loader
20:41:45 DEBUG [Main] [Geode]:         hjfod.gmd-api
20:41:45 DEBUG [Main] [Geode]:         geode.node-ids
20:41:45 DEBUG [Main] [Geode]:       hjfod.gmd-api
20:41:45 DEBUG [Main] [Geode]:         geode.loader
20:41:45 DEBUG [Main] [Geode]:       muhammadgames.bettermenu
20:41:45 DEBUG [Main] [Geode]:         geode.loader
20:41:45 DEBUG [Main] [Geode]:       redlime.statchanges
20:41:45 DEBUG [Main] [Geode]:         geode.loader
20:41:45 DEBUG [Main] [Geode]:         geode.node-ids
20:41:45 DEBUG [Main] [Geode]:       thesillydoggo.animatedprofiles
20:41:45 DEBUG [Main] [Geode]:         geode.loader
20:41:45 DEBUG [Main] [Geode]:         geode.node-ids
20:41:45 DEBUG [Main] [Geode]:       thesillydoggo.entersearch
20:41:45 DEBUG [Main] [Geode]:         geode.loader
20:41:45 DEBUG [Main] [Geode]:       TheSillyDoggo.GradientPages
20:41:45 DEBUG [Main] [Geode]:         geode.loader
20:41:45 DEBUG [Main] [Geode]:       xanii.youtubers
20:41:45 DEBUG [Main] [Geode]:         geode.loader
20:41:45 DEBUG [Main] [Geode]:     Loading early mods
20:41:45 DEBUG [Main] [Geode]:       absolllute.megahack v8.0.0-alpha.10
20:41:45 DEBUG [Main] [Geode]:         Unzip
20:41:45 DEBUG [Main] [Geode]:         Same hash detected, skipping unzip
20:41:45 DEBUG [Main] [Geode]:         Load
20:41:45 DEBUG [Main] [Geode]:         Loading binary for mod absolllute.megahack
20:41:54 INFO  [Main] [Geode]:     Took 11.267s. Continuing next frame...
20:41:54 DEBUG [Main] [Geode]: Setting up IPC
20:41:54 DEBUG [Main] [Geode]:   IPC set up
20:41:54 INFO  [Main] [Geode]: Starting loader update check
20:41:54 INFO  [Main] [Geode]: Entry took 11.404s
20:42:02 INFO  [Main] [Geode]: Continuing mod graph refresh...
20:42:02 DEBUG [Main] [Geode]:   Loading mods
20:42:02 DEBUG [Main] [Geode]:     beat.click-sound v1.4.1 has unresolved dependencies
20:42:04 DEBUG [Main] [Geode]: Enabled GameManager::isIconUnlocked hook at 0x901f90 for absolllute.megahack
20:42:04 DEBUG [Main] [Geode]: Enabled GameManager::isColorUnlocked hook at 0x902490 for absolllute.megahack
20:42:04 DEBUG [Main] [Geode]: Enabled GameManager::setGameVariable hook at 0x9084e0 for absolllute.megahack
20:42:04 DEBUG [Main] [Geode]: Enabled GameManager::getGameVariable hook at 0x908730 for absolllute.megahack
20:42:04 DEBUG [Main] [Geode]: Enabled MenuLayer::init hook at 0xa5b450 for absolllute.megahack
20:42:04 INFO  [Main] [Geode]: Continuing mod graph refresh...
20:42:04 DEBUG [Main] [Geode]:   Loading mods
20:42:04 DEBUG [Main] [Geode]:     mat.run-info v1.0.2
20:42:04 DEBUG [Mod Unzip] [Geode]:  Unzip
20:42:04 DEBUG [Mod Unzip] [Geode]:  Same hash detected, skipping unzip
20:42:06 DEBUG [Main] [Geode]:       Load
20:42:06 DEBUG [Main] [Geode]:       Loading binary for mod mat.run-info
20:42:06 DEBUG [Main] [Geode]:       Enabled PlayLayer::init hook at 0xabc4a0 for mat.run-info
20:42:06 DEBUG [Main] [Geode]:       Enabled PlayLayer::resetLevel hook at 0xaca130 for mat.run-info
20:42:06 DEBUG [Main] [Geode]:       Enabled PlayLayer::togglePracticeMode hook at 0xacad30 for mat.run-info
20:42:06 INFO  [Main] [Geode]: Took 1.602s
20:42:06 INFO  [Main] [Geode]: Continuing mod graph refresh...
20:42:06 DEBUG [Main] [Geode]:   Loading mods
20:42:06 DEBUG [Main] [Geode]:     alphalaneous.projectedstars v1.1.2 has unresolved dependencies
20:42:06 INFO  [Main] [Geode]: Took 0.016s
20:42:06 INFO  [Main] [Geode]: Continuing mod graph refresh...
20:42:06 DEBUG [Main] [Geode]:   Loading mods
20:42:06 DEBUG [Main] [Geode]:     elohmrow.death_tracker v1.4.3
20:42:06 DEBUG [Mod Unzip] [Geode]:  Unzip
20:42:06 DEBUG [Mod Unzip] [Geode]:  Same hash detected, skipping unzip
20:42:06 DEBUG [Main] [Geode]:       Load
20:42:06 DEBUG [Main] [Geode]:       Loading binary for mod elohmrow.death_tracker
20:42:06 DEBUG [Main] [Geode]:       Enabled GJBaseGameLayer::setStartPosObject hook at 0x979e90 for elohmrow.death_tracker
20:42:06 DEBUG [Main] [Geode]:       Enabled PlayLayer::checkpointActivated hook at 0xac76c0 for elohmrow.death_tracker
20:42:06 DEBUG [Main] [Geode]:       Enabled PlayLayer::onQuit hook at 0xacb480 for elohmrow.death_tracker
20:42:06 DEBUG [Main] [Geode]:       Enabled PlayLayer::resetLevelFromStart hook at 0xaca090 for elohmrow.death_tracker
20:42:06 DEBUG [Main] [Geode]:       Enabled PlayerObject::playerDestroyed hook at 0xab1b30 for elohmrow.death_tracker
20:42:06 DEBUG [Main] [Geode]:       Enabled LevelInfoLayer::onLevelInfo hook at 0xa36a70 for elohmrow.death_tracker
20:42:06 DEBUG [Main] [Geode]:       Enabled EditLevelLayer::onLevelInfo hook at 0x87db40 for elohmrow.death_tracker
20:42:06 DEBUG [Main] [Geode]:       Enabled LevelPage::onInfo hook at 0xa4c400 for elohmrow.death_tracker
20:42:06 DEBUG [Main] [Geode]:       Enabled cocos2d::CCLayerColor::initWithColor hook at 0x6d634c70 for elohmrow.death_tracker
20:42:06 DEBUG [Main] [Geode]:       Enabled FLAlertLayer::init hook at 0x810f60 for elohmrow.death_tracker
20:42:06 DEBUG [Main] [Geode]:       Enabled FLAlertLayer::keyBackClicked hook at 0x811a10 for elohmrow.death_tracker
20:42:06 DEBUG [Main] [Geode]:       Enabled FLAlertLayer::onBtn1 hook at 0x811ab0 for elohmrow.death_tracker
20:42:06 DEBUG [Main] [Geode]:       Enabled FLAlertLayer::show hook at 0x811cd0 for elohmrow.death_tracker
20:42:06 INFO  [Main] [Geode]: Took 0.16s
20:42:06 INFO  [Main] [Geode]: Continuing mod graph refresh...
20:42:06 DEBUG [Main] [Geode]:   Loading mods
20:42:06 DEBUG [Main] [Geode]:     abb2k.backup v1.0.4
20:42:06 DEBUG [Mod Unzip] [Geode]:  Unzip
20:42:06 DEBUG [Mod Unzip] [Geode]:  Same hash detected, skipping unzip
20:42:06 DEBUG [Main] [Geode]:       Load
20:42:06 DEBUG [Main] [Geode]:       Loading binary for mod abb2k.backup
20:42:06 DEBUG [Main] [Geode]:       Enabled MenuLayer::init hook at 0xa5b450 for abb2k.backup
20:42:06 DEBUG [Main] [Geode]:       Enabled OptionsLayer::customSetup hook at 0xa902d0 for abb2k.backup
20:42:06 DEBUG [Main] [Geode]:       Enabled GameManager::doQuickSave hook at 0x90de10 for abb2k.backup
20:42:06 INFO  [Main] [Geode]: Took 0.195s
20:42:06 INFO  [Main] [Geode]: Continuing mod graph refresh...
20:42:06 DEBUG [Main] [Geode]:   Loading mods
20:42:06 DEBUG [Main] [Geode]:     adyagd.godlikefaces v1.1.1
20:42:06 DEBUG [Mod Unzip] [Geode]:  Unzip
20:42:06 DEBUG [Mod Unzip] [Geode]:  Same hash detected, skipping unzip
20:42:06 DEBUG [Main] [Geode]:       Load
20:42:06 DEBUG [Main] [Geode]:       Loading binary for mod adyagd.godlikefaces
20:42:06 DEBUG [Main] [Geode]:       Enabled GJDifficultySprite::create hook at 0x9f6be0 for adyagd.godlikefaces
20:42:06 DEBUG [Main] [Geode]:       Enabled GJDifficultySprite::updateDifficultyFrame hook at 0x9f6e30 for adyagd.godlikefaces
20:42:06 DEBUG [Main] [Geode]:       Enabled GJDifficultySprite::updateFeatureState hook at 0x9f6ff0 for adyagd.godlikefaces
20:42:06 DEBUG [Main] [Geode]:       Enabled RateStarsLayer::init hook at 0xad4920 for adyagd.godlikefaces
20:42:06 DEBUG [Main] [Geode]:       Enabled RateStarsLayer::onFeature hook at 0xad4f90 for adyagd.godlikefaces
20:42:06 DEBUG [Main] [Geode]:       Enabled RateStarsLayer::selectRating hook at 0xad5070 for adyagd.godlikefaces
20:42:06 INFO  [Main] [Geode]: Took 0.265s
20:42:06 INFO  [Main] [Geode]: Continuing mod graph refresh...
20:42:06 DEBUG [Main] [Geode]:   Loading mods
20:42:06 DEBUG [Main] [Geode]:     alphalaneous.integratedloquibot v1.3.4 has unresolved dependencies
20:42:06 INFO  [Main] [Geode]: Took 0.016s
20:42:06 INFO  [Main] [Geode]: Continuing mod graph refresh...
20:42:06 DEBUG [Main] [Geode]:   Loading mods
20:42:06 DEBUG [Main] [Geode]:     bitz.customprofiles v1.0.5 has unresolved dependencies
20:42:06 INFO  [Main] [Geode]: Took 0.016s
20:42:06 INFO  [Main] [Geode]: Continuing mod graph refresh...
20:42:06 DEBUG [Main] [Geode]:   Loading mods
20:42:06 DEBUG [Main] [Geode]:     capeling.icon_profile_2.2 v1.1.4
20:42:06 DEBUG [Mod Unzip] [Geode]:  Unzip
20:42:06 DEBUG [Mod Unzip] [Geode]:  Same hash detected, skipping unzip
20:42:06 DEBUG [Main] [Geode]:       Load
20:42:06 DEBUG [Main] [Geode]:       Loading binary for mod capeling.icon_profile_2.2
20:42:06 DEBUG [Main] [Geode]:       Enabled MenuLayer::init hook at 0xa5b450 for capeling.icon_profile_2.2
20:42:07 INFO  [Main] [Geode]: Took 0.12s
20:42:07 INFO  [Main] [Geode]: Continuing mod graph refresh...
20:42:07 DEBUG [Main] [Geode]:   Loading mods
20:42:07 DEBUG [Main] [Geode]:     coderqc.gdswearfilter v1.0.1
20:42:07 DEBUG [Mod Unzip] [Geode]:  Unzip
20:42:07 DEBUG [Mod Unzip] [Geode]:  Same hash detected, skipping unzip
20:42:07 DEBUG [Main] [Geode]:       Load
20:42:07 DEBUG [Main] [Geode]:       Loading binary for mod coderqc.gdswearfilter
20:42:07 DEBUG [Main] [Geode]:       Enabled CommentCell::loadFromComment hook at 0x864490 for coderqc.gdswearfilter
20:42:07 DEBUG [Main] [Geode]:       Enabled InfoLayer::init hook at 0xa08810 for coderqc.gdswearfilter
20:42:07 DEBUG [Main] [Geode]:       Enabled LevelCell::loadFromLevel hook at 0x85d8b0 for coderqc.gdswearfilter
20:42:07 INFO  [Main] [Geode]: Took 0.139s
20:42:07 INFO  [Main] [Geode]: Continuing mod graph refresh...
20:42:07 DEBUG [Main] [Geode]:   Loading mods
20:42:07 DEBUG [Main] [Geode]:     colon.gold_user_coins v1.0.1
20:42:07 DEBUG [Mod Unzip] [Geode]:  Unzip
20:42:07 DEBUG [Mod Unzip] [Geode]:  Same hash detected, skipping unzip
20:42:07 DEBUG [Main] [Geode]:       Load
20:42:07 DEBUG [Main] [Geode]:       Loading binary for mod colon.gold_user_coins
20:42:07 DEBUG [Main] [Geode]:       Enabled MenuLayer::init hook at 0xa5b450 for colon.gold_user_coins
20:42:07 DEBUG [Main] [Geode]:       Enabled cocos2d::CCSprite::setColor hook at 0x6d6678a0 for colon.gold_user_coins
20:42:07 INFO  [Main] [Geode]: Took 0.188s
20:42:07 INFO  [Main] [Geode]: Continuing mod graph refresh...
20:42:07 DEBUG [Main] [Geode]:   Loading mods
20:42:07 DEBUG [Main] [Geode]:     coopeeo.customname v1.2.2 has unresolved dependencies
20:42:07 INFO  [Main] [Geode]: Took 0.016s
20:42:07 INFO  [Main] [Geode]: Continuing mod graph refresh...
20:42:07 DEBUG [Main] [Geode]:   Loading mods
20:42:07 DEBUG [Main] [Geode]:     cvolton.betterinfo v4.0.0-alpha.13 has unresolved dependencies
20:42:07 INFO  [Main] [Geode]: Took 0.016s
20:42:07 INFO  [Main] [Geode]: Continuing mod graph refresh...
20:42:07 DEBUG [Main] [Geode]:   Loading mods
20:42:07 DEBUG [Main] [Geode]:     tpdea.betterpause-Better v1.5.5 has unresolved dependencies
20:42:07 INFO  [Main] [Geode]: Took 0.016s
20:42:07 INFO  [Main] [Geode]: Continuing mod graph refresh...
20:42:07 DEBUG [Main] [Geode]:   Loading mods
20:42:07 DEBUG [Main] [Geode]:     dankmeme.globed2 v1.0.5 has unresolved dependencies
20:42:07 INFO  [Main] [Geode]: Took 0.016s
20:42:07 INFO  [Main] [Geode]: Continuing mod graph refresh...
20:42:07 DEBUG [Main] [Geode]:   Loading mods
20:42:07 DEBUG [Main] [Geode]:     elnexreal.copy_song_id v1.2.2
20:42:07 DEBUG [Mod Unzip] [Geode]:  Unzip
20:42:07 DEBUG [Mod Unzip] [Geode]:  Same hash detected, skipping unzip
20:42:07 DEBUG [Main] [Geode]:       Load
20:42:07 DEBUG [Main] [Geode]:       Loading binary for mod elnexreal.copy_song_id
20:42:07 DEBUG [Main] [Geode]:       Enabled LevelInfoLayer::init hook at 0xa316a0 for elnexreal.copy_song_id
20:42:07 DEBUG [Main] [Geode]:       Enabled LevelInfoLayer::levelDownloadFinished hook at 0xa34f00 for elnexreal.copy_song_id
20:42:07 INFO  [Main] [Geode]: Took 0.107s
20:42:07 INFO  [Main] [Geode]: Continuing mod graph refresh...
20:42:07 DEBUG [Main] [Geode]:   Loading mods
20:42:07 DEBUG [Main] [Geode]:     gdutilsdevs.gdutils v1.2.14
20:42:07 DEBUG [Mod Unzip] [Geode]:  Unzip
20:42:07 DEBUG [Mod Unzip] [Geode]:  Same hash detected, skipping unzip
20:42:07 DEBUG [Main] [Geode]:       Load
20:42:07 DEBUG [Main] [Geode]:       Loading binary for mod gdutilsdevs.gdutils
20:42:07 DEBUG [Main] [Geode]:       Enabled cocos2d::CCScheduler::update hook at 0x6d696db0 for gdutilsdevs.gdutils
20:42:07 DEBUG [Main] [Geode]:       Enabled cocos2d::CCScheduler::update hook at 0x6d696db0 for gdutilsdevs.gdutils
20:42:07 DEBUG [Main] [Geode]:       Enabled PlayLayer::init hook at 0xabc4a0 for gdutilsdevs.gdutils
20:42:07 DEBUG [Main] [Geode]:       Enabled PlayLayer::onQuit hook at 0xacb480 for gdutilsdevs.gdutils
20:42:07 DEBUG [Main] [Geode]:       Enabled EditorUI::onPause hook at 0x886130 for gdutilsdevs.gdutils
20:42:07 DEBUG [Main] [Geode]:       Enabled EditorUI::onPlayback hook at 0x8a9d20 for gdutilsdevs.gdutils
20:42:07 DEBUG [Main] [Geode]:       Enabled EditorUI::onPlaytest hook at 0x8aa090 for gdutilsdevs.gdutils
20:42:07 DEBUG [Main] [Geode]:       Enabled EditorUI::onStopPlaytest hook at 0x8aa200 for gdutilsdevs.gdutils
20:42:07 DEBUG [Main] [Geode]:       Enabled FriendsProfilePage::init hook at 0x8d0a10 for gdutilsdevs.gdutils
20:42:07 DEBUG [Main] [Geode]:       Enabled LeaderboardsLayer::init hook at 0xa0dc60 for gdutilsdevs.gdutils
20:42:07 DEBUG [Main] [Geode]:       Enabled SecretLayer2::init hook at 0xae56d0 for gdutilsdevs.gdutils
20:42:07 DEBUG [Main] [Geode]:       Enabled SecretLayer2::onSubmit hook at 0xae71c0 for gdutilsdevs.gdutils
20:42:07 DEBUG [Main] [Geode]:       Enabled SecretLayer2::updateSearchLabel hook at 0xae84b0 for gdutilsdevs.gdutils
20:42:07 DEBUG [Main] [Geode]:       Enabled LevelInfoLayer::init hook at 0xa316a0 for gdutilsdevs.gdutils
20:42:07 DEBUG [Main] [Geode]:       Enabled InfoLayer::init hook at 0xa08810 for gdutilsdevs.gdutils
20:42:07 DEBUG [Main] [Geode]:       Enabled ProfilePage::loadPageFromUserInfo hook at 0xacdda0 for gdutilsdevs.gdutils
20:42:07 INFO  [Main] [GDUtils]:     GDUtils Mod Loaded
20:42:07 INFO  [Main] [GDUtils]:     Le protocole a été enregistré avec succès pour cet utilisateur.
20:42:07 INFO  [Thread #11396] [GDUtils]: Starting socket...
20:42:07 INFO  [Main] [Geode]: Took 0.152s
20:42:07 INFO  [Main] [Geode]: Continuing mod graph refresh...
20:42:07 DEBUG [Main] [Geode]:   Loading mods
20:42:07 DEBUG [Main] [Geode]:     thesillydoggo.better_startpos_menu v1.1.0
20:42:07 DEBUG [Mod Unzip] [Geode]:  Unzip
20:42:07 DEBUG [Mod Unzip] [Geode]:  Same hash detected, skipping unzip
20:42:07 DEBUG [Main] [Geode]:       Load
20:42:07 DEBUG [Main] [Geode]:       Loading binary for mod thesillydoggo.better_startpos_menu
20:42:07 DEBUG [Main] [Geode]:       Enabled LevelSettingsLayer::init hook at 0xa4ce20 for thesillydoggo.better_startpos_menu
20:42:07 INFO  [Main] [Geode]: Took 0.102s
20:42:07 INFO  [Main] [Geode]: Continuing mod graph refresh...
20:42:07 DEBUG [Main] [Geode]:   Loading mods
20:42:07 DEBUG [Main] [Geode]:     geode.custom-keybinds v1.4.0
20:42:07 DEBUG [Mod Unzip] [Geode]:  Unzip
20:42:07 INFO  [stdout]: [2024-02-19 20:42:07] [connect] Successful connection
20:42:07 DEBUG [Mod Unzip] [Geode]:  Same hash detected, skipping unzip
20:42:07 DEBUG [Main] [Geode]:       Load
20:42:07 DEBUG [Main] [Geode]:       Loading binary for mod geode.custom-keybinds
20:42:07 INFO  [Thread #16764] [GDUtils]: Socket Connection successful!
20:42:07 INFO  [stdout]: [2024-02-19 20:42:07] [connect] WebSocket Connection 62.210.53.67:80 v-2 "WebSocket++/0.8.2" /socket.io/?EIO=4&transport=websocket&t=1708371727 101
20:42:07 INFO  [Thread #11396] [GDUtils]: listening for events
20:42:07 DEBUG [Main] [Geode]:       Enabled EditorPauseLayer::customSetup hook at 0x880730 for geode.custom-keybinds
20:42:07 DEBUG [Main] [Geode]:       Enabled EditorPauseLayer::keyDown hook at 0x883080 for geode.custom-keybinds
20:42:07 DEBUG [Main] [Geode]:       Enabled EditorUI::init hook at 0x884260 for geode.custom-keybinds
20:42:07 DEBUG [Main] [Geode]:       Enabled EditorUI::keyDown hook at 0x8ba300 for geode.custom-keybinds
20:42:07 DEBUG [Main] [Geode]:       Enabled EditorUI::keyUp hook at 0x8bb210 for geode.custom-keybinds
20:42:07 DEBUG [Main] [Geode]:       Enabled EditorUI::moveObjectCall hook at 0x8b4d40 for geode.custom-keybinds
20:42:07 DEBUG [Main] [Geode]:       Enabled EditorUI::transformObjectCall hook at 0x8b5380 for geode.custom-keybinds
20:42:07 DEBUG [Main] [Geode]:       Enabled PauseLayer::customSetup hook at 0xa989f0 for geode.custom-keybinds
20:42:07 DEBUG [Main] [Geode]:       Enabled PauseLayer::keyDown hook at 0xa9a310 for geode.custom-keybinds
20:42:07 DEBUG [Main] [Geode]:       Enabled UILayer::init hook at 0xb9ec10 for geode.custom-keybinds
20:42:07 DEBUG [Main] [Geode]:       Enabled UILayer::keyDown hook at 0xb9f930 for geode.custom-keybinds
20:42:07 DEBUG [Main] [Geode]:       Enabled UILayer::keyUp hook at 0xb9f950 for geode.custom-keybinds
20:42:07 DEBUG [Main] [Geode]:       Enabled cocos2d::CCKeyboardDispatcher::dispatchKeyboardMSG hook at 0x6d62be70 for geode.custom-keybinds
20:42:07 DEBUG [Main] [Geode]:       Enabled cocos2d::CCKeyboardDispatcher::updateModifierKeys hook at 0x6d62ca70 for geode.custom-keybinds
20:42:07 DEBUG [Main] [Geode]:       Enabled MoreOptionsLayer::onKeybindings hook at 0x8821a0 for geode.custom-keybinds
20:42:07 INFO  [Main] [Geode]: Took 0.112s
20:42:07 INFO  [Main] [Geode]: Continuing mod graph refresh...
20:42:07 DEBUG [Main] [Geode]:   Loading mods
20:42:07 DEBUG [Main] [Geode]:     hjfod.betteredit v6.0.0 has unresolved dependencies
20:42:07 INFO  [Main] [Geode]: Took 0.016s
20:42:07 INFO  [Main] [Geode]: Continuing mod graph refresh...
20:42:07 DEBUG [Main] [Geode]:   Loading mods
20:42:07 DEBUG [Main] [Geode]:     dankmeme.globed2 v1.0.5
20:42:07 DEBUG [Mod Unzip] [Geode]:  Unzip
20:42:07 DEBUG [Mod Unzip] [Geode]:  Same hash detected, skipping unzip
20:42:07 DEBUG [Main] [Geode]:       Load
20:42:07 DEBUG [Main] [Geode]:       Loading binary for mod dankmeme.globed2
20:42:07 DEBUG [Main] [Geode]:       Enabled PlayerObject::incrementJumps hook at 0xaa77f0 for dankmeme.globed2
20:42:07 DEBUG [Main] [Geode]:       Enabled PlayerObject::playDeathEffect hook at 0xa9a470 for dankmeme.globed2
20:42:07 DEBUG [Main] [Geode]:       Enabled PlayerObject::playSpiderDashEffect hook at 0xaaf5b0 for dankmeme.globed2
20:42:07 DEBUG [Main] [Geode]:       Enabled PlayLayer::init hook at 0xabc4a0 for dankmeme.globed2
20:42:07 DEBUG [Main] [Geode]:       Enabled PlayLayer::onQuit hook at 0xacb480 for dankmeme.globed2
20:42:07 DEBUG [Main] [Geode]:       Enabled AppDelegate::applicationDidEnterBackground hook at 0x83b4f0 for dankmeme.globed2
20:42:07 DEBUG [Main] [Geode]:       Enabled AppDelegate::applicationWillEnterForeground hook at 0x83b530 for dankmeme.globed2
20:42:07 DEBUG [Main] [Geode]:       Enabled GameManager::loadIcon hook at 0x907440 for dankmeme.globed2
20:42:07 DEBUG [Main] [Geode]:       Enabled GameManager::returnToLastScene hook at 0x90e110 for dankmeme.globed2
20:42:07 DEBUG [Main] [Geode]:       Enabled LoadingLayer::loadingFinished hook at 0xa56ae0 for dankmeme.globed2
20:42:07 DEBUG [Main] [Geode]:       Enabled MenuLayer::init hook at 0xa5b450 for dankmeme.globed2
20:42:07 DEBUG [Main] [Geode]:       Enabled PauseLayer::customSetup hook at 0xa989f0 for dankmeme.globed2
20:42:08 INFO  [Main] [Geode]: Took 0.121s
20:42:08 INFO  [Main] [Geode]: Continuing mod graph refresh...
20:42:08 DEBUG [Main] [Geode]:   Loading mods
20:42:08 DEBUG [Main] [Geode]:     geode.node-ids v1.3.0
20:42:08 DEBUG [Mod Unzip] [Geode]:  Unzip
20:42:08 DEBUG [Mod Unzip] [Geode]:  Same hash detected, skipping unzip
20:42:08 DEBUG [Main] [Geode]:       Load
20:42:08 DEBUG [Main] [Geode]:       Loading binary for mod geode.node-ids
20:42:08 DEBUG [Main] [Geode]:       Enabled CommentCell::loadFromComment hook at 0x864490 for geode.node-ids
20:42:08 DEBUG [Main] [Geode]:       Enabled CreatorLayer::init hook at 0x84f550 for geode.node-ids
20:42:08 DEBUG [Main] [Geode]:       Enabled CustomizeObjectLayer::init hook at 0x8564a0 for geode.node-ids
20:42:08 DEBUG [Main] [Geode]:       Enabled CustomizeObjectLayer::toggleVisible hook at 0x859780 for geode.node-ids
20:42:08 DEBUG [Main] [Geode]:       Enabled DailyLevelNode::init hook at 0x8796c0 for geode.node-ids
20:42:08 DEBUG [Main] [Geode]:       Enabled DailyLevelPage::init hook at 0x8776d0 for geode.node-ids
20:42:08 DEBUG [Main] [Geode]:       Enabled EditLevelLayer::init hook at 0x87c8e0 for geode.node-ids
20:42:08 DEBUG [Main] [Geode]:       Enabled EditorPauseLayer::init hook at 0x880020 for geode.node-ids
20:42:08 DEBUG [Main] [Geode]:       Enabled EditorUI::init hook at 0x884260 for geode.node-ids
20:42:08 DEBUG [Main] [Geode]:       Enabled GJGarageLayer::init hook at 0x9cf250 for geode.node-ids
20:42:08 DEBUG [Main] [Geode]:       Enabled GJGarageLayer::setupPage hook at 0x9d1d70 for geode.node-ids
20:42:08 DEBUG [Main] [Geode]:       Enabled GJScoreCell::loadFromScore hook at 0x8665b0 for geode.node-ids
20:42:08 DEBUG [Main] [Geode]:       Enabled GameToolbox::addBackButton hook at 0x821910 for geode.node-ids
20:42:08 DEBUG [Main] [Geode]:       Enabled GameToolbox::addRThumbScrollButton hook at 0x8219c0 for geode.node-ids
20:42:08 DEBUG [Main] [Geode]:       Enabled InfoLayer::init hook at 0xa08810 for geode.node-ids
20:42:08 DEBUG [Main] [Geode]:       Enabled LeaderboardsLayer::init hook at 0xa0dc60 for geode.node-ids
20:42:08 DEBUG [Main] [Geode]:       Enabled LevelBrowserLayer::init hook at 0xa12e60 for geode.node-ids
20:42:08 DEBUG [Main] [Geode]:       Enabled LevelCell::loadCustomLevelCell hook at 0x85da60 for geode.node-ids
20:42:08 DEBUG [Main] [Geode]:       Enabled LevelCell::loadFromLevel hook at 0x85d8b0 for geode.node-ids
20:42:08 DEBUG [Main] [Geode]:       Enabled LevelCell::loadLocalLevelCell hook at 0x8604d0 for geode.node-ids
20:42:08 DEBUG [Main] [Geode]:       Enabled LevelInfoLayer::init hook at 0xa316a0 for geode.node-ids
20:42:08 DEBUG [Main] [Geode]:       Enabled LevelInfoLayer::setupPlatformerStats hook at 0xa33a90 for geode.node-ids
20:42:08 DEBUG [Main] [Geode]:       Enabled LevelInfoLayer::setupProgressBars hook at 0xa33e20 for geode.node-ids
20:42:08 DEBUG [Main] [Geode]:       Enabled LevelInfoLayer::updateLabelValues hook at 0xa36d20 for geode.node-ids
20:42:08 DEBUG [Main] [Geode]:       Enabled LevelLeaderboard::init hook at 0xa38060 for geode.node-ids
20:42:08 DEBUG [Main] [Geode]:       Enabled LevelSearchLayer::init hook at 0xa40f10 for geode.node-ids
20:42:08 DEBUG [Main] [Geode]:       Enabled PauseLayer::customSetup hook at 0xa989f0 for geode.node-ids
20:42:08 DEBUG [Main] [Geode]:       Enabled PlayerObject::init hook at 0xaa24c0 for geode.node-ids
20:42:08 DEBUG [Main] [Geode]:       Enabled ProfilePage::init hook at 0xacd080 for geode.node-ids
20:42:08 DEBUG [Main] [Geode]:       Enabled ProfilePage::loadPageFromUserInfo hook at 0xacdda0 for geode.node-ids
20:42:08 DEBUG [Main] [Geode]:       Enabled RewardsPage::init hook at 0xad67f0 for geode.node-ids
20:42:08 DEBUG [Main] [Geode]:       Enabled UILayer::init hook at 0xb9ec10 for geode.node-ids
20:42:08 INFO  [Main] [Geode]: Took 0.101s
20:42:08 INFO  [Main] [Geode]: Continuing mod graph refresh...
20:42:08 DEBUG [Main] [Geode]:   Loading mods
20:42:08 DEBUG [Main] [Geode]:     thesillydoggo.animatedprofiles v1.0.1
20:42:08 DEBUG [Mod Unzip] [Geode]:  Unzip
20:42:08 DEBUG [Mod Unzip] [Geode]:  Same hash detected, skipping unzip
20:42:08 DEBUG [Main] [Geode]:       Load
20:42:08 DEBUG [Main] [Geode]:       Loading binary for mod thesillydoggo.animatedprofiles
20:42:08 DEBUG [Main] [Geode]:       Enabled ProfilePage::init hook at 0xacd080 for thesillydoggo.animatedprofiles
20:42:08 DEBUG [Main] [Geode]:       Enabled ProfilePage::loadPageFromUserInfo hook at 0xacdda0 for thesillydoggo.animatedprofiles
20:42:08 DEBUG [Main] [Geode]:       Enabled CommentCell::loadFromComment hook at 0x864490 for thesillydoggo.animatedprofiles
20:42:08 DEBUG [Main] [Geode]:       Enabled CCAnimatedSprite::runAnimation hook at 0x801640 for thesillydoggo.animatedprofiles
20:42:08 INFO  [Main] [Geode]: Took 0.09s
20:42:08 INFO  [Main] [Geode]: Continuing mod graph refresh...
20:42:08 DEBUG [Main] [Geode]:   Loading mods
20:42:08 DEBUG [Main] [Geode]:     redlime.statchanges v1.1.0
20:42:08 DEBUG [Mod Unzip] [Geode]:  Unzip
20:42:08 DEBUG [Mod Unzip] [Geode]:  Same hash detected, skipping unzip
20:42:08 DEBUG [Main] [Geode]:       Load
20:42:08 DEBUG [Main] [Geode]:       Loading binary for mod redlime.statchanges
20:42:08 DEBUG [Main] [Geode]:       Enabled ProfilePage::init hook at 0xacd080 for redlime.statchanges
20:42:08 DEBUG [Main] [Geode]:       Enabled ProfilePage::loadPageFromUserInfo hook at 0xacdda0 for redlime.statchanges
20:42:08 DEBUG [Main] [Geode]:       Enabled ProfilePage::onClose hook at 0xad15e0 for redlime.statchanges
20:42:08 INFO  [Main] [Geode]: Took 0.09s
20:42:08 INFO  [Main] [Geode]: Continuing mod graph refresh...
20:42:08 DEBUG [Main] [Geode]:   Loading mods
20:42:08 DEBUG [Main] [Geode]:     hjfod.gdshare v1.0.4 has unresolved dependencies
20:42:08 INFO  [Main] [Geode]: Took 0.016s
20:42:08 INFO  [Main] [Geode]: Continuing mod graph refresh...
20:42:08 DEBUG [Main] [Geode]:   Loading mods
20:42:08 DEBUG [Main] [Geode]:     hjfod.betteredit v6.0.0
20:42:08 DEBUG [Mod Unzip] [Geode]:  Unzip
20:42:08 DEBUG [Mod Unzip] [Geode]:  Same hash detected, skipping unzip
20:42:08 DEBUG [Main] [Geode]:       Load
20:42:08 DEBUG [Main] [Geode]:       Loading binary for mod hjfod.betteredit
20:42:08 DEBUG [Main] [Geode]:       Enabled EditorPauseLayer::init hook at 0x880020 for hjfod.betteredit
20:42:08 DEBUG [Main] [Geode]:       Enabled CustomizeObjectLayer::colorSelectClosed hook at 0x858e60 for hjfod.betteredit
20:42:08 DEBUG [Main] [Geode]:       Enabled CustomizeObjectLayer::highlightSelected hook at 0x85a1b0 for hjfod.betteredit
20:42:08 DEBUG [Main] [Geode]:       Enabled CustomizeObjectLayer::init hook at 0x8564a0 for hjfod.betteredit
20:42:08 DEBUG [Main] [Geode]:       Enabled CustomizeObjectLayer::onClose hook at 0x85a2a0 for hjfod.betteredit
20:42:08 DEBUG [Main] [Geode]:       Enabled CustomizeObjectLayer::onSelectColor hook at 0x859fa0 for hjfod.betteredit
20:42:08 DEBUG [Main] [Geode]:       Enabled CustomizeObjectLayer::onUpdateCustomColor hook at 0x859af0 for hjfod.betteredit
20:42:08 DEBUG [Main] [Geode]:       Enabled CustomizeObjectLayer::textChanged hook at 0x859cf0 for hjfod.betteredit
20:42:08 DEBUG [Main] [Geode]:       Enabled CustomizeObjectLayer::updateCustomColorLabels hook at 0x859ec0 for hjfod.betteredit
20:42:08 DEBUG [Main] [Geode]:       Enabled SelectFontLayer::init hook at 0x9e4dd0 for hjfod.betteredit
20:42:08 DEBUG [Main] [Geode]:       Enabled EditorUI::scrollWheel hook at 0x8bb260 for hjfod.betteredit
20:42:08 DEBUG [Main] [Geode]:       Enabled EditorUI::init hook at 0x884260 for hjfod.betteredit
20:42:08 DEBUG [Main] [Geode]:       Enabled EditorUI::init hook at 0x884260 for hjfod.betteredit
20:42:08 DEBUG [Main] [Geode]:       Enabled EditorUI::init hook at 0x884260 for hjfod.betteredit
20:42:08 DEBUG [Main] [Geode]:       Enabled EditorUI::updateZoom hook at 0x8aa3d0 for hjfod.betteredit
20:42:08 DEBUG [Main] [Geode]:       Enabled EditorPauseLayer::init hook at 0x880020 for hjfod.betteredit
20:42:08 DEBUG [Main] [Geode]:       Enabled EditorPauseLayer::init hook at 0x880020 for hjfod.betteredit
20:42:08 DEBUG [Main] [Geode]:       Enabled EditorUI::init hook at 0x884260 for hjfod.betteredit
20:42:08 INFO  [Main] [Geode]: Took 0.101s
20:42:08 INFO  [Main] [Geode]: Continuing mod graph refresh...
20:42:08 DEBUG [Main] [Geode]:   Loading mods
20:42:08 DEBUG [Main] [Geode]:     tpdea.betterpause-Better v1.5.5
20:42:08 DEBUG [Mod Unzip] [Geode]:  Unzip
20:42:08 DEBUG [Mod Unzip] [Geode]:  Same hash detected, skipping unzip
20:42:08 DEBUG [Main] [Geode]:       Load
20:42:08 DEBUG [Main] [Geode]:       Loading binary for mod tpdea.betterpause-Better
20:42:08 DEBUG [Main] [Geode]:       Enabled PauseLayer::create hook at 0xa98940 for tpdea.betterpause-Better
20:42:08 DEBUG [Main] [Geode]:       Enabled PauseLayer::onResume hook at 0xa99f30 for tpdea.betterpause-Better
20:42:08 DEBUG [Main] [Geode]:       Enabled PlayLayer::addObject hook at 0xac19b0 for tpdea.betterpause-Better
20:42:08 DEBUG [Main] [Geode]:       Enabled PlayLayer::init hook at 0xabc4a0 for tpdea.betterpause-Better
20:42:08 DEBUG [Main] [Geode]:       Enabled PlayLayer::updateProgressbar hook at 0xac5440 for tpdea.betterpause-Better
20:42:08 DEBUG [Main] [Geode]:       Enabled GJBaseGameLayer::update hook at 0x99b780 for tpdea.betterpause-Better
20:42:08 DEBUG [Main] [Geode]:       Enabled MoreOptionsLayer::addToggle hook at 0xa925f0 for tpdea.betterpause-Better
20:42:08 DEBUG [Main] [Geode]:       Enabled GameOptionsLayer::create hook at 0x9f3050 for tpdea.betterpause-Better
20:42:08 DEBUG [Main] [Geode]:       Enabled GJOptionsLayer::addToggle hook at 0x9e6350 for tpdea.betterpause-Better
20:42:08 DEBUG [Main] [Geode]:       Enabled GameToolbox::pointsToString hook at 0x825960 for tpdea.betterpause-Better
20:42:08 DEBUG [Main] [Geode]:       Enabled DailyLevelPage::init hook at 0x8776d0 for tpdea.betterpause-Better
20:42:08 DEBUG [Main] [Geode]:       Enabled CustomSongWidget::updateSongObject hook at 0x874280 for tpdea.betterpause-Better
20:42:08 DEBUG [Main] [Geode]:       Enabled CustomSongWidget::updateWithMultiAssets hook at 0x8756f0 for tpdea.betterpause-Better
20:42:08 INFO  [Main] [Geode]: Took 0.119s
20:42:08 INFO  [Main] [Geode]: Continuing mod graph refresh...
20:42:08 DEBUG [Main] [Geode]:   Loading mods
20:42:08 DEBUG [Main] [Geode]:     cvolton.betterinfo v4.0.0-alpha.13
20:42:08 DEBUG [Mod Unzip] [Geode]:  Unzip
20:42:08 DEBUG [Mod Unzip] [Geode]:  Same hash detected, skipping unzip
20:42:08 DEBUG [Main] [Geode]:       Load
20:42:08 DEBUG [Main] [Geode]:       Loading binary for mod cvolton.betterinfo
20:42:08 DEBUG [Main] [Geode]:       Enabled CommentCell::FLAlert_Clicked hook at 0x8663d0 for cvolton.betterinfo
20:42:08 DEBUG [Main] [Geode]:       Enabled CommentCell::loadFromComment hook at 0x864490 for cvolton.betterinfo
20:42:08 DEBUG [Main] [Geode]:       Enabled CommentCell::onConfirmDelete hook at 0x8662c0 for cvolton.betterinfo
20:42:08 DEBUG [Main] [Geode]:       Enabled CommentCell::onLike hook at 0x866110 for cvolton.betterinfo
20:42:08 DEBUG [Main] [Geode]:       Enabled CreatorLayer::init hook at 0x84f550 for cvolton.betterinfo
20:42:08 DEBUG [Main] [Geode]:       Enabled CreatorLayer::onChallenge hook at 0x850dd0 for cvolton.betterinfo
20:42:08 DEBUG [Main] [Geode]:       Enabled DailyLevelNode::init hook at 0x8796c0 for cvolton.betterinfo
20:42:08 DEBUG [Main] [Geode]:       Enabled DailyLevelPage::init hook at 0x8776d0 for cvolton.betterinfo
20:42:08 DEBUG [Main] [Geode]:       Enabled DailyLevelPage::updateTimers hook at 0x879120 for cvolton.betterinfo
20:42:08 DEBUG [Main] [Geode]:       Enabled EditLevelLayer::init hook at 0x87c8e0 for cvolton.betterinfo
20:42:08 DEBUG [Main] [Geode]:       Enabled EditLevelLayer::onLevelInfo hook at 0x87db40 for cvolton.betterinfo
20:42:08 DEBUG [Main] [Geode]:       Enabled GJLevelList::showListInfo hook at 0x8fcef0 for cvolton.betterinfo
20:42:08 DEBUG [Main] [Geode]:       Enabled GJScoreCell::loadFromScore hook at 0x8665b0 for cvolton.betterinfo
20:42:08 DEBUG [Main] [Geode]:       Enabled GameLevelManager::getCompletedLevels hook at 0x8d7790 for cvolton.betterinfo
20:42:08 DEBUG [Main] [Geode]:       Enabled GameLevelManager::getSavedLevels hook at 0x8d7340 for cvolton.betterinfo
20:42:08 DEBUG [Main] [Geode]:       Enabled GameLevelManager::limitSavedLevels hook at 0x8d9210 for cvolton.betterinfo
20:42:08 DEBUG [Main] [Geode]:       Enabled GameLevelManager::userNameForUserID hook at 0x8d6290 for cvolton.betterinfo
20:42:08 DEBUG [Main] [Geode]:       Enabled InfoLayer::init hook at 0xa08810 for cvolton.betterinfo
20:42:08 DEBUG [Main] [Geode]:       Enabled InfoLayer::loadPage hook at 0xa0b340 for cvolton.betterinfo
20:42:08 DEBUG [Main] [Geode]:       Enabled InfoLayer::onLevelInfo hook at 0xa0ada0 for cvolton.betterinfo
20:42:08 DEBUG [Main] [Geode]:       Enabled InfoLayer::onMore hook at 0xa0aaa0 for cvolton.betterinfo
20:42:08 DEBUG [Main] [Geode]:       Enabled InfoLayer::setupCommentsBrowser hook at 0xa0b670 for cvolton.betterinfo
20:42:08 DEBUG [Main] [Geode]:       Enabled LeaderboardsLayer::init hook at 0xa0dc60 for cvolton.betterinfo
20:42:08 DEBUG [Main] [Geode]:       Enabled LevelAreaInnerLayer::init hook at 0xa111e0 for cvolton.betterinfo
20:42:08 DEBUG [Main] [Geode]:       Enabled LevelBrowserLayer::init hook at 0xa12e60 for cvolton.betterinfo
20:42:08 DEBUG [Main] [Geode]:       Enabled LevelBrowserLayer::onGoToPage hook at 0xa15c40 for cvolton.betterinfo
20:42:08 DEBUG [Main] [Geode]:       Enabled LevelBrowserLayer::setupPageInfo hook at 0xa159e0 for cvolton.betterinfo
20:42:08 DEBUG [Main] [Geode]:       Enabled LevelCell::loadCustomLevelCell hook at 0x85da60 for cvolton.betterinfo
20:42:08 DEBUG [Main] [Geode]:       Enabled LevelCell::onViewProfile hook at 0x860f70 for cvolton.betterinfo
20:42:08 DEBUG [Main] [Geode]:       Enabled LevelInfoLayer::init hook at 0xa316a0 for cvolton.betterinfo
20:42:08 DEBUG [Main] [Geode]:       Enabled LevelInfoLayer::onLevelInfo hook at 0xa36a70 for cvolton.betterinfo
20:42:08 DEBUG [Main] [Geode]:       Enabled LevelInfoLayer::onViewProfile hook at 0xa36a10 for cvolton.betterinfo
20:42:08 DEBUG [Main] [Geode]:       Enabled LevelInfoLayer::updateLabelValues hook at 0xa36d20 for cvolton.betterinfo
20:42:08 DEBUG [Main] [Geode]:       Enabled LevelLeaderboard::init hook at 0xa38060 for cvolton.betterinfo
20:42:08 DEBUG [Main] [Geode]:       Enabled LevelListCell::loadFromList hook at 0x86b570 for cvolton.betterinfo
20:42:08 DEBUG [Main] [Geode]:       Enabled LevelPage::onInfo hook at 0xa4c400 for cvolton.betterinfo
20:42:08 DEBUG [Main] [Geode]:       Enabled LevelSearchLayer::getSearchObject hook at 0xa43ba0 for cvolton.betterinfo
20:42:08 DEBUG [Main] [Geode]:       Enabled MoreSearchLayer::init hook at 0xa456b0 for cvolton.betterinfo
20:42:08 DEBUG [Main] [Geode]:       Enabled MoreSearchLayer::onSongFilter hook at 0xa469e0 for cvolton.betterinfo
20:42:08 DEBUG [Main] [Geode]:       Enabled MoreSearchLayer::onSongMode hook at 0xa46c90 for cvolton.betterinfo
20:42:08 DEBUG [Main] [Geode]:       Enabled PlayLayer::destroyPlayer hook at 0xac6730 for cvolton.betterinfo
20:42:08 DEBUG [Main] [Geode]:       Enabled PlayLayer::init hook at 0xabc4a0 for cvolton.betterinfo
20:42:08 DEBUG [Main] [Geode]:       Enabled PlayLayer::levelComplete hook at 0xabdb60 for cvolton.betterinfo
20:42:08 DEBUG [Main] [Geode]:       Enabled PlayLayer::onQuit hook at 0xacb480 for cvolton.betterinfo
20:42:08 DEBUG [Main] [Geode]:       Enabled PlayLayer::resetLevel hook at 0xaca130 for cvolton.betterinfo
20:42:08 DEBUG [Main] [Geode]:       Enabled ProfilePage::getUserInfoFailed hook at 0xad1e40 for cvolton.betterinfo
20:42:08 DEBUG [Main] [Geode]:       Enabled ProfilePage::init hook at 0xacd080 for cvolton.betterinfo
20:42:08 DEBUG [Main] [Geode]:       Enabled ProfilePage::loadPageFromUserInfo hook at 0xacdda0 for cvolton.betterinfo
20:42:08 DEBUG [Main] [Geode]:       Enabled ProfilePage::onClose hook at 0xad15e0 for cvolton.betterinfo
20:42:08 DEBUG [Main] [Geode]:       Enabled RewardsPage::init hook at 0xad67f0 for cvolton.betterinfo
20:42:08 DEBUG [Main] [Geode]:       Enabled MenuLayer::init hook at 0xa5b450 for cvolton.betterinfo
20:42:08 INFO  [Main] [Geode]: Took 0.111s
20:42:08 INFO  [Main] [Geode]: Continuing mod graph refresh...
20:42:08 DEBUG [Main] [Geode]:   Loading mods
20:42:08 DEBUG [Main] [Geode]:     coopeeo.customname v1.2.2
20:42:08 DEBUG [Mod Unzip] [Geode]:  Unzip
20:42:08 DEBUG [Mod Unzip] [Geode]:  Same hash detected, skipping unzip
20:42:08 DEBUG [Main] [Geode]:       Load
20:42:08 DEBUG [Main] [Geode]:       Loading binary for mod coopeeo.customname
20:42:08 DEBUG [Main] [Geode]:       Enabled MenuLayer::init hook at 0xa5b450 for coopeeo.customname
20:42:08 DEBUG [Main] [Geode]:       Enabled ProfilePage::init hook at 0xacd080 for coopeeo.customname
20:42:08 DEBUG [Main] [Geode]:       Enabled ProfilePage::loadPageFromUserInfo hook at 0xacdda0 for coopeeo.customname
20:42:08 INFO  [Main] [Geode]: Took 0.084s
20:42:08 INFO  [Main] [Geode]: Continuing mod graph refresh...
20:42:08 DEBUG [Main] [Geode]:   Loading mods
20:42:08 DEBUG [Main] [Geode]:     bitz.customprofiles v1.0.5
20:42:08 DEBUG [Mod Unzip] [Geode]:  Unzip
20:42:08 DEBUG [Mod Unzip] [Geode]:  Same hash detected, skipping unzip
20:42:08 DEBUG [Main] [Geode]:       Load
20:42:08 DEBUG [Main] [Geode]:       Loading binary for mod bitz.customprofiles
20:42:08 DEBUG [Main] [Geode]:       Enabled GJAccountSettingsLayer::init hook at 0x9e84f0 for bitz.customprofiles
20:42:08 DEBUG [Main] [Geode]:       Enabled GJAccountSettingsLayer::onClose hook at 0x9e9db0 for bitz.customprofiles
20:42:08 DEBUG [Main] [Geode]:       Enabled InfoLayer::init hook at 0xa08810 for bitz.customprofiles
20:42:08 DEBUG [Main] [Geode]:       Enabled InfoLayer::setupCommentsBrowser hook at 0xa0b670 for bitz.customprofiles
20:42:08 DEBUG [Main] [Geode]:       Enabled ProfilePage::init hook at 0xacd080 for bitz.customprofiles
20:42:08 DEBUG [Main] [Geode]:       Enabled ProfilePage::loadPageFromUserInfo hook at 0xacdda0 for bitz.customprofiles
20:42:08 DEBUG [Main] [Geode]:       Enabled ProfilePage::onUpdate hook at 0xacdb10 for bitz.customprofiles
20:42:08 DEBUG [Main] [Geode]:       Enabled ProfilePage::setupCommentsBrowser hook at 0xad2160 for bitz.customprofiles
20:42:08 DEBUG [Main] [Geode]:       Enabled CommentCell::draw hook at 0x85d5b0 for bitz.customprofiles
20:42:08 DEBUG [Main] [Geode]:       Enabled CommentCell::loadFromComment hook at 0x864490 for bitz.customprofiles
20:42:08 DEBUG [Main] [Geode]:       Enabled CommentCell::updateBGColor hook at 0x866090 for bitz.customprofiles
20:42:08 INFO  [Main] [Geode]: Took 0.088s
20:42:08 INFO  [Main] [Geode]: Continuing mod graph refresh...
20:42:08 DEBUG [Main] [Geode]:   Loading mods
20:42:08 DEBUG [Main] [Geode]:     alphalaneous.integratedloquibot v1.3.4
20:42:08 DEBUG [Mod Unzip] [Geode]:  Unzip
20:42:08 DEBUG [Mod Unzip] [Geode]:  Same hash detected, skipping unzip
20:42:08 INFO  [Main] [Geode]: Took 0.033s
20:42:08 INFO  [Main] [Geode]: Continuing mod graph refresh...
20:42:08 DEBUG [Main] [Geode]:   Loading mods
20:42:08 DEBUG [Main] [Geode]:     alphalaneous.projectedstars v1.1.2
20:42:08 DEBUG [Mod Unzip] [Geode]:  Unzip
20:42:08 DEBUG [Mod Unzip] [Geode]:  Same hash detected, skipping unzip
20:42:08 DEBUG [Main] [Geode]:       Load
20:42:08 DEBUG [Main] [Geode]:       Loading binary for mod alphalaneous.projectedstars
20:42:08 DEBUG [Main] [Geode]:       Enabled LevelInfoLayer::init hook at 0xa316a0 for alphalaneous.projectedstars
20:42:08 INFO  [Main] [Geode]: Took 0.088s
20:42:08 INFO  [Main] [Geode]: Continuing mod graph refresh...
20:42:08 DEBUG [Main] [Geode]:   Loading mods
20:42:08 DEBUG [Main] [Geode]:     beat.click-sound v1.4.1
20:42:08 DEBUG [Mod Unzip] [Geode]:  Unzip
20:42:08 DEBUG [Mod Unzip] [Geode]:  Same hash detected, skipping unzip
20:42:08 DEBUG [Main] [Geode]:       Load
20:42:08 DEBUG [Main] [Geode]:       Loading binary for mod beat.click-sound
20:42:09 DEBUG [Main] [Geode]:       Enabled PlayerObject::pushButton hook at 0xab1d30 for beat.click-sound
20:42:09 DEBUG [Main] [Geode]:       Enabled PlayerObject::releaseButton hook at 0xab1f70 for beat.click-sound
20:42:09 DEBUG [Main] [Geode]:       Enabled PauseLayer::customSetup hook at 0xa989f0 for beat.click-sound
20:42:09 DEBUG [Main] [Geode]:       Enabled ProfilePage::init hook at 0xacd080 for beat.click-sound
20:42:09 DEBUG [Main] [Geode]:       Enabled EndLevelLayer::customSetup hook at 0x8c74f0 for beat.click-sound
20:42:09 INFO  [Main] [Geode]: Took 0.083s
20:42:09 INFO  [Main] [Geode]: Continuing mod graph refresh...
20:42:09 DEBUG [Main] [Geode]:   Loading mods
20:42:09 DEBUG [Main] [Geode]:     hjfod.betteredit v6.0.0
20:42:09 INFO  [Main] [Geode]: Took 0.016s
20:42:09 INFO  [Main] [Geode]: Continuing mod graph refresh...
20:42:09 DEBUG [Main] [Geode]:   Loading mods
20:42:09 DEBUG [Main] [Geode]:     hjfod.gdshare v1.0.4 has unresolved dependencies
20:42:09 INFO  [Main] [Geode]: Took 0.016s
20:42:09 INFO  [Main] [Geode]: Continuing mod graph refresh...
20:42:09 DEBUG [Main] [Geode]:   Loading mods
20:42:09 DEBUG [Main] [Geode]:     hjfod.gmd-api v1.0.1
20:42:09 DEBUG [Mod Unzip] [Geode]:  Unzip
20:42:09 DEBUG [Mod Unzip] [Geode]:  Same hash detected, skipping unzip
20:42:09 DEBUG [Main] [Geode]:       Load
20:42:09 DEBUG [Main] [Geode]:       Loading binary for mod hjfod.gmd-api
20:42:09 INFO  [Main] [Geode]: Took 0.131s
20:42:09 INFO  [Main] [Geode]: Continuing mod graph refresh...
20:42:09 DEBUG [Main] [Geode]:   Loading mods
20:42:09 DEBUG [Main] [Geode]:     hjfod.gdshare v1.0.4
20:42:09 DEBUG [Mod Unzip] [Geode]:  Unzip
20:42:09 DEBUG [Mod Unzip] [Geode]:  Same hash detected, skipping unzip
20:42:09 DEBUG [Main] [Geode]:       Load
20:42:09 DEBUG [Main] [Geode]:       Loading binary for mod hjfod.gdshare
20:42:09 DEBUG [Main] [Geode]:       Enabled EditLevelLayer::init hook at 0x87c8e0 for hjfod.gdshare
20:42:09 DEBUG [Main] [Geode]:       Enabled LevelInfoLayer::init hook at 0xa316a0 for hjfod.gdshare
20:42:09 DEBUG [Main] [Geode]:       Enabled LevelBrowserLayer::init hook at 0xa12e60 for hjfod.gdshare
20:42:09 INFO  [Main] [Geode]: Took 0.109s
20:42:09 INFO  [Main] [Geode]: Continuing mod graph refresh...
20:42:09 DEBUG [Main] [Geode]:   Loading mods
20:42:09 DEBUG [Main] [Geode]:     muhammadgames.bettermenu v1.0.4-beta.12
20:42:09 DEBUG [Mod Unzip] [Geode]:  Unzip
20:42:09 DEBUG [Mod Unzip] [Geode]:  Same hash detected, skipping unzip
20:42:09 DEBUG [Main] [Geode]:       Load
20:42:09 DEBUG [Main] [Geode]:       Loading binary for mod muhammadgames.bettermenu
20:42:09 DEBUG [Main] [Geode]:       Enabled MenuLayer::init hook at 0xa5b450 for muhammadgames.bettermenu
20:42:09 INFO  [Main] [Geode]: Took 0.105s
20:42:09 INFO  [Main] [Geode]: Continuing mod graph refresh...
20:42:09 DEBUG [Main] [Geode]:   Loading mods
20:42:09 DEBUG [Main] [Geode]:     redlime.statchanges v1.1.0
20:42:09 INFO  [Main] [Geode]: Took 0.016s
20:42:09 INFO  [Main] [Geode]: Continuing mod graph refresh...
20:42:09 DEBUG [Main] [Geode]:   Loading mods
20:42:09 DEBUG [Main] [Geode]:     thesillydoggo.animatedprofiles v1.0.1
20:42:09 INFO  [Main] [Geode]: Took 0.016s
20:42:09 INFO  [Main] [Geode]: Continuing mod graph refresh...
20:42:09 DEBUG [Main] [Geode]:   Loading mods
20:42:09 DEBUG [Main] [Geode]:     thesillydoggo.entersearch v1.0.0
20:42:09 DEBUG [Mod Unzip] [Geode]:  Unzip
20:42:09 DEBUG [Mod Unzip] [Geode]:  Same hash detected, skipping unzip
20:42:09 DEBUG [Main] [Geode]:       Load
20:42:09 DEBUG [Main] [Geode]:       Loading binary for mod thesillydoggo.entersearch
20:42:09 DEBUG [Main] [Geode]:       Enabled FLAlertLayer::init hook at 0x810f60 for thesillydoggo.entersearch
20:42:09 DEBUG [Main] [Geode]:       Enabled LevelSearchLayer::init hook at 0xa40f10 for thesillydoggo.entersearch
20:42:09 DEBUG [Main] [Geode]:       Enabled ShareCommentLayer::init hook at 0xb66490 for thesillydoggo.entersearch
20:42:09 DEBUG [Main] [Geode]:       Enabled cocos2d::CCKeyboardDispatcher::dispatchKeyboardMSG hook at 0x6d62be70 for thesillydoggo.entersearch
20:42:09 INFO  [Main] [Geode]: Took 0.084s
20:42:09 INFO  [Main] [Geode]: Continuing mod graph refresh...
20:42:09 DEBUG [Main] [Geode]:   Loading mods
20:42:09 DEBUG [Main] [Geode]:     TheSillyDoggo.GradientPages v2.1.0
20:42:09 DEBUG [Mod Unzip] [Geode]:  Unzip
20:42:09 DEBUG [Mod Unzip] [Geode]:  Same hash detected, skipping unzip
20:42:09 DEBUG [Main] [Geode]:       Load
20:42:09 DEBUG [Main] [Geode]:       Loading binary for mod TheSillyDoggo.GradientPages
20:42:09 DEBUG [Main] [Geode]:       Enabled ProfilePage::init hook at 0xacd080 for TheSillyDoggo.GradientPages
20:42:09 DEBUG [Main] [Geode]:       Enabled ProfilePage::loadPageFromUserInfo hook at 0xacdda0 for TheSillyDoggo.GradientPages
20:42:09 DEBUG [Main] [Geode]:       Enabled GJAccountSettingsLayer::init hook at 0x9e84f0 for TheSillyDoggo.GradientPages
20:42:09 DEBUG [Main] [Geode]:       Enabled FRequestProfilePage::init hook at 0x8cef90 for TheSillyDoggo.GradientPages
20:42:09 DEBUG [Main] [Geode]:       Enabled MessagesProfilePage::init hook at 0xa5d1c0 for TheSillyDoggo.GradientPages
20:42:09 DEBUG [Main] [Geode]:       Enabled FriendsProfilePage::init hook at 0x8d0a10 for TheSillyDoggo.GradientPages
20:42:09 DEBUG [Main] [Geode]:       Enabled InfoLayer::init hook at 0xa08810 for TheSillyDoggo.GradientPages
20:42:09 DEBUG [Main] [Geode]:       Enabled GJCommentListLayer::create hook at 0x9e7dc0 for TheSillyDoggo.GradientPages
20:42:09 DEBUG [Main] [Geode]:       Enabled ItemInfoPopup::init hook at 0x9d5b80 for TheSillyDoggo.GradientPages
20:42:09 DEBUG [Main] [Geode]:       Enabled ShardsPage::init hook at 0xb64320 for TheSillyDoggo.GradientPages
20:42:09 DEBUG [Main] [Geode]:       Enabled CommunityCreditsPage::init hook at 0x848b10 for TheSillyDoggo.GradientPages
20:42:09 DEBUG [Main] [Geode]:       Enabled DemonFilterSelectLayer::init hook at 0xa473e0 for TheSillyDoggo.GradientPages
20:42:09 DEBUG [Main] [Geode]:       Enabled MoreSearchLayer::init hook at 0xa456b0 for TheSillyDoggo.GradientPages
20:42:09 DEBUG [Main] [Geode]:       Enabled ChallengesPage::init hook at 0x83c560 for TheSillyDoggo.GradientPages
20:42:09 DEBUG [Main] [Geode]:       Enabled SetIDPopup::init hook at 0x9ef980 for TheSillyDoggo.GradientPages
20:42:09 INFO  [Main] [Geode]: Took 0.093s
20:42:09 INFO  [Main] [Geode]: Continuing mod graph refresh...
20:42:09 DEBUG [Main] [Geode]:   Loading mods
20:42:09 DEBUG [Main] [Geode]:     xanii.youtubers v1.0.0
20:42:09 DEBUG [Mod Unzip] [Geode]:  Unzip
20:42:09 DEBUG [Mod Unzip] [Geode]:  Same hash detected, skipping unzip
20:42:09 DEBUG [Main] [Geode]:       Load
20:42:09 DEBUG [Main] [Geode]:       Loading binary for mod xanii.youtubers
20:42:09 DEBUG [Main] [Geode]:       Enabled ProfilePage::setupPageInfo hook at 0xad2350 for xanii.youtubers
20:42:09 INFO  [Main] [Geode]: Took 0.111s
20:42:09 INFO  [Main] [Geode]: Continuing mod graph refresh...
20:42:09 DEBUG [Main] [Geode]:   Finding problems
20:42:09 DEBUG [Main] [Geode]:     geode.loader
20:42:09 DEBUG [Main] [Geode]:     beat.click-sound
20:42:09 DEBUG [Main] [Geode]:     mat.run-info
20:42:09 DEBUG [Main] [Geode]:     alphalaneous.projectedstars
20:42:09 DEBUG [Main] [Geode]:     elohmrow.death_tracker
20:42:09 DEBUG [Main] [Geode]:     absolllute.megahack
20:42:09 DEBUG [Main] [Geode]:     abb2k.backup
20:42:09 DEBUG [Main] [Geode]:     adyagd.godlikefaces
20:42:09 DEBUG [Main] [Geode]:     alphalaneous.integratedloquibot is not enabled
20:42:09 DEBUG [Main] [Geode]:     bitz.customprofiles
20:42:09 DEBUG [Main] [Geode]:     capeling.icon_profile_2.2
20:42:09 DEBUG [Main] [Geode]:     coderqc.gdswearfilter
20:42:09 DEBUG [Main] [Geode]:     colon.gold_user_coins
20:42:09 DEBUG [Main] [Geode]:     coopeeo.customname
20:42:09 DEBUG [Main] [Geode]:     cvolton.betterinfo
20:42:09 DEBUG [Main] [Geode]:     tpdea.betterpause-Better
20:42:09 DEBUG [Main] [Geode]:     dankmeme.globed2
20:42:09 DEBUG [Main] [Geode]:     elnexreal.copy_song_id
20:42:09 DEBUG [Main] [Geode]:     gdutilsdevs.gdutils
20:42:09 DEBUG [Main] [Geode]:     thesillydoggo.better_startpos_menu
20:42:09 DEBUG [Main] [Geode]:     geode.custom-keybinds
20:42:09 DEBUG [Main] [Geode]:     geode.node-ids
20:42:09 DEBUG [Main] [Geode]:     hjfod.betteredit
20:42:09 DEBUG [Main] [Geode]:     hjfod.gdshare
20:42:09 DEBUG [Main] [Geode]:     hjfod.gmd-api
20:42:09 DEBUG [Main] [Geode]:     muhammadgames.bettermenu
20:42:09 DEBUG [Main] [Geode]:     redlime.statchanges
20:42:09 DEBUG [Main] [Geode]:     thesillydoggo.animatedprofiles
20:42:09 DEBUG [Main] [Geode]:     thesillydoggo.entersearch
20:42:09 DEBUG [Main] [Geode]:     TheSillyDoggo.GradientPages
20:42:09 DEBUG [Main] [Geode]:     xanii.youtubers
20:42:09 INFO  [Main] [Geode]:   Took 0.002s
20:42:09 DEBUG [Main] [Geode]: Verifying Loader Resources
20:42:09 DEBUG [Main] [Geode]: Loading Loader Resources
20:42:09 DEBUG [Main] [Geode]: Loading mod resources
20:42:09 DEBUG [Main] [Geode]: Adding resources
20:42:09 DEBUG [Main] [Geode]:   geode.loader
20:42:09 DEBUG [Main] [Geode]:     Adding sheet geode.loader/LogoSheet
20:42:09 DEBUG [Main] [Geode]:     Adding sheet geode.loader/APISheet
20:42:09 DEBUG [Main] [Geode]:     Adding sheet geode.loader/BlankSheet
20:42:10 DEBUG [Main] [Geode]:   adyagd.godlikefaces
20:42:10 DEBUG [Main] [Geode]:     Adding sheet adyagd.godlikefaces/GodlikeDiffSheet
20:42:10 DEBUG [Main] [Geode]:   dankmeme.globed2
20:42:10 DEBUG [Main] [Geode]:     Adding sheet dankmeme.globed2/globedsheet1
20:42:10 DEBUG [Main] [Geode]:   geode.custom-keybinds
20:42:10 DEBUG [Main] [Geode]:     Adding sheet geode.custom-keybinds/KB_ControllerSheet
20:42:10 DEBUG [Main] [Geode]:   hjfod.betteredit
20:42:10 DEBUG [Main] [Geode]:     Adding sheet hjfod.betteredit/UISheet
20:42:10 DEBUG [Main] [Geode]:   hjfod.gdshare
20:42:10 DEBUG [Main] [Geode]:     Adding sheet hjfod.gdshare/GDShare
20:42:10 DEBUG [Main] [Geode]:   TheSillyDoggo.GradientPages
20:42:10 DEBUG [Main] [Geode]:     Adding sheet TheSillyDoggo.GradientPages/UISheet
20:42:21 DEBUG [Main] [Geode]: Checking updates for index
20:42:22 DEBUG [Main] [Geode]: Enabled FMODChannelControl::setVolume hook at 0x67f7b180 for absolllute.megahack
20:42:22 DEBUG [Main] [Geode]: Enabled FMODChannelControl::setPitch hook at 0x67f7af00 for absolllute.megahack
20:42:22 DEBUG [Main] [Geode]: Enabled cocos2dCCParticleSystem::loadScaledDefaults hook at 0x6d64bba0 for absolllute.megahack
20:42:22 DEBUG [Main] [Geode]: Enabled cocos2dCCTransitionFade::create hook at 0x6d637710 for absolllute.megahack
20:42:22 DEBUG [Main] [Geode]: Enabled cocos2dCCTransitionMoveInT::create hook at 0x6d6381f0 for absolllute.megahack
20:42:22 DEBUG [Main] [Geode]: Enabled cocos2dCCDirector::drawScene hook at 0x6d692ae0 for absolllute.megahack
20:42:22 DEBUG [Main] [Geode]: Enabled cocos2dCCScheduler::update hook at 0x6d696db0 for absolllute.megahack
20:42:22 DEBUG [Main] [Geode]: Enabled cocos2dCCIMEDelegate::attachWithIME hook at 0x6d689ea0 for absolllute.megahack
20:42:22 DEBUG [Main] [Geode]: Enabled cocos2dCCIMEDelegate::detachWithIME hook at 0x6d689f20 for absolllute.megahack
20:42:22 DEBUG [Main] [Geode]: Enabled AppDelegate::trySaveGame hook at 0x83b790 for absolllute.megahack
20:42:22 DEBUG [Main] [Geode]: Enabled GameStatsManager::isItemUnlocked hook at 0x956570 for absolllute.megahack
20:42:22 DEBUG [Main] [Geode]: Enabled ColorAction::setupFromString hook at 0xdb9950 for absolllute.megahack
20:42:22 DEBUG [Main] [Geode]: Enabled GameObject::createWithKey hook at 0x910330 for absolllute.megahack
20:42:22 DEBUG [Main] [Geode]: Enabled UILayer::init hook at 0xb9ec10 for absolllute.megahack
20:42:22 DEBUG [Main] [Geode]: Enabled UILayer::keyDown hook at 0xb9f930 for absolllute.megahack
20:42:22 DEBUG [Main] [Geode]: Enabled UILayer::keyUp hook at 0xb9f950 for absolllute.megahack
20:42:22 DEBUG [Main] [Geode]: Enabled PauseLayer::customSetup hook at 0xa989f0 for absolllute.megahack
20:42:22 DEBUG [Main] [Geode]: Enabled PauseLayer::onResume hook at 0xa99f30 for absolllute.megahack
20:42:22 DEBUG [Main] [Geode]: Enabled EndLevelLayer::customSetup hook at 0x8c74f0 for absolllute.megahack
20:42:22 DEBUG [Main] [Geode]: Enabled EndLevelLayer::keyDown hook at 0x8ca310 for absolllute.megahack
20:42:22 DEBUG [Main] [Geode]: Enabled ShaderLayer::visit hook at 0xb63810 for absolllute.megahack
20:42:22 DEBUG [Main] [Geode]: Enabled LevelInfoLayer::onPlay hook at 0xa355b0 for absolllute.megahack
20:42:22 DEBUG [Main] [Geode]: Enabled PlayerObject::togglePlayerScale hook at 0xab9170 for absolllute.megahack
20:42:22 DEBUG [Main] [Geode]: Enabled GJBaseGameLayer::handleButton hook at 0x9969f0 for absolllute.megahack
20:42:22 DEBUG [Main] [Geode]: Enabled GJBaseGameLayer::processCommands hook at 0x99d240 for absolllute.megahack
20:42:22 DEBUG [Main] [Geode]: Enabled GJBaseGameLayer::resetLevelVariables hook at 0x99db10 for absolllute.megahack
20:42:22 DEBUG [Main] [Geode]: Enabled GJBaseGameLayer::init hook at 0x970290 for absolllute.megahack
20:42:22 DEBUG [Main] [Geode]: Enabled GJBaseGameLayer::visit hook at 0x9a8ea0 for absolllute.megahack
20:42:23 DEBUG [Main] [Geode]: Enabled PlayLayer::_destructor hook at 0xabc080 for absolllute.megahack
20:42:23 DEBUG [Main] [Geode]: Enabled PlayLayer::init hook at 0xabc4a0 for absolllute.megahack
20:42:23 DEBUG [Main] [Geode]: Enabled PlayLayer::startGame hook at 0xabdab0 for absolllute.megahack
20:42:23 DEBUG [Main] [Geode]: Enabled PlayLayer::onQuit hook at 0xacb480 for absolllute.megahack
20:42:23 DEBUG [Main] [Geode]: Enabled PlayLayer::postUpdate hook at 0xac7220 for absolllute.megahack
20:42:23 DEBUG [Main] [Geode]: Enabled PlayLayer::addObject hook at 0xac19b0 for absolllute.megahack
20:42:23 DEBUG [Main] [Geode]: Enabled PlayLayer::destroyPlayer hook at 0xac6730 for absolllute.megahack
20:42:23 DEBUG [Main] [Geode]: Enabled PlayLayer::resetLevel hook at 0xaca130 for absolllute.megahack
20:42:23 DEBUG [Main] [Geode]: Enabled PlayLayer::updateAttempts hook at 0xacab40 for absolllute.megahack
20:42:23 DEBUG [Main] [Geode]: Enabled PlayLayer::pauseGame hook at 0xacae80 for absolllute.megahack
20:42:23 DEBUG [Main] [Geode]: Enabled PlayLayer::createCheckpoint hook at 0xac76e0 for absolllute.megahack
20:42:23 DEBUG [Main] [Geode]: Enabled PlayLayer::markCheckpoint hook at 0xac8550 for absolllute.megahack
20:42:23 DEBUG [Main] [Geode]: Enabled PlayLayer::storeCheckpoint hook at 0xac84a0 for absolllute.megahack
20:42:23 DEBUG [Main] [Geode]: Enabled PlayLayer::playEndAnimationToPos hook at 0xabfe00 for absolllute.megahack
20:42:23 DEBUG [Main] [Geode]: Enabled PlayLayer::playPlatformerEndAnimationToPos hook at 0xac05e0 for absolllute.megahack
20:42:23 DEBUG [Main] [Geode]: Enabled PlayLayer::applyEnterEffect hook at 0xac47d0 for absolllute.megahack
20:42:23 DEBUG [Main] [Geode]: Enabled PlayLayer::applyCustomEnterEffect hook at 0xac3f50 for absolllute.megahack
20:42:23 DEBUG [Main] [Geode]: Enabled PlayLayer::updateProgressbar hook at 0xac5440 for absolllute.megahack
20:42:23 DEBUG [Main] [Globed]: Preloading death effects..
20:42:32 DEBUG [Main] [Globed]: Took 9.439s.
20:42:32 DEBUG [Main] [Globed]: Preloading icons..
20:43:03 DEBUG [Main] [Globed]: Took 30.322s.
20:43:03 DEBUG [Main] [Globed]: Preloading finished in 39.763s.
20:43:03 DEBUG [Main] [Geode]: Downloading index
20:43:03 INFO  [Main] [BetterInfo]: Music Library response: 1
20:43:06 DEBUG [Index Update] [Geode]: Unzipping index
20:43:26 DEBUG [Index Update] [Geode]: Updating local index cache
20:43:46 WARN  [Index Update] [Geode]:   settings.randomise-main-menu-bg contains unknown key "platforms"
20:43:46 WARN  [Index Update] [Geode]:   settings.force-bg contains unknown key "platforms"
20:43:58 WARN  [Index Update] [Geode]:   settings.mouse-move-on-zoom contains unknown key "platforms"
20:43:58 WARN  [Index Update] [Geode]:   settings.grid-size-controls contains unknown key "platforms"
20:43:58 WARN  [Index Update] [Geode]:   settings.show-grid-on-size-change contains unknown key "platforms"
20:44:00 DEBUG [Index Update] [Geode]:   Done
20:46:45 DEBUG [Main] [Geode]: Installing dankmeme.globed2
20:46:46 DEBUG [Main] [Geode]: Installed dankmeme.globed2
20:46:50 INFO  [Main] [Geode]: Saving mod data...
20:46:50 DEBUG [Main] [Geode]:   geode.loader
20:46:50 DEBUG [Main] [Geode]:     Check covered
20:46:50 DEBUG [Main] [Geode]:     Check if auto-check-updates is saved
20:46:50 DEBUG [Main] [Geode]:     Check if show-platform-console is saved
20:46:50 DEBUG [Main] [Geode]:     Check if disable-last-crashed-popup is saved
20:46:50 DEBUG [Main] [Geode]:     Check if auto-update-mods is saved
20:46:50 DEBUG [Main] [Geode]:   beat.click-sound
20:46:50 DEBUG [Main] [Geode]:     Check covered
20:46:50 DEBUG [Main] [Geode]:     Check if custom-clicksound is saved
20:46:50 DEBUG [Main] [Geode]:     Check if enable-clicksound is saved
20:46:50 DEBUG [Main] [Geode]:     Check if OnlyOnJump is saved
20:46:50 DEBUG [Main] [Geode]:     Check if clicksound-currentsound is saved
20:46:50 DEBUG [Main] [Geode]:     Check if custom-releasesound is saved
20:46:50 DEBUG [Main] [Geode]:     Check if enable-releasesound is saved
20:46:50 DEBUG [Main] [Geode]:     Check if releasesound-currentsound is saved
20:46:50 DEBUG [Main] [Geode]:     Check if settings-button is saved
20:46:50 DEBUG [Main] [Geode]:   mat.run-info
20:46:50 DEBUG [Main] [Geode]:     Check covered
20:46:50 DEBUG [Main] [Geode]:     Check if show-mode is saved
20:46:50 DEBUG [Main] [Geode]:     Check if position-top is saved
20:46:50 DEBUG [Main] [Geode]:     Check if position-left is saved
20:46:50 DEBUG [Main] [Geode]:     Check if show-icon is saved
20:46:50 DEBUG [Main] [Geode]:     Check if show-from is saved
20:46:50 DEBUG [Main] [Geode]:     Check if use-start-pos is saved
20:46:50 DEBUG [Main] [Geode]:   alphalaneous.projectedstars
20:46:50 DEBUG [Main] [Geode]:     Check covered
20:46:50 DEBUG [Main] [Geode]:   elohmrow.death_tracker
20:46:50 DEBUG [Main] [Geode]:     Check covered
20:46:50 DEBUG [Main] [Geode]:     Check if disable-tracking-completed-levels is saved
20:46:50 DEBUG [Main] [Geode]:   absolllute.megahack
20:46:50 DEBUG [Main] [Geode]:     Check covered
20:46:50 DEBUG [Main] [Geode]:   abb2k.backup
20:46:50 DEBUG [Main] [Geode]:     Check covered
20:46:50 DEBUG [Main] [Geode]:     Check if Max_Auto_Backups is saved
20:46:50 DEBUG [Main] [Geode]:     Check if Auto_Backup is saved
20:46:50 DEBUG [Main] [Geode]:     Check if Button_In_Options_Menu is saved
20:46:50 DEBUG [Main] [Geode]:   adyagd.godlikefaces
20:46:50 DEBUG [Main] [Geode]:     Check covered
20:46:50 DEBUG [Main] [Geode]:   alphalaneous.integratedloquibot
20:46:50 DEBUG [Main] [Geode]:     Check covered
20:46:50 DEBUG [Main] [Geode]:   bitz.customprofiles
20:46:50 DEBUG [Main] [Geode]:     Check covered
20:46:50 DEBUG [Main] [Geode]:     Check if Normal-colors is saved
20:46:50 DEBUG [Main] [Geode]:     Check if No-corners is saved
20:46:50 DEBUG [Main] [Geode]:     Check if Disable-info-button is saved
20:46:50 DEBUG [Main] [Geode]:     Check if Invert-Colors is saved
20:46:50 DEBUG [Main] [Geode]:     Check if Round-corners is saved
20:46:50 DEBUG [Main] [Geode]:     Check if Square-corners is saved
20:46:50 DEBUG [Main] [Geode]:     Check if Animate-colors is saved
20:46:50 DEBUG [Main] [Geode]:   capeling.icon_profile_2.2
20:46:50 DEBUG [Main] [Geode]:     Check covered
20:46:50 DEBUG [Main] [Geode]:   coderqc.gdswearfilter
20:46:50 DEBUG [Main] [Geode]:     Check covered
20:46:50 DEBUG [Main] [Geode]:     Check if censor-comments is saved
20:46:50 DEBUG [Main] [Geode]:     Check if strict-mode is saved
20:46:50 DEBUG [Main] [Geode]:     Check if filter-profanity is saved
20:46:50 DEBUG [Main] [Geode]:     Check if censor-level-descriptions is saved
20:46:50 DEBUG [Main] [Geode]:     Check if filter-antilgbtq is saved
20:46:50 DEBUG [Main] [Geode]:     Check if filter-sexual is saved
20:46:50 DEBUG [Main] [Geode]:     Check if filter-racism is saved
20:46:50 DEBUG [Main] [Geode]:     Check if censor-level-names is saved
20:46:50 DEBUG [Main] [Geode]:     Check if relax-censor is saved
20:46:50 DEBUG [Main] [Geode]:   colon.gold_user_coins
20:46:50 DEBUG [Main] [Geode]:     Check covered
20:46:50 DEBUG [Main] [Geode]:   coopeeo.customname
20:46:50 DEBUG [Main] [Geode]:     Check covered
20:46:50 DEBUG [Main] [Geode]:     Check if thename is saved
20:46:50 DEBUG [Main] [Geode]:   cvolton.betterinfo
20:46:50 DEBUG [Main] [Geode]:     Check covered
20:46:50 DEBUG [Main] [Geode]:     Check if fix-green-users is saved
20:46:50 DEBUG [Main] [Geode]:     Check if show-comment-ids is saved
20:46:50 DEBUG [Main] [Geode]:     Check if white-id is saved
20:46:50 DEBUG [Main] [Geode]:     Check if level-info is saved
20:46:50 DEBUG [Main] [Geode]:     Check if alt-button is saved
20:46:50 DEBUG [Main] [Geode]:     Check if auto-submit is saved
20:46:50 DEBUG [Main] [Geode]:   tpdea.betterpause-Better
20:46:50 DEBUG [Main] [Geode]:     Check covered
20:46:50 DEBUG [Main] [Geode]:     Check if level-editor-hack is saved
20:46:50 DEBUG [Main] [Geode]:     Check if show-comment-button is saved
20:46:50 DEBUG [Main] [Geode]:     Check if disable-arrow-blink is saved
20:46:50 DEBUG [Main] [Geode]:   dankmeme.globed2
20:46:50 DEBUG [Main] [Geode]:     Check covered
20:46:50 DEBUG [Main] [Geode]:   elnexreal.copy_song_id
20:46:50 DEBUG [Main] [Geode]:     Check covered
20:46:50 DEBUG [Main] [Geode]:   gdutilsdevs.gdutils
20:46:50 DEBUG [Main] [Geode]:     Check covered
20:46:50 DEBUG [Main] [Geode]:     Check if everywhereElse is saved
20:46:50 DEBUG [Main] [Geode]:     Check if weekly is saved
20:46:50 DEBUG [Main] [Geode]:     Check if daily is saved
20:46:50 DEBUG [Main] [Geode]:     Check if spotify-section is saved
20:46:50 DEBUG [Main] [Geode]:     Check if inEditor is saved
20:46:50 DEBUG [Main] [Geode]:     Check if inLevels is saved
20:46:50 DEBUG [Main] [Geode]:     Check if misc-section is saved
20:46:50 DEBUG [Main] [Geode]:     Check if customDifficultyFaces is saved
20:46:50 DEBUG [Main] [Geode]:     Check if newRate is saved
20:46:50 DEBUG [Main] [Geode]:     Check if sfx is saved
20:46:50 DEBUG [Main] [Geode]:     Check if spotifyApp is saved
20:46:50 DEBUG [Main] [Geode]:     Check if size is saved
20:46:50 DEBUG [Main] [Geode]:     Check if time is saved
20:46:50 DEBUG [Main] [Geode]:     Check if test-notification is saved
20:46:50 DEBUG [Main] [Geode]:     Check if demonListPlacement is saved
20:46:50 DEBUG [Main] [Geode]:     Check if inEditorSpotify is saved
20:46:50 DEBUG [Main] [Geode]:     Check if inLevelsSpotify is saved
20:46:50 DEBUG [Main] [Geode]:     Check if friendSearch is saved
20:46:50 DEBUG [Main] [Geode]:     Check if notificationPlacement is saved
20:46:50 DEBUG [Main] [Geode]:     Check if notification-section is saved
20:46:50 DEBUG [Main] [Geode]:     Check if notification-placement-section is saved
20:46:50 DEBUG [Main] [Geode]:     Check if notification-appearance-section is saved
20:46:50 DEBUG [Main] [Geode]:     Check if credits-section is saved
20:46:50 DEBUG [Main] [Geode]:     Check if credit-buttons is saved
20:46:50 DEBUG [Main] [Geode]:   thesillydoggo.better_startpos_menu
20:46:50 DEBUG [Main] [Geode]:     Check covered
20:46:50 DEBUG [Main] [Geode]:   geode.custom-keybinds
20:46:50 DEBUG [Main] [Geode]:     Check covered
20:46:50 DEBUG [Main] [Geode]:   geode.node-ids
20:46:50 DEBUG [Main] [Geode]:     Check covered
20:46:50 DEBUG [Main] [Geode]:   hjfod.betteredit
20:46:50 DEBUG [Main] [Geode]:     Check covered
20:46:50 DEBUG [Main] [Geode]:     Check if larger-color-menu is saved
20:46:50 DEBUG [Main] [Geode]:     Check if mouse-move-on-zoom is saved
20:46:50 DEBUG [Main] [Geode]:     Check if scale-factor is saved
20:46:50 DEBUG [Main] [Geode]:     Check if better-font-select is saved
20:46:50 DEBUG [Main] [Geode]:     Check if scale-pause is saved
20:46:50 DEBUG [Main] [Geode]:     Check if scale-build-tabs is saved
20:46:50 DEBUG [Main] [Geode]:     Check if new-color-menu is saved
20:46:50 DEBUG [Main] [Geode]:     Check if show-zoom-text is saved
20:46:50 DEBUG [Main] [Geode]:   hjfod.gdshare
20:46:50 DEBUG [Main] [Geode]:     Check covered
20:46:50 DEBUG [Main] [Geode]:   hjfod.gmd-api
20:46:50 DEBUG [Main] [Geode]:     Check covered
20:46:50 DEBUG [Main] [Geode]:   muhammadgames.bettermenu
20:46:50 DEBUG [Main] [Geode]:     Check covered
20:46:50 DEBUG [Main] [Geode]:     Check if ShortcutWeekly is saved
20:46:50 DEBUG [Main] [Geode]:     Check if RunMainMenu is saved
20:46:50 DEBUG [Main] [Geode]:     Check if ShortcutMyLevel is saved
20:46:50 DEBUG [Main] [Geode]:     Check if ShortcutSavedLevels is saved
20:46:50 DEBUG [Main] [Geode]:     Check if ShortcutSearch is saved
20:46:50 DEBUG [Main] [Geode]:     Check if replacename is saved
20:46:50 DEBUG [Main] [Geode]:     Check if ShortcutDaily is saved
20:46:50 DEBUG [Main] [Geode]:     Check if HideName is saved
20:46:50 DEBUG [Main] [Geode]:     Check if MoveMenuPos is saved
20:46:50 DEBUG [Main] [Geode]:     Check if MoveMenuPosFlip is saved
20:46:50 DEBUG [Main] [Geode]:     Check if RightSide is saved
20:46:50 DEBUG [Main] [Geode]:   redlime.statchanges
20:46:50 DEBUG [Main] [Geode]:     Check covered
20:46:50 DEBUG [Main] [Geode]:     Check if weeks is saved
20:46:50 DEBUG [Main] [Geode]:     Check if upArrowColor is saved
20:46:50 DEBUG [Main] [Geode]:     Check if textScale is saved
20:46:50 DEBUG [Main] [Geode]:     Check if downArrowColor is saved
20:46:50 DEBUG [Main] [Geode]:   thesillydoggo.animatedprofiles
20:46:50 DEBUG [Main] [Geode]:     Check covered
20:46:50 DEBUG [Main] [Geode]:   thesillydoggo.entersearch
20:46:50 DEBUG [Main] [Geode]:     Check covered
20:46:50 DEBUG [Main] [Geode]:   TheSillyDoggo.GradientPages
20:46:50 DEBUG [Main] [Geode]:     Check covered
20:46:50 DEBUG [Main] [Geode]:     Check if apply-filter is saved
20:46:50 DEBUG [Main] [Geode]:     Check if apply-credits is saved
20:46:50 DEBUG [Main] [Geode]:     Check if apply-profiles is saved
20:46:50 DEBUG [Main] [Geode]:     Check if apply-unlock is saved
20:46:50 DEBUG [Main] [Geode]:     Check if apply-info-layer is saved
20:46:50 DEBUG [Main] [Geode]:     Check if apply-pagesel is saved
20:46:50 DEBUG [Main] [Geode]:     Check if apply-shards is saved
20:46:50 DEBUG [Main] [Geode]:     Check if apply-demon is saved
20:46:50 DEBUG [Main] [Geode]:     Check if apply-quests is saved
20:46:50 DEBUG [Main] [Geode]:     Check if reverse-order is saved
20:46:50 DEBUG [Main] [Geode]:     Check if use-custom-colours is saved
20:46:50 DEBUG [Main] [Geode]:     Check if primary-colour is saved
20:46:50 DEBUG [Main] [Geode]:     Check if secondary-colour is saved
20:46:50 DEBUG [Main] [Geode]:   xanii.youtubers
20:46:50 DEBUG [Main] [Geode]:     Check covered
20:46:50 INFO  [Main] [Geode]:   Took 0.09s
20:47:02 DEBUG [Main] [Globed]: cleaning up..
20:47:02 DEBUG [Main] [Globed]: Goodbye!
20:47:02 DEBUG [Main] [Globed]: audio thread halted.
