10:57:53 [Geode]: Set up platform crash logger
10:57:53 [Geode]: Setting up Loader...
10:57:53 [Geode]: Set up internal mod representation
10:57:53 [Geode]: Loading hooks... 
10:57:53 [Geode]: Enabling hook at function cocos2d::CCFileUtils::sharedFileUtils with address 69865DC0
10:57:53 [Geode]: Enabling hook at function cocos2d::CCNode::getUserObject with address 697FF570
10:57:53 [Geode]: Enabling hook at function cocos2d::CCNode::setUserObject with address 69800700
10:57:53 [Geode]: Enabling hook at function LoadingLayer::init with address 00A2C080
10:57:53 [Geode]: Enabling hook at function LoadingLayer::loadAssets with address 00A2C8E0
10:57:53 [Geode]: Enabling hook at function GJBaseGameLayer::collectItem with address 009B1890
10:57:53 [Geode]: Enabling hook at function GJBaseGameLayer::collectedObject with address 009B1830
10:57:53 [Geode]: Enabling hook at function cocos2d::CCTouchDispatcher::addTargetedDelegate with address 69895020
10:57:53 [Geode]: Enabling hook at function cocos2d::CCTouchDispatcher::decrementForcePrio with address 698950A0
10:57:53 [Geode]: Enabling hook at function cocos2d::CCTouchDispatcher::incrementForcePrio with address 69895320
10:57:53 [Geode]: Enabling hook at function AchievementNotifier::willSwitchToScene with address 008AFEA0
10:57:53 [Geode]: Enabling hook at function AppDelegate::trySaveGame with address 008DD5E0
10:57:53 [Geode]: Enabling hook at function cocos2d::CCScheduler::update with address 698A3430
10:57:53 [Geode]: Enabling hook at function LoadingLayer::loadAssets with address 00A2C8E0
10:57:53 [Geode]: Enabling hook at function CCTextInputNode::init with address 008C0E50
10:57:53 [Geode]: Enabling hook at function CCTextInputNode::updateLabel with address 008C1190
10:57:53 [Geode]: Enabling hook at function CreatorLayer::init with address 008EDE40
10:57:53 [Geode]: Enabling hook at function CustomSongWidget::init with address 009085B0
10:57:53 [Geode]: Enabling hook at function CustomizeObjectLayer::init with address 008F3E00
10:57:53 [Geode]: Enabling hook at function CustomizeObjectLayer::toggleVisible with address 008F6FB0
10:57:53 [Geode]: Enabling hook at function EditLevelLayer::init with address 0090F5D0
10:57:53 [Geode]: Enabling hook at function EditorPauseLayer::init with address 009130E0
10:57:53 [Geode]: Enabling hook at function EditorUI::init with address 00916310
10:57:53 [Geode]: Enabling hook at function GJGarageLayer::init with address 009C55D0
10:57:53 [Geode]: Enabling hook at function LevelBrowserLayer::init with address 009FA040
10:57:53 [Geode]: Enabling hook at function LevelInfoLayer::init with address 00A15DF0
10:57:53 [Geode]: Enabling hook at function LevelSearchLayer::init with address 00A1DA60
10:57:53 [Geode]: Enabling hook at function LevelSettingsLayer::init with address 00A10E50
10:57:53 [Geode]: Enabling hook at function PauseLayer::customSetup with address 00A84620
10:57:53 [Geode]: Enabling hook at function UILayer::init with address 00AFF3B0
10:57:53 [Geode]: Enabling hook at function LoadingLayer::loadAssets with address 00A2C8E0
10:57:53 [Geode]: Enabling hook at function MenuLayer::init with address 00A307B0
10:57:53 [Geode]: Loaded hooks
10:57:53 [Geode]: Setting up IPC...
10:57:53 [Geode]: IPC set up
10:57:53 [Geode]: Refreshing mod graph...
10:57:53 [Geode]:   Queueing mods
10:57:53 [Geode]:     Searching "C:\\Program Files (x86)\\Steam\\steamapps\\common\\Geometry Dash\\geode\\mods"
10:57:53 [Geode]:   Populating mod list
10:57:53 [Geode]:   Building mod graph
10:57:53 [Geode]:     geode.loader
10:57:53 [Geode]:   Loading early mods
10:57:53 [Geode]:   Took 0.001s. Continuing next frame...
10:57:53 [Geode]: Set up loader
10:57:53 [Geode]: Entry done.
10:58:03 [Geode]: Continuing mod graph refresh...
10:58:03 [Geode]:   Finding problems
10:58:03 [Geode]:     geode.loader
10:58:03 [Geode]:   Took 0s
10:58:13 [Geode]: Adding resources
10:58:13 [Geode]: Adding resources for geode.loader
10:58:13 [Geode]: Adding sheet geode.loader/LogoSheet
10:58:13 [Geode]: Adding sheet geode.loader/APISheet
10:58:13 [Geode]: Adding sheet geode.loader/BlankSheet
10:58:13 [Geode]: Checking updates for index
10:58:19 [Geode]: Updating local index cache
10:58:19 [Geode]: balt.freewindow: [mod.json].binary has been removed.
10:58:19 [Geode]: camila314.noclip: [mod.json].required has been deprecated and will be removed in a future update. Use importance instead (see TODO: DOCS LINK)
10:58:19 [Geode]: camila314.startswitcher: [mod.json].required has been deprecated and will be removed in a future update. Use importance instead (see TODO: DOCS LINK)
10:58:19 [Geode]: chs000.modmenutest: [mod.json].required has been deprecated and will be removed in a future update. Use importance instead (see TODO: DOCS LINK)
10:58:19 [Geode]: chs000.modmenutest: [mod.json].required has been deprecated and will be removed in a future update. Use importance instead (see TODO: DOCS LINK)
10:58:19 [Geode]: hjfod.gdshare: [mod.json].required has been deprecated and will be removed in a future update. Use importance instead (see TODO: DOCS LINK)
11:07:27 [Geode]: Saving...
11:07:27 [Geode]: Check covered
11:07:27 [Geode]: Check if auto-check-updates is saved
11:07:27 [Geode]: Check if show-platform-console is saved
11:07:27 [Geode]: Check if disable-last-crashed-popup is saved
11:07:27 [Geode]: Check if auto-update-mods is saved
11:07:27 [Geode]: Check covered
11:07:27 [Geode]: Check if auto-check-updates is saved
11:07:27 [Geode]: Check if show-platform-console is saved
11:07:27 [Geode]: Check if disable-last-crashed-popup is saved
11:07:27 [Geode]: Check if auto-update-mods is saved
11:07:27 [Geode]: Saved
