18:19:23 INFO  [Main] [Geode]: Running Geode v2.0.0-beta.20 in Geometry Dash v2.204
18:19:23 INFO  [Main] [Geode]: Setting up internal mod
18:19:23 INFO  [Main] [Geode]: Setting up loader
18:19:23 DEBUG [Main] [Geode]:   Loading launch arguments
18:19:23 DEBUG [Main] [Geode]:   Setting up crash handler
18:19:23 DEBUG [Main] [Geode]:   Loading hooks
18:19:23 DEBUG [Main] [Geode]:     Enabled cocos2d::CCFileUtils::fullPathForFilename hook at 0x6a030f40 for geode.loader
18:19:23 DEBUG [Main] [Geode]:     Enabled cocos2d::CCFileUtils::sharedFileUtils hook at 0x6a039770 for geode.loader
18:19:23 DEBUG [Main] [Geode]:     Enabled cocos2d::CCNode::getUserObject hook at 0x6a0831f0 for geode.loader
18:19:23 DEBUG [Main] [Geode]:     Enabled cocos2d::CCNode::setUserObject hook at 0x69fd15a0 for geode.loader
18:19:23 DEBUG [Main] [Geode]:     Enabled LoadingLayer::init hook at 0xae6370 for geode.loader
18:19:23 DEBUG [Main] [Geode]:     Enabled LoadingLayer::loadAssets hook at 0xae6bd0 for geode.loader
18:19:23 DEBUG [Main] [Geode]:     Enabled MenuLayer::init hook at 0xaeb450 for geode.loader
18:19:23 DEBUG [Main] [Geode]:     Enabled ProfilePage::getUserInfoFinished hook at 0xb61db0 for geode.loader
18:19:23 DEBUG [Main] [Geode]:     Enabled AchievementNotifier::willSwitchToScene hook at 0x88c200 for geode.loader
18:19:23 DEBUG [Main] [Geode]:     Enabled AppDelegate::trySaveGame hook at 0x8cb790 for geode.loader
18:19:23 DEBUG [Main] [Geode]:     Enabled cocos2d::CCScheduler::update hook at 0x6a076db0 for geode.loader
18:19:23 DEBUG [Main] [Geode]:     Enabled CCTextInputNode::ccTouchBegan hook at 0x8a04f0 for geode.loader
18:19:23 DEBUG [Main] [Geode]:     Enabled LoadingLayer::loadAssets hook at 0xae6bd0 for geode.loader
18:19:23 DEBUG [Main] [Geode]:   Setting up directories
18:19:23 INFO  [Main] [Geode]:   Refreshing mod graph
18:19:23 DEBUG [Main] [Geode]:     Queueing mods
18:19:23 DEBUG [Main] [Geode]:       Searching C:\Program Files (x86)\Steam\steamapps\common\Geometry Dash\geode\mods
18:19:23 DEBUG [Main] [Geode]:         Found abb2k.backup.geode
18:19:23 DEBUG [Main] [Geode]:           id: abb2k.backup
18:19:23 DEBUG [Main] [Geode]:           version: v1.0.4
18:19:23 DEBUG [Main] [Geode]:           early: no
18:19:23 DEBUG [Main] [Geode]:         Found absolllute.megahack.geode
18:19:23 DEBUG [Main] [Geode]:           id: absolllute.megahack
18:19:23 DEBUG [Main] [Geode]:           version: v8.0.0-alpha.10
18:19:23 DEBUG [Main] [Geode]:           early: yes
18:19:23 DEBUG [Main] [Geode]:         Found alk.editorcollab.geode
18:19:23 ERROR [Main] [Geode]:           Failed to queue: "C:\Program Files (x86)\Steam\steamapps\common\Geometry Dash\geode\mods\alk.editorcollab.geode" - [mod.json] is missing target GD version
18:19:23 DEBUG [Main] [Geode]:         Found alk.fps-shower.geode
18:19:23 ERROR [Main] [Geode]:           Failed to queue: "C:\Program Files (x86)\Steam\steamapps\common\Geometry Dash\geode\mods\alk.fps-shower.geode" - [mod.json] is missing target GD version
18:19:23 DEBUG [Main] [Geode]:         Found alphalaneous.projectedstars.geode
18:19:23 DEBUG [Main] [Geode]:           id: alphalaneous.projectedstars
18:19:23 DEBUG [Main] [Geode]:           version: v1.1.2
18:19:23 DEBUG [Main] [Geode]:           early: no
18:19:23 DEBUG [Main] [Geode]:         Found bitz.customprofiles.geode
18:19:23 DEBUG [Main] [Geode]:           id: bitz.customprofiles
18:19:23 DEBUG [Main] [Geode]:           version: v1.0.5
18:19:23 DEBUG [Main] [Geode]:           early: no
18:19:23 DEBUG [Main] [Geode]:         Found camila314.acbypass.geode
18:19:24 ERROR [Main] [Geode]:           Failed to queue: "C:\Program Files (x86)\Steam\steamapps\common\Geometry Dash\geode\mods\camila314.acbypass.geode" - [mod.json] is missing target GD version
18:19:24 DEBUG [Main] [Geode]:         Found camila314.demonlist-button.geode
18:19:24 ERROR [Main] [Geode]:           Failed to queue: "C:\Program Files (x86)\Steam\steamapps\common\Geometry Dash\geode\mods\camila314.demonlist-button.geode" - [mod.json] is missing target GD version
18:19:24 DEBUG [Main] [Geode]:         Found camila314.noclip.geode
18:19:24 ERROR [Main] [Geode]:           Failed to queue: "C:\Program Files (x86)\Steam\steamapps\common\Geometry Dash\geode\mods\camila314.noclip.geode" - [mod.json] is missing target GD version
18:19:24 DEBUG [Main] [Geode]:         Found capeling.icon_profile_2.2.geode
18:19:24 DEBUG [Main] [Geode]:           id: capeling.icon_profile_2.2
18:19:24 DEBUG [Main] [Geode]:           version: v1.1.4
18:19:24 DEBUG [Main] [Geode]:           early: no
18:19:24 DEBUG [Main] [Geode]:         Found chs.confirmquit.geode
18:19:24 ERROR [Main] [Geode]:           Failed to queue: "C:\Program Files (x86)\Steam\steamapps\common\Geometry Dash\geode\mods\chs.confirmquit.geode" - [mod.json] is missing target GD version
18:19:24 DEBUG [Main] [Geode]:         Found cj_link.fakemoderator.geode
18:19:24 DEBUG [Main] [Geode]:           id: cj_link.fakemoderator
18:19:24 DEBUG [Main] [Geode]:           version: v1.0.1
18:19:24 DEBUG [Main] [Geode]:           early: no
18:19:24 DEBUG [Main] [Geode]:         Found coderqc.gdswearfilter.geode
18:19:24 DEBUG [Main] [Geode]:           id: coderqc.gdswearfilter
18:19:24 DEBUG [Main] [Geode]:           version: v1.0.1
18:19:24 DEBUG [Main] [Geode]:           early: no
18:19:24 DEBUG [Main] [Geode]:         Found colon.gold_user_coins.geode
18:19:24 DEBUG [Main] [Geode]:           id: colon.gold_user_coins
18:19:24 DEBUG [Main] [Geode]:           version: v1.0.1
18:19:24 DEBUG [Main] [Geode]:           early: no
18:19:24 DEBUG [Main] [Geode]:         Found cvolton.betterinfo.geode
18:19:24 DEBUG [Main] [Geode]:           id: cvolton.betterinfo
18:19:24 DEBUG [Main] [Geode]:           version: v4.0.0-alpha.13
18:19:24 DEBUG [Main] [Geode]:           early: no
18:19:24 DEBUG [Main] [Geode]:         Found cvolton.capacity_fix.geode
18:19:24 ERROR [Main] [Geode]:           Failed to queue: "C:\Program Files (x86)\Steam\steamapps\common\Geometry Dash\geode\mods\cvolton.capacity_fix.geode" - [mod.json] is missing target GD version
18:19:24 DEBUG [Main] [Geode]:         Found dankmeme.globed2.geode
18:19:24 DEBUG [Main] [Geode]:           id: dankmeme.globed2
18:19:24 DEBUG [Main] [Geode]:           version: v1.2.2
18:19:24 DEBUG [Main] [Geode]:           early: no
18:19:24 DEBUG [Main] [Geode]:         Found elnexreal.auto_priority.geode
18:19:24 DEBUG [Main] [Geode]:           id: elnexreal.auto_priority
18:19:24 DEBUG [Main] [Geode]:           version: v1.0.0
18:19:24 DEBUG [Main] [Geode]:           early: no
18:19:24 DEBUG [Main] [Geode]:         Found elnexreal.copy_song_id.geode
18:19:24 DEBUG [Main] [Geode]:           id: elnexreal.copy_song_id
18:19:24 DEBUG [Main] [Geode]:           version: v1.2.2
18:19:24 DEBUG [Main] [Geode]:           early: no
18:19:24 DEBUG [Main] [Geode]:         Found elohmrow.death_tracker.geode
18:19:24 DEBUG [Main] [Geode]:           id: elohmrow.death_tracker
18:19:24 DEBUG [Main] [Geode]:           version: v1.4.3
18:19:24 DEBUG [Main] [Geode]:           early: no
18:19:24 DEBUG [Main] [Geode]:         Found fleym.nongd.geode
18:19:24 ERROR [Main] [Geode]:           Failed to queue: "C:\Program Files (x86)\Steam\steamapps\common\Geometry Dash\geode\mods\fleym.nongd.geode" - [mod.json] is missing target GD version
18:19:24 DEBUG [Main] [Geode]:         Found gdutilsdevs.gdutils.geode
18:19:24 DEBUG [Main] [Geode]:           id: gdutilsdevs.gdutils
18:19:24 DEBUG [Main] [Geode]:           version: v1.2.14
18:19:24 DEBUG [Main] [Geode]:           early: no
18:19:24 DEBUG [Main] [Geode]:         Found geode.custom-keybinds.geode
18:19:24 DEBUG [Main] [Geode]:           id: geode.custom-keybinds
18:19:24 DEBUG [Main] [Geode]:           version: v1.4.0
18:19:24 DEBUG [Main] [Geode]:           early: no
18:19:24 DEBUG [Main] [Geode]:         Found geode.node-ids.geode
18:19:24 DEBUG [Main] [Geode]:           id: geode.node-ids
18:19:24 DEBUG [Main] [Geode]:           version: v1.3.0
18:19:24 DEBUG [Main] [Geode]:           early: no
18:19:24 DEBUG [Main] [Geode]:         Found hiimjustin000.integrated_demonlist.geode
18:19:24 DEBUG [Main] [Geode]:           id: hiimjustin000.integrated_demonlist
18:19:24 DEBUG [Main] [Geode]:           version: v1.3.0
18:19:24 DEBUG [Main] [Geode]:           early: no
18:19:24 DEBUG [Main] [Geode]:         Found hjfod.betteredit.geode
18:19:24 WARN  [Main] [Geode]:           settings.mouse-move-on-zoom contains unknown key "platforms"
18:19:24 DEBUG [Main] [Geode]:           id: hjfod.betteredit
18:19:24 DEBUG [Main] [Geode]:           version: v6.0.0
18:19:24 DEBUG [Main] [Geode]:           early: no
18:19:24 DEBUG [Main] [Geode]:         Found hjfod.custom-keybinds.geode
18:19:24 ERROR [Main] [Geode]:           Failed to queue: "C:\Program Files (x86)\Steam\steamapps\common\Geometry Dash\geode\mods\hjfod.custom-keybinds.geode" - [mod.json] is missing target GD version
18:19:24 DEBUG [Main] [Geode]:         Found hjfod.gdshare.geode
18:19:24 DEBUG [Main] [Geode]:           id: hjfod.gdshare
18:19:24 DEBUG [Main] [Geode]:           version: v1.0.4
18:19:24 DEBUG [Main] [Geode]:           early: no
18:19:24 DEBUG [Main] [Geode]:         Found hjfod.gmd-api.geode
18:19:24 DEBUG [Main] [Geode]:           id: hjfod.gmd-api
18:19:24 DEBUG [Main] [Geode]:           version: v1.0.1
18:19:24 DEBUG [Main] [Geode]:           early: no
18:19:24 DEBUG [Main] [Geode]:         Found lexi.visiblecheckpoints.geode
18:19:24 DEBUG [Main] [Geode]:           id: lexi.visiblecheckpoints
18:19:24 DEBUG [Main] [Geode]:           version: v0.1.4
18:19:24 DEBUG [Main] [Geode]:           early: no
18:19:24 DEBUG [Main] [Geode]:         Found mat.fps-bypass.geode
18:19:24 ERROR [Main] [Geode]:           Failed to queue: "C:\Program Files (x86)\Steam\steamapps\common\Geometry Dash\geode\mods\mat.fps-bypass.geode" - [mod.json] is missing target GD version
18:19:24 DEBUG [Main] [Geode]:         Found mat.practice-music.geode
18:19:24 ERROR [Main] [Geode]:           Failed to queue: "C:\Program Files (x86)\Steam\steamapps\common\Geometry Dash\geode\mods\mat.practice-music.geode" - [mod.json] is missing target GD version
18:19:24 DEBUG [Main] [Geode]:         Found mat.run-info.geode
18:19:24 DEBUG [Main] [Geode]:           id: mat.run-info
18:19:24 DEBUG [Main] [Geode]:           version: v1.0.2
18:19:24 DEBUG [Main] [Geode]:           early: no
18:19:24 DEBUG [Main] [Geode]:         Found mat.scroll-zoom.geode
18:19:24 ERROR [Main] [Geode]:           Failed to queue: "C:\Program Files (x86)\Steam\steamapps\common\Geometry Dash\geode\mods\mat.scroll-zoom.geode" - [mod.json] is missing target GD version
18:19:24 DEBUG [Main] [Geode]:         Found muhammadgames.bettermenu.geode
18:19:24 DEBUG [Main] [Geode]:           id: muhammadgames.bettermenu
18:19:24 DEBUG [Main] [Geode]:           version: v1.0.4-beta.12
18:19:24 DEBUG [Main] [Geode]:           early: no
18:19:24 DEBUG [Main] [Geode]:         Found redlime.statchanges.geode
18:19:24 DEBUG [Main] [Geode]:           id: redlime.statchanges
18:19:24 DEBUG [Main] [Geode]:           version: v1.1.0
18:19:24 DEBUG [Main] [Geode]:           early: no
18:19:24 DEBUG [Main] [Geode]:         Found rlt.gd-platformer.geode
18:19:24 ERROR [Main] [Geode]:           Failed to queue: "C:\Program Files (x86)\Steam\steamapps\common\Geometry Dash\geode\mods\rlt.gd-platformer.geode" - [mod.json] is missing target GD version
18:19:24 DEBUG [Main] [Geode]:         Found ruslan.apm.geode
18:19:24 ERROR [Main] [Geode]:           Failed to queue: "C:\Program Files (x86)\Steam\steamapps\common\Geometry Dash\geode\mods\ruslan.apm.geode" - [mod.json] is missing target GD version
18:19:24 DEBUG [Main] [Geode]:         Found ruslan.nm.geode
18:19:24 ERROR [Main] [Geode]:           Failed to queue: "C:\Program Files (x86)\Steam\steamapps\common\Geometry Dash\geode\mods\ruslan.nm.geode" - [mod.json] is missing target GD version
18:19:24 DEBUG [Main] [Geode]:         Found thesillydoggo.animatedprofiles.geode
18:19:24 DEBUG [Main] [Geode]:           id: thesillydoggo.animatedprofiles
18:19:24 DEBUG [Main] [Geode]:           version: v1.0.1
18:19:24 DEBUG [Main] [Geode]:           early: no
18:19:24 DEBUG [Main] [Geode]:         Found thesillydoggo.better_startpos_menu.geode
18:19:24 DEBUG [Main] [Geode]:           id: thesillydoggo.better_startpos_menu
18:19:24 DEBUG [Main] [Geode]:           version: v1.1.0
18:19:24 DEBUG [Main] [Geode]:           early: no
18:19:24 DEBUG [Main] [Geode]:         Found thesillydoggo.entersearch.geode
18:19:24 DEBUG [Main] [Geode]:           id: thesillydoggo.entersearch
18:19:24 DEBUG [Main] [Geode]:           version: v1.0.0
18:19:24 DEBUG [Main] [Geode]:           early: no
18:19:24 DEBUG [Main] [Geode]:         Found TheSillyDoggo.GradientPages.geode
18:19:24 DEBUG [Main] [Geode]:           id: TheSillyDoggo.GradientPages
18:19:24 DEBUG [Main] [Geode]:           version: v2.1.0
18:19:24 DEBUG [Main] [Geode]:           early: no
18:19:24 DEBUG [Main] [Geode]:         Found thesillydoggo.icon_kit_switcher.geode
18:19:24 DEBUG [Main] [Geode]:           id: thesillydoggo.icon_kit_switcher
18:19:24 DEBUG [Main] [Geode]:           version: v1.0.2
18:19:24 DEBUG [Main] [Geode]:           early: no
18:19:24 DEBUG [Main] [Geode]:         Found tpdea.betterpause-Better.geode
18:19:24 DEBUG [Main] [Geode]:           id: tpdea.betterpause-Better
18:19:24 DEBUG [Main] [Geode]:           version: v1.5.5
18:19:24 DEBUG [Main] [Geode]:           early: no
18:19:24 DEBUG [Main] [Geode]:         Found zilko.xdbot.geode
18:19:24 DEBUG [Main] [Geode]:           id: zilko.xdbot
18:19:24 DEBUG [Main] [Geode]:           version: v1.4.8
18:19:24 DEBUG [Main] [Geode]:           early: no
18:19:24 DEBUG [Main] [Geode]:     Populating mod list
18:19:24 DEBUG [Main] [Geode]:       abb2k.backup v1.0.4
18:19:24 DEBUG [Main] [Geode]:       absolllute.megahack v8.0.0-alpha.10
18:19:24 DEBUG [Main] [Geode]:       alphalaneous.projectedstars v1.1.2
18:19:24 DEBUG [Main] [Geode]:       bitz.customprofiles v1.0.5
18:19:24 DEBUG [Main] [Geode]:       capeling.icon_profile_2.2 v1.1.4
18:19:24 DEBUG [Main] [Geode]:       cj_link.fakemoderator v1.0.1
18:19:24 DEBUG [Main] [Geode]:       coderqc.gdswearfilter v1.0.1
18:19:24 DEBUG [Main] [Geode]:       colon.gold_user_coins v1.0.1
18:19:24 DEBUG [Main] [Geode]:       cvolton.betterinfo v4.0.0-alpha.13
18:19:24 DEBUG [Main] [Geode]:       dankmeme.globed2 v1.2.2
18:19:24 DEBUG [Main] [Geode]:       elnexreal.auto_priority v1.0.0
18:19:24 DEBUG [Main] [Geode]:       elnexreal.copy_song_id v1.2.2
18:19:24 DEBUG [Main] [Geode]:       elohmrow.death_tracker v1.4.3
18:19:24 DEBUG [Main] [Geode]:       gdutilsdevs.gdutils v1.2.14
18:19:24 WARN  [Main] [GDUtils]:       Encountered unknown setting "spotify-section" while loading settings
18:19:24 WARN  [Main] [GDUtils]:       Encountered unknown setting "misc-section" while loading settings
18:19:24 WARN  [Main] [GDUtils]:       Encountered unknown setting "spotifyApp" while loading settings
18:19:24 WARN  [Main] [GDUtils]:       Encountered unknown setting "test-notification" while loading settings
18:19:24 WARN  [Main] [GDUtils]:       Encountered unknown setting "notificationPlacement" while loading settings
18:19:24 WARN  [Main] [GDUtils]:       Encountered unknown setting "notification-section" while loading settings
18:19:24 WARN  [Main] [GDUtils]:       Encountered unknown setting "notification-placement-section" while loading settings
18:19:24 WARN  [Main] [GDUtils]:       Encountered unknown setting "notification-appearance-section" while loading settings
18:19:24 WARN  [Main] [GDUtils]:       Encountered unknown setting "credits-section" while loading settings
18:19:24 WARN  [Main] [GDUtils]:       Encountered unknown setting "credit-buttons" while loading settings
18:19:24 DEBUG [Main] [Geode]:       geode.custom-keybinds v1.4.0
18:19:24 DEBUG [Main] [Geode]:       geode.node-ids v1.3.0
18:19:24 DEBUG [Main] [Geode]:       hiimjustin000.integrated_demonlist v1.3.0
18:19:24 DEBUG [Main] [Geode]:       hjfod.betteredit v6.0.0
18:19:24 DEBUG [Main] [Geode]:       hjfod.gdshare v1.0.4
18:19:24 DEBUG [Main] [Geode]:       hjfod.gmd-api v1.0.1
18:19:24 DEBUG [Main] [Geode]:       lexi.visiblecheckpoints v0.1.4
18:19:24 DEBUG [Main] [Geode]:       mat.run-info v1.0.2
18:19:24 DEBUG [Main] [Geode]:       muhammadgames.bettermenu v1.0.4-beta.12
18:19:24 DEBUG [Main] [Geode]:       redlime.statchanges v1.1.0
18:19:24 DEBUG [Main] [Geode]:       thesillydoggo.animatedprofiles v1.0.1
18:19:24 DEBUG [Main] [Geode]:       thesillydoggo.better_startpos_menu v1.1.0
18:19:24 DEBUG [Main] [Geode]:       thesillydoggo.entersearch v1.0.0
18:19:24 DEBUG [Main] [Geode]:       TheSillyDoggo.GradientPages v2.1.0
18:19:24 DEBUG [Main] [Geode]:       thesillydoggo.icon_kit_switcher v1.0.2
18:19:24 DEBUG [Main] [Geode]:       tpdea.betterpause-Better v1.5.5
18:19:24 DEBUG [Main] [Geode]:       zilko.xdbot v1.4.8
18:19:24 DEBUG [Main] [Geode]:     Building mod graph
18:19:24 DEBUG [Main] [Geode]:       hiimjustin000.integrated_demonlist
18:19:24 DEBUG [Main] [Geode]:         geode.loader
18:19:24 DEBUG [Main] [Geode]:         geode.node-ids
18:19:24 DEBUG [Main] [Geode]:       capeling.icon_profile_2.2
18:19:24 DEBUG [Main] [Geode]:         geode.loader
18:19:24 DEBUG [Main] [Geode]:       geode.loader
18:19:24 DEBUG [Main] [Geode]:       mat.run-info
18:19:24 DEBUG [Main] [Geode]:         geode.loader
18:19:24 DEBUG [Main] [Geode]:       alphalaneous.projectedstars
18:19:24 DEBUG [Main] [Geode]:         geode.loader
18:19:24 DEBUG [Main] [Geode]:         geode.node-ids
18:19:24 DEBUG [Main] [Geode]:       elohmrow.death_tracker
18:19:24 DEBUG [Main] [Geode]:         geode.loader
18:19:24 DEBUG [Main] [Geode]:       absolllute.megahack
18:19:24 DEBUG [Main] [Geode]:         geode.loader
18:19:24 DEBUG [Main] [Geode]:       elnexreal.auto_priority
18:19:24 DEBUG [Main] [Geode]:         geode.loader
18:19:24 DEBUG [Main] [Geode]:       abb2k.backup
18:19:24 DEBUG [Main] [Geode]:         geode.loader
18:19:24 DEBUG [Main] [Geode]:       coderqc.gdswearfilter
18:19:24 DEBUG [Main] [Geode]:         geode.loader
18:19:24 DEBUG [Main] [Geode]:       zilko.xdbot
18:19:24 DEBUG [Main] [Geode]:         geode.loader
18:19:24 DEBUG [Main] [Geode]:         geode.node-ids
18:19:24 DEBUG [Main] [Geode]:       bitz.customprofiles
18:19:24 DEBUG [Main] [Geode]:         geode.loader
18:19:24 DEBUG [Main] [Geode]:         geode.node-ids
18:19:24 DEBUG [Main] [Geode]:       cj_link.fakemoderator
18:19:24 DEBUG [Main] [Geode]:         geode.loader
18:19:24 DEBUG [Main] [Geode]:       colon.gold_user_coins
18:19:24 DEBUG [Main] [Geode]:         geode.loader
18:19:24 DEBUG [Main] [Geode]:       lexi.visiblecheckpoints
18:19:24 DEBUG [Main] [Geode]:         geode.loader
18:19:24 DEBUG [Main] [Geode]:       cvolton.betterinfo
18:19:24 DEBUG [Main] [Geode]:         geode.loader
18:19:24 DEBUG [Main] [Geode]:         geode.node-ids
18:19:24 DEBUG [Main] [Geode]:       tpdea.betterpause-Better
18:19:24 DEBUG [Main] [Geode]:         geode.loader
18:19:24 DEBUG [Main] [Geode]:         geode.node-ids
18:19:24 DEBUG [Main] [Geode]:       dankmeme.globed2
18:19:24 DEBUG [Main] [Geode]:         geode.loader
18:19:24 DEBUG [Main] [Geode]:         geode.custom-keybinds
18:19:24 DEBUG [Main] [Geode]:       elnexreal.copy_song_id
18:19:24 DEBUG [Main] [Geode]:         geode.loader
18:19:24 DEBUG [Main] [Geode]:       gdutilsdevs.gdutils
18:19:24 DEBUG [Main] [Geode]:         geode.loader
18:19:24 DEBUG [Main] [Geode]:       thesillydoggo.better_startpos_menu
18:19:24 DEBUG [Main] [Geode]:         geode.loader
18:19:24 DEBUG [Main] [Geode]:       geode.custom-keybinds
18:19:24 DEBUG [Main] [Geode]:         geode.loader
18:19:24 DEBUG [Main] [Geode]:       geode.node-ids
18:19:24 DEBUG [Main] [Geode]:         geode.loader
18:19:24 DEBUG [Main] [Geode]:       hjfod.betteredit
18:19:24 DEBUG [Main] [Geode]:         geode.loader
18:19:24 DEBUG [Main] [Geode]:         geode.node-ids
18:19:24 DEBUG [Main] [Geode]:         geode.custom-keybinds
18:19:24 DEBUG [Main] [Geode]:       hjfod.gdshare
18:19:24 DEBUG [Main] [Geode]:         geode.loader
18:19:24 DEBUG [Main] [Geode]:         hjfod.gmd-api
18:19:24 DEBUG [Main] [Geode]:         geode.node-ids
18:19:24 DEBUG [Main] [Geode]:       hjfod.gmd-api
18:19:24 DEBUG [Main] [Geode]:         geode.loader
18:19:24 DEBUG [Main] [Geode]:       muhammadgames.bettermenu
18:19:24 DEBUG [Main] [Geode]:         geode.loader
18:19:24 DEBUG [Main] [Geode]:       redlime.statchanges
18:19:24 DEBUG [Main] [Geode]:         geode.loader
18:19:24 DEBUG [Main] [Geode]:         geode.node-ids
18:19:24 DEBUG [Main] [Geode]:       thesillydoggo.animatedprofiles
18:19:24 DEBUG [Main] [Geode]:         geode.loader
18:19:24 DEBUG [Main] [Geode]:         geode.node-ids
18:19:24 DEBUG [Main] [Geode]:       thesillydoggo.entersearch
18:19:24 DEBUG [Main] [Geode]:         geode.loader
18:19:24 DEBUG [Main] [Geode]:       TheSillyDoggo.GradientPages
18:19:24 DEBUG [Main] [Geode]:         geode.loader
18:19:24 DEBUG [Main] [Geode]:       thesillydoggo.icon_kit_switcher
18:19:24 DEBUG [Main] [Geode]:         geode.loader
18:19:24 DEBUG [Main] [Geode]:         geode.node-ids
18:19:24 DEBUG [Main] [Geode]:     Loading early mods
18:19:24 DEBUG [Main] [Geode]:       absolllute.megahack v8.0.0-alpha.10
18:19:24 DEBUG [Main] [Geode]:         Unzip
18:19:25 DEBUG [Main] [Geode]:         Same hash detected, skipping unzip
18:19:25 DEBUG [Main] [Geode]:         Load
18:19:25 DEBUG [Main] [Geode]:         Loading binary for mod absolllute.megahack
18:19:34 INFO  [Main] [Geode]:     Took 10.516s. Continuing next frame...
18:19:34 DEBUG [Main] [Geode]: Setting up IPC
18:19:34 DEBUG [Main] [Geode]:   IPC set up
18:19:34 INFO  [Main] [Geode]: Starting loader update check
18:19:34 INFO  [Main] [Geode]: Entry took 10.598s
18:19:40 INFO  [Main] [Geode]: Continuing mod graph refresh...
18:19:40 DEBUG [Main] [Geode]:   Loading mods
18:19:40 DEBUG [Main] [Geode]:     hiimjustin000.integrated_demonlist v1.3.0 has unresolved dependencies
18:19:41 DEBUG [Main] [Geode]: Enabled GameManager::isIconUnlocked hook at 0x991f90 for absolllute.megahack
18:19:41 DEBUG [Main] [Geode]: Enabled GameManager::isColorUnlocked hook at 0x992490 for absolllute.megahack
18:19:41 DEBUG [Main] [Geode]: Enabled GameManager::setGameVariable hook at 0x9984e0 for absolllute.megahack
18:19:41 DEBUG [Main] [Geode]: Enabled GameManager::getGameVariable hook at 0x998730 for absolllute.megahack
18:19:41 DEBUG [Main] [Geode]: Enabled MenuLayer::init hook at 0xaeb450 for absolllute.megahack
18:19:41 INFO  [Main] [Geode]: Continuing mod graph refresh...
18:19:41 DEBUG [Main] [Geode]:   Loading mods
18:19:41 DEBUG [Main] [Geode]:     capeling.icon_profile_2.2 v1.1.4
18:19:41 DEBUG [Mod Unzip] [Geode]:  Unzip
18:19:42 DEBUG [Mod Unzip] [Geode]:  Same hash detected, skipping unzip
18:19:42 DEBUG [Main] [Geode]:       Load
18:19:42 DEBUG [Main] [Geode]:       Loading binary for mod capeling.icon_profile_2.2
18:19:42 DEBUG [Main] [Geode]:       Enabled MenuLayer::init hook at 0xaeb450 for capeling.icon_profile_2.2
18:19:42 INFO  [Main] [Geode]: Took 0.148s
18:19:42 INFO  [Main] [Geode]: Continuing mod graph refresh...
18:19:42 DEBUG [Main] [Geode]:   Loading mods
18:19:42 DEBUG [Main] [Geode]:     mat.run-info v1.0.2
18:19:42 DEBUG [Mod Unzip] [Geode]:  Unzip
18:19:42 DEBUG [Mod Unzip] [Geode]:  Same hash detected, skipping unzip
18:19:42 DEBUG [Main] [Geode]:       Load
18:19:42 DEBUG [Main] [Geode]:       Loading binary for mod mat.run-info
18:19:42 DEBUG [Main] [Geode]:       Enabled PlayLayer::init hook at 0xb4c4a0 for mat.run-info
18:19:42 DEBUG [Main] [Geode]:       Enabled PlayLayer::resetLevel hook at 0xb5a130 for mat.run-info
18:19:42 DEBUG [Main] [Geode]:       Enabled PlayLayer::togglePracticeMode hook at 0xb5ad30 for mat.run-info
18:19:42 INFO  [Main] [Geode]: Took 0.125s
18:19:42 INFO  [Main] [Geode]: Continuing mod graph refresh...
18:19:42 DEBUG [Main] [Geode]:   Loading mods
18:19:42 DEBUG [Main] [Geode]:     alphalaneous.projectedstars v1.1.2 has unresolved dependencies
18:19:42 INFO  [Main] [Geode]: Took 0.016s
18:19:42 INFO  [Main] [Geode]: Continuing mod graph refresh...
18:19:42 DEBUG [Main] [Geode]:   Loading mods
18:19:42 DEBUG [Main] [Geode]:     elohmrow.death_tracker v1.4.3
18:19:42 DEBUG [Mod Unzip] [Geode]:  Unzip
18:19:42 DEBUG [Mod Unzip] [Geode]:  Same hash detected, skipping unzip
18:19:42 DEBUG [Main] [Geode]:       Load
18:19:42 DEBUG [Main] [Geode]:       Loading binary for mod elohmrow.death_tracker
18:19:42 DEBUG [Main] [Geode]:       Enabled GJBaseGameLayer::setStartPosObject hook at 0xa09e90 for elohmrow.death_tracker
18:19:42 DEBUG [Main] [Geode]:       Enabled PlayLayer::checkpointActivated hook at 0xb576c0 for elohmrow.death_tracker
18:19:42 DEBUG [Main] [Geode]:       Enabled PlayLayer::onQuit hook at 0xb5b480 for elohmrow.death_tracker
18:19:42 DEBUG [Main] [Geode]:       Enabled PlayLayer::resetLevelFromStart hook at 0xb5a090 for elohmrow.death_tracker
18:19:42 DEBUG [Main] [Geode]:       Enabled PlayerObject::playerDestroyed hook at 0xb41b30 for elohmrow.death_tracker
18:19:42 DEBUG [Main] [Geode]:       Enabled LevelInfoLayer::onLevelInfo hook at 0xac6a70 for elohmrow.death_tracker
18:19:42 DEBUG [Main] [Geode]:       Enabled EditLevelLayer::onLevelInfo hook at 0x90db40 for elohmrow.death_tracker
18:19:42 DEBUG [Main] [Geode]:       Enabled LevelPage::onInfo hook at 0xadc400 for elohmrow.death_tracker
18:19:42 DEBUG [Main] [Geode]:       Enabled cocos2d::CCLayerColor::initWithColor hook at 0x6a014c70 for elohmrow.death_tracker
18:19:42 DEBUG [Main] [Geode]:       Enabled FLAlertLayer::init hook at 0x8a0f60 for elohmrow.death_tracker
18:19:42 DEBUG [Main] [Geode]:       Enabled FLAlertLayer::keyBackClicked hook at 0x8a1a10 for elohmrow.death_tracker
18:19:42 DEBUG [Main] [Geode]:       Enabled FLAlertLayer::onBtn1 hook at 0x8a1ab0 for elohmrow.death_tracker
18:19:42 DEBUG [Main] [Geode]:       Enabled FLAlertLayer::show hook at 0x8a1cd0 for elohmrow.death_tracker
18:19:42 INFO  [Main] [Geode]: Took 0.22s
18:19:42 INFO  [Main] [Geode]: Continuing mod graph refresh...
18:19:42 DEBUG [Main] [Geode]:   Loading mods
18:19:42 DEBUG [Main] [Geode]:     elnexreal.auto_priority v1.0.0
18:19:42 DEBUG [Mod Unzip] [Geode]:  Unzip
18:19:42 DEBUG [Mod Unzip] [Geode]:  Same hash detected, skipping unzip
18:19:42 DEBUG [Main] [Geode]:       Load
18:19:42 DEBUG [Main] [Geode]:       Loading binary for mod elnexreal.auto_priority
18:19:42 DEBUG [Main] [Geode]:       Enabled LoadingLayer::loadingFinished hook at 0xae6ae0 for elnexreal.auto_priority
18:19:42 INFO  [Main] [Geode]: Took 0.157s
18:19:42 INFO  [Main] [Geode]: Continuing mod graph refresh...
18:19:42 DEBUG [Main] [Geode]:   Loading mods
18:19:42 DEBUG [Main] [Geode]:     abb2k.backup v1.0.4
18:19:42 DEBUG [Mod Unzip] [Geode]:  Unzip
18:19:42 DEBUG [Mod Unzip] [Geode]:  Same hash detected, skipping unzip
18:19:42 DEBUG [Main] [Geode]:       Load
18:19:42 DEBUG [Main] [Geode]:       Loading binary for mod abb2k.backup
18:19:42 DEBUG [Main] [Geode]:       Enabled MenuLayer::init hook at 0xaeb450 for abb2k.backup
18:19:42 DEBUG [Main] [Geode]:       Enabled OptionsLayer::customSetup hook at 0xb202d0 for abb2k.backup
18:19:42 DEBUG [Main] [Geode]:       Enabled GameManager::doQuickSave hook at 0x99de10 for abb2k.backup
18:19:43 INFO  [Main] [Geode]: Took 0.729s
18:19:43 INFO  [Main] [Geode]: Continuing mod graph refresh...
18:19:43 DEBUG [Main] [Geode]:   Loading mods
18:19:43 DEBUG [Main] [Geode]:     coderqc.gdswearfilter v1.0.1
18:19:43 DEBUG [Mod Unzip] [Geode]:  Unzip
18:19:43 DEBUG [Mod Unzip] [Geode]:  Same hash detected, skipping unzip
18:19:43 DEBUG [Main] [Geode]:       Load
18:19:43 DEBUG [Main] [Geode]:       Loading binary for mod coderqc.gdswearfilter
18:19:43 DEBUG [Main] [Geode]:       Enabled CommentCell::loadFromComment hook at 0x8f4490 for coderqc.gdswearfilter
18:19:43 DEBUG [Main] [Geode]:       Enabled InfoLayer::init hook at 0xa98810 for coderqc.gdswearfilter
18:19:43 DEBUG [Main] [Geode]:       Enabled LevelCell::loadFromLevel hook at 0x8ed8b0 for coderqc.gdswearfilter
18:19:43 INFO  [Main] [Geode]: Took 0.251s
18:19:43 INFO  [Main] [Geode]: Continuing mod graph refresh...
18:19:43 DEBUG [Main] [Geode]:   Loading mods
18:19:43 DEBUG [Main] [Geode]:     zilko.xdbot v1.4.8 has unresolved dependencies
18:19:43 INFO  [Main] [Geode]: Took 0.016s
18:19:43 INFO  [Main] [Geode]: Continuing mod graph refresh...
18:19:43 DEBUG [Main] [Geode]:   Loading mods
18:19:43 DEBUG [Main] [Geode]:     bitz.customprofiles v1.0.5 has unresolved dependencies
18:19:43 INFO  [Main] [Geode]: Took 0.016s
18:19:43 INFO  [Main] [Geode]: Continuing mod graph refresh...
18:19:43 DEBUG [Main] [Geode]:   Loading mods
18:19:43 DEBUG [Main] [Geode]:     cj_link.fakemoderator v1.0.1
18:19:43 DEBUG [Mod Unzip] [Geode]:  Unzip
18:19:43 DEBUG [Mod Unzip] [Geode]:  Same hash detected, skipping unzip
18:19:43 DEBUG [Main] [Geode]:       Load
18:19:43 DEBUG [Main] [Geode]:       Loading binary for mod cj_link.fakemoderator
18:19:43 DEBUG [Main] [Geode]:       Enabled LevelInfoLayer::init hook at 0xac16a0 for cj_link.fakemoderator
18:19:43 DEBUG [Main] [Geode]:       Enabled RateStarsLayer::onRate hook at 0xb651c0 for cj_link.fakemoderator
18:19:43 DEBUG [Main] [Geode]:       Enabled SupportLayer::onRequestAccess hook at 0xc2ca70 for cj_link.fakemoderator
18:19:43 DEBUG [Main] [Geode]:       Enabled ProfilePage::setupPageInfo hook at 0xb62350 for cj_link.fakemoderator
18:19:43 INFO  [Main] [Geode]: Took 0.211s
18:19:43 INFO  [Main] [Geode]: Continuing mod graph refresh...
18:19:43 DEBUG [Main] [Geode]:   Loading mods
18:19:43 DEBUG [Main] [Geode]:     colon.gold_user_coins v1.0.1
18:19:43 DEBUG [Mod Unzip] [Geode]:  Unzip
18:19:43 DEBUG [Mod Unzip] [Geode]:  Same hash detected, skipping unzip
18:19:43 DEBUG [Main] [Geode]:       Load
18:19:43 DEBUG [Main] [Geode]:       Loading binary for mod colon.gold_user_coins
18:19:44 DEBUG [Main] [Geode]:       Enabled MenuLayer::init hook at 0xaeb450 for colon.gold_user_coins
18:19:44 DEBUG [Main] [Geode]:       Enabled cocos2d::CCSprite::setColor hook at 0x6a0478a0 for colon.gold_user_coins
18:19:44 INFO  [Main] [Geode]: Took 0.202s
18:19:44 INFO  [Main] [Geode]: Continuing mod graph refresh...
18:19:44 DEBUG [Main] [Geode]:   Loading mods
18:19:44 DEBUG [Main] [Geode]:     lexi.visiblecheckpoints v0.1.4
18:19:44 DEBUG [Mod Unzip] [Geode]:  Unzip
18:19:44 DEBUG [Mod Unzip] [Geode]:  Same hash detected, skipping unzip
18:19:44 DEBUG [Main] [Geode]:       Load
18:19:44 DEBUG [Main] [Geode]:       Loading binary for mod lexi.visiblecheckpoints
18:19:44 DEBUG [Main] [Geode]:       Enabled PlayLayer::createCheckpoint hook at 0xb576e0 for lexi.visiblecheckpoints
18:19:44 DEBUG [Main] [Geode]:       Enabled PlayLayer::init hook at 0xb4c4a0 for lexi.visiblecheckpoints
18:19:44 DEBUG [Main] [Geode]:       Enabled PlayLayer::removeCheckpoint hook at 0xb58d70 for lexi.visiblecheckpoints
18:19:44 DEBUG [Main] [Geode]:       Enabled PlayLayer::resetLevelFromStart hook at 0xb5a090 for lexi.visiblecheckpoints
18:19:44 DEBUG [Main] [Geode]:       Enabled PlayLayer::setupHasCompleted hook at 0xb4ce40 for lexi.visiblecheckpoints
18:19:44 INFO  [Main] [Geode]: Took 0.232s
18:19:44 INFO  [Main] [Geode]: Continuing mod graph refresh...
18:19:44 DEBUG [Main] [Geode]:   Loading mods
18:19:44 DEBUG [Main] [Geode]:     cvolton.betterinfo v4.0.0-alpha.13 has unresolved dependencies
18:19:44 INFO  [Main] [Geode]: Took 0.016s
18:19:44 INFO  [Main] [Geode]: Continuing mod graph refresh...
18:19:44 DEBUG [Main] [Geode]:   Loading mods
18:19:44 DEBUG [Main] [Geode]:     tpdea.betterpause-Better v1.5.5 has unresolved dependencies
18:19:44 INFO  [Main] [Geode]: Took 0.016s
18:19:44 INFO  [Main] [Geode]: Continuing mod graph refresh...
18:19:44 DEBUG [Main] [Geode]:   Loading mods
18:19:44 DEBUG [Main] [Geode]:     dankmeme.globed2 v1.2.2 has unresolved dependencies
18:19:44 INFO  [Main] [Geode]: Took 0.016s
18:19:44 INFO  [Main] [Geode]: Continuing mod graph refresh...
18:19:44 DEBUG [Main] [Geode]:   Loading mods
18:19:44 DEBUG [Main] [Geode]:     elnexreal.copy_song_id v1.2.2
18:19:44 DEBUG [Mod Unzip] [Geode]:  Unzip
18:19:44 DEBUG [Mod Unzip] [Geode]:  Same hash detected, skipping unzip
18:19:44 DEBUG [Main] [Geode]:       Load
18:19:44 DEBUG [Main] [Geode]:       Loading binary for mod elnexreal.copy_song_id
18:19:44 DEBUG [Main] [Geode]:       Enabled LevelInfoLayer::init hook at 0xac16a0 for elnexreal.copy_song_id
18:19:44 DEBUG [Main] [Geode]:       Enabled LevelInfoLayer::levelDownloadFinished hook at 0xac4f00 for elnexreal.copy_song_id
18:19:44 INFO  [Main] [Geode]: Took 0.137s
18:19:44 INFO  [Main] [Geode]: Continuing mod graph refresh...
18:19:44 DEBUG [Main] [Geode]:   Loading mods
18:19:44 DEBUG [Main] [Geode]:     gdutilsdevs.gdutils v1.2.14
18:19:44 DEBUG [Mod Unzip] [Geode]:  Unzip
18:19:44 DEBUG [Mod Unzip] [Geode]:  Same hash detected, skipping unzip
18:19:44 DEBUG [Main] [Geode]:       Load
18:19:44 DEBUG [Main] [Geode]:       Loading binary for mod gdutilsdevs.gdutils
18:19:44 DEBUG [Main] [Geode]:       Enabled cocos2d::CCScheduler::update hook at 0x6a076db0 for gdutilsdevs.gdutils
18:19:44 DEBUG [Main] [Geode]:       Enabled cocos2d::CCScheduler::update hook at 0x6a076db0 for gdutilsdevs.gdutils
18:19:44 DEBUG [Main] [Geode]:       Enabled PlayLayer::init hook at 0xb4c4a0 for gdutilsdevs.gdutils
18:19:44 DEBUG [Main] [Geode]:       Enabled PlayLayer::onQuit hook at 0xb5b480 for gdutilsdevs.gdutils
18:19:44 DEBUG [Main] [Geode]:       Enabled EditorUI::onPause hook at 0x916130 for gdutilsdevs.gdutils
18:19:44 DEBUG [Main] [Geode]:       Enabled EditorUI::onPlayback hook at 0x939d20 for gdutilsdevs.gdutils
18:19:44 DEBUG [Main] [Geode]:       Enabled EditorUI::onPlaytest hook at 0x93a090 for gdutilsdevs.gdutils
18:19:44 DEBUG [Main] [Geode]:       Enabled EditorUI::onStopPlaytest hook at 0x93a200 for gdutilsdevs.gdutils
18:19:44 DEBUG [Main] [Geode]:       Enabled FriendsProfilePage::init hook at 0x960a10 for gdutilsdevs.gdutils
18:19:44 DEBUG [Main] [Geode]:       Enabled LeaderboardsLayer::init hook at 0xa9dc60 for gdutilsdevs.gdutils
18:19:44 DEBUG [Main] [Geode]:       Enabled SecretLayer2::init hook at 0xb756d0 for gdutilsdevs.gdutils
18:19:44 DEBUG [Main] [Geode]:       Enabled SecretLayer2::onSubmit hook at 0xb771c0 for gdutilsdevs.gdutils
18:19:44 DEBUG [Main] [Geode]:       Enabled SecretLayer2::updateSearchLabel hook at 0xb784b0 for gdutilsdevs.gdutils
18:19:44 DEBUG [Main] [Geode]:       Enabled LevelInfoLayer::init hook at 0xac16a0 for gdutilsdevs.gdutils
18:19:44 DEBUG [Main] [Geode]:       Enabled InfoLayer::init hook at 0xa98810 for gdutilsdevs.gdutils
18:19:44 DEBUG [Main] [Geode]:       Enabled ProfilePage::loadPageFromUserInfo hook at 0xb5dda0 for gdutilsdevs.gdutils
18:19:44 INFO  [Main] [GDUtils]:     GDUtils Mod Loaded
18:19:44 INFO  [Main] [GDUtils]:     Le protocole a été enregistré avec succès pour cet utilisateur.
18:19:44 INFO  [Thread #11248] [GDUtils]: Starting socket...
18:19:44 INFO  [Main] [Geode]: Took 0.169s
18:19:44 INFO  [Main] [Geode]: Continuing mod graph refresh...
18:19:44 DEBUG [Main] [Geode]:   Loading mods
18:19:44 DEBUG [Main] [Geode]:     thesillydoggo.better_startpos_menu v1.1.0
18:19:44 DEBUG [Mod Unzip] [Geode]:  Unzip
18:19:44 DEBUG [Mod Unzip] [Geode]:  Same hash detected, skipping unzip
18:19:44 DEBUG [Main] [Geode]:       Load
18:19:44 DEBUG [Main] [Geode]:       Loading binary for mod thesillydoggo.better_startpos_menu
18:19:44 DEBUG [Main] [Geode]:       Enabled LevelSettingsLayer::init hook at 0xadce20 for thesillydoggo.better_startpos_menu
18:19:44 INFO  [Main] [Geode]: Took 0.121s
18:19:44 INFO  [Main] [Geode]: Continuing mod graph refresh...
18:19:44 DEBUG [Main] [Geode]:   Loading mods
18:19:44 DEBUG [Main] [Geode]:     geode.custom-keybinds v1.4.0
18:19:44 DEBUG [Mod Unzip] [Geode]:  Unzip
18:19:44 DEBUG [Mod Unzip] [Geode]:  Same hash detected, skipping unzip
18:19:44 DEBUG [Main] [Geode]:       Load
18:19:44 DEBUG [Main] [Geode]:       Loading binary for mod geode.custom-keybinds
18:19:44 DEBUG [Main] [Geode]:       Enabled EditorPauseLayer::customSetup hook at 0x910730 for geode.custom-keybinds
18:19:44 DEBUG [Main] [Geode]:       Enabled EditorPauseLayer::keyDown hook at 0x913080 for geode.custom-keybinds
18:19:44 DEBUG [Main] [Geode]:       Enabled EditorUI::init hook at 0x914260 for geode.custom-keybinds
18:19:44 DEBUG [Main] [Geode]:       Enabled EditorUI::keyDown hook at 0x94a300 for geode.custom-keybinds
18:19:44 DEBUG [Main] [Geode]:       Enabled EditorUI::keyUp hook at 0x94b210 for geode.custom-keybinds
18:19:44 DEBUG [Main] [Geode]:       Enabled EditorUI::moveObjectCall hook at 0x944d40 for geode.custom-keybinds
18:19:44 DEBUG [Main] [Geode]:       Enabled EditorUI::transformObjectCall hook at 0x945380 for geode.custom-keybinds
18:19:44 DEBUG [Main] [Geode]:       Enabled PauseLayer::customSetup hook at 0xb289f0 for geode.custom-keybinds
18:19:44 DEBUG [Main] [Geode]:       Enabled PauseLayer::keyDown hook at 0xb2a310 for geode.custom-keybinds
18:19:44 DEBUG [Main] [Geode]:       Enabled UILayer::init hook at 0xc2ec10 for geode.custom-keybinds
18:19:44 DEBUG [Main] [Geode]:       Enabled UILayer::keyDown hook at 0xc2f930 for geode.custom-keybinds
18:19:44 DEBUG [Main] [Geode]:       Enabled UILayer::keyUp hook at 0xc2f950 for geode.custom-keybinds
18:19:44 DEBUG [Main] [Geode]:       Enabled cocos2d::CCKeyboardDispatcher::dispatchKeyboardMSG hook at 0x6a00be70 for geode.custom-keybinds
18:19:44 DEBUG [Main] [Geode]:       Enabled cocos2d::CCKeyboardDispatcher::updateModifierKeys hook at 0x6a00ca70 for geode.custom-keybinds
18:19:44 DEBUG [Main] [Geode]:       Enabled MoreOptionsLayer::onKeybindings hook at 0x9121a0 for geode.custom-keybinds
18:19:44 INFO  [Main] [Geode]: Took 0.159s
18:19:44 INFO  [Main] [Geode]: Continuing mod graph refresh...
18:19:44 DEBUG [Main] [Geode]:   Loading mods
18:19:44 DEBUG [Main] [Geode]:     hjfod.betteredit v6.0.0 has unresolved dependencies
18:19:44 INFO  [Main] [Geode]: Took 0.016s
18:19:44 INFO  [Main] [Geode]: Continuing mod graph refresh...
18:19:44 DEBUG [Main] [Geode]:   Loading mods
18:19:44 DEBUG [Main] [Geode]:     dankmeme.globed2 v1.2.2
18:19:44 DEBUG [Mod Unzip] [Geode]:  Unzip
18:19:45 DEBUG [Mod Unzip] [Geode]:  Same hash detected, skipping unzip
18:19:45 DEBUG [Main] [Geode]:       Load
18:19:45 DEBUG [Main] [Geode]:       Loading binary for mod dankmeme.globed2
18:19:45 DEBUG [Main] [Geode]:       Enabled PlayerObject::incrementJumps hook at 0xb377f0 for dankmeme.globed2
18:19:45 DEBUG [Main] [Geode]:       Enabled PlayerObject::playDeathEffect hook at 0xb2a470 for dankmeme.globed2
18:19:45 DEBUG [Main] [Geode]:       Enabled PlayerObject::playSpiderDashEffect hook at 0xb3f5b0 for dankmeme.globed2
18:19:45 DEBUG [Main] [Geode]:       Enabled PlayLayer::init hook at 0xb4c4a0 for dankmeme.globed2
18:19:45 DEBUG [Main] [Geode]:       Enabled PlayLayer::onQuit hook at 0xb5b480 for dankmeme.globed2
18:19:45 DEBUG [Main] [Geode]:       Enabled AppDelegate::applicationDidEnterBackground hook at 0x8cb4f0 for dankmeme.globed2
18:19:45 DEBUG [Main] [Geode]:       Enabled AppDelegate::applicationWillEnterForeground hook at 0x8cb530 for dankmeme.globed2
18:19:45 DEBUG [Main] [Geode]:       Enabled GameManager::loadIcon hook at 0x997440 for dankmeme.globed2
18:19:45 DEBUG [Main] [Geode]:       Enabled GameManager::reloadAllStep2 hook at 0x99e540 for dankmeme.globed2
18:19:45 DEBUG [Main] [Geode]:       Enabled GameManager::returnToLastScene hook at 0x99e110 for dankmeme.globed2
18:19:45 DEBUG [Main] [Geode]:       Enabled LoadingLayer::loadingFinished hook at 0xae6ae0 for dankmeme.globed2
18:19:45 DEBUG [Main] [Geode]:       Enabled MenuLayer::init hook at 0xaeb450 for dankmeme.globed2
18:19:45 DEBUG [Main] [Geode]:       Enabled PauseLayer::customSetup hook at 0xb289f0 for dankmeme.globed2
18:19:45 DEBUG [Main] [Geode]:       Enabled PauseLayer::onEdit hook at 0xb2a020 for dankmeme.globed2
18:19:45 DEBUG [Main] [Geode]:       Enabled PauseLayer::onNormalMode hook at 0xb29ed0 for dankmeme.globed2
18:19:45 DEBUG [Main] [Geode]:       Enabled PauseLayer::onPracticeMode hook at 0xb29e60 for dankmeme.globed2
18:19:45 DEBUG [Main] [Geode]:       Enabled PauseLayer::onQuit hook at 0xb2a240 for dankmeme.globed2
18:19:45 DEBUG [Main] [Geode]:       Enabled PauseLayer::onRestart hook at 0xb29f80 for dankmeme.globed2
18:19:45 DEBUG [Main] [Geode]:       Enabled PauseLayer::onRestartFull hook at 0xb29fd0 for dankmeme.globed2
18:19:45 DEBUG [Main] [Geode]:       Enabled PauseLayer::onResume hook at 0xb29f30 for dankmeme.globed2
18:19:45 DEBUG [Main] [Geode]:       Enabled FMOD::System::init hook at 0x69842530 for dankmeme.globed2
18:19:45 INFO  [Main] [Geode]: Took 0.213s
18:19:45 INFO  [Main] [Geode]: Continuing mod graph refresh...
18:19:45 DEBUG [Main] [Geode]:   Loading mods
18:19:45 DEBUG [Main] [Geode]:     geode.node-ids v1.3.0
18:19:45 DEBUG [Mod Unzip] [Geode]:  Unzip
18:19:45 DEBUG [Mod Unzip] [Geode]:  Same hash detected, skipping unzip
18:19:45 DEBUG [Main] [Geode]:       Load
18:19:45 DEBUG [Main] [Geode]:       Loading binary for mod geode.node-ids
18:19:45 DEBUG [Main] [Geode]:       Enabled CommentCell::loadFromComment hook at 0x8f4490 for geode.node-ids
18:19:45 DEBUG [Main] [Geode]:       Enabled CreatorLayer::init hook at 0x8df550 for geode.node-ids
18:19:45 DEBUG [Main] [Geode]:       Enabled CustomizeObjectLayer::init hook at 0x8e64a0 for geode.node-ids
18:19:45 DEBUG [Main] [Geode]:       Enabled CustomizeObjectLayer::toggleVisible hook at 0x8e9780 for geode.node-ids
18:19:45 DEBUG [Main] [Geode]:       Enabled DailyLevelNode::init hook at 0x9096c0 for geode.node-ids
18:19:45 DEBUG [Main] [Geode]:       Enabled DailyLevelPage::init hook at 0x9076d0 for geode.node-ids
18:19:45 DEBUG [Main] [Geode]:       Enabled EditLevelLayer::init hook at 0x90c8e0 for geode.node-ids
18:19:45 DEBUG [Main] [Geode]:       Enabled EditorPauseLayer::init hook at 0x910020 for geode.node-ids
18:19:45 DEBUG [Main] [Geode]:       Enabled EditorUI::init hook at 0x914260 for geode.node-ids
18:19:45 DEBUG [Main] [Geode]:       Enabled GJGarageLayer::init hook at 0xa5f250 for geode.node-ids
18:19:45 DEBUG [Main] [Geode]:       Enabled GJGarageLayer::setupPage hook at 0xa61d70 for geode.node-ids
18:19:45 DEBUG [Main] [Geode]:       Enabled GJScoreCell::loadFromScore hook at 0x8f65b0 for geode.node-ids
18:19:45 DEBUG [Main] [Geode]:       Enabled GameToolbox::addBackButton hook at 0x8b1910 for geode.node-ids
18:19:45 DEBUG [Main] [Geode]:       Enabled GameToolbox::addRThumbScrollButton hook at 0x8b19c0 for geode.node-ids
18:19:45 DEBUG [Main] [Geode]:       Enabled InfoLayer::init hook at 0xa98810 for geode.node-ids
18:19:45 DEBUG [Main] [Geode]:       Enabled LeaderboardsLayer::init hook at 0xa9dc60 for geode.node-ids
18:19:45 DEBUG [Main] [Geode]:       Enabled LevelBrowserLayer::init hook at 0xaa2e60 for geode.node-ids
18:19:45 DEBUG [Main] [Geode]:       Enabled LevelCell::loadCustomLevelCell hook at 0x8eda60 for geode.node-ids
18:19:45 DEBUG [Main] [Geode]:       Enabled LevelCell::loadFromLevel hook at 0x8ed8b0 for geode.node-ids
18:19:45 DEBUG [Main] [Geode]:       Enabled LevelCell::loadLocalLevelCell hook at 0x8f04d0 for geode.node-ids
18:19:45 DEBUG [Main] [Geode]:       Enabled LevelInfoLayer::init hook at 0xac16a0 for geode.node-ids
18:19:45 DEBUG [Main] [Geode]:       Enabled LevelInfoLayer::setupPlatformerStats hook at 0xac3a90 for geode.node-ids
18:19:45 DEBUG [Main] [Geode]:       Enabled LevelInfoLayer::setupProgressBars hook at 0xac3e20 for geode.node-ids
18:19:45 DEBUG [Main] [Geode]:       Enabled LevelInfoLayer::updateLabelValues hook at 0xac6d20 for geode.node-ids
18:19:45 DEBUG [Main] [Geode]:       Enabled LevelLeaderboard::init hook at 0xac8060 for geode.node-ids
18:19:45 DEBUG [Main] [Geode]:       Enabled LevelSearchLayer::init hook at 0xad0f10 for geode.node-ids
18:19:45 DEBUG [Main] [Geode]:       Enabled PauseLayer::customSetup hook at 0xb289f0 for geode.node-ids
18:19:45 DEBUG [Main] [Geode]:       Enabled PlayerObject::init hook at 0xb324c0 for geode.node-ids
18:19:45 DEBUG [Main] [Geode]:       Enabled ProfilePage::init hook at 0xb5d080 for geode.node-ids
18:19:45 DEBUG [Main] [Geode]:       Enabled ProfilePage::loadPageFromUserInfo hook at 0xb5dda0 for geode.node-ids
18:19:45 DEBUG [Main] [Geode]:       Enabled RewardsPage::init hook at 0xb667f0 for geode.node-ids
18:19:45 DEBUG [Main] [Geode]:       Enabled UILayer::init hook at 0xc2ec10 for geode.node-ids
18:19:45 INFO  [Main] [Geode]: Took 0.137s
18:19:45 INFO  [Main] [Geode]: Continuing mod graph refresh...
18:19:45 DEBUG [Main] [Geode]:   Loading mods
18:19:45 DEBUG [Main] [Geode]:     thesillydoggo.animatedprofiles v1.0.1
18:19:45 DEBUG [Mod Unzip] [Geode]:  Unzip
18:19:45 DEBUG [Mod Unzip] [Geode]:  Same hash detected, skipping unzip
18:19:45 DEBUG [Main] [Geode]:       Load
18:19:45 DEBUG [Main] [Geode]:       Loading binary for mod thesillydoggo.animatedprofiles
18:19:45 INFO  [stdout]: [2024-02-25 18:19:45] [connect] Successful connection
18:19:45 DEBUG [Main] [Geode]:       Enabled ProfilePage::init hook at 0xb5d080 for thesillydoggo.animatedprofiles
18:19:45 DEBUG [Main] [Geode]:       Enabled ProfilePage::loadPageFromUserInfo hook at 0xb5dda0 for thesillydoggo.animatedprofiles
18:19:45 DEBUG [Main] [Geode]:       Enabled CommentCell::loadFromComment hook at 0x8f4490 for thesillydoggo.animatedprofiles
18:19:45 DEBUG [Main] [Geode]:       Enabled CCAnimatedSprite::runAnimation hook at 0x891640 for thesillydoggo.animatedprofiles
18:19:45 INFO  [Main] [Geode]: Took 0.117s
18:19:45 INFO  [Main] [Geode]: Continuing mod graph refresh...
18:19:45 DEBUG [Main] [Geode]:   Loading mods
18:19:45 DEBUG [Main] [Geode]:     redlime.statchanges v1.1.0
18:19:45 DEBUG [Mod Unzip] [Geode]:  Unzip
18:19:45 DEBUG [Mod Unzip] [Geode]:  Same hash detected, skipping unzip
18:19:45 DEBUG [Main] [Geode]:       Load
18:19:45 DEBUG [Main] [Geode]:       Loading binary for mod redlime.statchanges
18:19:45 INFO  [stdout]: [2024-02-25 18:19:45] [connect] WebSocket Connection 62.210.53.67:80 v-2 "WebSocket++/0.8.2" /socket.io/?EIO=4&transport=websocket&t=1708881584 101
18:19:45 INFO  [Thread #6756] [GDUtils]: Socket Connection successful!
18:19:45 INFO  [Thread #11248] [GDUtils]: listening for events
18:19:45 DEBUG [Main] [Geode]:       Enabled ProfilePage::init hook at 0xb5d080 for redlime.statchanges
18:19:45 DEBUG [Main] [Geode]:       Enabled ProfilePage::loadPageFromUserInfo hook at 0xb5dda0 for redlime.statchanges
18:19:45 DEBUG [Main] [Geode]:       Enabled ProfilePage::onClose hook at 0xb615e0 for redlime.statchanges
18:19:45 INFO  [Main] [Geode]: Took 0.105s
18:19:45 INFO  [Main] [Geode]: Continuing mod graph refresh...
18:19:45 DEBUG [Main] [Geode]:   Loading mods
18:19:45 DEBUG [Main] [Geode]:     hjfod.gdshare v1.0.4 has unresolved dependencies
18:19:45 INFO  [Main] [Geode]: Took 0.016s
18:19:45 INFO  [Main] [Geode]: Continuing mod graph refresh...
18:19:45 DEBUG [Main] [Geode]:   Loading mods
18:19:45 DEBUG [Main] [Geode]:     hjfod.betteredit v6.0.0
18:19:45 DEBUG [Mod Unzip] [Geode]:  Unzip
18:19:45 DEBUG [Mod Unzip] [Geode]:  Same hash detected, skipping unzip
18:19:45 DEBUG [Main] [Geode]:       Load
18:19:45 DEBUG [Main] [Geode]:       Loading binary for mod hjfod.betteredit
18:19:45 DEBUG [Main] [Geode]:       Enabled EditorPauseLayer::init hook at 0x910020 for hjfod.betteredit
18:19:45 DEBUG [Main] [Geode]:       Enabled CustomizeObjectLayer::colorSelectClosed hook at 0x8e8e60 for hjfod.betteredit
18:19:45 DEBUG [Main] [Geode]:       Enabled CustomizeObjectLayer::highlightSelected hook at 0x8ea1b0 for hjfod.betteredit
18:19:45 DEBUG [Main] [Geode]:       Enabled CustomizeObjectLayer::init hook at 0x8e64a0 for hjfod.betteredit
18:19:45 DEBUG [Main] [Geode]:       Enabled CustomizeObjectLayer::onClose hook at 0x8ea2a0 for hjfod.betteredit
18:19:45 DEBUG [Main] [Geode]:       Enabled CustomizeObjectLayer::onSelectColor hook at 0x8e9fa0 for hjfod.betteredit
18:19:45 DEBUG [Main] [Geode]:       Enabled CustomizeObjectLayer::onUpdateCustomColor hook at 0x8e9af0 for hjfod.betteredit
18:19:45 DEBUG [Main] [Geode]:       Enabled CustomizeObjectLayer::textChanged hook at 0x8e9cf0 for hjfod.betteredit
18:19:45 DEBUG [Main] [Geode]:       Enabled CustomizeObjectLayer::updateCustomColorLabels hook at 0x8e9ec0 for hjfod.betteredit
18:19:45 DEBUG [Main] [Geode]:       Enabled SelectFontLayer::init hook at 0xa74dd0 for hjfod.betteredit
18:19:45 DEBUG [Main] [Geode]:       Enabled EditorUI::scrollWheel hook at 0x94b260 for hjfod.betteredit
18:19:45 DEBUG [Main] [Geode]:       Enabled EditorUI::init hook at 0x914260 for hjfod.betteredit
18:19:45 DEBUG [Main] [Geode]:       Enabled EditorUI::init hook at 0x914260 for hjfod.betteredit
18:19:45 DEBUG [Main] [Geode]:       Enabled EditorUI::init hook at 0x914260 for hjfod.betteredit
18:19:45 DEBUG [Main] [Geode]:       Enabled EditorUI::updateZoom hook at 0x93a3d0 for hjfod.betteredit
18:19:45 DEBUG [Main] [Geode]:       Enabled EditorPauseLayer::init hook at 0x910020 for hjfod.betteredit
18:19:45 DEBUG [Main] [Geode]:       Enabled EditorPauseLayer::init hook at 0x910020 for hjfod.betteredit
18:19:45 DEBUG [Main] [Geode]:       Enabled EditorUI::init hook at 0x914260 for hjfod.betteredit
18:19:45 INFO  [Main] [Geode]: Took 0.134s
18:19:45 INFO  [Main] [Geode]: Continuing mod graph refresh...
18:19:45 DEBUG [Main] [Geode]:   Loading mods
18:19:45 DEBUG [Main] [Geode]:     tpdea.betterpause-Better v1.5.5
18:19:45 DEBUG [Mod Unzip] [Geode]:  Unzip
18:19:45 DEBUG [Mod Unzip] [Geode]:  Same hash detected, skipping unzip
18:19:45 DEBUG [Main] [Geode]:       Load
18:19:45 DEBUG [Main] [Geode]:       Loading binary for mod tpdea.betterpause-Better
18:19:45 DEBUG [Main] [Geode]:       Enabled PauseLayer::create hook at 0xb28940 for tpdea.betterpause-Better
18:19:45 DEBUG [Main] [Geode]:       Enabled PauseLayer::onResume hook at 0xb29f30 for tpdea.betterpause-Better
18:19:45 DEBUG [Main] [Geode]:       Enabled PlayLayer::addObject hook at 0xb519b0 for tpdea.betterpause-Better
18:19:45 DEBUG [Main] [Geode]:       Enabled PlayLayer::init hook at 0xb4c4a0 for tpdea.betterpause-Better
18:19:45 DEBUG [Main] [Geode]:       Enabled PlayLayer::updateProgressbar hook at 0xb55440 for tpdea.betterpause-Better
18:19:45 DEBUG [Main] [Geode]:       Enabled GJBaseGameLayer::update hook at 0xa2b780 for tpdea.betterpause-Better
18:19:45 DEBUG [Main] [Geode]:       Enabled MoreOptionsLayer::addToggle hook at 0xb225f0 for tpdea.betterpause-Better
18:19:45 DEBUG [Main] [Geode]:       Enabled GameOptionsLayer::create hook at 0xa83050 for tpdea.betterpause-Better
18:19:45 DEBUG [Main] [Geode]:       Enabled GJOptionsLayer::addToggle hook at 0xa76350 for tpdea.betterpause-Better
18:19:45 DEBUG [Main] [Geode]:       Enabled GameToolbox::pointsToString hook at 0x8b5960 for tpdea.betterpause-Better
18:19:45 DEBUG [Main] [Geode]:       Enabled DailyLevelPage::init hook at 0x9076d0 for tpdea.betterpause-Better
18:19:45 DEBUG [Main] [Geode]:       Enabled CustomSongWidget::updateSongObject hook at 0x904280 for tpdea.betterpause-Better
18:19:45 DEBUG [Main] [Geode]:       Enabled CustomSongWidget::updateWithMultiAssets hook at 0x9056f0 for tpdea.betterpause-Better
18:19:45 INFO  [Main] [Geode]: Took 0.13s
18:19:45 INFO  [Main] [Geode]: Continuing mod graph refresh...
18:19:45 DEBUG [Main] [Geode]:   Loading mods
18:19:45 DEBUG [Main] [Geode]:     cvolton.betterinfo v4.0.0-alpha.13
18:19:45 DEBUG [Mod Unzip] [Geode]:  Unzip
18:19:45 DEBUG [Mod Unzip] [Geode]:  Same hash detected, skipping unzip
18:19:45 DEBUG [Main] [Geode]:       Load
18:19:45 DEBUG [Main] [Geode]:       Loading binary for mod cvolton.betterinfo
18:19:45 DEBUG [Main] [Geode]:       Enabled CommentCell::FLAlert_Clicked hook at 0x8f63d0 for cvolton.betterinfo
18:19:45 DEBUG [Main] [Geode]:       Enabled CommentCell::loadFromComment hook at 0x8f4490 for cvolton.betterinfo
18:19:45 DEBUG [Main] [Geode]:       Enabled CommentCell::onConfirmDelete hook at 0x8f62c0 for cvolton.betterinfo
18:19:45 DEBUG [Main] [Geode]:       Enabled CommentCell::onLike hook at 0x8f6110 for cvolton.betterinfo
18:19:45 DEBUG [Main] [Geode]:       Enabled CreatorLayer::init hook at 0x8df550 for cvolton.betterinfo
18:19:45 DEBUG [Main] [Geode]:       Enabled CreatorLayer::onChallenge hook at 0x8e0dd0 for cvolton.betterinfo
18:19:45 DEBUG [Main] [Geode]:       Enabled DailyLevelNode::init hook at 0x9096c0 for cvolton.betterinfo
18:19:45 DEBUG [Main] [Geode]:       Enabled DailyLevelPage::init hook at 0x9076d0 for cvolton.betterinfo
18:19:45 DEBUG [Main] [Geode]:       Enabled DailyLevelPage::updateTimers hook at 0x909120 for cvolton.betterinfo
18:19:45 DEBUG [Main] [Geode]:       Enabled EditLevelLayer::init hook at 0x90c8e0 for cvolton.betterinfo
18:19:45 DEBUG [Main] [Geode]:       Enabled EditLevelLayer::onLevelInfo hook at 0x90db40 for cvolton.betterinfo
18:19:45 DEBUG [Main] [Geode]:       Enabled GJLevelList::showListInfo hook at 0x98cef0 for cvolton.betterinfo
18:19:45 DEBUG [Main] [Geode]:       Enabled GJScoreCell::loadFromScore hook at 0x8f65b0 for cvolton.betterinfo
18:19:45 DEBUG [Main] [Geode]:       Enabled GameLevelManager::getCompletedLevels hook at 0x967790 for cvolton.betterinfo
18:19:45 DEBUG [Main] [Geode]:       Enabled GameLevelManager::getSavedLevels hook at 0x967340 for cvolton.betterinfo
18:19:45 DEBUG [Main] [Geode]:       Enabled GameLevelManager::limitSavedLevels hook at 0x969210 for cvolton.betterinfo
18:19:45 DEBUG [Main] [Geode]:       Enabled GameLevelManager::userNameForUserID hook at 0x966290 for cvolton.betterinfo
18:19:45 DEBUG [Main] [Geode]:       Enabled InfoLayer::init hook at 0xa98810 for cvolton.betterinfo
18:19:45 DEBUG [Main] [Geode]:       Enabled InfoLayer::loadPage hook at 0xa9b340 for cvolton.betterinfo
18:19:45 DEBUG [Main] [Geode]:       Enabled InfoLayer::onLevelInfo hook at 0xa9ada0 for cvolton.betterinfo
18:19:45 DEBUG [Main] [Geode]:       Enabled InfoLayer::onMore hook at 0xa9aaa0 for cvolton.betterinfo
18:19:45 DEBUG [Main] [Geode]:       Enabled InfoLayer::setupCommentsBrowser hook at 0xa9b670 for cvolton.betterinfo
18:19:45 DEBUG [Main] [Geode]:       Enabled LeaderboardsLayer::init hook at 0xa9dc60 for cvolton.betterinfo
18:19:45 DEBUG [Main] [Geode]:       Enabled LevelAreaInnerLayer::init hook at 0xaa11e0 for cvolton.betterinfo
18:19:45 DEBUG [Main] [Geode]:       Enabled LevelBrowserLayer::init hook at 0xaa2e60 for cvolton.betterinfo
18:19:45 DEBUG [Main] [Geode]:       Enabled LevelBrowserLayer::onGoToPage hook at 0xaa5c40 for cvolton.betterinfo
18:19:45 DEBUG [Main] [Geode]:       Enabled LevelBrowserLayer::setupPageInfo hook at 0xaa59e0 for cvolton.betterinfo
18:19:45 DEBUG [Main] [Geode]:       Enabled LevelCell::loadCustomLevelCell hook at 0x8eda60 for cvolton.betterinfo
18:19:45 DEBUG [Main] [Geode]:       Enabled LevelCell::onViewProfile hook at 0x8f0f70 for cvolton.betterinfo
18:19:45 DEBUG [Main] [Geode]:       Enabled LevelInfoLayer::init hook at 0xac16a0 for cvolton.betterinfo
18:19:45 DEBUG [Main] [Geode]:       Enabled LevelInfoLayer::onLevelInfo hook at 0xac6a70 for cvolton.betterinfo
18:19:45 DEBUG [Main] [Geode]:       Enabled LevelInfoLayer::onViewProfile hook at 0xac6a10 for cvolton.betterinfo
18:19:45 DEBUG [Main] [Geode]:       Enabled LevelInfoLayer::updateLabelValues hook at 0xac6d20 for cvolton.betterinfo
18:19:45 DEBUG [Main] [Geode]:       Enabled LevelLeaderboard::init hook at 0xac8060 for cvolton.betterinfo
18:19:45 DEBUG [Main] [Geode]:       Enabled LevelListCell::loadFromList hook at 0x8fb570 for cvolton.betterinfo
18:19:45 DEBUG [Main] [Geode]:       Enabled LevelPage::onInfo hook at 0xadc400 for cvolton.betterinfo
18:19:45 DEBUG [Main] [Geode]:       Enabled LevelSearchLayer::getSearchObject hook at 0xad3ba0 for cvolton.betterinfo
18:19:45 DEBUG [Main] [Geode]:       Enabled MoreSearchLayer::init hook at 0xad56b0 for cvolton.betterinfo
18:19:45 DEBUG [Main] [Geode]:       Enabled MoreSearchLayer::onSongFilter hook at 0xad69e0 for cvolton.betterinfo
18:19:45 DEBUG [Main] [Geode]:       Enabled MoreSearchLayer::onSongMode hook at 0xad6c90 for cvolton.betterinfo
18:19:45 DEBUG [Main] [Geode]:       Enabled PlayLayer::destroyPlayer hook at 0xb56730 for cvolton.betterinfo
18:19:45 DEBUG [Main] [Geode]:       Enabled PlayLayer::init hook at 0xb4c4a0 for cvolton.betterinfo
18:19:45 DEBUG [Main] [Geode]:       Enabled PlayLayer::levelComplete hook at 0xb4db60 for cvolton.betterinfo
18:19:45 DEBUG [Main] [Geode]:       Enabled PlayLayer::onQuit hook at 0xb5b480 for cvolton.betterinfo
18:19:45 DEBUG [Main] [Geode]:       Enabled PlayLayer::resetLevel hook at 0xb5a130 for cvolton.betterinfo
18:19:45 DEBUG [Main] [Geode]:       Enabled ProfilePage::getUserInfoFailed hook at 0xb61e40 for cvolton.betterinfo
18:19:45 DEBUG [Main] [Geode]:       Enabled ProfilePage::init hook at 0xb5d080 for cvolton.betterinfo
18:19:45 DEBUG [Main] [Geode]:       Enabled ProfilePage::loadPageFromUserInfo hook at 0xb5dda0 for cvolton.betterinfo
18:19:45 DEBUG [Main] [Geode]:       Enabled ProfilePage::onClose hook at 0xb615e0 for cvolton.betterinfo
18:19:45 DEBUG [Main] [Geode]:       Enabled RewardsPage::init hook at 0xb667f0 for cvolton.betterinfo
18:19:45 DEBUG [Main] [Geode]:       Enabled MenuLayer::init hook at 0xaeb450 for cvolton.betterinfo
18:19:45 INFO  [Main] [Geode]: Took 0.106s
18:19:45 INFO  [Main] [Geode]: Continuing mod graph refresh...
18:19:45 DEBUG [Main] [Geode]:   Loading mods
18:19:45 DEBUG [Main] [Geode]:     bitz.customprofiles v1.0.5
18:19:45 DEBUG [Mod Unzip] [Geode]:  Unzip
18:19:45 DEBUG [Mod Unzip] [Geode]:  Same hash detected, skipping unzip
18:19:45 DEBUG [Main] [Geode]:       Load
18:19:45 DEBUG [Main] [Geode]:       Loading binary for mod bitz.customprofiles
18:19:46 DEBUG [Main] [Geode]:       Enabled GJAccountSettingsLayer::init hook at 0xa784f0 for bitz.customprofiles
18:19:46 DEBUG [Main] [Geode]:       Enabled GJAccountSettingsLayer::onClose hook at 0xa79db0 for bitz.customprofiles
18:19:46 DEBUG [Main] [Geode]:       Enabled InfoLayer::init hook at 0xa98810 for bitz.customprofiles
18:19:46 DEBUG [Main] [Geode]:       Enabled InfoLayer::setupCommentsBrowser hook at 0xa9b670 for bitz.customprofiles
18:19:46 DEBUG [Main] [Geode]:       Enabled ProfilePage::init hook at 0xb5d080 for bitz.customprofiles
18:19:46 DEBUG [Main] [Geode]:       Enabled ProfilePage::loadPageFromUserInfo hook at 0xb5dda0 for bitz.customprofiles
18:19:46 DEBUG [Main] [Geode]:       Enabled ProfilePage::onUpdate hook at 0xb5db10 for bitz.customprofiles
18:19:46 DEBUG [Main] [Geode]:       Enabled ProfilePage::setupCommentsBrowser hook at 0xb62160 for bitz.customprofiles
18:19:46 DEBUG [Main] [Geode]:       Enabled CommentCell::draw hook at 0x8ed5b0 for bitz.customprofiles
18:19:46 DEBUG [Main] [Geode]:       Enabled CommentCell::loadFromComment hook at 0x8f4490 for bitz.customprofiles
18:19:46 DEBUG [Main] [Geode]:       Enabled CommentCell::updateBGColor hook at 0x8f6090 for bitz.customprofiles
18:19:46 INFO  [Main] [Geode]: Took 0.086s
18:19:46 INFO  [Main] [Geode]: Continuing mod graph refresh...
18:19:46 DEBUG [Main] [Geode]:   Loading mods
18:19:46 DEBUG [Main] [Geode]:     zilko.xdbot v1.4.8
18:19:46 DEBUG [Mod Unzip] [Geode]:  Unzip
18:19:46 DEBUG [Mod Unzip] [Geode]:  Same hash detected, skipping unzip
18:19:46 DEBUG [Main] [Geode]:       Load
18:19:46 DEBUG [Main] [Geode]:       Loading binary for mod zilko.xdbot
18:19:46 DEBUG [Main] [Geode]:       Enabled PauseLayer::customSetup hook at 0xb289f0 for zilko.xdbot
18:19:46 DEBUG [Main] [Geode]:       Enabled PauseLayer::goEdit hook at 0xb2a0f0 for zilko.xdbot
18:19:46 DEBUG [Main] [Geode]:       Enabled PauseLayer::onPracticeMode hook at 0xb29e60 for zilko.xdbot
18:19:46 DEBUG [Main] [Geode]:       Enabled PauseLayer::onQuit hook at 0xb2a240 for zilko.xdbot
18:19:46 DEBUG [Main] [Geode]:       Enabled PauseLayer::onResume hook at 0xb29f30 for zilko.xdbot
18:19:46 DEBUG [Main] [Geode]:       Enabled GJBaseGameLayer::handleButton hook at 0xa269f0 for zilko.xdbot
18:19:46 DEBUG [Main] [Geode]:       Enabled GJBaseGameLayer::update hook at 0xa2b780 for zilko.xdbot
18:19:46 DEBUG [Main] [Geode]:       Enabled PlayLayer::levelComplete hook at 0xb4db60 for zilko.xdbot
18:19:46 DEBUG [Main] [Geode]:       Enabled PlayLayer::resetLevel hook at 0xb5a130 for zilko.xdbot
18:19:46 DEBUG [Main] [Geode]:       Enabled EndLevelLayer::customSetup hook at 0x9574f0 for zilko.xdbot
18:19:46 DEBUG [Main] [Geode]:       Enabled EndLevelLayer::goEdit hook at 0x959060 for zilko.xdbot
18:19:46 DEBUG [Main] [Geode]:       Enabled EndLevelLayer::onMenu hook at 0x958ec0 for zilko.xdbot
18:19:46 DEBUG [Main] [Geode]:       Enabled EndLevelLayer::onReplay hook at 0x958dc0 for zilko.xdbot
18:19:46 DEBUG [Main] [Geode]:       Enabled cocos2d::CCScheduler::update hook at 0x6a076db0 for zilko.xdbot
18:19:46 DEBUG [Main] [Geode]:       Enabled cocos2d::CCKeyboardDispatcher::dispatchKeyboardMSG hook at 0x6a00be70 for zilko.xdbot
18:19:46 DEBUG [Main] [Geode]:       Enabled GJBaseGameLayer::processCommands hook at 0xa2d240 for zilko.xdbot
18:19:46 INFO  [Main] [Geode]: Took 0.101s
18:19:46 INFO  [Main] [Geode]: Continuing mod graph refresh...
18:19:46 DEBUG [Main] [Geode]:   Loading mods
18:19:46 DEBUG [Main] [Geode]:     alphalaneous.projectedstars v1.1.2
18:19:46 DEBUG [Mod Unzip] [Geode]:  Unzip
18:19:46 DEBUG [Mod Unzip] [Geode]:  Same hash detected, skipping unzip
18:19:46 DEBUG [Main] [Geode]:       Load
18:19:46 DEBUG [Main] [Geode]:       Loading binary for mod alphalaneous.projectedstars
18:19:46 DEBUG [Main] [Geode]:       Enabled LevelInfoLayer::init hook at 0xac16a0 for alphalaneous.projectedstars
18:19:46 INFO  [Main] [Geode]: Took 0.105s
18:19:46 INFO  [Main] [Geode]: Continuing mod graph refresh...
18:19:46 DEBUG [Main] [Geode]:   Loading mods
18:19:46 DEBUG [Main] [Geode]:     hjfod.betteredit v6.0.0
18:19:46 INFO  [Main] [Geode]: Took 0.016s
18:19:46 INFO  [Main] [Geode]: Continuing mod graph refresh...
18:19:46 DEBUG [Main] [Geode]:   Loading mods
18:19:46 DEBUG [Main] [Geode]:     hjfod.gdshare v1.0.4 has unresolved dependencies
18:19:46 INFO  [Main] [Geode]: Took 0.016s
18:19:46 INFO  [Main] [Geode]: Continuing mod graph refresh...
18:19:46 DEBUG [Main] [Geode]:   Loading mods
18:19:46 DEBUG [Main] [Geode]:     hjfod.gmd-api v1.0.1
18:19:46 DEBUG [Mod Unzip] [Geode]:  Unzip
18:19:46 DEBUG [Mod Unzip] [Geode]:  Same hash detected, skipping unzip
18:19:46 DEBUG [Main] [Geode]:       Load
18:19:46 DEBUG [Main] [Geode]:       Loading binary for mod hjfod.gmd-api
18:19:46 INFO  [Main] [Geode]: Took 0.12s
18:19:46 INFO  [Main] [Geode]: Continuing mod graph refresh...
18:19:46 DEBUG [Main] [Geode]:   Loading mods
18:19:46 DEBUG [Main] [Geode]:     hjfod.gdshare v1.0.4
18:19:46 DEBUG [Mod Unzip] [Geode]:  Unzip
18:19:46 DEBUG [Mod Unzip] [Geode]:  Same hash detected, skipping unzip
18:19:46 DEBUG [Main] [Geode]:       Load
18:19:46 DEBUG [Main] [Geode]:       Loading binary for mod hjfod.gdshare
18:19:46 DEBUG [Main] [Geode]:       Enabled EditLevelLayer::init hook at 0x90c8e0 for hjfod.gdshare
18:19:46 DEBUG [Main] [Geode]:       Enabled LevelInfoLayer::init hook at 0xac16a0 for hjfod.gdshare
18:19:46 DEBUG [Main] [Geode]:       Enabled LevelBrowserLayer::init hook at 0xaa2e60 for hjfod.gdshare
18:19:46 INFO  [Main] [Geode]: Took 0.117s
18:19:46 INFO  [Main] [Geode]: Continuing mod graph refresh...
18:19:46 DEBUG [Main] [Geode]:   Loading mods
18:19:46 DEBUG [Main] [Geode]:     muhammadgames.bettermenu v1.0.4-beta.12
18:19:46 DEBUG [Mod Unzip] [Geode]:  Unzip
18:19:46 DEBUG [Mod Unzip] [Geode]:  Same hash detected, skipping unzip
18:19:46 DEBUG [Main] [Geode]:       Load
18:19:46 DEBUG [Main] [Geode]:       Loading binary for mod muhammadgames.bettermenu
18:19:46 DEBUG [Main] [Geode]:       Enabled MenuLayer::init hook at 0xaeb450 for muhammadgames.bettermenu
18:19:46 INFO  [Main] [Geode]: Took 0.092s
18:19:46 INFO  [Main] [Geode]: Continuing mod graph refresh...
18:19:46 DEBUG [Main] [Geode]:   Loading mods
18:19:46 DEBUG [Main] [Geode]:     redlime.statchanges v1.1.0
18:19:46 INFO  [Main] [Geode]: Took 0.016s
18:19:46 INFO  [Main] [Geode]: Continuing mod graph refresh...
18:19:46 DEBUG [Main] [Geode]:   Loading mods
18:19:46 DEBUG [Main] [Geode]:     thesillydoggo.animatedprofiles v1.0.1
18:19:46 INFO  [Main] [Geode]: Took 0.016s
18:19:46 INFO  [Main] [Geode]: Continuing mod graph refresh...
18:19:46 DEBUG [Main] [Geode]:   Loading mods
18:19:46 DEBUG [Main] [Geode]:     thesillydoggo.entersearch v1.0.0
18:19:46 DEBUG [Mod Unzip] [Geode]:  Unzip
18:19:46 DEBUG [Mod Unzip] [Geode]:  Same hash detected, skipping unzip
18:19:46 DEBUG [Main] [Geode]:       Load
18:19:46 DEBUG [Main] [Geode]:       Loading binary for mod thesillydoggo.entersearch
18:19:46 DEBUG [Main] [Geode]:       Enabled FLAlertLayer::init hook at 0x8a0f60 for thesillydoggo.entersearch
18:19:46 DEBUG [Main] [Geode]:       Enabled LevelSearchLayer::init hook at 0xad0f10 for thesillydoggo.entersearch
18:19:46 DEBUG [Main] [Geode]:       Enabled ShareCommentLayer::init hook at 0xbf6490 for thesillydoggo.entersearch
18:19:46 DEBUG [Main] [Geode]:       Enabled cocos2d::CCKeyboardDispatcher::dispatchKeyboardMSG hook at 0x6a00be70 for thesillydoggo.entersearch
18:19:46 INFO  [Main] [Geode]: Took 0.086s
18:19:46 INFO  [Main] [Geode]: Continuing mod graph refresh...
18:19:46 DEBUG [Main] [Geode]:   Loading mods
18:19:46 DEBUG [Main] [Geode]:     TheSillyDoggo.GradientPages v2.1.0
18:19:46 DEBUG [Mod Unzip] [Geode]:  Unzip
18:19:46 DEBUG [Mod Unzip] [Geode]:  Same hash detected, skipping unzip
18:19:46 DEBUG [Main] [Geode]:       Load
18:19:46 DEBUG [Main] [Geode]:       Loading binary for mod TheSillyDoggo.GradientPages
18:19:46 DEBUG [Main] [Geode]:       Enabled ProfilePage::init hook at 0xb5d080 for TheSillyDoggo.GradientPages
18:19:46 DEBUG [Main] [Geode]:       Enabled ProfilePage::loadPageFromUserInfo hook at 0xb5dda0 for TheSillyDoggo.GradientPages
18:19:46 DEBUG [Main] [Geode]:       Enabled GJAccountSettingsLayer::init hook at 0xa784f0 for TheSillyDoggo.GradientPages
18:19:46 DEBUG [Main] [Geode]:       Enabled FRequestProfilePage::init hook at 0x95ef90 for TheSillyDoggo.GradientPages
18:19:46 DEBUG [Main] [Geode]:       Enabled MessagesProfilePage::init hook at 0xaed1c0 for TheSillyDoggo.GradientPages
18:19:46 DEBUG [Main] [Geode]:       Enabled FriendsProfilePage::init hook at 0x960a10 for TheSillyDoggo.GradientPages
18:19:46 DEBUG [Main] [Geode]:       Enabled InfoLayer::init hook at 0xa98810 for TheSillyDoggo.GradientPages
18:19:46 DEBUG [Main] [Geode]:       Enabled GJCommentListLayer::create hook at 0xa77dc0 for TheSillyDoggo.GradientPages
18:19:46 DEBUG [Main] [Geode]:       Enabled ItemInfoPopup::init hook at 0xa65b80 for TheSillyDoggo.GradientPages
18:19:46 DEBUG [Main] [Geode]:       Enabled ShardsPage::init hook at 0xbf4320 for TheSillyDoggo.GradientPages
18:19:46 DEBUG [Main] [Geode]:       Enabled CommunityCreditsPage::init hook at 0x8d8b10 for TheSillyDoggo.GradientPages
18:19:46 DEBUG [Main] [Geode]:       Enabled DemonFilterSelectLayer::init hook at 0xad73e0 for TheSillyDoggo.GradientPages
18:19:46 DEBUG [Main] [Geode]:       Enabled MoreSearchLayer::init hook at 0xad56b0 for TheSillyDoggo.GradientPages
18:19:46 DEBUG [Main] [Geode]:       Enabled ChallengesPage::init hook at 0x8cc560 for TheSillyDoggo.GradientPages
18:19:46 DEBUG [Main] [Geode]:       Enabled SetIDPopup::init hook at 0xa7f980 for TheSillyDoggo.GradientPages
18:19:46 INFO  [Main] [Geode]: Took 0.09s
18:19:46 INFO  [Main] [Geode]: Continuing mod graph refresh...
18:19:46 DEBUG [Main] [Geode]:   Loading mods
18:19:46 DEBUG [Main] [Geode]:     thesillydoggo.icon_kit_switcher v1.0.2 has unresolved dependencies
18:19:46 INFO  [Main] [Geode]: Took 0.016s
18:19:46 INFO  [Main] [Geode]: Continuing mod graph refresh...
18:19:46 DEBUG [Main] [Geode]:   Finding problems
18:19:46 DEBUG [Main] [Geode]:     hiimjustin000.integrated_demonlist
18:19:46 ERROR [Main] [Geode]:       hiimjustin000.integrated_demonlist requires geode.node-ids >=v1.5.1
18:19:46 DEBUG [Main] [Geode]:     capeling.icon_profile_2.2
18:19:46 DEBUG [Main] [Geode]:     geode.loader
18:19:46 DEBUG [Main] [Geode]:     mat.run-info
18:19:46 DEBUG [Main] [Geode]:     alphalaneous.projectedstars
18:19:46 DEBUG [Main] [Geode]:     elohmrow.death_tracker
18:19:46 DEBUG [Main] [Geode]:     absolllute.megahack
18:19:46 DEBUG [Main] [Geode]:     elnexreal.auto_priority
18:19:46 DEBUG [Main] [Geode]:     abb2k.backup
18:19:46 DEBUG [Main] [Geode]:     coderqc.gdswearfilter
18:19:46 DEBUG [Main] [Geode]:     zilko.xdbot
18:19:46 DEBUG [Main] [Geode]:     bitz.customprofiles
18:19:46 DEBUG [Main] [Geode]:     cj_link.fakemoderator
18:19:46 DEBUG [Main] [Geode]:     colon.gold_user_coins
18:19:46 DEBUG [Main] [Geode]:     lexi.visiblecheckpoints
18:19:46 DEBUG [Main] [Geode]:     cvolton.betterinfo
18:19:46 DEBUG [Main] [Geode]:     tpdea.betterpause-Better
18:19:46 DEBUG [Main] [Geode]:     dankmeme.globed2
18:19:46 DEBUG [Main] [Geode]:     elnexreal.copy_song_id
18:19:46 DEBUG [Main] [Geode]:     gdutilsdevs.gdutils
18:19:46 DEBUG [Main] [Geode]:     thesillydoggo.better_startpos_menu
18:19:46 DEBUG [Main] [Geode]:     geode.custom-keybinds
18:19:46 DEBUG [Main] [Geode]:     geode.node-ids
18:19:46 DEBUG [Main] [Geode]:     hjfod.betteredit
18:19:46 DEBUG [Main] [Geode]:     hjfod.gdshare
18:19:46 DEBUG [Main] [Geode]:     hjfod.gmd-api
18:19:46 DEBUG [Main] [Geode]:     muhammadgames.bettermenu
18:19:46 DEBUG [Main] [Geode]:     redlime.statchanges
18:19:46 DEBUG [Main] [Geode]:     thesillydoggo.animatedprofiles
18:19:46 DEBUG [Main] [Geode]:     thesillydoggo.entersearch
18:19:46 DEBUG [Main] [Geode]:     TheSillyDoggo.GradientPages
18:19:46 DEBUG [Main] [Geode]:     thesillydoggo.icon_kit_switcher
18:19:46 ERROR [Main] [Geode]:       thesillydoggo.icon_kit_switcher requires geode.node-ids >=v1.6.1
18:19:46 INFO  [Main] [Geode]:   Took 0.002s
18:19:46 DEBUG [Main] [Geode]: Verifying Loader Resources
18:19:46 DEBUG [Main] [Geode]: Loading Loader Resources
18:19:46 DEBUG [Main] [Geode]: Loading mod resources
18:19:46 DEBUG [Main] [Geode]: Adding resources
18:19:46 DEBUG [Main] [Geode]:   geode.loader
18:19:46 DEBUG [Main] [Geode]:     Adding sheet geode.loader/LogoSheet
18:19:46 DEBUG [Main] [Geode]:     Adding sheet geode.loader/APISheet
18:19:46 DEBUG [Main] [Geode]:     Adding sheet geode.loader/BlankSheet
18:19:47 DEBUG [Main] [Geode]:   dankmeme.globed2
18:19:47 DEBUG [Main] [Geode]:     Adding sheet dankmeme.globed2/globedsheet1
18:19:47 DEBUG [Main] [Geode]:   geode.custom-keybinds
18:19:47 DEBUG [Main] [Geode]:     Adding sheet geode.custom-keybinds/KB_ControllerSheet
18:19:47 DEBUG [Main] [Geode]:   hjfod.betteredit
18:19:47 DEBUG [Main] [Geode]:     Adding sheet hjfod.betteredit/UISheet
18:19:47 DEBUG [Main] [Geode]:   hjfod.gdshare
18:19:47 DEBUG [Main] [Geode]:     Adding sheet hjfod.gdshare/GDShare
18:19:47 DEBUG [Main] [Geode]:   TheSillyDoggo.GradientPages
18:19:47 DEBUG [Main] [Geode]:     Adding sheet TheSillyDoggo.GradientPages/UISheet
18:19:57 DEBUG [Main] [Globed]: preloading assets
18:19:57 DEBUG [Main] [Auto priority to high]: Trying to set the process priority to HIGH...
18:19:57 DEBUG [Main] [Auto priority to high]: Process priority is now set to HIGH.
18:20:30 INFO  [stdout]: [2024-02-25 18:20:30] [disconnect] Disconnect close local:[1008,Ping timeout] remote:[1006]
18:20:31 INFO  [stdout]: [2024-02-25 18:20:31] [connect] Successful connection
18:20:31 INFO  [stdout]: [2024-02-25 18:20:31] [connect] WebSocket Connection 62.210.53.67:80 v-2 "WebSocket++/0.8.2" /socket.io/?EIO=4&transport=websocket&t=1708881631 101
18:20:31 INFO  [Thread #6756] [GDUtils]: Socket Connection successful!
18:20:34 DEBUG [Main] [Globed]: Asset preloading finished in 36.864s.
18:20:34 DEBUG [Main] [Geode]: Checking updates for index
18:20:34 ERROR [Main] [Geode]: Mod ID 'tpdea.betterpause-Better' will be rejected in the future - IDs must match the regex `[a-z0-9\-_]+\.[a-z0-9\-_]+`
18:20:34 ERROR [Main] [Geode]: Mod ID 'TheSillyDoggo.GradientPages' will be rejected in the future - IDs must match the regex `[a-z0-9\-_]+\.[a-z0-9\-_]+`
18:20:35 DEBUG [Main] [Geode]: Enabled FMODChannelControl::setVolume hook at 0x697bb180 for absolllute.megahack
18:20:35 DEBUG [Main] [Geode]: Enabled FMODChannelControl::setPitch hook at 0x697baf00 for absolllute.megahack
18:20:35 DEBUG [Main] [Geode]: Enabled cocos2dCCParticleSystem::loadScaledDefaults hook at 0x6a02bba0 for absolllute.megahack
18:20:35 DEBUG [Main] [Geode]: Enabled cocos2dCCTransitionFade::create hook at 0x6a017710 for absolllute.megahack
18:20:35 DEBUG [Main] [Geode]: Enabled cocos2dCCTransitionMoveInT::create hook at 0x6a0181f0 for absolllute.megahack
18:20:35 DEBUG [Main] [Geode]: Enabled cocos2dCCDirector::drawScene hook at 0x6a072ae0 for absolllute.megahack
18:20:35 DEBUG [Main] [Geode]: Enabled cocos2dCCScheduler::update hook at 0x6a076db0 for absolllute.megahack
18:20:35 DEBUG [Main] [Geode]: Enabled cocos2dCCIMEDelegate::attachWithIME hook at 0x6a069ea0 for absolllute.megahack
18:20:35 DEBUG [Main] [Geode]: Enabled cocos2dCCIMEDelegate::detachWithIME hook at 0x6a069f20 for absolllute.megahack
18:20:35 DEBUG [Main] [Geode]: Enabled AppDelegate::trySaveGame hook at 0x8cb790 for absolllute.megahack
18:20:35 DEBUG [Main] [Geode]: Enabled GameStatsManager::isItemUnlocked hook at 0x9e6570 for absolllute.megahack
18:20:35 DEBUG [Main] [Geode]: Enabled ColorAction::setupFromString hook at 0xe49950 for absolllute.megahack
18:20:35 DEBUG [Main] [Geode]: Enabled GameObject::createWithKey hook at 0x9a0330 for absolllute.megahack
18:20:35 DEBUG [Main] [Geode]: Enabled UILayer::init hook at 0xc2ec10 for absolllute.megahack
18:20:35 DEBUG [Main] [Geode]: Enabled UILayer::keyDown hook at 0xc2f930 for absolllute.megahack
18:20:35 DEBUG [Main] [Geode]: Enabled UILayer::keyUp hook at 0xc2f950 for absolllute.megahack
18:20:35 DEBUG [Main] [Geode]: Enabled PauseLayer::customSetup hook at 0xb289f0 for absolllute.megahack
18:20:35 DEBUG [Main] [Geode]: Enabled PauseLayer::onResume hook at 0xb29f30 for absolllute.megahack
18:20:35 DEBUG [Main] [Geode]: Enabled EndLevelLayer::customSetup hook at 0x9574f0 for absolllute.megahack
18:20:35 DEBUG [Main] [Geode]: Enabled EndLevelLayer::keyDown hook at 0x95a310 for absolllute.megahack
18:20:35 DEBUG [Main] [Geode]: Enabled ShaderLayer::visit hook at 0xbf3810 for absolllute.megahack
18:20:35 DEBUG [Main] [Geode]: Enabled LevelInfoLayer::onPlay hook at 0xac55b0 for absolllute.megahack
18:20:35 DEBUG [Main] [Geode]: Enabled PlayerObject::togglePlayerScale hook at 0xb49170 for absolllute.megahack
18:20:35 DEBUG [Main] [Geode]: Enabled GJBaseGameLayer::handleButton hook at 0xa269f0 for absolllute.megahack
18:20:35 DEBUG [Main] [Geode]: Enabled GJBaseGameLayer::processCommands hook at 0xa2d240 for absolllute.megahack
18:20:35 DEBUG [Main] [Geode]: Enabled GJBaseGameLayer::resetLevelVariables hook at 0xa2db10 for absolllute.megahack
18:20:35 DEBUG [Main] [Geode]: Enabled GJBaseGameLayer::init hook at 0xa00290 for absolllute.megahack
18:20:35 DEBUG [Main] [Geode]: Enabled GJBaseGameLayer::visit hook at 0xa38ea0 for absolllute.megahack
18:20:35 DEBUG [Main] [Geode]: Enabled PlayLayer::_destructor hook at 0xb4c080 for absolllute.megahack
18:20:35 DEBUG [Main] [Geode]: Enabled PlayLayer::init hook at 0xb4c4a0 for absolllute.megahack
18:20:35 DEBUG [Main] [Geode]: Enabled PlayLayer::startGame hook at 0xb4dab0 for absolllute.megahack
18:20:35 DEBUG [Main] [Geode]: Enabled PlayLayer::onQuit hook at 0xb5b480 for absolllute.megahack
18:20:35 DEBUG [Main] [Geode]: Enabled PlayLayer::postUpdate hook at 0xb57220 for absolllute.megahack
18:20:35 DEBUG [Main] [Geode]: Enabled PlayLayer::addObject hook at 0xb519b0 for absolllute.megahack
18:20:35 DEBUG [Main] [Geode]: Enabled PlayLayer::destroyPlayer hook at 0xb56730 for absolllute.megahack
18:20:35 DEBUG [Main] [Geode]: Enabled PlayLayer::resetLevel hook at 0xb5a130 for absolllute.megahack
18:20:35 DEBUG [Main] [Geode]: Enabled PlayLayer::updateAttempts hook at 0xb5ab40 for absolllute.megahack
18:20:35 DEBUG [Main] [Geode]: Enabled PlayLayer::pauseGame hook at 0xb5ae80 for absolllute.megahack
18:20:35 DEBUG [Main] [Geode]: Enabled PlayLayer::createCheckpoint hook at 0xb576e0 for absolllute.megahack
18:20:35 DEBUG [Main] [Geode]: Enabled PlayLayer::markCheckpoint hook at 0xb58550 for absolllute.megahack
18:20:35 DEBUG [Main] [Geode]: Enabled PlayLayer::storeCheckpoint hook at 0xb584a0 for absolllute.megahack
18:20:35 DEBUG [Main] [Geode]: Enabled PlayLayer::playEndAnimationToPos hook at 0xb4fe00 for absolllute.megahack
18:20:35 DEBUG [Main] [Geode]: Enabled PlayLayer::playPlatformerEndAnimationToPos hook at 0xb505e0 for absolllute.megahack
18:20:35 DEBUG [Main] [Geode]: Enabled PlayLayer::applyEnterEffect hook at 0xb547d0 for absolllute.megahack
18:20:35 DEBUG [Main] [Geode]: Enabled PlayLayer::applyCustomEnterEffect hook at 0xb53f50 for absolllute.megahack
18:20:35 DEBUG [Main] [Geode]: Enabled PlayLayer::updateProgressbar hook at 0xb55440 for absolllute.megahack
18:20:35 DEBUG [Main] [Auto priority to high]: Trying to set the process priority to HIGH...
18:20:35 DEBUG [Main] [Auto priority to high]: Process priority is now set to HIGH.
18:20:35 DEBUG [Main] [Geode]: Downloading index
18:20:35 INFO  [Main] [BetterInfo]: Music Library response: 1
18:20:42 DEBUG [Index Update] [Geode]: Unzipping index
18:20:44 ERROR [Main] [Geode]: Mod ID 'tpdea.betterpause-Better' will be rejected in the future - IDs must match the regex `[a-z0-9\-_]+\.[a-z0-9\-_]+`
18:20:44 ERROR [Main] [Geode]: Mod ID 'TheSillyDoggo.GradientPages' will be rejected in the future - IDs must match the regex `[a-z0-9\-_]+\.[a-z0-9\-_]+`
18:20:44 DEBUG [stderr]: [2024-02-25 18:20:44] [warning] got non-close frame while closing
18:20:44 DEBUG [stderr]: [2024-02-25 18:20:44] [warning] got frame in state closed
18:20:44 DEBUG [stderr]: [2024-02-25 18:20:44] [error] handle_read_frame error: asio.system:10058 (Une demande denvoi ou de rception de donnes na pas t autorise car le socket avait dj t teint dans cette direction par un appel darrt prcdent.)
18:21:02 DEBUG [Index Update] [Geode]: Updating local index cache
18:21:18 WARN  [Index Update] [Geode]:   settings.randomise-main-menu-bg contains unknown key "platforms"
18:21:18 WARN  [Index Update] [Geode]:   settings.force-bg contains unknown key "platforms"
18:21:21 ERROR [Main] [Geode]: Mod ID 'tpdea.betterpause-Better' will be rejected in the future - IDs must match the regex `[a-z0-9\-_]+\.[a-z0-9\-_]+`
18:21:21 ERROR [Main] [Geode]: Mod ID 'TheSillyDoggo.GradientPages' will be rejected in the future - IDs must match the regex `[a-z0-9\-_]+\.[a-z0-9\-_]+`
18:21:23 DEBUG [Main] [Stat Changes]: tried
18:21:23 INFO  [Main] [Animated Profile Icons]: Playing animation: idle01
18:21:23 INFO  [Main] [Animated Profile Icons]: Playing animation: idle01
18:21:28 WARN  [Index Update] [Geode]:   settings.mouse-move-on-zoom contains unknown key "platforms"
18:21:28 WARN  [Index Update] [Geode]:   settings.grid-size-controls contains unknown key "platforms"
18:21:28 WARN  [Index Update] [Geode]:   settings.show-grid-on-size-change contains unknown key "platforms"
18:21:28 WARN  [Index Update] [Geode]:   settings.soft-save-enabled contains unknown key "platforms"
18:21:33 DEBUG [Index Update] [Geode]:   Done
18:21:39 DEBUG [Main] [Stat Changes]: tried
18:21:39 INFO  [Main] [Animated Profile Icons]: Playing animation: idle01
18:21:39 INFO  [Main] [Animated Profile Icons]: Playing animation: idle01
18:22:17 INFO  [Main] [Animated Profile Icons]: Playing animation: idle01
18:22:30 DEBUG [Main] [Stat Changes]: tried
18:22:30 INFO  [Main] [Animated Profile Icons]: Playing animation: idle01
18:22:30 INFO  [Main] [Animated Profile Icons]: Playing animation: idle01
18:22:32 DEBUG [Main] [Stat Changes]: updated
18:22:32 DEBUG [Main] [Stat Changes]: updated
18:22:35 INFO  [Main] [Animated Profile Icons]: Playing animation: run
18:22:35 INFO  [Main] [Animated Profile Icons]: Playing animation: idle
18:22:35 INFO  [Main] [Animated Profile Icons]: Playing animation: run
18:22:35 ERROR [Main] [Geode]: Mod ID 'tpdea.betterpause-Better' will be rejected in the future - IDs must match the regex `[a-z0-9\-_]+\.[a-z0-9\-_]+`
18:22:35 ERROR [Main] [Geode]: Mod ID 'TheSillyDoggo.GradientPages' will be rejected in the future - IDs must match the regex `[a-z0-9\-_]+\.[a-z0-9\-_]+`
18:22:35 INFO  [Main] [Animated Profile Icons]: Playing animation: run
18:22:37 INFO  [Main] [Animated Profile Icons]: Playing animation: run
18:22:37 DEBUG [Main] [Stat Changes]: tried
18:22:37 INFO  [Main] [Animated Profile Icons]: Playing animation: idle01
18:22:37 INFO  [Main] [Animated Profile Icons]: Playing animation: idle01
18:22:37 INFO  [Main] [Animated Profile Icons]: Playing animation: idle01
18:22:37 INFO  [Main] [Animated Profile Icons]: Playing animation: idle01
18:23:22 ERROR [Main] [Geode]: Mod ID 'tpdea.betterpause-Better' will be rejected in the future - IDs must match the regex `[a-z0-9\-_]+\.[a-z0-9\-_]+`
18:23:22 ERROR [Main] [Geode]: Mod ID 'TheSillyDoggo.GradientPages' will be rejected in the future - IDs must match the regex `[a-z0-9\-_]+\.[a-z0-9\-_]+`
18:23:49 ERROR [Main] [Geode]: Mod ID 'tpdea.betterpause-Better' will be rejected in the future - IDs must match the regex `[a-z0-9\-_]+\.[a-z0-9\-_]+`
18:23:49 ERROR [Main] [Geode]: Mod ID 'TheSillyDoggo.GradientPages' will be rejected in the future - IDs must match the regex `[a-z0-9\-_]+\.[a-z0-9\-_]+`
18:24:28 DEBUG [Main] [Geode]: Installing thesillydoggo.icon_kit_switcher
18:24:29 DEBUG [Main] [Geode]: Installed thesillydoggo.icon_kit_switcher
18:24:51 INFO  [Main] [Geode]: Saving mod data...
18:24:51 DEBUG [Main] [Geode]:   hiimjustin000.integrated_demonlist
18:24:51 DEBUG [Main] [Geode]:     Check covered
18:24:51 DEBUG [Main] [Geode]:     Check if white-rank is saved
18:24:51 ERROR [Main] [Geode]:     Unable to save settings: Unable to open file
18:24:51 ERROR [Main] [Geode]:     Unable to save values: Unable to open file
18:24:51 DEBUG [Main] [Geode]:   capeling.icon_profile_2.2
18:24:51 DEBUG [Main] [Geode]:     Check covered
18:24:51 DEBUG [Main] [Geode]:   geode.loader
18:24:51 DEBUG [Main] [Geode]:     Check covered
18:24:51 DEBUG [Main] [Geode]:     Check if auto-check-updates is saved
18:24:51 DEBUG [Main] [Geode]:     Check if show-platform-console is saved
18:24:51 DEBUG [Main] [Geode]:     Check if disable-last-crashed-popup is saved
18:24:51 DEBUG [Main] [Geode]:     Check if auto-update-mods is saved
18:24:51 DEBUG [Main] [Geode]:   mat.run-info
18:24:51 DEBUG [Main] [Geode]:     Check covered
18:24:51 DEBUG [Main] [Geode]:     Check if show-mode is saved
18:24:51 DEBUG [Main] [Geode]:     Check if position-top is saved
18:24:51 DEBUG [Main] [Geode]:     Check if position-left is saved
18:24:51 DEBUG [Main] [Geode]:     Check if show-icon is saved
18:24:51 DEBUG [Main] [Geode]:     Check if show-from is saved
18:24:51 DEBUG [Main] [Geode]:     Check if use-start-pos is saved
18:24:51 DEBUG [Main] [Geode]:   alphalaneous.projectedstars
18:24:51 DEBUG [Main] [Geode]:     Check covered
18:24:51 DEBUG [Main] [Geode]:   elohmrow.death_tracker
18:24:51 DEBUG [Main] [Geode]:     Check covered
18:24:51 DEBUG [Main] [Geode]:     Check if disable-tracking-completed-levels is saved
18:24:51 DEBUG [Main] [Geode]:   absolllute.megahack
18:24:51 DEBUG [Main] [Geode]:     Check covered
18:24:51 DEBUG [Main] [Geode]:   elnexreal.auto_priority
18:24:51 DEBUG [Main] [Geode]:     Check covered
18:24:51 DEBUG [Main] [Geode]:   abb2k.backup
18:24:51 DEBUG [Main] [Geode]:     Check covered
18:24:51 DEBUG [Main] [Geode]:     Check if Max_Auto_Backups is saved
18:24:51 DEBUG [Main] [Geode]:     Check if Auto_Backup is saved
18:24:51 DEBUG [Main] [Geode]:     Check if Button_In_Options_Menu is saved
18:24:51 DEBUG [Main] [Geode]:   coderqc.gdswearfilter
18:24:51 DEBUG [Main] [Geode]:     Check covered
18:24:51 DEBUG [Main] [Geode]:     Check if censor-comments is saved
18:24:51 DEBUG [Main] [Geode]:     Check if strict-mode is saved
18:24:51 DEBUG [Main] [Geode]:     Check if filter-profanity is saved
18:24:51 DEBUG [Main] [Geode]:     Check if censor-level-descriptions is saved
18:24:51 DEBUG [Main] [Geode]:     Check if filter-antilgbtq is saved
18:24:51 DEBUG [Main] [Geode]:     Check if filter-sexual is saved
18:24:51 DEBUG [Main] [Geode]:     Check if filter-racism is saved
18:24:51 DEBUG [Main] [Geode]:     Check if censor-level-names is saved
18:24:51 DEBUG [Main] [Geode]:     Check if relax-censor is saved
18:24:51 DEBUG [Main] [Geode]:   zilko.xdbot
18:24:51 DEBUG [Main] [Geode]:     Check covered
18:24:51 DEBUG [Main] [Geode]:     Check if speedhack is saved
18:24:51 DEBUG [Main] [Geode]:     Check if auto_safe_mode is saved
18:24:51 DEBUG [Main] [Geode]:     Check if speedhack_audio is saved
18:24:51 DEBUG [Main] [Geode]:     Check if override_macro_mode is saved
18:24:51 DEBUG [Main] [Geode]:     Check if frame_stepper is saved
18:24:51 DEBUG [Main] [Geode]:     Check if show_frame_label is saved
18:24:51 DEBUG [Main] [Geode]:     Check if end_button is saved
18:24:51 DEBUG [Main] [Geode]:     Check if auto_enable_play is saved
18:24:51 DEBUG [Main] [Geode]:     Check if show_recording_label is saved
18:24:51 DEBUG [Main] [Geode]:     Check if show_playing_label is saved
18:24:51 DEBUG [Main] [Geode]:     Check if disable_frame_stepper is saved
18:24:51 DEBUG [Main] [Geode]:     Check if disable_speedhack is saved
18:24:51 DEBUG [Main] [Geode]:     Check if vanilla is saved
18:24:51 DEBUG [Main] [Geode]:     Check if frame_fix is saved
18:24:51 DEBUG [Main] [Geode]:   bitz.customprofiles
18:24:51 DEBUG [Main] [Geode]:     Check covered
18:24:51 DEBUG [Main] [Geode]:     Check if Normal-colors is saved
18:24:51 DEBUG [Main] [Geode]:     Check if No-corners is saved
18:24:51 DEBUG [Main] [Geode]:     Check if Disable-info-button is saved
18:24:51 DEBUG [Main] [Geode]:     Check if Invert-Colors is saved
18:24:51 DEBUG [Main] [Geode]:     Check if Round-corners is saved
18:24:51 DEBUG [Main] [Geode]:     Check if Square-corners is saved
18:24:51 DEBUG [Main] [Geode]:     Check if Animate-colors is saved
18:24:51 DEBUG [Main] [Geode]:   cj_link.fakemoderator
18:24:51 DEBUG [Main] [Geode]:     Check covered
18:24:51 DEBUG [Main] [Geode]:     Check if mod-type is saved
18:24:51 DEBUG [Main] [Geode]:   colon.gold_user_coins
18:24:51 DEBUG [Main] [Geode]:     Check covered
18:24:51 DEBUG [Main] [Geode]:   lexi.visiblecheckpoints
18:24:51 DEBUG [Main] [Geode]:     Check covered
18:24:51 DEBUG [Main] [Geode]:     Check if progress-bar-opacity is saved
18:24:51 DEBUG [Main] [Geode]:     Check if progress-bar-crowding is saved
18:24:51 DEBUG [Main] [Geode]:   cvolton.betterinfo
18:24:51 DEBUG [Main] [Geode]:     Check covered
18:24:51 DEBUG [Main] [Geode]:     Check if fix-green-users is saved
18:24:51 DEBUG [Main] [Geode]:     Check if show-comment-ids is saved
18:24:51 DEBUG [Main] [Geode]:     Check if white-id is saved
18:24:51 DEBUG [Main] [Geode]:     Check if level-info is saved
18:24:51 DEBUG [Main] [Geode]:     Check if alt-button is saved
18:24:51 DEBUG [Main] [Geode]:     Check if auto-submit is saved
18:24:51 DEBUG [Main] [Geode]:   tpdea.betterpause-Better
18:24:51 DEBUG [Main] [Geode]:     Check covered
18:24:51 DEBUG [Main] [Geode]:     Check if level-editor-hack is saved
18:24:51 DEBUG [Main] [Geode]:     Check if show-comment-button is saved
18:24:51 DEBUG [Main] [Geode]:     Check if disable-arrow-blink is saved
18:24:51 DEBUG [Main] [Geode]:   dankmeme.globed2
18:24:51 DEBUG [Main] [Geode]:     Check covered
18:24:51 DEBUG [Main] [Geode]:     Check if force-skip-preload is saved
18:24:51 DEBUG [Main] [Geode]:   elnexreal.copy_song_id
18:24:51 DEBUG [Main] [Geode]:     Check covered
18:24:51 DEBUG [Main] [Geode]:   gdutilsdevs.gdutils
18:24:51 DEBUG [Main] [Geode]:     Check covered
18:24:51 DEBUG [Main] [Geode]:     Check if everywhereElse is saved
18:24:51 DEBUG [Main] [Geode]:     Check if weekly is saved
18:24:51 DEBUG [Main] [Geode]:     Check if daily is saved
18:24:51 DEBUG [Main] [Geode]:     Check if spotify-section is saved
18:24:51 DEBUG [Main] [Geode]:     Check if inEditor is saved
18:24:51 DEBUG [Main] [Geode]:     Check if inLevels is saved
18:24:51 DEBUG [Main] [Geode]:     Check if misc-section is saved
18:24:51 DEBUG [Main] [Geode]:     Check if customDifficultyFaces is saved
18:24:51 DEBUG [Main] [Geode]:     Check if newRate is saved
18:24:51 DEBUG [Main] [Geode]:     Check if sfx is saved
18:24:51 DEBUG [Main] [Geode]:     Check if spotifyApp is saved
18:24:51 DEBUG [Main] [Geode]:     Check if size is saved
18:24:51 DEBUG [Main] [Geode]:     Check if time is saved
18:24:51 DEBUG [Main] [Geode]:     Check if test-notification is saved
18:24:51 DEBUG [Main] [Geode]:     Check if demonListPlacement is saved
18:24:51 DEBUG [Main] [Geode]:     Check if inEditorSpotify is saved
18:24:51 DEBUG [Main] [Geode]:     Check if inLevelsSpotify is saved
18:24:51 DEBUG [Main] [Geode]:     Check if friendSearch is saved
18:24:51 DEBUG [Main] [Geode]:     Check if notificationPlacement is saved
18:24:51 DEBUG [Main] [Geode]:     Check if notification-section is saved
18:24:51 DEBUG [Main] [Geode]:     Check if notification-placement-section is saved
18:24:51 DEBUG [Main] [Geode]:     Check if notification-appearance-section is saved
18:24:51 DEBUG [Main] [Geode]:     Check if credits-section is saved
18:24:51 DEBUG [Main] [Geode]:     Check if credit-buttons is saved
18:24:51 DEBUG [Main] [Geode]:   thesillydoggo.better_startpos_menu
18:24:51 DEBUG [Main] [Geode]:     Check covered
18:24:51 DEBUG [Main] [Geode]:   geode.custom-keybinds
18:24:51 DEBUG [Main] [Geode]:     Check covered
18:24:51 DEBUG [Main] [Geode]:   geode.node-ids
18:24:51 DEBUG [Main] [Geode]:     Check covered
18:24:51 DEBUG [Main] [Geode]:   hjfod.betteredit
18:24:51 DEBUG [Main] [Geode]:     Check covered
18:24:51 DEBUG [Main] [Geode]:     Check if larger-color-menu is saved
18:24:51 DEBUG [Main] [Geode]:     Check if mouse-move-on-zoom is saved
18:24:51 DEBUG [Main] [Geode]:     Check if scale-factor is saved
18:24:51 DEBUG [Main] [Geode]:     Check if better-font-select is saved
18:24:51 DEBUG [Main] [Geode]:     Check if scale-pause is saved
18:24:51 DEBUG [Main] [Geode]:     Check if scale-build-tabs is saved
18:24:51 DEBUG [Main] [Geode]:     Check if new-color-menu is saved
18:24:51 DEBUG [Main] [Geode]:     Check if show-zoom-text is saved
18:24:51 DEBUG [Main] [Geode]:   hjfod.gdshare
18:24:51 DEBUG [Main] [Geode]:     Check covered
18:24:51 DEBUG [Main] [Geode]:   hjfod.gmd-api
18:24:51 DEBUG [Main] [Geode]:     Check covered
18:24:51 DEBUG [Main] [Geode]:   muhammadgames.bettermenu
18:24:51 DEBUG [Main] [Geode]:     Check covered
18:24:51 DEBUG [Main] [Geode]:     Check if ShortcutWeekly is saved
18:24:51 DEBUG [Main] [Geode]:     Check if RunMainMenu is saved
18:24:51 DEBUG [Main] [Geode]:     Check if ShortcutMyLevel is saved
18:24:51 DEBUG [Main] [Geode]:     Check if ShortcutSavedLevels is saved
18:24:51 DEBUG [Main] [Geode]:     Check if ShortcutSearch is saved
18:24:51 DEBUG [Main] [Geode]:     Check if replacename is saved
18:24:51 DEBUG [Main] [Geode]:     Check if ShortcutDaily is saved
18:24:51 DEBUG [Main] [Geode]:     Check if HideName is saved
18:24:51 DEBUG [Main] [Geode]:     Check if MoveMenuPos is saved
18:24:51 DEBUG [Main] [Geode]:     Check if MoveMenuPosFlip is saved
18:24:51 DEBUG [Main] [Geode]:     Check if RightSide is saved
18:24:51 DEBUG [Main] [Geode]:   redlime.statchanges
18:24:51 DEBUG [Main] [Geode]:     Check covered
18:24:51 DEBUG [Main] [Geode]:     Check if weeks is saved
18:24:51 DEBUG [Main] [Geode]:     Check if upArrowColor is saved
18:24:51 DEBUG [Main] [Geode]:     Check if textScale is saved
18:24:51 DEBUG [Main] [Geode]:     Check if downArrowColor is saved
18:24:51 DEBUG [Main] [Geode]:   thesillydoggo.animatedprofiles
18:24:51 DEBUG [Main] [Geode]:     Check covered
18:24:51 DEBUG [Main] [Geode]:   thesillydoggo.entersearch
18:24:51 DEBUG [Main] [Geode]:     Check covered
18:24:51 DEBUG [Main] [Geode]:   TheSillyDoggo.GradientPages
18:24:51 DEBUG [Main] [Geode]:     Check covered
18:24:51 DEBUG [Main] [Geode]:     Check if apply-filter is saved
18:24:51 DEBUG [Main] [Geode]:     Check if apply-credits is saved
18:24:51 DEBUG [Main] [Geode]:     Check if apply-profiles is saved
18:24:51 DEBUG [Main] [Geode]:     Check if apply-unlock is saved
18:24:51 DEBUG [Main] [Geode]:     Check if apply-info-layer is saved
18:24:51 DEBUG [Main] [Geode]:     Check if apply-pagesel is saved
18:24:51 DEBUG [Main] [Geode]:     Check if apply-shards is saved
18:24:51 DEBUG [Main] [Geode]:     Check if apply-demon is saved
18:24:51 DEBUG [Main] [Geode]:     Check if apply-quests is saved
18:24:51 DEBUG [Main] [Geode]:     Check if reverse-order is saved
18:24:51 DEBUG [Main] [Geode]:     Check if use-custom-colours is saved
18:24:51 DEBUG [Main] [Geode]:     Check if primary-colour is saved
18:24:51 DEBUG [Main] [Geode]:     Check if secondary-colour is saved
18:24:51 DEBUG [Main] [Geode]:   thesillydoggo.icon_kit_switcher
18:24:51 DEBUG [Main] [Geode]:     Check covered
18:24:51 INFO  [Main] [Geode]:   Took 0.076s
18:25:01 DEBUG [Main] [Globed]: cleaning up..
18:25:01 DEBUG [Main] [Globed]: Goodbye!
18:25:01 DEBUG [Main] [Globed]: audio thread halted.
