15:47:04 INFO  [Main] [Geode]: Running Geode v2.0.0-beta.17 in Geometry Dash v2.204
15:47:04 INFO  [Main] [Geode]: Setting up internal mod
15:47:04 INFO  [Main] [Geode]: Setting up loader
15:47:04 DEBUG [Main] [Geode]:   Loading launch arguments
15:47:04 DEBUG [Main] [Geode]:   Setting up crash handler
15:47:04 DEBUG [Main] [Geode]:   Loading hooks
15:47:04 DEBUG [Main] [Geode]:     Enabled cocos2d::CCFileUtils::fullPathForFilename hook at 0x741c0f40 for geode.loader
15:47:04 DEBUG [Main] [Geode]:     Enabled cocos2d::CCFileUtils::sharedFileUtils hook at 0x741c9770 for geode.loader
15:47:04 DEBUG [Main] [Geode]:     Enabled cocos2d::CCNode::getUserObject hook at 0x742131f0 for geode.loader
15:47:04 DEBUG [Main] [Geode]:     Enabled cocos2d::CCNode::setUserObject hook at 0x741615a0 for geode.loader
15:47:04 DEBUG [Main] [Geode]:     Enabled AchievementNotifier::willSwitchToScene hook at 0x26c200 for geode.loader
15:47:04 DEBUG [Main] [Geode]:     Enabled AppDelegate::trySaveGame hook at 0x2ab790 for geode.loader
15:47:04 DEBUG [Main] [Geode]:     Enabled cocos2d::CCScheduler::update hook at 0x74206db0 for geode.loader
15:47:04 DEBUG [Main] [Geode]:     Enabled CCTextInputNode::ccTouchBegan hook at 0x2804f0 for geode.loader
15:47:04 DEBUG [Main] [Geode]:     Enabled LoadingLayer::loadAssets hook at 0x4c6bd0 for geode.loader
15:47:04 DEBUG [Main] [Geode]:     Enabled LoadingLayer::init hook at 0x4c6370 for geode.loader
15:47:04 DEBUG [Main] [Geode]:     Enabled LoadingLayer::loadAssets hook at 0x4c6bd0 for geode.loader
15:47:04 DEBUG [Main] [Geode]:     Enabled MenuLayer::init hook at 0x4cb450 for geode.loader
15:47:04 DEBUG [Main] [Geode]:   Setting up directories
15:47:04 INFO  [Main] [Geode]:   Refreshing mod graph
15:47:04 DEBUG [Main] [Geode]:     Queueing mods
15:47:04 DEBUG [Main] [Geode]:       Searching C:\Program Files (x86)\Steam\steamapps\common\Geometry Dash\geode\mods
15:47:04 DEBUG [Main] [Geode]:         Found abb2k.backup.geode
15:47:04 DEBUG [Main] [Geode]:           id: abb2k.backup
15:47:04 DEBUG [Main] [Geode]:           version: v1.0.4
15:47:04 DEBUG [Main] [Geode]:           early: no
15:47:04 DEBUG [Main] [Geode]:         Found absolllute.megahack.geode
15:47:04 DEBUG [Main] [Geode]:           id: absolllute.megahack
15:47:04 DEBUG [Main] [Geode]:           version: v8.0.0-alpha.10
15:47:04 DEBUG [Main] [Geode]:           early: yes
15:47:04 DEBUG [Main] [Geode]:         Found adyagd.godlikefaces.geode
15:47:04 DEBUG [Main] [Geode]:           id: adyagd.godlikefaces
15:47:04 DEBUG [Main] [Geode]:           version: v1.1.1
15:47:04 DEBUG [Main] [Geode]:           early: no
15:47:04 DEBUG [Main] [Geode]:         Found adyagd.ingamelistmod.geode
15:47:04 DEBUG [Main] [Geode]:           id: adyagd.ingamelistmod
15:47:04 DEBUG [Main] [Geode]:           version: v1.0.0
15:47:04 DEBUG [Main] [Geode]:           early: no
15:47:04 DEBUG [Main] [Geode]:         Found alk.editorcollab.geode
15:47:04 ERROR [Main] [Geode]:           Failed to queue: "C:\Program Files (x86)\Steam\steamapps\common\Geometry Dash\geode\mods\alk.editorcollab.geode" - [mod.json] is missing target GD version
15:47:04 DEBUG [Main] [Geode]:         Found alk.fps-shower.geode
15:47:04 ERROR [Main] [Geode]:           Failed to queue: "C:\Program Files (x86)\Steam\steamapps\common\Geometry Dash\geode\mods\alk.fps-shower.geode" - [mod.json] is missing target GD version
15:47:04 DEBUG [Main] [Geode]:         Found alphalaneous.projectedstars.geode
15:47:04 DEBUG [Main] [Geode]:           id: alphalaneous.projectedstars
15:47:04 DEBUG [Main] [Geode]:           version: v1.1.2
15:47:04 DEBUG [Main] [Geode]:           early: no
15:47:04 DEBUG [Main] [Geode]:         Found beat.click-sound.geode
15:47:04 DEBUG [Main] [Geode]:           id: beat.click-sound
15:47:04 DEBUG [Main] [Geode]:           version: v1.4.1
15:47:04 DEBUG [Main] [Geode]:           early: no
15:47:04 DEBUG [Main] [Geode]:         Found bitz.customprofiles.geode
15:47:04 DEBUG [Main] [Geode]:           id: bitz.customprofiles
15:47:04 DEBUG [Main] [Geode]:           version: v1.0.5
15:47:04 DEBUG [Main] [Geode]:           early: no
15:47:04 DEBUG [Main] [Geode]:         Found camila314.acbypass.geode
15:47:04 ERROR [Main] [Geode]:           Failed to queue: "C:\Program Files (x86)\Steam\steamapps\common\Geometry Dash\geode\mods\camila314.acbypass.geode" - [mod.json] is missing target GD version
15:47:04 DEBUG [Main] [Geode]:         Found camila314.demonlist-button.geode
15:47:04 ERROR [Main] [Geode]:           Failed to queue: "C:\Program Files (x86)\Steam\steamapps\common\Geometry Dash\geode\mods\camila314.demonlist-button.geode" - [mod.json] is missing target GD version
15:47:04 DEBUG [Main] [Geode]:         Found camila314.noclip.geode
15:47:04 ERROR [Main] [Geode]:           Failed to queue: "C:\Program Files (x86)\Steam\steamapps\common\Geometry Dash\geode\mods\camila314.noclip.geode" - [mod.json] is missing target GD version
15:47:04 DEBUG [Main] [Geode]:         Found capeling.icon_profile_2.2.geode
15:47:04 DEBUG [Main] [Geode]:           id: capeling.icon_profile_2.2
15:47:04 DEBUG [Main] [Geode]:           version: v1.1.4
15:47:04 DEBUG [Main] [Geode]:           early: no
15:47:04 DEBUG [Main] [Geode]:         Found chs.confirmquit.geode
15:47:04 ERROR [Main] [Geode]:           Failed to queue: "C:\Program Files (x86)\Steam\steamapps\common\Geometry Dash\geode\mods\chs.confirmquit.geode" - [mod.json] is missing target GD version
15:47:04 DEBUG [Main] [Geode]:         Found coderqc.gdswearfilter.geode
15:47:04 DEBUG [Main] [Geode]:           id: coderqc.gdswearfilter
15:47:04 DEBUG [Main] [Geode]:           version: v1.0.1
15:47:04 DEBUG [Main] [Geode]:           early: no
15:47:04 DEBUG [Main] [Geode]:         Found colon.gold_user_coins.geode
15:47:04 DEBUG [Main] [Geode]:           id: colon.gold_user_coins
15:47:04 DEBUG [Main] [Geode]:           version: v1.0.1
15:47:04 DEBUG [Main] [Geode]:           early: no
15:47:04 DEBUG [Main] [Geode]:         Found cvolton.betterinfo.geode
15:47:04 DEBUG [Main] [Geode]:           id: cvolton.betterinfo
15:47:04 DEBUG [Main] [Geode]:           version: v4.0.0-alpha.13
15:47:04 DEBUG [Main] [Geode]:           early: no
15:47:04 DEBUG [Main] [Geode]:         Found cvolton.capacity_fix.geode
15:47:04 ERROR [Main] [Geode]:           Failed to queue: "C:\Program Files (x86)\Steam\steamapps\common\Geometry Dash\geode\mods\cvolton.capacity_fix.geode" - [mod.json] is missing target GD version
15:47:04 DEBUG [Main] [Geode]:         Found dankmeme.globed2.geode
15:47:04 DEBUG [Main] [Geode]:           id: dankmeme.globed2
15:47:04 DEBUG [Main] [Geode]:           version: v1.0.5
15:47:04 DEBUG [Main] [Geode]:           early: no
15:47:04 DEBUG [Main] [Geode]:         Found elnexreal.copy_song_id.geode
15:47:04 DEBUG [Main] [Geode]:           id: elnexreal.copy_song_id
15:47:04 DEBUG [Main] [Geode]:           version: v1.2.2
15:47:04 DEBUG [Main] [Geode]:           early: no
15:47:04 DEBUG [Main] [Geode]:         Found elohmrow.death_tracker.geode
15:47:04 DEBUG [Main] [Geode]:           id: elohmrow.death_tracker
15:47:04 DEBUG [Main] [Geode]:           version: v1.4.3
15:47:04 DEBUG [Main] [Geode]:           early: no
15:47:04 DEBUG [Main] [Geode]:         Found fleym.nongd.geode
15:47:04 ERROR [Main] [Geode]:           Failed to queue: "C:\Program Files (x86)\Steam\steamapps\common\Geometry Dash\geode\mods\fleym.nongd.geode" - [mod.json] is missing target GD version
15:47:04 DEBUG [Main] [Geode]:         Found gdutilsdevs.gdutils.geode
15:47:04 DEBUG [Main] [Geode]:           id: gdutilsdevs.gdutils
15:47:04 DEBUG [Main] [Geode]:           version: v1.2.14
15:47:04 DEBUG [Main] [Geode]:           early: no
15:47:04 DEBUG [Main] [Geode]:         Found geode.custom-keybinds.geode
15:47:04 DEBUG [Main] [Geode]:           id: geode.custom-keybinds
15:47:04 DEBUG [Main] [Geode]:           version: v1.4.0
15:47:04 DEBUG [Main] [Geode]:           early: no
15:47:04 DEBUG [Main] [Geode]:         Found geode.node-ids.geode
15:47:04 DEBUG [Main] [Geode]:           id: geode.node-ids
15:47:04 DEBUG [Main] [Geode]:           version: v1.3.0
15:47:04 DEBUG [Main] [Geode]:           early: no
15:47:04 DEBUG [Main] [Geode]:         Found hjfod.custom-keybinds.geode
15:47:04 ERROR [Main] [Geode]:           Failed to queue: "C:\Program Files (x86)\Steam\steamapps\common\Geometry Dash\geode\mods\hjfod.custom-keybinds.geode" - [mod.json] is missing target GD version
15:47:04 DEBUG [Main] [Geode]:         Found hjfod.gdshare.geode
15:47:04 DEBUG [Main] [Geode]:           id: hjfod.gdshare
15:47:04 DEBUG [Main] [Geode]:           version: v1.0.4
15:47:04 DEBUG [Main] [Geode]:           early: no
15:47:04 DEBUG [Main] [Geode]:         Found hjfod.gmd-api.geode
15:47:04 DEBUG [Main] [Geode]:           id: hjfod.gmd-api
15:47:04 DEBUG [Main] [Geode]:           version: v1.0.1
15:47:04 DEBUG [Main] [Geode]:           early: no
15:47:04 DEBUG [Main] [Geode]:         Found mat.fps-bypass.geode
15:47:04 ERROR [Main] [Geode]:           Failed to queue: "C:\Program Files (x86)\Steam\steamapps\common\Geometry Dash\geode\mods\mat.fps-bypass.geode" - [mod.json] is missing target GD version
15:47:04 DEBUG [Main] [Geode]:         Found mat.practice-music.geode
15:47:04 ERROR [Main] [Geode]:           Failed to queue: "C:\Program Files (x86)\Steam\steamapps\common\Geometry Dash\geode\mods\mat.practice-music.geode" - [mod.json] is missing target GD version
15:47:04 DEBUG [Main] [Geode]:         Found mat.run-info.geode
15:47:04 DEBUG [Main] [Geode]:           id: mat.run-info
15:47:04 DEBUG [Main] [Geode]:           version: v1.0.2
15:47:04 DEBUG [Main] [Geode]:           early: no
15:47:04 DEBUG [Main] [Geode]:         Found mat.scroll-zoom.geode
15:47:04 ERROR [Main] [Geode]:           Failed to queue: "C:\Program Files (x86)\Steam\steamapps\common\Geometry Dash\geode\mods\mat.scroll-zoom.geode" - [mod.json] is missing target GD version
15:47:04 DEBUG [Main] [Geode]:         Found redlime.statchanges.geode
15:47:04 DEBUG [Main] [Geode]:           id: redlime.statchanges
15:47:04 DEBUG [Main] [Geode]:           version: v1.1.0
15:47:04 DEBUG [Main] [Geode]:           early: no
15:47:04 DEBUG [Main] [Geode]:         Found rlt.gd-platformer.geode
15:47:04 ERROR [Main] [Geode]:           Failed to queue: "C:\Program Files (x86)\Steam\steamapps\common\Geometry Dash\geode\mods\rlt.gd-platformer.geode" - [mod.json] is missing target GD version
15:47:04 DEBUG [Main] [Geode]:         Found ruslan.apm.geode
15:47:04 ERROR [Main] [Geode]:           Failed to queue: "C:\Program Files (x86)\Steam\steamapps\common\Geometry Dash\geode\mods\ruslan.apm.geode" - [mod.json] is missing target GD version
15:47:04 DEBUG [Main] [Geode]:         Found ruslan.nm.geode
15:47:04 ERROR [Main] [Geode]:           Failed to queue: "C:\Program Files (x86)\Steam\steamapps\common\Geometry Dash\geode\mods\ruslan.nm.geode" - [mod.json] is missing target GD version
15:47:04 DEBUG [Main] [Geode]:         Found thesillydoggo.animatedprofiles.geode
15:47:04 DEBUG [Main] [Geode]:           id: thesillydoggo.animatedprofiles
15:47:04 DEBUG [Main] [Geode]:           version: v1.0.1
15:47:04 DEBUG [Main] [Geode]:           early: no
15:47:04 DEBUG [Main] [Geode]:         Found thesillydoggo.better_startpos_menu.geode
15:47:04 DEBUG [Main] [Geode]:           id: thesillydoggo.better_startpos_menu
15:47:04 DEBUG [Main] [Geode]:           version: v1.1.0
15:47:04 DEBUG [Main] [Geode]:           early: no
15:47:04 DEBUG [Main] [Geode]:         Found thesillydoggo.entersearch.geode
15:47:04 DEBUG [Main] [Geode]:           id: thesillydoggo.entersearch
15:47:04 DEBUG [Main] [Geode]:           version: v1.0.0
15:47:04 DEBUG [Main] [Geode]:           early: no
15:47:04 DEBUG [Main] [Geode]:         Found TheSillyDoggo.GradientPages.geode
15:47:04 DEBUG [Main] [Geode]:           id: TheSillyDoggo.GradientPages
15:47:04 DEBUG [Main] [Geode]:           version: v2.1.0
15:47:04 DEBUG [Main] [Geode]:           early: no
15:47:04 DEBUG [Main] [Geode]:         Found xanii.youtubers.geode
15:47:04 DEBUG [Main] [Geode]:           id: xanii.youtubers
15:47:04 DEBUG [Main] [Geode]:           version: v1.0.0
15:47:04 DEBUG [Main] [Geode]:           early: no
15:47:04 DEBUG [Main] [Geode]:     Populating mod list
15:47:04 DEBUG [Main] [Geode]:       abb2k.backup v1.0.4
15:47:04 DEBUG [Main] [Geode]:       absolllute.megahack v8.0.0-alpha.10
15:47:04 DEBUG [Main] [Geode]:       adyagd.godlikefaces v1.1.1
15:47:04 DEBUG [Main] [Geode]:       adyagd.ingamelistmod v1.0.0
15:47:04 DEBUG [Main] [Geode]:       alphalaneous.projectedstars v1.1.2
15:47:04 DEBUG [Main] [Geode]:       beat.click-sound v1.4.1
15:47:04 DEBUG [Main] [Geode]:       bitz.customprofiles v1.0.5
15:47:04 DEBUG [Main] [Geode]:       capeling.icon_profile_2.2 v1.1.4
15:47:04 DEBUG [Main] [Geode]:       coderqc.gdswearfilter v1.0.1
15:47:04 DEBUG [Main] [Geode]:       colon.gold_user_coins v1.0.1
15:47:04 DEBUG [Main] [Geode]:       cvolton.betterinfo v4.0.0-alpha.13
15:47:04 DEBUG [Main] [Geode]:       dankmeme.globed2 v1.0.5
15:47:04 DEBUG [Main] [Geode]:       elnexreal.copy_song_id v1.2.2
15:47:04 DEBUG [Main] [Geode]:       elohmrow.death_tracker v1.4.3
15:47:04 DEBUG [Main] [Geode]:       gdutilsdevs.gdutils v1.2.14
15:47:04 WARN  [Main] [GDUtils]:       Encountered unknown setting "spotify-section" while loading settings
15:47:04 WARN  [Main] [GDUtils]:       Encountered unknown setting "misc-section" while loading settings
15:47:04 WARN  [Main] [GDUtils]:       Encountered unknown setting "spotifyApp" while loading settings
15:47:04 WARN  [Main] [GDUtils]:       Encountered unknown setting "test-notification" while loading settings
15:47:04 WARN  [Main] [GDUtils]:       Encountered unknown setting "notificationPlacement" while loading settings
15:47:04 WARN  [Main] [GDUtils]:       Encountered unknown setting "notification-section" while loading settings
15:47:04 WARN  [Main] [GDUtils]:       Encountered unknown setting "notification-placement-section" while loading settings
15:47:04 WARN  [Main] [GDUtils]:       Encountered unknown setting "notification-appearance-section" while loading settings
15:47:04 WARN  [Main] [GDUtils]:       Encountered unknown setting "credits-section" while loading settings
15:47:04 WARN  [Main] [GDUtils]:       Encountered unknown setting "credit-buttons" while loading settings
15:47:04 DEBUG [Main] [Geode]:       geode.custom-keybinds v1.4.0
15:47:04 DEBUG [Main] [Geode]:       geode.node-ids v1.3.0
15:47:04 DEBUG [Main] [Geode]:       hjfod.gdshare v1.0.4
15:47:04 DEBUG [Main] [Geode]:       hjfod.gmd-api v1.0.1
15:47:04 DEBUG [Main] [Geode]:       mat.run-info v1.0.2
15:47:04 DEBUG [Main] [Geode]:       redlime.statchanges v1.1.0
15:47:04 DEBUG [Main] [Geode]:       thesillydoggo.animatedprofiles v1.0.1
15:47:04 DEBUG [Main] [Geode]:       thesillydoggo.better_startpos_menu v1.1.0
15:47:04 DEBUG [Main] [Geode]:       thesillydoggo.entersearch v1.0.0
15:47:04 DEBUG [Main] [Geode]:       TheSillyDoggo.GradientPages v2.1.0
15:47:04 DEBUG [Main] [Geode]:       xanii.youtubers v1.0.0
15:47:04 DEBUG [Main] [Geode]:     Building mod graph
15:47:04 DEBUG [Main] [Geode]:       geode.loader
15:47:04 DEBUG [Main] [Geode]:       beat.click-sound
15:47:04 DEBUG [Main] [Geode]:         geode.loader
15:47:04 DEBUG [Main] [Geode]:         geode.node-ids
15:47:04 DEBUG [Main] [Geode]:       mat.run-info
15:47:04 DEBUG [Main] [Geode]:         geode.loader
15:47:04 DEBUG [Main] [Geode]:       alphalaneous.projectedstars
15:47:04 DEBUG [Main] [Geode]:         geode.loader
15:47:04 DEBUG [Main] [Geode]:         geode.node-ids
15:47:04 DEBUG [Main] [Geode]:       elohmrow.death_tracker
15:47:04 DEBUG [Main] [Geode]:         geode.loader
15:47:04 DEBUG [Main] [Geode]:       absolllute.megahack
15:47:04 DEBUG [Main] [Geode]:         geode.loader
15:47:04 DEBUG [Main] [Geode]:       abb2k.backup
15:47:04 DEBUG [Main] [Geode]:         geode.loader
15:47:04 DEBUG [Main] [Geode]:       adyagd.godlikefaces
15:47:04 DEBUG [Main] [Geode]:         geode.loader
15:47:04 DEBUG [Main] [Geode]:       hjfod.gdshare
15:47:04 DEBUG [Main] [Geode]:         geode.loader
15:47:04 DEBUG [Main] [Geode]:         hjfod.gmd-api
15:47:04 DEBUG [Main] [Geode]:         geode.node-ids
15:47:04 DEBUG [Main] [Geode]:       adyagd.ingamelistmod
15:47:04 DEBUG [Main] [Geode]:         geode.loader
15:47:04 DEBUG [Main] [Geode]:       bitz.customprofiles
15:47:04 DEBUG [Main] [Geode]:         geode.loader
15:47:04 DEBUG [Main] [Geode]:         geode.node-ids
15:47:04 DEBUG [Main] [Geode]:       capeling.icon_profile_2.2
15:47:04 DEBUG [Main] [Geode]:         geode.loader
15:47:04 DEBUG [Main] [Geode]:       coderqc.gdswearfilter
15:47:04 DEBUG [Main] [Geode]:         geode.loader
15:47:04 DEBUG [Main] [Geode]:       colon.gold_user_coins
15:47:04 DEBUG [Main] [Geode]:         geode.loader
15:47:04 DEBUG [Main] [Geode]:       cvolton.betterinfo
15:47:04 DEBUG [Main] [Geode]:         geode.loader
15:47:04 DEBUG [Main] [Geode]:         geode.node-ids
15:47:04 DEBUG [Main] [Geode]:       dankmeme.globed2
15:47:04 DEBUG [Main] [Geode]:         geode.loader
15:47:04 DEBUG [Main] [Geode]:         geode.custom-keybinds
15:47:04 DEBUG [Main] [Geode]:       elnexreal.copy_song_id
15:47:04 DEBUG [Main] [Geode]:         geode.loader
15:47:04 DEBUG [Main] [Geode]:       gdutilsdevs.gdutils
15:47:04 DEBUG [Main] [Geode]:         geode.loader
15:47:04 DEBUG [Main] [Geode]:       thesillydoggo.better_startpos_menu
15:47:04 DEBUG [Main] [Geode]:         geode.loader
15:47:04 DEBUG [Main] [Geode]:       geode.custom-keybinds
15:47:04 DEBUG [Main] [Geode]:         geode.loader
15:47:04 DEBUG [Main] [Geode]:       geode.node-ids
15:47:04 DEBUG [Main] [Geode]:         geode.loader
15:47:04 DEBUG [Main] [Geode]:       hjfod.gmd-api
15:47:04 DEBUG [Main] [Geode]:         geode.loader
15:47:04 DEBUG [Main] [Geode]:       redlime.statchanges
15:47:04 DEBUG [Main] [Geode]:         geode.loader
15:47:04 DEBUG [Main] [Geode]:         geode.node-ids
15:47:04 DEBUG [Main] [Geode]:       thesillydoggo.animatedprofiles
15:47:04 DEBUG [Main] [Geode]:         geode.loader
15:47:04 DEBUG [Main] [Geode]:         geode.node-ids
15:47:04 DEBUG [Main] [Geode]:       thesillydoggo.entersearch
15:47:04 DEBUG [Main] [Geode]:         geode.loader
15:47:04 DEBUG [Main] [Geode]:       TheSillyDoggo.GradientPages
15:47:04 DEBUG [Main] [Geode]:         geode.loader
15:47:04 DEBUG [Main] [Geode]:       xanii.youtubers
15:47:04 DEBUG [Main] [Geode]:         geode.loader
15:47:04 DEBUG [Main] [Geode]:     Loading early mods
15:47:04 DEBUG [Main] [Geode]:       absolllute.megahack v8.0.0-alpha.10
15:47:04 DEBUG [Main] [Geode]:         Unzip
15:47:04 DEBUG [Main] [Geode]:         Same hash detected, skipping unzip
15:47:04 DEBUG [Main] [Geode]:         Load
15:47:04 DEBUG [Main] [Geode]:         Loading binary for mod absolllute.megahack
15:47:10 INFO  [Main] [Geode]:     Took 6.055s. Continuing next frame...
15:47:10 DEBUG [Main] [Geode]: Setting up IPC
15:47:10 DEBUG [Main] [Geode]:   IPC set up
15:47:10 INFO  [Main] [Geode]: Starting loader update check
15:47:10 INFO  [Main] [Geode]: Entry took 6.086s
15:47:13 INFO  [Main] [Geode]: Continuing mod graph refresh...
15:47:13 DEBUG [Main] [Geode]:   Loading mods
15:47:13 DEBUG [Main] [Geode]:     beat.click-sound v1.4.1 has unresolved dependencies
15:47:13 ERROR [Main] [Geode]: Failed to fetch updates Empty response
15:47:14 DEBUG [Main] [Geode]: Enabled GameManager::isIconUnlocked hook at 0x371f90 for absolllute.megahack
15:47:14 DEBUG [Main] [Geode]: Enabled GameManager::isColorUnlocked hook at 0x372490 for absolllute.megahack
15:47:14 DEBUG [Main] [Geode]: Enabled GameManager::setGameVariable hook at 0x3784e0 for absolllute.megahack
15:47:14 DEBUG [Main] [Geode]: Enabled GameManager::getGameVariable hook at 0x378730 for absolllute.megahack
15:47:14 DEBUG [Main] [Geode]: Enabled MenuLayer::init hook at 0x4cb450 for absolllute.megahack
15:47:14 INFO  [Main] [Geode]: Continuing mod graph refresh...
15:47:14 DEBUG [Main] [Geode]:   Loading mods
15:47:14 DEBUG [Main] [Geode]:     mat.run-info v1.0.2
15:47:14 DEBUG [Mod Unzip] [Geode]:  Unzip
15:47:14 DEBUG [Mod Unzip] [Geode]:  Same hash detected, skipping unzip
15:47:14 DEBUG [Main] [Geode]:       Load
15:47:14 DEBUG [Main] [Geode]:       Loading binary for mod mat.run-info
15:47:14 DEBUG [Main] [Geode]:       Enabled PlayLayer::init hook at 0x52c4a0 for mat.run-info
15:47:14 DEBUG [Main] [Geode]:       Enabled PlayLayer::resetLevel hook at 0x53a130 for mat.run-info
15:47:14 DEBUG [Main] [Geode]:       Enabled PlayLayer::togglePracticeMode hook at 0x53ad30 for mat.run-info
15:47:14 INFO  [Main] [Geode]: Took 0.049s
15:47:14 INFO  [Main] [Geode]: Continuing mod graph refresh...
15:47:14 DEBUG [Main] [Geode]:   Loading mods
15:47:14 DEBUG [Main] [Geode]:     alphalaneous.projectedstars v1.1.2 has unresolved dependencies
15:47:14 INFO  [Main] [Geode]: Took 0.015s
15:47:14 INFO  [Main] [Geode]: Continuing mod graph refresh...
15:47:14 DEBUG [Main] [Geode]:   Loading mods
15:47:14 DEBUG [Main] [Geode]:     elohmrow.death_tracker v1.4.3
15:47:14 DEBUG [Mod Unzip] [Geode]:  Unzip
15:47:14 DEBUG [Mod Unzip] [Geode]:  Same hash detected, skipping unzip
15:47:14 DEBUG [Main] [Geode]:       Load
15:47:14 DEBUG [Main] [Geode]:       Loading binary for mod elohmrow.death_tracker
15:47:14 DEBUG [Main] [Geode]:       Enabled GJBaseGameLayer::setStartPosObject hook at 0x3e9e90 for elohmrow.death_tracker
15:47:14 DEBUG [Main] [Geode]:       Enabled PlayLayer::checkpointActivated hook at 0x5376c0 for elohmrow.death_tracker
15:47:14 DEBUG [Main] [Geode]:       Enabled PlayLayer::onQuit hook at 0x53b480 for elohmrow.death_tracker
15:47:14 DEBUG [Main] [Geode]:       Enabled PlayLayer::resetLevelFromStart hook at 0x53a090 for elohmrow.death_tracker
15:47:14 DEBUG [Main] [Geode]:       Enabled PlayerObject::playerDestroyed hook at 0x521b30 for elohmrow.death_tracker
15:47:14 DEBUG [Main] [Geode]:       Enabled LevelInfoLayer::onLevelInfo hook at 0x4a6a70 for elohmrow.death_tracker
15:47:14 DEBUG [Main] [Geode]:       Enabled EditLevelLayer::onLevelInfo hook at 0x2edb40 for elohmrow.death_tracker
15:47:14 DEBUG [Main] [Geode]:       Enabled LevelPage::onInfo hook at 0x4bc400 for elohmrow.death_tracker
15:47:14 DEBUG [Main] [Geode]:       Enabled cocos2d::CCLayerColor::initWithColor hook at 0x741a4c70 for elohmrow.death_tracker
15:47:14 DEBUG [Main] [Geode]:       Enabled FLAlertLayer::init hook at 0x280f60 for elohmrow.death_tracker
15:47:14 DEBUG [Main] [Geode]:       Enabled FLAlertLayer::keyBackClicked hook at 0x281a10 for elohmrow.death_tracker
15:47:14 DEBUG [Main] [Geode]:       Enabled FLAlertLayer::onBtn1 hook at 0x281ab0 for elohmrow.death_tracker
15:47:14 DEBUG [Main] [Geode]:       Enabled FLAlertLayer::show hook at 0x281cd0 for elohmrow.death_tracker
15:47:14 INFO  [Main] [Geode]: Took 0.039s
15:47:14 INFO  [Main] [Geode]: Continuing mod graph refresh...
15:47:14 DEBUG [Main] [Geode]:   Loading mods
15:47:14 DEBUG [Main] [Geode]:     abb2k.backup v1.0.4
15:47:14 DEBUG [Mod Unzip] [Geode]:  Unzip
15:47:14 DEBUG [Mod Unzip] [Geode]:  Same hash detected, skipping unzip
15:47:14 DEBUG [Main] [Geode]:       Load
15:47:14 DEBUG [Main] [Geode]:       Loading binary for mod abb2k.backup
15:47:14 DEBUG [Main] [Geode]:       Enabled MenuLayer::init hook at 0x4cb450 for abb2k.backup
15:47:14 DEBUG [Main] [Geode]:       Enabled OptionsLayer::customSetup hook at 0x5002d0 for abb2k.backup
15:47:14 DEBUG [Main] [Geode]:       Enabled GameManager::doQuickSave hook at 0x37de10 for abb2k.backup
15:47:14 INFO  [Main] [Geode]: Took 0.032s
15:47:14 INFO  [Main] [Geode]: Continuing mod graph refresh...
15:47:14 DEBUG [Main] [Geode]:   Loading mods
15:47:14 DEBUG [Main] [Geode]:     adyagd.godlikefaces v1.1.1
15:47:14 DEBUG [Mod Unzip] [Geode]:  Unzip
15:47:14 DEBUG [Mod Unzip] [Geode]:  Same hash detected, skipping unzip
15:47:14 DEBUG [Main] [Geode]:       Load
15:47:14 DEBUG [Main] [Geode]:       Loading binary for mod adyagd.godlikefaces
15:47:14 DEBUG [Main] [Geode]:       Enabled GJDifficultySprite::create hook at 0x466be0 for adyagd.godlikefaces
15:47:14 DEBUG [Main] [Geode]:       Enabled GJDifficultySprite::updateDifficultyFrame hook at 0x466e30 for adyagd.godlikefaces
15:47:14 DEBUG [Main] [Geode]:       Enabled GJDifficultySprite::updateFeatureState hook at 0x466ff0 for adyagd.godlikefaces
15:47:14 DEBUG [Main] [Geode]:       Enabled RateStarsLayer::init hook at 0x544920 for adyagd.godlikefaces
15:47:14 DEBUG [Main] [Geode]:       Enabled RateStarsLayer::onFeature hook at 0x544f90 for adyagd.godlikefaces
15:47:14 DEBUG [Main] [Geode]:       Enabled RateStarsLayer::selectRating hook at 0x545070 for adyagd.godlikefaces
15:47:14 INFO  [Main] [Geode]: Took 0.033s
15:47:14 INFO  [Main] [Geode]: Continuing mod graph refresh...
15:47:14 DEBUG [Main] [Geode]:   Loading mods
15:47:14 DEBUG [Main] [Geode]:     hjfod.gdshare v1.0.4 has unresolved dependencies
15:47:14 INFO  [Main] [Geode]: Took 0.016s
15:47:14 INFO  [Main] [Geode]: Continuing mod graph refresh...
15:47:14 DEBUG [Main] [Geode]:   Loading mods
15:47:14 DEBUG [Main] [Geode]:     adyagd.ingamelistmod v1.0.0
15:47:14 DEBUG [Mod Unzip] [Geode]:  Unzip
15:47:14 DEBUG [Mod Unzip] [Geode]:  Same hash detected, skipping unzip
15:47:14 INFO  [Main] [Geode]: Took 0.033s
15:47:14 INFO  [Main] [Geode]: Continuing mod graph refresh...
15:47:14 DEBUG [Main] [Geode]:   Loading mods
15:47:14 DEBUG [Main] [Geode]:     bitz.customprofiles v1.0.5 has unresolved dependencies
15:47:14 INFO  [Main] [Geode]: Took 0.016s
15:47:14 INFO  [Main] [Geode]: Continuing mod graph refresh...
15:47:14 DEBUG [Main] [Geode]:   Loading mods
15:47:14 DEBUG [Main] [Geode]:     capeling.icon_profile_2.2 v1.1.4
15:47:14 DEBUG [Mod Unzip] [Geode]:  Unzip
15:47:14 DEBUG [Mod Unzip] [Geode]:  Same hash detected, skipping unzip
15:47:14 DEBUG [Main] [Geode]:       Load
15:47:14 DEBUG [Main] [Geode]:       Loading binary for mod capeling.icon_profile_2.2
15:47:14 DEBUG [Main] [Geode]:       Enabled MenuLayer::init hook at 0x4cb450 for capeling.icon_profile_2.2
15:47:14 INFO  [Main] [Geode]: Took 0.033s
15:47:14 INFO  [Main] [Geode]: Continuing mod graph refresh...
15:47:14 DEBUG [Main] [Geode]:   Loading mods
15:47:14 DEBUG [Main] [Geode]:     coderqc.gdswearfilter v1.0.1
15:47:14 DEBUG [Mod Unzip] [Geode]:  Unzip
15:47:14 DEBUG [Mod Unzip] [Geode]:  Same hash detected, skipping unzip
15:47:14 DEBUG [Main] [Geode]:       Load
15:47:14 DEBUG [Main] [Geode]:       Loading binary for mod coderqc.gdswearfilter
15:47:14 DEBUG [Main] [Geode]:       Enabled CommentCell::loadFromComment hook at 0x2d4490 for coderqc.gdswearfilter
15:47:14 DEBUG [Main] [Geode]:       Enabled InfoLayer::init hook at 0x478810 for coderqc.gdswearfilter
15:47:14 DEBUG [Main] [Geode]:       Enabled LevelCell::loadFromLevel hook at 0x2cd8b0 for coderqc.gdswearfilter
15:47:14 INFO  [Main] [Geode]: Took 0.033s
15:47:14 INFO  [Main] [Geode]: Continuing mod graph refresh...
15:47:14 DEBUG [Main] [Geode]:   Loading mods
15:47:14 DEBUG [Main] [Geode]:     colon.gold_user_coins v1.0.1
15:47:14 DEBUG [Mod Unzip] [Geode]:  Unzip
15:47:14 DEBUG [Mod Unzip] [Geode]:  Same hash detected, skipping unzip
15:47:14 DEBUG [Main] [Geode]:       Load
15:47:14 DEBUG [Main] [Geode]:       Loading binary for mod colon.gold_user_coins
15:47:15 DEBUG [Main] [Geode]:       Enabled MenuLayer::init hook at 0x4cb450 for colon.gold_user_coins
15:47:15 DEBUG [Main] [Geode]:       Enabled cocos2d::CCSprite::setColor hook at 0x741d78a0 for colon.gold_user_coins
15:47:15 INFO  [Main] [Geode]: Took 0.033s
15:47:15 INFO  [Main] [Geode]: Continuing mod graph refresh...
15:47:15 DEBUG [Main] [Geode]:   Loading mods
15:47:15 DEBUG [Main] [Geode]:     cvolton.betterinfo v4.0.0-alpha.13 has unresolved dependencies
15:47:15 INFO  [Main] [Geode]: Took 0.016s
15:47:15 INFO  [Main] [Geode]: Continuing mod graph refresh...
15:47:15 DEBUG [Main] [Geode]:   Loading mods
15:47:15 DEBUG [Main] [Geode]:     dankmeme.globed2 v1.0.5 has unresolved dependencies
15:47:15 INFO  [Main] [Geode]: Took 0.018s
15:47:15 INFO  [Main] [Geode]: Continuing mod graph refresh...
15:47:15 DEBUG [Main] [Geode]:   Loading mods
15:47:15 DEBUG [Main] [Geode]:     elnexreal.copy_song_id v1.2.2
15:47:15 DEBUG [Mod Unzip] [Geode]:  Unzip
15:47:15 DEBUG [Mod Unzip] [Geode]:  Same hash detected, skipping unzip
15:47:15 DEBUG [Main] [Geode]:       Load
15:47:15 DEBUG [Main] [Geode]:       Loading binary for mod elnexreal.copy_song_id
15:47:15 DEBUG [Main] [Geode]:       Enabled LevelInfoLayer::init hook at 0x4a16a0 for elnexreal.copy_song_id
15:47:15 DEBUG [Main] [Geode]:       Enabled LevelInfoLayer::levelDownloadFinished hook at 0x4a4f00 for elnexreal.copy_song_id
15:47:15 INFO  [Main] [Geode]: Took 0.033s
15:47:15 INFO  [Main] [Geode]: Continuing mod graph refresh...
15:47:15 DEBUG [Main] [Geode]:   Loading mods
15:47:15 DEBUG [Main] [Geode]:     gdutilsdevs.gdutils v1.2.14
15:47:15 DEBUG [Mod Unzip] [Geode]:  Unzip
15:47:15 DEBUG [Mod Unzip] [Geode]:  Same hash detected, skipping unzip
15:47:15 DEBUG [Main] [Geode]:       Load
15:47:15 DEBUG [Main] [Geode]:       Loading binary for mod gdutilsdevs.gdutils
15:47:15 DEBUG [Main] [Geode]:       Enabled cocos2d::CCScheduler::update hook at 0x74206db0 for gdutilsdevs.gdutils
15:47:15 DEBUG [Main] [Geode]:       Enabled cocos2d::CCScheduler::update hook at 0x74206db0 for gdutilsdevs.gdutils
15:47:15 DEBUG [Main] [Geode]:       Enabled PlayLayer::init hook at 0x52c4a0 for gdutilsdevs.gdutils
15:47:15 DEBUG [Main] [Geode]:       Enabled PlayLayer::onQuit hook at 0x53b480 for gdutilsdevs.gdutils
15:47:15 DEBUG [Main] [Geode]:       Enabled EditorUI::onPause hook at 0x2f6130 for gdutilsdevs.gdutils
15:47:15 DEBUG [Main] [Geode]:       Enabled EditorUI::onPlayback hook at 0x319d20 for gdutilsdevs.gdutils
15:47:15 DEBUG [Main] [Geode]:       Enabled EditorUI::onPlaytest hook at 0x31a090 for gdutilsdevs.gdutils
15:47:15 DEBUG [Main] [Geode]:       Enabled EditorUI::onStopPlaytest hook at 0x31a200 for gdutilsdevs.gdutils
15:47:15 DEBUG [Main] [Geode]:       Enabled FriendsProfilePage::init hook at 0x340a10 for gdutilsdevs.gdutils
15:47:15 DEBUG [Main] [Geode]:       Enabled LeaderboardsLayer::init hook at 0x47dc60 for gdutilsdevs.gdutils
15:47:15 DEBUG [Main] [Geode]:       Enabled SecretLayer2::init hook at 0x5556d0 for gdutilsdevs.gdutils
15:47:15 DEBUG [Main] [Geode]:       Enabled SecretLayer2::onSubmit hook at 0x5571c0 for gdutilsdevs.gdutils
15:47:15 DEBUG [Main] [Geode]:       Enabled SecretLayer2::updateSearchLabel hook at 0x5584b0 for gdutilsdevs.gdutils
15:47:15 DEBUG [Main] [Geode]:       Enabled LevelInfoLayer::init hook at 0x4a16a0 for gdutilsdevs.gdutils
15:47:15 DEBUG [Main] [Geode]:       Enabled InfoLayer::init hook at 0x478810 for gdutilsdevs.gdutils
15:47:15 DEBUG [Main] [Geode]:       Enabled ProfilePage::loadPageFromUserInfo hook at 0x53dda0 for gdutilsdevs.gdutils
15:47:15 INFO  [Main] [GDUtils]:     GDUtils Mod Loaded
15:47:15 INFO  [Main] [GDUtils]:     Le protocole a été enregistré avec succès pour cet utilisateur.
15:47:15 INFO  [Main] [Geode]: Took 0.035s
15:47:15 INFO  [Main] [Geode]: Continuing mod graph refresh...
15:47:15 DEBUG [Main] [Geode]:   Loading mods
15:47:15 DEBUG [Main] [Geode]:     thesillydoggo.better_startpos_menu v1.1.0
15:47:15 INFO  [Thread #2896] [GDUtils]: Starting socket...
15:47:15 DEBUG [Mod Unzip] [Geode]:  Unzip
15:47:15 DEBUG [Mod Unzip] [Geode]:  Same hash detected, skipping unzip
15:47:15 DEBUG [Main] [Geode]:       Load
15:47:15 DEBUG [Main] [Geode]:       Loading binary for mod thesillydoggo.better_startpos_menu
15:47:15 DEBUG [Main] [Geode]:       Enabled LevelSettingsLayer::init hook at 0x4bce20 for thesillydoggo.better_startpos_menu
15:47:15 INFO  [Main] [Geode]: Took 0.05s
15:47:15 INFO  [Main] [Geode]: Continuing mod graph refresh...
15:47:15 DEBUG [Main] [Geode]:   Loading mods
15:47:15 DEBUG [Main] [Geode]:     geode.custom-keybinds v1.4.0
15:47:15 DEBUG [Mod Unzip] [Geode]:  Unzip
15:47:15 DEBUG [Mod Unzip] [Geode]:  Same hash detected, skipping unzip
15:47:15 DEBUG [Main] [Geode]:       Load
15:47:15 DEBUG [Main] [Geode]:       Loading binary for mod geode.custom-keybinds
15:47:15 DEBUG [Main] [Geode]:       Enabled EditorPauseLayer::customSetup hook at 0x2f0730 for geode.custom-keybinds
15:47:15 DEBUG [Main] [Geode]:       Enabled EditorPauseLayer::keyDown hook at 0x2f3080 for geode.custom-keybinds
15:47:15 DEBUG [Main] [Geode]:       Enabled EditorUI::init hook at 0x2f4260 for geode.custom-keybinds
15:47:15 DEBUG [Main] [Geode]:       Enabled EditorUI::keyDown hook at 0x32a300 for geode.custom-keybinds
15:47:15 DEBUG [Main] [Geode]:       Enabled EditorUI::keyUp hook at 0x32b210 for geode.custom-keybinds
15:47:15 DEBUG [Main] [Geode]:       Enabled EditorUI::moveObjectCall hook at 0x324d40 for geode.custom-keybinds
15:47:15 DEBUG [Main] [Geode]:       Enabled EditorUI::transformObjectCall hook at 0x325380 for geode.custom-keybinds
15:47:15 DEBUG [Main] [Geode]:       Enabled PauseLayer::customSetup hook at 0x5089f0 for geode.custom-keybinds
15:47:15 DEBUG [Main] [Geode]:       Enabled PauseLayer::keyDown hook at 0x50a310 for geode.custom-keybinds
15:47:15 DEBUG [Main] [Geode]:       Enabled UILayer::init hook at 0x60ec10 for geode.custom-keybinds
15:47:15 DEBUG [Main] [Geode]:       Enabled UILayer::keyDown hook at 0x60f930 for geode.custom-keybinds
15:47:15 DEBUG [Main] [Geode]:       Enabled UILayer::keyUp hook at 0x60f950 for geode.custom-keybinds
15:47:15 DEBUG [Main] [Geode]:       Enabled cocos2d::CCKeyboardDispatcher::dispatchKeyboardMSG hook at 0x7419be70 for geode.custom-keybinds
15:47:15 DEBUG [Main] [Geode]:       Enabled cocos2d::CCKeyboardDispatcher::updateModifierKeys hook at 0x7419ca70 for geode.custom-keybinds
15:47:15 DEBUG [Main] [Geode]:       Enabled MoreOptionsLayer::onKeybindings hook at 0x2f21a0 for geode.custom-keybinds
15:47:15 INFO  [Main] [Geode]: Took 0.049s
15:47:15 INFO  [Main] [Geode]: Continuing mod graph refresh...
15:47:15 DEBUG [Main] [Geode]:   Loading mods
15:47:15 DEBUG [Main] [Geode]:     dankmeme.globed2 v1.0.5
15:47:15 DEBUG [Mod Unzip] [Geode]:  Unzip
15:47:15 DEBUG [Mod Unzip] [Geode]:  Same hash detected, skipping unzip
15:47:15 DEBUG [Main] [Geode]:       Load
15:47:15 DEBUG [Main] [Geode]:       Loading binary for mod dankmeme.globed2
15:47:15 DEBUG [Main] [Geode]:       Enabled PlayerObject::incrementJumps hook at 0x5177f0 for dankmeme.globed2
15:47:15 DEBUG [Main] [Geode]:       Enabled PlayerObject::playDeathEffect hook at 0x50a470 for dankmeme.globed2
15:47:15 DEBUG [Main] [Geode]:       Enabled PlayerObject::playSpiderDashEffect hook at 0x51f5b0 for dankmeme.globed2
15:47:15 DEBUG [Main] [Geode]:       Enabled PlayLayer::init hook at 0x52c4a0 for dankmeme.globed2
15:47:15 DEBUG [Main] [Geode]:       Enabled PlayLayer::onQuit hook at 0x53b480 for dankmeme.globed2
15:47:15 DEBUG [Main] [Geode]:       Enabled AppDelegate::applicationDidEnterBackground hook at 0x2ab4f0 for dankmeme.globed2
15:47:15 DEBUG [Main] [Geode]:       Enabled AppDelegate::applicationWillEnterForeground hook at 0x2ab530 for dankmeme.globed2
15:47:15 DEBUG [Main] [Geode]:       Enabled GameManager::loadIcon hook at 0x377440 for dankmeme.globed2
15:47:15 DEBUG [Main] [Geode]:       Enabled GameManager::returnToLastScene hook at 0x37e110 for dankmeme.globed2
15:47:15 DEBUG [Main] [Geode]:       Enabled LoadingLayer::loadingFinished hook at 0x4c6ae0 for dankmeme.globed2
15:47:15 DEBUG [Main] [Geode]:       Enabled MenuLayer::init hook at 0x4cb450 for dankmeme.globed2
15:47:15 DEBUG [Main] [Geode]:       Enabled PauseLayer::customSetup hook at 0x5089f0 for dankmeme.globed2
15:47:15 INFO  [stdout]: [2024-02-11 15:47:15] [connect] Successful connection
15:47:15 INFO  [Main] [Geode]: Took 0.039s
15:47:15 INFO  [Main] [Geode]: Continuing mod graph refresh...
15:47:15 DEBUG [Main] [Geode]:   Loading mods
15:47:15 DEBUG [Main] [Geode]:     geode.node-ids v1.3.0
15:47:15 DEBUG [Mod Unzip] [Geode]:  Unzip
15:47:15 DEBUG [Mod Unzip] [Geode]:  Same hash detected, skipping unzip
15:47:15 DEBUG [Main] [Geode]:       Load
15:47:15 DEBUG [Main] [Geode]:       Loading binary for mod geode.node-ids
15:47:15 DEBUG [Main] [Geode]:       Enabled CommentCell::loadFromComment hook at 0x2d4490 for geode.node-ids
15:47:15 DEBUG [Main] [Geode]:       Enabled CreatorLayer::init hook at 0x2bf550 for geode.node-ids
15:47:15 DEBUG [Main] [Geode]:       Enabled CustomizeObjectLayer::init hook at 0x2c64a0 for geode.node-ids
15:47:15 DEBUG [Main] [Geode]:       Enabled CustomizeObjectLayer::toggleVisible hook at 0x2c9780 for geode.node-ids
15:47:15 DEBUG [Main] [Geode]:       Enabled DailyLevelNode::init hook at 0x2e96c0 for geode.node-ids
15:47:15 DEBUG [Main] [Geode]:       Enabled DailyLevelPage::init hook at 0x2e76d0 for geode.node-ids
15:47:15 DEBUG [Main] [Geode]:       Enabled EditLevelLayer::init hook at 0x2ec8e0 for geode.node-ids
15:47:15 DEBUG [Main] [Geode]:       Enabled EditorPauseLayer::init hook at 0x2f0020 for geode.node-ids
15:47:15 DEBUG [Main] [Geode]:       Enabled EditorUI::init hook at 0x2f4260 for geode.node-ids
15:47:15 DEBUG [Main] [Geode]:       Enabled GJGarageLayer::init hook at 0x43f250 for geode.node-ids
15:47:15 DEBUG [Main] [Geode]:       Enabled GJGarageLayer::setupPage hook at 0x441d70 for geode.node-ids
15:47:15 DEBUG [Main] [Geode]:       Enabled GJScoreCell::loadFromScore hook at 0x2d65b0 for geode.node-ids
15:47:15 DEBUG [Main] [Geode]:       Enabled GameToolbox::addBackButton hook at 0x291910 for geode.node-ids
15:47:15 DEBUG [Main] [Geode]:       Enabled GameToolbox::addRThumbScrollButton hook at 0x2919c0 for geode.node-ids
15:47:15 DEBUG [Main] [Geode]:       Enabled InfoLayer::init hook at 0x478810 for geode.node-ids
15:47:15 DEBUG [Main] [Geode]:       Enabled LeaderboardsLayer::init hook at 0x47dc60 for geode.node-ids
15:47:15 DEBUG [Main] [Geode]:       Enabled LevelBrowserLayer::init hook at 0x482e60 for geode.node-ids
15:47:15 DEBUG [Main] [Geode]:       Enabled LevelCell::loadCustomLevelCell hook at 0x2cda60 for geode.node-ids
15:47:15 DEBUG [Main] [Geode]:       Enabled LevelCell::loadFromLevel hook at 0x2cd8b0 for geode.node-ids
15:47:15 DEBUG [Main] [Geode]:       Enabled LevelCell::loadLocalLevelCell hook at 0x2d04d0 for geode.node-ids
15:47:15 DEBUG [Main] [Geode]:       Enabled LevelInfoLayer::init hook at 0x4a16a0 for geode.node-ids
15:47:15 DEBUG [Main] [Geode]:       Enabled LevelInfoLayer::setupPlatformerStats hook at 0x4a3a90 for geode.node-ids
15:47:15 DEBUG [Main] [Geode]:       Enabled LevelInfoLayer::setupProgressBars hook at 0x4a3e20 for geode.node-ids
15:47:15 DEBUG [Main] [Geode]:       Enabled LevelInfoLayer::updateLabelValues hook at 0x4a6d20 for geode.node-ids
15:47:15 DEBUG [Main] [Geode]:       Enabled LevelLeaderboard::init hook at 0x4a8060 for geode.node-ids
15:47:15 DEBUG [Main] [Geode]:       Enabled LevelSearchLayer::init hook at 0x4b0f10 for geode.node-ids
15:47:15 DEBUG [Main] [Geode]:       Enabled PauseLayer::customSetup hook at 0x5089f0 for geode.node-ids
15:47:15 DEBUG [Main] [Geode]:       Enabled PlayerObject::init hook at 0x5124c0 for geode.node-ids
15:47:15 DEBUG [Main] [Geode]:       Enabled ProfilePage::init hook at 0x53d080 for geode.node-ids
15:47:15 DEBUG [Main] [Geode]:       Enabled ProfilePage::loadPageFromUserInfo hook at 0x53dda0 for geode.node-ids
15:47:15 DEBUG [Main] [Geode]:       Enabled RewardsPage::init hook at 0x5467f0 for geode.node-ids
15:47:15 DEBUG [Main] [Geode]:       Enabled UILayer::init hook at 0x60ec10 for geode.node-ids
15:47:15 INFO  [Main] [Geode]: Took 0.033s
15:47:15 INFO  [Main] [Geode]: Continuing mod graph refresh...
15:47:15 DEBUG [Main] [Geode]:   Loading mods
15:47:15 DEBUG [Main] [Geode]:     thesillydoggo.animatedprofiles v1.0.1
15:47:15 DEBUG [Mod Unzip] [Geode]:  Unzip
15:47:15 DEBUG [Mod Unzip] [Geode]:  Same hash detected, skipping unzip
15:47:15 DEBUG [Main] [Geode]:       Load
15:47:15 DEBUG [Main] [Geode]:       Loading binary for mod thesillydoggo.animatedprofiles
15:47:15 DEBUG [Main] [Geode]:       Enabled ProfilePage::init hook at 0x53d080 for thesillydoggo.animatedprofiles
15:47:15 DEBUG [Main] [Geode]:       Enabled ProfilePage::loadPageFromUserInfo hook at 0x53dda0 for thesillydoggo.animatedprofiles
15:47:15 DEBUG [Main] [Geode]:       Enabled CommentCell::loadFromComment hook at 0x2d4490 for thesillydoggo.animatedprofiles
15:47:15 DEBUG [Main] [Geode]:       Enabled CCAnimatedSprite::runAnimation hook at 0x271640 for thesillydoggo.animatedprofiles
15:47:15 INFO  [Main] [Geode]: Took 0.033s
15:47:15 INFO  [Main] [Geode]: Continuing mod graph refresh...
15:47:15 DEBUG [Main] [Geode]:   Loading mods
15:47:15 DEBUG [Main] [Geode]:     redlime.statchanges v1.1.0
15:47:15 INFO  [stdout]: [2024-02-11 15:47:15] [connect] WebSocket Connection 62.210.53.67:80 v-2 "WebSocket++/0.8.2" /socket.io/?EIO=4&transport=websocket&t=1707662835 101
15:47:15 INFO  [Thread #11716] [GDUtils]: Socket Connection successful!
15:47:15 INFO  [Thread #2896] [GDUtils]: listening for events
15:47:15 DEBUG [Mod Unzip] [Geode]:  Unzip
15:47:15 DEBUG [Mod Unzip] [Geode]:  Same hash detected, skipping unzip
15:47:15 DEBUG [Main] [Geode]:       Load
15:47:15 DEBUG [Main] [Geode]:       Loading binary for mod redlime.statchanges
15:47:15 DEBUG [Main] [Geode]:       Enabled ProfilePage::init hook at 0x53d080 for redlime.statchanges
15:47:15 DEBUG [Main] [Geode]:       Enabled ProfilePage::loadPageFromUserInfo hook at 0x53dda0 for redlime.statchanges
15:47:15 DEBUG [Main] [Geode]:       Enabled ProfilePage::onClose hook at 0x5415e0 for redlime.statchanges
15:47:15 INFO  [Main] [Geode]: Took 0.051s
15:47:15 INFO  [Main] [Geode]: Continuing mod graph refresh...
15:47:15 DEBUG [Main] [Geode]:   Loading mods
15:47:15 DEBUG [Main] [Geode]:     cvolton.betterinfo v4.0.0-alpha.13
15:47:15 DEBUG [Mod Unzip] [Geode]:  Unzip
15:47:15 DEBUG [Mod Unzip] [Geode]:  Same hash detected, skipping unzip
15:47:15 DEBUG [Main] [Geode]:       Load
15:47:15 DEBUG [Main] [Geode]:       Loading binary for mod cvolton.betterinfo
15:47:15 DEBUG [Main] [Geode]:       Enabled CommentCell::FLAlert_Clicked hook at 0x2d63d0 for cvolton.betterinfo
15:47:15 DEBUG [Main] [Geode]:       Enabled CommentCell::loadFromComment hook at 0x2d4490 for cvolton.betterinfo
15:47:15 DEBUG [Main] [Geode]:       Enabled CommentCell::onConfirmDelete hook at 0x2d62c0 for cvolton.betterinfo
15:47:15 DEBUG [Main] [Geode]:       Enabled CommentCell::onLike hook at 0x2d6110 for cvolton.betterinfo
15:47:15 DEBUG [Main] [Geode]:       Enabled CreatorLayer::init hook at 0x2bf550 for cvolton.betterinfo
15:47:15 DEBUG [Main] [Geode]:       Enabled CreatorLayer::onChallenge hook at 0x2c0dd0 for cvolton.betterinfo
15:47:15 DEBUG [Main] [Geode]:       Enabled DailyLevelNode::init hook at 0x2e96c0 for cvolton.betterinfo
15:47:15 DEBUG [Main] [Geode]:       Enabled DailyLevelPage::init hook at 0x2e76d0 for cvolton.betterinfo
15:47:15 DEBUG [Main] [Geode]:       Enabled DailyLevelPage::updateTimers hook at 0x2e9120 for cvolton.betterinfo
15:47:15 DEBUG [Main] [Geode]:       Enabled EditLevelLayer::init hook at 0x2ec8e0 for cvolton.betterinfo
15:47:15 DEBUG [Main] [Geode]:       Enabled EditLevelLayer::onLevelInfo hook at 0x2edb40 for cvolton.betterinfo
15:47:15 DEBUG [Main] [Geode]:       Enabled GJLevelList::showListInfo hook at 0x36cef0 for cvolton.betterinfo
15:47:15 DEBUG [Main] [Geode]:       Enabled GJScoreCell::loadFromScore hook at 0x2d65b0 for cvolton.betterinfo
15:47:15 DEBUG [Main] [Geode]:       Enabled GameLevelManager::getCompletedLevels hook at 0x347790 for cvolton.betterinfo
15:47:15 DEBUG [Main] [Geode]:       Enabled GameLevelManager::getSavedLevels hook at 0x347340 for cvolton.betterinfo
15:47:15 DEBUG [Main] [Geode]:       Enabled GameLevelManager::limitSavedLevels hook at 0x349210 for cvolton.betterinfo
15:47:15 DEBUG [Main] [Geode]:       Enabled GameLevelManager::userNameForUserID hook at 0x346290 for cvolton.betterinfo
15:47:15 DEBUG [Main] [Geode]:       Enabled InfoLayer::init hook at 0x478810 for cvolton.betterinfo
15:47:15 DEBUG [Main] [Geode]:       Enabled InfoLayer::loadPage hook at 0x47b340 for cvolton.betterinfo
15:47:15 DEBUG [Main] [Geode]:       Enabled InfoLayer::onLevelInfo hook at 0x47ada0 for cvolton.betterinfo
15:47:15 DEBUG [Main] [Geode]:       Enabled InfoLayer::onMore hook at 0x47aaa0 for cvolton.betterinfo
15:47:15 DEBUG [Main] [Geode]:       Enabled InfoLayer::setupCommentsBrowser hook at 0x47b670 for cvolton.betterinfo
15:47:15 DEBUG [Main] [Geode]:       Enabled LeaderboardsLayer::init hook at 0x47dc60 for cvolton.betterinfo
15:47:15 DEBUG [Main] [Geode]:       Enabled LevelAreaInnerLayer::init hook at 0x4811e0 for cvolton.betterinfo
15:47:15 DEBUG [Main] [Geode]:       Enabled LevelBrowserLayer::init hook at 0x482e60 for cvolton.betterinfo
15:47:15 DEBUG [Main] [Geode]:       Enabled LevelBrowserLayer::onGoToPage hook at 0x485c40 for cvolton.betterinfo
15:47:15 DEBUG [Main] [Geode]:       Enabled LevelBrowserLayer::setupPageInfo hook at 0x4859e0 for cvolton.betterinfo
15:47:15 DEBUG [Main] [Geode]:       Enabled LevelCell::loadCustomLevelCell hook at 0x2cda60 for cvolton.betterinfo
15:47:15 DEBUG [Main] [Geode]:       Enabled LevelCell::onViewProfile hook at 0x2d0f70 for cvolton.betterinfo
15:47:15 DEBUG [Main] [Geode]:       Enabled LevelInfoLayer::init hook at 0x4a16a0 for cvolton.betterinfo
15:47:15 DEBUG [Main] [Geode]:       Enabled LevelInfoLayer::onLevelInfo hook at 0x4a6a70 for cvolton.betterinfo
15:47:15 DEBUG [Main] [Geode]:       Enabled LevelInfoLayer::onViewProfile hook at 0x4a6a10 for cvolton.betterinfo
15:47:15 DEBUG [Main] [Geode]:       Enabled LevelInfoLayer::updateLabelValues hook at 0x4a6d20 for cvolton.betterinfo
15:47:15 DEBUG [Main] [Geode]:       Enabled LevelLeaderboard::init hook at 0x4a8060 for cvolton.betterinfo
15:47:15 DEBUG [Main] [Geode]:       Enabled LevelListCell::loadFromList hook at 0x2db570 for cvolton.betterinfo
15:47:15 DEBUG [Main] [Geode]:       Enabled LevelPage::onInfo hook at 0x4bc400 for cvolton.betterinfo
15:47:15 DEBUG [Main] [Geode]:       Enabled LevelSearchLayer::getSearchObject hook at 0x4b3ba0 for cvolton.betterinfo
15:47:15 DEBUG [Main] [Geode]:       Enabled MoreSearchLayer::init hook at 0x4b56b0 for cvolton.betterinfo
15:47:15 DEBUG [Main] [Geode]:       Enabled MoreSearchLayer::onSongFilter hook at 0x4b69e0 for cvolton.betterinfo
15:47:15 DEBUG [Main] [Geode]:       Enabled MoreSearchLayer::onSongMode hook at 0x4b6c90 for cvolton.betterinfo
15:47:15 DEBUG [Main] [Geode]:       Enabled PlayLayer::destroyPlayer hook at 0x536730 for cvolton.betterinfo
15:47:15 DEBUG [Main] [Geode]:       Enabled PlayLayer::init hook at 0x52c4a0 for cvolton.betterinfo
15:47:15 DEBUG [Main] [Geode]:       Enabled PlayLayer::levelComplete hook at 0x52db60 for cvolton.betterinfo
15:47:15 DEBUG [Main] [Geode]:       Enabled PlayLayer::onQuit hook at 0x53b480 for cvolton.betterinfo
15:47:15 DEBUG [Main] [Geode]:       Enabled PlayLayer::resetLevel hook at 0x53a130 for cvolton.betterinfo
15:47:15 DEBUG [Main] [Geode]:       Enabled ProfilePage::getUserInfoFailed hook at 0x541e40 for cvolton.betterinfo
15:47:15 DEBUG [Main] [Geode]:       Enabled ProfilePage::init hook at 0x53d080 for cvolton.betterinfo
15:47:15 DEBUG [Main] [Geode]:       Enabled ProfilePage::loadPageFromUserInfo hook at 0x53dda0 for cvolton.betterinfo
15:47:15 DEBUG [Main] [Geode]:       Enabled ProfilePage::onClose hook at 0x5415e0 for cvolton.betterinfo
15:47:15 DEBUG [Main] [Geode]:       Enabled RewardsPage::init hook at 0x5467f0 for cvolton.betterinfo
15:47:15 DEBUG [Main] [Geode]:       Enabled MenuLayer::init hook at 0x4cb450 for cvolton.betterinfo
15:47:15 INFO  [Main] [Geode]: Took 0.052s
15:47:15 INFO  [Main] [Geode]: Continuing mod graph refresh...
15:47:15 DEBUG [Main] [Geode]:   Loading mods
15:47:15 DEBUG [Main] [Geode]:     bitz.customprofiles v1.0.5
15:47:15 DEBUG [Mod Unzip] [Geode]:  Unzip
15:47:15 DEBUG [Mod Unzip] [Geode]:  Same hash detected, skipping unzip
15:47:15 DEBUG [Main] [Geode]:       Load
15:47:15 DEBUG [Main] [Geode]:       Loading binary for mod bitz.customprofiles
15:47:15 DEBUG [Main] [Geode]:       Enabled GJAccountSettingsLayer::init hook at 0x4584f0 for bitz.customprofiles
15:47:15 DEBUG [Main] [Geode]:       Enabled GJAccountSettingsLayer::onClose hook at 0x459db0 for bitz.customprofiles
15:47:15 DEBUG [Main] [Geode]:       Enabled InfoLayer::init hook at 0x478810 for bitz.customprofiles
15:47:15 DEBUG [Main] [Geode]:       Enabled InfoLayer::setupCommentsBrowser hook at 0x47b670 for bitz.customprofiles
15:47:15 DEBUG [Main] [Geode]:       Enabled ProfilePage::init hook at 0x53d080 for bitz.customprofiles
15:47:15 DEBUG [Main] [Geode]:       Enabled ProfilePage::loadPageFromUserInfo hook at 0x53dda0 for bitz.customprofiles
15:47:15 DEBUG [Main] [Geode]:       Enabled ProfilePage::onUpdate hook at 0x53db10 for bitz.customprofiles
15:47:15 DEBUG [Main] [Geode]:       Enabled ProfilePage::setupCommentsBrowser hook at 0x542160 for bitz.customprofiles
15:47:15 DEBUG [Main] [Geode]:       Enabled CommentCell::draw hook at 0x2cd5b0 for bitz.customprofiles
15:47:15 DEBUG [Main] [Geode]:       Enabled CommentCell::loadFromComment hook at 0x2d4490 for bitz.customprofiles
15:47:15 DEBUG [Main] [Geode]:       Enabled CommentCell::updateBGColor hook at 0x2d6090 for bitz.customprofiles
15:47:15 INFO  [Main] [Geode]: Took 0.06s
15:47:15 INFO  [Main] [Geode]: Continuing mod graph refresh...
15:47:15 DEBUG [Main] [Geode]:   Loading mods
15:47:15 DEBUG [Main] [Geode]:     hjfod.gdshare v1.0.4 has unresolved dependencies
15:47:15 INFO  [Main] [Geode]: Took 0.016s
15:47:15 INFO  [Main] [Geode]: Continuing mod graph refresh...
15:47:15 DEBUG [Main] [Geode]:   Loading mods
15:47:15 DEBUG [Main] [Geode]:     alphalaneous.projectedstars v1.1.2
15:47:15 DEBUG [Mod Unzip] [Geode]:  Unzip
15:47:15 DEBUG [Mod Unzip] [Geode]:  Same hash detected, skipping unzip
15:47:15 DEBUG [Main] [Geode]:       Load
15:47:15 DEBUG [Main] [Geode]:       Loading binary for mod alphalaneous.projectedstars
15:47:15 DEBUG [Main] [Geode]:       Enabled LevelInfoLayer::init hook at 0x4a16a0 for alphalaneous.projectedstars
15:47:15 INFO  [Main] [Geode]: Took 0.035s
15:47:15 INFO  [Main] [Geode]: Continuing mod graph refresh...
15:47:15 DEBUG [Main] [Geode]:   Loading mods
15:47:15 DEBUG [Main] [Geode]:     beat.click-sound v1.4.1
15:47:15 DEBUG [Mod Unzip] [Geode]:  Unzip
15:47:15 DEBUG [Mod Unzip] [Geode]:  Same hash detected, skipping unzip
15:47:15 DEBUG [Main] [Geode]:       Load
15:47:15 DEBUG [Main] [Geode]:       Loading binary for mod beat.click-sound
15:47:15 DEBUG [Main] [Geode]:       Enabled PlayerObject::pushButton hook at 0x521d30 for beat.click-sound
15:47:15 DEBUG [Main] [Geode]:       Enabled PlayerObject::releaseButton hook at 0x521f70 for beat.click-sound
15:47:15 DEBUG [Main] [Geode]:       Enabled PauseLayer::customSetup hook at 0x5089f0 for beat.click-sound
15:47:15 DEBUG [Main] [Geode]:       Enabled ProfilePage::init hook at 0x53d080 for beat.click-sound
15:47:15 DEBUG [Main] [Geode]:       Enabled EndLevelLayer::customSetup hook at 0x3374f0 for beat.click-sound
15:47:15 INFO  [Main] [Geode]: Took 0.049s
15:47:15 INFO  [Main] [Geode]: Continuing mod graph refresh...
15:47:15 DEBUG [Main] [Geode]:   Loading mods
15:47:15 DEBUG [Main] [Geode]:     hjfod.gmd-api v1.0.1
15:47:15 DEBUG [Mod Unzip] [Geode]:  Unzip
15:47:15 DEBUG [Mod Unzip] [Geode]:  Same hash detected, skipping unzip
15:47:15 DEBUG [Main] [Geode]:       Load
15:47:15 DEBUG [Main] [Geode]:       Loading binary for mod hjfod.gmd-api
15:47:15 INFO  [Main] [Geode]: Took 0.033s
15:47:15 INFO  [Main] [Geode]: Continuing mod graph refresh...
15:47:15 DEBUG [Main] [Geode]:   Loading mods
15:47:15 DEBUG [Main] [Geode]:     hjfod.gdshare v1.0.4
15:47:15 DEBUG [Mod Unzip] [Geode]:  Unzip
15:47:15 DEBUG [Mod Unzip] [Geode]:  Same hash detected, skipping unzip
15:47:15 DEBUG [Main] [Geode]:       Load
15:47:15 DEBUG [Main] [Geode]:       Loading binary for mod hjfod.gdshare
15:47:15 DEBUG [Main] [Geode]:       Enabled EditLevelLayer::init hook at 0x2ec8e0 for hjfod.gdshare
15:47:15 DEBUG [Main] [Geode]:       Enabled LevelInfoLayer::init hook at 0x4a16a0 for hjfod.gdshare
15:47:15 DEBUG [Main] [Geode]:       Enabled LevelBrowserLayer::init hook at 0x482e60 for hjfod.gdshare
15:47:15 INFO  [Main] [Geode]: Took 0.033s
15:47:15 INFO  [Main] [Geode]: Continuing mod graph refresh...
15:47:15 DEBUG [Main] [Geode]:   Loading mods
15:47:15 DEBUG [Main] [Geode]:     redlime.statchanges v1.1.0
15:47:15 INFO  [Main] [Geode]: Took 0.016s
15:47:15 INFO  [Main] [Geode]: Continuing mod graph refresh...
15:47:15 DEBUG [Main] [Geode]:   Loading mods
15:47:15 DEBUG [Main] [Geode]:     thesillydoggo.animatedprofiles v1.0.1
15:47:15 INFO  [Main] [Geode]: Took 0.016s
15:47:15 INFO  [Main] [Geode]: Continuing mod graph refresh...
15:47:15 DEBUG [Main] [Geode]:   Loading mods
15:47:15 DEBUG [Main] [Geode]:     thesillydoggo.entersearch v1.0.0
15:47:15 DEBUG [Mod Unzip] [Geode]:  Unzip
15:47:15 DEBUG [Mod Unzip] [Geode]:  Same hash detected, skipping unzip
15:47:15 DEBUG [Main] [Geode]:       Load
15:47:15 DEBUG [Main] [Geode]:       Loading binary for mod thesillydoggo.entersearch
15:47:15 DEBUG [Main] [Geode]:       Enabled FLAlertLayer::init hook at 0x280f60 for thesillydoggo.entersearch
15:47:15 DEBUG [Main] [Geode]:       Enabled LevelSearchLayer::init hook at 0x4b0f10 for thesillydoggo.entersearch
15:47:15 DEBUG [Main] [Geode]:       Enabled ShareCommentLayer::init hook at 0x5d6490 for thesillydoggo.entersearch
15:47:15 DEBUG [Main] [Geode]:       Enabled cocos2d::CCKeyboardDispatcher::dispatchKeyboardMSG hook at 0x7419be70 for thesillydoggo.entersearch
15:47:15 INFO  [Main] [Geode]: Took 0.033s
15:47:15 INFO  [Main] [Geode]: Continuing mod graph refresh...
15:47:15 DEBUG [Main] [Geode]:   Loading mods
15:47:15 DEBUG [Main] [Geode]:     TheSillyDoggo.GradientPages v2.1.0
15:47:15 DEBUG [Mod Unzip] [Geode]:  Unzip
15:47:15 DEBUG [Mod Unzip] [Geode]:  Same hash detected, skipping unzip
15:47:15 DEBUG [Main] [Geode]:       Load
15:47:15 DEBUG [Main] [Geode]:       Loading binary for mod TheSillyDoggo.GradientPages
15:47:15 DEBUG [Main] [Geode]:       Enabled ProfilePage::init hook at 0x53d080 for TheSillyDoggo.GradientPages
15:47:15 DEBUG [Main] [Geode]:       Enabled ProfilePage::loadPageFromUserInfo hook at 0x53dda0 for TheSillyDoggo.GradientPages
15:47:15 DEBUG [Main] [Geode]:       Enabled GJAccountSettingsLayer::init hook at 0x4584f0 for TheSillyDoggo.GradientPages
15:47:15 DEBUG [Main] [Geode]:       Enabled FRequestProfilePage::init hook at 0x33ef90 for TheSillyDoggo.GradientPages
15:47:15 DEBUG [Main] [Geode]:       Enabled MessagesProfilePage::init hook at 0x4cd1c0 for TheSillyDoggo.GradientPages
15:47:15 DEBUG [Main] [Geode]:       Enabled FriendsProfilePage::init hook at 0x340a10 for TheSillyDoggo.GradientPages
15:47:15 DEBUG [Main] [Geode]:       Enabled InfoLayer::init hook at 0x478810 for TheSillyDoggo.GradientPages
15:47:15 DEBUG [Main] [Geode]:       Enabled GJCommentListLayer::create hook at 0x457dc0 for TheSillyDoggo.GradientPages
15:47:15 DEBUG [Main] [Geode]:       Enabled ItemInfoPopup::init hook at 0x445b80 for TheSillyDoggo.GradientPages
15:47:15 DEBUG [Main] [Geode]:       Enabled ShardsPage::init hook at 0x5d4320 for TheSillyDoggo.GradientPages
15:47:15 DEBUG [Main] [Geode]:       Enabled CommunityCreditsPage::init hook at 0x2b8b10 for TheSillyDoggo.GradientPages
15:47:15 DEBUG [Main] [Geode]:       Enabled DemonFilterSelectLayer::init hook at 0x4b73e0 for TheSillyDoggo.GradientPages
15:47:15 DEBUG [Main] [Geode]:       Enabled MoreSearchLayer::init hook at 0x4b56b0 for TheSillyDoggo.GradientPages
15:47:15 DEBUG [Main] [Geode]:       Enabled ChallengesPage::init hook at 0x2ac560 for TheSillyDoggo.GradientPages
15:47:15 DEBUG [Main] [Geode]:       Enabled SetIDPopup::init hook at 0x45f980 for TheSillyDoggo.GradientPages
15:47:15 INFO  [Main] [Geode]: Took 0.055s
15:47:15 INFO  [Main] [Geode]: Continuing mod graph refresh...
15:47:15 DEBUG [Main] [Geode]:   Loading mods
15:47:15 DEBUG [Main] [Geode]:     xanii.youtubers v1.0.0
15:47:15 DEBUG [Mod Unzip] [Geode]:  Unzip
15:47:15 DEBUG [Mod Unzip] [Geode]:  Same hash detected, skipping unzip
15:47:15 DEBUG [Main] [Geode]:       Load
15:47:15 DEBUG [Main] [Geode]:       Loading binary for mod xanii.youtubers
15:47:15 DEBUG [Main] [Geode]:       Enabled ProfilePage::setupPageInfo hook at 0x542350 for xanii.youtubers
15:47:15 INFO  [Main] [Geode]: Took 0.065s
15:47:15 INFO  [Main] [Geode]: Continuing mod graph refresh...
15:47:15 DEBUG [Main] [Geode]:   Finding problems
15:47:15 DEBUG [Main] [Geode]:     geode.loader
15:47:15 DEBUG [Main] [Geode]:     beat.click-sound
15:47:15 DEBUG [Main] [Geode]:     mat.run-info
15:47:15 DEBUG [Main] [Geode]:     alphalaneous.projectedstars
15:47:15 DEBUG [Main] [Geode]:     elohmrow.death_tracker
15:47:15 DEBUG [Main] [Geode]:     absolllute.megahack
15:47:15 DEBUG [Main] [Geode]:     abb2k.backup
15:47:15 DEBUG [Main] [Geode]:     adyagd.godlikefaces
15:47:15 DEBUG [Main] [Geode]:     hjfod.gdshare
15:47:15 DEBUG [Main] [Geode]:     adyagd.ingamelistmod is not enabled
15:47:15 DEBUG [Main] [Geode]:     bitz.customprofiles
15:47:15 DEBUG [Main] [Geode]:     capeling.icon_profile_2.2
15:47:15 DEBUG [Main] [Geode]:     coderqc.gdswearfilter
15:47:15 DEBUG [Main] [Geode]:     colon.gold_user_coins
15:47:15 DEBUG [Main] [Geode]:     cvolton.betterinfo
15:47:15 DEBUG [Main] [Geode]:     dankmeme.globed2
15:47:15 DEBUG [Main] [Geode]:     elnexreal.copy_song_id
15:47:15 DEBUG [Main] [Geode]:     gdutilsdevs.gdutils
15:47:15 DEBUG [Main] [Geode]:     thesillydoggo.better_startpos_menu
15:47:15 DEBUG [Main] [Geode]:     geode.custom-keybinds
15:47:15 DEBUG [Main] [Geode]:     geode.node-ids
15:47:15 DEBUG [Main] [Geode]:     hjfod.gmd-api
15:47:15 DEBUG [Main] [Geode]:     redlime.statchanges
15:47:15 DEBUG [Main] [Geode]:     thesillydoggo.animatedprofiles
15:47:15 DEBUG [Main] [Geode]:     thesillydoggo.entersearch
15:47:15 DEBUG [Main] [Geode]:     TheSillyDoggo.GradientPages
15:47:15 DEBUG [Main] [Geode]:     xanii.youtubers
15:47:15 INFO  [Main] [Geode]:   Took 0.003s
15:47:15 DEBUG [Main] [Geode]: Verifying Loader Resources
15:47:15 DEBUG [Main] [Geode]: Loading Loader Resources
15:47:15 DEBUG [Main] [Geode]: Loading mod resources
15:47:15 DEBUG [Main] [Geode]: Adding resources
15:47:15 DEBUG [Main] [Geode]:   geode.loader
15:47:15 DEBUG [Main] [Geode]:     Adding sheet geode.loader/LogoSheet
15:47:15 DEBUG [Main] [Geode]:     Adding sheet geode.loader/APISheet
15:47:16 DEBUG [Main] [Geode]:     Adding sheet geode.loader/BlankSheet
15:47:16 DEBUG [Main] [Geode]:   adyagd.godlikefaces
15:47:16 DEBUG [Main] [Geode]:     Adding sheet adyagd.godlikefaces/GodlikeDiffSheet
15:47:16 DEBUG [Main] [Geode]:   hjfod.gdshare
15:47:16 DEBUG [Main] [Geode]:     Adding sheet hjfod.gdshare/GDShare
15:47:16 DEBUG [Main] [Geode]:   dankmeme.globed2
15:47:16 DEBUG [Main] [Geode]:     Adding sheet dankmeme.globed2/globedsheet1
15:47:16 DEBUG [Main] [Geode]:   geode.custom-keybinds
15:47:16 DEBUG [Main] [Geode]:     Adding sheet geode.custom-keybinds/KB_ControllerSheet
15:47:16 DEBUG [Main] [Geode]:   TheSillyDoggo.GradientPages
15:47:16 DEBUG [Main] [Geode]:     Adding sheet TheSillyDoggo.GradientPages/UISheet
15:47:26 INFO  [Main] [Animated Profile Icons]: Playing animation: run
15:47:26 INFO  [Main] [Animated Profile Icons]: Playing animation: idle
15:47:26 INFO  [Main] [Animated Profile Icons]: Playing animation: run
15:47:26 DEBUG [Main] [Geode]: Checking updates for index
15:47:28 DEBUG [Main] [Geode]: Enabled FMODChannelControl::setVolume hook at 0x6947b180 for absolllute.megahack
15:47:28 DEBUG [Main] [Geode]: Enabled FMODChannelControl::setPitch hook at 0x6947af00 for absolllute.megahack
15:47:28 DEBUG [Main] [Geode]: Enabled cocos2dCCParticleSystem::loadScaledDefaults hook at 0x741bbba0 for absolllute.megahack
15:47:28 DEBUG [Main] [Geode]: Enabled cocos2dCCTransitionFade::create hook at 0x741a7710 for absolllute.megahack
15:47:28 DEBUG [Main] [Geode]: Enabled cocos2dCCTransitionMoveInT::create hook at 0x741a81f0 for absolllute.megahack
15:47:28 DEBUG [Main] [Geode]: Enabled cocos2dCCDirector::drawScene hook at 0x74202ae0 for absolllute.megahack
15:47:28 DEBUG [Main] [Geode]: Enabled cocos2dCCScheduler::update hook at 0x74206db0 for absolllute.megahack
15:47:28 DEBUG [Main] [Geode]: Enabled cocos2dCCIMEDelegate::attachWithIME hook at 0x741f9ea0 for absolllute.megahack
15:47:28 DEBUG [Main] [Geode]: Enabled cocos2dCCIMEDelegate::detachWithIME hook at 0x741f9f20 for absolllute.megahack
15:47:28 DEBUG [Main] [Geode]: Enabled AppDelegate::trySaveGame hook at 0x2ab790 for absolllute.megahack
15:47:28 DEBUG [Main] [Geode]: Enabled GameStatsManager::isItemUnlocked hook at 0x3c6570 for absolllute.megahack
15:47:28 DEBUG [Main] [Geode]: Enabled ColorAction::setupFromString hook at 0x829950 for absolllute.megahack
15:47:28 DEBUG [Main] [Geode]: Enabled GameObject::createWithKey hook at 0x380330 for absolllute.megahack
15:47:28 DEBUG [Main] [Geode]: Enabled UILayer::init hook at 0x60ec10 for absolllute.megahack
15:47:28 DEBUG [Main] [Geode]: Enabled UILayer::keyDown hook at 0x60f930 for absolllute.megahack
15:47:28 DEBUG [Main] [Geode]: Enabled UILayer::keyUp hook at 0x60f950 for absolllute.megahack
15:47:28 DEBUG [Main] [Geode]: Enabled PauseLayer::customSetup hook at 0x5089f0 for absolllute.megahack
15:47:28 DEBUG [Main] [Geode]: Enabled PauseLayer::onResume hook at 0x509f30 for absolllute.megahack
15:47:28 DEBUG [Main] [Geode]: Enabled EndLevelLayer::customSetup hook at 0x3374f0 for absolllute.megahack
15:47:28 DEBUG [Main] [Geode]: Enabled EndLevelLayer::keyDown hook at 0x33a310 for absolllute.megahack
15:47:28 DEBUG [Main] [Geode]: Enabled ShaderLayer::visit hook at 0x5d3810 for absolllute.megahack
15:47:28 DEBUG [Main] [Geode]: Enabled LevelInfoLayer::onPlay hook at 0x4a55b0 for absolllute.megahack
15:47:28 DEBUG [Main] [Geode]: Enabled PlayerObject::togglePlayerScale hook at 0x529170 for absolllute.megahack
15:47:28 DEBUG [Main] [Geode]: Enabled GJBaseGameLayer::handleButton hook at 0x4069f0 for absolllute.megahack
15:47:28 DEBUG [Main] [Geode]: Enabled GJBaseGameLayer::processCommands hook at 0x40d240 for absolllute.megahack
15:47:28 DEBUG [Main] [Geode]: Enabled GJBaseGameLayer::resetLevelVariables hook at 0x40db10 for absolllute.megahack
15:47:28 DEBUG [Main] [Geode]: Enabled GJBaseGameLayer::init hook at 0x3e0290 for absolllute.megahack
15:47:28 DEBUG [Main] [Geode]: Enabled GJBaseGameLayer::visit hook at 0x418ea0 for absolllute.megahack
15:47:28 DEBUG [Main] [Geode]: Enabled PlayLayer::_destructor hook at 0x52c080 for absolllute.megahack
15:47:28 DEBUG [Main] [Geode]: Enabled PlayLayer::init hook at 0x52c4a0 for absolllute.megahack
15:47:28 DEBUG [Main] [Geode]: Enabled PlayLayer::startGame hook at 0x52dab0 for absolllute.megahack
15:47:28 DEBUG [Main] [Geode]: Enabled PlayLayer::onQuit hook at 0x53b480 for absolllute.megahack
15:47:28 DEBUG [Main] [Geode]: Enabled PlayLayer::postUpdate hook at 0x537220 for absolllute.megahack
15:47:28 DEBUG [Main] [Geode]: Enabled PlayLayer::addObject hook at 0x5319b0 for absolllute.megahack
15:47:28 DEBUG [Main] [Geode]: Enabled PlayLayer::destroyPlayer hook at 0x536730 for absolllute.megahack
15:47:28 DEBUG [Main] [Geode]: Enabled PlayLayer::resetLevel hook at 0x53a130 for absolllute.megahack
15:47:28 DEBUG [Main] [Geode]: Enabled PlayLayer::updateAttempts hook at 0x53ab40 for absolllute.megahack
15:47:28 DEBUG [Main] [Geode]: Enabled PlayLayer::pauseGame hook at 0x53ae80 for absolllute.megahack
15:47:28 DEBUG [Main] [Geode]: Enabled PlayLayer::createCheckpoint hook at 0x5376e0 for absolllute.megahack
15:47:28 DEBUG [Main] [Geode]: Enabled PlayLayer::markCheckpoint hook at 0x538550 for absolllute.megahack
15:47:28 DEBUG [Main] [Geode]: Enabled PlayLayer::storeCheckpoint hook at 0x5384a0 for absolllute.megahack
15:47:28 DEBUG [Main] [Geode]: Enabled PlayLayer::playEndAnimationToPos hook at 0x52fe00 for absolllute.megahack
15:47:28 DEBUG [Main] [Geode]: Enabled PlayLayer::playPlatformerEndAnimationToPos hook at 0x5305e0 for absolllute.megahack
15:47:28 DEBUG [Main] [Geode]: Enabled PlayLayer::applyEnterEffect hook at 0x5347d0 for absolllute.megahack
15:47:28 DEBUG [Main] [Geode]: Enabled PlayLayer::applyCustomEnterEffect hook at 0x533f50 for absolllute.megahack
15:47:28 DEBUG [Main] [Geode]: Enabled PlayLayer::updateProgressbar hook at 0x535440 for absolllute.megahack
15:47:28 DEBUG [Main] [Globed]: Preloading death effects..
15:47:35 DEBUG [Main] [Globed]: Took 6.446s.
15:47:35 DEBUG [Main] [Globed]: Preloading icons..
15:47:44 DEBUG [Main] [Globed]: Took 9.679s.
15:47:44 DEBUG [Main] [Globed]: Preloading finished in 16.126s.
15:47:44 INFO  [Main] [BetterInfo]: Music Library response: 1
15:47:44 INFO  [Main] [Animated Profile Icons]: Playing animation: run
15:47:44 DEBUG [Index Update] [Geode]: Updating local index cache
15:47:45 INFO  [Network (in) Thread] [Globed]: Successfully logged into the server!
15:47:56 INFO  [Main] [Animated Profile Icons]: Playing animation: run
15:47:56 INFO  [Main] [Animated Profile Icons]: Playing animation: run
15:47:56 INFO  [Main] [Animated Profile Icons]: Playing animation: walk
15:47:57 WARN  [Index Update] [Geode]:   settings.mouse-move-on-zoom contains unknown key "platforms"
15:47:57 DEBUG [Index Update] [Geode]:   Done
15:47:59 INFO  [Main] [Animated Profile Icons]: Playing animation: run
15:47:59 INFO  [Main] [Animated Profile Icons]: Playing animation: not_used
15:47:59 INFO  [Main] [Animated Profile Icons]: Playing animation: run
15:48:02 INFO  [Main] [Animated Profile Icons]: Playing animation: run
15:48:02 INFO  [Main] [Animated Profile Icons]: Playing animation: run
15:48:02 INFO  [Main] [Animated Profile Icons]: Playing animation: run
15:48:02 INFO  [Main] [Animated Profile Icons]: Playing animation: run
15:48:04 INFO  [Main] [Animated Profile Icons]: Playing animation: run
15:48:15 INFO  [Main] [Animated Profile Icons]: Playing animation: walk
15:48:15 INFO  [Main] [Animated Profile Icons]: Playing animation: walk
15:48:15 INFO  [Main] [Animated Profile Icons]: Playing animation: walk
15:48:15 INFO  [Main] [Animated Profile Icons]: Playing animation: walk
15:48:28 INFO  [Main] [Animated Profile Icons]: Playing animation: run
15:48:28 INFO  [Main] [Animated Profile Icons]: Playing animation: not_used
15:48:28 INFO  [Main] [Animated Profile Icons]: Playing animation: run
15:48:29 INFO  [Main] [Animated Profile Icons]: Playing animation: run
15:48:30 INFO  [Main] [Animated Profile Icons]: Playing animation: run
15:48:31 INFO  [Main] [Animated Profile Icons]: Playing animation: run
15:48:44 INFO  [Main] [Animated Profile Icons]: Playing animation: run
15:48:44 INFO  [Main] [Animated Profile Icons]: Playing animation: run
15:48:44 INFO  [Main] [Animated Profile Icons]: Playing animation: run
15:49:09 INFO  [Main] [Animated Profile Icons]: Playing animation: run
15:49:09 INFO  [Main] [Animated Profile Icons]: Playing animation: not_used
15:49:09 INFO  [Main] [Animated Profile Icons]: Playing animation: run
15:49:09 INFO  [Main] [Animated Profile Icons]: Playing animation: run
15:49:11 INFO  [Main] [Animated Profile Icons]: Playing animation: run
15:49:16 INFO  [Main] [Animated Profile Icons]: Playing animation: run
15:49:16 INFO  [Main] [Animated Profile Icons]: Playing animation: not_used
15:49:16 INFO  [Main] [Animated Profile Icons]: Playing animation: run
15:50:33 INFO  [Main] [Compact Editor Menus]: startpos
15:50:59 INFO  [Main] [Animated Profile Icons]: Playing animation: walk
15:50:59 INFO  [Main] [Animated Profile Icons]: Playing animation: walk
15:50:59 INFO  [Main] [Animated Profile Icons]: Playing animation: run
15:50:59 INFO  [Main] [Animated Profile Icons]: Playing animation: run
15:51:29 INFO  [Main] [Animated Profile Icons]: Playing animation: walk
15:51:29 INFO  [Main] [Animated Profile Icons]: Playing animation: walk
15:51:29 INFO  [Main] [Animated Profile Icons]: Playing animation: run
15:51:29 INFO  [Main] [Animated Profile Icons]: Playing animation: run
15:51:31 INFO  [Main] [Animated Profile Icons]: Playing animation: run
15:51:31 INFO  [Main] [Animated Profile Icons]: Playing animation: not_used
15:51:31 INFO  [Main] [Animated Profile Icons]: Playing animation: run
15:51:32 INFO  [Main] [Geode]: Saving mod data...
15:51:32 DEBUG [Main] [Geode]:   geode.loader
15:51:32 DEBUG [Main] [Geode]:     Check covered
15:51:32 DEBUG [Main] [Geode]:     Check if auto-check-updates is saved
15:51:32 DEBUG [Main] [Geode]:     Check if show-platform-console is saved
15:51:32 DEBUG [Main] [Geode]:     Check if disable-last-crashed-popup is saved
15:51:32 DEBUG [Main] [Geode]:     Check if auto-update-mods is saved
15:51:32 DEBUG [Main] [Geode]:   beat.click-sound
15:51:32 DEBUG [Main] [Geode]:     Check covered
15:51:32 DEBUG [Main] [Geode]:     Check if custom-clicksound is saved
15:51:32 DEBUG [Main] [Geode]:     Check if enable-clicksound is saved
15:51:32 DEBUG [Main] [Geode]:     Check if OnlyOnJump is saved
15:51:32 DEBUG [Main] [Geode]:     Check if clicksound-currentsound is saved
15:51:32 DEBUG [Main] [Geode]:     Check if custom-releasesound is saved
15:51:32 DEBUG [Main] [Geode]:     Check if enable-releasesound is saved
15:51:32 DEBUG [Main] [Geode]:     Check if releasesound-currentsound is saved
15:51:32 DEBUG [Main] [Geode]:     Check if settings-button is saved
15:51:32 DEBUG [Main] [Geode]:   mat.run-info
15:51:32 DEBUG [Main] [Geode]:     Check covered
15:51:32 DEBUG [Main] [Geode]:     Check if show-mode is saved
15:51:32 DEBUG [Main] [Geode]:     Check if position-top is saved
15:51:32 DEBUG [Main] [Geode]:     Check if position-left is saved
15:51:32 DEBUG [Main] [Geode]:     Check if show-icon is saved
15:51:32 DEBUG [Main] [Geode]:     Check if show-from is saved
15:51:32 DEBUG [Main] [Geode]:     Check if use-start-pos is saved
15:51:32 DEBUG [Main] [Geode]:   alphalaneous.projectedstars
15:51:32 DEBUG [Main] [Geode]:     Check covered
15:51:32 DEBUG [Main] [Geode]:   elohmrow.death_tracker
15:51:32 DEBUG [Main] [Geode]:     Check covered
15:51:32 DEBUG [Main] [Geode]:     Check if disable-tracking-completed-levels is saved
15:51:32 DEBUG [Main] [Geode]:   absolllute.megahack
15:51:32 DEBUG [Main] [Geode]:     Check covered
15:51:32 DEBUG [Main] [Geode]:   abb2k.backup
15:51:32 DEBUG [Main] [Geode]:     Check covered
15:51:32 DEBUG [Main] [Geode]:     Check if Max_Auto_Backups is saved
15:51:32 DEBUG [Main] [Geode]:     Check if Auto_Backup is saved
15:51:32 DEBUG [Main] [Geode]:     Check if Button_In_Options_Menu is saved
15:51:32 DEBUG [Main] [Geode]:   adyagd.godlikefaces
15:51:32 DEBUG [Main] [Geode]:     Check covered
15:51:32 DEBUG [Main] [Geode]:   hjfod.gdshare
15:51:32 DEBUG [Main] [Geode]:     Check covered
15:51:32 DEBUG [Main] [Geode]:   adyagd.ingamelistmod
15:51:32 DEBUG [Main] [Geode]:     Check covered
15:51:32 ERROR [Main] [Geode]:     Unable to save settings: Unable to open file
15:51:32 ERROR [Main] [Geode]:     Unable to save values: Unable to open file
15:51:32 DEBUG [Main] [Geode]:   bitz.customprofiles
15:51:32 DEBUG [Main] [Geode]:     Check covered
15:51:32 DEBUG [Main] [Geode]:     Check if Normal-colors is saved
15:51:32 DEBUG [Main] [Geode]:     Check if No-corners is saved
15:51:32 DEBUG [Main] [Geode]:     Check if Disable-info-button is saved
15:51:32 DEBUG [Main] [Geode]:     Check if Invert-Colors is saved
15:51:32 DEBUG [Main] [Geode]:     Check if Round-corners is saved
15:51:32 DEBUG [Main] [Geode]:     Check if Square-corners is saved
15:51:32 DEBUG [Main] [Geode]:     Check if Animate-colors is saved
15:51:32 DEBUG [Main] [Geode]:   capeling.icon_profile_2.2
15:51:32 DEBUG [Main] [Geode]:     Check covered
15:51:32 DEBUG [Main] [Geode]:   coderqc.gdswearfilter
15:51:32 DEBUG [Main] [Geode]:     Check covered
15:51:32 DEBUG [Main] [Geode]:     Check if censor-comments is saved
15:51:32 DEBUG [Main] [Geode]:     Check if strict-mode is saved
15:51:32 DEBUG [Main] [Geode]:     Check if filter-profanity is saved
15:51:32 DEBUG [Main] [Geode]:     Check if censor-level-descriptions is saved
15:51:32 DEBUG [Main] [Geode]:     Check if filter-antilgbtq is saved
15:51:32 DEBUG [Main] [Geode]:     Check if filter-sexual is saved
15:51:32 DEBUG [Main] [Geode]:     Check if filter-racism is saved
15:51:32 DEBUG [Main] [Geode]:     Check if censor-level-names is saved
15:51:32 DEBUG [Main] [Geode]:     Check if relax-censor is saved
15:51:32 DEBUG [Main] [Geode]:   colon.gold_user_coins
15:51:32 DEBUG [Main] [Geode]:     Check covered
15:51:32 DEBUG [Main] [Geode]:   cvolton.betterinfo
15:51:32 DEBUG [Main] [Geode]:     Check covered
15:51:32 DEBUG [Main] [Geode]:     Check if fix-green-users is saved
15:51:32 DEBUG [Main] [Geode]:     Check if show-comment-ids is saved
15:51:32 DEBUG [Main] [Geode]:     Check if white-id is saved
15:51:32 DEBUG [Main] [Geode]:     Check if level-info is saved
15:51:32 DEBUG [Main] [Geode]:     Check if alt-button is saved
15:51:32 DEBUG [Main] [Geode]:     Check if auto-submit is saved
15:51:32 DEBUG [Main] [Geode]:   dankmeme.globed2
15:51:32 DEBUG [Main] [Geode]:     Check covered
15:51:32 DEBUG [Main] [Geode]:   elnexreal.copy_song_id
15:51:32 DEBUG [Main] [Geode]:     Check covered
15:51:32 DEBUG [Main] [Geode]:   gdutilsdevs.gdutils
15:51:32 DEBUG [Main] [Geode]:     Check covered
15:51:32 DEBUG [Main] [Geode]:     Check if everywhereElse is saved
15:51:32 DEBUG [Main] [Geode]:     Check if weekly is saved
15:51:32 DEBUG [Main] [Geode]:     Check if daily is saved
15:51:32 DEBUG [Main] [Geode]:     Check if spotify-section is saved
15:51:32 DEBUG [Main] [Geode]:     Check if inEditor is saved
15:51:32 DEBUG [Main] [Geode]:     Check if inLevels is saved
15:51:32 DEBUG [Main] [Geode]:     Check if misc-section is saved
15:51:32 DEBUG [Main] [Geode]:     Check if customDifficultyFaces is saved
15:51:32 DEBUG [Main] [Geode]:     Check if newRate is saved
15:51:32 DEBUG [Main] [Geode]:     Check if sfx is saved
15:51:32 DEBUG [Main] [Geode]:     Check if spotifyApp is saved
15:51:32 DEBUG [Main] [Geode]:     Check if size is saved
15:51:32 DEBUG [Main] [Geode]:     Check if time is saved
15:51:32 DEBUG [Main] [Geode]:     Check if test-notification is saved
15:51:32 DEBUG [Main] [Geode]:     Check if demonListPlacement is saved
15:51:32 DEBUG [Main] [Geode]:     Check if inEditorSpotify is saved
15:51:32 DEBUG [Main] [Geode]:     Check if inLevelsSpotify is saved
15:51:32 DEBUG [Main] [Geode]:     Check if friendSearch is saved
15:51:32 DEBUG [Main] [Geode]:     Check if notificationPlacement is saved
15:51:32 DEBUG [Main] [Geode]:     Check if notification-section is saved
15:51:32 DEBUG [Main] [Geode]:     Check if notification-placement-section is saved
15:51:32 DEBUG [Main] [Geode]:     Check if notification-appearance-section is saved
15:51:32 DEBUG [Main] [Geode]:     Check if credits-section is saved
15:51:32 DEBUG [Main] [Geode]:     Check if credit-buttons is saved
15:51:32 DEBUG [Main] [Geode]:   thesillydoggo.better_startpos_menu
15:51:32 DEBUG [Main] [Geode]:     Check covered
15:51:32 DEBUG [Main] [Geode]:   geode.custom-keybinds
15:51:32 DEBUG [Main] [Geode]:     Check covered
15:51:32 DEBUG [Main] [Geode]:   geode.node-ids
15:51:32 DEBUG [Main] [Geode]:     Check covered
15:51:32 DEBUG [Main] [Geode]:   hjfod.gmd-api
15:51:32 DEBUG [Main] [Geode]:     Check covered
15:51:32 DEBUG [Main] [Geode]:   redlime.statchanges
15:51:32 DEBUG [Main] [Geode]:     Check covered
15:51:32 DEBUG [Main] [Geode]:     Check if weeks is saved
15:51:32 DEBUG [Main] [Geode]:     Check if upArrowColor is saved
15:51:32 DEBUG [Main] [Geode]:     Check if textScale is saved
15:51:32 DEBUG [Main] [Geode]:     Check if downArrowColor is saved
15:51:32 DEBUG [Main] [Geode]:   thesillydoggo.animatedprofiles
15:51:32 DEBUG [Main] [Geode]:     Check covered
15:51:32 DEBUG [Main] [Geode]:   thesillydoggo.entersearch
15:51:32 DEBUG [Main] [Geode]:     Check covered
15:51:32 DEBUG [Main] [Geode]:   TheSillyDoggo.GradientPages
15:51:32 DEBUG [Main] [Geode]:     Check covered
15:51:32 DEBUG [Main] [Geode]:     Check if apply-filter is saved
15:51:32 DEBUG [Main] [Geode]:     Check if apply-credits is saved
15:51:32 DEBUG [Main] [Geode]:     Check if apply-profiles is saved
15:51:32 DEBUG [Main] [Geode]:     Check if apply-unlock is saved
15:51:32 DEBUG [Main] [Geode]:     Check if apply-info-layer is saved
15:51:32 DEBUG [Main] [Geode]:     Check if apply-pagesel is saved
15:51:32 DEBUG [Main] [Geode]:     Check if apply-shards is saved
15:51:32 DEBUG [Main] [Geode]:     Check if apply-demon is saved
15:51:32 DEBUG [Main] [Geode]:     Check if apply-quests is saved
15:51:32 DEBUG [Main] [Geode]:     Check if reverse-order is saved
15:51:32 DEBUG [Main] [Geode]:     Check if use-custom-colours is saved
15:51:32 DEBUG [Main] [Geode]:     Check if primary-colour is saved
15:51:32 DEBUG [Main] [Geode]:     Check if secondary-colour is saved
15:51:32 DEBUG [Main] [Geode]:   xanii.youtubers
15:51:32 DEBUG [Main] [Geode]:     Check covered
15:51:32 INFO  [Main] [Geode]:   Took 0.069s
15:51:41 DEBUG [Main] [Globed]: cleaning up..
15:51:41 DEBUG [Main] [Globed]: disconnecting from the server..
15:51:41 DEBUG [Main] [Globed]: Goodbye!
15:51:41 DEBUG [Main] [Globed]: audio thread halted.
