18:25:08 INFO  [Main] [Geode]: Running Geode v2.0.0-beta.20 in Geometry Dash v2.204
18:25:08 INFO  [Main] [Geode]: Setting up internal mod
18:25:08 INFO  [Main] [Geode]: Setting up loader
18:25:08 DEBUG [Main] [Geode]:   Loading launch arguments
18:25:08 DEBUG [Main] [Geode]:   Setting up crash handler
18:25:08 DEBUG [Main] [Geode]:   Loading hooks
18:25:08 DEBUG [Main] [Geode]:     Enabled cocos2d::CCFileUtils::fullPathForFilename hook at 0x69fe0f40 for geode.loader
18:25:08 DEBUG [Main] [Geode]:     Enabled cocos2d::CCFileUtils::sharedFileUtils hook at 0x69fe9770 for geode.loader
18:25:08 DEBUG [Main] [Geode]:     Enabled cocos2d::CCNode::getUserObject hook at 0x6a0331f0 for geode.loader
18:25:08 DEBUG [Main] [Geode]:     Enabled cocos2d::CCNode::setUserObject hook at 0x69f815a0 for geode.loader
18:25:08 DEBUG [Main] [Geode]:     Enabled LoadingLayer::init hook at 0x356370 for geode.loader
18:25:08 DEBUG [Main] [Geode]:     Enabled LoadingLayer::loadAssets hook at 0x356bd0 for geode.loader
18:25:08 DEBUG [Main] [Geode]:     Enabled MenuLayer::init hook at 0x35b450 for geode.loader
18:25:08 DEBUG [Main] [Geode]:     Enabled ProfilePage::getUserInfoFinished hook at 0x3d1db0 for geode.loader
18:25:08 DEBUG [Main] [Geode]:     Enabled AchievementNotifier::willSwitchToScene hook at 0xfc200 for geode.loader
18:25:08 DEBUG [Main] [Geode]:     Enabled AppDelegate::trySaveGame hook at 0x13b790 for geode.loader
18:25:08 DEBUG [Main] [Geode]:     Enabled cocos2d::CCScheduler::update hook at 0x6a026db0 for geode.loader
18:25:08 DEBUG [Main] [Geode]:     Enabled CCTextInputNode::ccTouchBegan hook at 0x1104f0 for geode.loader
18:25:08 DEBUG [Main] [Geode]:     Enabled LoadingLayer::loadAssets hook at 0x356bd0 for geode.loader
18:25:08 DEBUG [Main] [Geode]:   Setting up directories
18:25:08 INFO  [Main] [Geode]:   Refreshing mod graph
18:25:08 DEBUG [Main] [Geode]:     Queueing mods
18:25:08 DEBUG [Main] [Geode]:       Searching C:\Program Files (x86)\Steam\steamapps\common\Geometry Dash\geode\mods
18:25:08 DEBUG [Main] [Geode]:         Found abb2k.backup.geode
18:25:09 DEBUG [Main] [Geode]:           id: abb2k.backup
18:25:09 DEBUG [Main] [Geode]:           version: v1.0.4
18:25:09 DEBUG [Main] [Geode]:           early: no
18:25:09 DEBUG [Main] [Geode]:         Found absolllute.megahack.geode
18:25:09 DEBUG [Main] [Geode]:           id: absolllute.megahack
18:25:09 DEBUG [Main] [Geode]:           version: v8.0.0-alpha.10
18:25:09 DEBUG [Main] [Geode]:           early: yes
18:25:09 DEBUG [Main] [Geode]:         Found alk.editorcollab.geode
18:25:09 ERROR [Main] [Geode]:           Failed to queue: "C:\Program Files (x86)\Steam\steamapps\common\Geometry Dash\geode\mods\alk.editorcollab.geode" - [mod.json] is missing target GD version
18:25:09 DEBUG [Main] [Geode]:         Found alk.fps-shower.geode
18:25:09 ERROR [Main] [Geode]:           Failed to queue: "C:\Program Files (x86)\Steam\steamapps\common\Geometry Dash\geode\mods\alk.fps-shower.geode" - [mod.json] is missing target GD version
18:25:09 DEBUG [Main] [Geode]:         Found alphalaneous.projectedstars.geode
18:25:09 DEBUG [Main] [Geode]:           id: alphalaneous.projectedstars
18:25:09 DEBUG [Main] [Geode]:           version: v1.1.2
18:25:09 DEBUG [Main] [Geode]:           early: no
18:25:09 DEBUG [Main] [Geode]:         Found bitz.customprofiles.geode
18:25:09 DEBUG [Main] [Geode]:           id: bitz.customprofiles
18:25:09 DEBUG [Main] [Geode]:           version: v1.0.5
18:25:09 DEBUG [Main] [Geode]:           early: no
18:25:09 DEBUG [Main] [Geode]:         Found camila314.acbypass.geode
18:25:09 ERROR [Main] [Geode]:           Failed to queue: "C:\Program Files (x86)\Steam\steamapps\common\Geometry Dash\geode\mods\camila314.acbypass.geode" - [mod.json] is missing target GD version
18:25:09 DEBUG [Main] [Geode]:         Found camila314.demonlist-button.geode
18:25:09 ERROR [Main] [Geode]:           Failed to queue: "C:\Program Files (x86)\Steam\steamapps\common\Geometry Dash\geode\mods\camila314.demonlist-button.geode" - [mod.json] is missing target GD version
18:25:09 DEBUG [Main] [Geode]:         Found camila314.noclip.geode
18:25:09 ERROR [Main] [Geode]:           Failed to queue: "C:\Program Files (x86)\Steam\steamapps\common\Geometry Dash\geode\mods\camila314.noclip.geode" - [mod.json] is missing target GD version
18:25:09 DEBUG [Main] [Geode]:         Found capeling.icon_profile_2.2.geode
18:25:09 DEBUG [Main] [Geode]:           id: capeling.icon_profile_2.2
18:25:09 DEBUG [Main] [Geode]:           version: v1.1.4
18:25:09 DEBUG [Main] [Geode]:           early: no
18:25:09 DEBUG [Main] [Geode]:         Found chs.confirmquit.geode
18:25:09 ERROR [Main] [Geode]:           Failed to queue: "C:\Program Files (x86)\Steam\steamapps\common\Geometry Dash\geode\mods\chs.confirmquit.geode" - [mod.json] is missing target GD version
18:25:09 DEBUG [Main] [Geode]:         Found cj_link.fakemoderator.geode
18:25:09 DEBUG [Main] [Geode]:           id: cj_link.fakemoderator
18:25:09 DEBUG [Main] [Geode]:           version: v1.0.1
18:25:09 DEBUG [Main] [Geode]:           early: no
18:25:09 DEBUG [Main] [Geode]:         Found coderqc.gdswearfilter.geode
18:25:09 DEBUG [Main] [Geode]:           id: coderqc.gdswearfilter
18:25:09 DEBUG [Main] [Geode]:           version: v1.0.1
18:25:09 DEBUG [Main] [Geode]:           early: no
18:25:09 DEBUG [Main] [Geode]:         Found colon.gold_user_coins.geode
18:25:09 DEBUG [Main] [Geode]:           id: colon.gold_user_coins
18:25:09 DEBUG [Main] [Geode]:           version: v1.0.1
18:25:09 DEBUG [Main] [Geode]:           early: no
18:25:09 DEBUG [Main] [Geode]:         Found cvolton.betterinfo.geode
18:25:09 DEBUG [Main] [Geode]:           id: cvolton.betterinfo
18:25:09 DEBUG [Main] [Geode]:           version: v4.0.0-alpha.13
18:25:09 DEBUG [Main] [Geode]:           early: no
18:25:09 DEBUG [Main] [Geode]:         Found cvolton.capacity_fix.geode
18:25:09 ERROR [Main] [Geode]:           Failed to queue: "C:\Program Files (x86)\Steam\steamapps\common\Geometry Dash\geode\mods\cvolton.capacity_fix.geode" - [mod.json] is missing target GD version
18:25:09 DEBUG [Main] [Geode]:         Found dankmeme.globed2.geode
18:25:09 DEBUG [Main] [Geode]:           id: dankmeme.globed2
18:25:09 DEBUG [Main] [Geode]:           version: v1.2.2
18:25:09 DEBUG [Main] [Geode]:           early: no
18:25:09 DEBUG [Main] [Geode]:         Found elnexreal.auto_priority.geode
18:25:09 DEBUG [Main] [Geode]:           id: elnexreal.auto_priority
18:25:09 DEBUG [Main] [Geode]:           version: v1.0.0
18:25:09 DEBUG [Main] [Geode]:           early: no
18:25:09 DEBUG [Main] [Geode]:         Found elnexreal.copy_song_id.geode
18:25:09 DEBUG [Main] [Geode]:           id: elnexreal.copy_song_id
18:25:09 DEBUG [Main] [Geode]:           version: v1.2.2
18:25:09 DEBUG [Main] [Geode]:           early: no
18:25:09 DEBUG [Main] [Geode]:         Found elohmrow.death_tracker.geode
18:25:09 DEBUG [Main] [Geode]:           id: elohmrow.death_tracker
18:25:09 DEBUG [Main] [Geode]:           version: v1.4.3
18:25:09 DEBUG [Main] [Geode]:           early: no
18:25:09 DEBUG [Main] [Geode]:         Found fleym.nongd.geode
18:25:09 ERROR [Main] [Geode]:           Failed to queue: "C:\Program Files (x86)\Steam\steamapps\common\Geometry Dash\geode\mods\fleym.nongd.geode" - [mod.json] is missing target GD version
18:25:09 DEBUG [Main] [Geode]:         Found gdutilsdevs.gdutils.geode
18:25:09 DEBUG [Main] [Geode]:           id: gdutilsdevs.gdutils
18:25:09 DEBUG [Main] [Geode]:           version: v1.2.14
18:25:09 DEBUG [Main] [Geode]:           early: no
18:25:09 DEBUG [Main] [Geode]:         Found geode.custom-keybinds.geode
18:25:09 DEBUG [Main] [Geode]:           id: geode.custom-keybinds
18:25:09 DEBUG [Main] [Geode]:           version: v1.4.0
18:25:09 DEBUG [Main] [Geode]:           early: no
18:25:09 DEBUG [Main] [Geode]:         Found geode.node-ids.geode
18:25:09 DEBUG [Main] [Geode]:           id: geode.node-ids
18:25:09 DEBUG [Main] [Geode]:           version: v1.3.0
18:25:09 DEBUG [Main] [Geode]:           early: no
18:25:09 DEBUG [Main] [Geode]:         Found hjfod.betteredit.geode
18:25:09 WARN  [Main] [Geode]:           settings.mouse-move-on-zoom contains unknown key "platforms"
18:25:09 DEBUG [Main] [Geode]:           id: hjfod.betteredit
18:25:09 DEBUG [Main] [Geode]:           version: v6.0.0
18:25:09 DEBUG [Main] [Geode]:           early: no
18:25:09 DEBUG [Main] [Geode]:         Found hjfod.custom-keybinds.geode
18:25:09 ERROR [Main] [Geode]:           Failed to queue: "C:\Program Files (x86)\Steam\steamapps\common\Geometry Dash\geode\mods\hjfod.custom-keybinds.geode" - [mod.json] is missing target GD version
18:25:09 DEBUG [Main] [Geode]:         Found hjfod.gdshare.geode
18:25:09 DEBUG [Main] [Geode]:           id: hjfod.gdshare
18:25:09 DEBUG [Main] [Geode]:           version: v1.0.4
18:25:09 DEBUG [Main] [Geode]:           early: no
18:25:09 DEBUG [Main] [Geode]:         Found hjfod.gmd-api.geode
18:25:09 DEBUG [Main] [Geode]:           id: hjfod.gmd-api
18:25:09 DEBUG [Main] [Geode]:           version: v1.0.1
18:25:09 DEBUG [Main] [Geode]:           early: no
18:25:09 DEBUG [Main] [Geode]:         Found lexi.visiblecheckpoints.geode
18:25:09 DEBUG [Main] [Geode]:           id: lexi.visiblecheckpoints
18:25:09 DEBUG [Main] [Geode]:           version: v0.1.4
18:25:09 DEBUG [Main] [Geode]:           early: no
18:25:09 DEBUG [Main] [Geode]:         Found mat.fps-bypass.geode
18:25:09 ERROR [Main] [Geode]:           Failed to queue: "C:\Program Files (x86)\Steam\steamapps\common\Geometry Dash\geode\mods\mat.fps-bypass.geode" - [mod.json] is missing target GD version
18:25:09 DEBUG [Main] [Geode]:         Found mat.practice-music.geode
18:25:09 ERROR [Main] [Geode]:           Failed to queue: "C:\Program Files (x86)\Steam\steamapps\common\Geometry Dash\geode\mods\mat.practice-music.geode" - [mod.json] is missing target GD version
18:25:09 DEBUG [Main] [Geode]:         Found mat.run-info.geode
18:25:09 DEBUG [Main] [Geode]:           id: mat.run-info
18:25:09 DEBUG [Main] [Geode]:           version: v1.0.2
18:25:09 DEBUG [Main] [Geode]:           early: no
18:25:09 DEBUG [Main] [Geode]:         Found mat.scroll-zoom.geode
18:25:09 ERROR [Main] [Geode]:           Failed to queue: "C:\Program Files (x86)\Steam\steamapps\common\Geometry Dash\geode\mods\mat.scroll-zoom.geode" - [mod.json] is missing target GD version
18:25:09 DEBUG [Main] [Geode]:         Found muhammadgames.bettermenu.geode
18:25:09 DEBUG [Main] [Geode]:           id: muhammadgames.bettermenu
18:25:09 DEBUG [Main] [Geode]:           version: v1.0.4-beta.12
18:25:09 DEBUG [Main] [Geode]:           early: no
18:25:09 DEBUG [Main] [Geode]:         Found redlime.statchanges.geode
18:25:09 DEBUG [Main] [Geode]:           id: redlime.statchanges
18:25:09 DEBUG [Main] [Geode]:           version: v1.1.0
18:25:09 DEBUG [Main] [Geode]:           early: no
18:25:09 DEBUG [Main] [Geode]:         Found rlt.gd-platformer.geode
18:25:09 ERROR [Main] [Geode]:           Failed to queue: "C:\Program Files (x86)\Steam\steamapps\common\Geometry Dash\geode\mods\rlt.gd-platformer.geode" - [mod.json] is missing target GD version
18:25:09 DEBUG [Main] [Geode]:         Found ruslan.apm.geode
18:25:09 ERROR [Main] [Geode]:           Failed to queue: "C:\Program Files (x86)\Steam\steamapps\common\Geometry Dash\geode\mods\ruslan.apm.geode" - [mod.json] is missing target GD version
18:25:09 DEBUG [Main] [Geode]:         Found ruslan.nm.geode
18:25:09 ERROR [Main] [Geode]:           Failed to queue: "C:\Program Files (x86)\Steam\steamapps\common\Geometry Dash\geode\mods\ruslan.nm.geode" - [mod.json] is missing target GD version
18:25:09 DEBUG [Main] [Geode]:         Found thesillydoggo.animatedprofiles.geode
18:25:09 DEBUG [Main] [Geode]:           id: thesillydoggo.animatedprofiles
18:25:09 DEBUG [Main] [Geode]:           version: v1.0.1
18:25:09 DEBUG [Main] [Geode]:           early: no
18:25:09 DEBUG [Main] [Geode]:         Found thesillydoggo.better_startpos_menu.geode
18:25:09 DEBUG [Main] [Geode]:           id: thesillydoggo.better_startpos_menu
18:25:09 DEBUG [Main] [Geode]:           version: v1.1.0
18:25:09 DEBUG [Main] [Geode]:           early: no
18:25:09 DEBUG [Main] [Geode]:         Found thesillydoggo.entersearch.geode
18:25:09 DEBUG [Main] [Geode]:           id: thesillydoggo.entersearch
18:25:09 DEBUG [Main] [Geode]:           version: v1.0.0
18:25:09 DEBUG [Main] [Geode]:           early: no
18:25:09 DEBUG [Main] [Geode]:         Found TheSillyDoggo.GradientPages.geode
18:25:09 DEBUG [Main] [Geode]:           id: TheSillyDoggo.GradientPages
18:25:09 DEBUG [Main] [Geode]:           version: v2.1.0
18:25:09 DEBUG [Main] [Geode]:           early: no
18:25:09 DEBUG [Main] [Geode]:         Found thesillydoggo.icon_kit_switcher.geode
18:25:09 DEBUG [Main] [Geode]:           id: thesillydoggo.icon_kit_switcher
18:25:09 DEBUG [Main] [Geode]:           version: v1.0.3
18:25:09 DEBUG [Main] [Geode]:           early: no
18:25:09 DEBUG [Main] [Geode]:         Found tpdea.betterpause-Better.geode
18:25:09 DEBUG [Main] [Geode]:           id: tpdea.betterpause-Better
18:25:09 DEBUG [Main] [Geode]:           version: v1.5.5
18:25:09 DEBUG [Main] [Geode]:           early: no
18:25:09 DEBUG [Main] [Geode]:         Found zilko.xdbot.geode
18:25:09 DEBUG [Main] [Geode]:           id: zilko.xdbot
18:25:09 DEBUG [Main] [Geode]:           version: v1.4.8
18:25:09 DEBUG [Main] [Geode]:           early: no
18:25:09 DEBUG [Main] [Geode]:     Populating mod list
18:25:09 DEBUG [Main] [Geode]:       abb2k.backup v1.0.4
18:25:09 DEBUG [Main] [Geode]:       absolllute.megahack v8.0.0-alpha.10
18:25:09 DEBUG [Main] [Geode]:       alphalaneous.projectedstars v1.1.2
18:25:09 DEBUG [Main] [Geode]:       bitz.customprofiles v1.0.5
18:25:09 DEBUG [Main] [Geode]:       capeling.icon_profile_2.2 v1.1.4
18:25:09 DEBUG [Main] [Geode]:       cj_link.fakemoderator v1.0.1
18:25:09 DEBUG [Main] [Geode]:       coderqc.gdswearfilter v1.0.1
18:25:09 DEBUG [Main] [Geode]:       colon.gold_user_coins v1.0.1
18:25:09 DEBUG [Main] [Geode]:       cvolton.betterinfo v4.0.0-alpha.13
18:25:09 DEBUG [Main] [Geode]:       dankmeme.globed2 v1.2.2
18:25:09 DEBUG [Main] [Geode]:       elnexreal.auto_priority v1.0.0
18:25:09 DEBUG [Main] [Geode]:       elnexreal.copy_song_id v1.2.2
18:25:09 DEBUG [Main] [Geode]:       elohmrow.death_tracker v1.4.3
18:25:09 DEBUG [Main] [Geode]:       gdutilsdevs.gdutils v1.2.14
18:25:09 WARN  [Main] [GDUtils]:       Encountered unknown setting "spotify-section" while loading settings
18:25:09 WARN  [Main] [GDUtils]:       Encountered unknown setting "misc-section" while loading settings
18:25:09 WARN  [Main] [GDUtils]:       Encountered unknown setting "spotifyApp" while loading settings
18:25:09 WARN  [Main] [GDUtils]:       Encountered unknown setting "test-notification" while loading settings
18:25:09 WARN  [Main] [GDUtils]:       Encountered unknown setting "notificationPlacement" while loading settings
18:25:09 WARN  [Main] [GDUtils]:       Encountered unknown setting "notification-section" while loading settings
18:25:09 WARN  [Main] [GDUtils]:       Encountered unknown setting "notification-placement-section" while loading settings
18:25:09 WARN  [Main] [GDUtils]:       Encountered unknown setting "notification-appearance-section" while loading settings
18:25:09 WARN  [Main] [GDUtils]:       Encountered unknown setting "credits-section" while loading settings
18:25:09 WARN  [Main] [GDUtils]:       Encountered unknown setting "credit-buttons" while loading settings
18:25:09 DEBUG [Main] [Geode]:       geode.custom-keybinds v1.4.0
18:25:09 DEBUG [Main] [Geode]:       geode.node-ids v1.3.0
18:25:09 DEBUG [Main] [Geode]:       hjfod.betteredit v6.0.0
18:25:09 DEBUG [Main] [Geode]:       hjfod.gdshare v1.0.4
18:25:09 DEBUG [Main] [Geode]:       hjfod.gmd-api v1.0.1
18:25:09 DEBUG [Main] [Geode]:       lexi.visiblecheckpoints v0.1.4
18:25:09 DEBUG [Main] [Geode]:       mat.run-info v1.0.2
18:25:09 DEBUG [Main] [Geode]:       muhammadgames.bettermenu v1.0.4-beta.12
18:25:09 DEBUG [Main] [Geode]:       redlime.statchanges v1.1.0
18:25:09 DEBUG [Main] [Geode]:       thesillydoggo.animatedprofiles v1.0.1
18:25:09 DEBUG [Main] [Geode]:       thesillydoggo.better_startpos_menu v1.1.0
18:25:09 DEBUG [Main] [Geode]:       thesillydoggo.entersearch v1.0.0
18:25:09 DEBUG [Main] [Geode]:       TheSillyDoggo.GradientPages v2.1.0
18:25:09 DEBUG [Main] [Geode]:       thesillydoggo.icon_kit_switcher v1.0.3
18:25:09 DEBUG [Main] [Geode]:       tpdea.betterpause-Better v1.5.5
18:25:09 DEBUG [Main] [Geode]:       zilko.xdbot v1.4.8
18:25:09 DEBUG [Main] [Geode]:     Building mod graph
18:25:09 DEBUG [Main] [Geode]:       capeling.icon_profile_2.2
18:25:09 DEBUG [Main] [Geode]:         geode.loader
18:25:09 DEBUG [Main] [Geode]:       geode.loader
18:25:09 DEBUG [Main] [Geode]:       mat.run-info
18:25:09 DEBUG [Main] [Geode]:         geode.loader
18:25:09 DEBUG [Main] [Geode]:       alphalaneous.projectedstars
18:25:09 DEBUG [Main] [Geode]:         geode.loader
18:25:09 DEBUG [Main] [Geode]:         geode.node-ids
18:25:09 DEBUG [Main] [Geode]:       elohmrow.death_tracker
18:25:09 DEBUG [Main] [Geode]:         geode.loader
18:25:09 DEBUG [Main] [Geode]:       absolllute.megahack
18:25:09 DEBUG [Main] [Geode]:         geode.loader
18:25:09 DEBUG [Main] [Geode]:       elnexreal.auto_priority
18:25:09 DEBUG [Main] [Geode]:         geode.loader
18:25:09 DEBUG [Main] [Geode]:       abb2k.backup
18:25:09 DEBUG [Main] [Geode]:         geode.loader
18:25:09 DEBUG [Main] [Geode]:       coderqc.gdswearfilter
18:25:09 DEBUG [Main] [Geode]:         geode.loader
18:25:09 DEBUG [Main] [Geode]:       zilko.xdbot
18:25:09 DEBUG [Main] [Geode]:         geode.loader
18:25:09 DEBUG [Main] [Geode]:         geode.node-ids
18:25:09 DEBUG [Main] [Geode]:       bitz.customprofiles
18:25:09 DEBUG [Main] [Geode]:         geode.loader
18:25:09 DEBUG [Main] [Geode]:         geode.node-ids
18:25:09 DEBUG [Main] [Geode]:       cj_link.fakemoderator
18:25:09 DEBUG [Main] [Geode]:         geode.loader
18:25:09 DEBUG [Main] [Geode]:       colon.gold_user_coins
18:25:09 DEBUG [Main] [Geode]:         geode.loader
18:25:09 DEBUG [Main] [Geode]:       lexi.visiblecheckpoints
18:25:09 DEBUG [Main] [Geode]:         geode.loader
18:25:09 DEBUG [Main] [Geode]:       cvolton.betterinfo
18:25:09 DEBUG [Main] [Geode]:         geode.loader
18:25:09 DEBUG [Main] [Geode]:         geode.node-ids
18:25:09 DEBUG [Main] [Geode]:       tpdea.betterpause-Better
18:25:09 DEBUG [Main] [Geode]:         geode.loader
18:25:09 DEBUG [Main] [Geode]:         geode.node-ids
18:25:09 DEBUG [Main] [Geode]:       dankmeme.globed2
18:25:09 DEBUG [Main] [Geode]:         geode.loader
18:25:09 DEBUG [Main] [Geode]:         geode.custom-keybinds
18:25:09 DEBUG [Main] [Geode]:       elnexreal.copy_song_id
18:25:09 DEBUG [Main] [Geode]:         geode.loader
18:25:09 DEBUG [Main] [Geode]:       gdutilsdevs.gdutils
18:25:09 DEBUG [Main] [Geode]:         geode.loader
18:25:09 DEBUG [Main] [Geode]:       thesillydoggo.better_startpos_menu
18:25:09 DEBUG [Main] [Geode]:         geode.loader
18:25:09 DEBUG [Main] [Geode]:       geode.custom-keybinds
18:25:09 DEBUG [Main] [Geode]:         geode.loader
18:25:09 DEBUG [Main] [Geode]:       geode.node-ids
18:25:09 DEBUG [Main] [Geode]:         geode.loader
18:25:09 DEBUG [Main] [Geode]:       hjfod.betteredit
18:25:09 DEBUG [Main] [Geode]:         geode.loader
18:25:09 DEBUG [Main] [Geode]:         geode.node-ids
18:25:09 DEBUG [Main] [Geode]:         geode.custom-keybinds
18:25:09 DEBUG [Main] [Geode]:       hjfod.gdshare
18:25:09 DEBUG [Main] [Geode]:         geode.loader
18:25:09 DEBUG [Main] [Geode]:         hjfod.gmd-api
18:25:09 DEBUG [Main] [Geode]:         geode.node-ids
18:25:09 DEBUG [Main] [Geode]:       hjfod.gmd-api
18:25:09 DEBUG [Main] [Geode]:         geode.loader
18:25:09 DEBUG [Main] [Geode]:       muhammadgames.bettermenu
18:25:09 DEBUG [Main] [Geode]:         geode.loader
18:25:09 DEBUG [Main] [Geode]:       redlime.statchanges
18:25:09 DEBUG [Main] [Geode]:         geode.loader
18:25:09 DEBUG [Main] [Geode]:         geode.node-ids
18:25:09 DEBUG [Main] [Geode]:       thesillydoggo.animatedprofiles
18:25:09 DEBUG [Main] [Geode]:         geode.loader
18:25:09 DEBUG [Main] [Geode]:         geode.node-ids
18:25:09 DEBUG [Main] [Geode]:       thesillydoggo.entersearch
18:25:09 DEBUG [Main] [Geode]:         geode.loader
18:25:09 DEBUG [Main] [Geode]:       TheSillyDoggo.GradientPages
18:25:09 DEBUG [Main] [Geode]:         geode.loader
18:25:09 DEBUG [Main] [Geode]:       thesillydoggo.icon_kit_switcher
18:25:09 DEBUG [Main] [Geode]:         geode.loader
18:25:09 DEBUG [Main] [Geode]:         geode.node-ids
18:25:09 DEBUG [Main] [Geode]:     Loading early mods
18:25:09 DEBUG [Main] [Geode]:       absolllute.megahack v8.0.0-alpha.10
18:25:09 DEBUG [Main] [Geode]:         Unzip
18:25:09 DEBUG [Main] [Geode]:         Same hash detected, skipping unzip
18:25:09 DEBUG [Main] [Geode]:         Load
18:25:09 DEBUG [Main] [Geode]:         Loading binary for mod absolllute.megahack
18:25:15 INFO  [Main] [Geode]:     Took 6.401s. Continuing next frame...
18:25:15 DEBUG [Main] [Geode]: Setting up IPC
18:25:15 DEBUG [Main] [Geode]:   IPC set up
18:25:15 INFO  [Main] [Geode]: Starting loader update check
18:25:15 INFO  [Main] [Geode]: Entry took 6.428s
18:25:19 INFO  [Main] [Geode]: Continuing mod graph refresh...
18:25:19 DEBUG [Main] [Geode]:   Loading mods
18:25:19 DEBUG [Main] [Geode]:     capeling.icon_profile_2.2 v1.1.4
18:25:19 ERROR [Main] [Geode]: Failed to fetch updates Empty response
18:25:19 DEBUG [Mod Unzip] [Geode]:  Unzip
18:25:19 DEBUG [Mod Unzip] [Geode]:  Same hash detected, skipping unzip
18:25:20 DEBUG [Main] [Geode]: Enabled GameManager::isIconUnlocked hook at 0x201f90 for absolllute.megahack
18:25:20 DEBUG [Main] [Geode]: Enabled GameManager::isColorUnlocked hook at 0x202490 for absolllute.megahack
18:25:20 DEBUG [Main] [Geode]: Enabled GameManager::setGameVariable hook at 0x2084e0 for absolllute.megahack
18:25:20 DEBUG [Main] [Geode]: Enabled GameManager::getGameVariable hook at 0x208730 for absolllute.megahack
18:25:20 DEBUG [Main] [Geode]: Enabled MenuLayer::init hook at 0x35b450 for absolllute.megahack
18:25:20 DEBUG [Main] [Geode]:       Load
18:25:20 DEBUG [Main] [Geode]:       Loading binary for mod capeling.icon_profile_2.2
18:25:20 DEBUG [Main] [Geode]:       Enabled MenuLayer::init hook at 0x35b450 for capeling.icon_profile_2.2
18:25:21 INFO  [Main] [Geode]: Took 1.365s
18:25:21 INFO  [Main] [Geode]: Continuing mod graph refresh...
18:25:21 DEBUG [Main] [Geode]:   Loading mods
18:25:21 DEBUG [Main] [Geode]:     mat.run-info v1.0.2
18:25:21 DEBUG [Mod Unzip] [Geode]:  Unzip
18:25:21 DEBUG [Mod Unzip] [Geode]:  Same hash detected, skipping unzip
18:25:21 DEBUG [Main] [Geode]:       Load
18:25:21 DEBUG [Main] [Geode]:       Loading binary for mod mat.run-info
18:25:21 DEBUG [Main] [Geode]:       Enabled PlayLayer::init hook at 0x3bc4a0 for mat.run-info
18:25:21 DEBUG [Main] [Geode]:       Enabled PlayLayer::resetLevel hook at 0x3ca130 for mat.run-info
18:25:21 DEBUG [Main] [Geode]:       Enabled PlayLayer::togglePracticeMode hook at 0x3cad30 for mat.run-info
18:25:21 INFO  [Main] [Geode]: Took 0.074s
18:25:21 INFO  [Main] [Geode]: Continuing mod graph refresh...
18:25:21 DEBUG [Main] [Geode]:   Loading mods
18:25:21 DEBUG [Main] [Geode]:     alphalaneous.projectedstars v1.1.2 has unresolved dependencies
18:25:21 INFO  [Main] [Geode]: Took 0.016s
18:25:21 INFO  [Main] [Geode]: Continuing mod graph refresh...
18:25:21 DEBUG [Main] [Geode]:   Loading mods
18:25:21 DEBUG [Main] [Geode]:     elohmrow.death_tracker v1.4.3
18:25:21 DEBUG [Mod Unzip] [Geode]:  Unzip
18:25:21 DEBUG [Mod Unzip] [Geode]:  Same hash detected, skipping unzip
18:25:21 DEBUG [Main] [Geode]:       Load
18:25:21 DEBUG [Main] [Geode]:       Loading binary for mod elohmrow.death_tracker
18:25:21 DEBUG [Main] [Geode]:       Enabled GJBaseGameLayer::setStartPosObject hook at 0x279e90 for elohmrow.death_tracker
18:25:21 DEBUG [Main] [Geode]:       Enabled PlayLayer::checkpointActivated hook at 0x3c76c0 for elohmrow.death_tracker
18:25:21 DEBUG [Main] [Geode]:       Enabled PlayLayer::onQuit hook at 0x3cb480 for elohmrow.death_tracker
18:25:21 DEBUG [Main] [Geode]:       Enabled PlayLayer::resetLevelFromStart hook at 0x3ca090 for elohmrow.death_tracker
18:25:21 DEBUG [Main] [Geode]:       Enabled PlayerObject::playerDestroyed hook at 0x3b1b30 for elohmrow.death_tracker
18:25:21 DEBUG [Main] [Geode]:       Enabled LevelInfoLayer::onLevelInfo hook at 0x336a70 for elohmrow.death_tracker
18:25:21 DEBUG [Main] [Geode]:       Enabled EditLevelLayer::onLevelInfo hook at 0x17db40 for elohmrow.death_tracker
18:25:21 DEBUG [Main] [Geode]:       Enabled LevelPage::onInfo hook at 0x34c400 for elohmrow.death_tracker
18:25:21 DEBUG [Main] [Geode]:       Enabled cocos2d::CCLayerColor::initWithColor hook at 0x69fc4c70 for elohmrow.death_tracker
18:25:21 DEBUG [Main] [Geode]:       Enabled FLAlertLayer::init hook at 0x110f60 for elohmrow.death_tracker
18:25:21 DEBUG [Main] [Geode]:       Enabled FLAlertLayer::keyBackClicked hook at 0x111a10 for elohmrow.death_tracker
18:25:21 DEBUG [Main] [Geode]:       Enabled FLAlertLayer::onBtn1 hook at 0x111ab0 for elohmrow.death_tracker
18:25:21 DEBUG [Main] [Geode]:       Enabled FLAlertLayer::show hook at 0x111cd0 for elohmrow.death_tracker
18:25:21 INFO  [Main] [Geode]: Took 0.058s
18:25:21 INFO  [Main] [Geode]: Continuing mod graph refresh...
18:25:21 DEBUG [Main] [Geode]:   Loading mods
18:25:21 DEBUG [Main] [Geode]:     elnexreal.auto_priority v1.0.0
18:25:21 DEBUG [Mod Unzip] [Geode]:  Unzip
18:25:21 DEBUG [Mod Unzip] [Geode]:  Same hash detected, skipping unzip
18:25:21 DEBUG [Main] [Geode]:       Load
18:25:21 DEBUG [Main] [Geode]:       Loading binary for mod elnexreal.auto_priority
18:25:21 DEBUG [Main] [Geode]:       Enabled LoadingLayer::loadingFinished hook at 0x356ae0 for elnexreal.auto_priority
18:25:21 INFO  [Main] [Geode]: Took 0.064s
18:25:21 INFO  [Main] [Geode]: Continuing mod graph refresh...
18:25:21 DEBUG [Main] [Geode]:   Loading mods
18:25:21 DEBUG [Main] [Geode]:     abb2k.backup v1.0.4
18:25:21 DEBUG [Mod Unzip] [Geode]:  Unzip
18:25:21 DEBUG [Mod Unzip] [Geode]:  Same hash detected, skipping unzip
18:25:21 INFO  [Main] [Geode]: Took 0.049s
18:25:21 INFO  [Main] [Geode]: Continuing mod graph refresh...
18:25:21 DEBUG [Main] [Geode]:   Loading mods
18:25:21 DEBUG [Main] [Geode]:     coderqc.gdswearfilter v1.0.1
18:25:21 DEBUG [Mod Unzip] [Geode]:  Unzip
18:25:21 DEBUG [Mod Unzip] [Geode]:  Same hash detected, skipping unzip
18:25:21 DEBUG [Main] [Geode]:       Load
18:25:21 DEBUG [Main] [Geode]:       Loading binary for mod coderqc.gdswearfilter
18:25:21 DEBUG [Main] [Geode]:       Enabled CommentCell::loadFromComment hook at 0x164490 for coderqc.gdswearfilter
18:25:21 DEBUG [Main] [Geode]:       Enabled InfoLayer::init hook at 0x308810 for coderqc.gdswearfilter
18:25:21 DEBUG [Main] [Geode]:       Enabled LevelCell::loadFromLevel hook at 0x15d8b0 for coderqc.gdswearfilter
18:25:21 INFO  [Main] [Geode]: Took 0.033s
18:25:21 INFO  [Main] [Geode]: Continuing mod graph refresh...
18:25:21 DEBUG [Main] [Geode]:   Loading mods
18:25:21 DEBUG [Main] [Geode]:     zilko.xdbot v1.4.8 has unresolved dependencies
18:25:21 INFO  [Main] [Geode]: Took 0.016s
18:25:21 INFO  [Main] [Geode]: Continuing mod graph refresh...
18:25:21 DEBUG [Main] [Geode]:   Loading mods
18:25:21 DEBUG [Main] [Geode]:     bitz.customprofiles v1.0.5 has unresolved dependencies
18:25:21 INFO  [Main] [Geode]: Took 0.017s
18:25:21 INFO  [Main] [Geode]: Continuing mod graph refresh...
18:25:21 DEBUG [Main] [Geode]:   Loading mods
18:25:21 DEBUG [Main] [Geode]:     cj_link.fakemoderator v1.0.1
18:25:21 DEBUG [Mod Unzip] [Geode]:  Unzip
18:25:21 DEBUG [Mod Unzip] [Geode]:  Same hash detected, skipping unzip
18:25:21 DEBUG [Main] [Geode]:       Load
18:25:21 DEBUG [Main] [Geode]:       Loading binary for mod cj_link.fakemoderator
18:25:21 DEBUG [Main] [Geode]:       Enabled LevelInfoLayer::init hook at 0x3316a0 for cj_link.fakemoderator
18:25:21 DEBUG [Main] [Geode]:       Enabled RateStarsLayer::onRate hook at 0x3d51c0 for cj_link.fakemoderator
18:25:21 DEBUG [Main] [Geode]:       Enabled SupportLayer::onRequestAccess hook at 0x49ca70 for cj_link.fakemoderator
18:25:21 DEBUG [Main] [Geode]:       Enabled ProfilePage::setupPageInfo hook at 0x3d2350 for cj_link.fakemoderator
18:25:21 INFO  [Main] [Geode]: Took 0.032s
18:25:21 INFO  [Main] [Geode]: Continuing mod graph refresh...
18:25:21 DEBUG [Main] [Geode]:   Loading mods
18:25:21 DEBUG [Main] [Geode]:     colon.gold_user_coins v1.0.1
18:25:21 DEBUG [Mod Unzip] [Geode]:  Unzip
18:25:21 DEBUG [Mod Unzip] [Geode]:  Same hash detected, skipping unzip
18:25:21 DEBUG [Main] [Geode]:       Load
18:25:21 DEBUG [Main] [Geode]:       Loading binary for mod colon.gold_user_coins
18:25:21 DEBUG [Main] [Geode]:       Enabled MenuLayer::init hook at 0x35b450 for colon.gold_user_coins
18:25:21 DEBUG [Main] [Geode]:       Enabled cocos2d::CCSprite::setColor hook at 0x69ff78a0 for colon.gold_user_coins
18:25:21 INFO  [Main] [Geode]: Took 0.033s
18:25:21 INFO  [Main] [Geode]: Continuing mod graph refresh...
18:25:21 DEBUG [Main] [Geode]:   Loading mods
18:25:21 DEBUG [Main] [Geode]:     lexi.visiblecheckpoints v0.1.4
18:25:21 DEBUG [Mod Unzip] [Geode]:  Unzip
18:25:21 DEBUG [Mod Unzip] [Geode]:  Same hash detected, skipping unzip
18:25:21 DEBUG [Main] [Geode]:       Load
18:25:21 DEBUG [Main] [Geode]:       Loading binary for mod lexi.visiblecheckpoints
18:25:21 DEBUG [Main] [Geode]:       Enabled PlayLayer::createCheckpoint hook at 0x3c76e0 for lexi.visiblecheckpoints
18:25:21 DEBUG [Main] [Geode]:       Enabled PlayLayer::init hook at 0x3bc4a0 for lexi.visiblecheckpoints
18:25:21 DEBUG [Main] [Geode]:       Enabled PlayLayer::removeCheckpoint hook at 0x3c8d70 for lexi.visiblecheckpoints
18:25:21 DEBUG [Main] [Geode]:       Enabled PlayLayer::resetLevelFromStart hook at 0x3ca090 for lexi.visiblecheckpoints
18:25:21 DEBUG [Main] [Geode]:       Enabled PlayLayer::setupHasCompleted hook at 0x3bce40 for lexi.visiblecheckpoints
18:25:21 INFO  [Main] [Geode]: Took 0.033s
18:25:21 INFO  [Main] [Geode]: Continuing mod graph refresh...
18:25:21 DEBUG [Main] [Geode]:   Loading mods
18:25:21 DEBUG [Main] [Geode]:     cvolton.betterinfo v4.0.0-alpha.13 has unresolved dependencies
18:25:21 INFO  [Main] [Geode]: Took 0.016s
18:25:21 INFO  [Main] [Geode]: Continuing mod graph refresh...
18:25:21 DEBUG [Main] [Geode]:   Loading mods
18:25:21 DEBUG [Main] [Geode]:     tpdea.betterpause-Better v1.5.5 has unresolved dependencies
18:25:21 INFO  [Main] [Geode]: Took 0.016s
18:25:21 INFO  [Main] [Geode]: Continuing mod graph refresh...
18:25:21 DEBUG [Main] [Geode]:   Loading mods
18:25:21 DEBUG [Main] [Geode]:     dankmeme.globed2 v1.2.2 has unresolved dependencies
18:25:21 INFO  [Main] [Geode]: Took 0.016s
18:25:21 INFO  [Main] [Geode]: Continuing mod graph refresh...
18:25:21 DEBUG [Main] [Geode]:   Loading mods
18:25:21 DEBUG [Main] [Geode]:     elnexreal.copy_song_id v1.2.2
18:25:21 DEBUG [Mod Unzip] [Geode]:  Unzip
18:25:21 DEBUG [Mod Unzip] [Geode]:  Same hash detected, skipping unzip
18:25:21 DEBUG [Main] [Geode]:       Load
18:25:21 DEBUG [Main] [Geode]:       Loading binary for mod elnexreal.copy_song_id
18:25:21 DEBUG [Main] [Geode]:       Enabled LevelInfoLayer::init hook at 0x3316a0 for elnexreal.copy_song_id
18:25:21 DEBUG [Main] [Geode]:       Enabled LevelInfoLayer::levelDownloadFinished hook at 0x334f00 for elnexreal.copy_song_id
18:25:21 INFO  [Main] [Geode]: Took 0.033s
18:25:21 INFO  [Main] [Geode]: Continuing mod graph refresh...
18:25:21 DEBUG [Main] [Geode]:   Loading mods
18:25:21 DEBUG [Main] [Geode]:     gdutilsdevs.gdutils v1.2.14
18:25:21 DEBUG [Mod Unzip] [Geode]:  Unzip
18:25:21 DEBUG [Mod Unzip] [Geode]:  Same hash detected, skipping unzip
18:25:21 DEBUG [Main] [Geode]:       Load
18:25:21 DEBUG [Main] [Geode]:       Loading binary for mod gdutilsdevs.gdutils
18:25:21 DEBUG [Main] [Geode]:       Enabled cocos2d::CCScheduler::update hook at 0x6a026db0 for gdutilsdevs.gdutils
18:25:21 DEBUG [Main] [Geode]:       Enabled cocos2d::CCScheduler::update hook at 0x6a026db0 for gdutilsdevs.gdutils
18:25:21 DEBUG [Main] [Geode]:       Enabled PlayLayer::init hook at 0x3bc4a0 for gdutilsdevs.gdutils
18:25:21 DEBUG [Main] [Geode]:       Enabled PlayLayer::onQuit hook at 0x3cb480 for gdutilsdevs.gdutils
18:25:21 DEBUG [Main] [Geode]:       Enabled EditorUI::onPause hook at 0x186130 for gdutilsdevs.gdutils
18:25:21 DEBUG [Main] [Geode]:       Enabled EditorUI::onPlayback hook at 0x1a9d20 for gdutilsdevs.gdutils
18:25:21 DEBUG [Main] [Geode]:       Enabled EditorUI::onPlaytest hook at 0x1aa090 for gdutilsdevs.gdutils
18:25:21 DEBUG [Main] [Geode]:       Enabled EditorUI::onStopPlaytest hook at 0x1aa200 for gdutilsdevs.gdutils
18:25:21 DEBUG [Main] [Geode]:       Enabled FriendsProfilePage::init hook at 0x1d0a10 for gdutilsdevs.gdutils
18:25:21 DEBUG [Main] [Geode]:       Enabled LeaderboardsLayer::init hook at 0x30dc60 for gdutilsdevs.gdutils
18:25:21 DEBUG [Main] [Geode]:       Enabled SecretLayer2::init hook at 0x3e56d0 for gdutilsdevs.gdutils
18:25:21 DEBUG [Main] [Geode]:       Enabled SecretLayer2::onSubmit hook at 0x3e71c0 for gdutilsdevs.gdutils
18:25:21 DEBUG [Main] [Geode]:       Enabled SecretLayer2::updateSearchLabel hook at 0x3e84b0 for gdutilsdevs.gdutils
18:25:21 DEBUG [Main] [Geode]:       Enabled LevelInfoLayer::init hook at 0x3316a0 for gdutilsdevs.gdutils
18:25:21 DEBUG [Main] [Geode]:       Enabled InfoLayer::init hook at 0x308810 for gdutilsdevs.gdutils
18:25:21 DEBUG [Main] [Geode]:       Enabled ProfilePage::loadPageFromUserInfo hook at 0x3cdda0 for gdutilsdevs.gdutils
18:25:21 INFO  [Main] [GDUtils]:     GDUtils Mod Loaded
18:25:21 INFO  [Main] [GDUtils]:     Le protocole a été enregistré avec succès pour cet utilisateur.
18:25:21 INFO  [Main] [Geode]: Took 0.051s
18:25:21 INFO  [Main] [Geode]: Continuing mod graph refresh...
18:25:21 DEBUG [Main] [Geode]:   Loading mods
18:25:21 DEBUG [Main] [Geode]:     thesillydoggo.better_startpos_menu v1.1.0
18:25:21 INFO  [Thread #11156] [GDUtils]: Starting socket...
18:25:21 DEBUG [Mod Unzip] [Geode]:  Unzip
18:25:21 DEBUG [Mod Unzip] [Geode]:  Same hash detected, skipping unzip
18:25:21 DEBUG [Main] [Geode]:       Load
18:25:21 DEBUG [Main] [Geode]:       Loading binary for mod thesillydoggo.better_startpos_menu
18:25:21 DEBUG [Main] [Geode]:       Enabled LevelSettingsLayer::init hook at 0x34ce20 for thesillydoggo.better_startpos_menu
18:25:21 INFO  [Main] [Geode]: Took 0.043s
18:25:21 INFO  [Main] [Geode]: Continuing mod graph refresh...
18:25:21 DEBUG [Main] [Geode]:   Loading mods
18:25:21 DEBUG [Main] [Geode]:     geode.custom-keybinds v1.4.0
18:25:21 DEBUG [Mod Unzip] [Geode]:  Unzip
18:25:21 DEBUG [Mod Unzip] [Geode]:  Same hash detected, skipping unzip
18:25:21 INFO  [Main] [Geode]: Took 0.035s
18:25:21 INFO  [Main] [Geode]: Continuing mod graph refresh...
18:25:21 DEBUG [Main] [Geode]:   Loading mods
18:25:21 DEBUG [Main] [Geode]:     geode.node-ids v1.3.0
18:25:21 DEBUG [Mod Unzip] [Geode]:  Unzip
18:25:21 DEBUG [Mod Unzip] [Geode]:  Same hash detected, skipping unzip
18:25:21 DEBUG [Main] [Geode]:       Load
18:25:21 DEBUG [Main] [Geode]:       Loading binary for mod geode.node-ids
18:25:21 DEBUG [Main] [Geode]:       Enabled CommentCell::loadFromComment hook at 0x164490 for geode.node-ids
18:25:21 DEBUG [Main] [Geode]:       Enabled CreatorLayer::init hook at 0x14f550 for geode.node-ids
18:25:21 DEBUG [Main] [Geode]:       Enabled CustomizeObjectLayer::init hook at 0x1564a0 for geode.node-ids
18:25:21 DEBUG [Main] [Geode]:       Enabled CustomizeObjectLayer::toggleVisible hook at 0x159780 for geode.node-ids
18:25:21 DEBUG [Main] [Geode]:       Enabled DailyLevelNode::init hook at 0x1796c0 for geode.node-ids
18:25:21 DEBUG [Main] [Geode]:       Enabled DailyLevelPage::init hook at 0x1776d0 for geode.node-ids
18:25:21 DEBUG [Main] [Geode]:       Enabled EditLevelLayer::init hook at 0x17c8e0 for geode.node-ids
18:25:21 DEBUG [Main] [Geode]:       Enabled EditorPauseLayer::init hook at 0x180020 for geode.node-ids
18:25:21 DEBUG [Main] [Geode]:       Enabled EditorUI::init hook at 0x184260 for geode.node-ids
18:25:21 DEBUG [Main] [Geode]:       Enabled GJGarageLayer::init hook at 0x2cf250 for geode.node-ids
18:25:21 DEBUG [Main] [Geode]:       Enabled GJGarageLayer::setupPage hook at 0x2d1d70 for geode.node-ids
18:25:21 DEBUG [Main] [Geode]:       Enabled GJScoreCell::loadFromScore hook at 0x1665b0 for geode.node-ids
18:25:21 DEBUG [Main] [Geode]:       Enabled GameToolbox::addBackButton hook at 0x121910 for geode.node-ids
18:25:21 DEBUG [Main] [Geode]:       Enabled GameToolbox::addRThumbScrollButton hook at 0x1219c0 for geode.node-ids
18:25:21 DEBUG [Main] [Geode]:       Enabled InfoLayer::init hook at 0x308810 for geode.node-ids
18:25:21 DEBUG [Main] [Geode]:       Enabled LeaderboardsLayer::init hook at 0x30dc60 for geode.node-ids
18:25:21 DEBUG [Main] [Geode]:       Enabled LevelBrowserLayer::init hook at 0x312e60 for geode.node-ids
18:25:21 DEBUG [Main] [Geode]:       Enabled LevelCell::loadCustomLevelCell hook at 0x15da60 for geode.node-ids
18:25:21 DEBUG [Main] [Geode]:       Enabled LevelCell::loadFromLevel hook at 0x15d8b0 for geode.node-ids
18:25:21 DEBUG [Main] [Geode]:       Enabled LevelCell::loadLocalLevelCell hook at 0x1604d0 for geode.node-ids
18:25:21 DEBUG [Main] [Geode]:       Enabled LevelInfoLayer::init hook at 0x3316a0 for geode.node-ids
18:25:21 DEBUG [Main] [Geode]:       Enabled LevelInfoLayer::setupPlatformerStats hook at 0x333a90 for geode.node-ids
18:25:21 DEBUG [Main] [Geode]:       Enabled LevelInfoLayer::setupProgressBars hook at 0x333e20 for geode.node-ids
18:25:21 DEBUG [Main] [Geode]:       Enabled LevelInfoLayer::updateLabelValues hook at 0x336d20 for geode.node-ids
18:25:21 DEBUG [Main] [Geode]:       Enabled LevelLeaderboard::init hook at 0x338060 for geode.node-ids
18:25:21 DEBUG [Main] [Geode]:       Enabled LevelSearchLayer::init hook at 0x340f10 for geode.node-ids
18:25:21 DEBUG [Main] [Geode]:       Enabled PauseLayer::customSetup hook at 0x3989f0 for geode.node-ids
18:25:21 DEBUG [Main] [Geode]:       Enabled PlayerObject::init hook at 0x3a24c0 for geode.node-ids
18:25:21 DEBUG [Main] [Geode]:       Enabled ProfilePage::init hook at 0x3cd080 for geode.node-ids
18:25:21 DEBUG [Main] [Geode]:       Enabled ProfilePage::loadPageFromUserInfo hook at 0x3cdda0 for geode.node-ids
18:25:21 DEBUG [Main] [Geode]:       Enabled RewardsPage::init hook at 0x3d67f0 for geode.node-ids
18:25:21 DEBUG [Main] [Geode]:       Enabled UILayer::init hook at 0x49ec10 for geode.node-ids
18:25:21 INFO  [stdout]: [2024-02-25 18:25:21] [connect] Successful connection
18:25:21 INFO  [Main] [Geode]: Took 0.037s
18:25:21 INFO  [Main] [Geode]: Continuing mod graph refresh...
18:25:21 DEBUG [Main] [Geode]:   Loading mods
18:25:21 DEBUG [Main] [Geode]:     thesillydoggo.animatedprofiles v1.0.1
18:25:21 INFO  [Thread #12640] [GDUtils]: Socket Connection successful!
18:25:21 INFO  [stdout]: [2024-02-25 18:25:21] [connect] WebSocket Connection 62.210.53.67:80 v-2 "WebSocket++/0.8.2" /socket.io/?EIO=4&transport=websocket&t=1708881921 101
18:25:21 INFO  [Thread #11156] [GDUtils]: listening for events
18:25:21 DEBUG [Mod Unzip] [Geode]:  Unzip
18:25:21 DEBUG [Mod Unzip] [Geode]:  Same hash detected, skipping unzip
18:25:21 DEBUG [Main] [Geode]:       Load
18:25:21 DEBUG [Main] [Geode]:       Loading binary for mod thesillydoggo.animatedprofiles
18:25:21 DEBUG [Main] [Geode]:       Enabled ProfilePage::init hook at 0x3cd080 for thesillydoggo.animatedprofiles
18:25:21 DEBUG [Main] [Geode]:       Enabled ProfilePage::loadPageFromUserInfo hook at 0x3cdda0 for thesillydoggo.animatedprofiles
18:25:21 DEBUG [Main] [Geode]:       Enabled CommentCell::loadFromComment hook at 0x164490 for thesillydoggo.animatedprofiles
18:25:21 DEBUG [Main] [Geode]:       Enabled CCAnimatedSprite::runAnimation hook at 0x101640 for thesillydoggo.animatedprofiles
18:25:21 INFO  [Main] [Geode]: Took 0.033s
18:25:21 INFO  [Main] [Geode]: Continuing mod graph refresh...
18:25:21 DEBUG [Main] [Geode]:   Loading mods
18:25:21 DEBUG [Main] [Geode]:     redlime.statchanges v1.1.0
18:25:21 DEBUG [Mod Unzip] [Geode]:  Unzip
18:25:21 DEBUG [Mod Unzip] [Geode]:  Same hash detected, skipping unzip
18:25:21 DEBUG [Main] [Geode]:       Load
18:25:21 DEBUG [Main] [Geode]:       Loading binary for mod redlime.statchanges
18:25:21 DEBUG [Main] [Geode]:       Enabled ProfilePage::init hook at 0x3cd080 for redlime.statchanges
18:25:21 DEBUG [Main] [Geode]:       Enabled ProfilePage::loadPageFromUserInfo hook at 0x3cdda0 for redlime.statchanges
18:25:21 DEBUG [Main] [Geode]:       Enabled ProfilePage::onClose hook at 0x3d15e0 for redlime.statchanges
18:25:21 INFO  [Main] [Geode]: Took 0.049s
18:25:21 INFO  [Main] [Geode]: Continuing mod graph refresh...
18:25:21 DEBUG [Main] [Geode]:   Loading mods
18:25:21 DEBUG [Main] [Geode]:     hjfod.gdshare v1.0.4 has unresolved dependencies
18:25:21 INFO  [Main] [Geode]: Took 0.016s
18:25:21 INFO  [Main] [Geode]: Continuing mod graph refresh...
18:25:21 DEBUG [Main] [Geode]:   Loading mods
18:25:21 DEBUG [Main] [Geode]:     hjfod.betteredit v6.0.0 has unresolved dependencies
18:25:21 INFO  [Main] [Geode]: Took 0.016s
18:25:21 INFO  [Main] [Geode]: Continuing mod graph refresh...
18:25:21 DEBUG [Main] [Geode]:   Loading mods
18:25:21 DEBUG [Main] [Geode]:     tpdea.betterpause-Better v1.5.5
18:25:21 DEBUG [Mod Unzip] [Geode]:  Unzip
18:25:21 DEBUG [Mod Unzip] [Geode]:  Same hash detected, skipping unzip
18:25:21 INFO  [Main] [Geode]: Took 0.033s
18:25:21 INFO  [Main] [Geode]: Continuing mod graph refresh...
18:25:21 DEBUG [Main] [Geode]:   Loading mods
18:25:21 DEBUG [Main] [Geode]:     cvolton.betterinfo v4.0.0-alpha.13
18:25:21 DEBUG [Mod Unzip] [Geode]:  Unzip
18:25:21 DEBUG [Mod Unzip] [Geode]:  Same hash detected, skipping unzip
18:25:21 DEBUG [Main] [Geode]:       Load
18:25:21 DEBUG [Main] [Geode]:       Loading binary for mod cvolton.betterinfo
18:25:21 DEBUG [Main] [Geode]:       Enabled CommentCell::FLAlert_Clicked hook at 0x1663d0 for cvolton.betterinfo
18:25:21 DEBUG [Main] [Geode]:       Enabled CommentCell::loadFromComment hook at 0x164490 for cvolton.betterinfo
18:25:21 DEBUG [Main] [Geode]:       Enabled CommentCell::onConfirmDelete hook at 0x1662c0 for cvolton.betterinfo
18:25:21 DEBUG [Main] [Geode]:       Enabled CommentCell::onLike hook at 0x166110 for cvolton.betterinfo
18:25:21 DEBUG [Main] [Geode]:       Enabled CreatorLayer::init hook at 0x14f550 for cvolton.betterinfo
18:25:21 DEBUG [Main] [Geode]:       Enabled CreatorLayer::onChallenge hook at 0x150dd0 for cvolton.betterinfo
18:25:21 DEBUG [Main] [Geode]:       Enabled DailyLevelNode::init hook at 0x1796c0 for cvolton.betterinfo
18:25:21 DEBUG [Main] [Geode]:       Enabled DailyLevelPage::init hook at 0x1776d0 for cvolton.betterinfo
18:25:21 DEBUG [Main] [Geode]:       Enabled DailyLevelPage::updateTimers hook at 0x179120 for cvolton.betterinfo
18:25:21 DEBUG [Main] [Geode]:       Enabled EditLevelLayer::init hook at 0x17c8e0 for cvolton.betterinfo
18:25:21 DEBUG [Main] [Geode]:       Enabled EditLevelLayer::onLevelInfo hook at 0x17db40 for cvolton.betterinfo
18:25:21 DEBUG [Main] [Geode]:       Enabled GJLevelList::showListInfo hook at 0x1fcef0 for cvolton.betterinfo
18:25:21 DEBUG [Main] [Geode]:       Enabled GJScoreCell::loadFromScore hook at 0x1665b0 for cvolton.betterinfo
18:25:21 DEBUG [Main] [Geode]:       Enabled GameLevelManager::getCompletedLevels hook at 0x1d7790 for cvolton.betterinfo
18:25:21 DEBUG [Main] [Geode]:       Enabled GameLevelManager::getSavedLevels hook at 0x1d7340 for cvolton.betterinfo
18:25:21 DEBUG [Main] [Geode]:       Enabled GameLevelManager::limitSavedLevels hook at 0x1d9210 for cvolton.betterinfo
18:25:21 DEBUG [Main] [Geode]:       Enabled GameLevelManager::userNameForUserID hook at 0x1d6290 for cvolton.betterinfo
18:25:21 DEBUG [Main] [Geode]:       Enabled InfoLayer::init hook at 0x308810 for cvolton.betterinfo
18:25:21 DEBUG [Main] [Geode]:       Enabled InfoLayer::loadPage hook at 0x30b340 for cvolton.betterinfo
18:25:21 DEBUG [Main] [Geode]:       Enabled InfoLayer::onLevelInfo hook at 0x30ada0 for cvolton.betterinfo
18:25:21 DEBUG [Main] [Geode]:       Enabled InfoLayer::onMore hook at 0x30aaa0 for cvolton.betterinfo
18:25:21 DEBUG [Main] [Geode]:       Enabled InfoLayer::setupCommentsBrowser hook at 0x30b670 for cvolton.betterinfo
18:25:21 DEBUG [Main] [Geode]:       Enabled LeaderboardsLayer::init hook at 0x30dc60 for cvolton.betterinfo
18:25:21 DEBUG [Main] [Geode]:       Enabled LevelAreaInnerLayer::init hook at 0x3111e0 for cvolton.betterinfo
18:25:21 DEBUG [Main] [Geode]:       Enabled LevelBrowserLayer::init hook at 0x312e60 for cvolton.betterinfo
18:25:21 DEBUG [Main] [Geode]:       Enabled LevelBrowserLayer::onGoToPage hook at 0x315c40 for cvolton.betterinfo
18:25:21 DEBUG [Main] [Geode]:       Enabled LevelBrowserLayer::setupPageInfo hook at 0x3159e0 for cvolton.betterinfo
18:25:21 DEBUG [Main] [Geode]:       Enabled LevelCell::loadCustomLevelCell hook at 0x15da60 for cvolton.betterinfo
18:25:21 DEBUG [Main] [Geode]:       Enabled LevelCell::onViewProfile hook at 0x160f70 for cvolton.betterinfo
18:25:21 DEBUG [Main] [Geode]:       Enabled LevelInfoLayer::init hook at 0x3316a0 for cvolton.betterinfo
18:25:21 DEBUG [Main] [Geode]:       Enabled LevelInfoLayer::onLevelInfo hook at 0x336a70 for cvolton.betterinfo
18:25:21 DEBUG [Main] [Geode]:       Enabled LevelInfoLayer::onViewProfile hook at 0x336a10 for cvolton.betterinfo
18:25:21 DEBUG [Main] [Geode]:       Enabled LevelInfoLayer::updateLabelValues hook at 0x336d20 for cvolton.betterinfo
18:25:21 DEBUG [Main] [Geode]:       Enabled LevelLeaderboard::init hook at 0x338060 for cvolton.betterinfo
18:25:21 DEBUG [Main] [Geode]:       Enabled LevelListCell::loadFromList hook at 0x16b570 for cvolton.betterinfo
18:25:21 DEBUG [Main] [Geode]:       Enabled LevelPage::onInfo hook at 0x34c400 for cvolton.betterinfo
18:25:21 DEBUG [Main] [Geode]:       Enabled LevelSearchLayer::getSearchObject hook at 0x343ba0 for cvolton.betterinfo
18:25:21 DEBUG [Main] [Geode]:       Enabled MoreSearchLayer::init hook at 0x3456b0 for cvolton.betterinfo
18:25:21 DEBUG [Main] [Geode]:       Enabled MoreSearchLayer::onSongFilter hook at 0x3469e0 for cvolton.betterinfo
18:25:21 DEBUG [Main] [Geode]:       Enabled MoreSearchLayer::onSongMode hook at 0x346c90 for cvolton.betterinfo
18:25:21 DEBUG [Main] [Geode]:       Enabled PlayLayer::destroyPlayer hook at 0x3c6730 for cvolton.betterinfo
18:25:21 DEBUG [Main] [Geode]:       Enabled PlayLayer::init hook at 0x3bc4a0 for cvolton.betterinfo
18:25:21 DEBUG [Main] [Geode]:       Enabled PlayLayer::levelComplete hook at 0x3bdb60 for cvolton.betterinfo
18:25:21 DEBUG [Main] [Geode]:       Enabled PlayLayer::onQuit hook at 0x3cb480 for cvolton.betterinfo
18:25:21 DEBUG [Main] [Geode]:       Enabled PlayLayer::resetLevel hook at 0x3ca130 for cvolton.betterinfo
18:25:21 DEBUG [Main] [Geode]:       Enabled ProfilePage::getUserInfoFailed hook at 0x3d1e40 for cvolton.betterinfo
18:25:21 DEBUG [Main] [Geode]:       Enabled ProfilePage::init hook at 0x3cd080 for cvolton.betterinfo
18:25:21 DEBUG [Main] [Geode]:       Enabled ProfilePage::loadPageFromUserInfo hook at 0x3cdda0 for cvolton.betterinfo
18:25:21 DEBUG [Main] [Geode]:       Enabled ProfilePage::onClose hook at 0x3d15e0 for cvolton.betterinfo
18:25:21 DEBUG [Main] [Geode]:       Enabled RewardsPage::init hook at 0x3d67f0 for cvolton.betterinfo
18:25:21 DEBUG [Main] [Geode]:       Enabled MenuLayer::init hook at 0x35b450 for cvolton.betterinfo
18:25:21 INFO  [Main] [Geode]: Took 0.036s
18:25:21 INFO  [Main] [Geode]: Continuing mod graph refresh...
18:25:21 DEBUG [Main] [Geode]:   Loading mods
18:25:21 DEBUG [Main] [Geode]:     bitz.customprofiles v1.0.5
18:25:21 DEBUG [Mod Unzip] [Geode]:  Unzip
18:25:21 DEBUG [Mod Unzip] [Geode]:  Same hash detected, skipping unzip
18:25:21 DEBUG [Main] [Geode]:       Load
18:25:21 DEBUG [Main] [Geode]:       Loading binary for mod bitz.customprofiles
18:25:21 DEBUG [Main] [Geode]:       Enabled GJAccountSettingsLayer::init hook at 0x2e84f0 for bitz.customprofiles
18:25:21 DEBUG [Main] [Geode]:       Enabled GJAccountSettingsLayer::onClose hook at 0x2e9db0 for bitz.customprofiles
18:25:21 DEBUG [Main] [Geode]:       Enabled InfoLayer::init hook at 0x308810 for bitz.customprofiles
18:25:21 DEBUG [Main] [Geode]:       Enabled InfoLayer::setupCommentsBrowser hook at 0x30b670 for bitz.customprofiles
18:25:21 DEBUG [Main] [Geode]:       Enabled ProfilePage::init hook at 0x3cd080 for bitz.customprofiles
18:25:21 DEBUG [Main] [Geode]:       Enabled ProfilePage::loadPageFromUserInfo hook at 0x3cdda0 for bitz.customprofiles
18:25:21 DEBUG [Main] [Geode]:       Enabled ProfilePage::onUpdate hook at 0x3cdb10 for bitz.customprofiles
18:25:21 DEBUG [Main] [Geode]:       Enabled ProfilePage::setupCommentsBrowser hook at 0x3d2160 for bitz.customprofiles
18:25:21 DEBUG [Main] [Geode]:       Enabled CommentCell::draw hook at 0x15d5b0 for bitz.customprofiles
18:25:21 DEBUG [Main] [Geode]:       Enabled CommentCell::loadFromComment hook at 0x164490 for bitz.customprofiles
18:25:21 DEBUG [Main] [Geode]:       Enabled CommentCell::updateBGColor hook at 0x166090 for bitz.customprofiles
18:25:21 INFO  [Main] [Geode]: Took 0.033s
18:25:21 INFO  [Main] [Geode]: Continuing mod graph refresh...
18:25:21 DEBUG [Main] [Geode]:   Loading mods
18:25:21 DEBUG [Main] [Geode]:     zilko.xdbot v1.4.8
18:25:21 DEBUG [Mod Unzip] [Geode]:  Unzip
18:25:21 DEBUG [Mod Unzip] [Geode]:  Same hash detected, skipping unzip
18:25:21 DEBUG [Main] [Geode]:       Load
18:25:21 DEBUG [Main] [Geode]:       Loading binary for mod zilko.xdbot
18:25:21 DEBUG [Main] [Geode]:       Enabled PauseLayer::customSetup hook at 0x3989f0 for zilko.xdbot
18:25:21 DEBUG [Main] [Geode]:       Enabled PauseLayer::goEdit hook at 0x39a0f0 for zilko.xdbot
18:25:21 DEBUG [Main] [Geode]:       Enabled PauseLayer::onPracticeMode hook at 0x399e60 for zilko.xdbot
18:25:21 DEBUG [Main] [Geode]:       Enabled PauseLayer::onQuit hook at 0x39a240 for zilko.xdbot
18:25:21 DEBUG [Main] [Geode]:       Enabled PauseLayer::onResume hook at 0x399f30 for zilko.xdbot
18:25:21 DEBUG [Main] [Geode]:       Enabled GJBaseGameLayer::handleButton hook at 0x2969f0 for zilko.xdbot
18:25:21 DEBUG [Main] [Geode]:       Enabled GJBaseGameLayer::update hook at 0x29b780 for zilko.xdbot
18:25:21 DEBUG [Main] [Geode]:       Enabled PlayLayer::levelComplete hook at 0x3bdb60 for zilko.xdbot
18:25:21 DEBUG [Main] [Geode]:       Enabled PlayLayer::resetLevel hook at 0x3ca130 for zilko.xdbot
18:25:21 DEBUG [Main] [Geode]:       Enabled EndLevelLayer::customSetup hook at 0x1c74f0 for zilko.xdbot
18:25:21 DEBUG [Main] [Geode]:       Enabled EndLevelLayer::goEdit hook at 0x1c9060 for zilko.xdbot
18:25:21 DEBUG [Main] [Geode]:       Enabled EndLevelLayer::onMenu hook at 0x1c8ec0 for zilko.xdbot
18:25:21 DEBUG [Main] [Geode]:       Enabled EndLevelLayer::onReplay hook at 0x1c8dc0 for zilko.xdbot
18:25:21 DEBUG [Main] [Geode]:       Enabled cocos2d::CCScheduler::update hook at 0x6a026db0 for zilko.xdbot
18:25:21 DEBUG [Main] [Geode]:       Enabled cocos2d::CCKeyboardDispatcher::dispatchKeyboardMSG hook at 0x69fbbe70 for zilko.xdbot
18:25:21 DEBUG [Main] [Geode]:       Enabled GJBaseGameLayer::processCommands hook at 0x29d240 for zilko.xdbot
18:25:21 INFO  [Main] [Geode]: Took 0.039s
18:25:21 INFO  [Main] [Geode]: Continuing mod graph refresh...
18:25:21 DEBUG [Main] [Geode]:   Loading mods
18:25:21 DEBUG [Main] [Geode]:     alphalaneous.projectedstars v1.1.2
18:25:21 DEBUG [Mod Unzip] [Geode]:  Unzip
18:25:21 DEBUG [Mod Unzip] [Geode]:  Same hash detected, skipping unzip
18:25:21 DEBUG [Main] [Geode]:       Load
18:25:21 DEBUG [Main] [Geode]:       Loading binary for mod alphalaneous.projectedstars
18:25:21 DEBUG [Main] [Geode]:       Enabled LevelInfoLayer::init hook at 0x3316a0 for alphalaneous.projectedstars
18:25:22 INFO  [Main] [Geode]: Took 0.048s
18:25:22 INFO  [Main] [Geode]: Continuing mod graph refresh...
18:25:22 DEBUG [Main] [Geode]:   Loading mods
18:25:22 DEBUG [Main] [Geode]:     hjfod.betteredit v6.0.0 has unresolved dependencies
18:25:22 INFO  [Main] [Geode]: Took 0.016s
18:25:22 INFO  [Main] [Geode]: Continuing mod graph refresh...
18:25:22 DEBUG [Main] [Geode]:   Loading mods
18:25:22 DEBUG [Main] [Geode]:     hjfod.gdshare v1.0.4 has unresolved dependencies
18:25:22 INFO  [Main] [Geode]: Took 0.017s
18:25:22 INFO  [Main] [Geode]: Continuing mod graph refresh...
18:25:22 DEBUG [Main] [Geode]:   Loading mods
18:25:22 DEBUG [Main] [Geode]:     hjfod.gmd-api v1.0.1
18:25:22 DEBUG [Mod Unzip] [Geode]:  Unzip
18:25:22 DEBUG [Mod Unzip] [Geode]:  Same hash detected, skipping unzip
18:25:22 DEBUG [Main] [Geode]:       Load
18:25:22 DEBUG [Main] [Geode]:       Loading binary for mod hjfod.gmd-api
18:25:22 INFO  [Main] [Geode]: Took 0.033s
18:25:22 INFO  [Main] [Geode]: Continuing mod graph refresh...
18:25:22 DEBUG [Main] [Geode]:   Loading mods
18:25:22 DEBUG [Main] [Geode]:     hjfod.gdshare v1.0.4
18:25:22 DEBUG [Mod Unzip] [Geode]:  Unzip
18:25:22 DEBUG [Mod Unzip] [Geode]:  Same hash detected, skipping unzip
18:25:22 DEBUG [Main] [Geode]:       Load
18:25:22 DEBUG [Main] [Geode]:       Loading binary for mod hjfod.gdshare
18:25:22 DEBUG [Main] [Geode]:       Enabled EditLevelLayer::init hook at 0x17c8e0 for hjfod.gdshare
18:25:22 DEBUG [Main] [Geode]:       Enabled LevelInfoLayer::init hook at 0x3316a0 for hjfod.gdshare
18:25:22 DEBUG [Main] [Geode]:       Enabled LevelBrowserLayer::init hook at 0x312e60 for hjfod.gdshare
18:25:22 INFO  [Main] [Geode]: Took 0.033s
18:25:22 INFO  [Main] [Geode]: Continuing mod graph refresh...
18:25:22 DEBUG [Main] [Geode]:   Loading mods
18:25:22 DEBUG [Main] [Geode]:     muhammadgames.bettermenu v1.0.4-beta.12
18:25:22 DEBUG [Mod Unzip] [Geode]:  Unzip
18:25:22 DEBUG [Mod Unzip] [Geode]:  Same hash detected, skipping unzip
18:25:22 INFO  [Main] [Geode]: Took 0.033s
18:25:22 INFO  [Main] [Geode]: Continuing mod graph refresh...
18:25:22 DEBUG [Main] [Geode]:   Loading mods
18:25:22 DEBUG [Main] [Geode]:     redlime.statchanges v1.1.0
18:25:22 INFO  [Main] [Geode]: Took 0.016s
18:25:22 INFO  [Main] [Geode]: Continuing mod graph refresh...
18:25:22 DEBUG [Main] [Geode]:   Loading mods
18:25:22 DEBUG [Main] [Geode]:     thesillydoggo.animatedprofiles v1.0.1
18:25:22 INFO  [Main] [Geode]: Took 0.016s
18:25:22 INFO  [Main] [Geode]: Continuing mod graph refresh...
18:25:22 DEBUG [Main] [Geode]:   Loading mods
18:25:22 DEBUG [Main] [Geode]:     thesillydoggo.entersearch v1.0.0
18:25:22 DEBUG [Mod Unzip] [Geode]:  Unzip
18:25:22 DEBUG [Mod Unzip] [Geode]:  Same hash detected, skipping unzip
18:25:22 DEBUG [Main] [Geode]:       Load
18:25:22 DEBUG [Main] [Geode]:       Loading binary for mod thesillydoggo.entersearch
18:25:22 DEBUG [Main] [Geode]:       Enabled FLAlertLayer::init hook at 0x110f60 for thesillydoggo.entersearch
18:25:22 DEBUG [Main] [Geode]:       Enabled LevelSearchLayer::init hook at 0x340f10 for thesillydoggo.entersearch
18:25:22 DEBUG [Main] [Geode]:       Enabled ShareCommentLayer::init hook at 0x466490 for thesillydoggo.entersearch
18:25:22 DEBUG [Main] [Geode]:       Enabled cocos2d::CCKeyboardDispatcher::dispatchKeyboardMSG hook at 0x69fbbe70 for thesillydoggo.entersearch
18:25:22 INFO  [Main] [Geode]: Took 0.039s
18:25:22 INFO  [Main] [Geode]: Continuing mod graph refresh...
18:25:22 DEBUG [Main] [Geode]:   Loading mods
18:25:22 DEBUG [Main] [Geode]:     TheSillyDoggo.GradientPages v2.1.0
18:25:22 DEBUG [Mod Unzip] [Geode]:  Unzip
18:25:22 DEBUG [Mod Unzip] [Geode]:  Same hash detected, skipping unzip
18:25:22 DEBUG [Main] [Geode]:       Load
18:25:22 DEBUG [Main] [Geode]:       Loading binary for mod TheSillyDoggo.GradientPages
18:25:22 DEBUG [Main] [Geode]:       Enabled ProfilePage::init hook at 0x3cd080 for TheSillyDoggo.GradientPages
18:25:22 DEBUG [Main] [Geode]:       Enabled ProfilePage::loadPageFromUserInfo hook at 0x3cdda0 for TheSillyDoggo.GradientPages
18:25:22 DEBUG [Main] [Geode]:       Enabled GJAccountSettingsLayer::init hook at 0x2e84f0 for TheSillyDoggo.GradientPages
18:25:22 DEBUG [Main] [Geode]:       Enabled FRequestProfilePage::init hook at 0x1cef90 for TheSillyDoggo.GradientPages
18:25:22 DEBUG [Main] [Geode]:       Enabled MessagesProfilePage::init hook at 0x35d1c0 for TheSillyDoggo.GradientPages
18:25:22 DEBUG [Main] [Geode]:       Enabled FriendsProfilePage::init hook at 0x1d0a10 for TheSillyDoggo.GradientPages
18:25:22 DEBUG [Main] [Geode]:       Enabled InfoLayer::init hook at 0x308810 for TheSillyDoggo.GradientPages
18:25:22 DEBUG [Main] [Geode]:       Enabled GJCommentListLayer::create hook at 0x2e7dc0 for TheSillyDoggo.GradientPages
18:25:22 DEBUG [Main] [Geode]:       Enabled ItemInfoPopup::init hook at 0x2d5b80 for TheSillyDoggo.GradientPages
18:25:22 DEBUG [Main] [Geode]:       Enabled ShardsPage::init hook at 0x464320 for TheSillyDoggo.GradientPages
18:25:22 DEBUG [Main] [Geode]:       Enabled CommunityCreditsPage::init hook at 0x148b10 for TheSillyDoggo.GradientPages
18:25:22 DEBUG [Main] [Geode]:       Enabled DemonFilterSelectLayer::init hook at 0x3473e0 for TheSillyDoggo.GradientPages
18:25:22 DEBUG [Main] [Geode]:       Enabled MoreSearchLayer::init hook at 0x3456b0 for TheSillyDoggo.GradientPages
18:25:22 DEBUG [Main] [Geode]:       Enabled ChallengesPage::init hook at 0x13c560 for TheSillyDoggo.GradientPages
18:25:22 DEBUG [Main] [Geode]:       Enabled SetIDPopup::init hook at 0x2ef980 for TheSillyDoggo.GradientPages
18:25:22 INFO  [Main] [Geode]: Took 0.05s
18:25:22 INFO  [Main] [Geode]: Continuing mod graph refresh...
18:25:22 DEBUG [Main] [Geode]:   Loading mods
18:25:22 DEBUG [Main] [Geode]:     thesillydoggo.icon_kit_switcher v1.0.3 has unresolved dependencies
18:25:22 INFO  [Main] [Geode]: Took 0.016s
18:25:22 INFO  [Main] [Geode]: Continuing mod graph refresh...
18:25:22 DEBUG [Main] [Geode]:   Finding problems
18:25:22 DEBUG [Main] [Geode]:     capeling.icon_profile_2.2
18:25:22 DEBUG [Main] [Geode]:     geode.loader
18:25:22 DEBUG [Main] [Geode]:     mat.run-info
18:25:22 DEBUG [Main] [Geode]:     alphalaneous.projectedstars
18:25:22 DEBUG [Main] [Geode]:     elohmrow.death_tracker
18:25:22 DEBUG [Main] [Geode]:     absolllute.megahack
18:25:22 DEBUG [Main] [Geode]:     elnexreal.auto_priority
18:25:22 DEBUG [Main] [Geode]:     abb2k.backup is not enabled
18:25:22 DEBUG [Main] [Geode]:     coderqc.gdswearfilter
18:25:22 DEBUG [Main] [Geode]:     zilko.xdbot
18:25:22 DEBUG [Main] [Geode]:     bitz.customprofiles
18:25:22 DEBUG [Main] [Geode]:     cj_link.fakemoderator
18:25:22 DEBUG [Main] [Geode]:     colon.gold_user_coins
18:25:22 DEBUG [Main] [Geode]:     lexi.visiblecheckpoints
18:25:22 DEBUG [Main] [Geode]:     cvolton.betterinfo
18:25:22 DEBUG [Main] [Geode]:     tpdea.betterpause-Better is not enabled
18:25:22 DEBUG [Main] [Geode]:     dankmeme.globed2
18:25:22 ERROR [Main] [Geode]:       dankmeme.globed2 requires geode.custom-keybinds >=v1.2.3
18:25:22 DEBUG [Main] [Geode]:     elnexreal.copy_song_id
18:25:22 DEBUG [Main] [Geode]:     gdutilsdevs.gdutils
18:25:22 DEBUG [Main] [Geode]:     thesillydoggo.better_startpos_menu
18:25:22 DEBUG [Main] [Geode]:     geode.custom-keybinds is not enabled
18:25:22 DEBUG [Main] [Geode]:     geode.node-ids
18:25:22 DEBUG [Main] [Geode]:     hjfod.betteredit
18:25:22 ERROR [Main] [Geode]:       hjfod.betteredit requires geode.custom-keybinds >=v1.4.0
18:25:22 DEBUG [Main] [Geode]:     hjfod.gdshare
18:25:22 DEBUG [Main] [Geode]:     hjfod.gmd-api
18:25:22 DEBUG [Main] [Geode]:     muhammadgames.bettermenu is not enabled
18:25:22 DEBUG [Main] [Geode]:     redlime.statchanges
18:25:22 DEBUG [Main] [Geode]:     thesillydoggo.animatedprofiles
18:25:22 DEBUG [Main] [Geode]:     thesillydoggo.entersearch
18:25:22 DEBUG [Main] [Geode]:     TheSillyDoggo.GradientPages
18:25:22 DEBUG [Main] [Geode]:     thesillydoggo.icon_kit_switcher
18:25:22 ERROR [Main] [Geode]:       thesillydoggo.icon_kit_switcher requires geode.node-ids >=v1.6.1
18:25:22 INFO  [Main] [Geode]:   Took 0.003s
18:25:22 DEBUG [Main] [Geode]: Verifying Loader Resources
18:25:22 DEBUG [Main] [Geode]: Loading Loader Resources
18:25:22 DEBUG [Main] [Geode]: Loading mod resources
18:25:22 DEBUG [Main] [Geode]: Adding resources
18:25:22 DEBUG [Main] [Geode]:   geode.loader
18:25:22 DEBUG [Main] [Geode]:     Adding sheet geode.loader/LogoSheet
18:25:22 DEBUG [Main] [Geode]:     Adding sheet geode.loader/APISheet
18:25:22 DEBUG [Main] [Geode]:     Adding sheet geode.loader/BlankSheet
18:25:22 DEBUG [Main] [Geode]:   dankmeme.globed2
18:25:22 DEBUG [Main] [Geode]:     Adding sheet dankmeme.globed2/globedsheet1
18:25:22 DEBUG [Main] [Geode]:   geode.custom-keybinds
18:25:22 DEBUG [Main] [Geode]:     Adding sheet geode.custom-keybinds/KB_ControllerSheet
18:25:22 DEBUG [Main] [Geode]:   hjfod.betteredit
18:25:22 DEBUG [Main] [Geode]:     Adding sheet hjfod.betteredit/UISheet
18:25:22 DEBUG [Main] [Geode]:   hjfod.gdshare
18:25:22 DEBUG [Main] [Geode]:     Adding sheet hjfod.gdshare/GDShare
18:25:22 DEBUG [Main] [Geode]:   TheSillyDoggo.GradientPages
18:25:22 DEBUG [Main] [Geode]:     Adding sheet TheSillyDoggo.GradientPages/UISheet
18:25:31 DEBUG [Main] [Geode]: Checking updates for index
18:25:31 ERROR [Main] [Geode]: Mod ID 'tpdea.betterpause-Better' will be rejected in the future - IDs must match the regex `[a-z0-9\-_]+\.[a-z0-9\-_]+`
18:25:31 ERROR [Main] [Geode]: Mod ID 'TheSillyDoggo.GradientPages' will be rejected in the future - IDs must match the regex `[a-z0-9\-_]+\.[a-z0-9\-_]+`
18:25:32 DEBUG [Main] [Geode]: Enabled FMODChannelControl::setVolume hook at 0x69d1b180 for absolllute.megahack
18:25:32 DEBUG [Main] [Geode]: Enabled FMODChannelControl::setPitch hook at 0x69d1af00 for absolllute.megahack
18:25:32 DEBUG [Main] [Geode]: Enabled cocos2dCCParticleSystem::loadScaledDefaults hook at 0x69fdbba0 for absolllute.megahack
18:25:32 DEBUG [Main] [Geode]: Enabled cocos2dCCTransitionFade::create hook at 0x69fc7710 for absolllute.megahack
18:25:32 DEBUG [Main] [Geode]: Enabled cocos2dCCTransitionMoveInT::create hook at 0x69fc81f0 for absolllute.megahack
18:25:32 DEBUG [Main] [Geode]: Enabled cocos2dCCDirector::drawScene hook at 0x6a022ae0 for absolllute.megahack
18:25:32 DEBUG [Main] [Geode]: Enabled cocos2dCCScheduler::update hook at 0x6a026db0 for absolllute.megahack
18:25:32 DEBUG [Main] [Geode]: Enabled cocos2dCCIMEDelegate::attachWithIME hook at 0x6a019ea0 for absolllute.megahack
18:25:32 DEBUG [Main] [Geode]: Enabled cocos2dCCIMEDelegate::detachWithIME hook at 0x6a019f20 for absolllute.megahack
18:25:32 DEBUG [Main] [Geode]: Enabled AppDelegate::trySaveGame hook at 0x13b790 for absolllute.megahack
18:25:32 DEBUG [Main] [Geode]: Enabled GameStatsManager::isItemUnlocked hook at 0x256570 for absolllute.megahack
18:25:32 DEBUG [Main] [Geode]: Enabled ColorAction::setupFromString hook at 0x6b9950 for absolllute.megahack
18:25:32 DEBUG [Main] [Geode]: Enabled GameObject::createWithKey hook at 0x210330 for absolllute.megahack
18:25:32 DEBUG [Main] [Geode]: Enabled UILayer::init hook at 0x49ec10 for absolllute.megahack
18:25:32 DEBUG [Main] [Geode]: Enabled UILayer::keyDown hook at 0x49f930 for absolllute.megahack
18:25:32 DEBUG [Main] [Geode]: Enabled UILayer::keyUp hook at 0x49f950 for absolllute.megahack
18:25:32 DEBUG [Main] [Geode]: Enabled PauseLayer::customSetup hook at 0x3989f0 for absolllute.megahack
18:25:32 DEBUG [Main] [Geode]: Enabled PauseLayer::onResume hook at 0x399f30 for absolllute.megahack
18:25:32 DEBUG [Main] [Geode]: Enabled EndLevelLayer::customSetup hook at 0x1c74f0 for absolllute.megahack
18:25:32 DEBUG [Main] [Geode]: Enabled EndLevelLayer::keyDown hook at 0x1ca310 for absolllute.megahack
18:25:32 DEBUG [Main] [Geode]: Enabled ShaderLayer::visit hook at 0x463810 for absolllute.megahack
18:25:32 DEBUG [Main] [Geode]: Enabled LevelInfoLayer::onPlay hook at 0x3355b0 for absolllute.megahack
18:25:32 DEBUG [Main] [Geode]: Enabled PlayerObject::togglePlayerScale hook at 0x3b9170 for absolllute.megahack
18:25:32 DEBUG [Main] [Geode]: Enabled GJBaseGameLayer::handleButton hook at 0x2969f0 for absolllute.megahack
18:25:32 DEBUG [Main] [Geode]: Enabled GJBaseGameLayer::processCommands hook at 0x29d240 for absolllute.megahack
18:25:32 DEBUG [Main] [Geode]: Enabled GJBaseGameLayer::resetLevelVariables hook at 0x29db10 for absolllute.megahack
18:25:32 DEBUG [Main] [Geode]: Enabled GJBaseGameLayer::init hook at 0x270290 for absolllute.megahack
18:25:32 DEBUG [Main] [Geode]: Enabled GJBaseGameLayer::visit hook at 0x2a8ea0 for absolllute.megahack
18:25:32 DEBUG [Main] [Geode]: Enabled PlayLayer::_destructor hook at 0x3bc080 for absolllute.megahack
18:25:32 DEBUG [Main] [Geode]: Enabled PlayLayer::init hook at 0x3bc4a0 for absolllute.megahack
18:25:32 DEBUG [Main] [Geode]: Enabled PlayLayer::startGame hook at 0x3bdab0 for absolllute.megahack
18:25:32 DEBUG [Main] [Geode]: Enabled PlayLayer::onQuit hook at 0x3cb480 for absolllute.megahack
18:25:32 DEBUG [Main] [Geode]: Enabled PlayLayer::postUpdate hook at 0x3c7220 for absolllute.megahack
18:25:32 DEBUG [Main] [Geode]: Enabled PlayLayer::addObject hook at 0x3c19b0 for absolllute.megahack
18:25:32 DEBUG [Main] [Geode]: Enabled PlayLayer::destroyPlayer hook at 0x3c6730 for absolllute.megahack
18:25:32 DEBUG [Main] [Geode]: Enabled PlayLayer::resetLevel hook at 0x3ca130 for absolllute.megahack
18:25:32 DEBUG [Main] [Geode]: Enabled PlayLayer::updateAttempts hook at 0x3cab40 for absolllute.megahack
18:25:32 DEBUG [Main] [Geode]: Enabled PlayLayer::pauseGame hook at 0x3cae80 for absolllute.megahack
18:25:32 DEBUG [Main] [Geode]: Enabled PlayLayer::createCheckpoint hook at 0x3c76e0 for absolllute.megahack
18:25:32 DEBUG [Main] [Geode]: Enabled PlayLayer::markCheckpoint hook at 0x3c8550 for absolllute.megahack
18:25:32 DEBUG [Main] [Geode]: Enabled PlayLayer::storeCheckpoint hook at 0x3c84a0 for absolllute.megahack
18:25:32 DEBUG [Main] [Geode]: Enabled PlayLayer::playEndAnimationToPos hook at 0x3bfe00 for absolllute.megahack
18:25:32 DEBUG [Main] [Geode]: Enabled PlayLayer::playPlatformerEndAnimationToPos hook at 0x3c05e0 for absolllute.megahack
18:25:32 DEBUG [Main] [Geode]: Enabled PlayLayer::applyEnterEffect hook at 0x3c47d0 for absolllute.megahack
18:25:32 DEBUG [Main] [Geode]: Enabled PlayLayer::applyCustomEnterEffect hook at 0x3c3f50 for absolllute.megahack
18:25:32 DEBUG [Main] [Geode]: Enabled PlayLayer::updateProgressbar hook at 0x3c5440 for absolllute.megahack
18:25:32 DEBUG [Main] [Auto priority to high]: Trying to set the process priority to HIGH...
18:25:32 DEBUG [Main] [Auto priority to high]: Process priority is now set to HIGH.
18:25:32 INFO  [Main] [BetterInfo]: Music Library response: 1
18:25:32 DEBUG [Index Update] [Geode]: Updating local index cache
18:25:33 WARN  [Index Update] [Geode]:   settings.randomise-main-menu-bg contains unknown key "platforms"
18:25:33 WARN  [Index Update] [Geode]:   settings.force-bg contains unknown key "platforms"
18:25:34 WARN  [Index Update] [Geode]:   settings.mouse-move-on-zoom contains unknown key "platforms"
18:25:34 WARN  [Index Update] [Geode]:   settings.grid-size-controls contains unknown key "platforms"
18:25:34 WARN  [Index Update] [Geode]:   settings.show-grid-on-size-change contains unknown key "platforms"
18:25:34 WARN  [Index Update] [Geode]:   settings.soft-save-enabled contains unknown key "platforms"
18:25:34 DEBUG [Index Update] [Geode]:   Done
18:25:37 INFO  [Main] [Animated Profile Icons]: Playing animation: run
18:25:37 INFO  [Main] [Animated Profile Icons]: Playing animation: idle
18:25:37 INFO  [Main] [Animated Profile Icons]: Playing animation: run
18:25:37 INFO  [Main] [Animated Profile Icons]: Playing animation: run
18:25:38 INFO  [Main] [Animated Profile Icons]: Playing animation: run
18:25:41 INFO  [Main] [Animated Profile Icons]: Playing animation: run
18:25:43 INFO  [Main] [Animated Profile Icons]: Playing animation: run
18:25:43 INFO  [Main] [Animated Profile Icons]: Playing animation: idle
18:25:43 INFO  [Main] [Animated Profile Icons]: Playing animation: run
18:25:45 INFO  [Main] [Animated Profile Icons]: Playing animation: run
18:25:46 INFO  [Main] [Animated Profile Icons]: Playing animation: run
18:45:09 INFO  [stdout]: [2024-02-25 18:45:09] [disconnect] Disconnect close local:[1008,Ping timeout] remote:[1006]
18:45:10 INFO  [stdout]: [2024-02-25 18:45:10] [connect] Successful connection
18:45:10 INFO  [Thread #12640] [GDUtils]: Socket Connection successful!
18:45:10 INFO  [stdout]: [2024-02-25 18:45:10] [connect] WebSocket Connection 62.210.53.67:80 v-2 "WebSocket++/0.8.2" /socket.io/?EIO=4&transport=websocket&t=1708883110 101
18:45:19 INFO  [Main] [Animated Profile Icons]: Playing animation: run
18:45:19 INFO  [Main] [Animated Profile Icons]: Playing animation: walk
18:45:19 INFO  [Main] [Animated Profile Icons]: Playing animation: walk
18:45:19 INFO  [Main] [Animated Profile Icons]: Playing animation: run
18:45:21 INFO  [Main] [Animated Profile Icons]: Playing animation: run
18:45:31 DEBUG [stderr]: [2024-02-25 18:45:31] [error] handle_read_frame error: asio.system:121 (Le dlai de temporisation de smaphore a expir.)
18:45:36 DEBUG [Main] [Geode]: Installing hjfod.betteredit
18:45:38 DEBUG [Main] [Geode]: Installed hjfod.betteredit
18:46:12 INFO  [Main] [Geode]: Saving mod data...
18:46:12 DEBUG [Main] [Geode]:   capeling.icon_profile_2.2
18:46:12 DEBUG [Main] [Geode]:     Check covered
18:46:12 DEBUG [Main] [Geode]:   geode.loader
18:46:12 DEBUG [Main] [Geode]:     Check covered
18:46:12 DEBUG [Main] [Geode]:     Check if auto-check-updates is saved
18:46:12 DEBUG [Main] [Geode]:     Check if show-platform-console is saved
18:46:12 DEBUG [Main] [Geode]:     Check if disable-last-crashed-popup is saved
18:46:12 DEBUG [Main] [Geode]:     Check if auto-update-mods is saved
18:46:12 DEBUG [Main] [Geode]:   mat.run-info
18:46:12 DEBUG [Main] [Geode]:     Check covered
18:46:12 DEBUG [Main] [Geode]:     Check if show-mode is saved
18:46:12 DEBUG [Main] [Geode]:     Check if position-top is saved
18:46:12 DEBUG [Main] [Geode]:     Check if position-left is saved
18:46:12 DEBUG [Main] [Geode]:     Check if show-icon is saved
18:46:12 DEBUG [Main] [Geode]:     Check if show-from is saved
18:46:12 DEBUG [Main] [Geode]:     Check if use-start-pos is saved
18:46:12 DEBUG [Main] [Geode]:   alphalaneous.projectedstars
18:46:12 DEBUG [Main] [Geode]:     Check covered
18:46:12 ERROR [Main] [Geode]:     Unable to save settings: Unable to open file
18:46:12 ERROR [Main] [Geode]:     Unable to save values: Unable to open file
18:46:12 DEBUG [Main] [Geode]:   elohmrow.death_tracker
18:46:12 DEBUG [Main] [Geode]:     Check covered
18:46:12 DEBUG [Main] [Geode]:     Check if disable-tracking-completed-levels is saved
18:46:12 DEBUG [Main] [Geode]:   absolllute.megahack
18:46:12 DEBUG [Main] [Geode]:     Check covered
18:46:12 DEBUG [Main] [Geode]:   elnexreal.auto_priority
18:46:12 DEBUG [Main] [Geode]:     Check covered
18:46:12 DEBUG [Main] [Geode]:   abb2k.backup
18:46:12 DEBUG [Main] [Geode]:     Check covered
18:46:12 DEBUG [Main] [Geode]:     Check if Max_Auto_Backups is saved
18:46:12 DEBUG [Main] [Geode]:     Check if Auto_Backup is saved
18:46:12 DEBUG [Main] [Geode]:     Check if Button_In_Options_Menu is saved
18:46:12 DEBUG [Main] [Geode]:   coderqc.gdswearfilter
18:46:12 DEBUG [Main] [Geode]:     Check covered
18:46:12 DEBUG [Main] [Geode]:     Check if censor-comments is saved
18:46:12 DEBUG [Main] [Geode]:     Check if strict-mode is saved
18:46:12 DEBUG [Main] [Geode]:     Check if filter-profanity is saved
18:46:12 DEBUG [Main] [Geode]:     Check if censor-level-descriptions is saved
18:46:12 DEBUG [Main] [Geode]:     Check if filter-antilgbtq is saved
18:46:12 DEBUG [Main] [Geode]:     Check if filter-sexual is saved
18:46:12 DEBUG [Main] [Geode]:     Check if filter-racism is saved
18:46:12 DEBUG [Main] [Geode]:     Check if censor-level-names is saved
18:46:12 DEBUG [Main] [Geode]:     Check if relax-censor is saved
18:46:12 DEBUG [Main] [Geode]:   zilko.xdbot
18:46:12 DEBUG [Main] [Geode]:     Check covered
18:46:12 DEBUG [Main] [Geode]:     Check if speedhack is saved
18:46:12 DEBUG [Main] [Geode]:     Check if auto_safe_mode is saved
18:46:12 DEBUG [Main] [Geode]:     Check if speedhack_audio is saved
18:46:12 DEBUG [Main] [Geode]:     Check if override_macro_mode is saved
18:46:12 DEBUG [Main] [Geode]:     Check if frame_stepper is saved
18:46:12 DEBUG [Main] [Geode]:     Check if show_frame_label is saved
18:46:12 DEBUG [Main] [Geode]:     Check if end_button is saved
18:46:12 DEBUG [Main] [Geode]:     Check if auto_enable_play is saved
18:46:12 DEBUG [Main] [Geode]:     Check if show_recording_label is saved
18:46:12 DEBUG [Main] [Geode]:     Check if show_playing_label is saved
18:46:12 DEBUG [Main] [Geode]:     Check if disable_frame_stepper is saved
18:46:12 DEBUG [Main] [Geode]:     Check if disable_speedhack is saved
18:46:12 DEBUG [Main] [Geode]:     Check if vanilla is saved
18:46:12 DEBUG [Main] [Geode]:     Check if frame_fix is saved
18:46:12 DEBUG [Main] [Geode]:   bitz.customprofiles
18:46:12 DEBUG [Main] [Geode]:     Check covered
18:46:12 DEBUG [Main] [Geode]:     Check if Normal-colors is saved
18:46:12 DEBUG [Main] [Geode]:     Check if No-corners is saved
18:46:12 DEBUG [Main] [Geode]:     Check if Disable-info-button is saved
18:46:12 DEBUG [Main] [Geode]:     Check if Invert-Colors is saved
18:46:12 DEBUG [Main] [Geode]:     Check if Round-corners is saved
18:46:12 DEBUG [Main] [Geode]:     Check if Square-corners is saved
18:46:12 DEBUG [Main] [Geode]:     Check if Animate-colors is saved
18:46:12 DEBUG [Main] [Geode]:   cj_link.fakemoderator
18:46:12 DEBUG [Main] [Geode]:     Check covered
18:46:12 DEBUG [Main] [Geode]:     Check if mod-type is saved
18:46:12 DEBUG [Main] [Geode]:   colon.gold_user_coins
18:46:12 DEBUG [Main] [Geode]:     Check covered
18:46:12 DEBUG [Main] [Geode]:   lexi.visiblecheckpoints
18:46:12 DEBUG [Main] [Geode]:     Check covered
18:46:12 DEBUG [Main] [Geode]:     Check if progress-bar-opacity is saved
18:46:12 DEBUG [Main] [Geode]:     Check if progress-bar-crowding is saved
18:46:12 DEBUG [Main] [Geode]:   cvolton.betterinfo
18:46:12 DEBUG [Main] [Geode]:     Check covered
18:46:12 DEBUG [Main] [Geode]:     Check if fix-green-users is saved
18:46:12 DEBUG [Main] [Geode]:     Check if show-comment-ids is saved
18:46:12 DEBUG [Main] [Geode]:     Check if white-id is saved
18:46:12 DEBUG [Main] [Geode]:     Check if level-info is saved
18:46:12 DEBUG [Main] [Geode]:     Check if alt-button is saved
18:46:12 DEBUG [Main] [Geode]:     Check if auto-submit is saved
18:46:12 DEBUG [Main] [Geode]:   tpdea.betterpause-Better
18:46:12 DEBUG [Main] [Geode]:     Check covered
18:46:12 DEBUG [Main] [Geode]:     Check if level-editor-hack is saved
18:46:12 DEBUG [Main] [Geode]:     Check if show-comment-button is saved
18:46:12 DEBUG [Main] [Geode]:     Check if disable-arrow-blink is saved
18:46:12 DEBUG [Main] [Geode]:   dankmeme.globed2
18:46:12 DEBUG [Main] [Geode]:     Check covered
18:46:12 DEBUG [Main] [Geode]:     Check if force-skip-preload is saved
18:46:12 DEBUG [Main] [Geode]:   elnexreal.copy_song_id
18:46:12 DEBUG [Main] [Geode]:     Check covered
18:46:12 DEBUG [Main] [Geode]:   gdutilsdevs.gdutils
18:46:12 DEBUG [Main] [Geode]:     Check covered
18:46:12 DEBUG [Main] [Geode]:     Check if everywhereElse is saved
18:46:12 DEBUG [Main] [Geode]:     Check if weekly is saved
18:46:12 DEBUG [Main] [Geode]:     Check if daily is saved
18:46:12 DEBUG [Main] [Geode]:     Check if spotify-section is saved
18:46:12 DEBUG [Main] [Geode]:     Check if inEditor is saved
18:46:12 DEBUG [Main] [Geode]:     Check if inLevels is saved
18:46:12 DEBUG [Main] [Geode]:     Check if misc-section is saved
18:46:12 DEBUG [Main] [Geode]:     Check if customDifficultyFaces is saved
18:46:12 DEBUG [Main] [Geode]:     Check if newRate is saved
18:46:12 DEBUG [Main] [Geode]:     Check if sfx is saved
18:46:12 DEBUG [Main] [Geode]:     Check if spotifyApp is saved
18:46:12 DEBUG [Main] [Geode]:     Check if size is saved
18:46:12 DEBUG [Main] [Geode]:     Check if time is saved
18:46:12 DEBUG [Main] [Geode]:     Check if test-notification is saved
18:46:12 DEBUG [Main] [Geode]:     Check if demonListPlacement is saved
18:46:12 DEBUG [Main] [Geode]:     Check if inEditorSpotify is saved
18:46:12 DEBUG [Main] [Geode]:     Check if inLevelsSpotify is saved
18:46:12 DEBUG [Main] [Geode]:     Check if friendSearch is saved
18:46:12 DEBUG [Main] [Geode]:     Check if notificationPlacement is saved
18:46:12 DEBUG [Main] [Geode]:     Check if notification-section is saved
18:46:12 DEBUG [Main] [Geode]:     Check if notification-placement-section is saved
18:46:12 DEBUG [Main] [Geode]:     Check if notification-appearance-section is saved
18:46:12 DEBUG [Main] [Geode]:     Check if credits-section is saved
18:46:12 DEBUG [Main] [Geode]:     Check if credit-buttons is saved
18:46:12 DEBUG [Main] [Geode]:   thesillydoggo.better_startpos_menu
18:46:12 DEBUG [Main] [Geode]:     Check covered
18:46:12 DEBUG [Main] [Geode]:   geode.custom-keybinds
18:46:12 DEBUG [Main] [Geode]:     Check covered
18:46:12 DEBUG [Main] [Geode]:   geode.node-ids
18:46:12 DEBUG [Main] [Geode]:     Check covered
18:46:12 DEBUG [Main] [Geode]:   hjfod.betteredit
18:46:12 DEBUG [Main] [Geode]:     Check covered
18:46:12 DEBUG [Main] [Geode]:     Check if larger-color-menu is saved
18:46:12 DEBUG [Main] [Geode]:     Check if mouse-move-on-zoom is saved
18:46:12 DEBUG [Main] [Geode]:     Check if scale-factor is saved
18:46:12 DEBUG [Main] [Geode]:     Check if better-font-select is saved
18:46:12 DEBUG [Main] [Geode]:     Check if scale-pause is saved
18:46:12 DEBUG [Main] [Geode]:     Check if scale-build-tabs is saved
18:46:12 DEBUG [Main] [Geode]:     Check if new-color-menu is saved
18:46:12 DEBUG [Main] [Geode]:     Check if show-zoom-text is saved
18:46:12 DEBUG [Main] [Geode]:   hjfod.gdshare
18:46:12 DEBUG [Main] [Geode]:     Check covered
18:46:12 DEBUG [Main] [Geode]:   hjfod.gmd-api
18:46:12 DEBUG [Main] [Geode]:     Check covered
18:46:12 DEBUG [Main] [Geode]:   muhammadgames.bettermenu
18:46:12 DEBUG [Main] [Geode]:     Check covered
18:46:12 DEBUG [Main] [Geode]:     Check if ShortcutWeekly is saved
18:46:12 DEBUG [Main] [Geode]:     Check if RunMainMenu is saved
18:46:12 DEBUG [Main] [Geode]:     Check if ShortcutMyLevel is saved
18:46:12 DEBUG [Main] [Geode]:     Check if ShortcutSavedLevels is saved
18:46:12 DEBUG [Main] [Geode]:     Check if ShortcutSearch is saved
18:46:12 DEBUG [Main] [Geode]:     Check if replacename is saved
18:46:12 DEBUG [Main] [Geode]:     Check if ShortcutDaily is saved
18:46:12 DEBUG [Main] [Geode]:     Check if HideName is saved
18:46:12 DEBUG [Main] [Geode]:     Check if MoveMenuPos is saved
18:46:12 DEBUG [Main] [Geode]:     Check if MoveMenuPosFlip is saved
18:46:12 DEBUG [Main] [Geode]:     Check if RightSide is saved
18:46:12 DEBUG [Main] [Geode]:   redlime.statchanges
18:46:12 DEBUG [Main] [Geode]:     Check covered
18:46:12 DEBUG [Main] [Geode]:     Check if weeks is saved
18:46:12 DEBUG [Main] [Geode]:     Check if upArrowColor is saved
18:46:12 DEBUG [Main] [Geode]:     Check if textScale is saved
18:46:12 DEBUG [Main] [Geode]:     Check if downArrowColor is saved
18:46:12 ERROR [Main] [Geode]:     Unable to save settings: Unable to open file
18:46:12 ERROR [Main] [Geode]:     Unable to save values: Unable to open file
18:46:12 DEBUG [Main] [Geode]:   thesillydoggo.animatedprofiles
18:46:12 DEBUG [Main] [Geode]:     Check covered
18:46:12 DEBUG [Main] [Geode]:   thesillydoggo.entersearch
18:46:12 DEBUG [Main] [Geode]:     Check covered
18:46:12 DEBUG [Main] [Geode]:   TheSillyDoggo.GradientPages
18:46:12 DEBUG [Main] [Geode]:     Check covered
18:46:12 DEBUG [Main] [Geode]:     Check if apply-filter is saved
18:46:12 DEBUG [Main] [Geode]:     Check if apply-credits is saved
18:46:12 DEBUG [Main] [Geode]:     Check if apply-profiles is saved
18:46:12 DEBUG [Main] [Geode]:     Check if apply-unlock is saved
18:46:12 DEBUG [Main] [Geode]:     Check if apply-info-layer is saved
18:46:12 DEBUG [Main] [Geode]:     Check if apply-pagesel is saved
18:46:12 DEBUG [Main] [Geode]:     Check if apply-shards is saved
18:46:12 DEBUG [Main] [Geode]:     Check if apply-demon is saved
18:46:12 DEBUG [Main] [Geode]:     Check if apply-quests is saved
18:46:12 DEBUG [Main] [Geode]:     Check if reverse-order is saved
18:46:12 DEBUG [Main] [Geode]:     Check if use-custom-colours is saved
18:46:12 DEBUG [Main] [Geode]:     Check if primary-colour is saved
18:46:12 DEBUG [Main] [Geode]:     Check if secondary-colour is saved
18:46:12 DEBUG [Main] [Geode]:   thesillydoggo.icon_kit_switcher
18:46:12 DEBUG [Main] [Geode]:     Check covered
18:46:12 ERROR [Main] [Geode]:     Unable to save settings: Unable to open file
18:46:12 ERROR [Main] [Geode]:     Unable to save values: Unable to open file
18:46:12 INFO  [Main] [Geode]:   Took 0.066s
